\BOOKMARK [0][-]{chapter*.1}{\376\377\000A\000b\000s\000t\000r\000a\000c\000t}{}% 1
\BOOKMARK [0][-]{chapter.1}{\376\377\000I\000n\000t\000r\000o\000d\000u\000c\000t\000i\000o\000n}{}% 2
\BOOKMARK [0][-]{chapter.2}{\376\377\000T\000r\000a\000n\000s\000v\000e\000r\000s\000e\000\040\000f\000i\000e\000l\000d\000\040\000I\000s\000i\000n\000g\000\040\000m\000o\000d\000e\000l}{}% 3
\BOOKMARK [1][-]{section.2.1}{\376\377\000Q\000u\000a\000l\000i\000t\000a\000t\000i\000v\000e\000\040\000q\000u\000a\000n\000t\000u\000m\000\040\000p\000h\000a\000s\000e\000\040\000d\000i\000a\000g\000r\000a\000m}{chapter.2}% 4
\BOOKMARK [1][-]{section.2.2}{\376\377\000P\000e\000r\000t\000u\000r\000b\000a\000t\000i\000o\000n\000\040\000t\000h\000e\000o\000r\000y\000\040\000f\000o\000r\000\040\000l\000a\000r\000g\000e\000\040\000a\000n\000d\000\040\000s\000m\000a\000l\000l\000\040\000t\000r\000a\000n\000s\000v\000e\000r\000s\000e\000\040\000f\000i\000e\000l\000d}{chapter.2}% 5
\BOOKMARK [1][-]{section.2.3}{\376\377\000E\000x\000a\000c\000t\000\040\000s\000o\000l\000u\000t\000i\000o\000n\000\040\000i\000n\000\040\000o\000n\000e\000\040\000d\000i\000m\000e\000n\000s\000i\000o\000n}{chapter.2}% 6
\BOOKMARK [0][-]{chapter.3}{\376\377\000T\000e\000n\000s\000o\000r\000\040\000n\000e\000t\000w\000o\000r\000k\000\040\000b\000a\000s\000i\000c\000s}{}% 7
\BOOKMARK [0][-]{chapter.4}{\376\377\000U\000n\000i\000f\000o\000r\000m\000\040\000m\000a\000t\000r\000i\000x\000\040\000p\000r\000o\000d\000u\000c\000t\000\040\000s\000t\000a\000t\000e\000s\000\040\000\050\000u\000M\000P\000S\000\051}{}% 8
\BOOKMARK [1][-]{section.4.1}{\376\377\000P\000r\000i\000m\000i\000t\000i\000v\000i\000t\000y\000,\000\040\000t\000h\000e\000\040\000m\000a\000n\000i\000f\000o\000l\000d\000\040\000a\000n\000d\000\040\000i\000t\000s\000\040\000t\000a\000n\000g\000e\000n\000t\000\040\000s\000p\000a\000c\000e}{chapter.4}% 9
\BOOKMARK [1][-]{section.4.2}{\376\377\000I\000n\000t\000r\000i\000n\000s\000i\000c\000\040\000c\000a\000n\000o\000n\000i\000c\000a\000l\000\040\000f\000o\000r\000m\000\040\000a\000n\000d\000\040\000a\000r\000e\000a\000\040\000l\000a\000w}{chapter.4}% 10
\BOOKMARK [1][-]{section.4.3}{\376\377\000V\000a\000r\000i\000a\000t\000i\000o\000n\000a\000l\000\040\000u\000n\000i\000f\000o\000r\000m\000\040\000m\000a\000t\000r\000i\000x\000\040\000p\000r\000o\000d\000u\000c\000t\000\040\000s\000t\000a\000t\000e\000s\000\040\000\050\000V\000U\000M\000P\000S\000\051}{chapter.4}% 11
\BOOKMARK [1][-]{section.4.4}{\376\377\000V\000a\000r\000i\000a\000t\000i\000o\000n\000a\000l\000\040\000p\000l\000a\000n\000e\000\040\000w\000a\000v\000e\000\040\000e\000x\000c\000i\000t\000a\000t\000i\000o\000n\000s\000\040\000\050\000V\000P\000W\000E\000\051}{chapter.4}% 12
\BOOKMARK [0][-]{chapter.5}{\376\377\000M\000a\000t\000r\000i\000x\000\040\000p\000r\000o\000d\000u\000c\000t\000\040\000s\000t\000a\000t\000e\000s\000\040\000\050\000M\000P\000S\000\051}{}% 13
\BOOKMARK [1][-]{section.5.1}{\376\377\000I\000n\000t\000r\000i\000n\000s\000i\000c\000\040\000c\000a\000n\000o\000n\000i\000c\000a\000l\000\040\000f\000o\000r\000m}{chapter.5}% 14
\BOOKMARK [1][-]{section.5.2}{\376\377\000D\000e\000n\000s\000i\000t\000y\000\040\000m\000a\000t\000r\000i\000x\000\040\000r\000e\000n\000o\000r\000m\000a\000l\000i\000z\000a\000t\000i\000o\000n\000\040\000g\000r\000o\000u\000p\000\040\000\050\000D\000M\000R\000G\000\051}{chapter.5}% 15
\BOOKMARK [1][-]{section.5.3}{\376\377\000V\000a\000r\000i\000a\000t\000i\000o\000n\000a\000l\000\040\000q\000u\000a\000s\000i\000p\000a\000r\000t\000i\000c\000l\000e\000\040\000e\000x\000c\000i\000t\000a\000t\000i\000o\000n\000s\000\040\000\050\000V\000Q\000P\000E\000\051}{chapter.5}% 16
\BOOKMARK [0][-]{chapter.6}{\376\377\000I\000s\000o\000m\000e\000t\000r\000i\000c\000\040\000p\000r\000o\000j\000e\000c\000t\000e\000d\000\040\000e\000n\000t\000a\000n\000g\000l\000e\000d\000\040\000p\000a\000i\000r\000\040\000s\000t\000a\000t\000e\000s\000\040\000\050\000i\000s\000o\000P\000E\000P\000S\000\051}{}% 17
\BOOKMARK [1][-]{section.6.1}{\376\377\000I\000m\000p\000o\000s\000e\000d\000\040\000c\000a\000n\000o\000n\000i\000c\000a\000l\000\040\000f\000o\000r\000m\000\040\000a\000n\000d\000\040\000Y\000a\000n\000g\000-\000B\000a\000x\000t\000e\000r\000\040\000m\000o\000v\000e}{chapter.6}% 18
\BOOKMARK [1][-]{section.6.2}{\376\377\000B\000o\000u\000n\000d\000a\000r\000y\000\040\000c\000o\000m\000p\000r\000e\000s\000s\000i\000o\000n}{chapter.6}% 19
\BOOKMARK [1][-]{section.6.3}{\376\377\000D\000e\000n\000s\000i\000t\000y\000\040\000m\000a\000t\000r\000i\000x\000\040\000r\000e\000n\000o\000r\000m\000a\000l\000i\000z\000a\000t\000i\000o\000n\000\040\000g\000r\000o\000u\000p\000\040\000s\000q\000u\000a\000r\000e\000d\000\040\000\050\000D\000M\000R\000G\0002\000\051}{chapter.6}% 20
\BOOKMARK [1][-]{section.6.4}{\376\377\000V\000a\000r\000i\000a\000t\000i\000o\000n\000a\000l\000\040\000q\000u\000a\000s\000i\000p\000a\000r\000t\000i\000c\000l\000e\000\040\000e\000x\000c\000i\000t\000a\000t\000i\000o\000n\000s}{chapter.6}% 21
\BOOKMARK [0][-]{chapter.7}{\376\377\000C\000o\000n\000c\000l\000u\000s\000i\000o\000n\000\040\000a\000n\000d\000\040\000o\000u\000t\000l\000o\000o\000k}{}% 22
\BOOKMARK [0][-]{appendix.A}{\376\377\000D\000e\000t\000a\000i\000l\000e\000d\000\040\000J\000o\000r\000d\000a\000n\000-\000W\000i\000g\000n\000e\000r\000\040\000a\000n\000d\000\040\000B\000o\000g\000o\000l\000i\000u\000b\000o\000v\000\040\000t\000r\000a\000n\000s\000f\000o\000r\000m\000a\000t\000i\000o\000n}{}% 23
\BOOKMARK [0][-]{appendix.B}{\376\377\000Q\000u\000a\000n\000t\000u\000m\000\040\000c\000h\000a\000n\000n\000e\000l\000s\000\040\000a\000n\000d\000\040\000m\000a\000t\000r\000i\000x\000\040\000p\000r\000o\000d\000u\000c\000t\000\040\000s\000t\000a\000t\000e\000s}{}% 24
\BOOKMARK [0][-]{appendix.C}{\376\377\000E\000x\000t\000e\000n\000s\000i\000v\000e\000\040\000t\000e\000n\000s\000o\000r\000\040\000n\000e\000t\000w\000o\000r\000k\000\040\000d\000i\000a\000g\000r\000a\000m\000s}{}% 25
\BOOKMARK [0][-]{appendix*.20}{\376\377\000B\000i\000b\000l\000i\000o\000g\000r\000a\000p\000h\000y}{}% 26
