Lx = 6, Ly = 6, g = 3.0, D_max = 5, chi_max_c = 30, chi_max_b = 75. 

E0_exact = -227.308603832. 

es = [-26.77375631 -17.92520772 -17.96676698 -17.98540784 -17.99412933
 -17.9956481  -17.99781199 -17.99728019 -17.99982323 -17.99801134
 -27.00462662].
E = -215.63846964782965.
E - E0 = 11.670134184170337.
subtract energy E0_exact evenly from all columns.


DMRGSquared sweep 1 ...
Orthogonality column 0:
- C leg dimensions: [(1, 1, 5, 5), (5, 1, 5, 25), (25, 1, 5, 30), (30, 1, 5, 30), (30, 1, 5, 30), (30, 1, 5, 30), (30, 1, 5, 30), (30, 1, 5, 30), (30, 1, 5, 25), (25, 1, 5, 5), (5, 1, 5, 1)].
- Rh leg dimensions: [(1, 5, 5, 25), (25, 5, 5, 75), (75, 5, 5, 75), (75, 5, 5, 75), (75, 5, 5, 75), (75, 5, 5, 75), (75, 5, 5, 75), (75, 5, 5, 75), (75, 5, 5, 75), (75, 5, 5, 25), (25, 5, 5, 1)].
-> E = <Lh|CC*> + <ALhAL*|CC*|ARhAR*> + <CC*|Rh> = None + None + -8.554751522386983 = -8.554751522386983.
- C_updated leg dimensions: [(1, 1, 5, 5), (5, 1, 5, 25), (25, 1, 5, 30), (30, 1, 5, 30), (30, 1, 5, 30), (30, 1, 5, 30), (30, 1, 5, 30), (30, 1, 5, 30), (30, 1, 5, 25), (25, 1, 5, 5), (5, 1, 5, 1)].
- largest Hermiticity error: 6.424771758165402e-08.
- maximal number of matvec operations: 21.
-> E_updated = -13.28587022639731.
Orthogonality column 1:
- C leg dimensions: [(1, 2, 5, 5), (5, 1, 5, 25), (25, 2, 5, 30), (30, 1, 5, 30), (30, 2, 5, 30), (30, 2, 5, 30), (30, 1, 5, 30), (30, 2, 5, 30), (30, 1, 5, 25), (25, 2, 5, 5), (5, 1, 5, 1)].
- Rh leg dimensions: [(1, 5, 5, 25), (25, 5, 5, 75), (75, 5, 5, 75), (75, 5, 5, 75), (75, 5, 5, 75), (75, 5, 5, 75), (75, 5, 5, 75), (75, 5, 5, 75), (75, 5, 5, 75), (75, 5, 5, 25), (25, 5, 5, 1)].
-> E = <Lh|CC*> + <ALhAL*|CC*|ARhAR*> + <CC*|Rh> = None + 1.1848841223314872 + -17.806977708102178 = -16.622093585770692.
- C_updated leg dimensions: [(1, 2, 5, 10), (10, 1, 5, 30), (30, 2, 5, 30), (30, 1, 5, 30), (30, 2, 5, 30), (30, 2, 5, 30), (30, 1, 5, 30), (30, 2, 5, 30), (30, 1, 5, 30), (30, 2, 5, 5), (5, 1, 5, 1)].
- largest Hermiticity error: 1.6876078137929562e-07.
- maximal number of matvec operations: 31.
-> E_updated = -16.98732174830073.
Orthogonality column 2:
- C leg dimensions: [(1, 2, 5, 10), (10, 2, 5, 30), (30, 2, 5, 30), (30, 2, 5, 30), (30, 2, 5, 30), (30, 4, 5, 30), (30, 2, 5, 30), (30, 2, 5, 30), (30, 2, 5, 30), (30, 2, 5, 5), (5, 2, 5, 1)].
- Lh leg dimensions: [(1, 2, 2, 4), (4, 2, 2, 3), (3, 2, 2, 8), (8, 2, 2, 3), (3, 2, 2, 9), (9, 4, 4, 3), (3, 2, 2, 8), (8, 2, 2, 3), (3, 2, 2, 8), (8, 2, 2, 3), (3, 2, 2, 1)].
- Rh leg dimensions: [(1, 5, 5, 25), (25, 5, 5, 75), (75, 5, 5, 75), (75, 5, 5, 75), (75, 5, 5, 75), (75, 5, 5, 75), (75, 5, 5, 75), (75, 5, 5, 75), (75, 5, 5, 75), (75, 5, 5, 25), (25, 5, 5, 1)].
-> E = <Lh|CC*> + <ALhAL*|CC*|ARhAR*> + <CC*|Rh> = 1.0411881305838062 + 0.8753980901255667 + -21.837889808070564 = -19.92130358736119.
- C_updated leg dimensions: [(1, 2, 5, 10), (10, 2, 5, 30), (30, 2, 5, 30), (30, 2, 5, 30), (30, 2, 5, 30), (30, 4, 5, 30), (30, 2, 5, 30), (30, 2, 5, 30), (30, 2, 5, 30), (30, 2, 5, 10), (10, 2, 5, 1)].
- largest Hermiticity error: 3.316475334890248e-09.
- maximal number of matvec operations: 51.
-> E_updated = -21.13229379772512.
Orthogonality column 3:
- C leg dimensions: [(1, 4, 5, 10), (10, 2, 5, 30), (30, 4, 5, 30), (30, 2, 5, 30), (30, 4, 5, 30), (30, 4, 5, 30), (30, 4, 5, 30), (30, 4, 5, 30), (30, 2, 5, 30), (30, 4, 5, 10), (10, 2, 5, 1)].
- Lh leg dimensions: [(1, 4, 4, 8), (8, 2, 2, 29), (29, 4, 4, 8), (8, 2, 2, 29), (29, 4, 4, 13), (13, 4, 4, 75), (75, 4, 4, 8), (8, 4, 4, 29), (29, 2, 2, 8), (8, 4, 4, 4), (4, 2, 2, 1)].
- Rh leg dimensions: [(1, 5, 5, 25), (25, 5, 5, 75), (75, 5, 5, 75), (75, 5, 5, 75), (75, 5, 5, 75), (75, 5, 5, 75), (75, 5, 5, 75), (75, 5, 5, 75), (75, 5, 5, 75), (75, 5, 5, 25), (25, 5, 5, 1)].
-> E = <Lh|CC*> + <ALhAL*|CC*|ARhAR*> + <CC*|Rh> = 1.0197609594022454 + 0.9284620196526954 + -18.877579654308175 = -16.929356675253235.
- C_updated leg dimensions: [(1, 4, 5, 20), (20, 2, 5, 30), (30, 4, 5, 30), (30, 2, 5, 30), (30, 4, 5, 30), (30, 4, 5, 30), (30, 4, 5, 30), (30, 4, 5, 30), (30, 2, 5, 30), (30, 4, 5, 10), (10, 2, 5, 1)].
- largest Hermiticity error: 1.5002419802716245e-08.
- maximal number of matvec operations: 61.
-> E_updated = -18.186828787725652.
Orthogonality column 4:
- C leg dimensions: [(1, 4, 5, 20), (20, 4, 5, 30), (30, 4, 5, 30), (30, 4, 5, 30), (30, 5, 5, 30), (30, 5, 5, 30), (30, 5, 5, 30), (30, 5, 5, 30), (30, 4, 5, 30), (30, 4, 5, 10), (10, 4, 5, 1)].
- Lh leg dimensions: [(1, 4, 4, 16), (16, 4, 4, 33), (33, 4, 4, 75), (75, 4, 4, 34), (34, 5, 5, 75), (75, 5, 5, 75), (75, 5, 5, 75), (75, 5, 5, 34), (34, 4, 4, 75), (75, 4, 4, 9), (9, 4, 4, 1)].
- Rh leg dimensions: [(1, 5, 5, 25), (25, 5, 5, 75), (75, 5, 5, 75), (75, 5, 5, 75), (75, 5, 5, 75), (75, 5, 5, 75), (75, 5, 5, 75), (75, 5, 5, 75), (75, 5, 5, 75), (75, 5, 5, 25), (25, 5, 5, 1)].
-> E = <Lh|CC*> + <ALhAL*|CC*|ARhAR*> + <CC*|Rh> = 0.9834442930629461 + 0.9394903300822789 + -6.869037533992132 = -4.946102910846907.
- C_updated leg dimensions: [(1, 4, 5, 20), (20, 4, 5, 30), (30, 4, 5, 30), (30, 4, 5, 30), (30, 5, 5, 30), (30, 5, 5, 30), (30, 5, 5, 30), (30, 5, 5, 30), (30, 4, 5, 30), (30, 4, 5, 20), (20, 4, 5, 1)].
- largest Hermiticity error: 1.282375757001729e-08.
- maximal number of matvec operations: 61.
-> E_updated = -6.243673741525149.
Orthogonality column 5:
- C leg dimensions: [(1, 5, 5, 20), (20, 5, 5, 30), (30, 5, 5, 30), (30, 5, 5, 30), (30, 5, 5, 30), (30, 5, 5, 30), (30, 5, 5, 30), (30, 5, 5, 30), (30, 5, 5, 30), (30, 5, 5, 25), (25, 5, 5, 1)].
- Lh leg dimensions: [(1, 5, 5, 24), (24, 5, 5, 75), (75, 5, 5, 75), (75, 5, 5, 75), (75, 5, 5, 75), (75, 5, 5, 75), (75, 5, 5, 75), (75, 5, 5, 75), (75, 5, 5, 75), (75, 5, 5, 25), (25, 5, 5, 1)].
- Rh leg dimensions: [(1, 5, 5, 25), (25, 5, 5, 75), (75, 5, 5, 75), (75, 5, 5, 75), (75, 5, 5, 75), (75, 5, 5, 75), (75, 5, 5, 75), (75, 5, 5, 75), (75, 5, 5, 75), (75, 5, 5, 25), (25, 5, 5, 1)].
-> E = <Lh|CC*> + <ALhAL*|CC*|ARhAR*> + <CC*|Rh> = 0.8414637888051213 + 0.9315879800675432 + 3.0602117711350356 = 4.8332635400076995.
- C_updated leg dimensions: [(1, 5, 5, 25), (25, 5, 5, 30), (30, 5, 5, 30), (30, 5, 5, 30), (30, 5, 5, 30), (30, 5, 5, 30), (30, 5, 5, 30), (30, 5, 5, 30), (30, 5, 5, 30), (30, 5, 5, 25), (25, 5, 5, 1)].
- largest Hermiticity error: 5.5946218483395046e-08.
- maximal number of matvec operations: 61.
-> E_updated = 3.6199639975440348.
Orthogonality column 6:
- C leg dimensions: [(1, 5, 5, 25), (25, 5, 5, 30), (30, 5, 5, 30), (30, 5, 5, 30), (30, 5, 5, 30), (30, 5, 5, 30), (30, 5, 5, 30), (30, 5, 5, 30), (30, 5, 5, 30), (30, 5, 5, 25), (25, 5, 5, 1)].
- Lh leg dimensions: [(1, 5, 5, 25), (25, 5, 5, 75), (75, 5, 5, 75), (75, 5, 5, 75), (75, 5, 5, 75), (75, 5, 5, 75), (75, 5, 5, 75), (75, 5, 5, 75), (75, 5, 5, 75), (75, 5, 5, 25), (25, 5, 5, 1)].
- Rh leg dimensions: [(1, 5, 5, 25), (25, 5, 5, 75), (75, 5, 5, 75), (75, 5, 5, 75), (75, 5, 5, 75), (75, 5, 5, 75), (75, 5, 5, 75), (75, 5, 5, 75), (75, 5, 5, 75), (75, 5, 5, 25), (25, 5, 5, 1)].
-> E = <Lh|CC*> + <ALhAL*|CC*|ARhAR*> + <CC*|Rh> = 0.8795954595196094 + 0.9287368387168082 + 5.865484412471608 = 7.673816710708026.
- C_updated leg dimensions: [(1, 5, 5, 25), (25, 5, 5, 30), (30, 5, 5, 30), (30, 5, 5, 30), (30, 5, 5, 30), (30, 5, 5, 30), (30, 5, 5, 30), (30, 5, 5, 30), (30, 5, 5, 30), (30, 5, 5, 25), (25, 5, 5, 1)].
- largest Hermiticity error: 3.2982565192041906e-08.
- maximal number of matvec operations: 61.
-> E_updated = 6.382380519108701.
Orthogonality column 7:
- C leg dimensions: [(1, 5, 5, 25), (25, 5, 5, 30), (30, 5, 5, 30), (30, 5, 5, 30), (30, 5, 5, 30), (30, 5, 5, 30), (30, 5, 5, 30), (30, 5, 5, 30), (30, 5, 5, 30), (30, 5, 5, 25), (25, 5, 5, 1)].
- Lh leg dimensions: [(1, 5, 5, 25), (25, 5, 5, 75), (75, 5, 5, 75), (75, 5, 5, 75), (75, 5, 5, 75), (75, 5, 5, 75), (75, 5, 5, 75), (75, 5, 5, 75), (75, 5, 5, 75), (75, 5, 5, 25), (25, 5, 5, 1)].
- Rh leg dimensions: [(1, 5, 5, 25), (25, 5, 5, 75), (75, 5, 5, 75), (75, 5, 5, 75), (75, 5, 5, 75), (75, 5, 5, 75), (75, 5, 5, 75), (75, 5, 5, 75), (75, 5, 5, 75), (75, 5, 5, 25), (25, 5, 5, 1)].
-> E = <Lh|CC*> + <ALhAL*|CC*|ARhAR*> + <CC*|Rh> = 0.8512444852033555 + 0.9205971694160043 + 5.858330905904994 = 7.630172560524354.
- C_updated leg dimensions: [(1, 5, 5, 25), (25, 5, 5, 30), (30, 5, 5, 30), (30, 5, 5, 30), (30, 5, 5, 30), (30, 5, 5, 30), (30, 5, 5, 30), (30, 5, 5, 30), (30, 5, 5, 30), (30, 5, 5, 25), (25, 5, 5, 1)].
- largest Hermiticity error: 1.293188520361582e-08.
- maximal number of matvec operations: 51.
-> E_updated = 5.527080484118068.
Orthogonality column 8:
- C leg dimensions: [(1, 5, 4, 20), (20, 5, 4, 30), (30, 5, 4, 30), (30, 5, 4, 30), (30, 5, 4, 30), (30, 5, 4, 30), (30, 5, 4, 30), (30, 5, 4, 30), (30, 5, 4, 30), (30, 5, 5, 25), (25, 5, 5, 1)].
- Lh leg dimensions: [(1, 5, 5, 25), (25, 5, 5, 75), (75, 5, 5, 75), (75, 5, 5, 75), (75, 5, 5, 75), (75, 5, 5, 75), (75, 5, 5, 75), (75, 5, 5, 75), (75, 5, 5, 75), (75, 5, 5, 25), (25, 5, 5, 1)].
- Rh leg dimensions: [(1, 4, 4, 9), (9, 4, 4, 75), (75, 4, 4, 32), (32, 4, 4, 75), (75, 4, 4, 32), (32, 4, 4, 75), (75, 4, 4, 32), (32, 4, 4, 75), (75, 4, 4, 32), (32, 5, 5, 25), (25, 5, 5, 1)].
-> E = <Lh|CC*> + <ALhAL*|CC*|ARhAR*> + <CC*|Rh> = 0.7824015985120422 + 0.6501568621705321 + 3.4286876298086795 = 4.861246090491254.
- C_updated leg dimensions: [(1, 5, 4, 20), (20, 5, 4, 30), (30, 5, 4, 30), (30, 5, 4, 30), (30, 5, 4, 30), (30, 5, 4, 30), (30, 5, 4, 30), (30, 5, 4, 30), (30, 5, 4, 30), (30, 5, 5, 25), (25, 5, 5, 1)].
- largest Hermiticity error: 5.348352565024407e-09.
- maximal number of matvec operations: 61.
-> E_updated = 1.8498126344984311.
Orthogonality column 9:
- C leg dimensions: [(1, 5, 2, 20), (20, 5, 4, 30), (30, 5, 2, 30), (30, 5, 4, 30), (30, 5, 2, 30), (30, 5, 4, 30), (30, 5, 2, 30), (30, 5, 4, 30), (30, 5, 2, 30), (30, 5, 4, 25), (25, 5, 5, 1)].
- Lh leg dimensions: [(1, 5, 5, 25), (25, 5, 5, 75), (75, 5, 5, 75), (75, 5, 5, 75), (75, 5, 5, 75), (75, 5, 5, 75), (75, 5, 5, 75), (75, 5, 5, 75), (75, 5, 5, 75), (75, 5, 5, 25), (25, 5, 5, 1)].
- Rh leg dimensions: [(1, 2, 2, 4), (4, 4, 4, 8), (8, 2, 2, 29), (29, 4, 4, 8), (8, 2, 2, 29), (29, 4, 4, 8), (8, 2, 2, 29), (29, 4, 4, 8), (8, 2, 2, 29), (29, 4, 4, 13), (13, 5, 5, 1)].
-> E = <Lh|CC*> + <ALhAL*|CC*|ARhAR*> + <CC*|Rh> = 1.1140829958481804 + 0.09259113198678877 + 1.159331107029965 = 2.366005234864934.
- C_updated leg dimensions: [(1, 5, 2, 10), (10, 5, 4, 30), (30, 5, 2, 30), (30, 5, 4, 30), (30, 5, 2, 30), (30, 5, 4, 30), (30, 5, 2, 30), (30, 5, 4, 30), (30, 5, 2, 30), (30, 5, 4, 25), (25, 5, 5, 1)].
- largest Hermiticity error: 4.074419385388831e-09.
- maximal number of matvec operations: 61.
-> E_updated = 1.4302014916999173.
Orthogonality column 10:
- C leg dimensions: [(1, 5, 2, 10), (10, 5, 2, 30), (30, 5, 2, 30), (30, 5, 2, 30), (30, 5, 2, 30), (30, 5, 2, 30), (30, 5, 2, 30), (30, 5, 2, 30), (30, 5, 2, 30), (30, 5, 2, 25), (25, 5, 4, 1)].
- Lh leg dimensions: [(1, 5, 5, 25), (25, 5, 5, 75), (75, 5, 5, 75), (75, 5, 5, 75), (75, 5, 5, 75), (75, 5, 5, 75), (75, 5, 5, 75), (75, 5, 5, 75), (75, 5, 5, 75), (75, 5, 5, 25), (25, 5, 5, 1)].
- Rh leg dimensions: [(1, 2, 2, 3), (3, 2, 2, 8), (8, 2, 2, 3), (3, 2, 2, 8), (8, 2, 2, 3), (3, 2, 2, 8), (8, 2, 2, 3), (3, 2, 2, 8), (8, 2, 2, 3), (3, 2, 2, 9), (9, 4, 4, 1)].
-> E = <Lh|CC*> + <ALhAL*|CC*|ARhAR*> + <CC*|Rh> = 1.0981088644353323 + -0.023743981658209023 + 0.5841185862410351 = 1.6584834690181585.
- C_updated leg dimensions: [(1, 5, 2, 10), (10, 5, 2, 30), (30, 5, 2, 30), (30, 5, 2, 30), (30, 5, 2, 30), (30, 5, 2, 30), (30, 5, 2, 30), (30, 5, 2, 30), (30, 5, 2, 30), (30, 5, 2, 20), (20, 5, 4, 1)].
- largest Hermiticity error: 3.6042894258332447e-09.
- maximal number of matvec operations: 51.
-> E_updated = 1.355952994504284.
Orthogonality column 11:
- C leg dimensions: [(1, 5, 1, 10), (10, 5, 2, 30), (30, 5, 1, 30), (30, 5, 2, 30), (30, 5, 1, 30), (30, 5, 2, 30), (30, 5, 1, 30), (30, 5, 2, 30), (30, 5, 1, 30), (30, 5, 2, 10), (10, 5, 2, 1)].
- Lh leg dimensions: [(1, 5, 5, 25), (25, 5, 5, 75), (75, 5, 5, 75), (75, 5, 5, 75), (75, 5, 5, 75), (75, 5, 5, 75), (75, 5, 5, 75), (75, 5, 5, 75), (75, 5, 5, 75), (75, 5, 5, 25), (25, 5, 5, 1)].
-> E = <Lh|CC*> + <ALhAL*|CC*|ARhAR*> + <CC*|Rh> = 1.6282624294155357 + 0.5545719902899215 + None = 2.182834419705457.
- C_updated leg dimensions: [(1, 5, 1, 5), (5, 5, 2, 30), (30, 5, 1, 30), (30, 5, 2, 30), (30, 5, 1, 30), (30, 5, 2, 30), (30, 5, 1, 30), (30, 5, 2, 30), (30, 5, 1, 30), (30, 5, 2, 10), (10, 5, 2, 1)].
- largest Hermiticity error: 7.780578694603041e-07.
- maximal number of matvec operations: 51.
-> E_updated = 2.056141992007257.
Orthogonality column 12:
- C leg dimensions: [(1, 5, 1, 5), (5, 5, 1, 25), (25, 5, 1, 30), (30, 5, 1, 30), (30, 5, 1, 30), (30, 5, 1, 30), (30, 5, 1, 30), (30, 5, 1, 30), (30, 5, 1, 30), (30, 5, 1, 10), (10, 5, 1, 1)].
- Lh leg dimensions: [(1, 5, 5, 25), (25, 5, 5, 75), (75, 5, 5, 75), (75, 5, 5, 75), (75, 5, 5, 75), (75, 5, 5, 75), (75, 5, 5, 75), (75, 5, 5, 75), (75, 5, 5, 75), (75, 5, 5, 25), (25, 5, 5, 1)].
-> E = <Lh|CC*> + <ALhAL*|CC*|ARhAR*> + <CC*|Rh> = 2.3232753704279605 + None + None = 2.3232753704279605.
- C_updated leg dimensions: [(1, 5, 1, 5), (5, 5, 1, 25), (25, 5, 1, 30), (30, 5, 1, 30), (30, 5, 1, 30), (30, 5, 1, 30), (30, 5, 1, 30), (30, 5, 1, 30), (30, 5, 1, 25), (25, 5, 1, 5), (5, 5, 1, 1)].
- largest Hermiticity error: 5.57619993940562e-07.
- maximal number of matvec operations: 51.
-> E_updated = 2.177673482995813.
Orthogonality column 11:
- C leg dimensions: [(1, 5, 1, 5), (5, 5, 2, 25), (25, 5, 1, 30), (30, 5, 2, 30), (30, 5, 1, 30), (30, 5, 2, 30), (30, 5, 2, 30), (30, 5, 1, 30), (30, 5, 2, 25), (25, 5, 1, 5), (5, 5, 2, 1)].
- Lh leg dimensions: [(1, 5, 5, 25), (25, 5, 5, 75), (75, 5, 5, 75), (75, 5, 5, 75), (75, 5, 5, 75), (75, 5, 5, 75), (75, 5, 5, 75), (75, 5, 5, 75), (75, 5, 5, 75), (75, 5, 5, 25), (25, 5, 5, 1)].
-> E = <Lh|CC*> + <ALhAL*|CC*|ARhAR*> + <CC*|Rh> = 1.6238448455521315 + 0.5836975703455425 + None = 2.2075424158976737.
- C_updated leg dimensions: [(1, 5, 1, 5), (5, 5, 2, 30), (30, 5, 1, 30), (30, 5, 2, 30), (30, 5, 1, 30), (30, 5, 2, 30), (30, 5, 2, 30), (30, 5, 1, 30), (30, 5, 2, 30), (30, 5, 1, 10), (10, 5, 2, 1)].
- largest Hermiticity error: 9.050303929506458e-07.
- maximal number of matvec operations: 51.
-> E_updated = 2.056129881572266.
Orthogonality column 10:
- C leg dimensions: [(1, 5, 2, 5), (5, 5, 2, 30), (30, 5, 2, 30), (30, 5, 2, 30), (30, 5, 2, 30), (30, 5, 4, 30), (30, 5, 2, 30), (30, 5, 2, 30), (30, 5, 2, 30), (30, 5, 2, 10), (10, 5, 2, 1)].
- Lh leg dimensions: [(1, 5, 5, 25), (25, 5, 5, 75), (75, 5, 5, 75), (75, 5, 5, 75), (75, 5, 5, 75), (75, 5, 5, 75), (75, 5, 5, 75), (75, 5, 5, 75), (75, 5, 5, 75), (75, 5, 5, 25), (25, 5, 5, 1)].
- Rh leg dimensions: [(1, 2, 2, 3), (3, 2, 2, 8), (8, 2, 2, 3), (3, 2, 2, 8), (8, 2, 2, 3), (3, 4, 4, 9), (9, 2, 2, 3), (3, 2, 2, 8), (8, 2, 2, 3), (3, 2, 2, 4), (4, 2, 2, 1)].
-> E = <Lh|CC*> + <ALhAL*|CC*|ARhAR*> + <CC*|Rh> = 1.031349278934722 + -0.10076684437991622 + 0.5670678496879082 = 1.497650284242714.
- C_updated leg dimensions: [(1, 5, 2, 10), (10, 5, 2, 30), (30, 5, 2, 30), (30, 5, 2, 30), (30, 5, 2, 30), (30, 5, 4, 30), (30, 5, 2, 30), (30, 5, 2, 30), (30, 5, 2, 30), (30, 5, 2, 10), (10, 5, 2, 1)].
- largest Hermiticity error: 3.075759174458096e-09.
- maximal number of matvec operations: 51.
-> E_updated = 1.3542261910031235.
Orthogonality column 9:
- C leg dimensions: [(1, 5, 2, 10), (10, 5, 4, 30), (30, 5, 2, 30), (30, 5, 4, 30), (30, 5, 4, 30), (30, 5, 4, 30), (30, 5, 4, 30), (30, 5, 2, 30), (30, 5, 4, 30), (30, 5, 2, 10), (10, 5, 4, 1)].
- Lh leg dimensions: [(1, 5, 5, 25), (25, 5, 5, 75), (75, 5, 5, 75), (75, 5, 5, 75), (75, 5, 5, 75), (75, 5, 5, 75), (75, 5, 5, 75), (75, 5, 5, 75), (75, 5, 5, 75), (75, 5, 5, 25), (25, 5, 5, 1)].
- Rh leg dimensions: [(1, 2, 2, 4), (4, 4, 4, 8), (8, 2, 2, 29), (29, 4, 4, 8), (8, 4, 4, 75), (75, 4, 4, 13), (13, 4, 4, 29), (29, 2, 2, 8), (8, 4, 4, 29), (29, 2, 2, 8), (8, 4, 4, 1)].
-> E = <Lh|CC*> + <ALhAL*|CC*|ARhAR*> + <CC*|Rh> = 1.0172441251106141 + -0.08750489974365117 + 0.45111483996230034 = 1.3808540653292634.
- C_updated leg dimensions: [(1, 5, 2, 10), (10, 5, 4, 30), (30, 5, 2, 30), (30, 5, 4, 30), (30, 5, 4, 30), (30, 5, 4, 30), (30, 5, 4, 30), (30, 5, 2, 30), (30, 5, 4, 30), (30, 5, 2, 20), (20, 5, 4, 1)].
- largest Hermiticity error: 3.781543075413407e-09.
- maximal number of matvec operations: 51.
-> E_updated = 1.226457558086769.
Orthogonality column 8:
- C leg dimensions: [(1, 5, 4, 10), (10, 5, 4, 30), (30, 5, 4, 30), (30, 5, 5, 30), (30, 5, 5, 30), (30, 5, 5, 30), (30, 5, 5, 30), (30, 5, 4, 30), (30, 5, 4, 30), (30, 5, 4, 20), (20, 5, 4, 1)].
- Lh leg dimensions: [(1, 5, 5, 25), (25, 5, 5, 75), (75, 5, 5, 75), (75, 5, 5, 75), (75, 5, 5, 75), (75, 5, 5, 75), (75, 5, 5, 75), (75, 5, 5, 75), (75, 5, 5, 75), (75, 5, 5, 25), (25, 5, 5, 1)].
- Rh leg dimensions: [(1, 4, 4, 9), (9, 4, 4, 75), (75, 4, 4, 33), (33, 5, 5, 75), (75, 5, 5, 75), (75, 5, 5, 75), (75, 5, 5, 33), (33, 4, 4, 75), (75, 4, 4, 33), (33, 4, 4, 16), (16, 4, 4, 1)].
-> E = <Lh|CC*> + <ALhAL*|CC*|ARhAR*> + <CC*|Rh> = 0.707001063326864 + -0.104368216517015 + 0.36121575551826707 = 0.9638486023281161.
- C_updated leg dimensions: [(1, 5, 4, 20), (20, 5, 4, 30), (30, 5, 4, 30), (30, 5, 5, 30), (30, 5, 5, 30), (30, 5, 5, 30), (30, 5, 5, 30), (30, 5, 4, 30), (30, 5, 4, 30), (30, 5, 4, 20), (20, 5, 4, 1)].
- largest Hermiticity error: 4.168475141543093e-09.
- maximal number of matvec operations: 61.
-> E_updated = 0.7081512128539992.
Orthogonality column 7:
- C leg dimensions: [(1, 5, 5, 25), (25, 5, 5, 30), (30, 5, 5, 30), (30, 5, 5, 30), (30, 5, 5, 30), (30, 5, 5, 30), (30, 5, 5, 30), (30, 5, 5, 30), (30, 5, 5, 30), (30, 5, 5, 20), (20, 5, 5, 1)].
- Lh leg dimensions: [(1, 5, 5, 25), (25, 5, 5, 75), (75, 5, 5, 75), (75, 5, 5, 75), (75, 5, 5, 75), (75, 5, 5, 75), (75, 5, 5, 75), (75, 5, 5, 75), (75, 5, 5, 75), (75, 5, 5, 25), (25, 5, 5, 1)].
- Rh leg dimensions: [(1, 5, 5, 25), (25, 5, 5, 75), (75, 5, 5, 75), (75, 5, 5, 75), (75, 5, 5, 75), (75, 5, 5, 75), (75, 5, 5, 75), (75, 5, 5, 75), (75, 5, 5, 75), (75, 5, 5, 24), (24, 5, 5, 1)].
-> E = <Lh|CC*> + <ALhAL*|CC*|ARhAR*> + <CC*|Rh> = 0.44862094547289955 + 0.08058124692915102 + 0.2593853099365675 = 0.7885875023386181.
- C_updated leg dimensions: [(1, 5, 5, 25), (25, 5, 5, 30), (30, 5, 5, 30), (30, 5, 5, 30), (30, 5, 5, 30), (30, 5, 5, 30), (30, 5, 5, 30), (30, 5, 5, 30), (30, 5, 5, 30), (30, 5, 5, 25), (25, 5, 5, 1)].
- largest Hermiticity error: 1.9785995902069205e-08.
- maximal number of matvec operations: 61.
-> E_updated = 0.4005734285368937.
Orthogonality column 6:
- C leg dimensions: [(1, 5, 5, 25), (25, 5, 5, 30), (30, 5, 5, 30), (30, 5, 5, 30), (30, 5, 5, 30), (30, 5, 5, 30), (30, 5, 5, 30), (30, 5, 5, 30), (30, 5, 5, 30), (30, 5, 5, 25), (25, 5, 5, 1)].
- Lh leg dimensions: [(1, 5, 5, 25), (25, 5, 5, 75), (75, 5, 5, 75), (75, 5, 5, 75), (75, 5, 5, 75), (75, 5, 5, 75), (75, 5, 5, 75), (75, 5, 5, 75), (75, 5, 5, 75), (75, 5, 5, 25), (25, 5, 5, 1)].
- Rh leg dimensions: [(1, 5, 5, 25), (25, 5, 5, 75), (75, 5, 5, 75), (75, 5, 5, 75), (75, 5, 5, 75), (75, 5, 5, 75), (75, 5, 5, 75), (75, 5, 5, 75), (75, 5, 5, 75), (75, 5, 5, 25), (25, 5, 5, 1)].
-> E = <Lh|CC*> + <ALhAL*|CC*|ARhAR*> + <CC*|Rh> = 0.3204211343567335 + 0.12243372350430241 + 0.3090423295141168 = 0.7518971873751528.
- C_updated leg dimensions: [(1, 5, 5, 25), (25, 5, 5, 30), (30, 5, 5, 30), (30, 5, 5, 30), (30, 5, 5, 30), (30, 5, 5, 30), (30, 5, 5, 30), (30, 5, 5, 30), (30, 5, 5, 30), (30, 5, 5, 25), (25, 5, 5, 1)].
- largest Hermiticity error: 2.5689731968477743e-08.
- maximal number of matvec operations: 61.
-> E_updated = 0.37564515928636066.
Orthogonality column 5:
- C leg dimensions: [(1, 5, 5, 25), (25, 5, 5, 30), (30, 5, 5, 30), (30, 5, 5, 30), (30, 5, 5, 30), (30, 5, 5, 30), (30, 5, 5, 30), (30, 5, 5, 30), (30, 5, 5, 30), (30, 5, 5, 25), (25, 5, 5, 1)].
- Lh leg dimensions: [(1, 5, 5, 24), (24, 5, 5, 75), (75, 5, 5, 75), (75, 5, 5, 75), (75, 5, 5, 75), (75, 5, 5, 75), (75, 5, 5, 75), (75, 5, 5, 75), (75, 5, 5, 75), (75, 5, 5, 25), (25, 5, 5, 1)].
- Rh leg dimensions: [(1, 5, 5, 25), (25, 5, 5, 75), (75, 5, 5, 75), (75, 5, 5, 75), (75, 5, 5, 75), (75, 5, 5, 75), (75, 5, 5, 75), (75, 5, 5, 75), (75, 5, 5, 75), (75, 5, 5, 25), (25, 5, 5, 1)].
-> E = <Lh|CC*> + <ALhAL*|CC*|ARhAR*> + <CC*|Rh> = 0.12835588895961403 + -0.025597165464276712 + 0.35624429820928466 = 0.459003021704622.
- C_updated leg dimensions: [(1, 5, 5, 25), (25, 5, 5, 30), (30, 5, 5, 30), (30, 5, 5, 30), (30, 5, 5, 30), (30, 5, 5, 30), (30, 5, 5, 30), (30, 5, 5, 30), (30, 5, 5, 30), (30, 5, 5, 25), (25, 5, 5, 1)].
- largest Hermiticity error: 1.1715964050846469e-08.
- maximal number of matvec operations: 71.
-> E_updated = 0.24589437267281367.
Orthogonality column 4:
- C leg dimensions: [(1, 4, 5, 20), (20, 4, 5, 30), (30, 4, 5, 30), (30, 4, 5, 30), (30, 5, 5, 30), (30, 5, 5, 30), (30, 5, 5, 30), (30, 5, 5, 30), (30, 4, 5, 30), (30, 4, 5, 20), (20, 4, 5, 1)].
- Lh leg dimensions: [(1, 4, 4, 16), (16, 4, 4, 33), (33, 4, 4, 75), (75, 4, 4, 34), (34, 5, 5, 75), (75, 5, 5, 75), (75, 5, 5, 75), (75, 5, 5, 34), (34, 4, 4, 75), (75, 4, 4, 9), (9, 4, 4, 1)].
- Rh leg dimensions: [(1, 5, 5, 25), (25, 5, 5, 75), (75, 5, 5, 75), (75, 5, 5, 75), (75, 5, 5, 75), (75, 5, 5, 75), (75, 5, 5, 75), (75, 5, 5, 75), (75, 5, 5, 75), (75, 5, 5, 25), (25, 5, 5, 1)].
-> E = <Lh|CC*> + <ALhAL*|CC*|ARhAR*> + <CC*|Rh> = 0.08462091812271194 + -0.0708569677498338 + 0.3166176876200831 = 0.3303816379929612.
- C_updated leg dimensions: [(1, 4, 5, 20), (20, 4, 5, 30), (30, 4, 5, 30), (30, 4, 5, 30), (30, 5, 5, 30), (30, 5, 5, 30), (30, 5, 5, 30), (30, 5, 5, 30), (30, 4, 5, 30), (30, 4, 5, 20), (20, 4, 5, 1)].
- largest Hermiticity error: 9.119670665472102e-09.
- maximal number of matvec operations: 71.
-> E_updated = 0.19895270300061169.
Orthogonality column 3:
- C leg dimensions: [(1, 4, 5, 20), (20, 2, 5, 30), (30, 4, 5, 30), (30, 2, 5, 30), (30, 4, 5, 30), (30, 4, 5, 30), (30, 4, 5, 30), (30, 4, 5, 30), (30, 2, 5, 30), (30, 4, 5, 10), (10, 2, 5, 1)].
- Lh leg dimensions: [(1, 4, 4, 8), (8, 2, 2, 29), (29, 4, 4, 8), (8, 2, 2, 29), (29, 4, 4, 13), (13, 4, 4, 75), (75, 4, 4, 8), (8, 4, 4, 29), (29, 2, 2, 8), (8, 4, 4, 4), (4, 2, 2, 1)].
- Rh leg dimensions: [(1, 5, 5, 25), (25, 5, 5, 75), (75, 5, 5, 75), (75, 5, 5, 75), (75, 5, 5, 75), (75, 5, 5, 75), (75, 5, 5, 75), (75, 5, 5, 75), (75, 5, 5, 75), (75, 5, 5, 25), (25, 5, 5, 1)].
-> E = <Lh|CC*> + <ALhAL*|CC*|ARhAR*> + <CC*|Rh> = 0.1437958671941529 + -0.1130146038911811 + 0.3117753386334124 = 0.3425566019363842.
- C_updated leg dimensions: [(1, 4, 5, 20), (20, 2, 5, 30), (30, 4, 5, 30), (30, 2, 5, 30), (30, 4, 5, 30), (30, 4, 5, 30), (30, 4, 5, 30), (30, 4, 5, 30), (30, 2, 5, 30), (30, 4, 5, 10), (10, 2, 5, 1)].
- largest Hermiticity error: 8.47005143301727e-09.
- maximal number of matvec operations: 71.
-> E_updated = 0.27518130707114347.
Orthogonality column 2:
- C leg dimensions: [(1, 2, 5, 10), (10, 2, 5, 30), (30, 2, 5, 30), (30, 2, 5, 30), (30, 2, 5, 30), (30, 4, 5, 30), (30, 2, 5, 30), (30, 2, 5, 30), (30, 2, 5, 30), (30, 2, 5, 10), (10, 2, 5, 1)].
- Lh leg dimensions: [(1, 2, 2, 4), (4, 2, 2, 3), (3, 2, 2, 8), (8, 2, 2, 3), (3, 2, 2, 9), (9, 4, 4, 3), (3, 2, 2, 8), (8, 2, 2, 3), (3, 2, 2, 8), (8, 2, 2, 3), (3, 2, 2, 1)].
- Rh leg dimensions: [(1, 5, 5, 25), (25, 5, 5, 75), (75, 5, 5, 75), (75, 5, 5, 75), (75, 5, 5, 75), (75, 5, 5, 75), (75, 5, 5, 75), (75, 5, 5, 75), (75, 5, 5, 75), (75, 5, 5, 25), (25, 5, 5, 1)].
-> E = <Lh|CC*> + <ALhAL*|CC*|ARhAR*> + <CC*|Rh> = 0.3159001931594812 + -0.17550436990720128 + 0.4425116343766274 = 0.5829074576289073.
- C_updated leg dimensions: [(1, 2, 5, 10), (10, 2, 5, 30), (30, 2, 5, 30), (30, 2, 5, 30), (30, 2, 5, 30), (30, 4, 5, 30), (30, 2, 5, 30), (30, 2, 5, 30), (30, 2, 5, 30), (30, 2, 5, 10), (10, 2, 5, 1)].
- largest Hermiticity error: 5.113785208428492e-09.
- maximal number of matvec operations: 61.
-> E_updated = 0.5036527934303119.
Orthogonality column 1:
- C leg dimensions: [(1, 2, 5, 10), (10, 1, 5, 30), (30, 2, 5, 30), (30, 1, 5, 30), (30, 2, 5, 30), (30, 2, 5, 30), (30, 1, 5, 30), (30, 2, 5, 30), (30, 1, 5, 30), (30, 2, 5, 5), (5, 1, 5, 1)].
- Rh leg dimensions: [(1, 5, 5, 25), (25, 5, 5, 75), (75, 5, 5, 75), (75, 5, 5, 75), (75, 5, 5, 75), (75, 5, 5, 75), (75, 5, 5, 75), (75, 5, 5, 75), (75, 5, 5, 75), (75, 5, 5, 25), (25, 5, 5, 1)].
-> E = <Lh|CC*> + <ALhAL*|CC*|ARhAR*> + <CC*|Rh> = None + 0.31903073175328617 + 0.4140937517989257 = 0.7331244835522119.
- C_updated leg dimensions: [(1, 2, 5, 10), (10, 1, 5, 30), (30, 2, 5, 30), (30, 1, 5, 30), (30, 2, 5, 30), (30, 2, 5, 30), (30, 1, 5, 30), (30, 2, 5, 30), (30, 1, 5, 30), (30, 2, 5, 5), (5, 1, 5, 1)].
- largest Hermiticity error: 4.694203960786326e-09.
- maximal number of matvec operations: 61.
-> E_updated = 0.6539831158411092.
Orthogonality column 0:
- C leg dimensions: [(1, 1, 5, 5), (5, 1, 5, 25), (25, 1, 5, 30), (30, 1, 5, 30), (30, 1, 5, 30), (30, 1, 5, 30), (30, 1, 5, 30), (30, 1, 5, 30), (30, 1, 5, 30), (30, 1, 5, 5), (5, 1, 5, 1)].
- Rh leg dimensions: [(1, 5, 5, 25), (25, 5, 5, 75), (75, 5, 5, 75), (75, 5, 5, 75), (75, 5, 5, 75), (75, 5, 5, 75), (75, 5, 5, 75), (75, 5, 5, 75), (75, 5, 5, 75), (75, 5, 5, 25), (25, 5, 5, 1)].
-> E = <Lh|CC*> + <ALhAL*|CC*|ARhAR*> + <CC*|Rh> = None + None + 0.8663292477010563 = 0.8663292477010563.
- C_updated leg dimensions: [(1, 1, 5, 5), (5, 1, 5, 25), (25, 1, 5, 30), (30, 1, 5, 30), (30, 1, 5, 30), (30, 1, 5, 30), (30, 1, 5, 30), (30, 1, 5, 30), (30, 1, 5, 25), (25, 1, 5, 5), (5, 1, 5, 1)].
- largest Hermiticity error: 3.0117031736974996e-08.
- maximal number of matvec operations: 51.
-> E_updated = 0.7749643524893446.
=> <H> - E0 = 0.1810467397914408.

DMRGSquared sweep 2 ...
Orthogonality column 0:
- C leg dimensions: [(1, 1, 5, 5), (5, 1, 5, 25), (25, 1, 5, 30), (30, 1, 5, 30), (30, 1, 5, 30), (30, 1, 5, 30), (30, 1, 5, 30), (30, 1, 5, 30), (30, 1, 5, 25), (25, 1, 5, 5), (5, 1, 5, 1)].
- Rh leg dimensions: [(1, 5, 5, 25), (25, 5, 5, 75), (75, 5, 5, 75), (75, 5, 5, 75), (75, 5, 5, 75), (75, 5, 5, 75), (75, 5, 5, 75), (75, 5, 5, 75), (75, 5, 5, 75), (75, 5, 5, 25), (25, 5, 5, 1)].
-> E = <Lh|CC*> + <ALhAL*|CC*|ARhAR*> + <CC*|Rh> = None + None + 0.77496435248921 = 0.77496435248921.
- C_updated leg dimensions: [(1, 1, 5, 5), (5, 1, 5, 25), (25, 1, 5, 30), (30, 1, 5, 30), (30, 1, 5, 30), (30, 1, 5, 30), (30, 1, 5, 30), (30, 1, 5, 30), (30, 1, 5, 25), (25, 1, 5, 5), (5, 1, 5, 1)].
- largest Hermiticity error: 2.001804142029215e-08.
- maximal number of matvec operations: 41.
-> E_updated = 0.7749643524990882.
Orthogonality column 1:
- C leg dimensions: [(1, 2, 5, 5), (5, 1, 5, 25), (25, 2, 5, 30), (30, 1, 5, 30), (30, 2, 5, 30), (30, 2, 5, 30), (30, 1, 5, 30), (30, 2, 5, 30), (30, 1, 5, 25), (25, 2, 5, 5), (5, 1, 5, 1)].
- Rh leg dimensions: [(1, 5, 5, 25), (25, 5, 5, 75), (75, 5, 5, 75), (75, 5, 5, 75), (75, 5, 5, 75), (75, 5, 5, 75), (75, 5, 5, 75), (75, 5, 5, 75), (75, 5, 5, 75), (75, 5, 5, 25), (25, 5, 5, 1)].
-> E = <Lh|CC*> + <ALhAL*|CC*|ARhAR*> + <CC*|Rh> = None + 0.3287387407040077 + 0.42011363256137985 = 0.7488523732653876.
- C_updated leg dimensions: [(1, 2, 5, 10), (10, 1, 5, 30), (30, 2, 5, 30), (30, 1, 5, 30), (30, 2, 5, 30), (30, 2, 5, 30), (30, 1, 5, 30), (30, 2, 5, 30), (30, 1, 5, 30), (30, 2, 5, 5), (5, 1, 5, 1)].
- largest Hermiticity error: 5.611981385330629e-09.
- maximal number of matvec operations: 61.
-> E_updated = 0.6539831158435335.
Orthogonality column 2:
- C leg dimensions: [(1, 2, 5, 10), (10, 2, 5, 30), (30, 2, 5, 30), (30, 2, 5, 30), (30, 2, 5, 30), (30, 4, 5, 30), (30, 2, 5, 30), (30, 2, 5, 30), (30, 2, 5, 30), (30, 2, 5, 5), (5, 2, 5, 1)].
- Lh leg dimensions: [(1, 2, 2, 4), (4, 2, 2, 3), (3, 2, 2, 8), (8, 2, 2, 3), (3, 2, 2, 9), (9, 4, 4, 3), (3, 2, 2, 8), (8, 2, 2, 3), (3, 2, 2, 8), (8, 2, 2, 3), (3, 2, 2, 1)].
- Rh leg dimensions: [(1, 5, 5, 25), (25, 5, 5, 75), (75, 5, 5, 75), (75, 5, 5, 75), (75, 5, 5, 75), (75, 5, 5, 75), (75, 5, 5, 75), (75, 5, 5, 75), (75, 5, 5, 75), (75, 5, 5, 25), (25, 5, 5, 1)].
-> E = <Lh|CC*> + <ALhAL*|CC*|ARhAR*> + <CC*|Rh> = 0.3237823769174781 + -0.18189073800329922 + 0.44887580417879264 = 0.5907674430929715.
- C_updated leg dimensions: [(1, 2, 5, 10), (10, 2, 5, 30), (30, 2, 5, 30), (30, 2, 5, 30), (30, 2, 5, 30), (30, 4, 5, 30), (30, 2, 5, 30), (30, 2, 5, 30), (30, 2, 5, 30), (30, 2, 5, 10), (10, 2, 5, 1)].
- largest Hermiticity error: 4.836461491910336e-09.
- maximal number of matvec operations: 61.
-> E_updated = 0.5033788090858261.
Orthogonality column 3:
- C leg dimensions: [(1, 4, 5, 10), (10, 2, 5, 30), (30, 4, 5, 30), (30, 2, 5, 30), (30, 4, 5, 30), (30, 4, 5, 30), (30, 4, 5, 30), (30, 4, 5, 30), (30, 2, 5, 30), (30, 4, 5, 10), (10, 2, 5, 1)].
- Lh leg dimensions: [(1, 4, 4, 8), (8, 2, 2, 29), (29, 4, 4, 8), (8, 2, 2, 29), (29, 4, 4, 13), (13, 4, 4, 75), (75, 4, 4, 8), (8, 4, 4, 29), (29, 2, 2, 8), (8, 4, 4, 4), (4, 2, 2, 1)].
- Rh leg dimensions: [(1, 5, 5, 25), (25, 5, 5, 75), (75, 5, 5, 75), (75, 5, 5, 75), (75, 5, 5, 75), (75, 5, 5, 75), (75, 5, 5, 75), (75, 5, 5, 75), (75, 5, 5, 75), (75, 5, 5, 25), (25, 5, 5, 1)].
-> E = <Lh|CC*> + <ALhAL*|CC*|ARhAR*> + <CC*|Rh> = 0.13709040639585862 + -0.10763347218368248 + 0.33147995528850527 = 0.3609368895006814.
- C_updated leg dimensions: [(1, 4, 5, 20), (20, 2, 5, 30), (30, 4, 5, 30), (30, 2, 5, 30), (30, 4, 5, 30), (30, 4, 5, 30), (30, 4, 5, 30), (30, 4, 5, 30), (30, 2, 5, 30), (30, 4, 5, 10), (10, 2, 5, 1)].
- largest Hermiticity error: 4.437059622852421e-09.
- maximal number of matvec operations: 71.
-> E_updated = 0.2731943734320196.
Orthogonality column 4:
- C leg dimensions: [(1, 4, 5, 20), (20, 4, 5, 30), (30, 4, 5, 30), (30, 4, 5, 30), (30, 5, 5, 30), (30, 5, 5, 30), (30, 5, 5, 30), (30, 5, 5, 30), (30, 4, 5, 30), (30, 4, 5, 10), (10, 4, 5, 1)].
- Lh leg dimensions: [(1, 4, 4, 16), (16, 4, 4, 32), (32, 4, 4, 75), (75, 4, 4, 33), (33, 5, 5, 75), (75, 5, 5, 75), (75, 5, 5, 75), (75, 5, 5, 33), (33, 4, 4, 75), (75, 4, 4, 9), (9, 4, 4, 1)].
- Rh leg dimensions: [(1, 5, 5, 25), (25, 5, 5, 75), (75, 5, 5, 75), (75, 5, 5, 75), (75, 5, 5, 75), (75, 5, 5, 75), (75, 5, 5, 75), (75, 5, 5, 75), (75, 5, 5, 75), (75, 5, 5, 25), (25, 5, 5, 1)].
-> E = <Lh|CC*> + <ALhAL*|CC*|ARhAR*> + <CC*|Rh> = 0.023958985376215287 + -0.0861526254118683 + 0.32729188842683177 = 0.26509824839117874.
- C_updated leg dimensions: [(1, 4, 5, 20), (20, 4, 5, 30), (30, 4, 5, 30), (30, 4, 5, 30), (30, 5, 5, 30), (30, 5, 5, 30), (30, 5, 5, 30), (30, 5, 5, 30), (30, 4, 5, 30), (30, 4, 5, 20), (20, 4, 5, 1)].
- largest Hermiticity error: 6.126145606187226e-09.
- maximal number of matvec operations: 71.
-> E_updated = 0.19306189389341524.
Orthogonality column 5:
- C leg dimensions: [(1, 5, 5, 20), (20, 5, 5, 30), (30, 5, 5, 30), (30, 5, 5, 30), (30, 5, 5, 30), (30, 5, 5, 30), (30, 5, 5, 30), (30, 5, 5, 30), (30, 5, 5, 30), (30, 5, 5, 25), (25, 5, 5, 1)].
- Lh leg dimensions: [(1, 5, 5, 24), (24, 5, 5, 75), (75, 5, 5, 75), (75, 5, 5, 75), (75, 5, 5, 75), (75, 5, 5, 75), (75, 5, 5, 75), (75, 5, 5, 75), (75, 5, 5, 75), (75, 5, 5, 25), (25, 5, 5, 1)].
- Rh leg dimensions: [(1, 5, 5, 25), (25, 5, 5, 75), (75, 5, 5, 75), (75, 5, 5, 75), (75, 5, 5, 75), (75, 5, 5, 75), (75, 5, 5, 75), (75, 5, 5, 75), (75, 5, 5, 75), (75, 5, 5, 25), (25, 5, 5, 1)].
-> E = <Lh|CC*> + <ALhAL*|CC*|ARhAR*> + <CC*|Rh> = -0.04440188302593583 + -0.06951714836773462 + 0.38100139493906504 = 0.2670823635453946.
- C_updated leg dimensions: [(1, 5, 5, 25), (25, 5, 5, 30), (30, 5, 5, 30), (30, 5, 5, 30), (30, 5, 5, 30), (30, 5, 5, 30), (30, 5, 5, 30), (30, 5, 5, 30), (30, 5, 5, 30), (30, 5, 5, 25), (25, 5, 5, 1)].
- largest Hermiticity error: 1.101917376509606e-08.
- maximal number of matvec operations: 71.
-> E_updated = 0.1913275053244298.
Orthogonality column 6:
- C leg dimensions: [(1, 5, 5, 25), (25, 5, 5, 30), (30, 5, 5, 30), (30, 5, 5, 30), (30, 5, 5, 30), (30, 5, 5, 30), (30, 5, 5, 30), (30, 5, 5, 30), (30, 5, 5, 30), (30, 5, 5, 25), (25, 5, 5, 1)].
- Lh leg dimensions: [(1, 5, 5, 25), (25, 5, 5, 75), (75, 5, 5, 75), (75, 5, 5, 75), (75, 5, 5, 75), (75, 5, 5, 75), (75, 5, 5, 75), (75, 5, 5, 75), (75, 5, 5, 75), (75, 5, 5, 25), (25, 5, 5, 1)].
- Rh leg dimensions: [(1, 5, 5, 25), (25, 5, 5, 75), (75, 5, 5, 75), (75, 5, 5, 75), (75, 5, 5, 75), (75, 5, 5, 75), (75, 5, 5, 75), (75, 5, 5, 75), (75, 5, 5, 75), (75, 5, 5, 25), (25, 5, 5, 1)].
-> E = <Lh|CC*> + <ALhAL*|CC*|ARhAR*> + <CC*|Rh> = -0.09128719148381997 + -0.06942635401919474 + 0.3672020198520573 = 0.2064884743490426.
- C_updated leg dimensions: [(1, 5, 5, 25), (25, 5, 5, 30), (30, 5, 5, 30), (30, 5, 5, 30), (30, 5, 5, 30), (30, 5, 5, 30), (30, 5, 5, 30), (30, 5, 5, 30), (30, 5, 5, 30), (30, 5, 5, 25), (25, 5, 5, 1)].
- largest Hermiticity error: 2.6294731289904973e-11.
- maximal number of matvec operations: 71.
-> E_updated = 0.14636969462162425.
Orthogonality column 7:
- C leg dimensions: [(1, 5, 5, 25), (25, 5, 5, 30), (30, 5, 5, 30), (30, 5, 5, 30), (30, 5, 5, 30), (30, 5, 5, 30), (30, 5, 5, 30), (30, 5, 5, 30), (30, 5, 5, 30), (30, 5, 5, 25), (25, 5, 5, 1)].
- Lh leg dimensions: [(1, 5, 5, 25), (25, 5, 5, 75), (75, 5, 5, 75), (75, 5, 5, 75), (75, 5, 5, 75), (75, 5, 5, 75), (75, 5, 5, 75), (75, 5, 5, 75), (75, 5, 5, 75), (75, 5, 5, 25), (25, 5, 5, 1)].
- Rh leg dimensions: [(1, 5, 5, 25), (25, 5, 5, 75), (75, 5, 5, 75), (75, 5, 5, 75), (75, 5, 5, 75), (75, 5, 5, 75), (75, 5, 5, 75), (75, 5, 5, 75), (75, 5, 5, 75), (75, 5, 5, 24), (24, 5, 5, 1)].
-> E = <Lh|CC*> + <ALhAL*|CC*|ARhAR*> + <CC*|Rh> = -0.11207746998912797 + -0.07489550382797741 + 0.3173716556134244 = 0.13039868179631903.
- C_updated leg dimensions: [(1, 5, 5, 25), (25, 5, 5, 30), (30, 5, 5, 30), (30, 5, 5, 30), (30, 5, 5, 30), (30, 5, 5, 30), (30, 5, 5, 30), (30, 5, 5, 30), (30, 5, 5, 30), (30, 5, 5, 25), (25, 5, 5, 1)].
- largest Hermiticity error: 8.748494877352629e-10.
- maximal number of matvec operations: 71.
-> E_updated = 0.06107821248497091.
Orthogonality column 8:
- C leg dimensions: [(1, 5, 4, 20), (20, 5, 4, 30), (30, 5, 4, 30), (30, 5, 5, 30), (30, 5, 5, 30), (30, 5, 5, 30), (30, 5, 5, 30), (30, 5, 4, 30), (30, 5, 4, 30), (30, 5, 4, 25), (25, 5, 4, 1)].
- Lh leg dimensions: [(1, 5, 5, 25), (25, 5, 5, 75), (75, 5, 5, 75), (75, 5, 5, 75), (75, 5, 5, 75), (75, 5, 5, 75), (75, 5, 5, 75), (75, 5, 5, 75), (75, 5, 5, 75), (75, 5, 5, 25), (25, 5, 5, 1)].
- Rh leg dimensions: [(1, 4, 4, 9), (9, 4, 4, 75), (75, 4, 4, 33), (33, 5, 5, 75), (75, 5, 5, 75), (75, 5, 5, 75), (75, 5, 5, 33), (33, 4, 4, 75), (75, 4, 4, 33), (33, 4, 4, 16), (16, 4, 4, 1)].
-> E = <Lh|CC*> + <ALhAL*|CC*|ARhAR*> + <CC*|Rh> = -0.1262587218288503 + -0.0675015034460037 + 0.3807987969590846 = 0.18703857168423058.
- C_updated leg dimensions: [(1, 5, 4, 20), (20, 5, 4, 30), (30, 5, 4, 30), (30, 5, 5, 30), (30, 5, 5, 30), (30, 5, 5, 30), (30, 5, 5, 30), (30, 5, 4, 30), (30, 5, 4, 30), (30, 5, 4, 20), (20, 5, 4, 1)].
- largest Hermiticity error: 2.580799292402584e-09.
- maximal number of matvec operations: 71.
-> E_updated = 0.1292230621975057.
Orthogonality column 9:
- C leg dimensions: [(1, 5, 2, 20), (20, 5, 4, 30), (30, 5, 2, 30), (30, 5, 4, 30), (30, 5, 4, 30), (30, 5, 4, 30), (30, 5, 4, 30), (30, 5, 2, 30), (30, 5, 4, 30), (30, 5, 2, 20), (20, 5, 4, 1)].
- Lh leg dimensions: [(1, 5, 5, 25), (25, 5, 5, 75), (75, 5, 5, 75), (75, 5, 5, 75), (75, 5, 5, 75), (75, 5, 5, 75), (75, 5, 5, 75), (75, 5, 5, 75), (75, 5, 5, 75), (75, 5, 5, 25), (25, 5, 5, 1)].
- Rh leg dimensions: [(1, 2, 2, 4), (4, 4, 4, 8), (8, 2, 2, 29), (29, 4, 4, 8), (8, 4, 4, 75), (75, 4, 4, 13), (13, 4, 4, 29), (29, 2, 2, 8), (8, 4, 4, 29), (29, 2, 2, 8), (8, 4, 4, 1)].
-> E = <Lh|CC*> + <ALhAL*|CC*|ARhAR*> + <CC*|Rh> = -0.055572181207278665 + -0.07799530373732311 + 0.4594240312862659 = 0.32585654634166417.
- C_updated leg dimensions: [(1, 5, 2, 10), (10, 5, 4, 30), (30, 5, 2, 30), (30, 5, 4, 30), (30, 5, 4, 30), (30, 5, 4, 30), (30, 5, 4, 30), (30, 5, 2, 30), (30, 5, 4, 30), (30, 5, 2, 20), (20, 5, 4, 1)].
- largest Hermiticity error: 1.8028043088099307e-09.
- maximal number of matvec operations: 71.
-> E_updated = 0.269302547374328.
Orthogonality column 10:
- C leg dimensions: [(1, 5, 2, 10), (10, 5, 2, 30), (30, 5, 2, 30), (30, 5, 2, 30), (30, 5, 2, 30), (30, 5, 4, 30), (30, 5, 2, 30), (30, 5, 2, 30), (30, 5, 2, 30), (30, 5, 2, 20), (20, 5, 2, 1)].
- Lh leg dimensions: [(1, 5, 5, 25), (25, 5, 5, 75), (75, 5, 5, 75), (75, 5, 5, 75), (75, 5, 5, 75), (75, 5, 5, 75), (75, 5, 5, 75), (75, 5, 5, 75), (75, 5, 5, 75), (75, 5, 5, 25), (25, 5, 5, 1)].
- Rh leg dimensions: [(1, 2, 2, 3), (3, 2, 2, 8), (8, 2, 2, 3), (3, 2, 2, 8), (8, 2, 2, 3), (3, 4, 4, 9), (9, 2, 2, 3), (3, 2, 2, 8), (8, 2, 2, 3), (3, 2, 2, 4), (4, 2, 2, 1)].
-> E = <Lh|CC*> + <ALhAL*|CC*|ARhAR*> + <CC*|Rh> = 0.010124510928804972 + -0.09847338218915754 + 0.5595393199489394 = 0.4711904486885868.
- C_updated leg dimensions: [(1, 5, 2, 10), (10, 5, 2, 30), (30, 5, 2, 30), (30, 5, 2, 30), (30, 5, 2, 30), (30, 5, 4, 30), (30, 5, 2, 30), (30, 5, 2, 30), (30, 5, 2, 30), (30, 5, 2, 10), (10, 5, 2, 1)].
- largest Hermiticity error: 2.2474974241211416e-09.
- maximal number of matvec operations: 61.
-> E_updated = 0.4116936482986443.
Orthogonality column 11:
- C leg dimensions: [(1, 5, 1, 10), (10, 5, 2, 30), (30, 5, 1, 30), (30, 5, 2, 30), (30, 5, 1, 30), (30, 5, 2, 30), (30, 5, 2, 30), (30, 5, 1, 30), (30, 5, 2, 30), (30, 5, 1, 10), (10, 5, 2, 1)].
- Lh leg dimensions: [(1, 5, 5, 25), (25, 5, 5, 75), (75, 5, 5, 75), (75, 5, 5, 75), (75, 5, 5, 75), (75, 5, 5, 75), (75, 5, 5, 75), (75, 5, 5, 75), (75, 5, 5, 75), (75, 5, 5, 25), (25, 5, 5, 1)].
-> E = <Lh|CC*> + <ALhAL*|CC*|ARhAR*> + <CC*|Rh> = 0.049980121756506055 + 0.5630429923854203 + None = 0.6130231141419263.
- C_updated leg dimensions: [(1, 5, 1, 5), (5, 5, 2, 30), (30, 5, 1, 30), (30, 5, 2, 30), (30, 5, 1, 30), (30, 5, 2, 30), (30, 5, 2, 30), (30, 5, 1, 30), (30, 5, 2, 30), (30, 5, 1, 10), (10, 5, 2, 1)].
- largest Hermiticity error: 1.0946265808454963e-09.
- maximal number of matvec operations: 61.
-> E_updated = 0.5474187496346022.
Orthogonality column 12:
- C leg dimensions: [(1, 5, 1, 5), (5, 5, 1, 25), (25, 5, 1, 30), (30, 5, 1, 30), (30, 5, 1, 30), (30, 5, 1, 30), (30, 5, 1, 30), (30, 5, 1, 30), (30, 5, 1, 30), (30, 5, 1, 10), (10, 5, 1, 1)].
- Lh leg dimensions: [(1, 5, 5, 25), (25, 5, 5, 75), (75, 5, 5, 75), (75, 5, 5, 75), (75, 5, 5, 75), (75, 5, 5, 75), (75, 5, 5, 75), (75, 5, 5, 75), (75, 5, 5, 75), (75, 5, 5, 25), (25, 5, 5, 1)].
-> E = <Lh|CC*> + <ALhAL*|CC*|ARhAR*> + <CC*|Rh> = 0.71284454297466 + None + None = 0.71284454297466.
- C_updated leg dimensions: [(1, 5, 1, 5), (5, 5, 1, 25), (25, 5, 1, 30), (30, 5, 1, 30), (30, 5, 1, 30), (30, 5, 1, 30), (30, 5, 1, 30), (30, 5, 1, 30), (30, 5, 1, 25), (25, 5, 1, 5), (5, 5, 1, 1)].
- largest Hermiticity error: 2.4824640480698553e-09.
- maximal number of matvec operations: 51.
-> E_updated = 0.6265328038904315.
Orthogonality column 11:
- C leg dimensions: [(1, 5, 1, 5), (5, 5, 2, 25), (25, 5, 1, 30), (30, 5, 2, 30), (30, 5, 1, 30), (30, 5, 2, 30), (30, 5, 2, 30), (30, 5, 1, 30), (30, 5, 2, 25), (25, 5, 1, 5), (5, 5, 2, 1)].
- Lh leg dimensions: [(1, 5, 5, 25), (25, 5, 5, 75), (75, 5, 5, 75), (75, 5, 5, 75), (75, 5, 5, 75), (75, 5, 5, 75), (75, 5, 5, 75), (75, 5, 5, 75), (75, 5, 5, 75), (75, 5, 5, 25), (25, 5, 5, 1)].
-> E = <Lh|CC*> + <ALhAL*|CC*|ARhAR*> + <CC*|Rh> = 0.0737871692483627 + 0.5636622157833637 + None = 0.6374493850317264.
- C_updated leg dimensions: [(1, 5, 1, 5), (5, 5, 2, 30), (30, 5, 1, 30), (30, 5, 2, 30), (30, 5, 1, 30), (30, 5, 2, 30), (30, 5, 2, 30), (30, 5, 1, 30), (30, 5, 2, 30), (30, 5, 1, 10), (10, 5, 2, 1)].
- largest Hermiticity error: 1.1962601908552698e-09.
- maximal number of matvec operations: 61.
-> E_updated = 0.547418749639556.
Orthogonality column 10:
- C leg dimensions: [(1, 5, 2, 5), (5, 5, 2, 30), (30, 5, 2, 30), (30, 5, 2, 30), (30, 5, 2, 30), (30, 5, 4, 30), (30, 5, 2, 30), (30, 5, 2, 30), (30, 5, 2, 30), (30, 5, 2, 10), (10, 5, 2, 1)].
- Lh leg dimensions: [(1, 5, 5, 25), (25, 5, 5, 75), (75, 5, 5, 75), (75, 5, 5, 75), (75, 5, 5, 75), (75, 5, 5, 75), (75, 5, 5, 75), (75, 5, 5, 75), (75, 5, 5, 75), (75, 5, 5, 25), (25, 5, 5, 1)].
- Rh leg dimensions: [(1, 2, 2, 3), (3, 2, 2, 8), (8, 2, 2, 3), (3, 2, 2, 8), (8, 2, 2, 3), (3, 4, 4, 9), (9, 2, 2, 3), (3, 2, 2, 8), (8, 2, 2, 3), (3, 2, 2, 4), (4, 2, 2, 1)].
-> E = <Lh|CC*> + <ALhAL*|CC*|ARhAR*> + <CC*|Rh> = 0.016893746318959874 + -0.09697376085338338 + 0.5643696654483161 = 0.48428965091389264.
- C_updated leg dimensions: [(1, 5, 2, 10), (10, 5, 2, 30), (30, 5, 2, 30), (30, 5, 2, 30), (30, 5, 2, 30), (30, 5, 4, 30), (30, 5, 2, 30), (30, 5, 2, 30), (30, 5, 2, 30), (30, 5, 2, 10), (10, 5, 2, 1)].
- largest Hermiticity error: 1.459095740030161e-09.
- maximal number of matvec operations: 61.
-> E_updated = 0.41168437894944665.
Orthogonality column 9:
- C leg dimensions: [(1, 5, 2, 10), (10, 5, 4, 30), (30, 5, 2, 30), (30, 5, 4, 30), (30, 5, 4, 30), (30, 5, 4, 30), (30, 5, 4, 30), (30, 5, 2, 30), (30, 5, 4, 30), (30, 5, 2, 10), (10, 5, 4, 1)].
- Lh leg dimensions: [(1, 5, 5, 25), (25, 5, 5, 75), (75, 5, 5, 75), (75, 5, 5, 75), (75, 5, 5, 75), (75, 5, 5, 75), (75, 5, 5, 75), (75, 5, 5, 75), (75, 5, 5, 75), (75, 5, 5, 25), (25, 5, 5, 1)].
- Rh leg dimensions: [(1, 2, 2, 4), (4, 4, 4, 8), (8, 2, 2, 29), (29, 4, 4, 8), (8, 4, 4, 75), (75, 4, 4, 13), (13, 4, 4, 29), (29, 2, 2, 8), (8, 4, 4, 29), (29, 2, 2, 8), (8, 4, 4, 1)].
-> E = <Lh|CC*> + <ALhAL*|CC*|ARhAR*> + <CC*|Rh> = -0.053861580074148784 + -0.07246042242896876 + 0.4615019057311382 = 0.33517990322802066.
- C_updated leg dimensions: [(1, 5, 2, 10), (10, 5, 4, 30), (30, 5, 2, 30), (30, 5, 4, 30), (30, 5, 4, 30), (30, 5, 4, 30), (30, 5, 4, 30), (30, 5, 2, 30), (30, 5, 4, 30), (30, 5, 2, 20), (20, 5, 4, 1)].
- largest Hermiticity error: 8.244502642271663e-10.
- maximal number of matvec operations: 61.
-> E_updated = 0.2692503348565794.
Orthogonality column 8:
- C leg dimensions: [(1, 5, 4, 10), (10, 5, 4, 30), (30, 5, 4, 30), (30, 5, 5, 30), (30, 5, 5, 30), (30, 5, 5, 30), (30, 5, 5, 30), (30, 5, 4, 30), (30, 5, 4, 30), (30, 5, 4, 20), (20, 5, 4, 1)].
- Lh leg dimensions: [(1, 5, 5, 25), (25, 5, 5, 75), (75, 5, 5, 75), (75, 5, 5, 75), (75, 5, 5, 75), (75, 5, 5, 75), (75, 5, 5, 75), (75, 5, 5, 75), (75, 5, 5, 75), (75, 5, 5, 25), (25, 5, 5, 1)].
- Rh leg dimensions: [(1, 4, 4, 9), (9, 4, 4, 75), (75, 4, 4, 33), (33, 5, 5, 75), (75, 5, 5, 75), (75, 5, 5, 75), (75, 5, 5, 34), (34, 4, 4, 75), (75, 4, 4, 33), (33, 4, 4, 16), (16, 4, 4, 1)].
-> E = <Lh|CC*> + <ALhAL*|CC*|ARhAR*> + <CC*|Rh> = -0.11329501778761802 + -0.0764279939214378 + 0.38297501608022944 = 0.19325200437117362.
- C_updated leg dimensions: [(1, 5, 4, 20), (20, 5, 4, 30), (30, 5, 4, 30), (30, 5, 5, 30), (30, 5, 5, 30), (30, 5, 5, 30), (30, 5, 5, 30), (30, 5, 4, 30), (30, 5, 4, 30), (30, 5, 4, 20), (20, 5, 4, 1)].
- largest Hermiticity error: 2.069459920154004e-09.
- maximal number of matvec operations: 71.
-> E_updated = 0.13122834347240514.
Orthogonality column 7:
- C leg dimensions: [(1, 5, 5, 25), (25, 5, 5, 30), (30, 5, 5, 30), (30, 5, 5, 30), (30, 5, 5, 30), (30, 5, 5, 30), (30, 5, 5, 30), (30, 5, 5, 30), (30, 5, 5, 30), (30, 5, 5, 20), (20, 5, 5, 1)].
- Lh leg dimensions: [(1, 5, 5, 25), (25, 5, 5, 75), (75, 5, 5, 75), (75, 5, 5, 75), (75, 5, 5, 75), (75, 5, 5, 75), (75, 5, 5, 75), (75, 5, 5, 75), (75, 5, 5, 75), (75, 5, 5, 25), (25, 5, 5, 1)].
- Rh leg dimensions: [(1, 5, 5, 25), (25, 5, 5, 75), (75, 5, 5, 75), (75, 5, 5, 75), (75, 5, 5, 75), (75, 5, 5, 75), (75, 5, 5, 75), (75, 5, 5, 75), (75, 5, 5, 75), (75, 5, 5, 24), (24, 5, 5, 1)].
-> E = <Lh|CC*> + <ALhAL*|CC*|ARhAR*> + <CC*|Rh> = -0.09670243446583622 + -0.0797124773988802 + 0.36236696400366414 = 0.18595205213894772.
- C_updated leg dimensions: [(1, 5, 5, 25), (25, 5, 5, 30), (30, 5, 5, 30), (30, 5, 5, 30), (30, 5, 5, 30), (30, 5, 5, 30), (30, 5, 5, 30), (30, 5, 5, 30), (30, 5, 5, 30), (30, 5, 5, 25), (25, 5, 5, 1)].
- largest Hermiticity error: 1.0490143139958325e-09.
- maximal number of matvec operations: 71.
-> E_updated = 0.1264824926590886.
Orthogonality column 6:
- C leg dimensions: [(1, 5, 5, 25), (25, 5, 5, 30), (30, 5, 5, 30), (30, 5, 5, 30), (30, 5, 5, 30), (30, 5, 5, 30), (30, 5, 5, 30), (30, 5, 5, 30), (30, 5, 5, 30), (30, 5, 5, 25), (25, 5, 5, 1)].
- Lh leg dimensions: [(1, 5, 5, 25), (25, 5, 5, 75), (75, 5, 5, 75), (75, 5, 5, 75), (75, 5, 5, 75), (75, 5, 5, 75), (75, 5, 5, 75), (75, 5, 5, 75), (75, 5, 5, 75), (75, 5, 5, 25), (25, 5, 5, 1)].
- Rh leg dimensions: [(1, 5, 5, 25), (25, 5, 5, 75), (75, 5, 5, 75), (75, 5, 5, 75), (75, 5, 5, 75), (75, 5, 5, 75), (75, 5, 5, 75), (75, 5, 5, 75), (75, 5, 5, 75), (75, 5, 5, 25), (25, 5, 5, 1)].
-> E = <Lh|CC*> + <ALhAL*|CC*|ARhAR*> + <CC*|Rh> = -0.06521659284583003 + -0.06856409780075925 + 0.3153375483506493 = 0.18155685770406002.
- C_updated leg dimensions: [(1, 5, 5, 25), (25, 5, 5, 30), (30, 5, 5, 30), (30, 5, 5, 30), (30, 5, 5, 30), (30, 5, 5, 30), (30, 5, 5, 30), (30, 5, 5, 30), (30, 5, 5, 30), (30, 5, 5, 25), (25, 5, 5, 1)].
- largest Hermiticity error: 2.4874183074306402e-11.
- maximal number of matvec operations: 71.
-> E_updated = 0.12152894232863815.
Orthogonality column 5:
- C leg dimensions: [(1, 5, 5, 25), (25, 5, 5, 30), (30, 5, 5, 30), (30, 5, 5, 30), (30, 5, 5, 30), (30, 5, 5, 30), (30, 5, 5, 30), (30, 5, 5, 30), (30, 5, 5, 30), (30, 5, 5, 25), (25, 5, 5, 1)].
- Lh leg dimensions: [(1, 5, 5, 24), (24, 5, 5, 75), (75, 5, 5, 75), (75, 5, 5, 75), (75, 5, 5, 75), (75, 5, 5, 75), (75, 5, 5, 75), (75, 5, 5, 75), (75, 5, 5, 75), (75, 5, 5, 25), (25, 5, 5, 1)].
- Rh leg dimensions: [(1, 5, 5, 25), (25, 5, 5, 75), (75, 5, 5, 75), (75, 5, 5, 75), (75, 5, 5, 75), (75, 5, 5, 75), (75, 5, 5, 75), (75, 5, 5, 75), (75, 5, 5, 75), (75, 5, 5, 25), (25, 5, 5, 1)].
-> E = <Lh|CC*> + <ALhAL*|CC*|ARhAR*> + <CC*|Rh> = -0.03845384937194875 + -0.07476646447348792 + 0.30778449975502326 = 0.19456418590958657.
- C_updated leg dimensions: [(1, 5, 5, 25), (25, 5, 5, 30), (30, 5, 5, 30), (30, 5, 5, 30), (30, 5, 5, 30), (30, 5, 5, 30), (30, 5, 5, 30), (30, 5, 5, 30), (30, 5, 5, 30), (30, 5, 5, 25), (25, 5, 5, 1)].
- largest Hermiticity error: 3.0962268510441935e-09.
- maximal number of matvec operations: 71.
-> E_updated = 0.1470581039802186.
Orthogonality column 4:
- C leg dimensions: [(1, 4, 5, 20), (20, 4, 5, 30), (30, 4, 5, 30), (30, 4, 5, 30), (30, 5, 5, 30), (30, 5, 5, 30), (30, 5, 5, 30), (30, 5, 5, 30), (30, 4, 5, 30), (30, 4, 5, 20), (20, 4, 5, 1)].
- Lh leg dimensions: [(1, 4, 4, 16), (16, 4, 4, 32), (32, 4, 4, 75), (75, 4, 4, 33), (33, 5, 5, 75), (75, 5, 5, 75), (75, 5, 5, 75), (75, 5, 5, 33), (33, 4, 4, 75), (75, 4, 4, 9), (9, 4, 4, 1)].
- Rh leg dimensions: [(1, 5, 5, 25), (25, 5, 5, 75), (75, 5, 5, 75), (75, 5, 5, 75), (75, 5, 5, 75), (75, 5, 5, 75), (75, 5, 5, 75), (75, 5, 5, 75), (75, 5, 5, 75), (75, 5, 5, 25), (25, 5, 5, 1)].
-> E = <Lh|CC*> + <ALhAL*|CC*|ARhAR*> + <CC*|Rh> = 0.022608261399185287 + -0.07721806983076157 + 0.29842278843784364 = 0.24381298000626736.
- C_updated leg dimensions: [(1, 4, 5, 20), (20, 4, 5, 30), (30, 4, 5, 30), (30, 4, 5, 30), (30, 5, 5, 30), (30, 5, 5, 30), (30, 5, 5, 30), (30, 5, 5, 30), (30, 4, 5, 30), (30, 4, 5, 20), (20, 4, 5, 1)].
- largest Hermiticity error: 3.6935134404556355e-09.
- maximal number of matvec operations: 71.
-> E_updated = 0.1736438740879798.
Orthogonality column 3:
- C leg dimensions: [(1, 4, 5, 20), (20, 2, 5, 30), (30, 4, 5, 30), (30, 2, 5, 30), (30, 4, 5, 30), (30, 4, 5, 30), (30, 4, 5, 30), (30, 4, 5, 30), (30, 2, 5, 30), (30, 4, 5, 10), (10, 2, 5, 1)].
- Lh leg dimensions: [(1, 4, 4, 8), (8, 2, 2, 29), (29, 4, 4, 8), (8, 2, 2, 29), (29, 4, 4, 13), (13, 4, 4, 75), (75, 4, 4, 8), (8, 4, 4, 29), (29, 2, 2, 8), (8, 4, 4, 4), (4, 2, 2, 1)].
- Rh leg dimensions: [(1, 5, 5, 25), (25, 5, 5, 75), (75, 5, 5, 75), (75, 5, 5, 75), (75, 5, 5, 75), (75, 5, 5, 75), (75, 5, 5, 75), (75, 5, 5, 75), (75, 5, 5, 75), (75, 5, 5, 25), (25, 5, 5, 1)].
-> E = <Lh|CC*> + <ALhAL*|CC*|ARhAR*> + <CC*|Rh> = 0.1383467174144451 + -0.11398417563094931 + 0.3177696534759077 = 0.34213219525940347.
- C_updated leg dimensions: [(1, 4, 5, 20), (20, 2, 5, 30), (30, 4, 5, 30), (30, 2, 5, 30), (30, 4, 5, 30), (30, 4, 5, 30), (30, 4, 5, 30), (30, 4, 5, 30), (30, 2, 5, 30), (30, 4, 5, 10), (10, 2, 5, 1)].
- largest Hermiticity error: 2.440771146752517e-09.
- maximal number of matvec operations: 71.
-> E_updated = 0.2806102609158672.
Orthogonality column 2:
- C leg dimensions: [(1, 2, 5, 10), (10, 2, 5, 30), (30, 2, 5, 30), (30, 2, 5, 30), (30, 2, 5, 30), (30, 4, 5, 30), (30, 2, 5, 30), (30, 2, 5, 30), (30, 2, 5, 30), (30, 2, 5, 10), (10, 2, 5, 1)].
- Lh leg dimensions: [(1, 2, 2, 4), (4, 2, 2, 3), (3, 2, 2, 8), (8, 2, 2, 3), (3, 2, 2, 9), (9, 4, 4, 3), (3, 2, 2, 8), (8, 2, 2, 3), (3, 2, 2, 8), (8, 2, 2, 3), (3, 2, 2, 1)].
- Rh leg dimensions: [(1, 5, 5, 25), (25, 5, 5, 75), (75, 5, 5, 75), (75, 5, 5, 75), (75, 5, 5, 75), (75, 5, 5, 75), (75, 5, 5, 75), (75, 5, 5, 75), (75, 5, 5, 75), (75, 5, 5, 25), (25, 5, 5, 1)].
-> E = <Lh|CC*> + <ALhAL*|CC*|ARhAR*> + <CC*|Rh> = 0.3158454102735643 + -0.17544440195350153 + 0.35794283288525786 = 0.4983438412053206.
- C_updated leg dimensions: [(1, 2, 5, 10), (10, 2, 5, 30), (30, 2, 5, 30), (30, 2, 5, 30), (30, 2, 5, 30), (30, 4, 5, 30), (30, 2, 5, 30), (30, 2, 5, 30), (30, 2, 5, 30), (30, 2, 5, 10), (10, 2, 5, 1)].
- largest Hermiticity error: 4.1217285212380326e-09.
- maximal number of matvec operations: 61.
-> E_updated = 0.4270959446024824.
Orthogonality column 1:
- C leg dimensions: [(1, 2, 5, 10), (10, 1, 5, 30), (30, 2, 5, 30), (30, 1, 5, 30), (30, 2, 5, 30), (30, 2, 5, 30), (30, 1, 5, 30), (30, 2, 5, 30), (30, 1, 5, 30), (30, 2, 5, 5), (5, 1, 5, 1)].
- Rh leg dimensions: [(1, 5, 5, 25), (25, 5, 5, 75), (75, 5, 5, 75), (75, 5, 5, 75), (75, 5, 5, 75), (75, 5, 5, 75), (75, 5, 5, 75), (75, 5, 5, 75), (75, 5, 5, 75), (75, 5, 5, 25), (25, 5, 5, 1)].
-> E = <Lh|CC*> + <ALhAL*|CC*|ARhAR*> + <CC*|Rh> = None + 0.31799467886718275 + 0.3410150153301932 = 0.659009694197376.
- C_updated leg dimensions: [(1, 2, 5, 10), (10, 1, 5, 30), (30, 2, 5, 30), (30, 1, 5, 30), (30, 2, 5, 30), (30, 2, 5, 30), (30, 1, 5, 30), (30, 2, 5, 30), (30, 1, 5, 30), (30, 2, 5, 5), (5, 1, 5, 1)].
- largest Hermiticity error: 3.155318234078831e-09.
- maximal number of matvec operations: 61.
-> E_updated = 0.5808017535472348.
Orthogonality column 0:
- C leg dimensions: [(1, 1, 5, 5), (5, 1, 5, 25), (25, 1, 5, 30), (30, 1, 5, 30), (30, 1, 5, 30), (30, 1, 5, 30), (30, 1, 5, 30), (30, 1, 5, 30), (30, 1, 5, 30), (30, 1, 5, 5), (5, 1, 5, 1)].
- Rh leg dimensions: [(1, 5, 5, 25), (25, 5, 5, 75), (75, 5, 5, 75), (75, 5, 5, 75), (75, 5, 5, 75), (75, 5, 5, 75), (75, 5, 5, 75), (75, 5, 5, 75), (75, 5, 5, 75), (75, 5, 5, 25), (25, 5, 5, 1)].
-> E = <Lh|CC*> + <ALhAL*|CC*|ARhAR*> + <CC*|Rh> = None + None + 0.7949522879414083 = 0.7949522879414083.
- C_updated leg dimensions: [(1, 1, 5, 5), (5, 1, 5, 25), (25, 1, 5, 30), (30, 1, 5, 30), (30, 1, 5, 30), (30, 1, 5, 30), (30, 1, 5, 30), (30, 1, 5, 30), (30, 1, 5, 25), (25, 1, 5, 5), (5, 1, 5, 1)].
- largest Hermiticity error: 8.055874222845912e-09.
- maximal number of matvec operations: 51.
-> E_updated = 0.7079411801073594.
=> <H> - E0 = 0.1749336484349726.

DMRGSquared sweep 3 ...
Orthogonality column 0:
- C leg dimensions: [(1, 1, 5, 5), (5, 1, 5, 25), (25, 1, 5, 30), (30, 1, 5, 30), (30, 1, 5, 30), (30, 1, 5, 30), (30, 1, 5, 30), (30, 1, 5, 30), (30, 1, 5, 25), (25, 1, 5, 5), (5, 1, 5, 1)].
- Rh leg dimensions: [(1, 5, 5, 25), (25, 5, 5, 75), (75, 5, 5, 75), (75, 5, 5, 75), (75, 5, 5, 75), (75, 5, 5, 75), (75, 5, 5, 75), (75, 5, 5, 75), (75, 5, 5, 75), (75, 5, 5, 25), (25, 5, 5, 1)].
-> E = <Lh|CC*> + <ALhAL*|CC*|ARhAR*> + <CC*|Rh> = None + None + 0.707941180107392 = 0.707941180107392.
- C_updated leg dimensions: [(1, 1, 5, 5), (5, 1, 5, 25), (25, 1, 5, 30), (30, 1, 5, 30), (30, 1, 5, 30), (30, 1, 5, 30), (30, 1, 5, 30), (30, 1, 5, 30), (30, 1, 5, 25), (25, 1, 5, 5), (5, 1, 5, 1)].
- largest Hermiticity error: 6.859408680505619e-09.
- maximal number of matvec operations: 41.
-> E_updated = 0.7079411800669626.
Orthogonality column 1:
- C leg dimensions: [(1, 2, 5, 5), (5, 1, 5, 25), (25, 2, 5, 30), (30, 1, 5, 30), (30, 2, 5, 30), (30, 2, 5, 30), (30, 1, 5, 30), (30, 2, 5, 30), (30, 1, 5, 25), (25, 2, 5, 5), (5, 1, 5, 1)].
- Rh leg dimensions: [(1, 5, 5, 25), (25, 5, 5, 75), (75, 5, 5, 75), (75, 5, 5, 75), (75, 5, 5, 75), (75, 5, 5, 75), (75, 5, 5, 75), (75, 5, 5, 75), (75, 5, 5, 75), (75, 5, 5, 25), (25, 5, 5, 1)].
-> E = <Lh|CC*> + <ALhAL*|CC*|ARhAR*> + <CC*|Rh> = None + 0.31037078633798526 + 0.3620672077841411 = 0.6724379941221263.
- C_updated leg dimensions: [(1, 2, 5, 10), (10, 1, 5, 30), (30, 2, 5, 30), (30, 1, 5, 30), (30, 2, 5, 30), (30, 2, 5, 30), (30, 1, 5, 30), (30, 2, 5, 30), (30, 1, 5, 30), (30, 2, 5, 5), (5, 1, 5, 1)].
- largest Hermiticity error: 3.703763415692021e-09.
- maximal number of matvec operations: 61.
-> E_updated = 0.5808017527315928.
Orthogonality column 2:
- C leg dimensions: [(1, 2, 5, 10), (10, 2, 5, 30), (30, 2, 5, 30), (30, 2, 5, 30), (30, 2, 5, 30), (30, 4, 5, 30), (30, 2, 5, 30), (30, 2, 5, 30), (30, 2, 5, 30), (30, 2, 5, 5), (5, 2, 5, 1)].
- Lh leg dimensions: [(1, 2, 2, 4), (4, 2, 2, 3), (3, 2, 2, 8), (8, 2, 2, 3), (3, 2, 2, 9), (9, 4, 4, 3), (3, 2, 2, 8), (8, 2, 2, 3), (3, 2, 2, 8), (8, 2, 2, 3), (3, 2, 2, 1)].
- Rh leg dimensions: [(1, 5, 5, 25), (25, 5, 5, 75), (75, 5, 5, 75), (75, 5, 5, 75), (75, 5, 5, 75), (75, 5, 5, 75), (75, 5, 5, 75), (75, 5, 5, 75), (75, 5, 5, 75), (75, 5, 5, 25), (25, 5, 5, 1)].
-> E = <Lh|CC*> + <ALhAL*|CC*|ARhAR*> + <CC*|Rh> = 0.3178498091962119 + -0.17225907111637942 + 0.36645410099468695 = 0.5120448390745195.
- C_updated leg dimensions: [(1, 2, 5, 10), (10, 2, 5, 30), (30, 2, 5, 30), (30, 2, 5, 30), (30, 2, 5, 30), (30, 4, 5, 30), (30, 2, 5, 30), (30, 2, 5, 30), (30, 2, 5, 30), (30, 2, 5, 10), (10, 2, 5, 1)].
- largest Hermiticity error: 5.006863579752732e-09.
- maximal number of matvec operations: 61.
-> E_updated = 0.42709782965650395.
Orthogonality column 3:
- C leg dimensions: [(1, 4, 5, 10), (10, 2, 5, 30), (30, 4, 5, 30), (30, 2, 5, 30), (30, 4, 5, 30), (30, 4, 5, 30), (30, 4, 5, 30), (30, 4, 5, 30), (30, 2, 5, 30), (30, 4, 5, 10), (10, 2, 5, 1)].
- Lh leg dimensions: [(1, 4, 4, 8), (8, 2, 2, 29), (29, 4, 4, 8), (8, 2, 2, 29), (29, 4, 4, 13), (13, 4, 4, 75), (75, 4, 4, 8), (8, 4, 4, 29), (29, 2, 2, 8), (8, 4, 4, 4), (4, 2, 2, 1)].
- Rh leg dimensions: [(1, 5, 5, 25), (25, 5, 5, 75), (75, 5, 5, 75), (75, 5, 5, 75), (75, 5, 5, 75), (75, 5, 5, 75), (75, 5, 5, 75), (75, 5, 5, 75), (75, 5, 5, 75), (75, 5, 5, 25), (25, 5, 5, 1)].
-> E = <Lh|CC*> + <ALhAL*|CC*|ARhAR*> + <CC*|Rh> = 0.1401002870202833 + -0.10642536623521276 + 0.3252600435276523 = 0.35893496431272287.
- C_updated leg dimensions: [(1, 4, 5, 20), (20, 2, 5, 30), (30, 4, 5, 30), (30, 2, 5, 30), (30, 4, 5, 30), (30, 4, 5, 30), (30, 4, 5, 30), (30, 4, 5, 30), (30, 2, 5, 30), (30, 4, 5, 10), (10, 2, 5, 1)].
- largest Hermiticity error: 2.9955517241102318e-09.
- maximal number of matvec operations: 61.
-> E_updated = 0.280612435602209.
Orthogonality column 4:
- C leg dimensions: [(1, 4, 5, 20), (20, 4, 5, 30), (30, 4, 5, 30), (30, 4, 5, 30), (30, 5, 5, 30), (30, 5, 5, 30), (30, 5, 5, 30), (30, 5, 5, 30), (30, 4, 5, 30), (30, 4, 5, 10), (10, 4, 5, 1)].
- Lh leg dimensions: [(1, 4, 4, 16), (16, 4, 4, 33), (33, 4, 4, 75), (75, 4, 4, 33), (33, 5, 5, 75), (75, 5, 5, 75), (75, 5, 5, 75), (75, 5, 5, 34), (34, 4, 4, 75), (75, 4, 4, 9), (9, 4, 4, 1)].
- Rh leg dimensions: [(1, 5, 5, 25), (25, 5, 5, 75), (75, 5, 5, 75), (75, 5, 5, 75), (75, 5, 5, 75), (75, 5, 5, 75), (75, 5, 5, 75), (75, 5, 5, 75), (75, 5, 5, 75), (75, 5, 5, 25), (25, 5, 5, 1)].
-> E = <Lh|CC*> + <ALhAL*|CC*|ARhAR*> + <CC*|Rh> = 0.027047598869320243 + -0.09434928193500589 + 0.30926303113522147 = 0.24196134806953584.
- C_updated leg dimensions: [(1, 4, 5, 20), (20, 4, 5, 30), (30, 4, 5, 30), (30, 4, 5, 30), (30, 5, 5, 30), (30, 5, 5, 30), (30, 5, 5, 30), (30, 5, 5, 30), (30, 4, 5, 30), (30, 4, 5, 20), (20, 4, 5, 1)].
- largest Hermiticity error: 3.5898046821968886e-09.
- maximal number of matvec operations: 71.
-> E_updated = 0.17492926184266955.
Orthogonality column 5:
- C leg dimensions: [(1, 5, 5, 20), (20, 5, 5, 30), (30, 5, 5, 30), (30, 5, 5, 30), (30, 5, 5, 30), (30, 5, 5, 30), (30, 5, 5, 30), (30, 5, 5, 30), (30, 5, 5, 30), (30, 5, 5, 25), (25, 5, 5, 1)].
- Lh leg dimensions: [(1, 5, 5, 24), (24, 5, 5, 75), (75, 5, 5, 75), (75, 5, 5, 75), (75, 5, 5, 75), (75, 5, 5, 75), (75, 5, 5, 75), (75, 5, 5, 75), (75, 5, 5, 75), (75, 5, 5, 25), (25, 5, 5, 1)].
- Rh leg dimensions: [(1, 5, 5, 25), (25, 5, 5, 75), (75, 5, 5, 75), (75, 5, 5, 75), (75, 5, 5, 75), (75, 5, 5, 75), (75, 5, 5, 75), (75, 5, 5, 75), (75, 5, 5, 75), (75, 5, 5, 25), (25, 5, 5, 1)].
-> E = <Lh|CC*> + <ALhAL*|CC*|ARhAR*> + <CC*|Rh> = -0.056631284013960614 + -0.07185051812244803 + 0.33919520950043863 = 0.21071340736403.
- C_updated leg dimensions: [(1, 5, 5, 25), (25, 5, 5, 30), (30, 5, 5, 30), (30, 5, 5, 30), (30, 5, 5, 30), (30, 5, 5, 30), (30, 5, 5, 30), (30, 5, 5, 30), (30, 5, 5, 30), (30, 5, 5, 25), (25, 5, 5, 1)].
- largest Hermiticity error: 2.91006875096575e-09.
- maximal number of matvec operations: 71.
-> E_updated = 0.13928337423017584.
Orthogonality column 6:
- C leg dimensions: [(1, 5, 5, 25), (25, 5, 5, 30), (30, 5, 5, 30), (30, 5, 5, 30), (30, 5, 5, 30), (30, 5, 5, 30), (30, 5, 5, 30), (30, 5, 5, 30), (30, 5, 5, 30), (30, 5, 5, 25), (25, 5, 5, 1)].
- Lh leg dimensions: [(1, 5, 5, 25), (25, 5, 5, 75), (75, 5, 5, 75), (75, 5, 5, 75), (75, 5, 5, 75), (75, 5, 5, 75), (75, 5, 5, 75), (75, 5, 5, 75), (75, 5, 5, 75), (75, 5, 5, 25), (25, 5, 5, 1)].
- Rh leg dimensions: [(1, 5, 5, 25), (25, 5, 5, 75), (75, 5, 5, 75), (75, 5, 5, 75), (75, 5, 5, 75), (75, 5, 5, 75), (75, 5, 5, 75), (75, 5, 5, 75), (75, 5, 5, 75), (75, 5, 5, 25), (25, 5, 5, 1)].
-> E = <Lh|CC*> + <ALhAL*|CC*|ARhAR*> + <CC*|Rh> = -0.08078693076931188 + -0.0785809727736154 + 0.3382869775955 = 0.17891907405257274.
- C_updated leg dimensions: [(1, 5, 5, 25), (25, 5, 5, 30), (30, 5, 5, 30), (30, 5, 5, 30), (30, 5, 5, 30), (30, 5, 5, 30), (30, 5, 5, 30), (30, 5, 5, 30), (30, 5, 5, 30), (30, 5, 5, 25), (25, 5, 5, 1)].
- largest Hermiticity error: 2.746964712287023e-11.
- maximal number of matvec operations: 71.
-> E_updated = 0.13276881985956593.
Orthogonality column 7:
- C leg dimensions: [(1, 5, 5, 25), (25, 5, 5, 30), (30, 5, 5, 30), (30, 5, 5, 30), (30, 5, 5, 30), (30, 5, 5, 30), (30, 5, 5, 30), (30, 5, 5, 30), (30, 5, 5, 30), (30, 5, 5, 25), (25, 5, 5, 1)].
- Lh leg dimensions: [(1, 5, 5, 25), (25, 5, 5, 75), (75, 5, 5, 75), (75, 5, 5, 75), (75, 5, 5, 75), (75, 5, 5, 75), (75, 5, 5, 75), (75, 5, 5, 75), (75, 5, 5, 75), (75, 5, 5, 25), (25, 5, 5, 1)].
- Rh leg dimensions: [(1, 5, 5, 25), (25, 5, 5, 75), (75, 5, 5, 75), (75, 5, 5, 75), (75, 5, 5, 75), (75, 5, 5, 75), (75, 5, 5, 75), (75, 5, 5, 75), (75, 5, 5, 75), (75, 5, 5, 24), (24, 5, 5, 1)].
-> E = <Lh|CC*> + <ALhAL*|CC*|ARhAR*> + <CC*|Rh> = -0.08617852122397443 + -0.07004721494959734 + 0.369936926919043 = 0.21371119074547124.
- C_updated leg dimensions: [(1, 5, 5, 25), (25, 5, 5, 30), (30, 5, 5, 30), (30, 5, 5, 30), (30, 5, 5, 30), (30, 5, 5, 30), (30, 5, 5, 30), (30, 5, 5, 30), (30, 5, 5, 30), (30, 5, 5, 25), (25, 5, 5, 1)].
- largest Hermiticity error: 5.658600576680859e-06.
- maximal number of matvec operations: 71.
-> E_updated = 0.16334136282475112.
Orthogonality column 8:
- C leg dimensions: [(1, 5, 4, 20), (20, 5, 4, 30), (30, 5, 4, 30), (30, 5, 5, 30), (30, 5, 5, 30), (30, 5, 5, 30), (30, 5, 5, 30), (30, 5, 4, 30), (30, 5, 4, 30), (30, 5, 4, 25), (25, 5, 4, 1)].
- Lh leg dimensions: [(1, 5, 5, 25), (25, 5, 5, 75), (75, 5, 5, 75), (75, 5, 5, 75), (75, 5, 5, 75), (75, 5, 5, 75), (75, 5, 5, 75), (75, 5, 5, 75), (75, 5, 5, 75), (75, 5, 5, 25), (25, 5, 5, 1)].
- Rh leg dimensions: [(1, 4, 4, 9), (9, 4, 4, 75), (75, 4, 4, 33), (33, 5, 5, 75), (75, 5, 5, 75), (75, 5, 5, 75), (75, 5, 5, 34), (34, 4, 4, 75), (75, 4, 4, 33), (33, 4, 4, 16), (16, 4, 4, 1)].
-> E = <Lh|CC*> + <ALhAL*|CC*|ARhAR*> + <CC*|Rh> = -0.11652602200579838 + -0.07232057912929102 + 0.3843456742849997 = 0.19549907314991033.
- C_updated leg dimensions: [(1, 5, 4, 20), (20, 5, 4, 30), (30, 5, 4, 30), (30, 5, 5, 30), (30, 5, 5, 30), (30, 5, 5, 30), (30, 5, 5, 30), (30, 5, 4, 30), (30, 5, 4, 30), (30, 5, 4, 20), (20, 5, 4, 1)].
- largest Hermiticity error: 2.293481456211828e-06.
- maximal number of matvec operations: 71.
-> E_updated = 0.14420173659386237.
Orthogonality column 9:
- C leg dimensions: [(1, 5, 2, 20), (20, 5, 4, 30), (30, 5, 2, 30), (30, 5, 4, 30), (30, 5, 4, 30), (30, 5, 4, 30), (30, 5, 4, 30), (30, 5, 2, 30), (30, 5, 4, 30), (30, 5, 2, 20), (20, 5, 4, 1)].
- Lh leg dimensions: [(1, 5, 5, 25), (25, 5, 5, 75), (75, 5, 5, 75), (75, 5, 5, 75), (75, 5, 5, 75), (75, 5, 5, 75), (75, 5, 5, 75), (75, 5, 5, 75), (75, 5, 5, 75), (75, 5, 5, 25), (25, 5, 5, 1)].
- Rh leg dimensions: [(1, 2, 2, 4), (4, 4, 4, 8), (8, 2, 2, 29), (29, 4, 4, 8), (8, 4, 4, 75), (75, 4, 4, 13), (13, 4, 4, 29), (29, 2, 2, 8), (8, 4, 4, 29), (29, 2, 2, 8), (8, 4, 4, 1)].
-> E = <Lh|CC*> + <ALhAL*|CC*|ARhAR*> + <CC*|Rh> = -0.09316438382726726 + -0.07862134265629764 + 0.45931401101938113 = 0.28752828453581625.
- C_updated leg dimensions: [(1, 5, 2, 10), (10, 5, 4, 30), (30, 5, 2, 30), (30, 5, 4, 30), (30, 5, 4, 30), (30, 5, 4, 30), (30, 5, 4, 30), (30, 5, 2, 30), (30, 5, 4, 30), (30, 5, 2, 20), (20, 5, 4, 1)].
- largest Hermiticity error: 1.4046890356043368e-05.
- maximal number of matvec operations: 71.
-> E_updated = 0.21953675087502839.
Orthogonality column 10:
- C leg dimensions: [(1, 5, 2, 10), (10, 5, 2, 30), (30, 5, 2, 30), (30, 5, 2, 30), (30, 5, 2, 30), (30, 5, 4, 30), (30, 5, 2, 30), (30, 5, 2, 30), (30, 5, 2, 30), (30, 5, 2, 20), (20, 5, 2, 1)].
- Lh leg dimensions: [(1, 5, 5, 25), (25, 5, 5, 75), (75, 5, 5, 75), (75, 5, 5, 75), (75, 5, 5, 75), (75, 5, 5, 75), (75, 5, 5, 75), (75, 5, 5, 75), (75, 5, 5, 75), (75, 5, 5, 25), (25, 5, 5, 1)].
- Rh leg dimensions: [(1, 2, 2, 3), (3, 2, 2, 8), (8, 2, 2, 3), (3, 2, 2, 8), (8, 2, 2, 3), (3, 4, 4, 9), (9, 2, 2, 3), (3, 2, 2, 8), (8, 2, 2, 3), (3, 2, 2, 4), (4, 2, 2, 1)].
-> E = <Lh|CC*> + <ALhAL*|CC*|ARhAR*> + <CC*|Rh> = -0.18211510918798218 + -0.09951022018710272 + 0.5589831120894859 = 0.27735778271440104.
- C_updated leg dimensions: [(1, 5, 2, 10), (10, 5, 2, 30), (30, 5, 2, 30), (30, 5, 2, 30), (30, 5, 2, 30), (30, 5, 4, 30), (30, 5, 2, 30), (30, 5, 2, 30), (30, 5, 2, 30), (30, 5, 2, 10), (10, 5, 2, 1)].
- largest Hermiticity error: 5.272910404028897e-06.
- maximal number of matvec operations: 61.
-> E_updated = 0.20515155881738945.
Orthogonality column 11:
- C leg dimensions: [(1, 5, 1, 10), (10, 5, 2, 30), (30, 5, 1, 30), (30, 5, 2, 30), (30, 5, 1, 30), (30, 5, 2, 30), (30, 5, 2, 30), (30, 5, 1, 30), (30, 5, 2, 30), (30, 5, 1, 10), (10, 5, 2, 1)].
- Lh leg dimensions: [(1, 5, 5, 25), (25, 5, 5, 75), (75, 5, 5, 75), (75, 5, 5, 75), (75, 5, 5, 75), (75, 5, 5, 75), (75, 5, 5, 75), (75, 5, 5, 75), (75, 5, 5, 75), (75, 5, 5, 25), (25, 5, 5, 1)].
-> E = <Lh|CC*> + <ALhAL*|CC*|ARhAR*> + <CC*|Rh> = -0.2629243254048351 + 0.559377684995985 + None = 0.2964533595911498.
- C_updated leg dimensions: [(1, 5, 1, 5), (5, 5, 2, 30), (30, 5, 1, 30), (30, 5, 2, 30), (30, 5, 1, 30), (30, 5, 2, 30), (30, 5, 2, 30), (30, 5, 1, 30), (30, 5, 2, 30), (30, 5, 1, 10), (10, 5, 2, 1)].
- largest Hermiticity error: 3.012212938917522e-06.
- maximal number of matvec operations: 61.
-> E_updated = 0.22558922925610847.
Orthogonality column 12:
- C leg dimensions: [(1, 5, 1, 5), (5, 5, 1, 25), (25, 5, 1, 30), (30, 5, 1, 30), (30, 5, 1, 30), (30, 5, 1, 30), (30, 5, 1, 30), (30, 5, 1, 30), (30, 5, 1, 30), (30, 5, 1, 10), (10, 5, 1, 1)].
- Lh leg dimensions: [(1, 5, 5, 25), (25, 5, 5, 75), (75, 5, 5, 75), (75, 5, 5, 75), (75, 5, 5, 75), (75, 5, 5, 75), (75, 5, 5, 75), (75, 5, 5, 75), (75, 5, 5, 75), (75, 5, 5, 25), (25, 5, 5, 1)].
-> E = <Lh|CC*> + <ALhAL*|CC*|ARhAR*> + <CC*|Rh> = 0.3772482026828005 + None + None = 0.3772482026828005.
- C_updated leg dimensions: [(1, 5, 1, 5), (5, 5, 1, 25), (25, 5, 1, 30), (30, 5, 1, 30), (30, 5, 1, 30), (30, 5, 1, 30), (30, 5, 1, 30), (30, 5, 1, 30), (30, 5, 1, 25), (25, 5, 1, 5), (5, 5, 1, 1)].
- largest Hermiticity error: 3.626732430011497e-06.
- maximal number of matvec operations: 51.
-> E_updated = 0.30027429470884276.
Orthogonality column 11:
- C leg dimensions: [(1, 5, 1, 5), (5, 5, 2, 25), (25, 5, 1, 30), (30, 5, 2, 30), (30, 5, 1, 30), (30, 5, 2, 30), (30, 5, 2, 30), (30, 5, 1, 30), (30, 5, 2, 25), (25, 5, 1, 5), (5, 5, 2, 1)].
- Lh leg dimensions: [(1, 5, 5, 25), (25, 5, 5, 75), (75, 5, 5, 75), (75, 5, 5, 75), (75, 5, 5, 75), (75, 5, 5, 75), (75, 5, 5, 75), (75, 5, 5, 75), (75, 5, 5, 75), (75, 5, 5, 25), (25, 5, 5, 1)].
-> E = <Lh|CC*> + <ALhAL*|CC*|ARhAR*> + <CC*|Rh> = -0.25529919045427873 + 0.56298527277635 + None = 0.3076860823220713.
- C_updated leg dimensions: [(1, 5, 1, 5), (5, 5, 2, 30), (30, 5, 1, 30), (30, 5, 2, 30), (30, 5, 1, 30), (30, 5, 2, 30), (30, 5, 2, 30), (30, 5, 1, 30), (30, 5, 2, 30), (30, 5, 1, 10), (10, 5, 2, 1)].
- largest Hermiticity error: 3.833885263098788e-06.
- maximal number of matvec operations: 61.
-> E_updated = 0.22558922927738778.
Orthogonality column 10:
- C leg dimensions: [(1, 5, 2, 5), (5, 5, 2, 30), (30, 5, 2, 30), (30, 5, 2, 30), (30, 5, 2, 30), (30, 5, 4, 30), (30, 5, 2, 30), (30, 5, 2, 30), (30, 5, 2, 30), (30, 5, 2, 10), (10, 5, 2, 1)].
- Lh leg dimensions: [(1, 5, 5, 25), (25, 5, 5, 75), (75, 5, 5, 75), (75, 5, 5, 75), (75, 5, 5, 75), (75, 5, 5, 75), (75, 5, 5, 75), (75, 5, 5, 75), (75, 5, 5, 75), (75, 5, 5, 25), (25, 5, 5, 1)].
- Rh leg dimensions: [(1, 2, 2, 3), (3, 2, 2, 8), (8, 2, 2, 3), (3, 2, 2, 8), (8, 2, 2, 3), (3, 4, 4, 9), (9, 2, 2, 3), (3, 2, 2, 8), (8, 2, 2, 3), (3, 2, 2, 4), (4, 2, 2, 1)].
-> E = <Lh|CC*> + <ALhAL*|CC*|ARhAR*> + <CC*|Rh> = -0.1786666321971986 + -0.09704637883421727 + 0.557941582044692 = 0.28222857101327614.
- C_updated leg dimensions: [(1, 5, 2, 10), (10, 5, 2, 30), (30, 5, 2, 30), (30, 5, 2, 30), (30, 5, 2, 30), (30, 5, 4, 30), (30, 5, 2, 30), (30, 5, 2, 30), (30, 5, 2, 30), (30, 5, 2, 10), (10, 5, 2, 1)].
- largest Hermiticity error: 5.572190484002837e-06.
- maximal number of matvec operations: 61.
-> E_updated = 0.20515092345358885.
Orthogonality column 9:
- C leg dimensions: [(1, 5, 2, 10), (10, 5, 4, 30), (30, 5, 2, 30), (30, 5, 4, 30), (30, 5, 4, 30), (30, 5, 4, 30), (30, 5, 4, 30), (30, 5, 2, 30), (30, 5, 4, 30), (30, 5, 2, 10), (10, 5, 4, 1)].
- Lh leg dimensions: [(1, 5, 5, 25), (25, 5, 5, 75), (75, 5, 5, 75), (75, 5, 5, 75), (75, 5, 5, 75), (75, 5, 5, 75), (75, 5, 5, 75), (75, 5, 5, 75), (75, 5, 5, 75), (75, 5, 5, 25), (25, 5, 5, 1)].
- Rh leg dimensions: [(1, 2, 2, 4), (4, 4, 4, 8), (8, 2, 2, 29), (29, 4, 4, 8), (8, 4, 4, 75), (75, 4, 4, 13), (13, 4, 4, 29), (29, 2, 2, 8), (8, 4, 4, 29), (29, 2, 2, 8), (8, 4, 4, 1)].
-> E = <Lh|CC*> + <ALhAL*|CC*|ARhAR*> + <CC*|Rh> = -0.08392144744768074 + -0.07636109501413235 + 0.4578018477444073 = 0.2975193052825942.
- C_updated leg dimensions: [(1, 5, 2, 10), (10, 5, 4, 30), (30, 5, 2, 30), (30, 5, 4, 30), (30, 5, 4, 30), (30, 5, 4, 30), (30, 5, 4, 30), (30, 5, 2, 30), (30, 5, 4, 30), (30, 5, 2, 20), (20, 5, 4, 1)].
- largest Hermiticity error: 1.2824779043147384e-05.
- maximal number of matvec operations: 71.
-> E_updated = 0.21952602040488187.
Orthogonality column 8:
- C leg dimensions: [(1, 5, 4, 10), (10, 5, 4, 30), (30, 5, 4, 30), (30, 5, 5, 30), (30, 5, 5, 30), (30, 5, 5, 30), (30, 5, 5, 30), (30, 5, 4, 30), (30, 5, 4, 30), (30, 5, 4, 20), (20, 5, 4, 1)].
- Lh leg dimensions: [(1, 5, 5, 25), (25, 5, 5, 75), (75, 5, 5, 75), (75, 5, 5, 75), (75, 5, 5, 75), (75, 5, 5, 75), (75, 5, 5, 75), (75, 5, 5, 75), (75, 5, 5, 75), (75, 5, 5, 25), (25, 5, 5, 1)].
- Rh leg dimensions: [(1, 4, 4, 9), (9, 4, 4, 75), (75, 4, 4, 33), (33, 5, 5, 75), (75, 5, 5, 75), (75, 5, 5, 75), (75, 5, 5, 34), (34, 4, 4, 75), (75, 4, 4, 33), (33, 4, 4, 16), (16, 4, 4, 1)].
-> E = <Lh|CC*> + <ALhAL*|CC*|ARhAR*> + <CC*|Rh> = -0.09973850968555983 + -0.06093787808220702 + 0.37662398812593906 = 0.2159476003581722.
- C_updated leg dimensions: [(1, 5, 4, 20), (20, 5, 4, 30), (30, 5, 4, 30), (30, 5, 5, 30), (30, 5, 5, 30), (30, 5, 5, 30), (30, 5, 5, 30), (30, 5, 4, 30), (30, 5, 4, 30), (30, 5, 4, 20), (20, 5, 4, 1)].
- largest Hermiticity error: 1.5469390589195436e-06.
- maximal number of matvec operations: 71.
-> E_updated = 0.1435121485024707.
Orthogonality column 7:
- C leg dimensions: [(1, 5, 5, 25), (25, 5, 5, 30), (30, 5, 5, 30), (30, 5, 5, 30), (30, 5, 5, 30), (30, 5, 5, 30), (30, 5, 5, 30), (30, 5, 5, 30), (30, 5, 5, 30), (30, 5, 5, 20), (20, 5, 5, 1)].
- Lh leg dimensions: [(1, 5, 5, 25), (25, 5, 5, 75), (75, 5, 5, 75), (75, 5, 5, 75), (75, 5, 5, 75), (75, 5, 5, 75), (75, 5, 5, 75), (75, 5, 5, 75), (75, 5, 5, 75), (75, 5, 5, 25), (25, 5, 5, 1)].
- Rh leg dimensions: [(1, 5, 5, 25), (25, 5, 5, 75), (75, 5, 5, 75), (75, 5, 5, 75), (75, 5, 5, 75), (75, 5, 5, 75), (75, 5, 5, 75), (75, 5, 5, 75), (75, 5, 5, 75), (75, 5, 5, 24), (24, 5, 5, 1)].
-> E = <Lh|CC*> + <ALhAL*|CC*|ARhAR*> + <CC*|Rh> = -0.07070930519749197 + -0.07624978373714282 + 0.3350647427125505 = 0.18810565377791572.
- C_updated leg dimensions: [(1, 5, 5, 25), (25, 5, 5, 30), (30, 5, 5, 30), (30, 5, 5, 30), (30, 5, 5, 30), (30, 5, 5, 30), (30, 5, 5, 30), (30, 5, 5, 30), (30, 5, 5, 30), (30, 5, 5, 25), (25, 5, 5, 1)].
- largest Hermiticity error: 4.3382860108009394e-06.
- maximal number of matvec operations: 71.
-> E_updated = 0.1320925212664542.
Orthogonality column 6:
- C leg dimensions: [(1, 5, 5, 25), (25, 5, 5, 30), (30, 5, 5, 30), (30, 5, 5, 30), (30, 5, 5, 30), (30, 5, 5, 30), (30, 5, 5, 30), (30, 5, 5, 30), (30, 5, 5, 30), (30, 5, 5, 25), (25, 5, 5, 1)].
- Lh leg dimensions: [(1, 5, 5, 25), (25, 5, 5, 75), (75, 5, 5, 75), (75, 5, 5, 75), (75, 5, 5, 75), (75, 5, 5, 75), (75, 5, 5, 75), (75, 5, 5, 75), (75, 5, 5, 75), (75, 5, 5, 25), (25, 5, 5, 1)].
- Rh leg dimensions: [(1, 5, 5, 25), (25, 5, 5, 75), (75, 5, 5, 75), (75, 5, 5, 75), (75, 5, 5, 75), (75, 5, 5, 75), (75, 5, 5, 75), (75, 5, 5, 75), (75, 5, 5, 75), (75, 5, 5, 25), (25, 5, 5, 1)].
-> E = <Lh|CC*> + <ALhAL*|CC*|ARhAR*> + <CC*|Rh> = -0.05387255539686019 + -0.0821862158359041 + 0.3280243799253965 = 0.1919656086926322.
- C_updated leg dimensions: [(1, 5, 5, 25), (25, 5, 5, 30), (30, 5, 5, 30), (30, 5, 5, 30), (30, 5, 5, 30), (30, 5, 5, 30), (30, 5, 5, 30), (30, 5, 5, 30), (30, 5, 5, 30), (30, 5, 5, 25), (25, 5, 5, 1)].
- largest Hermiticity error: 1.3610432327536495e-08.
- maximal number of matvec operations: 71.
-> E_updated = 0.1426091229314667.
Orthogonality column 5:
- C leg dimensions: [(1, 5, 5, 25), (25, 5, 5, 30), (30, 5, 5, 30), (30, 5, 5, 30), (30, 5, 5, 30), (30, 5, 5, 30), (30, 5, 5, 30), (30, 5, 5, 30), (30, 5, 5, 30), (30, 5, 5, 25), (25, 5, 5, 1)].
- Lh leg dimensions: [(1, 5, 5, 24), (24, 5, 5, 75), (75, 5, 5, 75), (75, 5, 5, 75), (75, 5, 5, 75), (75, 5, 5, 75), (75, 5, 5, 75), (75, 5, 5, 75), (75, 5, 5, 75), (75, 5, 5, 25), (25, 5, 5, 1)].
- Rh leg dimensions: [(1, 5, 5, 25), (25, 5, 5, 75), (75, 5, 5, 75), (75, 5, 5, 75), (75, 5, 5, 75), (75, 5, 5, 75), (75, 5, 5, 75), (75, 5, 5, 75), (75, 5, 5, 75), (75, 5, 5, 25), (25, 5, 5, 1)].
-> E = <Lh|CC*> + <ALhAL*|CC*|ARhAR*> + <CC*|Rh> = -0.04557030859840104 + -0.07594518136071177 + 0.24481345474468277 = 0.12329796478556997.
- C_updated leg dimensions: [(1, 5, 5, 25), (25, 5, 5, 30), (30, 5, 5, 30), (30, 5, 5, 30), (30, 5, 5, 30), (30, 5, 5, 30), (30, 5, 5, 30), (30, 5, 5, 30), (30, 5, 5, 30), (30, 5, 5, 25), (25, 5, 5, 1)].
- largest Hermiticity error: 6.552088459130079e-09.
- maximal number of matvec operations: 71.
-> E_updated = 0.07390148513765324.
Orthogonality column 4:
- C leg dimensions: [(1, 4, 5, 20), (20, 4, 5, 30), (30, 4, 5, 30), (30, 4, 5, 30), (30, 5, 5, 30), (30, 5, 5, 30), (30, 5, 5, 30), (30, 5, 5, 30), (30, 4, 5, 30), (30, 4, 5, 20), (20, 4, 5, 1)].
- Lh leg dimensions: [(1, 4, 4, 16), (16, 4, 4, 33), (33, 4, 4, 75), (75, 4, 4, 33), (33, 5, 5, 75), (75, 5, 5, 75), (75, 5, 5, 75), (75, 5, 5, 34), (34, 4, 4, 75), (75, 4, 4, 9), (9, 4, 4, 1)].
- Rh leg dimensions: [(1, 5, 5, 25), (25, 5, 5, 75), (75, 5, 5, 75), (75, 5, 5, 75), (75, 5, 5, 75), (75, 5, 5, 75), (75, 5, 5, 75), (75, 5, 5, 75), (75, 5, 5, 75), (75, 5, 5, 25), (25, 5, 5, 1)].
-> E = <Lh|CC*> + <ALhAL*|CC*|ARhAR*> + <CC*|Rh> = 0.029151736955302703 + -0.0871347870921143 + 0.19894557111895889 = 0.1409625209821473.
- C_updated leg dimensions: [(1, 4, 5, 20), (20, 4, 5, 30), (30, 4, 5, 30), (30, 4, 5, 30), (30, 5, 5, 30), (30, 5, 5, 30), (30, 5, 5, 30), (30, 5, 5, 30), (30, 4, 5, 30), (30, 4, 5, 20), (20, 4, 5, 1)].
- largest Hermiticity error: 9.815798862756976e-09.
- maximal number of matvec operations: 71.
-> E_updated = 0.08750367543263637.
Orthogonality column 3:
- C leg dimensions: [(1, 4, 5, 20), (20, 2, 5, 30), (30, 4, 5, 30), (30, 2, 5, 30), (30, 4, 5, 30), (30, 4, 5, 30), (30, 4, 5, 30), (30, 4, 5, 30), (30, 2, 5, 30), (30, 4, 5, 10), (10, 2, 5, 1)].
- Lh leg dimensions: [(1, 4, 4, 8), (8, 2, 2, 29), (29, 4, 4, 8), (8, 2, 2, 29), (29, 4, 4, 13), (13, 4, 4, 75), (75, 4, 4, 8), (8, 4, 4, 29), (29, 2, 2, 8), (8, 4, 4, 4), (4, 2, 2, 1)].
- Rh leg dimensions: [(1, 5, 5, 25), (25, 5, 5, 75), (75, 5, 5, 75), (75, 5, 5, 75), (75, 5, 5, 75), (75, 5, 5, 75), (75, 5, 5, 75), (75, 5, 5, 75), (75, 5, 5, 75), (75, 5, 5, 25), (25, 5, 5, 1)].
-> E = <Lh|CC*> + <ALhAL*|CC*|ARhAR*> + <CC*|Rh> = 0.138391523403513 + -0.11329269351945181 + 0.15483424487412387 = 0.17993307475818504.
- C_updated leg dimensions: [(1, 4, 5, 20), (20, 2, 5, 30), (30, 4, 5, 30), (30, 2, 5, 30), (30, 4, 5, 30), (30, 4, 5, 30), (30, 4, 5, 30), (30, 4, 5, 30), (30, 2, 5, 30), (30, 4, 5, 10), (10, 2, 5, 1)].
- largest Hermiticity error: 5.278956324356673e-09.
- maximal number of matvec operations: 71.
-> E_updated = 0.11866097596393307.
Orthogonality column 2:
- C leg dimensions: [(1, 2, 5, 10), (10, 2, 5, 30), (30, 2, 5, 30), (30, 2, 5, 30), (30, 2, 5, 30), (30, 4, 5, 30), (30, 2, 5, 30), (30, 2, 5, 30), (30, 2, 5, 30), (30, 2, 5, 10), (10, 2, 5, 1)].
- Lh leg dimensions: [(1, 2, 2, 4), (4, 2, 2, 3), (3, 2, 2, 8), (8, 2, 2, 3), (3, 2, 2, 9), (9, 4, 4, 3), (3, 2, 2, 8), (8, 2, 2, 3), (3, 2, 2, 8), (8, 2, 2, 3), (3, 2, 2, 1)].
- Rh leg dimensions: [(1, 5, 5, 25), (25, 5, 5, 75), (75, 5, 5, 75), (75, 5, 5, 75), (75, 5, 5, 75), (75, 5, 5, 75), (75, 5, 5, 75), (75, 5, 5, 75), (75, 5, 5, 75), (75, 5, 5, 25), (25, 5, 5, 1)].
-> E = <Lh|CC*> + <ALhAL*|CC*|ARhAR*> + <CC*|Rh> = 0.3167813592597449 + -0.17485125832008772 + 0.022520354218614036 = 0.1644504551582712.
- C_updated leg dimensions: [(1, 2, 5, 10), (10, 2, 5, 30), (30, 2, 5, 30), (30, 2, 5, 30), (30, 2, 5, 30), (30, 4, 5, 30), (30, 2, 5, 30), (30, 2, 5, 30), (30, 2, 5, 30), (30, 2, 5, 10), (10, 2, 5, 1)].
- largest Hermiticity error: 5.638004470912134e-09.
- maximal number of matvec operations: 71.
-> E_updated = 0.09881847813666994.
Orthogonality column 1:
- C leg dimensions: [(1, 2, 5, 10), (10, 1, 5, 30), (30, 2, 5, 30), (30, 1, 5, 30), (30, 2, 5, 30), (30, 2, 5, 30), (30, 1, 5, 30), (30, 2, 5, 30), (30, 1, 5, 30), (30, 2, 5, 5), (5, 1, 5, 1)].
- Rh leg dimensions: [(1, 5, 5, 25), (25, 5, 5, 75), (75, 5, 5, 75), (75, 5, 5, 75), (75, 5, 5, 75), (75, 5, 5, 75), (75, 5, 5, 75), (75, 5, 5, 75), (75, 5, 5, 75), (75, 5, 5, 25), (25, 5, 5, 1)].
-> E = <Lh|CC*> + <ALhAL*|CC*|ARhAR*> + <CC*|Rh> = None + 0.31863241129095277 + -0.12484892845847714 = 0.19378348283247562.
- C_updated leg dimensions: [(1, 2, 5, 10), (10, 1, 5, 30), (30, 2, 5, 30), (30, 1, 5, 30), (30, 2, 5, 30), (30, 2, 5, 30), (30, 1, 5, 30), (30, 2, 5, 30), (30, 1, 5, 30), (30, 2, 5, 5), (5, 1, 5, 1)].
- largest Hermiticity error: 5.150506175129676e-09.
- maximal number of matvec operations: 61.
-> E_updated = 0.12259754303007739.
Orthogonality column 0:
- C leg dimensions: [(1, 1, 5, 5), (5, 1, 5, 25), (25, 1, 5, 30), (30, 1, 5, 30), (30, 1, 5, 30), (30, 1, 5, 30), (30, 1, 5, 30), (30, 1, 5, 30), (30, 1, 5, 30), (30, 1, 5, 5), (5, 1, 5, 1)].
- Rh leg dimensions: [(1, 5, 5, 25), (25, 5, 5, 75), (75, 5, 5, 75), (75, 5, 5, 75), (75, 5, 5, 75), (75, 5, 5, 75), (75, 5, 5, 75), (75, 5, 5, 75), (75, 5, 5, 75), (75, 5, 5, 25), (25, 5, 5, 1)].
-> E = <Lh|CC*> + <ALhAL*|CC*|ARhAR*> + <CC*|Rh> = None + None + 0.2735091773203283 = 0.2735091773203283.
- C_updated leg dimensions: [(1, 1, 5, 5), (5, 1, 5, 25), (25, 1, 5, 30), (30, 1, 5, 30), (30, 1, 5, 30), (30, 1, 5, 30), (30, 1, 5, 30), (30, 1, 5, 30), (30, 1, 5, 25), (25, 1, 5, 5), (5, 1, 5, 1)].
- largest Hermiticity error: 3.1783048124327032e-09.
- maximal number of matvec operations: 51.
-> E_updated = 0.16552023517037362.
=> <H> - E0 = 0.19682301345255837.

<H>s - E0 = [0.18104674 0.17493365 0.19682301]
