Lx = 6, Ly = 6, g = 3.5, D_max = 3, chi_max_c = 18, chi_max_b = 54. 

E0_exact = -261.32772977. 

es = [-31.41208693 -20.97687292 -20.98886473 -20.99177637 -20.99492687
 -20.98894142 -20.99954698 -20.9966641  -21.00214909 -20.99203665
 -31.5047237 ].
E = -251.8485897758009.
E - E0 = 9.47913999419913.
subtract energy E0_exact evenly from all columns.

BoundaryCompression performed 3 sweeps.
BoundaryCompression performed 3 sweeps.
BoundaryCompression performed 3 sweeps.
BoundaryCompression performed 3 sweeps.
BoundaryCompression performed 3 sweeps.
BoundaryCompression performed 3 sweeps.
BoundaryCompression performed 3 sweeps.
BoundaryCompression performed 3 sweeps.
BoundaryCompression performed 3 sweeps.
BoundaryCompression performed 3 sweeps.
BoundaryCompression performed 3 sweeps.

DMRGSquared sweep 1 ...
Orthogonality column 0:
- C leg dimensions: [(1, 1, 3, 3), (3, 1, 3, 9), (9, 1, 3, 18), (18, 1, 3, 18), (18, 1, 3, 18), (18, 1, 3, 18), (18, 1, 3, 18), (18, 1, 3, 18), (18, 1, 3, 9), (9, 1, 3, 3), (3, 1, 3, 1)].
- Rh leg dimensions: [(1, 3, 3, 9), (9, 3, 3, 54), (54, 3, 3, 54), (54, 3, 3, 54), (54, 3, 3, 54), (54, 3, 3, 54), (54, 3, 3, 54), (54, 3, 3, 54), (54, 3, 3, 54), (54, 3, 3, 9), (9, 3, 3, 1)].
-> E = <Lh|CC*> + <ALhAL*|CC*|ARhAR*> + <CC*|Rh> = None + None + 3.806607204076613 = 3.806607204076613.
ColumnDMRG performed 3 sweeps.
- C_updated leg dimensions: [(1, 1, 3, 3), (3, 1, 3, 9), (9, 1, 3, 18), (18, 1, 3, 18), (18, 1, 3, 18), (18, 1, 3, 18), (18, 1, 3, 18), (18, 1, 3, 18), (18, 1, 3, 9), (9, 1, 3, 3), (3, 1, 3, 1)].
- largest Hermiticity error: 2.5907285419975174e-09.
- maximal number of matvec operations: 31.
-> E_updated = 2.7385354298106352.
Orthogonality column 1:
- C leg dimensions: [(1, 2, 3, 3), (3, 1, 3, 9), (9, 2, 3, 18), (18, 1, 3, 18), (18, 2, 3, 18), (18, 2, 3, 18), (18, 1, 3, 18), (18, 2, 3, 18), (18, 1, 3, 9), (9, 2, 3, 3), (3, 1, 3, 1)].
- Rh leg dimensions: [(1, 3, 3, 9), (9, 3, 3, 54), (54, 3, 3, 54), (54, 3, 3, 54), (54, 3, 3, 54), (54, 3, 3, 54), (54, 3, 3, 54), (54, 3, 3, 54), (54, 3, 3, 54), (54, 3, 3, 9), (9, 3, 3, 1)].
-> E = <Lh|CC*> + <ALhAL*|CC*|ARhAR*> + <CC*|Rh> = None + 1.0775892759881867 + 3.735875657254885 = 4.813464933243072.
ColumnDMRG performed 3 sweeps.
- C_updated leg dimensions: [(1, 2, 3, 6), (6, 1, 3, 18), (18, 2, 3, 18), (18, 1, 3, 18), (18, 2, 3, 18), (18, 2, 3, 18), (18, 1, 3, 18), (18, 2, 3, 18), (18, 1, 3, 18), (18, 2, 3, 3), (3, 1, 3, 1)].
- largest Hermiticity error: 4.36559835478608e-10.
- maximal number of matvec operations: 41.
-> E_updated = 4.664489244211667.
BoundaryCompression performed 3 sweeps.
Orthogonality column 2:
- C leg dimensions: [(1, 2, 3, 6), (6, 2, 3, 18), (18, 2, 3, 18), (18, 2, 3, 18), (18, 2, 3, 18), (18, 3, 3, 18), (18, 2, 3, 18), (18, 2, 3, 18), (18, 2, 3, 18), (18, 2, 3, 3), (3, 2, 3, 1)].
- Lh leg dimensions: [(1, 2, 2, 4), (4, 2, 2, 3), (3, 2, 2, 8), (8, 2, 2, 3), (3, 2, 2, 9), (9, 3, 3, 3), (3, 2, 2, 8), (8, 2, 2, 3), (3, 2, 2, 8), (8, 2, 2, 3), (3, 2, 2, 1)].
- Rh leg dimensions: [(1, 3, 3, 9), (9, 3, 3, 54), (54, 3, 3, 54), (54, 3, 3, 54), (54, 3, 3, 54), (54, 3, 3, 54), (54, 3, 3, 54), (54, 3, 3, 54), (54, 3, 3, 54), (54, 3, 3, 9), (9, 3, 3, 1)].
-> E = <Lh|CC*> + <ALhAL*|CC*|ARhAR*> + <CC*|Rh> = 0.9333887327259516 + 0.7344085279198462 + 3.7217239997880247 = 5.389521260433822.
ColumnDMRG performed 3 sweeps.
- C_updated leg dimensions: [(1, 2, 3, 6), (6, 2, 3, 18), (18, 2, 3, 18), (18, 2, 3, 18), (18, 2, 3, 18), (18, 3, 3, 18), (18, 2, 3, 18), (18, 2, 3, 18), (18, 2, 3, 18), (18, 2, 3, 6), (6, 2, 3, 1)].
- largest Hermiticity error: 6.484541549489973e-10.
- maximal number of matvec operations: 61.
-> E_updated = 4.472597984556147.
BoundaryCompression performed 3 sweeps.
Orthogonality column 3:
- C leg dimensions: [(1, 3, 3, 6), (6, 2, 3, 18), (18, 3, 3, 18), (18, 2, 3, 18), (18, 3, 3, 18), (18, 3, 3, 18), (18, 3, 3, 18), (18, 3, 3, 18), (18, 2, 3, 18), (18, 3, 3, 6), (6, 2, 3, 1)].
- Lh leg dimensions: [(1, 3, 3, 8), (8, 2, 2, 25), (25, 3, 3, 8), (8, 2, 2, 25), (25, 3, 3, 13), (13, 3, 3, 45), (45, 3, 3, 8), (8, 3, 3, 25), (25, 2, 2, 8), (8, 3, 3, 4), (4, 2, 2, 1)].
- Rh leg dimensions: [(1, 3, 3, 9), (9, 3, 3, 54), (54, 3, 3, 54), (54, 3, 3, 54), (54, 3, 3, 54), (54, 3, 3, 54), (54, 3, 3, 54), (54, 3, 3, 54), (54, 3, 3, 54), (54, 3, 3, 9), (9, 3, 3, 1)].
-> E = <Lh|CC*> + <ALhAL*|CC*|ARhAR*> + <CC*|Rh> = 0.7884054156641829 + 0.7572852629366686 + 3.715708123721408 = 5.26139880232226.
ColumnDMRG performed 3 sweeps.
- C_updated leg dimensions: [(1, 3, 3, 9), (9, 2, 3, 18), (18, 3, 3, 18), (18, 2, 3, 18), (18, 3, 3, 18), (18, 3, 3, 18), (18, 3, 3, 18), (18, 3, 3, 18), (18, 2, 3, 18), (18, 3, 3, 6), (6, 2, 3, 1)].
- largest Hermiticity error: 6.204367038311649e-10.
- maximal number of matvec operations: 61.
-> E_updated = 4.43370027411213.
BoundaryCompression performed 3 sweeps.
Orthogonality column 4:
- C leg dimensions: [(1, 3, 3, 9), (9, 3, 3, 18), (18, 3, 3, 18), (18, 3, 3, 18), (18, 3, 3, 18), (18, 3, 3, 18), (18, 3, 3, 18), (18, 3, 3, 18), (18, 3, 3, 18), (18, 3, 3, 6), (6, 3, 3, 1)].
- Lh leg dimensions: [(1, 3, 3, 9), (9, 3, 3, 25), (25, 3, 3, 54), (54, 3, 3, 25), (25, 3, 3, 54), (54, 3, 3, 45), (45, 3, 3, 54), (54, 3, 3, 25), (25, 3, 3, 45), (45, 3, 3, 8), (8, 3, 3, 1)].
- Rh leg dimensions: [(1, 3, 3, 9), (9, 3, 3, 54), (54, 3, 3, 54), (54, 3, 3, 54), (54, 3, 3, 54), (54, 3, 3, 54), (54, 3, 3, 54), (54, 3, 3, 54), (54, 3, 3, 54), (54, 3, 3, 9), (9, 3, 3, 1)].
-> E = <Lh|CC*> + <ALhAL*|CC*|ARhAR*> + <CC*|Rh> = 0.7932658398358763 + 0.7466064579432464 + 4.3312659766509745 = 5.871138274430097.
ColumnDMRG performed 3 sweeps.
- C_updated leg dimensions: [(1, 3, 3, 9), (9, 3, 3, 18), (18, 3, 3, 18), (18, 3, 3, 18), (18, 3, 3, 18), (18, 3, 3, 18), (18, 3, 3, 18), (18, 3, 3, 18), (18, 3, 3, 18), (18, 3, 3, 9), (9, 3, 3, 1)].
- largest Hermiticity error: 9.511530137112196e-10.
- maximal number of matvec operations: 61.
-> E_updated = 5.1045800833418165.
BoundaryCompression performed 3 sweeps.
Orthogonality column 5:
- C leg dimensions: [(1, 3, 3, 9), (9, 3, 3, 18), (18, 3, 3, 18), (18, 3, 3, 18), (18, 3, 3, 18), (18, 3, 3, 18), (18, 3, 3, 18), (18, 3, 3, 18), (18, 3, 3, 18), (18, 3, 3, 9), (9, 3, 3, 1)].
- Lh leg dimensions: [(1, 3, 3, 9), (9, 3, 3, 54), (54, 3, 3, 54), (54, 3, 3, 54), (54, 3, 3, 54), (54, 3, 3, 54), (54, 3, 3, 54), (54, 3, 3, 54), (54, 3, 3, 54), (54, 3, 3, 9), (9, 3, 3, 1)].
- Rh leg dimensions: [(1, 3, 3, 9), (9, 3, 3, 54), (54, 3, 3, 54), (54, 3, 3, 54), (54, 3, 3, 54), (54, 3, 3, 54), (54, 3, 3, 54), (54, 3, 3, 54), (54, 3, 3, 54), (54, 3, 3, 9), (9, 3, 3, 1)].
-> E = <Lh|CC*> + <ALhAL*|CC*|ARhAR*> + <CC*|Rh> = 0.8981179046563673 + 0.698999884163466 + 4.435004208379028 = 6.032121997198861.
ColumnDMRG performed 3 sweeps.
- C_updated leg dimensions: [(1, 3, 3, 9), (9, 3, 3, 18), (18, 3, 3, 18), (18, 3, 3, 18), (18, 3, 3, 18), (18, 3, 3, 18), (18, 3, 3, 18), (18, 3, 3, 18), (18, 3, 3, 18), (18, 3, 3, 9), (9, 3, 3, 1)].
- largest Hermiticity error: 1.8687700214706382e-09.
- maximal number of matvec operations: 51.
-> E_updated = 5.234823128122382.
BoundaryCompression performed 3 sweeps.
Orthogonality column 6:
- C leg dimensions: [(1, 3, 3, 9), (9, 3, 3, 18), (18, 3, 3, 18), (18, 3, 3, 18), (18, 3, 3, 18), (18, 3, 3, 18), (18, 3, 3, 18), (18, 3, 3, 18), (18, 3, 3, 18), (18, 3, 3, 9), (9, 3, 3, 1)].
- Lh leg dimensions: [(1, 3, 3, 9), (9, 3, 3, 54), (54, 3, 3, 54), (54, 3, 3, 54), (54, 3, 3, 54), (54, 3, 3, 54), (54, 3, 3, 54), (54, 3, 3, 54), (54, 3, 3, 54), (54, 3, 3, 9), (9, 3, 3, 1)].
- Rh leg dimensions: [(1, 3, 3, 9), (9, 3, 3, 54), (54, 3, 3, 54), (54, 3, 3, 54), (54, 3, 3, 54), (54, 3, 3, 54), (54, 3, 3, 54), (54, 3, 3, 54), (54, 3, 3, 54), (54, 3, 3, 9), (9, 3, 3, 1)].
-> E = <Lh|CC*> + <ALhAL*|CC*|ARhAR*> + <CC*|Rh> = 0.872578478633525 + 0.7503688215586449 + 4.0369274010079055 = 5.659874701200075.
ColumnDMRG performed 3 sweeps.
- C_updated leg dimensions: [(1, 3, 3, 9), (9, 3, 3, 18), (18, 3, 3, 18), (18, 3, 3, 18), (18, 3, 3, 18), (18, 3, 3, 18), (18, 3, 3, 18), (18, 3, 3, 18), (18, 3, 3, 18), (18, 3, 3, 9), (9, 3, 3, 1)].
- largest Hermiticity error: 8.64741391381986e-09.
- maximal number of matvec operations: 51.
-> E_updated = 5.166039564702158.
BoundaryCompression performed 3 sweeps.
Orthogonality column 7:
- C leg dimensions: [(1, 3, 3, 9), (9, 3, 3, 18), (18, 3, 3, 18), (18, 3, 3, 18), (18, 3, 3, 18), (18, 3, 3, 18), (18, 3, 3, 18), (18, 3, 3, 18), (18, 3, 3, 18), (18, 3, 3, 9), (9, 3, 3, 1)].
- Lh leg dimensions: [(1, 3, 3, 9), (9, 3, 3, 54), (54, 3, 3, 54), (54, 3, 3, 54), (54, 3, 3, 54), (54, 3, 3, 54), (54, 3, 3, 54), (54, 3, 3, 54), (54, 3, 3, 54), (54, 3, 3, 9), (9, 3, 3, 1)].
- Rh leg dimensions: [(1, 3, 3, 9), (9, 3, 3, 54), (54, 3, 3, 54), (54, 3, 3, 54), (54, 3, 3, 54), (54, 3, 3, 54), (54, 3, 3, 54), (54, 3, 3, 54), (54, 3, 3, 54), (54, 3, 3, 9), (9, 3, 3, 1)].
-> E = <Lh|CC*> + <ALhAL*|CC*|ARhAR*> + <CC*|Rh> = 1.2887470210134744 + 0.756944785504204 + 3.4828120340296636 = 5.528503840547342.
ColumnDMRG performed 3 sweeps.
- C_updated leg dimensions: [(1, 3, 3, 9), (9, 3, 3, 18), (18, 3, 3, 18), (18, 3, 3, 18), (18, 3, 3, 18), (18, 3, 3, 18), (18, 3, 3, 18), (18, 3, 3, 18), (18, 3, 3, 18), (18, 3, 3, 9), (9, 3, 3, 1)].
- largest Hermiticity error: 1.397850652148602e-08.
- maximal number of matvec operations: 51.
-> E_updated = 4.9442001417543855.
BoundaryCompression performed 3 sweeps.
Orthogonality column 8:
- C leg dimensions: [(1, 3, 3, 9), (9, 3, 3, 18), (18, 3, 3, 18), (18, 3, 3, 18), (18, 3, 3, 18), (18, 3, 3, 18), (18, 3, 3, 18), (18, 3, 3, 18), (18, 3, 3, 18), (18, 3, 3, 9), (9, 3, 3, 1)].
- Lh leg dimensions: [(1, 3, 3, 9), (9, 3, 3, 54), (54, 3, 3, 54), (54, 3, 3, 54), (54, 3, 3, 54), (54, 3, 3, 54), (54, 3, 3, 54), (54, 3, 3, 54), (54, 3, 3, 54), (54, 3, 3, 9), (9, 3, 3, 1)].
- Rh leg dimensions: [(1, 3, 3, 8), (8, 3, 3, 45), (45, 3, 3, 25), (25, 3, 3, 54), (54, 3, 3, 25), (25, 3, 3, 54), (54, 3, 3, 25), (25, 3, 3, 54), (54, 3, 3, 25), (25, 3, 3, 9), (9, 3, 3, 1)].
-> E = <Lh|CC*> + <ALhAL*|CC*|ARhAR*> + <CC*|Rh> = 1.6972365198362689 + 0.678076286194709 + 2.7843050832931278 = 5.159617889324106.
ColumnDMRG performed 3 sweeps.
- C_updated leg dimensions: [(1, 3, 3, 9), (9, 3, 3, 18), (18, 3, 3, 18), (18, 3, 3, 18), (18, 3, 3, 18), (18, 3, 3, 18), (18, 3, 3, 18), (18, 3, 3, 18), (18, 3, 3, 18), (18, 3, 3, 9), (9, 3, 3, 1)].
- largest Hermiticity error: 1.4727957860482695e-09.
- maximal number of matvec operations: 41.
-> E_updated = 4.137586316584247.
BoundaryCompression performed 3 sweeps.
Orthogonality column 9:
- C leg dimensions: [(1, 3, 2, 9), (9, 3, 3, 18), (18, 3, 2, 18), (18, 3, 3, 18), (18, 3, 2, 18), (18, 3, 3, 18), (18, 3, 2, 18), (18, 3, 3, 18), (18, 3, 2, 18), (18, 3, 3, 9), (9, 3, 3, 1)].
- Lh leg dimensions: [(1, 3, 3, 9), (9, 3, 3, 54), (54, 3, 3, 54), (54, 3, 3, 54), (54, 3, 3, 54), (54, 3, 3, 54), (54, 3, 3, 54), (54, 3, 3, 54), (54, 3, 3, 54), (54, 3, 3, 9), (9, 3, 3, 1)].
- Rh leg dimensions: [(1, 2, 2, 4), (4, 3, 3, 8), (8, 2, 2, 25), (25, 3, 3, 8), (8, 2, 2, 25), (25, 3, 3, 8), (8, 2, 2, 25), (25, 3, 3, 8), (8, 2, 2, 25), (25, 3, 3, 9), (9, 3, 3, 1)].
-> E = <Lh|CC*> + <ALhAL*|CC*|ARhAR*> + <CC*|Rh> = 1.9174919335026508 + 0.47917303079847967 + 1.8178539946233878 = 4.214518958924518.
ColumnDMRG performed 3 sweeps.
- C_updated leg dimensions: [(1, 3, 2, 6), (6, 3, 3, 18), (18, 3, 2, 18), (18, 3, 3, 18), (18, 3, 2, 18), (18, 3, 3, 18), (18, 3, 2, 18), (18, 3, 3, 18), (18, 3, 2, 18), (18, 3, 3, 9), (9, 3, 3, 1)].
- largest Hermiticity error: 6.684879999593382e-09.
- maximal number of matvec operations: 41.
-> E_updated = 3.2925540245763494.
BoundaryCompression performed 3 sweeps.
Orthogonality column 10:
- C leg dimensions: [(1, 3, 2, 6), (6, 3, 2, 18), (18, 3, 2, 18), (18, 3, 2, 18), (18, 3, 2, 18), (18, 3, 2, 18), (18, 3, 2, 18), (18, 3, 2, 18), (18, 3, 2, 18), (18, 3, 2, 9), (9, 3, 3, 1)].
- Lh leg dimensions: [(1, 3, 3, 9), (9, 3, 3, 54), (54, 3, 3, 54), (54, 3, 3, 54), (54, 3, 3, 54), (54, 3, 3, 54), (54, 3, 3, 54), (54, 3, 3, 54), (54, 3, 3, 54), (54, 3, 3, 9), (9, 3, 3, 1)].
- Rh leg dimensions: [(1, 2, 2, 3), (3, 2, 2, 8), (8, 2, 2, 3), (3, 2, 2, 8), (8, 2, 2, 3), (3, 2, 2, 8), (8, 2, 2, 3), (3, 2, 2, 8), (8, 2, 2, 3), (3, 2, 2, 8), (8, 3, 3, 1)].
-> E = <Lh|CC*> + <ALhAL*|CC*|ARhAR*> + <CC*|Rh> = 2.062289040542473 + 0.3143220830328933 + 0.9751090814754722 = 3.351720205050839.
ColumnDMRG performed 3 sweeps.
- C_updated leg dimensions: [(1, 3, 2, 6), (6, 3, 2, 18), (18, 3, 2, 18), (18, 3, 2, 18), (18, 3, 2, 18), (18, 3, 2, 18), (18, 3, 2, 18), (18, 3, 2, 18), (18, 3, 2, 18), (18, 3, 2, 9), (9, 3, 3, 1)].
- largest Hermiticity error: 1.2727763361836789e-08.
- maximal number of matvec operations: 41.
-> E_updated = 2.344472739451941.
BoundaryCompression performed 3 sweeps.
Orthogonality column 11:
- C leg dimensions: [(1, 3, 1, 6), (6, 3, 2, 18), (18, 3, 1, 18), (18, 3, 2, 18), (18, 3, 1, 18), (18, 3, 2, 18), (18, 3, 1, 18), (18, 3, 2, 18), (18, 3, 1, 18), (18, 3, 2, 6), (6, 3, 2, 1)].
- Lh leg dimensions: [(1, 3, 3, 9), (9, 3, 3, 54), (54, 3, 3, 54), (54, 3, 3, 54), (54, 3, 3, 54), (54, 3, 3, 54), (54, 3, 3, 54), (54, 3, 3, 54), (54, 3, 3, 54), (54, 3, 3, 9), (9, 3, 3, 1)].
-> E = <Lh|CC*> + <ALhAL*|CC*|ARhAR*> + <CC*|Rh> = 1.979768126026676 + 0.41706929798570164 + None = 2.3968374240123778.
ColumnDMRG performed 3 sweeps.
- C_updated leg dimensions: [(1, 3, 1, 3), (3, 3, 2, 18), (18, 3, 1, 18), (18, 3, 2, 18), (18, 3, 1, 18), (18, 3, 2, 18), (18, 3, 1, 18), (18, 3, 2, 18), (18, 3, 1, 18), (18, 3, 2, 6), (6, 3, 2, 1)].
- largest Hermiticity error: 9.321579240297982e-09.
- maximal number of matvec operations: 41.
-> E_updated = 2.32267140140176.
BoundaryCompression performed 3 sweeps.
Orthogonality column 12:
- C leg dimensions: [(1, 3, 1, 3), (3, 3, 1, 9), (9, 3, 1, 18), (18, 3, 1, 18), (18, 3, 1, 18), (18, 3, 1, 18), (18, 3, 1, 18), (18, 3, 1, 18), (18, 3, 1, 18), (18, 3, 1, 6), (6, 3, 1, 1)].
- Lh leg dimensions: [(1, 3, 3, 9), (9, 3, 3, 54), (54, 3, 3, 54), (54, 3, 3, 54), (54, 3, 3, 54), (54, 3, 3, 54), (54, 3, 3, 54), (54, 3, 3, 54), (54, 3, 3, 54), (54, 3, 3, 9), (9, 3, 3, 1)].
-> E = <Lh|CC*> + <ALhAL*|CC*|ARhAR*> + <CC*|Rh> = 2.375826941834964 + None + None = 2.375826941834964.
ColumnDMRG performed 3 sweeps.
- C_updated leg dimensions: [(1, 3, 1, 3), (3, 3, 1, 9), (9, 3, 1, 18), (18, 3, 1, 18), (18, 3, 1, 18), (18, 3, 1, 18), (18, 3, 1, 18), (18, 3, 1, 18), (18, 3, 1, 9), (9, 3, 1, 3), (3, 3, 1, 1)].
- largest Hermiticity error: 1.460399302349929e-08.
- maximal number of matvec operations: 31.
-> E_updated = 2.364743048578182.
Orthogonality column 11:
- C leg dimensions: [(1, 3, 1, 3), (3, 3, 2, 9), (9, 3, 1, 18), (18, 3, 2, 18), (18, 3, 1, 18), (18, 3, 2, 18), (18, 3, 2, 18), (18, 3, 1, 18), (18, 3, 2, 9), (9, 3, 1, 3), (3, 3, 2, 1)].
- Lh leg dimensions: [(1, 3, 3, 9), (9, 3, 3, 54), (54, 3, 3, 54), (54, 3, 3, 54), (54, 3, 3, 54), (54, 3, 3, 54), (54, 3, 3, 54), (54, 3, 3, 54), (54, 3, 3, 54), (54, 3, 3, 9), (9, 3, 3, 1)].
-> E = <Lh|CC*> + <ALhAL*|CC*|ARhAR*> + <CC*|Rh> = 1.9721317178270712 + 0.37904975497883436 + None = 2.3511814728059055.
ColumnDMRG performed 3 sweeps.
- C_updated leg dimensions: [(1, 3, 1, 3), (3, 3, 2, 18), (18, 3, 1, 18), (18, 3, 2, 18), (18, 3, 1, 18), (18, 3, 2, 18), (18, 3, 2, 18), (18, 3, 1, 18), (18, 3, 2, 18), (18, 3, 1, 6), (6, 3, 2, 1)].
- largest Hermiticity error: 1.0588287806259644e-08.
- maximal number of matvec operations: 41.
-> E_updated = 2.322673991413273.
BoundaryCompression performed 3 sweeps.
Orthogonality column 10:
- C leg dimensions: [(1, 3, 2, 3), (3, 3, 2, 18), (18, 3, 2, 18), (18, 3, 2, 18), (18, 3, 2, 18), (18, 3, 3, 18), (18, 3, 2, 18), (18, 3, 2, 18), (18, 3, 2, 18), (18, 3, 2, 6), (6, 3, 2, 1)].
- Lh leg dimensions: [(1, 3, 3, 9), (9, 3, 3, 54), (54, 3, 3, 54), (54, 3, 3, 54), (54, 3, 3, 54), (54, 3, 3, 54), (54, 3, 3, 54), (54, 3, 3, 54), (54, 3, 3, 54), (54, 3, 3, 9), (9, 3, 3, 1)].
- Rh leg dimensions: [(1, 2, 2, 3), (3, 2, 2, 8), (8, 2, 2, 3), (3, 2, 2, 8), (8, 2, 2, 3), (3, 3, 3, 9), (9, 2, 2, 3), (3, 2, 2, 8), (8, 2, 2, 3), (3, 2, 2, 4), (4, 2, 2, 1)].
-> E = <Lh|CC*> + <ALhAL*|CC*|ARhAR*> + <CC*|Rh> = 1.948212756830971 + 0.0038675116070533548 + 0.3770975734876461 = 2.3291778419256706.
ColumnDMRG performed 3 sweeps.
- C_updated leg dimensions: [(1, 3, 2, 6), (6, 3, 2, 18), (18, 3, 2, 18), (18, 3, 2, 18), (18, 3, 2, 18), (18, 3, 3, 18), (18, 3, 2, 18), (18, 3, 2, 18), (18, 3, 2, 18), (18, 3, 2, 6), (6, 3, 2, 1)].
- largest Hermiticity error: 1.0972687160356002e-08.
- maximal number of matvec operations: 41.
-> E_updated = 2.2776456832819565.
BoundaryCompression performed 3 sweeps.
Orthogonality column 9:
- C leg dimensions: [(1, 3, 2, 6), (6, 3, 3, 18), (18, 3, 2, 18), (18, 3, 3, 18), (18, 3, 3, 18), (18, 3, 3, 18), (18, 3, 3, 18), (18, 3, 2, 18), (18, 3, 3, 18), (18, 3, 2, 6), (6, 3, 3, 1)].
- Lh leg dimensions: [(1, 3, 3, 9), (9, 3, 3, 54), (54, 3, 3, 54), (54, 3, 3, 54), (54, 3, 3, 54), (54, 3, 3, 54), (54, 3, 3, 54), (54, 3, 3, 54), (54, 3, 3, 54), (54, 3, 3, 9), (9, 3, 3, 1)].
- Rh leg dimensions: [(1, 2, 2, 4), (4, 3, 3, 8), (8, 2, 2, 25), (25, 3, 3, 8), (8, 3, 3, 45), (45, 3, 3, 12), (12, 3, 3, 25), (25, 2, 2, 8), (8, 3, 3, 25), (25, 2, 2, 8), (8, 3, 3, 1)].
-> E = <Lh|CC*> + <ALhAL*|CC*|ARhAR*> + <CC*|Rh> = 1.919432647428287 + -0.020976495478326796 + 0.3686183053870553 = 2.2670744573370154.
ColumnDMRG performed 3 sweeps.
- C_updated leg dimensions: [(1, 3, 2, 6), (6, 3, 3, 18), (18, 3, 2, 18), (18, 3, 3, 18), (18, 3, 3, 18), (18, 3, 3, 18), (18, 3, 3, 18), (18, 3, 2, 18), (18, 3, 3, 18), (18, 3, 2, 9), (9, 3, 3, 1)].
- largest Hermiticity error: 7.033333116869993e-09.
- maximal number of matvec operations: 41.
-> E_updated = 2.0697094770014655.
BoundaryCompression performed 3 sweeps.
Orthogonality column 8:
- C leg dimensions: [(1, 3, 3, 6), (6, 3, 3, 18), (18, 3, 3, 18), (18, 3, 3, 18), (18, 3, 3, 18), (18, 3, 3, 18), (18, 3, 3, 18), (18, 3, 3, 18), (18, 3, 3, 18), (18, 3, 3, 9), (9, 3, 3, 1)].
- Lh leg dimensions: [(1, 3, 3, 9), (9, 3, 3, 54), (54, 3, 3, 54), (54, 3, 3, 54), (54, 3, 3, 54), (54, 3, 3, 54), (54, 3, 3, 54), (54, 3, 3, 54), (54, 3, 3, 54), (54, 3, 3, 9), (9, 3, 3, 1)].
- Rh leg dimensions: [(1, 3, 3, 8), (8, 3, 3, 45), (45, 3, 3, 25), (25, 3, 3, 54), (54, 3, 3, 45), (45, 3, 3, 54), (54, 3, 3, 25), (25, 3, 3, 54), (54, 3, 3, 25), (25, 3, 3, 9), (9, 3, 3, 1)].
-> E = <Lh|CC*> + <ALhAL*|CC*|ARhAR*> + <CC*|Rh> = 1.5907171849780306 + 0.32639849044780356 + 0.1599755563556148 = 2.077091231781449.
ColumnDMRG performed 3 sweeps.
- C_updated leg dimensions: [(1, 3, 3, 9), (9, 3, 3, 18), (18, 3, 3, 18), (18, 3, 3, 18), (18, 3, 3, 18), (18, 3, 3, 18), (18, 3, 3, 18), (18, 3, 3, 18), (18, 3, 3, 18), (18, 3, 3, 9), (9, 3, 3, 1)].
- largest Hermiticity error: 2.1385841839536535e-09.
- maximal number of matvec operations: 41.
-> E_updated = 1.9062164486577724.
BoundaryCompression performed 3 sweeps.
Orthogonality column 7:
- C leg dimensions: [(1, 3, 3, 9), (9, 3, 3, 18), (18, 3, 3, 18), (18, 3, 3, 18), (18, 3, 3, 18), (18, 3, 3, 18), (18, 3, 3, 18), (18, 3, 3, 18), (18, 3, 3, 18), (18, 3, 3, 9), (9, 3, 3, 1)].
- Lh leg dimensions: [(1, 3, 3, 9), (9, 3, 3, 54), (54, 3, 3, 54), (54, 3, 3, 54), (54, 3, 3, 54), (54, 3, 3, 54), (54, 3, 3, 54), (54, 3, 3, 54), (54, 3, 3, 54), (54, 3, 3, 9), (9, 3, 3, 1)].
- Rh leg dimensions: [(1, 3, 3, 9), (9, 3, 3, 54), (54, 3, 3, 54), (54, 3, 3, 54), (54, 3, 3, 54), (54, 3, 3, 54), (54, 3, 3, 54), (54, 3, 3, 54), (54, 3, 3, 54), (54, 3, 3, 9), (9, 3, 3, 1)].
-> E = <Lh|CC*> + <ALhAL*|CC*|ARhAR*> + <CC*|Rh> = 1.1054123777027054 + 0.44961518295434966 + 0.35417059254226047 = 1.9091981531993154.
ColumnDMRG performed 3 sweeps.
- C_updated leg dimensions: [(1, 3, 3, 9), (9, 3, 3, 18), (18, 3, 3, 18), (18, 3, 3, 18), (18, 3, 3, 18), (18, 3, 3, 18), (18, 3, 3, 18), (18, 3, 3, 18), (18, 3, 3, 18), (18, 3, 3, 9), (9, 3, 3, 1)].
- largest Hermiticity error: 5.431985726252742e-10.
- maximal number of matvec operations: 51.
-> E_updated = 1.351471330228698.
BoundaryCompression performed 3 sweeps.
Orthogonality column 6:
- C leg dimensions: [(1, 3, 3, 9), (9, 3, 3, 18), (18, 3, 3, 18), (18, 3, 3, 18), (18, 3, 3, 18), (18, 3, 3, 18), (18, 3, 3, 18), (18, 3, 3, 18), (18, 3, 3, 18), (18, 3, 3, 9), (9, 3, 3, 1)].
- Lh leg dimensions: [(1, 3, 3, 9), (9, 3, 3, 54), (54, 3, 3, 54), (54, 3, 3, 54), (54, 3, 3, 54), (54, 3, 3, 54), (54, 3, 3, 54), (54, 3, 3, 54), (54, 3, 3, 54), (54, 3, 3, 9), (9, 3, 3, 1)].
- Rh leg dimensions: [(1, 3, 3, 9), (9, 3, 3, 54), (54, 3, 3, 54), (54, 3, 3, 54), (54, 3, 3, 54), (54, 3, 3, 54), (54, 3, 3, 54), (54, 3, 3, 54), (54, 3, 3, 54), (54, 3, 3, 9), (9, 3, 3, 1)].
-> E = <Lh|CC*> + <ALhAL*|CC*|ARhAR*> + <CC*|Rh> = 0.7432500443634469 + 0.3758941799896663 + 0.2259550657784775 = 1.3450992901315906.
ColumnDMRG performed 3 sweeps.
- C_updated leg dimensions: [(1, 3, 3, 9), (9, 3, 3, 18), (18, 3, 3, 18), (18, 3, 3, 18), (18, 3, 3, 18), (18, 3, 3, 18), (18, 3, 3, 18), (18, 3, 3, 18), (18, 3, 3, 18), (18, 3, 3, 9), (9, 3, 3, 1)].
- largest Hermiticity error: 8.220844398381706e-10.
- maximal number of matvec operations: 51.
-> E_updated = 0.9069183544902326.
BoundaryCompression performed 3 sweeps.
Orthogonality column 5:
- C leg dimensions: [(1, 3, 3, 9), (9, 3, 3, 18), (18, 3, 3, 18), (18, 3, 3, 18), (18, 3, 3, 18), (18, 3, 3, 18), (18, 3, 3, 18), (18, 3, 3, 18), (18, 3, 3, 18), (18, 3, 3, 9), (9, 3, 3, 1)].
- Lh leg dimensions: [(1, 3, 3, 9), (9, 3, 3, 54), (54, 3, 3, 54), (54, 3, 3, 54), (54, 3, 3, 54), (54, 3, 3, 54), (54, 3, 3, 54), (54, 3, 3, 54), (54, 3, 3, 54), (54, 3, 3, 9), (9, 3, 3, 1)].
- Rh leg dimensions: [(1, 3, 3, 9), (9, 3, 3, 54), (54, 3, 3, 54), (54, 3, 3, 54), (54, 3, 3, 54), (54, 3, 3, 54), (54, 3, 3, 54), (54, 3, 3, 54), (54, 3, 3, 54), (54, 3, 3, 9), (9, 3, 3, 1)].
-> E = <Lh|CC*> + <ALhAL*|CC*|ARhAR*> + <CC*|Rh> = 0.4487030104569243 + 0.2895049836328545 + 0.1864194272520749 = 0.9246274213418537.
ColumnDMRG performed 3 sweeps.
- C_updated leg dimensions: [(1, 3, 3, 9), (9, 3, 3, 18), (18, 3, 3, 18), (18, 3, 3, 18), (18, 3, 3, 18), (18, 3, 3, 18), (18, 3, 3, 18), (18, 3, 3, 18), (18, 3, 3, 18), (18, 3, 3, 9), (9, 3, 3, 1)].
- largest Hermiticity error: 4.3123859880547643e-11.
- maximal number of matvec operations: 51.
-> E_updated = 0.6184805240527413.
BoundaryCompression performed 3 sweeps.
Orthogonality column 4:
- C leg dimensions: [(1, 3, 3, 9), (9, 3, 3, 18), (18, 3, 3, 18), (18, 3, 3, 18), (18, 3, 3, 18), (18, 3, 3, 18), (18, 3, 3, 18), (18, 3, 3, 18), (18, 3, 3, 18), (18, 3, 3, 9), (9, 3, 3, 1)].
- Lh leg dimensions: [(1, 3, 3, 9), (9, 3, 3, 25), (25, 3, 3, 54), (54, 3, 3, 25), (25, 3, 3, 54), (54, 3, 3, 45), (45, 3, 3, 54), (54, 3, 3, 25), (25, 3, 3, 45), (45, 3, 3, 8), (8, 3, 3, 1)].
- Rh leg dimensions: [(1, 3, 3, 9), (9, 3, 3, 54), (54, 3, 3, 54), (54, 3, 3, 54), (54, 3, 3, 54), (54, 3, 3, 54), (54, 3, 3, 54), (54, 3, 3, 54), (54, 3, 3, 54), (54, 3, 3, 9), (9, 3, 3, 1)].
-> E = <Lh|CC*> + <ALhAL*|CC*|ARhAR*> + <CC*|Rh> = 0.4050267456740493 + 0.02337696552855839 + 0.2100758384818906 = 0.6384795496844983.
ColumnDMRG performed 3 sweeps.
- C_updated leg dimensions: [(1, 3, 3, 9), (9, 3, 3, 18), (18, 3, 3, 18), (18, 3, 3, 18), (18, 3, 3, 18), (18, 3, 3, 18), (18, 3, 3, 18), (18, 3, 3, 18), (18, 3, 3, 18), (18, 3, 3, 9), (9, 3, 3, 1)].
- largest Hermiticity error: 1.3081717162306203e-11.
- maximal number of matvec operations: 51.
-> E_updated = 0.38188745181407857.
BoundaryCompression performed 3 sweeps.
Orthogonality column 3:
- C leg dimensions: [(1, 3, 3, 9), (9, 2, 3, 18), (18, 3, 3, 18), (18, 2, 3, 18), (18, 3, 3, 18), (18, 3, 3, 18), (18, 3, 3, 18), (18, 3, 3, 18), (18, 2, 3, 18), (18, 3, 3, 6), (6, 2, 3, 1)].
- Lh leg dimensions: [(1, 3, 3, 8), (8, 2, 2, 25), (25, 3, 3, 8), (8, 2, 2, 25), (25, 3, 3, 13), (13, 3, 3, 45), (45, 3, 3, 8), (8, 3, 3, 25), (25, 2, 2, 8), (8, 3, 3, 4), (4, 2, 2, 1)].
- Rh leg dimensions: [(1, 3, 3, 9), (9, 3, 3, 54), (54, 3, 3, 54), (54, 3, 3, 54), (54, 3, 3, 54), (54, 3, 3, 54), (54, 3, 3, 54), (54, 3, 3, 54), (54, 3, 3, 54), (54, 3, 3, 9), (9, 3, 3, 1)].
-> E = <Lh|CC*> + <ALhAL*|CC*|ARhAR*> + <CC*|Rh> = 0.274301354491224 + 0.0937251236304726 + 0.04039945804485021 = 0.4084259361665468.
ColumnDMRG performed 3 sweeps.
- C_updated leg dimensions: [(1, 3, 3, 9), (9, 2, 3, 18), (18, 3, 3, 18), (18, 2, 3, 18), (18, 3, 3, 18), (18, 3, 3, 18), (18, 3, 3, 18), (18, 3, 3, 18), (18, 2, 3, 18), (18, 3, 3, 6), (6, 2, 3, 1)].
- largest Hermiticity error: 7.46006877971428e-11.
- maximal number of matvec operations: 51.
-> E_updated = 0.30343834169699335.
BoundaryCompression performed 3 sweeps.
Orthogonality column 2:
- C leg dimensions: [(1, 2, 3, 6), (6, 2, 3, 18), (18, 2, 3, 18), (18, 2, 3, 18), (18, 2, 3, 18), (18, 3, 3, 18), (18, 2, 3, 18), (18, 2, 3, 18), (18, 2, 3, 18), (18, 2, 3, 6), (6, 2, 3, 1)].
- Lh leg dimensions: [(1, 2, 2, 4), (4, 2, 2, 3), (3, 2, 2, 8), (8, 2, 2, 3), (3, 2, 2, 9), (9, 3, 3, 3), (3, 2, 2, 8), (8, 2, 2, 3), (3, 2, 2, 8), (8, 2, 2, 3), (3, 2, 2, 1)].
- Rh leg dimensions: [(1, 3, 3, 9), (9, 3, 3, 54), (54, 3, 3, 54), (54, 3, 3, 54), (54, 3, 3, 54), (54, 3, 3, 54), (54, 3, 3, 54), (54, 3, 3, 54), (54, 3, 3, 54), (54, 3, 3, 9), (9, 3, 3, 1)].
-> E = <Lh|CC*> + <ALhAL*|CC*|ARhAR*> + <CC*|Rh> = 0.3281717074116051 + -0.06166853472597774 + 0.07415155475950796 = 0.34065472744513536.
ColumnDMRG performed 3 sweeps.
- C_updated leg dimensions: [(1, 2, 3, 6), (6, 2, 3, 18), (18, 2, 3, 18), (18, 2, 3, 18), (18, 2, 3, 18), (18, 3, 3, 18), (18, 2, 3, 18), (18, 2, 3, 18), (18, 2, 3, 18), (18, 2, 3, 6), (6, 2, 3, 1)].
- largest Hermiticity error: 1.6602011333164731e-09.
- maximal number of matvec operations: 51.
-> E_updated = 0.20686965767047802.
BoundaryCompression performed 3 sweeps.
Orthogonality column 1:
- C leg dimensions: [(1, 2, 3, 6), (6, 1, 3, 18), (18, 2, 3, 18), (18, 1, 3, 18), (18, 2, 3, 18), (18, 2, 3, 18), (18, 1, 3, 18), (18, 2, 3, 18), (18, 1, 3, 18), (18, 2, 3, 3), (3, 1, 3, 1)].
- Rh leg dimensions: [(1, 3, 3, 9), (9, 3, 3, 54), (54, 3, 3, 54), (54, 3, 3, 54), (54, 3, 3, 54), (54, 3, 3, 54), (54, 3, 3, 54), (54, 3, 3, 54), (54, 3, 3, 54), (54, 3, 3, 9), (9, 3, 3, 1)].
-> E = <Lh|CC*> + <ALhAL*|CC*|ARhAR*> + <CC*|Rh> = None + 0.3140833167582272 + -0.07201193740118338 = 0.24207137935704381.
ColumnDMRG performed 3 sweeps.
- C_updated leg dimensions: [(1, 2, 3, 6), (6, 1, 3, 18), (18, 2, 3, 18), (18, 1, 3, 18), (18, 2, 3, 18), (18, 2, 3, 18), (18, 1, 3, 18), (18, 2, 3, 18), (18, 1, 3, 18), (18, 2, 3, 3), (3, 1, 3, 1)].
- largest Hermiticity error: 2.706530522841509e-08.
- maximal number of matvec operations: 51.
-> E_updated = 0.2331526328103633.
BoundaryCompression performed 3 sweeps.
Orthogonality column 0:
- C leg dimensions: [(1, 1, 3, 3), (3, 1, 3, 9), (9, 1, 3, 18), (18, 1, 3, 18), (18, 1, 3, 18), (18, 1, 3, 18), (18, 1, 3, 18), (18, 1, 3, 18), (18, 1, 3, 18), (18, 1, 3, 3), (3, 1, 3, 1)].
- Rh leg dimensions: [(1, 3, 3, 9), (9, 3, 3, 54), (54, 3, 3, 54), (54, 3, 3, 54), (54, 3, 3, 54), (54, 3, 3, 54), (54, 3, 3, 54), (54, 3, 3, 54), (54, 3, 3, 54), (54, 3, 3, 9), (9, 3, 3, 1)].
-> E = <Lh|CC*> + <ALhAL*|CC*|ARhAR*> + <CC*|Rh> = None + None + 0.2538122066919519 = 0.2538122066919519.
ColumnDMRG performed 3 sweeps.
- C_updated leg dimensions: [(1, 1, 3, 3), (3, 1, 3, 9), (9, 1, 3, 18), (18, 1, 3, 18), (18, 1, 3, 18), (18, 1, 3, 18), (18, 1, 3, 18), (18, 1, 3, 18), (18, 1, 3, 9), (9, 1, 3, 3), (3, 1, 3, 1)].
- largest Hermiticity error: 1.3919573136191256e-07.
- maximal number of matvec operations: 41.
-> E_updated = 0.24994911568404485.
DMRGSquared performed 1 sweeps.
=> <H> - E0 = 0.2317057475178217.

DMRGSquared sweep 2 ...
Orthogonality column 0:
- C leg dimensions: [(1, 1, 3, 3), (3, 1, 3, 9), (9, 1, 3, 18), (18, 1, 3, 18), (18, 1, 3, 18), (18, 1, 3, 18), (18, 1, 3, 18), (18, 1, 3, 18), (18, 1, 3, 9), (9, 1, 3, 3), (3, 1, 3, 1)].
- Rh leg dimensions: [(1, 3, 3, 9), (9, 3, 3, 54), (54, 3, 3, 54), (54, 3, 3, 54), (54, 3, 3, 54), (54, 3, 3, 54), (54, 3, 3, 54), (54, 3, 3, 54), (54, 3, 3, 54), (54, 3, 3, 9), (9, 3, 3, 1)].
-> E = <Lh|CC*> + <ALhAL*|CC*|ARhAR*> + <CC*|Rh> = None + None + 0.24994911461582706 = 0.24994911461582706.
ColumnDMRG performed 3 sweeps.
- C_updated leg dimensions: [(1, 1, 3, 3), (3, 1, 3, 9), (9, 1, 3, 18), (18, 1, 3, 18), (18, 1, 3, 18), (18, 1, 3, 18), (18, 1, 3, 18), (18, 1, 3, 18), (18, 1, 3, 9), (9, 1, 3, 3), (3, 1, 3, 1)].
- largest Hermiticity error: 1.4378049527941108e-07.
- maximal number of matvec operations: 31.
-> E_updated = 0.24994911568337638.
Orthogonality column 1:
- C leg dimensions: [(1, 2, 3, 3), (3, 1, 3, 9), (9, 2, 3, 18), (18, 1, 3, 18), (18, 2, 3, 18), (18, 2, 3, 18), (18, 1, 3, 18), (18, 2, 3, 18), (18, 1, 3, 9), (9, 2, 3, 3), (3, 1, 3, 1)].
- Rh leg dimensions: [(1, 3, 3, 9), (9, 3, 3, 54), (54, 3, 3, 54), (54, 3, 3, 54), (54, 3, 3, 54), (54, 3, 3, 54), (54, 3, 3, 54), (54, 3, 3, 54), (54, 3, 3, 54), (54, 3, 3, 9), (9, 3, 3, 1)].
-> E = <Lh|CC*> + <ALhAL*|CC*|ARhAR*> + <CC*|Rh> = None + 0.31118712927513154 + -0.06591298408918975 = 0.2452741451859418.
ColumnDMRG performed 3 sweeps.
- C_updated leg dimensions: [(1, 2, 3, 6), (6, 1, 3, 18), (18, 2, 3, 18), (18, 1, 3, 18), (18, 2, 3, 18), (18, 2, 3, 18), (18, 1, 3, 18), (18, 2, 3, 18), (18, 1, 3, 18), (18, 2, 3, 3), (3, 1, 3, 1)].
- largest Hermiticity error: 3.73780471104718e-08.
- maximal number of matvec operations: 51.
-> E_updated = 0.23315263279682957.
BoundaryCompression performed 3 sweeps.
Orthogonality column 2:
- C leg dimensions: [(1, 2, 3, 6), (6, 2, 3, 18), (18, 2, 3, 18), (18, 2, 3, 18), (18, 2, 3, 18), (18, 3, 3, 18), (18, 2, 3, 18), (18, 2, 3, 18), (18, 2, 3, 18), (18, 2, 3, 3), (3, 2, 3, 1)].
- Lh leg dimensions: [(1, 2, 2, 4), (4, 2, 2, 3), (3, 2, 2, 8), (8, 2, 2, 3), (3, 2, 2, 9), (9, 3, 3, 3), (3, 2, 2, 8), (8, 2, 2, 3), (3, 2, 2, 8), (8, 2, 2, 3), (3, 2, 2, 1)].
- Rh leg dimensions: [(1, 3, 3, 9), (9, 3, 3, 54), (54, 3, 3, 54), (54, 3, 3, 54), (54, 3, 3, 54), (54, 3, 3, 54), (54, 3, 3, 54), (54, 3, 3, 54), (54, 3, 3, 54), (54, 3, 3, 9), (9, 3, 3, 1)].
-> E = <Lh|CC*> + <ALhAL*|CC*|ARhAR*> + <CC*|Rh> = 0.3089040008394228 + -0.10465362933295928 + 0.021794534562155778 = 0.2260449060686193.
ColumnDMRG performed 3 sweeps.
- C_updated leg dimensions: [(1, 2, 3, 6), (6, 2, 3, 18), (18, 2, 3, 18), (18, 2, 3, 18), (18, 2, 3, 18), (18, 3, 3, 18), (18, 2, 3, 18), (18, 2, 3, 18), (18, 2, 3, 18), (18, 2, 3, 6), (6, 2, 3, 1)].
- largest Hermiticity error: 1.6157417177693301e-09.
- maximal number of matvec operations: 51.
-> E_updated = 0.20315001116882847.
BoundaryCompression performed 3 sweeps.
Orthogonality column 3:
- C leg dimensions: [(1, 3, 3, 6), (6, 2, 3, 18), (18, 3, 3, 18), (18, 2, 3, 18), (18, 3, 3, 18), (18, 3, 3, 18), (18, 3, 3, 18), (18, 3, 3, 18), (18, 2, 3, 18), (18, 3, 3, 6), (6, 2, 3, 1)].
- Lh leg dimensions: [(1, 3, 3, 8), (8, 2, 2, 25), (25, 3, 3, 8), (8, 2, 2, 25), (25, 3, 3, 12), (12, 3, 3, 45), (45, 3, 3, 8), (8, 3, 3, 25), (25, 2, 2, 8), (8, 3, 3, 4), (4, 2, 2, 1)].
- Rh leg dimensions: [(1, 3, 3, 9), (9, 3, 3, 54), (54, 3, 3, 54), (54, 3, 3, 54), (54, 3, 3, 54), (54, 3, 3, 54), (54, 3, 3, 54), (54, 3, 3, 54), (54, 3, 3, 54), (54, 3, 3, 9), (9, 3, 3, 1)].
-> E = <Lh|CC*> + <ALhAL*|CC*|ARhAR*> + <CC*|Rh> = 0.19823019253853122 + -0.06833551044026107 + 0.07000109720382652 = 0.19989577930209668.
ColumnDMRG performed 3 sweeps.
- C_updated leg dimensions: [(1, 3, 3, 9), (9, 2, 3, 18), (18, 3, 3, 18), (18, 2, 3, 18), (18, 3, 3, 18), (18, 3, 3, 18), (18, 3, 3, 18), (18, 3, 3, 18), (18, 2, 3, 18), (18, 3, 3, 6), (6, 2, 3, 1)].
- largest Hermiticity error: 8.176099723257699e-11.
- maximal number of matvec operations: 51.
-> E_updated = 0.17166333703863446.
BoundaryCompression performed 3 sweeps.
Orthogonality column 4:
- C leg dimensions: [(1, 3, 3, 9), (9, 3, 3, 18), (18, 3, 3, 18), (18, 3, 3, 18), (18, 3, 3, 18), (18, 3, 3, 18), (18, 3, 3, 18), (18, 3, 3, 18), (18, 3, 3, 18), (18, 3, 3, 6), (6, 3, 3, 1)].
- Lh leg dimensions: [(1, 3, 3, 9), (9, 3, 3, 25), (25, 3, 3, 54), (54, 3, 3, 25), (25, 3, 3, 54), (54, 3, 3, 45), (45, 3, 3, 54), (54, 3, 3, 25), (25, 3, 3, 45), (45, 3, 3, 8), (8, 3, 3, 1)].
- Rh leg dimensions: [(1, 3, 3, 9), (9, 3, 3, 54), (54, 3, 3, 54), (54, 3, 3, 54), (54, 3, 3, 54), (54, 3, 3, 54), (54, 3, 3, 54), (54, 3, 3, 54), (54, 3, 3, 54), (54, 3, 3, 9), (9, 3, 3, 1)].
-> E = <Lh|CC*> + <ALhAL*|CC*|ARhAR*> + <CC*|Rh> = 0.12125052257116438 + -0.06963315556996012 + 0.1208403860378888 = 0.17245775303909305.
ColumnDMRG performed 3 sweeps.
- C_updated leg dimensions: [(1, 3, 3, 9), (9, 3, 3, 18), (18, 3, 3, 18), (18, 3, 3, 18), (18, 3, 3, 18), (18, 3, 3, 18), (18, 3, 3, 18), (18, 3, 3, 18), (18, 3, 3, 18), (18, 3, 3, 9), (9, 3, 3, 1)].
- largest Hermiticity error: 1.538887063364827e-11.
- maximal number of matvec operations: 51.
-> E_updated = 0.14659193776478754.
BoundaryCompression performed 3 sweeps.
Orthogonality column 5:
- C leg dimensions: [(1, 3, 3, 9), (9, 3, 3, 18), (18, 3, 3, 18), (18, 3, 3, 18), (18, 3, 3, 18), (18, 3, 3, 18), (18, 3, 3, 18), (18, 3, 3, 18), (18, 3, 3, 18), (18, 3, 3, 9), (9, 3, 3, 1)].
- Lh leg dimensions: [(1, 3, 3, 9), (9, 3, 3, 54), (54, 3, 3, 54), (54, 3, 3, 54), (54, 3, 3, 54), (54, 3, 3, 54), (54, 3, 3, 54), (54, 3, 3, 54), (54, 3, 3, 54), (54, 3, 3, 9), (9, 3, 3, 1)].
- Rh leg dimensions: [(1, 3, 3, 9), (9, 3, 3, 54), (54, 3, 3, 54), (54, 3, 3, 54), (54, 3, 3, 54), (54, 3, 3, 54), (54, 3, 3, 54), (54, 3, 3, 54), (54, 3, 3, 54), (54, 3, 3, 9), (9, 3, 3, 1)].
-> E = <Lh|CC*> + <ALhAL*|CC*|ARhAR*> + <CC*|Rh> = 0.04562478447483291 + -0.0537336362386195 + 0.15884544991017369 = 0.1507365981463871.
ColumnDMRG performed 3 sweeps.
- C_updated leg dimensions: [(1, 3, 3, 9), (9, 3, 3, 18), (18, 3, 3, 18), (18, 3, 3, 18), (18, 3, 3, 18), (18, 3, 3, 18), (18, 3, 3, 18), (18, 3, 3, 18), (18, 3, 3, 18), (18, 3, 3, 9), (9, 3, 3, 1)].
- largest Hermiticity error: 3.6750248189931626e-11.
- maximal number of matvec operations: 61.
-> E_updated = 0.10926365131476014.
BoundaryCompression performed 3 sweeps.
Orthogonality column 6:
- C leg dimensions: [(1, 3, 3, 9), (9, 3, 3, 18), (18, 3, 3, 18), (18, 3, 3, 18), (18, 3, 3, 18), (18, 3, 3, 18), (18, 3, 3, 18), (18, 3, 3, 18), (18, 3, 3, 18), (18, 3, 3, 9), (9, 3, 3, 1)].
- Lh leg dimensions: [(1, 3, 3, 9), (9, 3, 3, 54), (54, 3, 3, 54), (54, 3, 3, 54), (54, 3, 3, 54), (54, 3, 3, 54), (54, 3, 3, 54), (54, 3, 3, 54), (54, 3, 3, 54), (54, 3, 3, 9), (9, 3, 3, 1)].
- Rh leg dimensions: [(1, 3, 3, 9), (9, 3, 3, 54), (54, 3, 3, 54), (54, 3, 3, 54), (54, 3, 3, 54), (54, 3, 3, 54), (54, 3, 3, 54), (54, 3, 3, 54), (54, 3, 3, 54), (54, 3, 3, 9), (9, 3, 3, 1)].
-> E = <Lh|CC*> + <ALhAL*|CC*|ARhAR*> + <CC*|Rh> = -0.026106360234028268 + -0.013241099099151726 + 0.1596579135782009 = 0.1203104542450209.
ColumnDMRG performed 3 sweeps.
- C_updated leg dimensions: [(1, 3, 3, 9), (9, 3, 3, 18), (18, 3, 3, 18), (18, 3, 3, 18), (18, 3, 3, 18), (18, 3, 3, 18), (18, 3, 3, 18), (18, 3, 3, 18), (18, 3, 3, 18), (18, 3, 3, 9), (9, 3, 3, 1)].
- largest Hermiticity error: 5.4434985295975616e-11.
- maximal number of matvec operations: 61.
-> E_updated = 0.07040003296334593.
BoundaryCompression performed 3 sweeps.
Orthogonality column 7:
- C leg dimensions: [(1, 3, 3, 9), (9, 3, 3, 18), (18, 3, 3, 18), (18, 3, 3, 18), (18, 3, 3, 18), (18, 3, 3, 18), (18, 3, 3, 18), (18, 3, 3, 18), (18, 3, 3, 18), (18, 3, 3, 9), (9, 3, 3, 1)].
- Lh leg dimensions: [(1, 3, 3, 9), (9, 3, 3, 54), (54, 3, 3, 54), (54, 3, 3, 54), (54, 3, 3, 54), (54, 3, 3, 54), (54, 3, 3, 54), (54, 3, 3, 54), (54, 3, 3, 54), (54, 3, 3, 9), (9, 3, 3, 1)].
- Rh leg dimensions: [(1, 3, 3, 9), (9, 3, 3, 54), (54, 3, 3, 54), (54, 3, 3, 54), (54, 3, 3, 54), (54, 3, 3, 54), (54, 3, 3, 54), (54, 3, 3, 54), (54, 3, 3, 54), (54, 3, 3, 9), (9, 3, 3, 1)].
-> E = <Lh|CC*> + <ALhAL*|CC*|ARhAR*> + <CC*|Rh> = -0.07583929861269112 + -0.0626352224282427 + 0.21515046783295225 = 0.07667594679201842.
ColumnDMRG performed 3 sweeps.
- C_updated leg dimensions: [(1, 3, 3, 9), (9, 3, 3, 18), (18, 3, 3, 18), (18, 3, 3, 18), (18, 3, 3, 18), (18, 3, 3, 18), (18, 3, 3, 18), (18, 3, 3, 18), (18, 3, 3, 18), (18, 3, 3, 9), (9, 3, 3, 1)].
- largest Hermiticity error: 5.724034516886099e-12.
- maximal number of matvec operations: 61.
-> E_updated = 0.05370040852188005.
BoundaryCompression performed 3 sweeps.
Orthogonality column 8:
- C leg dimensions: [(1, 3, 3, 9), (9, 3, 3, 18), (18, 3, 3, 18), (18, 3, 3, 18), (18, 3, 3, 18), (18, 3, 3, 18), (18, 3, 3, 18), (18, 3, 3, 18), (18, 3, 3, 18), (18, 3, 3, 9), (9, 3, 3, 1)].
- Lh leg dimensions: [(1, 3, 3, 9), (9, 3, 3, 54), (54, 3, 3, 54), (54, 3, 3, 54), (54, 3, 3, 54), (54, 3, 3, 54), (54, 3, 3, 54), (54, 3, 3, 54), (54, 3, 3, 54), (54, 3, 3, 9), (9, 3, 3, 1)].
- Rh leg dimensions: [(1, 3, 3, 8), (8, 3, 3, 45), (45, 3, 3, 25), (25, 3, 3, 54), (54, 3, 3, 45), (45, 3, 3, 54), (54, 3, 3, 25), (25, 3, 3, 54), (54, 3, 3, 25), (25, 3, 3, 9), (9, 3, 3, 1)].
-> E = <Lh|CC*> + <ALhAL*|CC*|ARhAR*> + <CC*|Rh> = -0.13590790776751555 + -0.046794451329783146 + 0.24866748996021154 = 0.06596513086291284.
ColumnDMRG performed 3 sweeps.
- C_updated leg dimensions: [(1, 3, 3, 9), (9, 3, 3, 18), (18, 3, 3, 18), (18, 3, 3, 18), (18, 3, 3, 18), (18, 3, 3, 18), (18, 3, 3, 18), (18, 3, 3, 18), (18, 3, 3, 18), (18, 3, 3, 9), (9, 3, 3, 1)].
- largest Hermiticity error: 2.2885520040671439e-10.
- maximal number of matvec operations: 61.
-> E_updated = 0.04412560959893814.
BoundaryCompression performed 3 sweeps.
Orthogonality column 9:
- C leg dimensions: [(1, 3, 2, 9), (9, 3, 3, 18), (18, 3, 2, 18), (18, 3, 3, 18), (18, 3, 3, 18), (18, 3, 3, 18), (18, 3, 3, 18), (18, 3, 2, 18), (18, 3, 3, 18), (18, 3, 2, 9), (9, 3, 3, 1)].
- Lh leg dimensions: [(1, 3, 3, 9), (9, 3, 3, 54), (54, 3, 3, 54), (54, 3, 3, 54), (54, 3, 3, 54), (54, 3, 3, 54), (54, 3, 3, 54), (54, 3, 3, 54), (54, 3, 3, 54), (54, 3, 3, 9), (9, 3, 3, 1)].
- Rh leg dimensions: [(1, 2, 2, 4), (4, 3, 3, 8), (8, 2, 2, 25), (25, 3, 3, 8), (8, 3, 3, 45), (45, 3, 3, 12), (12, 3, 3, 25), (25, 2, 2, 8), (8, 3, 3, 25), (25, 2, 2, 8), (8, 3, 3, 1)].
-> E = <Lh|CC*> + <ALhAL*|CC*|ARhAR*> + <CC*|Rh> = -0.1873990524404108 + -0.06485594402664406 + 0.3119312829057856 = 0.05967628643873074.
ColumnDMRG performed 3 sweeps.
- C_updated leg dimensions: [(1, 3, 2, 6), (6, 3, 3, 18), (18, 3, 2, 18), (18, 3, 3, 18), (18, 3, 3, 18), (18, 3, 3, 18), (18, 3, 3, 18), (18, 3, 2, 18), (18, 3, 3, 18), (18, 3, 2, 9), (9, 3, 3, 1)].
- largest Hermiticity error: 5.585531002970991e-11.
- maximal number of matvec operations: 51.
-> E_updated = 0.05589028021522131.
BoundaryCompression performed 3 sweeps.
Orthogonality column 10:
- C leg dimensions: [(1, 3, 2, 6), (6, 3, 2, 18), (18, 3, 2, 18), (18, 3, 2, 18), (18, 3, 2, 18), (18, 3, 3, 18), (18, 3, 2, 18), (18, 3, 2, 18), (18, 3, 2, 18), (18, 3, 2, 9), (9, 3, 2, 1)].
- Lh leg dimensions: [(1, 3, 3, 9), (9, 3, 3, 54), (54, 3, 3, 54), (54, 3, 3, 54), (54, 3, 3, 54), (54, 3, 3, 54), (54, 3, 3, 54), (54, 3, 3, 54), (54, 3, 3, 54), (54, 3, 3, 9), (9, 3, 3, 1)].
- Rh leg dimensions: [(1, 2, 2, 3), (3, 2, 2, 8), (8, 2, 2, 3), (3, 2, 2, 8), (8, 2, 2, 3), (3, 3, 3, 9), (9, 2, 2, 3), (3, 2, 2, 8), (8, 2, 2, 3), (3, 2, 2, 4), (4, 2, 2, 1)].
-> E = <Lh|CC*> + <ALhAL*|CC*|ARhAR*> + <CC*|Rh> = -0.24113859905637547 + -0.0931659909520797 + 0.4054351072717063 = 0.07113051726325115.
ColumnDMRG performed 3 sweeps.
- C_updated leg dimensions: [(1, 3, 2, 6), (6, 3, 2, 18), (18, 3, 2, 18), (18, 3, 2, 18), (18, 3, 2, 18), (18, 3, 3, 18), (18, 3, 2, 18), (18, 3, 2, 18), (18, 3, 2, 18), (18, 3, 2, 6), (6, 3, 2, 1)].
- largest Hermiticity error: 1.1409730112766454e-07.
- maximal number of matvec operations: 51.
-> E_updated = 0.06843793700766346.
BoundaryCompression performed 3 sweeps.
Orthogonality column 11:
- C leg dimensions: [(1, 3, 1, 6), (6, 3, 2, 18), (18, 3, 1, 18), (18, 3, 2, 18), (18, 3, 1, 18), (18, 3, 2, 18), (18, 3, 2, 18), (18, 3, 1, 18), (18, 3, 2, 18), (18, 3, 1, 6), (6, 3, 2, 1)].
- Lh leg dimensions: [(1, 3, 3, 9), (9, 3, 3, 54), (54, 3, 3, 54), (54, 3, 3, 54), (54, 3, 3, 54), (54, 3, 3, 54), (54, 3, 3, 54), (54, 3, 3, 54), (54, 3, 3, 54), (54, 3, 3, 9), (9, 3, 3, 1)].
-> E = <Lh|CC*> + <ALhAL*|CC*|ARhAR*> + <CC*|Rh> = -0.31993896340777134 + 0.4069192382204963 + None = 0.08698027481272497.
ColumnDMRG performed 3 sweeps.
- C_updated leg dimensions: [(1, 3, 1, 3), (3, 3, 2, 18), (18, 3, 1, 18), (18, 3, 2, 18), (18, 3, 1, 18), (18, 3, 2, 18), (18, 3, 2, 18), (18, 3, 1, 18), (18, 3, 2, 18), (18, 3, 1, 6), (6, 3, 2, 1)].
- largest Hermiticity error: 1.0459663263615341e-07.
- maximal number of matvec operations: 51.
-> E_updated = 0.08451078049920549.
BoundaryCompression performed 3 sweeps.
Orthogonality column 12:
- C leg dimensions: [(1, 3, 1, 3), (3, 3, 1, 9), (9, 3, 1, 18), (18, 3, 1, 18), (18, 3, 1, 18), (18, 3, 1, 18), (18, 3, 1, 18), (18, 3, 1, 18), (18, 3, 1, 18), (18, 3, 1, 6), (6, 3, 1, 1)].
- Lh leg dimensions: [(1, 3, 3, 9), (9, 3, 3, 54), (54, 3, 3, 54), (54, 3, 3, 54), (54, 3, 3, 54), (54, 3, 3, 54), (54, 3, 3, 54), (54, 3, 3, 54), (54, 3, 3, 54), (54, 3, 3, 9), (9, 3, 3, 1)].
-> E = <Lh|CC*> + <ALhAL*|CC*|ARhAR*> + <CC*|Rh> = 0.10231994445718491 + None + None = 0.10231994445718491.
ColumnDMRG performed 3 sweeps.
- C_updated leg dimensions: [(1, 3, 1, 3), (3, 3, 1, 9), (9, 3, 1, 18), (18, 3, 1, 18), (18, 3, 1, 18), (18, 3, 1, 18), (18, 3, 1, 18), (18, 3, 1, 18), (18, 3, 1, 9), (9, 3, 1, 3), (3, 3, 1, 1)].
- largest Hermiticity error: 4.09587292618138e-08.
- maximal number of matvec operations: 41.
-> E_updated = 0.09854005516796897.
Orthogonality column 11:
- C leg dimensions: [(1, 3, 1, 3), (3, 3, 2, 9), (9, 3, 1, 18), (18, 3, 2, 18), (18, 3, 1, 18), (18, 3, 2, 18), (18, 3, 2, 18), (18, 3, 1, 18), (18, 3, 2, 9), (9, 3, 1, 3), (3, 3, 2, 1)].
- Lh leg dimensions: [(1, 3, 3, 9), (9, 3, 3, 54), (54, 3, 3, 54), (54, 3, 3, 54), (54, 3, 3, 54), (54, 3, 3, 54), (54, 3, 3, 54), (54, 3, 3, 54), (54, 3, 3, 54), (54, 3, 3, 9), (9, 3, 3, 1)].
-> E = <Lh|CC*> + <ALhAL*|CC*|ARhAR*> + <CC*|Rh> = -0.31541431371426676 + 0.4096502931486289 + None = 0.09423597943436213.
ColumnDMRG performed 3 sweeps.
- C_updated leg dimensions: [(1, 3, 1, 3), (3, 3, 2, 18), (18, 3, 1, 18), (18, 3, 2, 18), (18, 3, 1, 18), (18, 3, 2, 18), (18, 3, 2, 18), (18, 3, 1, 18), (18, 3, 2, 18), (18, 3, 1, 6), (6, 3, 2, 1)].
- largest Hermiticity error: 1.210147529745973e-07.
- maximal number of matvec operations: 51.
-> E_updated = 0.08451078055538774.
BoundaryCompression performed 3 sweeps.
Orthogonality column 10:
- C leg dimensions: [(1, 3, 2, 3), (3, 3, 2, 18), (18, 3, 2, 18), (18, 3, 2, 18), (18, 3, 2, 18), (18, 3, 3, 18), (18, 3, 2, 18), (18, 3, 2, 18), (18, 3, 2, 18), (18, 3, 2, 6), (6, 3, 2, 1)].
- Lh leg dimensions: [(1, 3, 3, 9), (9, 3, 3, 54), (54, 3, 3, 54), (54, 3, 3, 54), (54, 3, 3, 54), (54, 3, 3, 54), (54, 3, 3, 54), (54, 3, 3, 54), (54, 3, 3, 54), (54, 3, 3, 9), (9, 3, 3, 1)].
- Rh leg dimensions: [(1, 2, 2, 3), (3, 2, 2, 8), (8, 2, 2, 3), (3, 2, 2, 8), (8, 2, 2, 3), (3, 3, 3, 9), (9, 2, 2, 3), (3, 2, 2, 8), (8, 2, 2, 3), (3, 2, 2, 4), (4, 2, 2, 1)].
-> E = <Lh|CC*> + <ALhAL*|CC*|ARhAR*> + <CC*|Rh> = -0.23426276264655732 + -0.08925301435898789 + 0.4059603816497642 = 0.08244460464421899.
ColumnDMRG performed 3 sweeps.
- C_updated leg dimensions: [(1, 3, 2, 6), (6, 3, 2, 18), (18, 3, 2, 18), (18, 3, 2, 18), (18, 3, 2, 18), (18, 3, 3, 18), (18, 3, 2, 18), (18, 3, 2, 18), (18, 3, 2, 18), (18, 3, 2, 6), (6, 3, 2, 1)].
- largest Hermiticity error: 1.5752416509393306e-07.
- maximal number of matvec operations: 51.
-> E_updated = 0.06844570698202701.
BoundaryCompression performed 3 sweeps.
Orthogonality column 9:
- C leg dimensions: [(1, 3, 2, 6), (6, 3, 3, 18), (18, 3, 2, 18), (18, 3, 3, 18), (18, 3, 3, 18), (18, 3, 3, 18), (18, 3, 3, 18), (18, 3, 2, 18), (18, 3, 3, 18), (18, 3, 2, 6), (6, 3, 3, 1)].
- Lh leg dimensions: [(1, 3, 3, 9), (9, 3, 3, 54), (54, 3, 3, 54), (54, 3, 3, 54), (54, 3, 3, 54), (54, 3, 3, 54), (54, 3, 3, 54), (54, 3, 3, 54), (54, 3, 3, 54), (54, 3, 3, 9), (9, 3, 3, 1)].
- Rh leg dimensions: [(1, 2, 2, 4), (4, 3, 3, 8), (8, 2, 2, 25), (25, 3, 3, 9), (9, 3, 3, 45), (45, 3, 3, 12), (12, 3, 3, 25), (25, 2, 2, 8), (8, 3, 3, 25), (25, 2, 2, 8), (8, 3, 3, 1)].
-> E = <Lh|CC*> + <ALhAL*|CC*|ARhAR*> + <CC*|Rh> = -0.17968789037135346 + -0.06284472207961013 + 0.3113489845088821 = 0.06881637205791852.
ColumnDMRG performed 3 sweeps.
- C_updated leg dimensions: [(1, 3, 2, 6), (6, 3, 3, 18), (18, 3, 2, 18), (18, 3, 3, 18), (18, 3, 3, 18), (18, 3, 3, 18), (18, 3, 3, 18), (18, 3, 2, 18), (18, 3, 3, 18), (18, 3, 2, 9), (9, 3, 3, 1)].
- largest Hermiticity error: 5.814109937966099e-11.
- maximal number of matvec operations: 51.
-> E_updated = 0.05576085523392281.
BoundaryCompression performed 3 sweeps.
Orthogonality column 8:
- C leg dimensions: [(1, 3, 3, 6), (6, 3, 3, 18), (18, 3, 3, 18), (18, 3, 3, 18), (18, 3, 3, 18), (18, 3, 3, 18), (18, 3, 3, 18), (18, 3, 3, 18), (18, 3, 3, 18), (18, 3, 3, 9), (9, 3, 3, 1)].
- Lh leg dimensions: [(1, 3, 3, 9), (9, 3, 3, 54), (54, 3, 3, 54), (54, 3, 3, 54), (54, 3, 3, 54), (54, 3, 3, 54), (54, 3, 3, 54), (54, 3, 3, 54), (54, 3, 3, 54), (54, 3, 3, 9), (9, 3, 3, 1)].
- Rh leg dimensions: [(1, 3, 3, 8), (8, 3, 3, 45), (45, 3, 3, 25), (25, 3, 3, 54), (54, 3, 3, 45), (45, 3, 3, 54), (54, 3, 3, 26), (26, 3, 3, 54), (54, 3, 3, 25), (25, 3, 3, 9), (9, 3, 3, 1)].
-> E = <Lh|CC*> + <ALhAL*|CC*|ARhAR*> + <CC*|Rh> = -0.1269052363363854 + -0.06446333452697348 + 0.24561055659473455 = 0.054241985731375675.
ColumnDMRG performed 3 sweeps.
- C_updated leg dimensions: [(1, 3, 3, 9), (9, 3, 3, 18), (18, 3, 3, 18), (18, 3, 3, 18), (18, 3, 3, 18), (18, 3, 3, 18), (18, 3, 3, 18), (18, 3, 3, 18), (18, 3, 3, 18), (18, 3, 3, 9), (9, 3, 3, 1)].
- largest Hermiticity error: 1.3989220839542465e-10.
- maximal number of matvec operations: 61.
-> E_updated = 0.04364078100142377.
BoundaryCompression performed 3 sweeps.
Orthogonality column 7:
- C leg dimensions: [(1, 3, 3, 9), (9, 3, 3, 18), (18, 3, 3, 18), (18, 3, 3, 18), (18, 3, 3, 18), (18, 3, 3, 18), (18, 3, 3, 18), (18, 3, 3, 18), (18, 3, 3, 18), (18, 3, 3, 9), (9, 3, 3, 1)].
- Lh leg dimensions: [(1, 3, 3, 9), (9, 3, 3, 54), (54, 3, 3, 54), (54, 3, 3, 54), (54, 3, 3, 54), (54, 3, 3, 54), (54, 3, 3, 54), (54, 3, 3, 54), (54, 3, 3, 54), (54, 3, 3, 9), (9, 3, 3, 1)].
- Rh leg dimensions: [(1, 3, 3, 9), (9, 3, 3, 54), (54, 3, 3, 54), (54, 3, 3, 54), (54, 3, 3, 54), (54, 3, 3, 54), (54, 3, 3, 54), (54, 3, 3, 54), (54, 3, 3, 54), (54, 3, 3, 9), (9, 3, 3, 1)].
-> E = <Lh|CC*> + <ALhAL*|CC*|ARhAR*> + <CC*|Rh> = -0.07204467892536373 + -0.06310176321869923 + 0.1801575956730409 = 0.04501115352897794.
ColumnDMRG performed 3 sweeps.
- C_updated leg dimensions: [(1, 3, 3, 9), (9, 3, 3, 18), (18, 3, 3, 18), (18, 3, 3, 18), (18, 3, 3, 18), (18, 3, 3, 18), (18, 3, 3, 18), (18, 3, 3, 18), (18, 3, 3, 18), (18, 3, 3, 9), (9, 3, 3, 1)].
- largest Hermiticity error: 8.216573187958062e-12.
- maximal number of matvec operations: 61.
-> E_updated = 0.035200183220602727.
BoundaryCompression performed 3 sweeps.
Orthogonality column 6:
- C leg dimensions: [(1, 3, 3, 9), (9, 3, 3, 18), (18, 3, 3, 18), (18, 3, 3, 18), (18, 3, 3, 18), (18, 3, 3, 18), (18, 3, 3, 18), (18, 3, 3, 18), (18, 3, 3, 18), (18, 3, 3, 9), (9, 3, 3, 1)].
- Lh leg dimensions: [(1, 3, 3, 9), (9, 3, 3, 54), (54, 3, 3, 54), (54, 3, 3, 54), (54, 3, 3, 54), (54, 3, 3, 54), (54, 3, 3, 54), (54, 3, 3, 54), (54, 3, 3, 54), (54, 3, 3, 9), (9, 3, 3, 1)].
- Rh leg dimensions: [(1, 3, 3, 9), (9, 3, 3, 54), (54, 3, 3, 54), (54, 3, 3, 54), (54, 3, 3, 54), (54, 3, 3, 54), (54, 3, 3, 54), (54, 3, 3, 54), (54, 3, 3, 54), (54, 3, 3, 9), (9, 3, 3, 1)].
-> E = <Lh|CC*> + <ALhAL*|CC*|ARhAR*> + <CC*|Rh> = -0.005285073777964445 + -0.07476401759923088 + 0.11924196712288071 = 0.03919287574568539.
ColumnDMRG performed 3 sweeps.
- C_updated leg dimensions: [(1, 3, 3, 9), (9, 3, 3, 18), (18, 3, 3, 18), (18, 3, 3, 18), (18, 3, 3, 18), (18, 3, 3, 18), (18, 3, 3, 18), (18, 3, 3, 18), (18, 3, 3, 18), (18, 3, 3, 9), (9, 3, 3, 1)].
- largest Hermiticity error: 1.322586004109979e-11.
- maximal number of matvec operations: 61.
-> E_updated = 0.03219977818007662.
BoundaryCompression performed 3 sweeps.
Orthogonality column 5:
- C leg dimensions: [(1, 3, 3, 9), (9, 3, 3, 18), (18, 3, 3, 18), (18, 3, 3, 18), (18, 3, 3, 18), (18, 3, 3, 18), (18, 3, 3, 18), (18, 3, 3, 18), (18, 3, 3, 18), (18, 3, 3, 9), (9, 3, 3, 1)].
- Lh leg dimensions: [(1, 3, 3, 9), (9, 3, 3, 54), (54, 3, 3, 54), (54, 3, 3, 54), (54, 3, 3, 54), (54, 3, 3, 54), (54, 3, 3, 54), (54, 3, 3, 54), (54, 3, 3, 54), (54, 3, 3, 9), (9, 3, 3, 1)].
- Rh leg dimensions: [(1, 3, 3, 9), (9, 3, 3, 54), (54, 3, 3, 54), (54, 3, 3, 54), (54, 3, 3, 54), (54, 3, 3, 54), (54, 3, 3, 54), (54, 3, 3, 54), (54, 3, 3, 54), (54, 3, 3, 9), (9, 3, 3, 1)].
-> E = <Lh|CC*> + <ALhAL*|CC*|ARhAR*> + <CC*|Rh> = 0.05679920219555367 + -0.06813388429976037 + 0.053986234490885424 = 0.04265155238667872.
ColumnDMRG performed 3 sweeps.
- C_updated leg dimensions: [(1, 3, 3, 9), (9, 3, 3, 18), (18, 3, 3, 18), (18, 3, 3, 18), (18, 3, 3, 18), (18, 3, 3, 18), (18, 3, 3, 18), (18, 3, 3, 18), (18, 3, 3, 18), (18, 3, 3, 9), (9, 3, 3, 1)].
- largest Hermiticity error: 3.971049357806465e-11.
- maximal number of matvec operations: 61.
-> E_updated = 0.03584870761852161.
BoundaryCompression performed 3 sweeps.
Orthogonality column 4:
- C leg dimensions: [(1, 3, 3, 9), (9, 3, 3, 18), (18, 3, 3, 18), (18, 3, 3, 18), (18, 3, 3, 18), (18, 3, 3, 18), (18, 3, 3, 18), (18, 3, 3, 18), (18, 3, 3, 18), (18, 3, 3, 9), (9, 3, 3, 1)].
- Lh leg dimensions: [(1, 3, 3, 9), (9, 3, 3, 25), (25, 3, 3, 54), (54, 3, 3, 25), (25, 3, 3, 54), (54, 3, 3, 45), (45, 3, 3, 54), (54, 3, 3, 25), (25, 3, 3, 45), (45, 3, 3, 8), (8, 3, 3, 1)].
- Rh leg dimensions: [(1, 3, 3, 9), (9, 3, 3, 54), (54, 3, 3, 54), (54, 3, 3, 54), (54, 3, 3, 54), (54, 3, 3, 54), (54, 3, 3, 54), (54, 3, 3, 54), (54, 3, 3, 54), (54, 3, 3, 9), (9, 3, 3, 1)].
-> E = <Lh|CC*> + <ALhAL*|CC*|ARhAR*> + <CC*|Rh> = 0.12642724206427589 + -0.07353898424622848 + -0.007469095243747108 = 0.045419162574300294.
ColumnDMRG performed 3 sweeps.
- C_updated leg dimensions: [(1, 3, 3, 9), (9, 3, 3, 18), (18, 3, 3, 18), (18, 3, 3, 18), (18, 3, 3, 18), (18, 3, 3, 18), (18, 3, 3, 18), (18, 3, 3, 18), (18, 3, 3, 18), (18, 3, 3, 9), (9, 3, 3, 1)].
- largest Hermiticity error: 2.191485392557588e-11.
- maximal number of matvec operations: 61.
-> E_updated = 0.04059529353519887.
BoundaryCompression performed 3 sweeps.
Orthogonality column 3:
- C leg dimensions: [(1, 3, 3, 9), (9, 2, 3, 18), (18, 3, 3, 18), (18, 2, 3, 18), (18, 3, 3, 18), (18, 3, 3, 18), (18, 3, 3, 18), (18, 3, 3, 18), (18, 2, 3, 18), (18, 3, 3, 6), (6, 2, 3, 1)].
- Lh leg dimensions: [(1, 3, 3, 8), (8, 2, 2, 25), (25, 3, 3, 8), (8, 2, 2, 25), (25, 3, 3, 12), (12, 3, 3, 45), (45, 3, 3, 8), (8, 3, 3, 25), (25, 2, 2, 8), (8, 3, 3, 4), (4, 2, 2, 1)].
- Rh leg dimensions: [(1, 3, 3, 9), (9, 3, 3, 54), (54, 3, 3, 54), (54, 3, 3, 54), (54, 3, 3, 54), (54, 3, 3, 54), (54, 3, 3, 54), (54, 3, 3, 54), (54, 3, 3, 54), (54, 3, 3, 9), (9, 3, 3, 1)].
-> E = <Lh|CC*> + <ALhAL*|CC*|ARhAR*> + <CC*|Rh> = 0.19940899383600447 + -0.07432915948946862 + -0.06729378706361175 = 0.05778604728292411.
ColumnDMRG performed 3 sweeps.
- C_updated leg dimensions: [(1, 3, 3, 9), (9, 2, 3, 18), (18, 3, 3, 18), (18, 2, 3, 18), (18, 3, 3, 18), (18, 3, 3, 18), (18, 3, 3, 18), (18, 3, 3, 18), (18, 2, 3, 18), (18, 3, 3, 6), (6, 2, 3, 1)].
- largest Hermiticity error: 1.349991208981593e-10.
- maximal number of matvec operations: 61.
-> E_updated = 0.05387476705008468.
BoundaryCompression performed 3 sweeps.
Orthogonality column 2:
- C leg dimensions: [(1, 2, 3, 6), (6, 2, 3, 18), (18, 2, 3, 18), (18, 2, 3, 18), (18, 2, 3, 18), (18, 3, 3, 18), (18, 2, 3, 18), (18, 2, 3, 18), (18, 2, 3, 18), (18, 2, 3, 6), (6, 2, 3, 1)].
- Lh leg dimensions: [(1, 2, 2, 4), (4, 2, 2, 3), (3, 2, 2, 8), (8, 2, 2, 3), (3, 2, 2, 9), (9, 3, 3, 3), (3, 2, 2, 8), (8, 2, 2, 3), (3, 2, 2, 8), (8, 2, 2, 3), (3, 2, 2, 1)].
- Rh leg dimensions: [(1, 3, 3, 9), (9, 3, 3, 54), (54, 3, 3, 54), (54, 3, 3, 54), (54, 3, 3, 54), (54, 3, 3, 54), (54, 3, 3, 54), (54, 3, 3, 54), (54, 3, 3, 54), (54, 3, 3, 9), (9, 3, 3, 1)].
-> E = <Lh|CC*> + <ALhAL*|CC*|ARhAR*> + <CC*|Rh> = 0.31040445773788744 + -0.11075743733637897 + -0.13161103250729192 = 0.06803598789421655.
ColumnDMRG performed 3 sweeps.
- C_updated leg dimensions: [(1, 2, 3, 6), (6, 2, 3, 18), (18, 2, 3, 18), (18, 2, 3, 18), (18, 2, 3, 18), (18, 3, 3, 18), (18, 2, 3, 18), (18, 2, 3, 18), (18, 2, 3, 18), (18, 2, 3, 6), (6, 2, 3, 1)].
- largest Hermiticity error: 2.1398373287323708e-09.
- maximal number of matvec operations: 51.
-> E_updated = 0.06260254382937704.
BoundaryCompression performed 3 sweeps.
Orthogonality column 1:
- C leg dimensions: [(1, 2, 3, 6), (6, 1, 3, 18), (18, 2, 3, 18), (18, 1, 3, 18), (18, 2, 3, 18), (18, 2, 3, 18), (18, 1, 3, 18), (18, 2, 3, 18), (18, 1, 3, 18), (18, 2, 3, 3), (3, 1, 3, 1)].
- Rh leg dimensions: [(1, 3, 3, 9), (9, 3, 3, 54), (54, 3, 3, 54), (54, 3, 3, 54), (54, 3, 3, 54), (54, 3, 3, 54), (54, 3, 3, 54), (54, 3, 3, 54), (54, 3, 3, 54), (54, 3, 3, 9), (9, 3, 3, 1)].
-> E = <Lh|CC*> + <ALhAL*|CC*|ARhAR*> + <CC*|Rh> = None + 0.3102253434861851 + -0.2326723952976931 = 0.07755294818849198.
ColumnDMRG performed 3 sweeps.
- C_updated leg dimensions: [(1, 2, 3, 6), (6, 1, 3, 18), (18, 2, 3, 18), (18, 1, 3, 18), (18, 2, 3, 18), (18, 2, 3, 18), (18, 1, 3, 18), (18, 2, 3, 18), (18, 1, 3, 18), (18, 2, 3, 3), (3, 1, 3, 1)].
- largest Hermiticity error: 1.918896287641769e-09.
- maximal number of matvec operations: 51.
-> E_updated = 0.0742544796786814.
BoundaryCompression performed 3 sweeps.
Orthogonality column 0:
- C leg dimensions: [(1, 1, 3, 3), (3, 1, 3, 9), (9, 1, 3, 18), (18, 1, 3, 18), (18, 1, 3, 18), (18, 1, 3, 18), (18, 1, 3, 18), (18, 1, 3, 18), (18, 1, 3, 18), (18, 1, 3, 3), (3, 1, 3, 1)].
- Rh leg dimensions: [(1, 3, 3, 9), (9, 3, 3, 54), (54, 3, 3, 54), (54, 3, 3, 54), (54, 3, 3, 54), (54, 3, 3, 54), (54, 3, 3, 54), (54, 3, 3, 54), (54, 3, 3, 54), (54, 3, 3, 9), (9, 3, 3, 1)].
-> E = <Lh|CC*> + <ALhAL*|CC*|ARhAR*> + <CC*|Rh> = None + None + 0.09867622867120902 = 0.09867622867120902.
ColumnDMRG performed 3 sweeps.
- C_updated leg dimensions: [(1, 1, 3, 3), (3, 1, 3, 9), (9, 1, 3, 18), (18, 1, 3, 18), (18, 1, 3, 18), (18, 1, 3, 18), (18, 1, 3, 18), (18, 1, 3, 18), (18, 1, 3, 9), (9, 1, 3, 3), (3, 1, 3, 1)].
- largest Hermiticity error: 1.1454430895672364e-08.
- maximal number of matvec operations: 41.
-> E_updated = 0.09596275646006393.
DMRGSquared performed 1 sweeps.
=> <H> - E0 = 0.07820604587715252.

DMRGSquared sweep 3 ...
Orthogonality column 0:
- C leg dimensions: [(1, 1, 3, 3), (3, 1, 3, 9), (9, 1, 3, 18), (18, 1, 3, 18), (18, 1, 3, 18), (18, 1, 3, 18), (18, 1, 3, 18), (18, 1, 3, 18), (18, 1, 3, 9), (9, 1, 3, 3), (3, 1, 3, 1)].
- Rh leg dimensions: [(1, 3, 3, 9), (9, 3, 3, 54), (54, 3, 3, 54), (54, 3, 3, 54), (54, 3, 3, 54), (54, 3, 3, 54), (54, 3, 3, 54), (54, 3, 3, 54), (54, 3, 3, 54), (54, 3, 3, 9), (9, 3, 3, 1)].
-> E = <Lh|CC*> + <ALhAL*|CC*|ARhAR*> + <CC*|Rh> = None + None + 0.0959627564359562 = 0.0959627564359562.
ColumnDMRG performed 3 sweeps.
- C_updated leg dimensions: [(1, 1, 3, 3), (3, 1, 3, 9), (9, 1, 3, 18), (18, 1, 3, 18), (18, 1, 3, 18), (18, 1, 3, 18), (18, 1, 3, 18), (18, 1, 3, 18), (18, 1, 3, 9), (9, 1, 3, 3), (3, 1, 3, 1)].
- largest Hermiticity error: 9.179131958923117e-09.
- maximal number of matvec operations: 41.
-> E_updated = 0.09596275646011164.
Orthogonality column 1:
- C leg dimensions: [(1, 2, 3, 3), (3, 1, 3, 9), (9, 2, 3, 18), (18, 1, 3, 18), (18, 2, 3, 18), (18, 2, 3, 18), (18, 1, 3, 18), (18, 2, 3, 18), (18, 1, 3, 9), (9, 2, 3, 3), (3, 1, 3, 1)].
- Rh leg dimensions: [(1, 3, 3, 9), (9, 3, 3, 54), (54, 3, 3, 54), (54, 3, 3, 54), (54, 3, 3, 54), (54, 3, 3, 54), (54, 3, 3, 54), (54, 3, 3, 54), (54, 3, 3, 54), (54, 3, 3, 9), (9, 3, 3, 1)].
-> E = <Lh|CC*> + <ALhAL*|CC*|ARhAR*> + <CC*|Rh> = None + 0.3123383262927062 + -0.22658687183153722 = 0.08575145446116897.
ColumnDMRG performed 3 sweeps.
- C_updated leg dimensions: [(1, 2, 3, 6), (6, 1, 3, 18), (18, 2, 3, 18), (18, 1, 3, 18), (18, 2, 3, 18), (18, 2, 3, 18), (18, 1, 3, 18), (18, 2, 3, 18), (18, 1, 3, 18), (18, 2, 3, 3), (3, 1, 3, 1)].
- largest Hermiticity error: 2.1261138433112126e-09.
- maximal number of matvec operations: 51.
-> E_updated = 0.07425447968152152.
BoundaryCompression performed 3 sweeps.
Orthogonality column 2:
- C leg dimensions: [(1, 2, 3, 6), (6, 2, 3, 18), (18, 2, 3, 18), (18, 2, 3, 18), (18, 2, 3, 18), (18, 3, 3, 18), (18, 2, 3, 18), (18, 2, 3, 18), (18, 2, 3, 18), (18, 2, 3, 3), (3, 2, 3, 1)].
- Lh leg dimensions: [(1, 2, 2, 4), (4, 2, 2, 3), (3, 2, 2, 8), (8, 2, 2, 3), (3, 2, 2, 9), (9, 3, 3, 3), (3, 2, 2, 8), (8, 2, 2, 3), (3, 2, 2, 8), (8, 2, 2, 3), (3, 2, 2, 1)].
- Rh leg dimensions: [(1, 3, 3, 9), (9, 3, 3, 54), (54, 3, 3, 54), (54, 3, 3, 54), (54, 3, 3, 54), (54, 3, 3, 54), (54, 3, 3, 54), (54, 3, 3, 54), (54, 3, 3, 54), (54, 3, 3, 9), (9, 3, 3, 1)].
-> E = <Lh|CC*> + <ALhAL*|CC*|ARhAR*> + <CC*|Rh> = 0.3089225338157934 + -0.10383674103150731 + -0.12890998300443582 = 0.07617580977985025.
ColumnDMRG performed 3 sweeps.
- C_updated leg dimensions: [(1, 2, 3, 6), (6, 2, 3, 18), (18, 2, 3, 18), (18, 2, 3, 18), (18, 2, 3, 18), (18, 3, 3, 18), (18, 2, 3, 18), (18, 2, 3, 18), (18, 2, 3, 18), (18, 2, 3, 6), (6, 2, 3, 1)].
- largest Hermiticity error: 1.949580860834281e-09.
- maximal number of matvec operations: 51.
-> E_updated = 0.062580341185483.
BoundaryCompression performed 3 sweeps.
Orthogonality column 3:
- C leg dimensions: [(1, 3, 3, 6), (6, 2, 3, 18), (18, 3, 3, 18), (18, 2, 3, 18), (18, 3, 3, 18), (18, 3, 3, 18), (18, 3, 3, 18), (18, 3, 3, 18), (18, 2, 3, 18), (18, 3, 3, 6), (6, 2, 3, 1)].
- Lh leg dimensions: [(1, 3, 3, 8), (8, 2, 2, 25), (25, 3, 3, 8), (8, 2, 2, 25), (25, 3, 3, 12), (12, 3, 3, 45), (45, 3, 3, 8), (8, 3, 3, 25), (25, 2, 2, 8), (8, 3, 3, 4), (4, 2, 2, 1)].
- Rh leg dimensions: [(1, 3, 3, 9), (9, 3, 3, 54), (54, 3, 3, 54), (54, 3, 3, 54), (54, 3, 3, 54), (54, 3, 3, 54), (54, 3, 3, 54), (54, 3, 3, 54), (54, 3, 3, 54), (54, 3, 3, 9), (9, 3, 3, 1)].
-> E = <Lh|CC*> + <ALhAL*|CC*|ARhAR*> + <CC*|Rh> = 0.19856112482747137 + -0.07711236133595281 + -0.06015006568997918 = 0.06129869780153938.
ColumnDMRG performed 3 sweeps.
- C_updated leg dimensions: [(1, 3, 3, 9), (9, 2, 3, 18), (18, 3, 3, 18), (18, 2, 3, 18), (18, 3, 3, 18), (18, 3, 3, 18), (18, 3, 3, 18), (18, 3, 3, 18), (18, 2, 3, 18), (18, 3, 3, 6), (6, 2, 3, 1)].
- largest Hermiticity error: 1.587041043269082e-10.
- maximal number of matvec operations: 61.
-> E_updated = 0.04979218186721344.
BoundaryCompression performed 3 sweeps.
Orthogonality column 4:
- C leg dimensions: [(1, 3, 3, 9), (9, 3, 3, 18), (18, 3, 3, 18), (18, 3, 3, 18), (18, 3, 3, 18), (18, 3, 3, 18), (18, 3, 3, 18), (18, 3, 3, 18), (18, 3, 3, 18), (18, 3, 3, 6), (6, 3, 3, 1)].
- Lh leg dimensions: [(1, 3, 3, 9), (9, 3, 3, 25), (25, 3, 3, 54), (54, 3, 3, 25), (25, 3, 3, 54), (54, 3, 3, 45), (45, 3, 3, 54), (54, 3, 3, 25), (25, 3, 3, 45), (45, 3, 3, 8), (8, 3, 3, 1)].
- Rh leg dimensions: [(1, 3, 3, 9), (9, 3, 3, 54), (54, 3, 3, 54), (54, 3, 3, 54), (54, 3, 3, 54), (54, 3, 3, 54), (54, 3, 3, 54), (54, 3, 3, 54), (54, 3, 3, 54), (54, 3, 3, 9), (9, 3, 3, 1)].
-> E = <Lh|CC*> + <ALhAL*|CC*|ARhAR*> + <CC*|Rh> = 0.11887052061658006 + -0.0706327992618432 + -0.0016460043286787686 = 0.04659171702605809.
ColumnDMRG performed 3 sweeps.
- C_updated leg dimensions: [(1, 3, 3, 9), (9, 3, 3, 18), (18, 3, 3, 18), (18, 3, 3, 18), (18, 3, 3, 18), (18, 3, 3, 18), (18, 3, 3, 18), (18, 3, 3, 18), (18, 3, 3, 18), (18, 3, 3, 9), (9, 3, 3, 1)].
- largest Hermiticity error: 2.0038274654117036e-11.
- maximal number of matvec operations: 61.
-> E_updated = 0.03618638206400032.
BoundaryCompression performed 3 sweeps.
Orthogonality column 5:
- C leg dimensions: [(1, 3, 3, 9), (9, 3, 3, 18), (18, 3, 3, 18), (18, 3, 3, 18), (18, 3, 3, 18), (18, 3, 3, 18), (18, 3, 3, 18), (18, 3, 3, 18), (18, 3, 3, 18), (18, 3, 3, 9), (9, 3, 3, 1)].
- Lh leg dimensions: [(1, 3, 3, 9), (9, 3, 3, 54), (54, 3, 3, 54), (54, 3, 3, 54), (54, 3, 3, 54), (54, 3, 3, 54), (54, 3, 3, 54), (54, 3, 3, 54), (54, 3, 3, 54), (54, 3, 3, 9), (9, 3, 3, 1)].
- Rh leg dimensions: [(1, 3, 3, 9), (9, 3, 3, 54), (54, 3, 3, 54), (54, 3, 3, 54), (54, 3, 3, 54), (54, 3, 3, 54), (54, 3, 3, 54), (54, 3, 3, 54), (54, 3, 3, 54), (54, 3, 3, 9), (9, 3, 3, 1)].
-> E = <Lh|CC*> + <ALhAL*|CC*|ARhAR*> + <CC*|Rh> = 0.04774262678811127 + -0.06798605589384997 + 0.059490320812675544 = 0.03924689170693684.
ColumnDMRG performed 3 sweeps.
- C_updated leg dimensions: [(1, 3, 3, 9), (9, 3, 3, 18), (18, 3, 3, 18), (18, 3, 3, 18), (18, 3, 3, 18), (18, 3, 3, 18), (18, 3, 3, 18), (18, 3, 3, 18), (18, 3, 3, 18), (18, 3, 3, 9), (9, 3, 3, 1)].
- largest Hermiticity error: 3.1244107100098877e-11.
- maximal number of matvec operations: 61.
-> E_updated = 0.03104766835710239.
BoundaryCompression performed 3 sweeps.
Orthogonality column 6:
- C leg dimensions: [(1, 3, 3, 9), (9, 3, 3, 18), (18, 3, 3, 18), (18, 3, 3, 18), (18, 3, 3, 18), (18, 3, 3, 18), (18, 3, 3, 18), (18, 3, 3, 18), (18, 3, 3, 18), (18, 3, 3, 9), (9, 3, 3, 1)].
- Lh leg dimensions: [(1, 3, 3, 9), (9, 3, 3, 54), (54, 3, 3, 54), (54, 3, 3, 54), (54, 3, 3, 54), (54, 3, 3, 54), (54, 3, 3, 54), (54, 3, 3, 54), (54, 3, 3, 54), (54, 3, 3, 9), (9, 3, 3, 1)].
- Rh leg dimensions: [(1, 3, 3, 9), (9, 3, 3, 54), (54, 3, 3, 54), (54, 3, 3, 54), (54, 3, 3, 54), (54, 3, 3, 54), (54, 3, 3, 54), (54, 3, 3, 54), (54, 3, 3, 54), (54, 3, 3, 9), (9, 3, 3, 1)].
-> E = <Lh|CC*> + <ALhAL*|CC*|ARhAR*> + <CC*|Rh> = -0.018860835776514234 + -0.07333158061616227 + 0.12561128360629037 = 0.03341886721361387.
ColumnDMRG performed 3 sweeps.
- C_updated leg dimensions: [(1, 3, 3, 9), (9, 3, 3, 18), (18, 3, 3, 18), (18, 3, 3, 18), (18, 3, 3, 18), (18, 3, 3, 18), (18, 3, 3, 18), (18, 3, 3, 18), (18, 3, 3, 18), (18, 3, 3, 9), (9, 3, 3, 1)].
- largest Hermiticity error: 1.8337825077268994e-10.
- maximal number of matvec operations: 61.
-> E_updated = 0.02465770945560479.
BoundaryCompression performed 3 sweeps.
Orthogonality column 7:
- C leg dimensions: [(1, 3, 3, 9), (9, 3, 3, 18), (18, 3, 3, 18), (18, 3, 3, 18), (18, 3, 3, 18), (18, 3, 3, 18), (18, 3, 3, 18), (18, 3, 3, 18), (18, 3, 3, 18), (18, 3, 3, 9), (9, 3, 3, 1)].
- Lh leg dimensions: [(1, 3, 3, 9), (9, 3, 3, 54), (54, 3, 3, 54), (54, 3, 3, 54), (54, 3, 3, 54), (54, 3, 3, 54), (54, 3, 3, 54), (54, 3, 3, 54), (54, 3, 3, 54), (54, 3, 3, 9), (9, 3, 3, 1)].
- Rh leg dimensions: [(1, 3, 3, 9), (9, 3, 3, 54), (54, 3, 3, 54), (54, 3, 3, 54), (54, 3, 3, 54), (54, 3, 3, 54), (54, 3, 3, 54), (54, 3, 3, 54), (54, 3, 3, 54), (54, 3, 3, 9), (9, 3, 3, 1)].
-> E = <Lh|CC*> + <ALhAL*|CC*|ARhAR*> + <CC*|Rh> = -0.09185817126060163 + -0.062138609026068464 + 0.1829741267511558 = 0.028977346464485715.
ColumnDMRG performed 3 sweeps.
- C_updated leg dimensions: [(1, 3, 3, 9), (9, 3, 3, 18), (18, 3, 3, 18), (18, 3, 3, 18), (18, 3, 3, 18), (18, 3, 3, 18), (18, 3, 3, 18), (18, 3, 3, 18), (18, 3, 3, 18), (18, 3, 3, 9), (9, 3, 3, 1)].
- largest Hermiticity error: 9.762058088356093e-11.
- maximal number of matvec operations: 61.
-> E_updated = 0.0228098109872741.
BoundaryCompression performed 3 sweeps.
Orthogonality column 8:
- C leg dimensions: [(1, 3, 3, 9), (9, 3, 3, 18), (18, 3, 3, 18), (18, 3, 3, 18), (18, 3, 3, 18), (18, 3, 3, 18), (18, 3, 3, 18), (18, 3, 3, 18), (18, 3, 3, 18), (18, 3, 3, 9), (9, 3, 3, 1)].
- Lh leg dimensions: [(1, 3, 3, 9), (9, 3, 3, 54), (54, 3, 3, 54), (54, 3, 3, 54), (54, 3, 3, 54), (54, 3, 3, 54), (54, 3, 3, 54), (54, 3, 3, 54), (54, 3, 3, 54), (54, 3, 3, 9), (9, 3, 3, 1)].
- Rh leg dimensions: [(1, 3, 3, 8), (8, 3, 3, 45), (45, 3, 3, 25), (25, 3, 3, 54), (54, 3, 3, 45), (45, 3, 3, 54), (54, 3, 3, 26), (26, 3, 3, 54), (54, 3, 3, 25), (25, 3, 3, 9), (9, 3, 3, 1)].
-> E = <Lh|CC*> + <ALhAL*|CC*|ARhAR*> + <CC*|Rh> = -0.14866930907907294 + -0.06685527054340787 + 0.24772314511360613 = 0.03219856549112532.
ColumnDMRG performed 3 sweeps.
- C_updated leg dimensions: [(1, 3, 3, 9), (9, 3, 3, 18), (18, 3, 3, 18), (18, 3, 3, 18), (18, 3, 3, 18), (18, 3, 3, 18), (18, 3, 3, 18), (18, 3, 3, 18), (18, 3, 3, 18), (18, 3, 3, 9), (9, 3, 3, 1)].
- largest Hermiticity error: 5.1455397200857125e-08.
- maximal number of matvec operations: 61.
-> E_updated = 0.02714700795216729.
BoundaryCompression performed 3 sweeps.
Orthogonality column 9:
- C leg dimensions: [(1, 3, 2, 9), (9, 3, 3, 18), (18, 3, 2, 18), (18, 3, 3, 18), (18, 3, 3, 18), (18, 3, 3, 18), (18, 3, 3, 18), (18, 3, 2, 18), (18, 3, 3, 18), (18, 3, 2, 9), (9, 3, 3, 1)].
- Lh leg dimensions: [(1, 3, 3, 9), (9, 3, 3, 54), (54, 3, 3, 54), (54, 3, 3, 54), (54, 3, 3, 54), (54, 3, 3, 54), (54, 3, 3, 54), (54, 3, 3, 54), (54, 3, 3, 54), (54, 3, 3, 9), (9, 3, 3, 1)].
- Rh leg dimensions: [(1, 2, 2, 4), (4, 3, 3, 8), (8, 2, 2, 25), (25, 3, 3, 9), (9, 3, 3, 45), (45, 3, 3, 12), (12, 3, 3, 25), (25, 2, 2, 8), (8, 3, 3, 25), (25, 2, 2, 8), (8, 3, 3, 1)].
-> E = <Lh|CC*> + <ALhAL*|CC*|ARhAR*> + <CC*|Rh> = -0.21018790047080357 + -0.06578640953048305 + 0.3126188981880068 = 0.03664458818672017.
ColumnDMRG performed 3 sweeps.
- C_updated leg dimensions: [(1, 3, 2, 6), (6, 3, 3, 18), (18, 3, 2, 18), (18, 3, 3, 18), (18, 3, 3, 18), (18, 3, 3, 18), (18, 3, 3, 18), (18, 3, 2, 18), (18, 3, 3, 18), (18, 3, 2, 9), (9, 3, 3, 1)].
- largest Hermiticity error: 7.309593148395189e-07.
- maximal number of matvec operations: 61.
-> E_updated = 0.03327958966141303.
BoundaryCompression performed 3 sweeps.
Orthogonality column 10:
- C leg dimensions: [(1, 3, 2, 6), (6, 3, 2, 18), (18, 3, 2, 18), (18, 3, 2, 18), (18, 3, 2, 18), (18, 3, 3, 18), (18, 3, 2, 18), (18, 3, 2, 18), (18, 3, 2, 18), (18, 3, 2, 9), (9, 3, 2, 1)].
- Lh leg dimensions: [(1, 3, 3, 9), (9, 3, 3, 54), (54, 3, 3, 54), (54, 3, 3, 54), (54, 3, 3, 54), (54, 3, 3, 54), (54, 3, 3, 54), (54, 3, 3, 54), (54, 3, 3, 54), (54, 3, 3, 9), (9, 3, 3, 1)].
- Rh leg dimensions: [(1, 2, 2, 3), (3, 2, 2, 8), (8, 2, 2, 3), (3, 2, 2, 8), (8, 2, 2, 3), (3, 3, 3, 9), (9, 2, 2, 3), (3, 2, 2, 8), (8, 2, 2, 3), (3, 2, 2, 4), (4, 2, 2, 1)].
-> E = <Lh|CC*> + <ALhAL*|CC*|ARhAR*> + <CC*|Rh> = -0.26029936739947374 + -0.09277847147359755 + 0.40519832368693554 = 0.05212048481386422.
ColumnDMRG performed 3 sweeps.
- C_updated leg dimensions: [(1, 3, 2, 6), (6, 3, 2, 18), (18, 3, 2, 18), (18, 3, 2, 18), (18, 3, 2, 18), (18, 3, 3, 18), (18, 3, 2, 18), (18, 3, 2, 18), (18, 3, 2, 18), (18, 3, 2, 6), (6, 3, 2, 1)].
- largest Hermiticity error: 3.5907181681351826e-07.
- maximal number of matvec operations: 51.
-> E_updated = 0.04772216068569202.
BoundaryCompression performed 3 sweeps.
Orthogonality column 11:
- C leg dimensions: [(1, 3, 1, 6), (6, 3, 2, 18), (18, 3, 1, 18), (18, 3, 2, 18), (18, 3, 1, 18), (18, 3, 2, 18), (18, 3, 2, 18), (18, 3, 1, 18), (18, 3, 2, 18), (18, 3, 1, 6), (6, 3, 2, 1)].
- Lh leg dimensions: [(1, 3, 3, 9), (9, 3, 3, 54), (54, 3, 3, 54), (54, 3, 3, 54), (54, 3, 3, 54), (54, 3, 3, 54), (54, 3, 3, 54), (54, 3, 3, 54), (54, 3, 3, 54), (54, 3, 3, 9), (9, 3, 3, 1)].
-> E = <Lh|CC*> + <ALhAL*|CC*|ARhAR*> + <CC*|Rh> = -0.3341382150406328 + 0.4061914216629037 + None = 0.07205320662227088.
ColumnDMRG performed 3 sweeps.
- C_updated leg dimensions: [(1, 3, 1, 3), (3, 3, 2, 18), (18, 3, 1, 18), (18, 3, 2, 18), (18, 3, 1, 18), (18, 3, 2, 18), (18, 3, 2, 18), (18, 3, 1, 18), (18, 3, 2, 18), (18, 3, 1, 6), (6, 3, 2, 1)].
- largest Hermiticity error: 5.256244108385002e-07.
- maximal number of matvec operations: 51.
-> E_updated = 0.06905586535931332.
BoundaryCompression performed 3 sweeps.
Orthogonality column 12:
- C leg dimensions: [(1, 3, 1, 3), (3, 3, 1, 9), (9, 3, 1, 18), (18, 3, 1, 18), (18, 3, 1, 18), (18, 3, 1, 18), (18, 3, 1, 18), (18, 3, 1, 18), (18, 3, 1, 18), (18, 3, 1, 6), (6, 3, 1, 1)].
- Lh leg dimensions: [(1, 3, 3, 9), (9, 3, 3, 54), (54, 3, 3, 54), (54, 3, 3, 54), (54, 3, 3, 54), (54, 3, 3, 54), (54, 3, 3, 54), (54, 3, 3, 54), (54, 3, 3, 54), (54, 3, 3, 9), (9, 3, 3, 1)].
-> E = <Lh|CC*> + <ALhAL*|CC*|ARhAR*> + <CC*|Rh> = 0.0909111456060941 + None + None = 0.0909111456060941.
ColumnDMRG performed 3 sweeps.
- C_updated leg dimensions: [(1, 3, 1, 3), (3, 3, 1, 9), (9, 3, 1, 18), (18, 3, 1, 18), (18, 3, 1, 18), (18, 3, 1, 18), (18, 3, 1, 18), (18, 3, 1, 18), (18, 3, 1, 9), (9, 3, 1, 3), (3, 3, 1, 1)].
- largest Hermiticity error: 5.431799462537732e-07.
- maximal number of matvec operations: 41.
-> E_updated = 0.08663059552106141.
Orthogonality column 11:
- C leg dimensions: [(1, 3, 1, 3), (3, 3, 2, 9), (9, 3, 1, 18), (18, 3, 2, 18), (18, 3, 1, 18), (18, 3, 2, 18), (18, 3, 2, 18), (18, 3, 1, 18), (18, 3, 2, 9), (9, 3, 1, 3), (3, 3, 2, 1)].
- Lh leg dimensions: [(1, 3, 3, 9), (9, 3, 3, 54), (54, 3, 3, 54), (54, 3, 3, 54), (54, 3, 3, 54), (54, 3, 3, 54), (54, 3, 3, 54), (54, 3, 3, 54), (54, 3, 3, 54), (54, 3, 3, 9), (9, 3, 3, 1)].
-> E = <Lh|CC*> + <ALhAL*|CC*|ARhAR*> + <CC*|Rh> = -0.3274789417228879 + 0.407013210086115 + None = 0.07953426836322713.
ColumnDMRG performed 3 sweeps.
- C_updated leg dimensions: [(1, 3, 1, 3), (3, 3, 2, 18), (18, 3, 1, 18), (18, 3, 2, 18), (18, 3, 1, 18), (18, 3, 2, 18), (18, 3, 2, 18), (18, 3, 1, 18), (18, 3, 2, 18), (18, 3, 1, 6), (6, 3, 2, 1)].
- largest Hermiticity error: 4.335164102618909e-07.
- maximal number of matvec operations: 51.
-> E_updated = 0.0690558653604076.
BoundaryCompression performed 3 sweeps.
Orthogonality column 10:
- C leg dimensions: [(1, 3, 2, 3), (3, 3, 2, 18), (18, 3, 2, 18), (18, 3, 2, 18), (18, 3, 2, 18), (18, 3, 3, 18), (18, 3, 2, 18), (18, 3, 2, 18), (18, 3, 2, 18), (18, 3, 2, 6), (6, 3, 2, 1)].
- Lh leg dimensions: [(1, 3, 3, 9), (9, 3, 3, 54), (54, 3, 3, 54), (54, 3, 3, 54), (54, 3, 3, 54), (54, 3, 3, 54), (54, 3, 3, 54), (54, 3, 3, 54), (54, 3, 3, 54), (54, 3, 3, 9), (9, 3, 3, 1)].
- Rh leg dimensions: [(1, 2, 2, 3), (3, 2, 2, 8), (8, 2, 2, 3), (3, 2, 2, 8), (8, 2, 2, 3), (3, 3, 3, 9), (9, 2, 2, 3), (3, 2, 2, 8), (8, 2, 2, 3), (3, 2, 2, 4), (4, 2, 2, 1)].
-> E = <Lh|CC*> + <ALhAL*|CC*|ARhAR*> + <CC*|Rh> = -0.25571565131843443 + -0.0882055108643779 + 0.4051914973996895 = 0.06127033521687719.
ColumnDMRG performed 3 sweeps.
- C_updated leg dimensions: [(1, 3, 2, 6), (6, 3, 2, 18), (18, 3, 2, 18), (18, 3, 2, 18), (18, 3, 2, 18), (18, 3, 3, 18), (18, 3, 2, 18), (18, 3, 2, 18), (18, 3, 2, 18), (18, 3, 2, 6), (6, 3, 2, 1)].
- largest Hermiticity error: 5.702545349383126e-07.
- maximal number of matvec operations: 51.
-> E_updated = 0.04772169830551634.
BoundaryCompression performed 3 sweeps.
Orthogonality column 9:
- C leg dimensions: [(1, 3, 2, 6), (6, 3, 3, 18), (18, 3, 2, 18), (18, 3, 3, 18), (18, 3, 3, 18), (18, 3, 3, 18), (18, 3, 3, 18), (18, 3, 2, 18), (18, 3, 3, 18), (18, 3, 2, 6), (6, 3, 3, 1)].
- Lh leg dimensions: [(1, 3, 3, 9), (9, 3, 3, 54), (54, 3, 3, 54), (54, 3, 3, 54), (54, 3, 3, 54), (54, 3, 3, 54), (54, 3, 3, 54), (54, 3, 3, 54), (54, 3, 3, 54), (54, 3, 3, 9), (9, 3, 3, 1)].
- Rh leg dimensions: [(1, 2, 2, 4), (4, 3, 3, 8), (8, 2, 2, 25), (25, 3, 3, 8), (8, 3, 3, 45), (45, 3, 3, 13), (13, 3, 3, 25), (25, 2, 2, 8), (8, 3, 3, 25), (25, 2, 2, 8), (8, 3, 3, 1)].
-> E = <Lh|CC*> + <ALhAL*|CC*|ARhAR*> + <CC*|Rh> = -0.20156572945625764 + -0.061197346313836894 + 0.3114753611763174 = 0.048712285406222855.
ColumnDMRG performed 3 sweeps.
- C_updated leg dimensions: [(1, 3, 2, 6), (6, 3, 3, 18), (18, 3, 2, 18), (18, 3, 3, 18), (18, 3, 3, 18), (18, 3, 3, 18), (18, 3, 3, 18), (18, 3, 2, 18), (18, 3, 3, 18), (18, 3, 2, 9), (9, 3, 3, 1)].
- largest Hermiticity error: 1.1318756209872366e-06.
- maximal number of matvec operations: 61.
-> E_updated = 0.0331860136985622.
BoundaryCompression performed 3 sweeps.
Orthogonality column 8:
- C leg dimensions: [(1, 3, 3, 6), (6, 3, 3, 18), (18, 3, 3, 18), (18, 3, 3, 18), (18, 3, 3, 18), (18, 3, 3, 18), (18, 3, 3, 18), (18, 3, 3, 18), (18, 3, 3, 18), (18, 3, 3, 9), (9, 3, 3, 1)].
- Lh leg dimensions: [(1, 3, 3, 9), (9, 3, 3, 54), (54, 3, 3, 54), (54, 3, 3, 54), (54, 3, 3, 54), (54, 3, 3, 54), (54, 3, 3, 54), (54, 3, 3, 54), (54, 3, 3, 54), (54, 3, 3, 9), (9, 3, 3, 1)].
- Rh leg dimensions: [(1, 3, 3, 8), (8, 3, 3, 45), (45, 3, 3, 25), (25, 3, 3, 54), (54, 3, 3, 45), (45, 3, 3, 54), (54, 3, 3, 25), (25, 3, 3, 54), (54, 3, 3, 25), (25, 3, 3, 9), (9, 3, 3, 1)].
-> E = <Lh|CC*> + <ALhAL*|CC*|ARhAR*> + <CC*|Rh> = -0.14397470428921977 + -0.06651694186735693 + 0.24654550239256728 = 0.03605385623599058.
ColumnDMRG performed 3 sweeps.
- C_updated leg dimensions: [(1, 3, 3, 9), (9, 3, 3, 18), (18, 3, 3, 18), (18, 3, 3, 18), (18, 3, 3, 18), (18, 3, 3, 18), (18, 3, 3, 18), (18, 3, 3, 18), (18, 3, 3, 18), (18, 3, 3, 9), (9, 3, 3, 1)].
- largest Hermiticity error: 4.4108194585012354e-08.
- maximal number of matvec operations: 61.
-> E_updated = 0.027288051226169723.
BoundaryCompression performed 3 sweeps.
Orthogonality column 7:
- C leg dimensions: [(1, 3, 3, 9), (9, 3, 3, 18), (18, 3, 3, 18), (18, 3, 3, 18), (18, 3, 3, 18), (18, 3, 3, 18), (18, 3, 3, 18), (18, 3, 3, 18), (18, 3, 3, 18), (18, 3, 3, 9), (9, 3, 3, 1)].
- Lh leg dimensions: [(1, 3, 3, 9), (9, 3, 3, 54), (54, 3, 3, 54), (54, 3, 3, 54), (54, 3, 3, 54), (54, 3, 3, 54), (54, 3, 3, 54), (54, 3, 3, 54), (54, 3, 3, 54), (54, 3, 3, 9), (9, 3, 3, 1)].
- Rh leg dimensions: [(1, 3, 3, 9), (9, 3, 3, 54), (54, 3, 3, 54), (54, 3, 3, 54), (54, 3, 3, 54), (54, 3, 3, 54), (54, 3, 3, 54), (54, 3, 3, 54), (54, 3, 3, 54), (54, 3, 3, 9), (9, 3, 3, 1)].
-> E = <Lh|CC*> + <ALhAL*|CC*|ARhAR*> + <CC*|Rh> = -0.08676398597959739 + -0.061890762488642836 + 0.18033250871681267 = 0.03167776024857244.
ColumnDMRG performed 3 sweeps.
- C_updated leg dimensions: [(1, 3, 3, 9), (9, 3, 3, 18), (18, 3, 3, 18), (18, 3, 3, 18), (18, 3, 3, 18), (18, 3, 3, 18), (18, 3, 3, 18), (18, 3, 3, 18), (18, 3, 3, 18), (18, 3, 3, 9), (9, 3, 3, 1)].
- largest Hermiticity error: 7.156849493954326e-11.
- maximal number of matvec operations: 61.
-> E_updated = 0.022925277695480188.
BoundaryCompression performed 3 sweeps.
Orthogonality column 6:
- C leg dimensions: [(1, 3, 3, 9), (9, 3, 3, 18), (18, 3, 3, 18), (18, 3, 3, 18), (18, 3, 3, 18), (18, 3, 3, 18), (18, 3, 3, 18), (18, 3, 3, 18), (18, 3, 3, 18), (18, 3, 3, 9), (9, 3, 3, 1)].
- Lh leg dimensions: [(1, 3, 3, 9), (9, 3, 3, 54), (54, 3, 3, 54), (54, 3, 3, 54), (54, 3, 3, 54), (54, 3, 3, 54), (54, 3, 3, 54), (54, 3, 3, 54), (54, 3, 3, 54), (54, 3, 3, 9), (9, 3, 3, 1)].
- Rh leg dimensions: [(1, 3, 3, 9), (9, 3, 3, 54), (54, 3, 3, 54), (54, 3, 3, 54), (54, 3, 3, 54), (54, 3, 3, 54), (54, 3, 3, 54), (54, 3, 3, 54), (54, 3, 3, 54), (54, 3, 3, 9), (9, 3, 3, 1)].
-> E = <Lh|CC*> + <ALhAL*|CC*|ARhAR*> + <CC*|Rh> = -0.014547266395341674 + -0.07405580399896027 + 0.12386985952207026 = 0.03526678912776832.
ColumnDMRG performed 3 sweeps.
- C_updated leg dimensions: [(1, 3, 3, 9), (9, 3, 3, 18), (18, 3, 3, 18), (18, 3, 3, 18), (18, 3, 3, 18), (18, 3, 3, 18), (18, 3, 3, 18), (18, 3, 3, 18), (18, 3, 3, 18), (18, 3, 3, 9), (9, 3, 3, 1)].
- largest Hermiticity error: 2.912046873877966e-10.
- maximal number of matvec operations: 61.
-> E_updated = 0.02882567947728402.
BoundaryCompression performed 3 sweeps.
Orthogonality column 5:
- C leg dimensions: [(1, 3, 3, 9), (9, 3, 3, 18), (18, 3, 3, 18), (18, 3, 3, 18), (18, 3, 3, 18), (18, 3, 3, 18), (18, 3, 3, 18), (18, 3, 3, 18), (18, 3, 3, 18), (18, 3, 3, 9), (9, 3, 3, 1)].
- Lh leg dimensions: [(1, 3, 3, 9), (9, 3, 3, 54), (54, 3, 3, 54), (54, 3, 3, 54), (54, 3, 3, 54), (54, 3, 3, 54), (54, 3, 3, 54), (54, 3, 3, 54), (54, 3, 3, 54), (54, 3, 3, 9), (9, 3, 3, 1)].
- Rh leg dimensions: [(1, 3, 3, 9), (9, 3, 3, 54), (54, 3, 3, 54), (54, 3, 3, 54), (54, 3, 3, 54), (54, 3, 3, 54), (54, 3, 3, 54), (54, 3, 3, 54), (54, 3, 3, 54), (54, 3, 3, 9), (9, 3, 3, 1)].
-> E = <Lh|CC*> + <ALhAL*|CC*|ARhAR*> + <CC*|Rh> = 0.05126827157028525 + -0.0683633780014013 + 0.05335443304730821 = 0.03625932661619216.
ColumnDMRG performed 3 sweeps.
- C_updated leg dimensions: [(1, 3, 3, 9), (9, 3, 3, 18), (18, 3, 3, 18), (18, 3, 3, 18), (18, 3, 3, 18), (18, 3, 3, 18), (18, 3, 3, 18), (18, 3, 3, 18), (18, 3, 3, 18), (18, 3, 3, 9), (9, 3, 3, 1)].
- largest Hermiticity error: 8.635334830832058e-12.
- maximal number of matvec operations: 61.
-> E_updated = 0.03058619789889881.
BoundaryCompression performed 3 sweeps.
Orthogonality column 4:
- C leg dimensions: [(1, 3, 3, 9), (9, 3, 3, 18), (18, 3, 3, 18), (18, 3, 3, 18), (18, 3, 3, 18), (18, 3, 3, 18), (18, 3, 3, 18), (18, 3, 3, 18), (18, 3, 3, 18), (18, 3, 3, 9), (9, 3, 3, 1)].
- Lh leg dimensions: [(1, 3, 3, 9), (9, 3, 3, 25), (25, 3, 3, 54), (54, 3, 3, 25), (25, 3, 3, 54), (54, 3, 3, 45), (45, 3, 3, 54), (54, 3, 3, 25), (25, 3, 3, 45), (45, 3, 3, 8), (8, 3, 3, 1)].
- Rh leg dimensions: [(1, 3, 3, 9), (9, 3, 3, 54), (54, 3, 3, 54), (54, 3, 3, 54), (54, 3, 3, 54), (54, 3, 3, 54), (54, 3, 3, 54), (54, 3, 3, 54), (54, 3, 3, 54), (54, 3, 3, 9), (9, 3, 3, 1)].
-> E = <Lh|CC*> + <ALhAL*|CC*|ARhAR*> + <CC*|Rh> = 0.12025765356285859 + -0.07207936041235857 + -0.0065861207667865535 = 0.04159217238371346.
ColumnDMRG performed 3 sweeps.
- C_updated leg dimensions: [(1, 3, 3, 9), (9, 3, 3, 18), (18, 3, 3, 18), (18, 3, 3, 18), (18, 3, 3, 18), (18, 3, 3, 18), (18, 3, 3, 18), (18, 3, 3, 18), (18, 3, 3, 18), (18, 3, 3, 9), (9, 3, 3, 1)].
- largest Hermiticity error: 6.08965135402786e-11.
- maximal number of matvec operations: 61.
-> E_updated = 0.03757570611785137.
BoundaryCompression performed 3 sweeps.
Orthogonality column 3:
- C leg dimensions: [(1, 3, 3, 9), (9, 2, 3, 18), (18, 3, 3, 18), (18, 2, 3, 18), (18, 3, 3, 18), (18, 3, 3, 18), (18, 3, 3, 18), (18, 3, 3, 18), (18, 2, 3, 18), (18, 3, 3, 6), (6, 2, 3, 1)].
- Lh leg dimensions: [(1, 3, 3, 8), (8, 2, 2, 25), (25, 3, 3, 8), (8, 2, 2, 25), (25, 3, 3, 12), (12, 3, 3, 45), (45, 3, 3, 8), (8, 3, 3, 25), (25, 2, 2, 8), (8, 3, 3, 4), (4, 2, 2, 1)].
- Rh leg dimensions: [(1, 3, 3, 9), (9, 3, 3, 54), (54, 3, 3, 54), (54, 3, 3, 54), (54, 3, 3, 54), (54, 3, 3, 54), (54, 3, 3, 54), (54, 3, 3, 54), (54, 3, 3, 54), (54, 3, 3, 9), (9, 3, 3, 1)].
-> E = <Lh|CC*> + <ALhAL*|CC*|ARhAR*> + <CC*|Rh> = 0.1976100868169432 + -0.07811848951143494 + -0.0635550310621508 = 0.055936566243357466.
ColumnDMRG performed 3 sweeps.
- C_updated leg dimensions: [(1, 3, 3, 9), (9, 2, 3, 18), (18, 3, 3, 18), (18, 2, 3, 18), (18, 3, 3, 18), (18, 3, 3, 18), (18, 3, 3, 18), (18, 3, 3, 18), (18, 2, 3, 18), (18, 3, 3, 6), (6, 2, 3, 1)].
- largest Hermiticity error: 8.555295955831951e-09.
- maximal number of matvec operations: 51.
-> E_updated = 0.05354432953200975.
BoundaryCompression performed 3 sweeps.
Orthogonality column 2:
- C leg dimensions: [(1, 2, 3, 6), (6, 2, 3, 18), (18, 2, 3, 18), (18, 2, 3, 18), (18, 2, 3, 18), (18, 3, 3, 18), (18, 2, 3, 18), (18, 2, 3, 18), (18, 2, 3, 18), (18, 2, 3, 6), (6, 2, 3, 1)].
- Lh leg dimensions: [(1, 2, 2, 4), (4, 2, 2, 3), (3, 2, 2, 8), (8, 2, 2, 3), (3, 2, 2, 9), (9, 3, 3, 3), (3, 2, 2, 8), (8, 2, 2, 3), (3, 2, 2, 8), (8, 2, 2, 3), (3, 2, 2, 1)].
- Rh leg dimensions: [(1, 3, 3, 9), (9, 3, 3, 54), (54, 3, 3, 54), (54, 3, 3, 54), (54, 3, 3, 54), (54, 3, 3, 54), (54, 3, 3, 54), (54, 3, 3, 54), (54, 3, 3, 54), (54, 3, 3, 9), (9, 3, 3, 1)].
-> E = <Lh|CC*> + <ALhAL*|CC*|ARhAR*> + <CC*|Rh> = 0.3087979718566411 + -0.10911292994567642 + -0.13106668479867997 = 0.0686183571122847.
ColumnDMRG performed 3 sweeps.
- C_updated leg dimensions: [(1, 2, 3, 6), (6, 2, 3, 18), (18, 2, 3, 18), (18, 2, 3, 18), (18, 2, 3, 18), (18, 3, 3, 18), (18, 2, 3, 18), (18, 2, 3, 18), (18, 2, 3, 18), (18, 2, 3, 6), (6, 2, 3, 1)].
- largest Hermiticity error: 7.367299359266892e-09.
- maximal number of matvec operations: 51.
-> E_updated = 0.06728918714133571.
BoundaryCompression performed 3 sweeps.
Orthogonality column 1:
- C leg dimensions: [(1, 2, 3, 6), (6, 1, 3, 18), (18, 2, 3, 18), (18, 1, 3, 18), (18, 2, 3, 18), (18, 2, 3, 18), (18, 1, 3, 18), (18, 2, 3, 18), (18, 1, 3, 18), (18, 2, 3, 3), (3, 1, 3, 1)].
- Rh leg dimensions: [(1, 3, 3, 9), (9, 3, 3, 54), (54, 3, 3, 54), (54, 3, 3, 54), (54, 3, 3, 54), (54, 3, 3, 54), (54, 3, 3, 54), (54, 3, 3, 54), (54, 3, 3, 54), (54, 3, 3, 9), (9, 3, 3, 1)].
-> E = <Lh|CC*> + <ALhAL*|CC*|ARhAR*> + <CC*|Rh> = None + 0.30987498716435674 + -0.22904331585519577 = 0.08083167130916097.
ColumnDMRG performed 3 sweeps.
- C_updated leg dimensions: [(1, 2, 3, 6), (6, 1, 3, 18), (18, 2, 3, 18), (18, 1, 3, 18), (18, 2, 3, 18), (18, 2, 3, 18), (18, 1, 3, 18), (18, 2, 3, 18), (18, 1, 3, 18), (18, 2, 3, 3), (3, 1, 3, 1)].
- largest Hermiticity error: 4.270321040207737e-09.
- maximal number of matvec operations: 51.
-> E_updated = 0.07856894802959871.
BoundaryCompression performed 3 sweeps.
Orthogonality column 0:
- C leg dimensions: [(1, 1, 3, 3), (3, 1, 3, 9), (9, 1, 3, 18), (18, 1, 3, 18), (18, 1, 3, 18), (18, 1, 3, 18), (18, 1, 3, 18), (18, 1, 3, 18), (18, 1, 3, 18), (18, 1, 3, 3), (3, 1, 3, 1)].
- Rh leg dimensions: [(1, 3, 3, 9), (9, 3, 3, 54), (54, 3, 3, 54), (54, 3, 3, 54), (54, 3, 3, 54), (54, 3, 3, 54), (54, 3, 3, 54), (54, 3, 3, 54), (54, 3, 3, 54), (54, 3, 3, 9), (9, 3, 3, 1)].
-> E = <Lh|CC*> + <ALhAL*|CC*|ARhAR*> + <CC*|Rh> = None + None + 0.09259187140188348 = 0.09259187140188348.
ColumnDMRG performed 3 sweeps.
- C_updated leg dimensions: [(1, 1, 3, 3), (3, 1, 3, 9), (9, 1, 3, 18), (18, 1, 3, 18), (18, 1, 3, 18), (18, 1, 3, 18), (18, 1, 3, 18), (18, 1, 3, 18), (18, 1, 3, 9), (9, 1, 3, 3), (3, 1, 3, 1)].
- largest Hermiticity error: 6.348691005988025e-09.
- maximal number of matvec operations: 41.
-> E_updated = 0.09022264878663944.
DMRGSquared performed 1 sweeps.
=> <H> - E0 = 0.07623959064022756.

<H>s - E0 = [0.23170575 0.07820605 0.07623959]
