Lx = 6, Ly = 6, g = 3.0, D_max = 4, chi_max_c = 24, chi_max_b = 96. 

E0_exact = -227.308603832. 

es = [-26.86622906 -17.94804911 -17.97662271 -17.98777767 -17.99228716
 -17.99505425 -17.99944357 -17.99879064 -17.99792953 -18.00917421
 -26.99470891].
E = -215.76606681087932.
E - E0 = 11.542537021120665.
subtract energy E0_exact evenly from all columns.


DMRGSquared sweep 1 ...
Orthogonality column 0:
- C leg dimensions: [(1, 1, 4, 4), (4, 1, 4, 16), (16, 1, 4, 24), (24, 1, 4, 24), (24, 1, 4, 24), (24, 1, 4, 24), (24, 1, 4, 24), (24, 1, 4, 24), (24, 1, 4, 16), (16, 1, 4, 4), (4, 1, 4, 1)].
- Rh leg dimensions: [(1, 4, 4, 16), (16, 4, 4, 96), (96, 4, 4, 96), (96, 4, 4, 96), (96, 4, 4, 96), (96, 4, 4, 96), (96, 4, 4, 96), (96, 4, 4, 96), (96, 4, 4, 96), (96, 4, 4, 16), (16, 4, 4, 1)].
-> E = <Lh|CC*> + <ALhAL*|CC*|ARhAR*> + <CC*|Rh> = None + None + -9.721532077337733 = -9.721532077337733.
- C_updated leg dimensions: [(1, 1, 4, 4), (4, 1, 4, 16), (16, 1, 4, 24), (24, 1, 4, 24), (24, 1, 4, 24), (24, 1, 4, 24), (24, 1, 4, 24), (24, 1, 4, 24), (24, 1, 4, 16), (16, 1, 4, 4), (4, 1, 4, 1)].
- largest Hermiticity error: 8.591112817723757e-06.
- maximal number of matvec operations: 21.
-> E_updated = -12.40486903162576.
Orthogonality column 1:
- C leg dimensions: [(1, 2, 4, 4), (4, 1, 4, 16), (16, 2, 4, 24), (24, 1, 4, 24), (24, 2, 4, 24), (24, 2, 4, 24), (24, 1, 4, 24), (24, 2, 4, 24), (24, 1, 4, 16), (16, 2, 4, 4), (4, 1, 4, 1)].
- Rh leg dimensions: [(1, 4, 4, 16), (16, 4, 4, 96), (96, 4, 4, 96), (96, 4, 4, 96), (96, 4, 4, 96), (96, 4, 4, 96), (96, 4, 4, 96), (96, 4, 4, 96), (96, 4, 4, 96), (96, 4, 4, 16), (16, 4, 4, 1)].
-> E = <Lh|CC*> + <ALhAL*|CC*|ARhAR*> + <CC*|Rh> = None + 1.2759492620885258 + -11.041394879112612 = -9.765445617024087.
- C_updated leg dimensions: [(1, 2, 4, 8), (8, 1, 4, 24), (24, 2, 4, 24), (24, 1, 4, 24), (24, 2, 4, 24), (24, 2, 4, 24), (24, 1, 4, 24), (24, 2, 4, 24), (24, 1, 4, 24), (24, 2, 4, 4), (4, 1, 4, 1)].
- largest Hermiticity error: 4.1269714439784725e-06.
- maximal number of matvec operations: 31.
-> E_updated = -10.007154129971289.
Orthogonality column 2:
- C leg dimensions: [(1, 2, 4, 8), (8, 2, 4, 24), (24, 2, 4, 24), (24, 2, 4, 24), (24, 2, 4, 24), (24, 4, 4, 24), (24, 2, 4, 24), (24, 2, 4, 24), (24, 2, 4, 24), (24, 2, 4, 4), (4, 2, 4, 1)].
- Lh leg dimensions: [(1, 2, 2, 4), (4, 2, 2, 3), (3, 2, 2, 8), (8, 2, 2, 3), (3, 2, 2, 9), (9, 4, 4, 3), (3, 2, 2, 8), (8, 2, 2, 3), (3, 2, 2, 8), (8, 2, 2, 3), (3, 2, 2, 1)].
- Rh leg dimensions: [(1, 4, 4, 16), (16, 4, 4, 96), (96, 4, 4, 96), (96, 4, 4, 96), (96, 4, 4, 96), (96, 4, 4, 96), (96, 4, 4, 96), (96, 4, 4, 96), (96, 4, 4, 96), (96, 4, 4, 16), (16, 4, 4, 1)].
-> E = <Lh|CC*> + <ALhAL*|CC*|ARhAR*> + <CC*|Rh> = 1.1400269559027416 + 0.8821206635829307 + -8.181411241865309 = -6.159263622379637.
- C_updated leg dimensions: [(1, 2, 4, 8), (8, 2, 4, 24), (24, 2, 4, 24), (24, 2, 4, 24), (24, 2, 4, 24), (24, 4, 4, 24), (24, 2, 4, 24), (24, 2, 4, 24), (24, 2, 4, 24), (24, 2, 4, 8), (8, 2, 4, 1)].
- largest Hermiticity error: 1.232170600657616e-07.
- maximal number of matvec operations: 51.
-> E_updated = -7.2614334739206825.
Orthogonality column 3:
- C leg dimensions: [(1, 4, 4, 8), (8, 2, 4, 24), (24, 4, 4, 24), (24, 2, 4, 24), (24, 4, 4, 24), (24, 4, 4, 24), (24, 4, 4, 24), (24, 4, 4, 24), (24, 2, 4, 24), (24, 4, 4, 8), (8, 2, 4, 1)].
- Lh leg dimensions: [(1, 4, 4, 8), (8, 2, 2, 29), (29, 4, 4, 8), (8, 2, 2, 29), (29, 4, 4, 13), (13, 4, 4, 80), (80, 4, 4, 8), (8, 4, 4, 29), (29, 2, 2, 8), (8, 4, 4, 4), (4, 2, 2, 1)].
- Rh leg dimensions: [(1, 4, 4, 16), (16, 4, 4, 96), (96, 4, 4, 96), (96, 4, 4, 96), (96, 4, 4, 96), (96, 4, 4, 96), (96, 4, 4, 96), (96, 4, 4, 96), (96, 4, 4, 96), (96, 4, 4, 16), (16, 4, 4, 1)].
-> E = <Lh|CC*> + <ALhAL*|CC*|ARhAR*> + <CC*|Rh> = 1.0652951945894698 + 0.9058815442951468 + -6.813301821597124 = -4.842125082712507.
- C_updated leg dimensions: [(1, 4, 4, 16), (16, 2, 4, 24), (24, 4, 4, 24), (24, 2, 4, 24), (24, 4, 4, 24), (24, 4, 4, 24), (24, 4, 4, 24), (24, 4, 4, 24), (24, 2, 4, 24), (24, 4, 4, 8), (8, 2, 4, 1)].
- largest Hermiticity error: 2.553375225436251e-07.
- maximal number of matvec operations: 61.
-> E_updated = -5.9513759023002395.
Orthogonality column 4:
- C leg dimensions: [(1, 4, 4, 16), (16, 4, 4, 24), (24, 4, 4, 24), (24, 4, 4, 24), (24, 4, 4, 24), (24, 4, 4, 24), (24, 4, 4, 24), (24, 4, 4, 24), (24, 4, 4, 24), (24, 4, 4, 8), (8, 4, 4, 1)].
- Lh leg dimensions: [(1, 4, 4, 16), (16, 4, 4, 32), (32, 4, 4, 96), (96, 4, 4, 32), (32, 4, 4, 96), (96, 4, 4, 80), (80, 4, 4, 96), (96, 4, 4, 33), (33, 4, 4, 80), (80, 4, 4, 9), (9, 4, 4, 1)].
- Rh leg dimensions: [(1, 4, 4, 16), (16, 4, 4, 96), (96, 4, 4, 96), (96, 4, 4, 96), (96, 4, 4, 96), (96, 4, 4, 96), (96, 4, 4, 96), (96, 4, 4, 96), (96, 4, 4, 96), (96, 4, 4, 16), (16, 4, 4, 1)].
-> E = <Lh|CC*> + <ALhAL*|CC*|ARhAR*> + <CC*|Rh> = 1.016209873846512 + 0.9313944837350137 + -2.2935461180285075 = -0.3459417604469819.
- C_updated leg dimensions: [(1, 4, 4, 16), (16, 4, 4, 24), (24, 4, 4, 24), (24, 4, 4, 24), (24, 4, 4, 24), (24, 4, 4, 24), (24, 4, 4, 24), (24, 4, 4, 24), (24, 4, 4, 24), (24, 4, 4, 16), (16, 4, 4, 1)].
- largest Hermiticity error: 2.3148609001415206e-07.
- maximal number of matvec operations: 71.
-> E_updated = -1.4531815699948658.
Orthogonality column 5:
- C leg dimensions: [(1, 4, 4, 16), (16, 4, 4, 24), (24, 4, 4, 24), (24, 4, 4, 24), (24, 4, 4, 24), (24, 4, 4, 24), (24, 4, 4, 24), (24, 4, 4, 24), (24, 4, 4, 24), (24, 4, 4, 16), (16, 4, 4, 1)].
- Lh leg dimensions: [(1, 4, 4, 16), (16, 4, 4, 96), (96, 4, 4, 96), (96, 4, 4, 96), (96, 4, 4, 96), (96, 4, 4, 96), (96, 4, 4, 96), (96, 4, 4, 96), (96, 4, 4, 96), (96, 4, 4, 16), (16, 4, 4, 1)].
- Rh leg dimensions: [(1, 4, 4, 16), (16, 4, 4, 96), (96, 4, 4, 96), (96, 4, 4, 96), (96, 4, 4, 96), (96, 4, 4, 96), (96, 4, 4, 96), (96, 4, 4, 96), (96, 4, 4, 96), (96, 4, 4, 16), (16, 4, 4, 1)].
-> E = <Lh|CC*> + <ALhAL*|CC*|ARhAR*> + <CC*|Rh> = 0.9518148188086437 + 0.9243905400011106 + 1.5898526257487269 = 3.466057984558481.
- C_updated leg dimensions: [(1, 4, 4, 16), (16, 4, 4, 24), (24, 4, 4, 24), (24, 4, 4, 24), (24, 4, 4, 24), (24, 4, 4, 24), (24, 4, 4, 24), (24, 4, 4, 24), (24, 4, 4, 24), (24, 4, 4, 16), (16, 4, 4, 1)].
- largest Hermiticity error: 1.2106333881061462e-08.
- maximal number of matvec operations: 61.
-> E_updated = 2.4775771633799626.
Orthogonality column 6:
- C leg dimensions: [(1, 4, 4, 16), (16, 4, 4, 24), (24, 4, 4, 24), (24, 4, 4, 24), (24, 4, 4, 24), (24, 4, 4, 24), (24, 4, 4, 24), (24, 4, 4, 24), (24, 4, 4, 24), (24, 4, 4, 16), (16, 4, 4, 1)].
- Lh leg dimensions: [(1, 4, 4, 16), (16, 4, 4, 96), (96, 4, 4, 96), (96, 4, 4, 96), (96, 4, 4, 96), (96, 4, 4, 96), (96, 4, 4, 96), (96, 4, 4, 96), (96, 4, 4, 96), (96, 4, 4, 16), (16, 4, 4, 1)].
- Rh leg dimensions: [(1, 4, 4, 16), (16, 4, 4, 96), (96, 4, 4, 96), (96, 4, 4, 96), (96, 4, 4, 96), (96, 4, 4, 96), (96, 4, 4, 96), (96, 4, 4, 96), (96, 4, 4, 96), (96, 4, 4, 16), (16, 4, 4, 1)].
-> E = <Lh|CC*> + <ALhAL*|CC*|ARhAR*> + <CC*|Rh> = 1.0401862225955705 + 0.9214300964124122 + 3.0521490096465898 = 5.013765328654572.
- C_updated leg dimensions: [(1, 4, 4, 16), (16, 4, 4, 24), (24, 4, 4, 24), (24, 4, 4, 24), (24, 4, 4, 24), (24, 4, 4, 24), (24, 4, 4, 24), (24, 4, 4, 24), (24, 4, 4, 24), (24, 4, 4, 16), (16, 4, 4, 1)].
- largest Hermiticity error: 5.689501829722147e-06.
- maximal number of matvec operations: 61.
-> E_updated = 4.203070015321505.
Orthogonality column 7:
- C leg dimensions: [(1, 4, 4, 16), (16, 4, 4, 24), (24, 4, 4, 24), (24, 4, 4, 24), (24, 4, 4, 24), (24, 4, 4, 24), (24, 4, 4, 24), (24, 4, 4, 24), (24, 4, 4, 24), (24, 4, 4, 16), (16, 4, 4, 1)].
- Lh leg dimensions: [(1, 4, 4, 16), (16, 4, 4, 96), (96, 4, 4, 96), (96, 4, 4, 96), (96, 4, 4, 96), (96, 4, 4, 96), (96, 4, 4, 96), (96, 4, 4, 96), (96, 4, 4, 96), (96, 4, 4, 16), (16, 4, 4, 1)].
- Rh leg dimensions: [(1, 4, 4, 16), (16, 4, 4, 96), (96, 4, 4, 96), (96, 4, 4, 96), (96, 4, 4, 96), (96, 4, 4, 96), (96, 4, 4, 96), (96, 4, 4, 96), (96, 4, 4, 96), (96, 4, 4, 16), (16, 4, 4, 1)].
-> E = <Lh|CC*> + <ALhAL*|CC*|ARhAR*> + <CC*|Rh> = 1.335676567162123 + 0.9103982268998054 + 4.006965937095362 = 6.253040731157291.
- C_updated leg dimensions: [(1, 4, 4, 16), (16, 4, 4, 24), (24, 4, 4, 24), (24, 4, 4, 24), (24, 4, 4, 24), (24, 4, 4, 24), (24, 4, 4, 24), (24, 4, 4, 24), (24, 4, 4, 24), (24, 4, 4, 16), (16, 4, 4, 1)].
- largest Hermiticity error: 1.6069751565703174e-06.
- maximal number of matvec operations: 51.
-> E_updated = 5.370832168070234.
Orthogonality column 8:
- C leg dimensions: [(1, 4, 4, 16), (16, 4, 4, 24), (24, 4, 4, 24), (24, 4, 4, 24), (24, 4, 4, 24), (24, 4, 4, 24), (24, 4, 4, 24), (24, 4, 4, 24), (24, 4, 4, 24), (24, 4, 4, 16), (16, 4, 4, 1)].
- Lh leg dimensions: [(1, 4, 4, 16), (16, 4, 4, 96), (96, 4, 4, 96), (96, 4, 4, 96), (96, 4, 4, 96), (96, 4, 4, 96), (96, 4, 4, 96), (96, 4, 4, 96), (96, 4, 4, 96), (96, 4, 4, 16), (16, 4, 4, 1)].
- Rh leg dimensions: [(1, 4, 4, 9), (9, 4, 4, 80), (80, 4, 4, 33), (33, 4, 4, 96), (96, 4, 4, 33), (33, 4, 4, 96), (96, 4, 4, 33), (33, 4, 4, 96), (96, 4, 4, 32), (32, 4, 4, 16), (16, 4, 4, 1)].
-> E = <Lh|CC*> + <ALhAL*|CC*|ARhAR*> + <CC*|Rh> = 1.9556540297584206 + 0.7494128830478092 + 3.3672363956464317 = 6.072303308452661.
- C_updated leg dimensions: [(1, 4, 4, 16), (16, 4, 4, 24), (24, 4, 4, 24), (24, 4, 4, 24), (24, 4, 4, 24), (24, 4, 4, 24), (24, 4, 4, 24), (24, 4, 4, 24), (24, 4, 4, 24), (24, 4, 4, 16), (16, 4, 4, 1)].
- largest Hermiticity error: 1.0291756811200549e-06.
- maximal number of matvec operations: 51.
-> E_updated = 2.960238295319374.
Orthogonality column 9:
- C leg dimensions: [(1, 4, 2, 16), (16, 4, 4, 24), (24, 4, 2, 24), (24, 4, 4, 24), (24, 4, 2, 24), (24, 4, 4, 24), (24, 4, 2, 24), (24, 4, 4, 24), (24, 4, 2, 24), (24, 4, 4, 16), (16, 4, 4, 1)].
- Lh leg dimensions: [(1, 4, 4, 16), (16, 4, 4, 96), (96, 4, 4, 96), (96, 4, 4, 96), (96, 4, 4, 96), (96, 4, 4, 96), (96, 4, 4, 96), (96, 4, 4, 96), (96, 4, 4, 96), (96, 4, 4, 16), (16, 4, 4, 1)].
- Rh leg dimensions: [(1, 2, 2, 4), (4, 4, 4, 8), (8, 2, 2, 29), (29, 4, 4, 8), (8, 2, 2, 29), (29, 4, 4, 8), (8, 2, 2, 29), (29, 4, 4, 8), (8, 2, 2, 29), (29, 4, 4, 13), (13, 4, 4, 1)].
-> E = <Lh|CC*> + <ALhAL*|CC*|ARhAR*> + <CC*|Rh> = 2.068229917269633 + 0.10846642685291676 + 1.055801161120936 = 3.2324975052434857.
- C_updated leg dimensions: [(1, 4, 2, 8), (8, 4, 4, 24), (24, 4, 2, 24), (24, 4, 4, 24), (24, 4, 2, 24), (24, 4, 4, 24), (24, 4, 2, 24), (24, 4, 4, 24), (24, 4, 2, 24), (24, 4, 4, 16), (16, 4, 4, 1)].
- largest Hermiticity error: 5.036983150963705e-06.
- maximal number of matvec operations: 51.
-> E_updated = 2.5633601953660126.
Orthogonality column 10:
- C leg dimensions: [(1, 4, 2, 8), (8, 4, 2, 24), (24, 4, 2, 24), (24, 4, 2, 24), (24, 4, 2, 24), (24, 4, 2, 24), (24, 4, 2, 24), (24, 4, 2, 24), (24, 4, 2, 24), (24, 4, 2, 16), (16, 4, 4, 1)].
- Lh leg dimensions: [(1, 4, 4, 16), (16, 4, 4, 96), (96, 4, 4, 96), (96, 4, 4, 96), (96, 4, 4, 96), (96, 4, 4, 96), (96, 4, 4, 96), (96, 4, 4, 96), (96, 4, 4, 96), (96, 4, 4, 16), (16, 4, 4, 1)].
- Rh leg dimensions: [(1, 2, 2, 3), (3, 2, 2, 8), (8, 2, 2, 3), (3, 2, 2, 8), (8, 2, 2, 3), (3, 2, 2, 8), (8, 2, 2, 3), (3, 2, 2, 8), (8, 2, 2, 3), (3, 2, 2, 9), (9, 4, 4, 1)].
-> E = <Lh|CC*> + <ALhAL*|CC*|ARhAR*> + <CC*|Rh> = 2.096701638414934 + -0.03211844544432538 + 0.7042673165881376 = 2.7688505095587463.
- C_updated leg dimensions: [(1, 4, 2, 8), (8, 4, 2, 24), (24, 4, 2, 24), (24, 4, 2, 24), (24, 4, 2, 24), (24, 4, 2, 24), (24, 4, 2, 24), (24, 4, 2, 24), (24, 4, 2, 24), (24, 4, 2, 16), (16, 4, 4, 1)].
- largest Hermiticity error: 2.8394380687899216e-06.
- maximal number of matvec operations: 41.
-> E_updated = 2.3826369064041626.
Orthogonality column 11:
- C leg dimensions: [(1, 4, 1, 8), (8, 4, 2, 24), (24, 4, 1, 24), (24, 4, 2, 24), (24, 4, 1, 24), (24, 4, 2, 24), (24, 4, 1, 24), (24, 4, 2, 24), (24, 4, 1, 24), (24, 4, 2, 8), (8, 4, 2, 1)].
- Lh leg dimensions: [(1, 4, 4, 16), (16, 4, 4, 96), (96, 4, 4, 96), (96, 4, 4, 96), (96, 4, 4, 96), (96, 4, 4, 96), (96, 4, 4, 96), (96, 4, 4, 96), (96, 4, 4, 96), (96, 4, 4, 16), (16, 4, 4, 1)].
-> E = <Lh|CC*> + <ALhAL*|CC*|ARhAR*> + <CC*|Rh> = 2.0558795296771204 + 0.5185247320240522 + None = 2.5744042617011726.
- C_updated leg dimensions: [(1, 4, 1, 4), (4, 4, 2, 24), (24, 4, 1, 24), (24, 4, 2, 24), (24, 4, 1, 24), (24, 4, 2, 24), (24, 4, 1, 24), (24, 4, 2, 24), (24, 4, 1, 24), (24, 4, 2, 8), (8, 4, 2, 1)].
- largest Hermiticity error: 3.23884259805451e-06.
- maximal number of matvec operations: 41.
-> E_updated = 2.521949601292431.
Orthogonality column 12:
- C leg dimensions: [(1, 4, 1, 4), (4, 4, 1, 16), (16, 4, 1, 24), (24, 4, 1, 24), (24, 4, 1, 24), (24, 4, 1, 24), (24, 4, 1, 24), (24, 4, 1, 24), (24, 4, 1, 24), (24, 4, 1, 8), (8, 4, 1, 1)].
- Lh leg dimensions: [(1, 4, 4, 16), (16, 4, 4, 96), (96, 4, 4, 96), (96, 4, 4, 96), (96, 4, 4, 96), (96, 4, 4, 96), (96, 4, 4, 96), (96, 4, 4, 96), (96, 4, 4, 96), (96, 4, 4, 16), (16, 4, 4, 1)].
-> E = <Lh|CC*> + <ALhAL*|CC*|ARhAR*> + <CC*|Rh> = 2.56572269791172 + None + None = 2.56572269791172.
- C_updated leg dimensions: [(1, 4, 1, 4), (4, 4, 1, 16), (16, 4, 1, 24), (24, 4, 1, 24), (24, 4, 1, 24), (24, 4, 1, 24), (24, 4, 1, 24), (24, 4, 1, 24), (24, 4, 1, 16), (16, 4, 1, 4), (4, 4, 1, 1)].
- largest Hermiticity error: 2.8408259000467015e-06.
- maximal number of matvec operations: 41.
-> E_updated = 2.494080907645657.
Orthogonality column 11:
- C leg dimensions: [(1, 4, 1, 4), (4, 4, 2, 16), (16, 4, 1, 24), (24, 4, 2, 24), (24, 4, 1, 24), (24, 4, 2, 24), (24, 4, 2, 24), (24, 4, 1, 24), (24, 4, 2, 16), (16, 4, 1, 4), (4, 4, 2, 1)].
- Lh leg dimensions: [(1, 4, 4, 16), (16, 4, 4, 96), (96, 4, 4, 96), (96, 4, 4, 96), (96, 4, 4, 96), (96, 4, 4, 96), (96, 4, 4, 96), (96, 4, 4, 96), (96, 4, 4, 96), (96, 4, 4, 16), (16, 4, 4, 1)].
-> E = <Lh|CC*> + <ALhAL*|CC*|ARhAR*> + <CC*|Rh> = 2.0821902599794666 + 0.5222102698032468 + None = 2.6044005297827133.
- C_updated leg dimensions: [(1, 4, 1, 4), (4, 4, 2, 24), (24, 4, 1, 24), (24, 4, 2, 24), (24, 4, 1, 24), (24, 4, 2, 24), (24, 4, 2, 24), (24, 4, 1, 24), (24, 4, 2, 24), (24, 4, 1, 8), (8, 4, 2, 1)].
- largest Hermiticity error: 5.331801144000446e-06.
- maximal number of matvec operations: 41.
-> E_updated = 2.521958448189437.
Orthogonality column 10:
- C leg dimensions: [(1, 4, 2, 4), (4, 4, 2, 24), (24, 4, 2, 24), (24, 4, 2, 24), (24, 4, 2, 24), (24, 4, 4, 24), (24, 4, 2, 24), (24, 4, 2, 24), (24, 4, 2, 24), (24, 4, 2, 8), (8, 4, 2, 1)].
- Lh leg dimensions: [(1, 4, 4, 16), (16, 4, 4, 96), (96, 4, 4, 96), (96, 4, 4, 96), (96, 4, 4, 96), (96, 4, 4, 96), (96, 4, 4, 96), (96, 4, 4, 96), (96, 4, 4, 96), (96, 4, 4, 16), (16, 4, 4, 1)].
- Rh leg dimensions: [(1, 2, 2, 3), (3, 2, 2, 8), (8, 2, 2, 3), (3, 2, 2, 8), (8, 2, 2, 3), (3, 4, 4, 9), (9, 2, 2, 3), (3, 2, 2, 8), (8, 2, 2, 3), (3, 2, 2, 4), (4, 2, 2, 1)].
-> E = <Lh|CC*> + <ALhAL*|CC*|ARhAR*> + <CC*|Rh> = 2.0428784573479386 + -0.09300949267719319 + 0.5171287071874935 = 2.466997671858239.
- C_updated leg dimensions: [(1, 4, 2, 8), (8, 4, 2, 24), (24, 4, 2, 24), (24, 4, 2, 24), (24, 4, 2, 24), (24, 4, 4, 24), (24, 4, 2, 24), (24, 4, 2, 24), (24, 4, 2, 24), (24, 4, 2, 8), (8, 4, 2, 1)].
- largest Hermiticity error: 5.196475331739636e-06.
- maximal number of matvec operations: 51.
-> E_updated = 2.379815603525226.
Orthogonality column 9:
- C leg dimensions: [(1, 4, 2, 8), (8, 4, 4, 24), (24, 4, 2, 24), (24, 4, 4, 24), (24, 4, 4, 24), (24, 4, 4, 24), (24, 4, 4, 24), (24, 4, 2, 24), (24, 4, 4, 24), (24, 4, 2, 8), (8, 4, 4, 1)].
- Lh leg dimensions: [(1, 4, 4, 16), (16, 4, 4, 96), (96, 4, 4, 96), (96, 4, 4, 96), (96, 4, 4, 96), (96, 4, 4, 96), (96, 4, 4, 96), (96, 4, 4, 96), (96, 4, 4, 96), (96, 4, 4, 16), (16, 4, 4, 1)].
- Rh leg dimensions: [(1, 2, 2, 4), (4, 4, 4, 8), (8, 2, 2, 29), (29, 4, 4, 8), (8, 4, 4, 80), (80, 4, 4, 13), (13, 4, 4, 29), (29, 2, 2, 8), (8, 4, 4, 29), (29, 2, 2, 8), (8, 4, 4, 1)].
-> E = <Lh|CC*> + <ALhAL*|CC*|ARhAR*> + <CC*|Rh> = 1.9977589963647293 + -0.08811360128861377 + 0.41223376184603344 = 2.321879156922149.
- C_updated leg dimensions: [(1, 4, 2, 8), (8, 4, 4, 24), (24, 4, 2, 24), (24, 4, 4, 24), (24, 4, 4, 24), (24, 4, 4, 24), (24, 4, 4, 24), (24, 4, 2, 24), (24, 4, 4, 24), (24, 4, 2, 16), (16, 4, 4, 1)].
- largest Hermiticity error: 4.65611404250709e-06.
- maximal number of matvec operations: 51.
-> E_updated = 2.2000067545910555.
Orthogonality column 8:
- C leg dimensions: [(1, 4, 4, 8), (8, 4, 4, 24), (24, 4, 4, 24), (24, 4, 4, 24), (24, 4, 4, 24), (24, 4, 4, 24), (24, 4, 4, 24), (24, 4, 4, 24), (24, 4, 4, 24), (24, 4, 4, 16), (16, 4, 4, 1)].
- Lh leg dimensions: [(1, 4, 4, 16), (16, 4, 4, 96), (96, 4, 4, 96), (96, 4, 4, 96), (96, 4, 4, 96), (96, 4, 4, 96), (96, 4, 4, 96), (96, 4, 4, 96), (96, 4, 4, 96), (96, 4, 4, 16), (16, 4, 4, 1)].
- Rh leg dimensions: [(1, 4, 4, 9), (9, 4, 4, 80), (80, 4, 4, 33), (33, 4, 4, 96), (96, 4, 4, 80), (80, 4, 4, 96), (96, 4, 4, 32), (32, 4, 4, 96), (96, 4, 4, 32), (32, 4, 4, 16), (16, 4, 4, 1)].
-> E = <Lh|CC*> + <ALhAL*|CC*|ARhAR*> + <CC*|Rh> = 1.9178617361637817 + -0.09945160173115347 + 0.30015979136380205 = 2.11856992579643.
- C_updated leg dimensions: [(1, 4, 4, 16), (16, 4, 4, 24), (24, 4, 4, 24), (24, 4, 4, 24), (24, 4, 4, 24), (24, 4, 4, 24), (24, 4, 4, 24), (24, 4, 4, 24), (24, 4, 4, 24), (24, 4, 4, 16), (16, 4, 4, 1)].
- largest Hermiticity error: 9.892839848107667e-07.
- maximal number of matvec operations: 51.
-> E_updated = 1.8867738040279491.
Orthogonality column 7:
- C leg dimensions: [(1, 4, 4, 16), (16, 4, 4, 24), (24, 4, 4, 24), (24, 4, 4, 24), (24, 4, 4, 24), (24, 4, 4, 24), (24, 4, 4, 24), (24, 4, 4, 24), (24, 4, 4, 24), (24, 4, 4, 16), (16, 4, 4, 1)].
- Lh leg dimensions: [(1, 4, 4, 16), (16, 4, 4, 96), (96, 4, 4, 96), (96, 4, 4, 96), (96, 4, 4, 96), (96, 4, 4, 96), (96, 4, 4, 96), (96, 4, 4, 96), (96, 4, 4, 96), (96, 4, 4, 16), (16, 4, 4, 1)].
- Rh leg dimensions: [(1, 4, 4, 16), (16, 4, 4, 96), (96, 4, 4, 96), (96, 4, 4, 96), (96, 4, 4, 96), (96, 4, 4, 96), (96, 4, 4, 96), (96, 4, 4, 96), (96, 4, 4, 96), (96, 4, 4, 16), (16, 4, 4, 1)].
-> E = <Lh|CC*> + <ALhAL*|CC*|ARhAR*> + <CC*|Rh> = 1.1805011108655958 + 0.4918536484987594 + 0.1501553597654141 = 1.8225101191297695.
- C_updated leg dimensions: [(1, 4, 4, 16), (16, 4, 4, 24), (24, 4, 4, 24), (24, 4, 4, 24), (24, 4, 4, 24), (24, 4, 4, 24), (24, 4, 4, 24), (24, 4, 4, 24), (24, 4, 4, 24), (24, 4, 4, 16), (16, 4, 4, 1)].
- largest Hermiticity error: 1.1969482740049542e-06.
- maximal number of matvec operations: 61.
-> E_updated = 1.3260831867694445.
Orthogonality column 6:
- C leg dimensions: [(1, 4, 4, 16), (16, 4, 4, 24), (24, 4, 4, 24), (24, 4, 4, 24), (24, 4, 4, 24), (24, 4, 4, 24), (24, 4, 4, 24), (24, 4, 4, 24), (24, 4, 4, 24), (24, 4, 4, 16), (16, 4, 4, 1)].
- Lh leg dimensions: [(1, 4, 4, 16), (16, 4, 4, 96), (96, 4, 4, 96), (96, 4, 4, 96), (96, 4, 4, 96), (96, 4, 4, 96), (96, 4, 4, 96), (96, 4, 4, 96), (96, 4, 4, 96), (96, 4, 4, 16), (16, 4, 4, 1)].
- Rh leg dimensions: [(1, 4, 4, 16), (16, 4, 4, 96), (96, 4, 4, 96), (96, 4, 4, 96), (96, 4, 4, 96), (96, 4, 4, 96), (96, 4, 4, 96), (96, 4, 4, 96), (96, 4, 4, 96), (96, 4, 4, 16), (16, 4, 4, 1)].
-> E = <Lh|CC*> + <ALhAL*|CC*|ARhAR*> + <CC*|Rh> = 0.7659581615682789 + 0.4284812229366135 + 0.20371031322058133 = 1.3981496977254737.
- C_updated leg dimensions: [(1, 4, 4, 16), (16, 4, 4, 24), (24, 4, 4, 24), (24, 4, 4, 24), (24, 4, 4, 24), (24, 4, 4, 24), (24, 4, 4, 24), (24, 4, 4, 24), (24, 4, 4, 24), (24, 4, 4, 16), (16, 4, 4, 1)].
- largest Hermiticity error: 2.635845686803413e-06.
- maximal number of matvec operations: 61.
-> E_updated = 0.8743957161643875.
Orthogonality column 5:
- C leg dimensions: [(1, 4, 4, 16), (16, 4, 4, 24), (24, 4, 4, 24), (24, 4, 4, 24), (24, 4, 4, 24), (24, 4, 4, 24), (24, 4, 4, 24), (24, 4, 4, 24), (24, 4, 4, 24), (24, 4, 4, 16), (16, 4, 4, 1)].
- Lh leg dimensions: [(1, 4, 4, 16), (16, 4, 4, 96), (96, 4, 4, 96), (96, 4, 4, 96), (96, 4, 4, 96), (96, 4, 4, 96), (96, 4, 4, 96), (96, 4, 4, 96), (96, 4, 4, 96), (96, 4, 4, 16), (16, 4, 4, 1)].
- Rh leg dimensions: [(1, 4, 4, 16), (16, 4, 4, 96), (96, 4, 4, 96), (96, 4, 4, 96), (96, 4, 4, 96), (96, 4, 4, 96), (96, 4, 4, 96), (96, 4, 4, 96), (96, 4, 4, 96), (96, 4, 4, 16), (16, 4, 4, 1)].
-> E = <Lh|CC*> + <ALhAL*|CC*|ARhAR*> + <CC*|Rh> = 0.3156196704970061 + 0.4390373532618132 + 0.15480578627448544 = 0.9094628100333046.
- C_updated leg dimensions: [(1, 4, 4, 16), (16, 4, 4, 24), (24, 4, 4, 24), (24, 4, 4, 24), (24, 4, 4, 24), (24, 4, 4, 24), (24, 4, 4, 24), (24, 4, 4, 24), (24, 4, 4, 24), (24, 4, 4, 16), (16, 4, 4, 1)].
- largest Hermiticity error: 9.127693288403365e-11.
- maximal number of matvec operations: 61.
-> E_updated = 0.3253324006985191.
Orthogonality column 4:
- C leg dimensions: [(1, 4, 4, 16), (16, 4, 4, 24), (24, 4, 4, 24), (24, 4, 4, 24), (24, 4, 4, 24), (24, 4, 4, 24), (24, 4, 4, 24), (24, 4, 4, 24), (24, 4, 4, 24), (24, 4, 4, 16), (16, 4, 4, 1)].
- Lh leg dimensions: [(1, 4, 4, 16), (16, 4, 4, 32), (32, 4, 4, 96), (96, 4, 4, 32), (32, 4, 4, 96), (96, 4, 4, 80), (80, 4, 4, 96), (96, 4, 4, 33), (33, 4, 4, 80), (80, 4, 4, 9), (9, 4, 4, 1)].
- Rh leg dimensions: [(1, 4, 4, 16), (16, 4, 4, 96), (96, 4, 4, 96), (96, 4, 4, 96), (96, 4, 4, 96), (96, 4, 4, 96), (96, 4, 4, 96), (96, 4, 4, 96), (96, 4, 4, 96), (96, 4, 4, 16), (16, 4, 4, 1)].
-> E = <Lh|CC*> + <ALhAL*|CC*|ARhAR*> + <CC*|Rh> = 0.2036144791532765 + 0.1283874804804731 + 0.032777629036440284 = 0.36477958867018984.
- C_updated leg dimensions: [(1, 4, 4, 16), (16, 4, 4, 24), (24, 4, 4, 24), (24, 4, 4, 24), (24, 4, 4, 24), (24, 4, 4, 24), (24, 4, 4, 24), (24, 4, 4, 24), (24, 4, 4, 24), (24, 4, 4, 16), (16, 4, 4, 1)].
- largest Hermiticity error: 7.240499172919684e-07.
- maximal number of matvec operations: 71.
-> E_updated = 0.1092570723637873.
Orthogonality column 3:
- C leg dimensions: [(1, 4, 4, 16), (16, 2, 4, 24), (24, 4, 4, 24), (24, 2, 4, 24), (24, 4, 4, 24), (24, 4, 4, 24), (24, 4, 4, 24), (24, 4, 4, 24), (24, 2, 4, 24), (24, 4, 4, 8), (8, 2, 4, 1)].
- Lh leg dimensions: [(1, 4, 4, 8), (8, 2, 2, 29), (29, 4, 4, 8), (8, 2, 2, 29), (29, 4, 4, 13), (13, 4, 4, 80), (80, 4, 4, 8), (8, 4, 4, 29), (29, 2, 2, 8), (8, 4, 4, 4), (4, 2, 2, 1)].
- Rh leg dimensions: [(1, 4, 4, 16), (16, 4, 4, 96), (96, 4, 4, 96), (96, 4, 4, 96), (96, 4, 4, 96), (96, 4, 4, 96), (96, 4, 4, 96), (96, 4, 4, 96), (96, 4, 4, 96), (96, 4, 4, 16), (16, 4, 4, 1)].
-> E = <Lh|CC*> + <ALhAL*|CC*|ARhAR*> + <CC*|Rh> = 0.2454586870657865 + -0.0898021869303071 + -0.01063176670912521 = 0.14502473342635416.
- C_updated leg dimensions: [(1, 4, 4, 16), (16, 2, 4, 24), (24, 4, 4, 24), (24, 2, 4, 24), (24, 4, 4, 24), (24, 4, 4, 24), (24, 4, 4, 24), (24, 4, 4, 24), (24, 2, 4, 24), (24, 4, 4, 8), (8, 2, 4, 1)].
- largest Hermiticity error: 9.290485042360753e-07.
- maximal number of matvec operations: 71.
-> E_updated = 0.10010078893226218.
Orthogonality column 2:
- C leg dimensions: [(1, 2, 4, 8), (8, 2, 4, 24), (24, 2, 4, 24), (24, 2, 4, 24), (24, 2, 4, 24), (24, 4, 4, 24), (24, 2, 4, 24), (24, 2, 4, 24), (24, 2, 4, 24), (24, 2, 4, 8), (8, 2, 4, 1)].
- Lh leg dimensions: [(1, 2, 2, 4), (4, 2, 2, 3), (3, 2, 2, 8), (8, 2, 2, 3), (3, 2, 2, 9), (9, 4, 4, 3), (3, 2, 2, 8), (8, 2, 2, 3), (3, 2, 2, 8), (8, 2, 2, 3), (3, 2, 2, 1)].
- Rh leg dimensions: [(1, 4, 4, 16), (16, 4, 4, 96), (96, 4, 4, 96), (96, 4, 4, 96), (96, 4, 4, 96), (96, 4, 4, 96), (96, 4, 4, 96), (96, 4, 4, 96), (96, 4, 4, 96), (96, 4, 4, 16), (16, 4, 4, 1)].
-> E = <Lh|CC*> + <ALhAL*|CC*|ARhAR*> + <CC*|Rh> = 0.3965632980071131 + -0.16307816797083885 + -0.08139293547207171 = 0.15209219456420253.
- C_updated leg dimensions: [(1, 2, 4, 8), (8, 2, 4, 24), (24, 2, 4, 24), (24, 2, 4, 24), (24, 2, 4, 24), (24, 4, 4, 24), (24, 2, 4, 24), (24, 2, 4, 24), (24, 2, 4, 24), (24, 2, 4, 8), (8, 2, 4, 1)].
- largest Hermiticity error: 3.178945623680493e-07.
- maximal number of matvec operations: 61.
-> E_updated = 0.13672630746567183.
Orthogonality column 1:
- C leg dimensions: [(1, 2, 4, 8), (8, 1, 4, 24), (24, 2, 4, 24), (24, 1, 4, 24), (24, 2, 4, 24), (24, 2, 4, 24), (24, 1, 4, 24), (24, 2, 4, 24), (24, 1, 4, 24), (24, 2, 4, 4), (4, 1, 4, 1)].
- Rh leg dimensions: [(1, 4, 4, 16), (16, 4, 4, 96), (96, 4, 4, 96), (96, 4, 4, 96), (96, 4, 4, 96), (96, 4, 4, 96), (96, 4, 4, 96), (96, 4, 4, 96), (96, 4, 4, 96), (96, 4, 4, 16), (16, 4, 4, 1)].
-> E = <Lh|CC*> + <ALhAL*|CC*|ARhAR*> + <CC*|Rh> = None + 0.3973436795702377 + -0.17983583835589248 = 0.21750784121434522.
- C_updated leg dimensions: [(1, 2, 4, 8), (8, 1, 4, 24), (24, 2, 4, 24), (24, 1, 4, 24), (24, 2, 4, 24), (24, 2, 4, 24), (24, 1, 4, 24), (24, 2, 4, 24), (24, 1, 4, 24), (24, 2, 4, 4), (4, 1, 4, 1)].
- largest Hermiticity error: 4.353981554410795e-06.
- maximal number of matvec operations: 61.
-> E_updated = 0.19249598946719845.
Orthogonality column 0:
- C leg dimensions: [(1, 1, 4, 4), (4, 1, 4, 16), (16, 1, 4, 24), (24, 1, 4, 24), (24, 1, 4, 24), (24, 1, 4, 24), (24, 1, 4, 24), (24, 1, 4, 24), (24, 1, 4, 24), (24, 1, 4, 4), (4, 1, 4, 1)].
- Rh leg dimensions: [(1, 4, 4, 16), (16, 4, 4, 96), (96, 4, 4, 96), (96, 4, 4, 96), (96, 4, 4, 96), (96, 4, 4, 96), (96, 4, 4, 96), (96, 4, 4, 96), (96, 4, 4, 96), (96, 4, 4, 16), (16, 4, 4, 1)].
-> E = <Lh|CC*> + <ALhAL*|CC*|ARhAR*> + <CC*|Rh> = None + None + 0.2584726332478081 = 0.2584726332478081.
- C_updated leg dimensions: [(1, 1, 4, 4), (4, 1, 4, 16), (16, 1, 4, 24), (24, 1, 4, 24), (24, 1, 4, 24), (24, 1, 4, 24), (24, 1, 4, 24), (24, 1, 4, 24), (24, 1, 4, 16), (16, 1, 4, 4), (4, 1, 4, 1)].
- largest Hermiticity error: 3.5154494942547837e-06.
- maximal number of matvec operations: 51.
-> E_updated = 0.22763245796322062.
=> <H> - E0 = 0.1304258084766161.

DMRGSquared sweep 2 ...
Orthogonality column 0:
- C leg dimensions: [(1, 1, 4, 4), (4, 1, 4, 16), (16, 1, 4, 24), (24, 1, 4, 24), (24, 1, 4, 24), (24, 1, 4, 24), (24, 1, 4, 24), (24, 1, 4, 24), (24, 1, 4, 16), (16, 1, 4, 4), (4, 1, 4, 1)].
- Rh leg dimensions: [(1, 4, 4, 16), (16, 4, 4, 96), (96, 4, 4, 96), (96, 4, 4, 96), (96, 4, 4, 96), (96, 4, 4, 96), (96, 4, 4, 96), (96, 4, 4, 96), (96, 4, 4, 96), (96, 4, 4, 16), (16, 4, 4, 1)].
-> E = <Lh|CC*> + <ALhAL*|CC*|ARhAR*> + <CC*|Rh> = None + None + 0.22763245796317608 = 0.22763245796317608.
- C_updated leg dimensions: [(1, 1, 4, 4), (4, 1, 4, 16), (16, 1, 4, 24), (24, 1, 4, 24), (24, 1, 4, 24), (24, 1, 4, 24), (24, 1, 4, 24), (24, 1, 4, 24), (24, 1, 4, 16), (16, 1, 4, 4), (4, 1, 4, 1)].
- largest Hermiticity error: 2.7597214421054214e-06.
- maximal number of matvec operations: 41.
-> E_updated = 0.22763245786323794.
Orthogonality column 1:
- C leg dimensions: [(1, 2, 4, 4), (4, 1, 4, 16), (16, 2, 4, 24), (24, 1, 4, 24), (24, 2, 4, 24), (24, 2, 4, 24), (24, 1, 4, 24), (24, 2, 4, 24), (24, 1, 4, 16), (16, 2, 4, 4), (4, 1, 4, 1)].
- Rh leg dimensions: [(1, 4, 4, 16), (16, 4, 4, 96), (96, 4, 4, 96), (96, 4, 4, 96), (96, 4, 4, 96), (96, 4, 4, 96), (96, 4, 4, 96), (96, 4, 4, 96), (96, 4, 4, 96), (96, 4, 4, 16), (16, 4, 4, 1)].
-> E = <Lh|CC*> + <ALhAL*|CC*|ARhAR*> + <CC*|Rh> = None + 0.4022263746593696 + -0.16906394894911897 = 0.23316242571025064.
- C_updated leg dimensions: [(1, 2, 4, 8), (8, 1, 4, 24), (24, 2, 4, 24), (24, 1, 4, 24), (24, 2, 4, 24), (24, 2, 4, 24), (24, 1, 4, 24), (24, 2, 4, 24), (24, 1, 4, 24), (24, 2, 4, 4), (4, 1, 4, 1)].
- largest Hermiticity error: 4.05806237043056e-06.
- maximal number of matvec operations: 61.
-> E_updated = 0.1924959893115582.
Orthogonality column 2:
- C leg dimensions: [(1, 2, 4, 8), (8, 2, 4, 24), (24, 2, 4, 24), (24, 2, 4, 24), (24, 2, 4, 24), (24, 4, 4, 24), (24, 2, 4, 24), (24, 2, 4, 24), (24, 2, 4, 24), (24, 2, 4, 4), (4, 2, 4, 1)].
- Lh leg dimensions: [(1, 2, 2, 4), (4, 2, 2, 3), (3, 2, 2, 8), (8, 2, 2, 3), (3, 2, 2, 9), (9, 4, 4, 3), (3, 2, 2, 8), (8, 2, 2, 3), (3, 2, 2, 8), (8, 2, 2, 3), (3, 2, 2, 1)].
- Rh leg dimensions: [(1, 4, 4, 16), (16, 4, 4, 96), (96, 4, 4, 96), (96, 4, 4, 96), (96, 4, 4, 96), (96, 4, 4, 96), (96, 4, 4, 96), (96, 4, 4, 96), (96, 4, 4, 96), (96, 4, 4, 16), (16, 4, 4, 1)].
-> E = <Lh|CC*> + <ALhAL*|CC*|ARhAR*> + <CC*|Rh> = 0.39654110058844716 + -0.15693566563469766 + -0.063833319350155 = 0.17577211560359451.
- C_updated leg dimensions: [(1, 2, 4, 8), (8, 2, 4, 24), (24, 2, 4, 24), (24, 2, 4, 24), (24, 2, 4, 24), (24, 4, 4, 24), (24, 2, 4, 24), (24, 2, 4, 24), (24, 2, 4, 24), (24, 2, 4, 8), (8, 2, 4, 1)].
- largest Hermiticity error: 7.533588685112542e-07.
- maximal number of matvec operations: 61.
-> E_updated = 0.13635311659387492.
Orthogonality column 3:
- C leg dimensions: [(1, 4, 4, 8), (8, 2, 4, 24), (24, 4, 4, 24), (24, 2, 4, 24), (24, 4, 4, 24), (24, 4, 4, 24), (24, 4, 4, 24), (24, 4, 4, 24), (24, 2, 4, 24), (24, 4, 4, 8), (8, 2, 4, 1)].
- Lh leg dimensions: [(1, 4, 4, 8), (8, 2, 2, 29), (29, 4, 4, 8), (8, 2, 2, 29), (29, 4, 4, 13), (13, 4, 4, 80), (80, 4, 4, 8), (8, 4, 4, 29), (29, 2, 2, 8), (8, 4, 4, 4), (4, 2, 2, 1)].
- Rh leg dimensions: [(1, 4, 4, 16), (16, 4, 4, 96), (96, 4, 4, 96), (96, 4, 4, 96), (96, 4, 4, 96), (96, 4, 4, 96), (96, 4, 4, 96), (96, 4, 4, 96), (96, 4, 4, 96), (96, 4, 4, 16), (16, 4, 4, 1)].
-> E = <Lh|CC*> + <ALhAL*|CC*|ARhAR*> + <CC*|Rh> = 0.2318503207367091 + -0.1111416025967031 + 0.006786856353011166 = 0.12749557449301718.
- C_updated leg dimensions: [(1, 4, 4, 16), (16, 2, 4, 24), (24, 4, 4, 24), (24, 2, 4, 24), (24, 4, 4, 24), (24, 4, 4, 24), (24, 4, 4, 24), (24, 4, 4, 24), (24, 2, 4, 24), (24, 4, 4, 8), (8, 2, 4, 1)].
- largest Hermiticity error: 5.040023160376057e-07.
- maximal number of matvec operations: 71.
-> E_updated = 0.09756895898690933.
Orthogonality column 4:
- C leg dimensions: [(1, 4, 4, 16), (16, 4, 4, 24), (24, 4, 4, 24), (24, 4, 4, 24), (24, 4, 4, 24), (24, 4, 4, 24), (24, 4, 4, 24), (24, 4, 4, 24), (24, 4, 4, 24), (24, 4, 4, 8), (8, 4, 4, 1)].
- Lh leg dimensions: [(1, 4, 4, 16), (16, 4, 4, 32), (32, 4, 4, 96), (96, 4, 4, 32), (32, 4, 4, 96), (96, 4, 4, 80), (80, 4, 4, 96), (96, 4, 4, 33), (33, 4, 4, 80), (80, 4, 4, 9), (9, 4, 4, 1)].
- Rh leg dimensions: [(1, 4, 4, 16), (16, 4, 4, 96), (96, 4, 4, 96), (96, 4, 4, 96), (96, 4, 4, 96), (96, 4, 4, 96), (96, 4, 4, 96), (96, 4, 4, 96), (96, 4, 4, 96), (96, 4, 4, 16), (16, 4, 4, 1)].
-> E = <Lh|CC*> + <ALhAL*|CC*|ARhAR*> + <CC*|Rh> = 0.11770568065869422 + -0.09495154337020403 + 0.07432696740575204 = 0.09708110469424222.
- C_updated leg dimensions: [(1, 4, 4, 16), (16, 4, 4, 24), (24, 4, 4, 24), (24, 4, 4, 24), (24, 4, 4, 24), (24, 4, 4, 24), (24, 4, 4, 24), (24, 4, 4, 24), (24, 4, 4, 24), (24, 4, 4, 16), (16, 4, 4, 1)].
- largest Hermiticity error: 6.93596469503597e-07.
- maximal number of matvec operations: 71.
-> E_updated = 0.06833577846963103.
Orthogonality column 5:
- C leg dimensions: [(1, 4, 4, 16), (16, 4, 4, 24), (24, 4, 4, 24), (24, 4, 4, 24), (24, 4, 4, 24), (24, 4, 4, 24), (24, 4, 4, 24), (24, 4, 4, 24), (24, 4, 4, 24), (24, 4, 4, 16), (16, 4, 4, 1)].
- Lh leg dimensions: [(1, 4, 4, 16), (16, 4, 4, 96), (96, 4, 4, 96), (96, 4, 4, 96), (96, 4, 4, 96), (96, 4, 4, 96), (96, 4, 4, 96), (96, 4, 4, 96), (96, 4, 4, 96), (96, 4, 4, 16), (16, 4, 4, 1)].
- Rh leg dimensions: [(1, 4, 4, 16), (16, 4, 4, 96), (96, 4, 4, 96), (96, 4, 4, 96), (96, 4, 4, 96), (96, 4, 4, 96), (96, 4, 4, 96), (96, 4, 4, 96), (96, 4, 4, 96), (96, 4, 4, 16), (16, 4, 4, 1)].
-> E = <Lh|CC*> + <ALhAL*|CC*|ARhAR*> + <CC*|Rh> = 0.025511602237953183 + -0.08379990441208138 + 0.1316346295117569 = 0.07334632733762869.
- C_updated leg dimensions: [(1, 4, 4, 16), (16, 4, 4, 24), (24, 4, 4, 24), (24, 4, 4, 24), (24, 4, 4, 24), (24, 4, 4, 24), (24, 4, 4, 24), (24, 4, 4, 24), (24, 4, 4, 24), (24, 4, 4, 16), (16, 4, 4, 1)].
- largest Hermiticity error: 1.3913737337061683e-10.
- maximal number of matvec operations: 71.
-> E_updated = 0.04922099328537626.
Orthogonality column 6:
- C leg dimensions: [(1, 4, 4, 16), (16, 4, 4, 24), (24, 4, 4, 24), (24, 4, 4, 24), (24, 4, 4, 24), (24, 4, 4, 24), (24, 4, 4, 24), (24, 4, 4, 24), (24, 4, 4, 24), (24, 4, 4, 16), (16, 4, 4, 1)].
- Lh leg dimensions: [(1, 4, 4, 16), (16, 4, 4, 96), (96, 4, 4, 96), (96, 4, 4, 96), (96, 4, 4, 96), (96, 4, 4, 96), (96, 4, 4, 96), (96, 4, 4, 96), (96, 4, 4, 96), (96, 4, 4, 16), (16, 4, 4, 1)].
- Rh leg dimensions: [(1, 4, 4, 16), (16, 4, 4, 96), (96, 4, 4, 96), (96, 4, 4, 96), (96, 4, 4, 96), (96, 4, 4, 96), (96, 4, 4, 96), (96, 4, 4, 96), (96, 4, 4, 96), (96, 4, 4, 16), (16, 4, 4, 1)].
-> E = <Lh|CC*> + <ALhAL*|CC*|ARhAR*> + <CC*|Rh> = -0.06137151127891502 + -0.08613718007966908 + 0.19954566148582548 = 0.05203697012724137.
- C_updated leg dimensions: [(1, 4, 4, 16), (16, 4, 4, 24), (24, 4, 4, 24), (24, 4, 4, 24), (24, 4, 4, 24), (24, 4, 4, 24), (24, 4, 4, 24), (24, 4, 4, 24), (24, 4, 4, 24), (24, 4, 4, 16), (16, 4, 4, 1)].
- largest Hermiticity error: 1.8790396140516255e-12.
- maximal number of matvec operations: 71.
-> E_updated = 0.03176672897772152.
Orthogonality column 7:
- C leg dimensions: [(1, 4, 4, 16), (16, 4, 4, 24), (24, 4, 4, 24), (24, 4, 4, 24), (24, 4, 4, 24), (24, 4, 4, 24), (24, 4, 4, 24), (24, 4, 4, 24), (24, 4, 4, 24), (24, 4, 4, 16), (16, 4, 4, 1)].
- Lh leg dimensions: [(1, 4, 4, 16), (16, 4, 4, 96), (96, 4, 4, 96), (96, 4, 4, 96), (96, 4, 4, 96), (96, 4, 4, 96), (96, 4, 4, 96), (96, 4, 4, 96), (96, 4, 4, 96), (96, 4, 4, 16), (16, 4, 4, 1)].
- Rh leg dimensions: [(1, 4, 4, 16), (16, 4, 4, 96), (96, 4, 4, 96), (96, 4, 4, 96), (96, 4, 4, 96), (96, 4, 4, 96), (96, 4, 4, 96), (96, 4, 4, 96), (96, 4, 4, 96), (96, 4, 4, 16), (16, 4, 4, 1)].
-> E = <Lh|CC*> + <ALhAL*|CC*|ARhAR*> + <CC*|Rh> = -0.1480982463451342 + -0.07575484550944232 + 0.25977800563554054 = 0.03592491378096402.
- C_updated leg dimensions: [(1, 4, 4, 16), (16, 4, 4, 24), (24, 4, 4, 24), (24, 4, 4, 24), (24, 4, 4, 24), (24, 4, 4, 24), (24, 4, 4, 24), (24, 4, 4, 24), (24, 4, 4, 24), (24, 4, 4, 16), (16, 4, 4, 1)].
- largest Hermiticity error: 5.9772851859088635e-12.
- maximal number of matvec operations: 71.
-> E_updated = 0.021502009341022872.
Orthogonality column 8:
- C leg dimensions: [(1, 4, 4, 16), (16, 4, 4, 24), (24, 4, 4, 24), (24, 4, 4, 24), (24, 4, 4, 24), (24, 4, 4, 24), (24, 4, 4, 24), (24, 4, 4, 24), (24, 4, 4, 24), (24, 4, 4, 16), (16, 4, 4, 1)].
- Lh leg dimensions: [(1, 4, 4, 16), (16, 4, 4, 96), (96, 4, 4, 96), (96, 4, 4, 96), (96, 4, 4, 96), (96, 4, 4, 96), (96, 4, 4, 96), (96, 4, 4, 96), (96, 4, 4, 96), (96, 4, 4, 16), (16, 4, 4, 1)].
- Rh leg dimensions: [(1, 4, 4, 9), (9, 4, 4, 80), (80, 4, 4, 33), (33, 4, 4, 96), (96, 4, 4, 80), (80, 4, 4, 96), (96, 4, 4, 32), (32, 4, 4, 96), (96, 4, 4, 32), (32, 4, 4, 16), (16, 4, 4, 1)].
-> E = <Lh|CC*> + <ALhAL*|CC*|ARhAR*> + <CC*|Rh> = -0.22267846021488574 + -0.08636869314663963 + 0.3407301362084328 = 0.031682982846907404.
- C_updated leg dimensions: [(1, 4, 4, 16), (16, 4, 4, 24), (24, 4, 4, 24), (24, 4, 4, 24), (24, 4, 4, 24), (24, 4, 4, 24), (24, 4, 4, 24), (24, 4, 4, 24), (24, 4, 4, 24), (24, 4, 4, 16), (16, 4, 4, 1)].
- largest Hermiticity error: 3.3920244914506234e-11.
- maximal number of matvec operations: 81.
-> E_updated = 0.025088026655205715.
Orthogonality column 9:
- C leg dimensions: [(1, 4, 2, 16), (16, 4, 4, 24), (24, 4, 2, 24), (24, 4, 4, 24), (24, 4, 4, 24), (24, 4, 4, 24), (24, 4, 4, 24), (24, 4, 2, 24), (24, 4, 4, 24), (24, 4, 2, 16), (16, 4, 4, 1)].
- Lh leg dimensions: [(1, 4, 4, 16), (16, 4, 4, 96), (96, 4, 4, 96), (96, 4, 4, 96), (96, 4, 4, 96), (96, 4, 4, 96), (96, 4, 4, 96), (96, 4, 4, 96), (96, 4, 4, 96), (96, 4, 4, 16), (16, 4, 4, 1)].
- Rh leg dimensions: [(1, 2, 2, 4), (4, 4, 4, 8), (8, 2, 2, 29), (29, 4, 4, 8), (8, 4, 4, 80), (80, 4, 4, 13), (13, 4, 4, 29), (29, 2, 2, 8), (8, 4, 4, 29), (29, 2, 2, 8), (8, 4, 4, 1)].
-> E = <Lh|CC*> + <ALhAL*|CC*|ARhAR*> + <CC*|Rh> = -0.2780708875234631 + -0.09229368613936746 + 0.4325710380106274 = 0.062206464347796864.
- C_updated leg dimensions: [(1, 4, 2, 8), (8, 4, 4, 24), (24, 4, 2, 24), (24, 4, 4, 24), (24, 4, 4, 24), (24, 4, 4, 24), (24, 4, 4, 24), (24, 4, 2, 24), (24, 4, 4, 24), (24, 4, 2, 16), (16, 4, 4, 1)].
- largest Hermiticity error: 1.7670666223495906e-09.
- maximal number of matvec operations: 71.
-> E_updated = 0.05359383938591895.
Orthogonality column 10:
- C leg dimensions: [(1, 4, 2, 8), (8, 4, 2, 24), (24, 4, 2, 24), (24, 4, 2, 24), (24, 4, 2, 24), (24, 4, 4, 24), (24, 4, 2, 24), (24, 4, 2, 24), (24, 4, 2, 24), (24, 4, 2, 16), (16, 4, 2, 1)].
- Lh leg dimensions: [(1, 4, 4, 16), (16, 4, 4, 96), (96, 4, 4, 96), (96, 4, 4, 96), (96, 4, 4, 96), (96, 4, 4, 96), (96, 4, 4, 96), (96, 4, 4, 96), (96, 4, 4, 96), (96, 4, 4, 16), (16, 4, 4, 1)].
- Rh leg dimensions: [(1, 2, 2, 3), (3, 2, 2, 8), (8, 2, 2, 3), (3, 2, 2, 8), (8, 2, 2, 3), (3, 4, 4, 9), (9, 2, 2, 3), (3, 2, 2, 8), (8, 2, 2, 3), (3, 2, 2, 4), (4, 2, 2, 1)].
-> E = <Lh|CC*> + <ALhAL*|CC*|ARhAR*> + <CC*|Rh> = -0.32480432774608436 + -0.09852094710704251 + 0.5320766906644604 = 0.10875141581133352.
- C_updated leg dimensions: [(1, 4, 2, 8), (8, 4, 2, 24), (24, 4, 2, 24), (24, 4, 2, 24), (24, 4, 2, 24), (24, 4, 4, 24), (24, 4, 2, 24), (24, 4, 2, 24), (24, 4, 2, 24), (24, 4, 2, 8), (8, 4, 2, 1)].
- largest Hermiticity error: 1.3889731106266325e-07.
- maximal number of matvec operations: 61.
-> E_updated = 0.09607655389118425.
Orthogonality column 11:
- C leg dimensions: [(1, 4, 1, 8), (8, 4, 2, 24), (24, 4, 1, 24), (24, 4, 2, 24), (24, 4, 1, 24), (24, 4, 2, 24), (24, 4, 2, 24), (24, 4, 1, 24), (24, 4, 2, 24), (24, 4, 1, 8), (8, 4, 2, 1)].
- Lh leg dimensions: [(1, 4, 4, 16), (16, 4, 4, 96), (96, 4, 4, 96), (96, 4, 4, 96), (96, 4, 4, 96), (96, 4, 4, 96), (96, 4, 4, 96), (96, 4, 4, 96), (96, 4, 4, 96), (96, 4, 4, 16), (16, 4, 4, 1)].
-> E = <Lh|CC*> + <ALhAL*|CC*|ARhAR*> + <CC*|Rh> = -0.3854689209234201 + 0.5334847639474916 + None = 0.14801584302407145.
- C_updated leg dimensions: [(1, 4, 1, 4), (4, 4, 2, 24), (24, 4, 1, 24), (24, 4, 2, 24), (24, 4, 1, 24), (24, 4, 2, 24), (24, 4, 2, 24), (24, 4, 1, 24), (24, 4, 2, 24), (24, 4, 1, 8), (8, 4, 2, 1)].
- largest Hermiticity error: 7.761013317041244e-08.
- maximal number of matvec operations: 61.
-> E_updated = 0.13190314777413892.
Orthogonality column 12:
- C leg dimensions: [(1, 4, 1, 4), (4, 4, 1, 16), (16, 4, 1, 24), (24, 4, 1, 24), (24, 4, 1, 24), (24, 4, 1, 24), (24, 4, 1, 24), (24, 4, 1, 24), (24, 4, 1, 24), (24, 4, 1, 8), (8, 4, 1, 1)].
- Lh leg dimensions: [(1, 4, 4, 16), (16, 4, 4, 96), (96, 4, 4, 96), (96, 4, 4, 96), (96, 4, 4, 96), (96, 4, 4, 96), (96, 4, 4, 96), (96, 4, 4, 96), (96, 4, 4, 96), (96, 4, 4, 16), (16, 4, 4, 1)].
-> E = <Lh|CC*> + <ALhAL*|CC*|ARhAR*> + <CC*|Rh> = 0.1669347204775924 + None + None = 0.1669347204775924.
- C_updated leg dimensions: [(1, 4, 1, 4), (4, 4, 1, 16), (16, 4, 1, 24), (24, 4, 1, 24), (24, 4, 1, 24), (24, 4, 1, 24), (24, 4, 1, 24), (24, 4, 1, 24), (24, 4, 1, 16), (16, 4, 1, 4), (4, 4, 1, 1)].
- largest Hermiticity error: 1.2498817535728928e-07.
- maximal number of matvec operations: 51.
-> E_updated = 0.14361135750303355.
Orthogonality column 11:
- C leg dimensions: [(1, 4, 1, 4), (4, 4, 2, 16), (16, 4, 1, 24), (24, 4, 2, 24), (24, 4, 1, 24), (24, 4, 2, 24), (24, 4, 2, 24), (24, 4, 1, 24), (24, 4, 2, 16), (16, 4, 1, 4), (4, 4, 2, 1)].
- Lh leg dimensions: [(1, 4, 4, 16), (16, 4, 4, 96), (96, 4, 4, 96), (96, 4, 4, 96), (96, 4, 4, 96), (96, 4, 4, 96), (96, 4, 4, 96), (96, 4, 4, 96), (96, 4, 4, 96), (96, 4, 4, 16), (16, 4, 4, 1)].
-> E = <Lh|CC*> + <ALhAL*|CC*|ARhAR*> + <CC*|Rh> = -0.3716913877424791 + 0.5359126065564234 + None = 0.16422121881394425.
- C_updated leg dimensions: [(1, 4, 1, 4), (4, 4, 2, 24), (24, 4, 1, 24), (24, 4, 2, 24), (24, 4, 1, 24), (24, 4, 2, 24), (24, 4, 2, 24), (24, 4, 1, 24), (24, 4, 2, 24), (24, 4, 1, 8), (8, 4, 2, 1)].
- largest Hermiticity error: 1.0241822204667463e-07.
- maximal number of matvec operations: 61.
-> E_updated = 0.1319031479648459.
Orthogonality column 10:
- C leg dimensions: [(1, 4, 2, 4), (4, 4, 2, 24), (24, 4, 2, 24), (24, 4, 2, 24), (24, 4, 2, 24), (24, 4, 4, 24), (24, 4, 2, 24), (24, 4, 2, 24), (24, 4, 2, 24), (24, 4, 2, 8), (8, 4, 2, 1)].
- Lh leg dimensions: [(1, 4, 4, 16), (16, 4, 4, 96), (96, 4, 4, 96), (96, 4, 4, 96), (96, 4, 4, 96), (96, 4, 4, 96), (96, 4, 4, 96), (96, 4, 4, 96), (96, 4, 4, 96), (96, 4, 4, 16), (16, 4, 4, 1)].
- Rh leg dimensions: [(1, 2, 2, 3), (3, 2, 2, 8), (8, 2, 2, 3), (3, 2, 2, 8), (8, 2, 2, 3), (3, 4, 4, 9), (9, 2, 2, 3), (3, 2, 2, 8), (8, 2, 2, 3), (3, 2, 2, 4), (4, 2, 2, 1)].
-> E = <Lh|CC*> + <ALhAL*|CC*|ARhAR*> + <CC*|Rh> = -0.31215745464140565 + -0.09366746265076248 + 0.5310091291018046 = 0.12518421180963651.
- C_updated leg dimensions: [(1, 4, 2, 8), (8, 4, 2, 24), (24, 4, 2, 24), (24, 4, 2, 24), (24, 4, 2, 24), (24, 4, 4, 24), (24, 4, 2, 24), (24, 4, 2, 24), (24, 4, 2, 24), (24, 4, 2, 8), (8, 4, 2, 1)].
- largest Hermiticity error: 8.699079673553551e-08.
- maximal number of matvec operations: 61.
-> E_updated = 0.09607864949054279.
Orthogonality column 9:
- C leg dimensions: [(1, 4, 2, 8), (8, 4, 4, 24), (24, 4, 2, 24), (24, 4, 4, 24), (24, 4, 4, 24), (24, 4, 4, 24), (24, 4, 4, 24), (24, 4, 2, 24), (24, 4, 4, 24), (24, 4, 2, 8), (8, 4, 4, 1)].
- Lh leg dimensions: [(1, 4, 4, 16), (16, 4, 4, 96), (96, 4, 4, 96), (96, 4, 4, 96), (96, 4, 4, 96), (96, 4, 4, 96), (96, 4, 4, 96), (96, 4, 4, 96), (96, 4, 4, 96), (96, 4, 4, 16), (16, 4, 4, 1)].
- Rh leg dimensions: [(1, 2, 2, 4), (4, 4, 4, 8), (8, 2, 2, 29), (29, 4, 4, 8), (8, 4, 4, 80), (80, 4, 4, 13), (13, 4, 4, 29), (29, 2, 2, 8), (8, 4, 4, 29), (29, 2, 2, 8), (8, 4, 4, 1)].
-> E = <Lh|CC*> + <ALhAL*|CC*|ARhAR*> + <CC*|Rh> = -0.2663701669599013 + -0.08900619876599877 + 0.432406685767237 = 0.07703032004133697.
- C_updated leg dimensions: [(1, 4, 2, 8), (8, 4, 4, 24), (24, 4, 2, 24), (24, 4, 4, 24), (24, 4, 4, 24), (24, 4, 4, 24), (24, 4, 4, 24), (24, 4, 2, 24), (24, 4, 4, 24), (24, 4, 2, 16), (16, 4, 4, 1)].
- largest Hermiticity error: 1.0865253925287423e-09.
- maximal number of matvec operations: 71.
-> E_updated = 0.05351589188898037.
Orthogonality column 8:
- C leg dimensions: [(1, 4, 4, 8), (8, 4, 4, 24), (24, 4, 4, 24), (24, 4, 4, 24), (24, 4, 4, 24), (24, 4, 4, 24), (24, 4, 4, 24), (24, 4, 4, 24), (24, 4, 4, 24), (24, 4, 4, 16), (16, 4, 4, 1)].
- Lh leg dimensions: [(1, 4, 4, 16), (16, 4, 4, 96), (96, 4, 4, 96), (96, 4, 4, 96), (96, 4, 4, 96), (96, 4, 4, 96), (96, 4, 4, 96), (96, 4, 4, 96), (96, 4, 4, 96), (96, 4, 4, 16), (16, 4, 4, 1)].
- Rh leg dimensions: [(1, 4, 4, 9), (9, 4, 4, 80), (80, 4, 4, 32), (32, 4, 4, 96), (96, 4, 4, 80), (80, 4, 4, 96), (96, 4, 4, 33), (33, 4, 4, 96), (96, 4, 4, 32), (32, 4, 4, 16), (16, 4, 4, 1)].
-> E = <Lh|CC*> + <ALhAL*|CC*|ARhAR*> + <CC*|Rh> = -0.21705415703774011 + -0.08040235619388314 + 0.3383281781380385 = 0.04087166490641525.
- C_updated leg dimensions: [(1, 4, 4, 16), (16, 4, 4, 24), (24, 4, 4, 24), (24, 4, 4, 24), (24, 4, 4, 24), (24, 4, 4, 24), (24, 4, 4, 24), (24, 4, 4, 24), (24, 4, 4, 24), (24, 4, 4, 16), (16, 4, 4, 1)].
- largest Hermiticity error: 2.4786749999602534e-11.
- maximal number of matvec operations: 71.
-> E_updated = 0.02467431347464024.
Orthogonality column 7:
- C leg dimensions: [(1, 4, 4, 16), (16, 4, 4, 24), (24, 4, 4, 24), (24, 4, 4, 24), (24, 4, 4, 24), (24, 4, 4, 24), (24, 4, 4, 24), (24, 4, 4, 24), (24, 4, 4, 24), (24, 4, 4, 16), (16, 4, 4, 1)].
- Lh leg dimensions: [(1, 4, 4, 16), (16, 4, 4, 96), (96, 4, 4, 96), (96, 4, 4, 96), (96, 4, 4, 96), (96, 4, 4, 96), (96, 4, 4, 96), (96, 4, 4, 96), (96, 4, 4, 96), (96, 4, 4, 16), (16, 4, 4, 1)].
- Rh leg dimensions: [(1, 4, 4, 16), (16, 4, 4, 96), (96, 4, 4, 96), (96, 4, 4, 96), (96, 4, 4, 96), (96, 4, 4, 96), (96, 4, 4, 96), (96, 4, 4, 96), (96, 4, 4, 96), (96, 4, 4, 16), (16, 4, 4, 1)].
-> E = <Lh|CC*> + <ALhAL*|CC*|ARhAR*> + <CC*|Rh> = -0.13971874169196247 + -0.08452537872418725 + 0.2539112887068381 = 0.029667168290688384.
- C_updated leg dimensions: [(1, 4, 4, 16), (16, 4, 4, 24), (24, 4, 4, 24), (24, 4, 4, 24), (24, 4, 4, 24), (24, 4, 4, 24), (24, 4, 4, 24), (24, 4, 4, 24), (24, 4, 4, 24), (24, 4, 4, 16), (16, 4, 4, 1)].
- largest Hermiticity error: 5.60326915522475e-12.
- maximal number of matvec operations: 71.
-> E_updated = 0.019638653005388567.
Orthogonality column 6:
- C leg dimensions: [(1, 4, 4, 16), (16, 4, 4, 24), (24, 4, 4, 24), (24, 4, 4, 24), (24, 4, 4, 24), (24, 4, 4, 24), (24, 4, 4, 24), (24, 4, 4, 24), (24, 4, 4, 24), (24, 4, 4, 16), (16, 4, 4, 1)].
- Lh leg dimensions: [(1, 4, 4, 16), (16, 4, 4, 96), (96, 4, 4, 96), (96, 4, 4, 96), (96, 4, 4, 96), (96, 4, 4, 96), (96, 4, 4, 96), (96, 4, 4, 96), (96, 4, 4, 96), (96, 4, 4, 16), (16, 4, 4, 1)].
- Rh leg dimensions: [(1, 4, 4, 16), (16, 4, 4, 96), (96, 4, 4, 96), (96, 4, 4, 96), (96, 4, 4, 96), (96, 4, 4, 96), (96, 4, 4, 96), (96, 4, 4, 96), (96, 4, 4, 96), (96, 4, 4, 16), (16, 4, 4, 1)].
-> E = <Lh|CC*> + <ALhAL*|CC*|ARhAR*> + <CC*|Rh> = -0.056518664519269346 + -0.08935266602863451 + 0.1690620935643604 = 0.023190763016456534.
- C_updated leg dimensions: [(1, 4, 4, 16), (16, 4, 4, 24), (24, 4, 4, 24), (24, 4, 4, 24), (24, 4, 4, 24), (24, 4, 4, 24), (24, 4, 4, 24), (24, 4, 4, 24), (24, 4, 4, 24), (24, 4, 4, 16), (16, 4, 4, 1)].
- largest Hermiticity error: 2.174081359799214e-12.
- maximal number of matvec operations: 81.
-> E_updated = 0.01619534117394563.
Orthogonality column 5:
- C leg dimensions: [(1, 4, 4, 16), (16, 4, 4, 24), (24, 4, 4, 24), (24, 4, 4, 24), (24, 4, 4, 24), (24, 4, 4, 24), (24, 4, 4, 24), (24, 4, 4, 24), (24, 4, 4, 24), (24, 4, 4, 16), (16, 4, 4, 1)].
- Lh leg dimensions: [(1, 4, 4, 16), (16, 4, 4, 96), (96, 4, 4, 96), (96, 4, 4, 96), (96, 4, 4, 96), (96, 4, 4, 96), (96, 4, 4, 96), (96, 4, 4, 96), (96, 4, 4, 96), (96, 4, 4, 16), (16, 4, 4, 1)].
- Rh leg dimensions: [(1, 4, 4, 16), (16, 4, 4, 96), (96, 4, 4, 96), (96, 4, 4, 96), (96, 4, 4, 96), (96, 4, 4, 96), (96, 4, 4, 96), (96, 4, 4, 96), (96, 4, 4, 96), (96, 4, 4, 16), (16, 4, 4, 1)].
-> E = <Lh|CC*> + <ALhAL*|CC*|ARhAR*> + <CC*|Rh> = 0.02962994079916114 + -0.09132902054270982 + 0.09121579869152029 = 0.02951671894797161.
- C_updated leg dimensions: [(1, 4, 4, 16), (16, 4, 4, 24), (24, 4, 4, 24), (24, 4, 4, 24), (24, 4, 4, 24), (24, 4, 4, 24), (24, 4, 4, 24), (24, 4, 4, 24), (24, 4, 4, 24), (24, 4, 4, 16), (16, 4, 4, 1)].
- largest Hermiticity error: 6.000811527852287e-11.
- maximal number of matvec operations: 71.
-> E_updated = 0.022926508552782124.
Orthogonality column 4:
- C leg dimensions: [(1, 4, 4, 16), (16, 4, 4, 24), (24, 4, 4, 24), (24, 4, 4, 24), (24, 4, 4, 24), (24, 4, 4, 24), (24, 4, 4, 24), (24, 4, 4, 24), (24, 4, 4, 24), (24, 4, 4, 16), (16, 4, 4, 1)].
- Lh leg dimensions: [(1, 4, 4, 16), (16, 4, 4, 32), (32, 4, 4, 96), (96, 4, 4, 32), (32, 4, 4, 96), (96, 4, 4, 80), (80, 4, 4, 96), (96, 4, 4, 33), (33, 4, 4, 80), (80, 4, 4, 9), (9, 4, 4, 1)].
- Rh leg dimensions: [(1, 4, 4, 16), (16, 4, 4, 96), (96, 4, 4, 96), (96, 4, 4, 96), (96, 4, 4, 96), (96, 4, 4, 96), (96, 4, 4, 96), (96, 4, 4, 96), (96, 4, 4, 96), (96, 4, 4, 16), (16, 4, 4, 1)].
-> E = <Lh|CC*> + <ALhAL*|CC*|ARhAR*> + <CC*|Rh> = 0.11770419041598919 + -0.09687591620888392 + 0.032823800695917296 = 0.05365207490302257.
- C_updated leg dimensions: [(1, 4, 4, 16), (16, 4, 4, 24), (24, 4, 4, 24), (24, 4, 4, 24), (24, 4, 4, 24), (24, 4, 4, 24), (24, 4, 4, 24), (24, 4, 4, 24), (24, 4, 4, 24), (24, 4, 4, 16), (16, 4, 4, 1)].
- largest Hermiticity error: 2.361055447723935e-09.
- maximal number of matvec operations: 71.
-> E_updated = 0.043792283340177394.
Orthogonality column 3:
- C leg dimensions: [(1, 4, 4, 16), (16, 2, 4, 24), (24, 4, 4, 24), (24, 2, 4, 24), (24, 4, 4, 24), (24, 4, 4, 24), (24, 4, 4, 24), (24, 4, 4, 24), (24, 2, 4, 24), (24, 4, 4, 8), (8, 2, 4, 1)].
- Lh leg dimensions: [(1, 4, 4, 8), (8, 2, 2, 29), (29, 4, 4, 8), (8, 2, 2, 29), (29, 4, 4, 13), (13, 4, 4, 80), (80, 4, 4, 8), (8, 4, 4, 29), (29, 2, 2, 8), (8, 4, 4, 4), (4, 2, 2, 1)].
- Rh leg dimensions: [(1, 4, 4, 16), (16, 4, 4, 96), (96, 4, 4, 96), (96, 4, 4, 96), (96, 4, 4, 96), (96, 4, 4, 96), (96, 4, 4, 96), (96, 4, 4, 96), (96, 4, 4, 96), (96, 4, 4, 16), (16, 4, 4, 1)].
-> E = <Lh|CC*> + <ALhAL*|CC*|ARhAR*> + <CC*|Rh> = 0.23255529408110523 + -0.114320440360537 + -0.048574778765181535 = 0.0696600749553867.
- C_updated leg dimensions: [(1, 4, 4, 16), (16, 2, 4, 24), (24, 4, 4, 24), (24, 2, 4, 24), (24, 4, 4, 24), (24, 4, 4, 24), (24, 4, 4, 24), (24, 4, 4, 24), (24, 2, 4, 24), (24, 4, 4, 8), (8, 2, 4, 1)].
- largest Hermiticity error: 2.913121330768966e-09.
- maximal number of matvec operations: 71.
-> E_updated = 0.05641898038013864.
Orthogonality column 2:
- C leg dimensions: [(1, 2, 4, 8), (8, 2, 4, 24), (24, 2, 4, 24), (24, 2, 4, 24), (24, 2, 4, 24), (24, 4, 4, 24), (24, 2, 4, 24), (24, 2, 4, 24), (24, 2, 4, 24), (24, 2, 4, 8), (8, 2, 4, 1)].
- Lh leg dimensions: [(1, 2, 2, 4), (4, 2, 2, 3), (3, 2, 2, 8), (8, 2, 2, 3), (3, 2, 2, 9), (9, 4, 4, 3), (3, 2, 2, 8), (8, 2, 2, 3), (3, 2, 2, 8), (8, 2, 2, 3), (3, 2, 2, 1)].
- Rh leg dimensions: [(1, 4, 4, 16), (16, 4, 4, 96), (96, 4, 4, 96), (96, 4, 4, 96), (96, 4, 4, 96), (96, 4, 4, 96), (96, 4, 4, 96), (96, 4, 4, 96), (96, 4, 4, 96), (96, 4, 4, 16), (16, 4, 4, 1)].
-> E = <Lh|CC*> + <ALhAL*|CC*|ARhAR*> + <CC*|Rh> = 0.39683831553430543 + -0.162796566580126 + -0.11262465584062431 = 0.12141709311355511.
- C_updated leg dimensions: [(1, 2, 4, 8), (8, 2, 4, 24), (24, 2, 4, 24), (24, 2, 4, 24), (24, 2, 4, 24), (24, 4, 4, 24), (24, 2, 4, 24), (24, 2, 4, 24), (24, 2, 4, 24), (24, 2, 4, 8), (8, 2, 4, 1)].
- largest Hermiticity error: 2.685004176587211e-09.
- maximal number of matvec operations: 61.
-> E_updated = 0.10826358805001544.
Orthogonality column 1:
- C leg dimensions: [(1, 2, 4, 8), (8, 1, 4, 24), (24, 2, 4, 24), (24, 1, 4, 24), (24, 2, 4, 24), (24, 2, 4, 24), (24, 1, 4, 24), (24, 2, 4, 24), (24, 1, 4, 24), (24, 2, 4, 4), (4, 1, 4, 1)].
- Rh leg dimensions: [(1, 4, 4, 16), (16, 4, 4, 96), (96, 4, 4, 96), (96, 4, 4, 96), (96, 4, 4, 96), (96, 4, 4, 96), (96, 4, 4, 96), (96, 4, 4, 96), (96, 4, 4, 96), (96, 4, 4, 16), (16, 4, 4, 1)].
-> E = <Lh|CC*> + <ALhAL*|CC*|ARhAR*> + <CC*|Rh> = None + 0.39843778663025714 + -0.2220912153882153 = 0.17634657124204184.
- C_updated leg dimensions: [(1, 2, 4, 8), (8, 1, 4, 24), (24, 2, 4, 24), (24, 1, 4, 24), (24, 2, 4, 24), (24, 2, 4, 24), (24, 1, 4, 24), (24, 2, 4, 24), (24, 1, 4, 24), (24, 2, 4, 4), (4, 1, 4, 1)].
- largest Hermiticity error: 1.4600971979545045e-07.
- maximal number of matvec operations: 61.
-> E_updated = 0.15796557695437852.
Orthogonality column 0:
- C leg dimensions: [(1, 1, 4, 4), (4, 1, 4, 16), (16, 1, 4, 24), (24, 1, 4, 24), (24, 1, 4, 24), (24, 1, 4, 24), (24, 1, 4, 24), (24, 1, 4, 24), (24, 1, 4, 24), (24, 1, 4, 4), (4, 1, 4, 1)].
- Rh leg dimensions: [(1, 4, 4, 16), (16, 4, 4, 96), (96, 4, 4, 96), (96, 4, 4, 96), (96, 4, 4, 96), (96, 4, 4, 96), (96, 4, 4, 96), (96, 4, 4, 96), (96, 4, 4, 96), (96, 4, 4, 16), (16, 4, 4, 1)].
-> E = <Lh|CC*> + <ALhAL*|CC*|ARhAR*> + <CC*|Rh> = None + None + 0.19427042263439484 = 0.19427042263439484.
- C_updated leg dimensions: [(1, 1, 4, 4), (4, 1, 4, 16), (16, 1, 4, 24), (24, 1, 4, 24), (24, 1, 4, 24), (24, 1, 4, 24), (24, 1, 4, 24), (24, 1, 4, 24), (24, 1, 4, 16), (16, 1, 4, 4), (4, 1, 4, 1)].
- largest Hermiticity error: 1.3393173264256093e-07.
- maximal number of matvec operations: 51.
-> E_updated = 0.16472323899197944.
=> <H> - E0 = 0.09600019272843952.

DMRGSquared sweep 3 ...
Orthogonality column 0:
- C leg dimensions: [(1, 1, 4, 4), (4, 1, 4, 16), (16, 1, 4, 24), (24, 1, 4, 24), (24, 1, 4, 24), (24, 1, 4, 24), (24, 1, 4, 24), (24, 1, 4, 24), (24, 1, 4, 16), (16, 1, 4, 4), (4, 1, 4, 1)].
- Rh leg dimensions: [(1, 4, 4, 16), (16, 4, 4, 96), (96, 4, 4, 96), (96, 4, 4, 96), (96, 4, 4, 96), (96, 4, 4, 96), (96, 4, 4, 96), (96, 4, 4, 96), (96, 4, 4, 96), (96, 4, 4, 16), (16, 4, 4, 1)].
-> E = <Lh|CC*> + <ALhAL*|CC*|ARhAR*> + <CC*|Rh> = None + None + 0.16472323899193808 = 0.16472323899193808.
- C_updated leg dimensions: [(1, 1, 4, 4), (4, 1, 4, 16), (16, 1, 4, 24), (24, 1, 4, 24), (24, 1, 4, 24), (24, 1, 4, 24), (24, 1, 4, 24), (24, 1, 4, 24), (24, 1, 4, 16), (16, 1, 4, 4), (4, 1, 4, 1)].
- largest Hermiticity error: 1.5472650582371501e-07.
- maximal number of matvec operations: 51.
-> E_updated = 0.16472323900234867.
Orthogonality column 1:
- C leg dimensions: [(1, 2, 4, 4), (4, 1, 4, 16), (16, 2, 4, 24), (24, 1, 4, 24), (24, 2, 4, 24), (24, 2, 4, 24), (24, 1, 4, 24), (24, 2, 4, 24), (24, 1, 4, 16), (16, 2, 4, 4), (4, 1, 4, 1)].
- Rh leg dimensions: [(1, 4, 4, 16), (16, 4, 4, 96), (96, 4, 4, 96), (96, 4, 4, 96), (96, 4, 4, 96), (96, 4, 4, 96), (96, 4, 4, 96), (96, 4, 4, 96), (96, 4, 4, 96), (96, 4, 4, 16), (16, 4, 4, 1)].
-> E = <Lh|CC*> + <ALhAL*|CC*|ARhAR*> + <CC*|Rh> = None + 0.402517813056624 + -0.2059388428993204 = 0.19657897015730358.
- C_updated leg dimensions: [(1, 2, 4, 8), (8, 1, 4, 24), (24, 2, 4, 24), (24, 1, 4, 24), (24, 2, 4, 24), (24, 2, 4, 24), (24, 1, 4, 24), (24, 2, 4, 24), (24, 1, 4, 24), (24, 2, 4, 4), (4, 1, 4, 1)].
- largest Hermiticity error: 1.8769343203917227e-07.
- maximal number of matvec operations: 61.
-> E_updated = 0.1579655769898549.
Orthogonality column 2:
- C leg dimensions: [(1, 2, 4, 8), (8, 2, 4, 24), (24, 2, 4, 24), (24, 2, 4, 24), (24, 2, 4, 24), (24, 4, 4, 24), (24, 2, 4, 24), (24, 2, 4, 24), (24, 2, 4, 24), (24, 2, 4, 4), (4, 2, 4, 1)].
- Lh leg dimensions: [(1, 2, 2, 4), (4, 2, 2, 3), (3, 2, 2, 8), (8, 2, 2, 3), (3, 2, 2, 9), (9, 4, 4, 3), (3, 2, 2, 8), (8, 2, 2, 3), (3, 2, 2, 8), (8, 2, 2, 3), (3, 2, 2, 1)].
- Rh leg dimensions: [(1, 4, 4, 16), (16, 4, 4, 96), (96, 4, 4, 96), (96, 4, 4, 96), (96, 4, 4, 96), (96, 4, 4, 96), (96, 4, 4, 96), (96, 4, 4, 96), (96, 4, 4, 96), (96, 4, 4, 16), (16, 4, 4, 1)].
-> E = <Lh|CC*> + <ALhAL*|CC*|ARhAR*> + <CC*|Rh> = 0.3983422045658771 + -0.16349674881557166 + -0.09438547954155942 = 0.140459976208746.
- C_updated leg dimensions: [(1, 2, 4, 8), (8, 2, 4, 24), (24, 2, 4, 24), (24, 2, 4, 24), (24, 2, 4, 24), (24, 4, 4, 24), (24, 2, 4, 24), (24, 2, 4, 24), (24, 2, 4, 24), (24, 2, 4, 8), (8, 2, 4, 1)].
- largest Hermiticity error: 1.8166025900239428e-09.
- maximal number of matvec operations: 61.
-> E_updated = 0.10826830973440835.
Orthogonality column 3:
- C leg dimensions: [(1, 4, 4, 8), (8, 2, 4, 24), (24, 4, 4, 24), (24, 2, 4, 24), (24, 4, 4, 24), (24, 4, 4, 24), (24, 4, 4, 24), (24, 4, 4, 24), (24, 2, 4, 24), (24, 4, 4, 8), (8, 2, 4, 1)].
- Lh leg dimensions: [(1, 4, 4, 8), (8, 2, 2, 29), (29, 4, 4, 8), (8, 2, 2, 29), (29, 4, 4, 13), (13, 4, 4, 80), (80, 4, 4, 8), (8, 4, 4, 29), (29, 2, 2, 8), (8, 4, 4, 4), (4, 2, 2, 1)].
- Rh leg dimensions: [(1, 4, 4, 16), (16, 4, 4, 96), (96, 4, 4, 96), (96, 4, 4, 96), (96, 4, 4, 96), (96, 4, 4, 96), (96, 4, 4, 96), (96, 4, 4, 96), (96, 4, 4, 96), (96, 4, 4, 16), (16, 4, 4, 1)].
-> E = <Lh|CC*> + <ALhAL*|CC*|ARhAR*> + <CC*|Rh> = 0.2322767738700647 + -0.1075198845512703 + -0.04343018058250639 = 0.08132670873628801.
- C_updated leg dimensions: [(1, 4, 4, 16), (16, 2, 4, 24), (24, 4, 4, 24), (24, 2, 4, 24), (24, 4, 4, 24), (24, 4, 4, 24), (24, 4, 4, 24), (24, 4, 4, 24), (24, 2, 4, 24), (24, 4, 4, 8), (8, 2, 4, 1)].
- largest Hermiticity error: 2.724587433484906e-09.
- maximal number of matvec operations: 71.
-> E_updated = 0.05642047525841619.
Orthogonality column 4:
- C leg dimensions: [(1, 4, 4, 16), (16, 4, 4, 24), (24, 4, 4, 24), (24, 4, 4, 24), (24, 4, 4, 24), (24, 4, 4, 24), (24, 4, 4, 24), (24, 4, 4, 24), (24, 4, 4, 24), (24, 4, 4, 8), (8, 4, 4, 1)].
- Lh leg dimensions: [(1, 4, 4, 16), (16, 4, 4, 32), (32, 4, 4, 96), (96, 4, 4, 32), (32, 4, 4, 96), (96, 4, 4, 80), (80, 4, 4, 96), (96, 4, 4, 33), (33, 4, 4, 80), (80, 4, 4, 9), (9, 4, 4, 1)].
- Rh leg dimensions: [(1, 4, 4, 16), (16, 4, 4, 96), (96, 4, 4, 96), (96, 4, 4, 96), (96, 4, 4, 96), (96, 4, 4, 96), (96, 4, 4, 96), (96, 4, 4, 96), (96, 4, 4, 96), (96, 4, 4, 16), (16, 4, 4, 1)].
-> E = <Lh|CC*> + <ALhAL*|CC*|ARhAR*> + <CC*|Rh> = 0.11865986654783582 + -0.09965573915102964 + 0.04707392108152709 = 0.06607804847833326.
- C_updated leg dimensions: [(1, 4, 4, 16), (16, 4, 4, 24), (24, 4, 4, 24), (24, 4, 4, 24), (24, 4, 4, 24), (24, 4, 4, 24), (24, 4, 4, 24), (24, 4, 4, 24), (24, 4, 4, 24), (24, 4, 4, 16), (16, 4, 4, 1)].
- largest Hermiticity error: 2.142138876063068e-09.
- maximal number of matvec operations: 71.
-> E_updated = 0.04379231675442437.
Orthogonality column 5:
- C leg dimensions: [(1, 4, 4, 16), (16, 4, 4, 24), (24, 4, 4, 24), (24, 4, 4, 24), (24, 4, 4, 24), (24, 4, 4, 24), (24, 4, 4, 24), (24, 4, 4, 24), (24, 4, 4, 24), (24, 4, 4, 16), (16, 4, 4, 1)].
- Lh leg dimensions: [(1, 4, 4, 16), (16, 4, 4, 96), (96, 4, 4, 96), (96, 4, 4, 96), (96, 4, 4, 96), (96, 4, 4, 96), (96, 4, 4, 96), (96, 4, 4, 96), (96, 4, 4, 96), (96, 4, 4, 16), (16, 4, 4, 1)].
- Rh leg dimensions: [(1, 4, 4, 16), (16, 4, 4, 96), (96, 4, 4, 96), (96, 4, 4, 96), (96, 4, 4, 96), (96, 4, 4, 96), (96, 4, 4, 96), (96, 4, 4, 96), (96, 4, 4, 96), (96, 4, 4, 16), (16, 4, 4, 1)].
-> E = <Lh|CC*> + <ALhAL*|CC*|ARhAR*> + <CC*|Rh> = 0.020337543473314363 + -0.08963090539289546 + 0.09951644615532858 = 0.030223084235747474.
- C_updated leg dimensions: [(1, 4, 4, 16), (16, 4, 4, 24), (24, 4, 4, 24), (24, 4, 4, 24), (24, 4, 4, 24), (24, 4, 4, 24), (24, 4, 4, 24), (24, 4, 4, 24), (24, 4, 4, 24), (24, 4, 4, 16), (16, 4, 4, 1)].
- largest Hermiticity error: 3.4596153572640256e-11.
- maximal number of matvec operations: 71.
-> E_updated = 0.016416060843451458.
Orthogonality column 6:
- C leg dimensions: [(1, 4, 4, 16), (16, 4, 4, 24), (24, 4, 4, 24), (24, 4, 4, 24), (24, 4, 4, 24), (24, 4, 4, 24), (24, 4, 4, 24), (24, 4, 4, 24), (24, 4, 4, 24), (24, 4, 4, 16), (16, 4, 4, 1)].
- Lh leg dimensions: [(1, 4, 4, 16), (16, 4, 4, 96), (96, 4, 4, 96), (96, 4, 4, 96), (96, 4, 4, 96), (96, 4, 4, 96), (96, 4, 4, 96), (96, 4, 4, 96), (96, 4, 4, 96), (96, 4, 4, 16), (16, 4, 4, 1)].
- Rh leg dimensions: [(1, 4, 4, 16), (16, 4, 4, 96), (96, 4, 4, 96), (96, 4, 4, 96), (96, 4, 4, 96), (96, 4, 4, 96), (96, 4, 4, 96), (96, 4, 4, 96), (96, 4, 4, 96), (96, 4, 4, 16), (16, 4, 4, 1)].
-> E = <Lh|CC*> + <ALhAL*|CC*|ARhAR*> + <CC*|Rh> = -0.06331169005688907 + -0.08780061060460884 + 0.17469036997913942 = 0.02357806931764153.
- C_updated leg dimensions: [(1, 4, 4, 16), (16, 4, 4, 24), (24, 4, 4, 24), (24, 4, 4, 24), (24, 4, 4, 24), (24, 4, 4, 24), (24, 4, 4, 24), (24, 4, 4, 24), (24, 4, 4, 24), (24, 4, 4, 16), (16, 4, 4, 1)].
- largest Hermiticity error: 1.2609474240384124e-12.
- maximal number of matvec operations: 81.
-> E_updated = 0.015295545751862743.
Orthogonality column 7:
- C leg dimensions: [(1, 4, 4, 16), (16, 4, 4, 24), (24, 4, 4, 24), (24, 4, 4, 24), (24, 4, 4, 24), (24, 4, 4, 24), (24, 4, 4, 24), (24, 4, 4, 24), (24, 4, 4, 24), (24, 4, 4, 16), (16, 4, 4, 1)].
- Lh leg dimensions: [(1, 4, 4, 16), (16, 4, 4, 96), (96, 4, 4, 96), (96, 4, 4, 96), (96, 4, 4, 96), (96, 4, 4, 96), (96, 4, 4, 96), (96, 4, 4, 96), (96, 4, 4, 96), (96, 4, 4, 16), (16, 4, 4, 1)].
- Rh leg dimensions: [(1, 4, 4, 16), (16, 4, 4, 96), (96, 4, 4, 96), (96, 4, 4, 96), (96, 4, 4, 96), (96, 4, 4, 96), (96, 4, 4, 96), (96, 4, 4, 96), (96, 4, 4, 96), (96, 4, 4, 16), (16, 4, 4, 1)].
-> E = <Lh|CC*> + <ALhAL*|CC*|ARhAR*> + <CC*|Rh> = -0.1379282520235143 + -0.08259993604632276 + 0.25396285149619846 = 0.033434663426361394.
- C_updated leg dimensions: [(1, 4, 4, 16), (16, 4, 4, 24), (24, 4, 4, 24), (24, 4, 4, 24), (24, 4, 4, 24), (24, 4, 4, 24), (24, 4, 4, 24), (24, 4, 4, 24), (24, 4, 4, 24), (24, 4, 4, 16), (16, 4, 4, 1)].
- largest Hermiticity error: 6.286255102189905e-13.
- maximal number of matvec operations: 71.
-> E_updated = 0.02773618714310746.
Orthogonality column 8:
- C leg dimensions: [(1, 4, 4, 16), (16, 4, 4, 24), (24, 4, 4, 24), (24, 4, 4, 24), (24, 4, 4, 24), (24, 4, 4, 24), (24, 4, 4, 24), (24, 4, 4, 24), (24, 4, 4, 24), (24, 4, 4, 16), (16, 4, 4, 1)].
- Lh leg dimensions: [(1, 4, 4, 16), (16, 4, 4, 96), (96, 4, 4, 96), (96, 4, 4, 96), (96, 4, 4, 96), (96, 4, 4, 96), (96, 4, 4, 96), (96, 4, 4, 96), (96, 4, 4, 96), (96, 4, 4, 16), (16, 4, 4, 1)].
- Rh leg dimensions: [(1, 4, 4, 9), (9, 4, 4, 80), (80, 4, 4, 32), (32, 4, 4, 96), (96, 4, 4, 80), (80, 4, 4, 96), (96, 4, 4, 33), (33, 4, 4, 96), (96, 4, 4, 32), (32, 4, 4, 16), (16, 4, 4, 1)].
-> E = <Lh|CC*> + <ALhAL*|CC*|ARhAR*> + <CC*|Rh> = -0.20728780122785706 + -0.08680834862060062 + 0.33988420471536823 = 0.045788054866910566.
- C_updated leg dimensions: [(1, 4, 4, 16), (16, 4, 4, 24), (24, 4, 4, 24), (24, 4, 4, 24), (24, 4, 4, 24), (24, 4, 4, 24), (24, 4, 4, 24), (24, 4, 4, 24), (24, 4, 4, 24), (24, 4, 4, 16), (16, 4, 4, 1)].
- largest Hermiticity error: 3.5227922964834674e-07.
- maximal number of matvec operations: 71.
-> E_updated = 0.039371146500526075.
Orthogonality column 9:
- C leg dimensions: [(1, 4, 2, 16), (16, 4, 4, 24), (24, 4, 2, 24), (24, 4, 4, 24), (24, 4, 4, 24), (24, 4, 4, 24), (24, 4, 4, 24), (24, 4, 2, 24), (24, 4, 4, 24), (24, 4, 2, 16), (16, 4, 4, 1)].
- Lh leg dimensions: [(1, 4, 4, 16), (16, 4, 4, 96), (96, 4, 4, 96), (96, 4, 4, 96), (96, 4, 4, 96), (96, 4, 4, 96), (96, 4, 4, 96), (96, 4, 4, 96), (96, 4, 4, 96), (96, 4, 4, 16), (16, 4, 4, 1)].
- Rh leg dimensions: [(1, 2, 2, 4), (4, 4, 4, 8), (8, 2, 2, 29), (29, 4, 4, 8), (8, 4, 4, 80), (80, 4, 4, 13), (13, 4, 4, 29), (29, 2, 2, 8), (8, 4, 4, 29), (29, 2, 2, 8), (8, 4, 4, 1)].
-> E = <Lh|CC*> + <ALhAL*|CC*|ARhAR*> + <CC*|Rh> = -0.29140540842056634 + -0.09212282862112235 + 0.43202846288936153 = 0.04850022584767283.
- C_updated leg dimensions: [(1, 4, 2, 8), (8, 4, 4, 24), (24, 4, 2, 24), (24, 4, 4, 24), (24, 4, 4, 24), (24, 4, 4, 24), (24, 4, 4, 24), (24, 4, 2, 24), (24, 4, 4, 24), (24, 4, 2, 16), (16, 4, 4, 1)].
- largest Hermiticity error: 2.8769370318308267e-07.
- maximal number of matvec operations: 71.
-> E_updated = 0.037063921040761.
Orthogonality column 10:
- C leg dimensions: [(1, 4, 2, 8), (8, 4, 2, 24), (24, 4, 2, 24), (24, 4, 2, 24), (24, 4, 2, 24), (24, 4, 4, 24), (24, 4, 2, 24), (24, 4, 2, 24), (24, 4, 2, 24), (24, 4, 2, 16), (16, 4, 2, 1)].
- Lh leg dimensions: [(1, 4, 4, 16), (16, 4, 4, 96), (96, 4, 4, 96), (96, 4, 4, 96), (96, 4, 4, 96), (96, 4, 4, 96), (96, 4, 4, 96), (96, 4, 4, 96), (96, 4, 4, 96), (96, 4, 4, 16), (16, 4, 4, 1)].
- Rh leg dimensions: [(1, 2, 2, 3), (3, 2, 2, 8), (8, 2, 2, 3), (3, 2, 2, 8), (8, 2, 2, 3), (3, 4, 4, 9), (9, 2, 2, 3), (3, 2, 2, 8), (8, 2, 2, 3), (3, 2, 2, 4), (4, 2, 2, 1)].
-> E = <Lh|CC*> + <ALhAL*|CC*|ARhAR*> + <CC*|Rh> = -0.3445888102974404 + -0.09886328879921473 + 0.5318965131825845 = 0.08844441408592935.
- C_updated leg dimensions: [(1, 4, 2, 8), (8, 4, 2, 24), (24, 4, 2, 24), (24, 4, 2, 24), (24, 4, 2, 24), (24, 4, 4, 24), (24, 4, 2, 24), (24, 4, 2, 24), (24, 4, 2, 24), (24, 4, 2, 8), (8, 4, 2, 1)].
- largest Hermiticity error: 2.4006784984902007e-07.
- maximal number of matvec operations: 61.
-> E_updated = 0.0741912673733646.
Orthogonality column 11:
- C leg dimensions: [(1, 4, 1, 8), (8, 4, 2, 24), (24, 4, 1, 24), (24, 4, 2, 24), (24, 4, 1, 24), (24, 4, 2, 24), (24, 4, 2, 24), (24, 4, 1, 24), (24, 4, 2, 24), (24, 4, 1, 8), (8, 4, 2, 1)].
- Lh leg dimensions: [(1, 4, 4, 16), (16, 4, 4, 96), (96, 4, 4, 96), (96, 4, 4, 96), (96, 4, 4, 96), (96, 4, 4, 96), (96, 4, 4, 96), (96, 4, 4, 96), (96, 4, 4, 96), (96, 4, 4, 16), (16, 4, 4, 1)].
-> E = <Lh|CC*> + <ALhAL*|CC*|ARhAR*> + <CC*|Rh> = -0.39216161059767074 + 0.5328343707516513 + None = 0.14067276015398056.
- C_updated leg dimensions: [(1, 4, 1, 4), (4, 4, 2, 24), (24, 4, 1, 24), (24, 4, 2, 24), (24, 4, 1, 24), (24, 4, 2, 24), (24, 4, 2, 24), (24, 4, 1, 24), (24, 4, 2, 24), (24, 4, 1, 8), (8, 4, 2, 1)].
- largest Hermiticity error: 2.0483213031200748e-07.
- maximal number of matvec operations: 61.
-> E_updated = 0.1195413388128333.
Orthogonality column 12:
- C leg dimensions: [(1, 4, 1, 4), (4, 4, 1, 16), (16, 4, 1, 24), (24, 4, 1, 24), (24, 4, 1, 24), (24, 4, 1, 24), (24, 4, 1, 24), (24, 4, 1, 24), (24, 4, 1, 24), (24, 4, 1, 8), (8, 4, 1, 1)].
- Lh leg dimensions: [(1, 4, 4, 16), (16, 4, 4, 96), (96, 4, 4, 96), (96, 4, 4, 96), (96, 4, 4, 96), (96, 4, 4, 96), (96, 4, 4, 96), (96, 4, 4, 96), (96, 4, 4, 96), (96, 4, 4, 16), (16, 4, 4, 1)].
-> E = <Lh|CC*> + <ALhAL*|CC*|ARhAR*> + <CC*|Rh> = 0.172841832053051 + None + None = 0.172841832053051.
- C_updated leg dimensions: [(1, 4, 1, 4), (4, 4, 1, 16), (16, 4, 1, 24), (24, 4, 1, 24), (24, 4, 1, 24), (24, 4, 1, 24), (24, 4, 1, 24), (24, 4, 1, 24), (24, 4, 1, 16), (16, 4, 1, 4), (4, 4, 1, 1)].
- largest Hermiticity error: 4.5471586039069405e-07.
- maximal number of matvec operations: 51.
-> E_updated = 0.14651309453219083.
Orthogonality column 11:
- C leg dimensions: [(1, 4, 1, 4), (4, 4, 2, 16), (16, 4, 1, 24), (24, 4, 2, 24), (24, 4, 1, 24), (24, 4, 2, 24), (24, 4, 2, 24), (24, 4, 1, 24), (24, 4, 2, 16), (16, 4, 1, 4), (4, 4, 2, 1)].
- Lh leg dimensions: [(1, 4, 4, 16), (16, 4, 4, 96), (96, 4, 4, 96), (96, 4, 4, 96), (96, 4, 4, 96), (96, 4, 4, 96), (96, 4, 4, 96), (96, 4, 4, 96), (96, 4, 4, 96), (96, 4, 4, 16), (16, 4, 4, 1)].
-> E = <Lh|CC*> + <ALhAL*|CC*|ARhAR*> + <CC*|Rh> = -0.38229557239094536 + 0.5373268000957061 + None = 0.15503122770476074.
- C_updated leg dimensions: [(1, 4, 1, 4), (4, 4, 2, 24), (24, 4, 1, 24), (24, 4, 2, 24), (24, 4, 1, 24), (24, 4, 2, 24), (24, 4, 2, 24), (24, 4, 1, 24), (24, 4, 2, 24), (24, 4, 1, 8), (8, 4, 2, 1)].
- largest Hermiticity error: 2.679816729340094e-07.
- maximal number of matvec operations: 61.
-> E_updated = 0.11954133723221709.
Orthogonality column 10:
- C leg dimensions: [(1, 4, 2, 4), (4, 4, 2, 24), (24, 4, 2, 24), (24, 4, 2, 24), (24, 4, 2, 24), (24, 4, 4, 24), (24, 4, 2, 24), (24, 4, 2, 24), (24, 4, 2, 24), (24, 4, 2, 8), (8, 4, 2, 1)].
- Lh leg dimensions: [(1, 4, 4, 16), (16, 4, 4, 96), (96, 4, 4, 96), (96, 4, 4, 96), (96, 4, 4, 96), (96, 4, 4, 96), (96, 4, 4, 96), (96, 4, 4, 96), (96, 4, 4, 96), (96, 4, 4, 16), (16, 4, 4, 1)].
- Rh leg dimensions: [(1, 2, 2, 3), (3, 2, 2, 8), (8, 2, 2, 3), (3, 2, 2, 8), (8, 2, 2, 3), (3, 4, 4, 9), (9, 2, 2, 3), (3, 2, 2, 8), (8, 2, 2, 3), (3, 2, 2, 4), (4, 2, 2, 1)].
-> E = <Lh|CC*> + <ALhAL*|CC*|ARhAR*> + <CC*|Rh> = -0.32865573232524237 + -0.09546193527548726 + 0.5319902873989597 = 0.1078726197982301.
- C_updated leg dimensions: [(1, 4, 2, 8), (8, 4, 2, 24), (24, 4, 2, 24), (24, 4, 2, 24), (24, 4, 2, 24), (24, 4, 4, 24), (24, 4, 2, 24), (24, 4, 2, 24), (24, 4, 2, 24), (24, 4, 2, 8), (8, 4, 2, 1)].
- largest Hermiticity error: 1.279757252489918e-07.
- maximal number of matvec operations: 71.
-> E_updated = 0.07417367331039423.
Orthogonality column 9:
- C leg dimensions: [(1, 4, 2, 8), (8, 4, 4, 24), (24, 4, 2, 24), (24, 4, 4, 24), (24, 4, 4, 24), (24, 4, 4, 24), (24, 4, 4, 24), (24, 4, 2, 24), (24, 4, 4, 24), (24, 4, 2, 8), (8, 4, 4, 1)].
- Lh leg dimensions: [(1, 4, 4, 16), (16, 4, 4, 96), (96, 4, 4, 96), (96, 4, 4, 96), (96, 4, 4, 96), (96, 4, 4, 96), (96, 4, 4, 96), (96, 4, 4, 96), (96, 4, 4, 96), (96, 4, 4, 16), (16, 4, 4, 1)].
- Rh leg dimensions: [(1, 2, 2, 4), (4, 4, 4, 8), (8, 2, 2, 29), (29, 4, 4, 8), (8, 4, 4, 80), (80, 4, 4, 13), (13, 4, 4, 29), (29, 2, 2, 8), (8, 4, 4, 29), (29, 2, 2, 8), (8, 4, 4, 1)].
-> E = <Lh|CC*> + <ALhAL*|CC*|ARhAR*> + <CC*|Rh> = -0.2795978693996197 + -0.08968456794869463 + 0.43201049594680463 = 0.06272805859849029.
- C_updated leg dimensions: [(1, 4, 2, 8), (8, 4, 4, 24), (24, 4, 2, 24), (24, 4, 4, 24), (24, 4, 4, 24), (24, 4, 4, 24), (24, 4, 4, 24), (24, 4, 2, 24), (24, 4, 4, 24), (24, 4, 2, 16), (16, 4, 4, 1)].
- largest Hermiticity error: 2.459136857433652e-07.
- maximal number of matvec operations: 71.
-> E_updated = 0.03701270704135683.
Orthogonality column 8:
- C leg dimensions: [(1, 4, 4, 8), (8, 4, 4, 24), (24, 4, 4, 24), (24, 4, 4, 24), (24, 4, 4, 24), (24, 4, 4, 24), (24, 4, 4, 24), (24, 4, 4, 24), (24, 4, 4, 24), (24, 4, 4, 16), (16, 4, 4, 1)].
- Lh leg dimensions: [(1, 4, 4, 16), (16, 4, 4, 96), (96, 4, 4, 96), (96, 4, 4, 96), (96, 4, 4, 96), (96, 4, 4, 96), (96, 4, 4, 96), (96, 4, 4, 96), (96, 4, 4, 96), (96, 4, 4, 16), (16, 4, 4, 1)].
- Rh leg dimensions: [(1, 4, 4, 9), (9, 4, 4, 80), (80, 4, 4, 33), (33, 4, 4, 96), (96, 4, 4, 80), (80, 4, 4, 96), (96, 4, 4, 33), (33, 4, 4, 96), (96, 4, 4, 32), (32, 4, 4, 16), (16, 4, 4, 1)].
-> E = <Lh|CC*> + <ALhAL*|CC*|ARhAR*> + <CC*|Rh> = -0.19701574364624977 + -0.0829985831133811 + 0.33887618821058146 = 0.05886186145095057.
- C_updated leg dimensions: [(1, 4, 4, 16), (16, 4, 4, 24), (24, 4, 4, 24), (24, 4, 4, 24), (24, 4, 4, 24), (24, 4, 4, 24), (24, 4, 4, 24), (24, 4, 4, 24), (24, 4, 4, 24), (24, 4, 4, 16), (16, 4, 4, 1)].
- largest Hermiticity error: 2.2719677317720624e-07.
- maximal number of matvec operations: 71.
-> E_updated = 0.03939973573917004.
Orthogonality column 7:
- C leg dimensions: [(1, 4, 4, 16), (16, 4, 4, 24), (24, 4, 4, 24), (24, 4, 4, 24), (24, 4, 4, 24), (24, 4, 4, 24), (24, 4, 4, 24), (24, 4, 4, 24), (24, 4, 4, 24), (24, 4, 4, 16), (16, 4, 4, 1)].
- Lh leg dimensions: [(1, 4, 4, 16), (16, 4, 4, 96), (96, 4, 4, 96), (96, 4, 4, 96), (96, 4, 4, 96), (96, 4, 4, 96), (96, 4, 4, 96), (96, 4, 4, 96), (96, 4, 4, 96), (96, 4, 4, 16), (16, 4, 4, 1)].
- Rh leg dimensions: [(1, 4, 4, 16), (16, 4, 4, 96), (96, 4, 4, 96), (96, 4, 4, 96), (96, 4, 4, 96), (96, 4, 4, 96), (96, 4, 4, 96), (96, 4, 4, 96), (96, 4, 4, 96), (96, 4, 4, 16), (16, 4, 4, 1)].
-> E = <Lh|CC*> + <ALhAL*|CC*|ARhAR*> + <CC*|Rh> = -0.12927428144247474 + -0.08446434760157998 + 0.25366440541729096 = 0.039925776373236244.
- C_updated leg dimensions: [(1, 4, 4, 16), (16, 4, 4, 24), (24, 4, 4, 24), (24, 4, 4, 24), (24, 4, 4, 24), (24, 4, 4, 24), (24, 4, 4, 24), (24, 4, 4, 24), (24, 4, 4, 24), (24, 4, 4, 16), (16, 4, 4, 1)].
- largest Hermiticity error: 5.67498107130703e-13.
- maximal number of matvec operations: 81.
-> E_updated = 0.028835550229955487.
Orthogonality column 6:
- C leg dimensions: [(1, 4, 4, 16), (16, 4, 4, 24), (24, 4, 4, 24), (24, 4, 4, 24), (24, 4, 4, 24), (24, 4, 4, 24), (24, 4, 4, 24), (24, 4, 4, 24), (24, 4, 4, 24), (24, 4, 4, 16), (16, 4, 4, 1)].
- Lh leg dimensions: [(1, 4, 4, 16), (16, 4, 4, 96), (96, 4, 4, 96), (96, 4, 4, 96), (96, 4, 4, 96), (96, 4, 4, 96), (96, 4, 4, 96), (96, 4, 4, 96), (96, 4, 4, 96), (96, 4, 4, 16), (16, 4, 4, 1)].
- Rh leg dimensions: [(1, 4, 4, 16), (16, 4, 4, 96), (96, 4, 4, 96), (96, 4, 4, 96), (96, 4, 4, 96), (96, 4, 4, 96), (96, 4, 4, 96), (96, 4, 4, 96), (96, 4, 4, 96), (96, 4, 4, 16), (16, 4, 4, 1)].
-> E = <Lh|CC*> + <ALhAL*|CC*|ARhAR*> + <CC*|Rh> = -0.05970124019119602 + -0.08495999419606373 + 0.1699261764993483 = 0.025264942112088545.
- C_updated leg dimensions: [(1, 4, 4, 16), (16, 4, 4, 24), (24, 4, 4, 24), (24, 4, 4, 24), (24, 4, 4, 24), (24, 4, 4, 24), (24, 4, 4, 24), (24, 4, 4, 24), (24, 4, 4, 24), (24, 4, 4, 16), (16, 4, 4, 1)].
- largest Hermiticity error: 1.5972847629291625e-12.
- maximal number of matvec operations: 81.
-> E_updated = 0.01785531984738402.
Orthogonality column 5:
- C leg dimensions: [(1, 4, 4, 16), (16, 4, 4, 24), (24, 4, 4, 24), (24, 4, 4, 24), (24, 4, 4, 24), (24, 4, 4, 24), (24, 4, 4, 24), (24, 4, 4, 24), (24, 4, 4, 24), (24, 4, 4, 16), (16, 4, 4, 1)].
- Lh leg dimensions: [(1, 4, 4, 16), (16, 4, 4, 96), (96, 4, 4, 96), (96, 4, 4, 96), (96, 4, 4, 96), (96, 4, 4, 96), (96, 4, 4, 96), (96, 4, 4, 96), (96, 4, 4, 96), (96, 4, 4, 16), (16, 4, 4, 1)].
- Rh leg dimensions: [(1, 4, 4, 16), (16, 4, 4, 96), (96, 4, 4, 96), (96, 4, 4, 96), (96, 4, 4, 96), (96, 4, 4, 96), (96, 4, 4, 96), (96, 4, 4, 96), (96, 4, 4, 96), (96, 4, 4, 16), (16, 4, 4, 1)].
-> E = <Lh|CC*> + <ALhAL*|CC*|ARhAR*> + <CC*|Rh> = 0.024025321094318444 + -0.09274780759613178 + 0.08686630832097815 = 0.01814382181916481.
- C_updated leg dimensions: [(1, 4, 4, 16), (16, 4, 4, 24), (24, 4, 4, 24), (24, 4, 4, 24), (24, 4, 4, 24), (24, 4, 4, 24), (24, 4, 4, 24), (24, 4, 4, 24), (24, 4, 4, 24), (24, 4, 4, 16), (16, 4, 4, 1)].
- largest Hermiticity error: 1.6404359796131765e-10.
- maximal number of matvec operations: 81.
-> E_updated = 0.012168049119603432.
Orthogonality column 4:
- C leg dimensions: [(1, 4, 4, 16), (16, 4, 4, 24), (24, 4, 4, 24), (24, 4, 4, 24), (24, 4, 4, 24), (24, 4, 4, 24), (24, 4, 4, 24), (24, 4, 4, 24), (24, 4, 4, 24), (24, 4, 4, 16), (16, 4, 4, 1)].
- Lh leg dimensions: [(1, 4, 4, 16), (16, 4, 4, 32), (32, 4, 4, 96), (96, 4, 4, 32), (32, 4, 4, 96), (96, 4, 4, 80), (80, 4, 4, 96), (96, 4, 4, 33), (33, 4, 4, 80), (80, 4, 4, 9), (9, 4, 4, 1)].
- Rh leg dimensions: [(1, 4, 4, 16), (16, 4, 4, 96), (96, 4, 4, 96), (96, 4, 4, 96), (96, 4, 4, 96), (96, 4, 4, 96), (96, 4, 4, 96), (96, 4, 4, 96), (96, 4, 4, 96), (96, 4, 4, 16), (16, 4, 4, 1)].
-> E = <Lh|CC*> + <ALhAL*|CC*|ARhAR*> + <CC*|Rh> = 0.11802914540199994 + -0.09804464799703493 + 0.02734099115810589 = 0.0473254885630709.
- C_updated leg dimensions: [(1, 4, 4, 16), (16, 4, 4, 24), (24, 4, 4, 24), (24, 4, 4, 24), (24, 4, 4, 24), (24, 4, 4, 24), (24, 4, 4, 24), (24, 4, 4, 24), (24, 4, 4, 24), (24, 4, 4, 16), (16, 4, 4, 1)].
- largest Hermiticity error: 1.3060722665490697e-09.
- maximal number of matvec operations: 71.
-> E_updated = 0.03836723383003282.
Orthogonality column 3:
- C leg dimensions: [(1, 4, 4, 16), (16, 2, 4, 24), (24, 4, 4, 24), (24, 2, 4, 24), (24, 4, 4, 24), (24, 4, 4, 24), (24, 4, 4, 24), (24, 4, 4, 24), (24, 2, 4, 24), (24, 4, 4, 8), (8, 2, 4, 1)].
- Lh leg dimensions: [(1, 4, 4, 8), (8, 2, 2, 29), (29, 4, 4, 8), (8, 2, 2, 29), (29, 4, 4, 13), (13, 4, 4, 80), (80, 4, 4, 8), (8, 4, 4, 29), (29, 2, 2, 8), (8, 4, 4, 4), (4, 2, 2, 1)].
- Rh leg dimensions: [(1, 4, 4, 16), (16, 4, 4, 96), (96, 4, 4, 96), (96, 4, 4, 96), (96, 4, 4, 96), (96, 4, 4, 96), (96, 4, 4, 96), (96, 4, 4, 96), (96, 4, 4, 96), (96, 4, 4, 16), (16, 4, 4, 1)].
-> E = <Lh|CC*> + <ALhAL*|CC*|ARhAR*> + <CC*|Rh> = 0.23233444222704464 + -0.11431908942726372 + -0.04413156558834752 = 0.07388378721143339.
- C_updated leg dimensions: [(1, 4, 4, 16), (16, 2, 4, 24), (24, 4, 4, 24), (24, 2, 4, 24), (24, 4, 4, 24), (24, 4, 4, 24), (24, 4, 4, 24), (24, 4, 4, 24), (24, 2, 4, 24), (24, 4, 4, 8), (8, 2, 4, 1)].
- largest Hermiticity error: 2.3811340584234853e-07.
- maximal number of matvec operations: 71.
-> E_updated = 0.05826460836476537.
Orthogonality column 2:
- C leg dimensions: [(1, 2, 4, 8), (8, 2, 4, 24), (24, 2, 4, 24), (24, 2, 4, 24), (24, 2, 4, 24), (24, 4, 4, 24), (24, 2, 4, 24), (24, 2, 4, 24), (24, 2, 4, 24), (24, 2, 4, 8), (8, 2, 4, 1)].
- Lh leg dimensions: [(1, 2, 2, 4), (4, 2, 2, 3), (3, 2, 2, 8), (8, 2, 2, 3), (3, 2, 2, 9), (9, 4, 4, 3), (3, 2, 2, 8), (8, 2, 2, 3), (3, 2, 2, 8), (8, 2, 2, 3), (3, 2, 2, 1)].
- Rh leg dimensions: [(1, 4, 4, 16), (16, 4, 4, 96), (96, 4, 4, 96), (96, 4, 4, 96), (96, 4, 4, 96), (96, 4, 4, 96), (96, 4, 4, 96), (96, 4, 4, 96), (96, 4, 4, 96), (96, 4, 4, 16), (16, 4, 4, 1)].
-> E = <Lh|CC*> + <ALhAL*|CC*|ARhAR*> + <CC*|Rh> = 0.39656128480145164 + -0.16268035977810513 + -0.13172190117127514 = 0.10215902385207137.
- C_updated leg dimensions: [(1, 2, 4, 8), (8, 2, 4, 24), (24, 2, 4, 24), (24, 2, 4, 24), (24, 2, 4, 24), (24, 4, 4, 24), (24, 2, 4, 24), (24, 2, 4, 24), (24, 2, 4, 24), (24, 2, 4, 8), (8, 2, 4, 1)].
- largest Hermiticity error: 1.821915935239419e-06.
- maximal number of matvec operations: 61.
-> E_updated = 0.08450108306704461.
Orthogonality column 1:
- C leg dimensions: [(1, 2, 4, 8), (8, 1, 4, 24), (24, 2, 4, 24), (24, 1, 4, 24), (24, 2, 4, 24), (24, 2, 4, 24), (24, 1, 4, 24), (24, 2, 4, 24), (24, 1, 4, 24), (24, 2, 4, 4), (4, 1, 4, 1)].
- Rh leg dimensions: [(1, 4, 4, 16), (16, 4, 4, 96), (96, 4, 4, 96), (96, 4, 4, 96), (96, 4, 4, 96), (96, 4, 4, 96), (96, 4, 4, 96), (96, 4, 4, 96), (96, 4, 4, 96), (96, 4, 4, 16), (16, 4, 4, 1)].
-> E = <Lh|CC*> + <ALhAL*|CC*|ARhAR*> + <CC*|Rh> = None + 0.397767909708238 + -0.2536238853044911 = 0.1441440244037469.
- C_updated leg dimensions: [(1, 2, 4, 8), (8, 1, 4, 24), (24, 2, 4, 24), (24, 1, 4, 24), (24, 2, 4, 24), (24, 2, 4, 24), (24, 1, 4, 24), (24, 2, 4, 24), (24, 1, 4, 24), (24, 2, 4, 4), (4, 1, 4, 1)].
- largest Hermiticity error: 1.9811509624819503e-06.
- maximal number of matvec operations: 61.
-> E_updated = 0.12514102307357697.
Orthogonality column 0:
- C leg dimensions: [(1, 1, 4, 4), (4, 1, 4, 16), (16, 1, 4, 24), (24, 1, 4, 24), (24, 1, 4, 24), (24, 1, 4, 24), (24, 1, 4, 24), (24, 1, 4, 24), (24, 1, 4, 24), (24, 1, 4, 4), (4, 1, 4, 1)].
- Rh leg dimensions: [(1, 4, 4, 16), (16, 4, 4, 96), (96, 4, 4, 96), (96, 4, 4, 96), (96, 4, 4, 96), (96, 4, 4, 96), (96, 4, 4, 96), (96, 4, 4, 96), (96, 4, 4, 96), (96, 4, 4, 16), (16, 4, 4, 1)].
-> E = <Lh|CC*> + <ALhAL*|CC*|ARhAR*> + <CC*|Rh> = None + None + 0.13407926832414463 = 0.13407926832414463.
- C_updated leg dimensions: [(1, 1, 4, 4), (4, 1, 4, 16), (16, 1, 4, 24), (24, 1, 4, 24), (24, 1, 4, 24), (24, 1, 4, 24), (24, 1, 4, 24), (24, 1, 4, 24), (24, 1, 4, 16), (16, 1, 4, 4), (4, 1, 4, 1)].
- largest Hermiticity error: 1.4780802299357142e-06.
- maximal number of matvec operations: 51.
-> E_updated = 0.10201252521792023.
=> <H> - E0 = 0.09979845058859382.

<H>s - E0 = [0.13042581 0.09600019 0.09979845]
