Lx = 6, Ly = 6, g = 3.5, D_max = 4, chi_max_c = 24, chi_max_b = 96. 

E0_exact = -261.32772977. 

es = [-31.38175357 -20.95420658 -20.97936031 -20.98916726 -20.99324561
 -20.99563761 -20.99946716 -20.99886363 -20.99815852 -21.00792078
 -31.49538   ].
E = -251.7931610168512.
E - E0 = 9.534568753148818.
subtract energy E0_exact evenly from all columns.

BoundaryCompression performed 3 sweeps.
BoundaryCompression performed 3 sweeps.
BoundaryCompression performed 3 sweeps.
BoundaryCompression performed 3 sweeps.
BoundaryCompression performed 3 sweeps.
BoundaryCompression performed 3 sweeps.
BoundaryCompression performed 3 sweeps.
BoundaryCompression performed 3 sweeps.
BoundaryCompression performed 3 sweeps.
BoundaryCompression performed 3 sweeps.
BoundaryCompression performed 3 sweeps.

DMRGSquared sweep 1 ...
Orthogonality column 0:
- C leg dimensions: [(1, 1, 4, 4), (4, 1, 4, 16), (16, 1, 4, 24), (24, 1, 4, 24), (24, 1, 4, 24), (24, 1, 4, 24), (24, 1, 4, 24), (24, 1, 4, 24), (24, 1, 4, 16), (16, 1, 4, 4), (4, 1, 4, 1)].
- Rh leg dimensions: [(1, 4, 4, 16), (16, 4, 4, 96), (96, 4, 4, 96), (96, 4, 4, 96), (96, 4, 4, 96), (96, 4, 4, 96), (96, 4, 4, 96), (96, 4, 4, 96), (96, 4, 4, 96), (96, 4, 4, 16), (16, 4, 4, 1)].
-> E = <Lh|CC*> + <ALhAL*|CC*|ARhAR*> + <CC*|Rh> = None + None + -16.11257657854925 = -16.11257657854925.
ColumnDMRG performed 3 sweeps.
- C_updated leg dimensions: [(1, 1, 4, 4), (4, 1, 4, 16), (16, 1, 4, 24), (24, 1, 4, 24), (24, 1, 4, 24), (24, 1, 4, 24), (24, 1, 4, 24), (24, 1, 4, 24), (24, 1, 4, 16), (16, 1, 4, 4), (4, 1, 4, 1)].
- largest Hermiticity error: 8.454552895235652e-07.
- maximal number of matvec operations: 21.
-> E_updated = -18.50075586652751.
Orthogonality column 1:
- C leg dimensions: [(1, 2, 4, 4), (4, 1, 4, 16), (16, 2, 4, 24), (24, 1, 4, 24), (24, 2, 4, 24), (24, 2, 4, 24), (24, 1, 4, 24), (24, 2, 4, 24), (24, 1, 4, 16), (16, 2, 4, 4), (4, 1, 4, 1)].
- Rh leg dimensions: [(1, 4, 4, 16), (16, 4, 4, 96), (96, 4, 4, 96), (96, 4, 4, 96), (96, 4, 4, 96), (96, 4, 4, 96), (96, 4, 4, 96), (96, 4, 4, 96), (96, 4, 4, 96), (96, 4, 4, 16), (16, 4, 4, 1)].
-> E = <Lh|CC*> + <ALhAL*|CC*|ARhAR*> + <CC*|Rh> = None + 1.047332614111033 + -16.514198690290918 = -15.466866076179885.
ColumnDMRG performed 3 sweeps.
- C_updated leg dimensions: [(1, 2, 4, 8), (8, 1, 4, 24), (24, 2, 4, 24), (24, 1, 4, 24), (24, 2, 4, 24), (24, 2, 4, 24), (24, 1, 4, 24), (24, 2, 4, 24), (24, 1, 4, 24), (24, 2, 4, 4), (4, 1, 4, 1)].
- largest Hermiticity error: 2.332489903854582e-06.
- maximal number of matvec operations: 31.
-> E_updated = -15.713506862956075.
BoundaryCompression performed 3 sweeps.
Orthogonality column 2:
- C leg dimensions: [(1, 2, 4, 8), (8, 2, 4, 24), (24, 2, 4, 24), (24, 2, 4, 24), (24, 2, 4, 24), (24, 4, 4, 24), (24, 2, 4, 24), (24, 2, 4, 24), (24, 2, 4, 24), (24, 2, 4, 4), (4, 2, 4, 1)].
- Lh leg dimensions: [(1, 2, 2, 4), (4, 2, 2, 3), (3, 2, 2, 8), (8, 2, 2, 3), (3, 2, 2, 9), (9, 4, 4, 3), (3, 2, 2, 8), (8, 2, 2, 3), (3, 2, 2, 8), (8, 2, 2, 3), (3, 2, 2, 1)].
- Rh leg dimensions: [(1, 4, 4, 16), (16, 4, 4, 96), (96, 4, 4, 96), (96, 4, 4, 96), (96, 4, 4, 96), (96, 4, 4, 96), (96, 4, 4, 96), (96, 4, 4, 96), (96, 4, 4, 96), (96, 4, 4, 16), (16, 4, 4, 1)].
-> E = <Lh|CC*> + <ALhAL*|CC*|ARhAR*> + <CC*|Rh> = 0.9306568358479514 + 0.7262252126736239 + -12.95063999070711 = -11.293757942185534.
ColumnDMRG performed 3 sweeps.
- C_updated leg dimensions: [(1, 2, 4, 8), (8, 2, 4, 24), (24, 2, 4, 24), (24, 2, 4, 24), (24, 2, 4, 24), (24, 4, 4, 24), (24, 2, 4, 24), (24, 2, 4, 24), (24, 2, 4, 24), (24, 2, 4, 8), (8, 2, 4, 1)].
- largest Hermiticity error: 4.944667237428133e-09.
- maximal number of matvec operations: 51.
-> E_updated = -12.279078934480927.
BoundaryCompression performed 3 sweeps.
Orthogonality column 3:
- C leg dimensions: [(1, 4, 4, 8), (8, 2, 4, 24), (24, 4, 4, 24), (24, 2, 4, 24), (24, 4, 4, 24), (24, 4, 4, 24), (24, 4, 4, 24), (24, 4, 4, 24), (24, 2, 4, 24), (24, 4, 4, 8), (8, 2, 4, 1)].
- Lh leg dimensions: [(1, 4, 4, 8), (8, 2, 2, 29), (29, 4, 4, 8), (8, 2, 2, 29), (29, 4, 4, 13), (13, 4, 4, 80), (80, 4, 4, 8), (8, 4, 4, 29), (29, 2, 2, 8), (8, 4, 4, 4), (4, 2, 2, 1)].
- Rh leg dimensions: [(1, 4, 4, 16), (16, 4, 4, 96), (96, 4, 4, 96), (96, 4, 4, 96), (96, 4, 4, 96), (96, 4, 4, 96), (96, 4, 4, 96), (96, 4, 4, 96), (96, 4, 4, 96), (96, 4, 4, 16), (16, 4, 4, 1)].
-> E = <Lh|CC*> + <ALhAL*|CC*|ARhAR*> + <CC*|Rh> = 0.8400337692327315 + 0.7459433941344634 + -10.823270765258744 = -9.23729360189155.
ColumnDMRG performed 3 sweeps.
- C_updated leg dimensions: [(1, 4, 4, 16), (16, 2, 4, 24), (24, 4, 4, 24), (24, 2, 4, 24), (24, 4, 4, 24), (24, 4, 4, 24), (24, 4, 4, 24), (24, 4, 4, 24), (24, 2, 4, 24), (24, 4, 4, 8), (8, 2, 4, 1)].
- largest Hermiticity error: 5.397622549937283e-08.
- maximal number of matvec operations: 51.
-> E_updated = -10.19972798411426.
BoundaryCompression performed 3 sweeps.
Orthogonality column 4:
- C leg dimensions: [(1, 4, 4, 16), (16, 4, 4, 24), (24, 4, 4, 24), (24, 4, 4, 24), (24, 4, 4, 24), (24, 4, 4, 24), (24, 4, 4, 24), (24, 4, 4, 24), (24, 4, 4, 24), (24, 4, 4, 8), (8, 4, 4, 1)].
- Lh leg dimensions: [(1, 4, 4, 16), (16, 4, 4, 32), (32, 4, 4, 96), (96, 4, 4, 32), (32, 4, 4, 96), (96, 4, 4, 80), (80, 4, 4, 96), (96, 4, 4, 33), (33, 4, 4, 80), (80, 4, 4, 9), (9, 4, 4, 1)].
- Rh leg dimensions: [(1, 4, 4, 16), (16, 4, 4, 96), (96, 4, 4, 96), (96, 4, 4, 96), (96, 4, 4, 96), (96, 4, 4, 96), (96, 4, 4, 96), (96, 4, 4, 96), (96, 4, 4, 96), (96, 4, 4, 16), (16, 4, 4, 1)].
-> E = <Lh|CC*> + <ALhAL*|CC*|ARhAR*> + <CC*|Rh> = 0.7891407142962582 + 0.769420855058004 + -5.133606485002054 = -3.575044915647792.
ColumnDMRG performed 3 sweeps.
- C_updated leg dimensions: [(1, 4, 4, 16), (16, 4, 4, 24), (24, 4, 4, 24), (24, 4, 4, 24), (24, 4, 4, 24), (24, 4, 4, 24), (24, 4, 4, 24), (24, 4, 4, 24), (24, 4, 4, 24), (24, 4, 4, 16), (16, 4, 4, 1)].
- largest Hermiticity error: 2.1931907301255124e-09.
- maximal number of matvec operations: 61.
-> E_updated = -4.526418382255975.
BoundaryCompression performed 3 sweeps.
Orthogonality column 5:
- C leg dimensions: [(1, 4, 4, 16), (16, 4, 4, 24), (24, 4, 4, 24), (24, 4, 4, 24), (24, 4, 4, 24), (24, 4, 4, 24), (24, 4, 4, 24), (24, 4, 4, 24), (24, 4, 4, 24), (24, 4, 4, 16), (16, 4, 4, 1)].
- Lh leg dimensions: [(1, 4, 4, 16), (16, 4, 4, 96), (96, 4, 4, 96), (96, 4, 4, 96), (96, 4, 4, 96), (96, 4, 4, 96), (96, 4, 4, 96), (96, 4, 4, 96), (96, 4, 4, 96), (96, 4, 4, 16), (16, 4, 4, 1)].
- Rh leg dimensions: [(1, 4, 4, 16), (16, 4, 4, 96), (96, 4, 4, 96), (96, 4, 4, 96), (96, 4, 4, 96), (96, 4, 4, 96), (96, 4, 4, 96), (96, 4, 4, 96), (96, 4, 4, 96), (96, 4, 4, 16), (16, 4, 4, 1)].
-> E = <Lh|CC*> + <ALhAL*|CC*|ARhAR*> + <CC*|Rh> = 0.7524256719791224 + 0.7630499123756355 + -0.42428964982976247 = 1.0911859345249955.
ColumnDMRG performed 3 sweeps.
- C_updated leg dimensions: [(1, 4, 4, 16), (16, 4, 4, 24), (24, 4, 4, 24), (24, 4, 4, 24), (24, 4, 4, 24), (24, 4, 4, 24), (24, 4, 4, 24), (24, 4, 4, 24), (24, 4, 4, 24), (24, 4, 4, 16), (16, 4, 4, 1)].
- largest Hermiticity error: 2.3837968524595233e-09.
- maximal number of matvec operations: 71.
-> E_updated = 0.15011589864539204.
BoundaryCompression performed 3 sweeps.
Orthogonality column 6:
- C leg dimensions: [(1, 4, 4, 16), (16, 4, 4, 24), (24, 4, 4, 24), (24, 4, 4, 24), (24, 4, 4, 24), (24, 4, 4, 24), (24, 4, 4, 24), (24, 4, 4, 24), (24, 4, 4, 24), (24, 4, 4, 16), (16, 4, 4, 1)].
- Lh leg dimensions: [(1, 4, 4, 16), (16, 4, 4, 96), (96, 4, 4, 96), (96, 4, 4, 96), (96, 4, 4, 96), (96, 4, 4, 96), (96, 4, 4, 96), (96, 4, 4, 96), (96, 4, 4, 96), (96, 4, 4, 16), (16, 4, 4, 1)].
- Rh leg dimensions: [(1, 4, 4, 16), (16, 4, 4, 96), (96, 4, 4, 96), (96, 4, 4, 96), (96, 4, 4, 96), (96, 4, 4, 96), (96, 4, 4, 96), (96, 4, 4, 96), (96, 4, 4, 96), (96, 4, 4, 16), (16, 4, 4, 1)].
-> E = <Lh|CC*> + <ALhAL*|CC*|ARhAR*> + <CC*|Rh> = 0.7450206829128635 + 0.7608543642843091 + 1.6277444219513253 = 3.1336194691484978.
ColumnDMRG performed 3 sweeps.
- C_updated leg dimensions: [(1, 4, 4, 16), (16, 4, 4, 24), (24, 4, 4, 24), (24, 4, 4, 24), (24, 4, 4, 24), (24, 4, 4, 24), (24, 4, 4, 24), (24, 4, 4, 24), (24, 4, 4, 24), (24, 4, 4, 16), (16, 4, 4, 1)].
- largest Hermiticity error: 2.223036679720482e-09.
- maximal number of matvec operations: 61.
-> E_updated = 2.3364160015485282.
BoundaryCompression performed 3 sweeps.
Orthogonality column 7:
- C leg dimensions: [(1, 4, 4, 16), (16, 4, 4, 24), (24, 4, 4, 24), (24, 4, 4, 24), (24, 4, 4, 24), (24, 4, 4, 24), (24, 4, 4, 24), (24, 4, 4, 24), (24, 4, 4, 24), (24, 4, 4, 16), (16, 4, 4, 1)].
- Lh leg dimensions: [(1, 4, 4, 16), (16, 4, 4, 96), (96, 4, 4, 96), (96, 4, 4, 96), (96, 4, 4, 96), (96, 4, 4, 96), (96, 4, 4, 96), (96, 4, 4, 96), (96, 4, 4, 96), (96, 4, 4, 16), (16, 4, 4, 1)].
- Rh leg dimensions: [(1, 4, 4, 16), (16, 4, 4, 96), (96, 4, 4, 96), (96, 4, 4, 96), (96, 4, 4, 96), (96, 4, 4, 96), (96, 4, 4, 96), (96, 4, 4, 96), (96, 4, 4, 96), (96, 4, 4, 16), (16, 4, 4, 1)].
-> E = <Lh|CC*> + <ALhAL*|CC*|ARhAR*> + <CC*|Rh> = 0.9486964097305237 + 0.7521107715136578 + 3.1241686370065818 = 4.824975818250763.
ColumnDMRG performed 3 sweeps.
- C_updated leg dimensions: [(1, 4, 4, 16), (16, 4, 4, 24), (24, 4, 4, 24), (24, 4, 4, 24), (24, 4, 4, 24), (24, 4, 4, 24), (24, 4, 4, 24), (24, 4, 4, 24), (24, 4, 4, 24), (24, 4, 4, 16), (16, 4, 4, 1)].
- largest Hermiticity error: 1.8677177486715628e-09.
- maximal number of matvec operations: 51.
-> E_updated = 4.007015267829287.
BoundaryCompression performed 3 sweeps.
Orthogonality column 8:
- C leg dimensions: [(1, 4, 4, 16), (16, 4, 4, 24), (24, 4, 4, 24), (24, 4, 4, 24), (24, 4, 4, 24), (24, 4, 4, 24), (24, 4, 4, 24), (24, 4, 4, 24), (24, 4, 4, 24), (24, 4, 4, 16), (16, 4, 4, 1)].
- Lh leg dimensions: [(1, 4, 4, 16), (16, 4, 4, 96), (96, 4, 4, 96), (96, 4, 4, 96), (96, 4, 4, 96), (96, 4, 4, 96), (96, 4, 4, 96), (96, 4, 4, 96), (96, 4, 4, 96), (96, 4, 4, 16), (16, 4, 4, 1)].
- Rh leg dimensions: [(1, 4, 4, 9), (9, 4, 4, 80), (80, 4, 4, 33), (33, 4, 4, 96), (96, 4, 4, 32), (32, 4, 4, 96), (96, 4, 4, 33), (33, 4, 4, 96), (96, 4, 4, 32), (32, 4, 4, 16), (16, 4, 4, 1)].
-> E = <Lh|CC*> + <ALhAL*|CC*|ARhAR*> + <CC*|Rh> = 1.3531550092061204 + 0.6153624477341483 + 2.7863739638207026 = 4.754891420760972.
ColumnDMRG performed 3 sweeps.
- C_updated leg dimensions: [(1, 4, 4, 16), (16, 4, 4, 24), (24, 4, 4, 24), (24, 4, 4, 24), (24, 4, 4, 24), (24, 4, 4, 24), (24, 4, 4, 24), (24, 4, 4, 24), (24, 4, 4, 24), (24, 4, 4, 16), (16, 4, 4, 1)].
- largest Hermiticity error: 1.9371102274232994e-09.
- maximal number of matvec operations: 51.
-> E_updated = 2.0648371974351902.
BoundaryCompression performed 3 sweeps.
Orthogonality column 9:
- C leg dimensions: [(1, 4, 2, 16), (16, 4, 4, 24), (24, 4, 2, 24), (24, 4, 4, 24), (24, 4, 2, 24), (24, 4, 4, 24), (24, 4, 2, 24), (24, 4, 4, 24), (24, 4, 2, 24), (24, 4, 4, 16), (16, 4, 4, 1)].
- Lh leg dimensions: [(1, 4, 4, 16), (16, 4, 4, 96), (96, 4, 4, 96), (96, 4, 4, 96), (96, 4, 4, 96), (96, 4, 4, 96), (96, 4, 4, 96), (96, 4, 4, 96), (96, 4, 4, 96), (96, 4, 4, 16), (16, 4, 4, 1)].
- Rh leg dimensions: [(1, 2, 2, 4), (4, 4, 4, 8), (8, 2, 2, 29), (29, 4, 4, 8), (8, 2, 2, 29), (29, 4, 4, 8), (8, 2, 2, 29), (29, 4, 4, 8), (8, 2, 2, 29), (29, 4, 4, 13), (13, 4, 4, 1)].
-> E = <Lh|CC*> + <ALhAL*|CC*|ARhAR*> + <CC*|Rh> = 1.5788457316087123 + 0.09231318919312259 + 0.837070536895369 = 2.5082294576972037.
ColumnDMRG performed 3 sweeps.
- C_updated leg dimensions: [(1, 4, 2, 8), (8, 4, 4, 24), (24, 4, 2, 24), (24, 4, 4, 24), (24, 4, 2, 24), (24, 4, 4, 24), (24, 4, 2, 24), (24, 4, 4, 24), (24, 4, 2, 24), (24, 4, 4, 16), (16, 4, 4, 1)].
- largest Hermiticity error: 7.949724252642198e-09.
- maximal number of matvec operations: 51.
-> E_updated = 1.987686038594366.
BoundaryCompression performed 3 sweeps.
Orthogonality column 10:
- C leg dimensions: [(1, 4, 2, 8), (8, 4, 2, 24), (24, 4, 2, 24), (24, 4, 2, 24), (24, 4, 2, 24), (24, 4, 2, 24), (24, 4, 2, 24), (24, 4, 2, 24), (24, 4, 2, 24), (24, 4, 2, 16), (16, 4, 4, 1)].
- Lh leg dimensions: [(1, 4, 4, 16), (16, 4, 4, 96), (96, 4, 4, 96), (96, 4, 4, 96), (96, 4, 4, 96), (96, 4, 4, 96), (96, 4, 4, 96), (96, 4, 4, 96), (96, 4, 4, 96), (96, 4, 4, 16), (16, 4, 4, 1)].
- Rh leg dimensions: [(1, 2, 2, 3), (3, 2, 2, 8), (8, 2, 2, 3), (3, 2, 2, 8), (8, 2, 2, 3), (3, 2, 2, 8), (8, 2, 2, 3), (3, 2, 2, 8), (8, 2, 2, 3), (3, 2, 2, 9), (9, 4, 4, 1)].
-> E = <Lh|CC*> + <ALhAL*|CC*|ARhAR*> + <CC*|Rh> = 1.7535358080285752 + -0.019166959996747973 + 0.5526834406773071 = 2.2870522887091345.
ColumnDMRG performed 3 sweeps.
- C_updated leg dimensions: [(1, 4, 2, 8), (8, 4, 2, 24), (24, 4, 2, 24), (24, 4, 2, 24), (24, 4, 2, 24), (24, 4, 2, 24), (24, 4, 2, 24), (24, 4, 2, 24), (24, 4, 2, 24), (24, 4, 2, 16), (16, 4, 4, 1)].
- largest Hermiticity error: 4.4872097761416555e-07.
- maximal number of matvec operations: 41.
-> E_updated = 1.9318006420879628.
BoundaryCompression performed 3 sweeps.
Orthogonality column 11:
- C leg dimensions: [(1, 4, 1, 8), (8, 4, 2, 24), (24, 4, 1, 24), (24, 4, 2, 24), (24, 4, 1, 24), (24, 4, 2, 24), (24, 4, 1, 24), (24, 4, 2, 24), (24, 4, 1, 24), (24, 4, 2, 8), (8, 4, 2, 1)].
- Lh leg dimensions: [(1, 4, 4, 16), (16, 4, 4, 96), (96, 4, 4, 96), (96, 4, 4, 96), (96, 4, 4, 96), (96, 4, 4, 96), (96, 4, 4, 96), (96, 4, 4, 96), (96, 4, 4, 96), (96, 4, 4, 16), (16, 4, 4, 1)].
-> E = <Lh|CC*> + <ALhAL*|CC*|ARhAR*> + <CC*|Rh> = 1.762417986496169 + 0.4006769064558805 + None = 2.1630948929520497.
ColumnDMRG performed 3 sweeps.
- C_updated leg dimensions: [(1, 4, 1, 4), (4, 4, 2, 24), (24, 4, 1, 24), (24, 4, 2, 24), (24, 4, 1, 24), (24, 4, 2, 24), (24, 4, 1, 24), (24, 4, 2, 24), (24, 4, 1, 24), (24, 4, 2, 8), (8, 4, 2, 1)].
- largest Hermiticity error: 3.449596771964247e-05.
- maximal number of matvec operations: 41.
-> E_updated = 2.0918399869402107.
BoundaryCompression performed 3 sweeps.
Orthogonality column 12:
- C leg dimensions: [(1, 4, 1, 4), (4, 4, 1, 16), (16, 4, 1, 24), (24, 4, 1, 24), (24, 4, 1, 24), (24, 4, 1, 24), (24, 4, 1, 24), (24, 4, 1, 24), (24, 4, 1, 24), (24, 4, 1, 8), (8, 4, 1, 1)].
- Lh leg dimensions: [(1, 4, 4, 16), (16, 4, 4, 96), (96, 4, 4, 96), (96, 4, 4, 96), (96, 4, 4, 96), (96, 4, 4, 96), (96, 4, 4, 96), (96, 4, 4, 96), (96, 4, 4, 96), (96, 4, 4, 16), (16, 4, 4, 1)].
-> E = <Lh|CC*> + <ALhAL*|CC*|ARhAR*> + <CC*|Rh> = 2.229101377240968 + None + None = 2.229101377240968.
ColumnDMRG performed 3 sweeps.
- C_updated leg dimensions: [(1, 4, 1, 4), (4, 4, 1, 16), (16, 4, 1, 24), (24, 4, 1, 24), (24, 4, 1, 24), (24, 4, 1, 24), (24, 4, 1, 24), (24, 4, 1, 24), (24, 4, 1, 16), (16, 4, 1, 4), (4, 4, 1, 1)].
- largest Hermiticity error: 2.4607532278464367e-05.
- maximal number of matvec operations: 41.
-> E_updated = 2.122571510653579.
Orthogonality column 11:
- C leg dimensions: [(1, 4, 1, 4), (4, 4, 2, 16), (16, 4, 1, 24), (24, 4, 2, 24), (24, 4, 1, 24), (24, 4, 2, 24), (24, 4, 2, 24), (24, 4, 1, 24), (24, 4, 2, 16), (16, 4, 1, 4), (4, 4, 2, 1)].
- Lh leg dimensions: [(1, 4, 4, 16), (16, 4, 4, 96), (96, 4, 4, 96), (96, 4, 4, 96), (96, 4, 4, 96), (96, 4, 4, 96), (96, 4, 4, 96), (96, 4, 4, 96), (96, 4, 4, 96), (96, 4, 4, 16), (16, 4, 4, 1)].
-> E = <Lh|CC*> + <ALhAL*|CC*|ARhAR*> + <CC*|Rh> = 1.8050539697938608 + 0.4014552594172664 + None = 2.206509229211127.
ColumnDMRG performed 3 sweeps.
- C_updated leg dimensions: [(1, 4, 1, 4), (4, 4, 2, 24), (24, 4, 1, 24), (24, 4, 2, 24), (24, 4, 1, 24), (24, 4, 2, 24), (24, 4, 2, 24), (24, 4, 1, 24), (24, 4, 2, 24), (24, 4, 1, 8), (8, 4, 2, 1)].
- largest Hermiticity error: 1.8184434899672204e-05.
- maximal number of matvec operations: 41.
-> E_updated = 2.091839764250004.
BoundaryCompression performed 3 sweeps.
Orthogonality column 10:
- C leg dimensions: [(1, 4, 2, 4), (4, 4, 2, 24), (24, 4, 2, 24), (24, 4, 2, 24), (24, 4, 2, 24), (24, 4, 4, 24), (24, 4, 2, 24), (24, 4, 2, 24), (24, 4, 2, 24), (24, 4, 2, 8), (8, 4, 2, 1)].
- Lh leg dimensions: [(1, 4, 4, 16), (16, 4, 4, 96), (96, 4, 4, 96), (96, 4, 4, 96), (96, 4, 4, 96), (96, 4, 4, 96), (96, 4, 4, 96), (96, 4, 4, 96), (96, 4, 4, 96), (96, 4, 4, 16), (16, 4, 4, 1)].
- Rh leg dimensions: [(1, 2, 2, 3), (3, 2, 2, 8), (8, 2, 2, 3), (3, 2, 2, 8), (8, 2, 2, 3), (3, 4, 4, 9), (9, 2, 2, 3), (3, 2, 2, 8), (8, 2, 2, 3), (3, 2, 2, 4), (4, 2, 2, 1)].
-> E = <Lh|CC*> + <ALhAL*|CC*|ARhAR*> + <CC*|Rh> = 1.699369229445514 + -0.06952472366270272 + 0.3993525114602581 = 2.029197017243069.
ColumnDMRG performed 3 sweeps.
- C_updated leg dimensions: [(1, 4, 2, 8), (8, 4, 2, 24), (24, 4, 2, 24), (24, 4, 2, 24), (24, 4, 2, 24), (24, 4, 4, 24), (24, 4, 2, 24), (24, 4, 2, 24), (24, 4, 2, 24), (24, 4, 2, 8), (8, 4, 2, 1)].
- largest Hermiticity error: 7.18409833102393e-07.
- maximal number of matvec operations: 51.
-> E_updated = 1.9291202182815026.
BoundaryCompression performed 3 sweeps.
Orthogonality column 9:
- C leg dimensions: [(1, 4, 2, 8), (8, 4, 4, 24), (24, 4, 2, 24), (24, 4, 4, 24), (24, 4, 4, 24), (24, 4, 4, 24), (24, 4, 4, 24), (24, 4, 2, 24), (24, 4, 4, 24), (24, 4, 2, 8), (8, 4, 4, 1)].
- Lh leg dimensions: [(1, 4, 4, 16), (16, 4, 4, 96), (96, 4, 4, 96), (96, 4, 4, 96), (96, 4, 4, 96), (96, 4, 4, 96), (96, 4, 4, 96), (96, 4, 4, 96), (96, 4, 4, 96), (96, 4, 4, 16), (16, 4, 4, 1)].
- Rh leg dimensions: [(1, 2, 2, 4), (4, 4, 4, 8), (8, 2, 2, 29), (29, 4, 4, 8), (8, 4, 4, 80), (80, 4, 4, 13), (13, 4, 4, 29), (29, 2, 2, 8), (8, 4, 4, 29), (29, 2, 2, 8), (8, 4, 4, 1)].
-> E = <Lh|CC*> + <ALhAL*|CC*|ARhAR*> + <CC*|Rh> = 1.573383831084366 + -0.06840993340005905 + 0.31885762845428617 = 1.8238315261385931.
ColumnDMRG performed 3 sweeps.
- C_updated leg dimensions: [(1, 4, 2, 8), (8, 4, 4, 24), (24, 4, 2, 24), (24, 4, 4, 24), (24, 4, 4, 24), (24, 4, 4, 24), (24, 4, 4, 24), (24, 4, 2, 24), (24, 4, 4, 24), (24, 4, 2, 16), (16, 4, 4, 1)].
- largest Hermiticity error: 8.141260272766872e-09.
- maximal number of matvec operations: 51.
-> E_updated = 1.6920779383535027.
BoundaryCompression performed 3 sweeps.
Orthogonality column 8:
- C leg dimensions: [(1, 4, 4, 8), (8, 4, 4, 24), (24, 4, 4, 24), (24, 4, 4, 24), (24, 4, 4, 24), (24, 4, 4, 24), (24, 4, 4, 24), (24, 4, 4, 24), (24, 4, 4, 24), (24, 4, 4, 16), (16, 4, 4, 1)].
- Lh leg dimensions: [(1, 4, 4, 16), (16, 4, 4, 96), (96, 4, 4, 96), (96, 4, 4, 96), (96, 4, 4, 96), (96, 4, 4, 96), (96, 4, 4, 96), (96, 4, 4, 96), (96, 4, 4, 96), (96, 4, 4, 16), (16, 4, 4, 1)].
- Rh leg dimensions: [(1, 4, 4, 9), (9, 4, 4, 80), (80, 4, 4, 32), (32, 4, 4, 96), (96, 4, 4, 80), (80, 4, 4, 96), (96, 4, 4, 33), (33, 4, 4, 96), (96, 4, 4, 32), (32, 4, 4, 16), (16, 4, 4, 1)].
-> E = <Lh|CC*> + <ALhAL*|CC*|ARhAR*> + <CC*|Rh> = 1.2177804598251019 + -0.007970990909091848 + 0.23011157111842392 = 1.4399210400344338.
ColumnDMRG performed 3 sweeps.
- C_updated leg dimensions: [(1, 4, 4, 16), (16, 4, 4, 24), (24, 4, 4, 24), (24, 4, 4, 24), (24, 4, 4, 24), (24, 4, 4, 24), (24, 4, 4, 24), (24, 4, 4, 24), (24, 4, 4, 24), (24, 4, 4, 16), (16, 4, 4, 1)].
- largest Hermiticity error: 1.4159950023868153e-09.
- maximal number of matvec operations: 51.
-> E_updated = 1.2546609557439072.
BoundaryCompression performed 3 sweeps.
Orthogonality column 7:
- C leg dimensions: [(1, 4, 4, 16), (16, 4, 4, 24), (24, 4, 4, 24), (24, 4, 4, 24), (24, 4, 4, 24), (24, 4, 4, 24), (24, 4, 4, 24), (24, 4, 4, 24), (24, 4, 4, 24), (24, 4, 4, 16), (16, 4, 4, 1)].
- Lh leg dimensions: [(1, 4, 4, 16), (16, 4, 4, 96), (96, 4, 4, 96), (96, 4, 4, 96), (96, 4, 4, 96), (96, 4, 4, 96), (96, 4, 4, 96), (96, 4, 4, 96), (96, 4, 4, 96), (96, 4, 4, 16), (16, 4, 4, 1)].
- Rh leg dimensions: [(1, 4, 4, 16), (16, 4, 4, 96), (96, 4, 4, 96), (96, 4, 4, 96), (96, 4, 4, 96), (96, 4, 4, 96), (96, 4, 4, 96), (96, 4, 4, 96), (96, 4, 4, 96), (96, 4, 4, 16), (16, 4, 4, 1)].
-> E = <Lh|CC*> + <ALhAL*|CC*|ARhAR*> + <CC*|Rh> = 0.8003490306776095 + 0.3177672773304532 + 0.20186597788465294 = 1.3199822858927157.
ColumnDMRG performed 3 sweeps.
- C_updated leg dimensions: [(1, 4, 4, 16), (16, 4, 4, 24), (24, 4, 4, 24), (24, 4, 4, 24), (24, 4, 4, 24), (24, 4, 4, 24), (24, 4, 4, 24), (24, 4, 4, 24), (24, 4, 4, 24), (24, 4, 4, 16), (16, 4, 4, 1)].
- largest Hermiticity error: 7.878579737939471e-10.
- maximal number of matvec operations: 51.
-> E_updated = 0.8702550386413979.
BoundaryCompression performed 3 sweeps.
Orthogonality column 6:
- C leg dimensions: [(1, 4, 4, 16), (16, 4, 4, 24), (24, 4, 4, 24), (24, 4, 4, 24), (24, 4, 4, 24), (24, 4, 4, 24), (24, 4, 4, 24), (24, 4, 4, 24), (24, 4, 4, 24), (24, 4, 4, 16), (16, 4, 4, 1)].
- Lh leg dimensions: [(1, 4, 4, 16), (16, 4, 4, 96), (96, 4, 4, 96), (96, 4, 4, 96), (96, 4, 4, 96), (96, 4, 4, 96), (96, 4, 4, 96), (96, 4, 4, 96), (96, 4, 4, 96), (96, 4, 4, 16), (16, 4, 4, 1)].
- Rh leg dimensions: [(1, 4, 4, 16), (16, 4, 4, 96), (96, 4, 4, 96), (96, 4, 4, 96), (96, 4, 4, 96), (96, 4, 4, 96), (96, 4, 4, 96), (96, 4, 4, 96), (96, 4, 4, 96), (96, 4, 4, 16), (16, 4, 4, 1)].
-> E = <Lh|CC*> + <ALhAL*|CC*|ARhAR*> + <CC*|Rh> = 0.4180298563761367 + 0.3264355764474976 + 0.16759848773356772 = 0.9120639205572021.
ColumnDMRG performed 3 sweeps.
- C_updated leg dimensions: [(1, 4, 4, 16), (16, 4, 4, 24), (24, 4, 4, 24), (24, 4, 4, 24), (24, 4, 4, 24), (24, 4, 4, 24), (24, 4, 4, 24), (24, 4, 4, 24), (24, 4, 4, 24), (24, 4, 4, 16), (16, 4, 4, 1)].
- largest Hermiticity error: 1.0941610568395602e-10.
- maximal number of matvec operations: 51.
-> E_updated = 0.5026177514299958.
BoundaryCompression performed 3 sweeps.
Orthogonality column 5:
- C leg dimensions: [(1, 4, 4, 16), (16, 4, 4, 24), (24, 4, 4, 24), (24, 4, 4, 24), (24, 4, 4, 24), (24, 4, 4, 24), (24, 4, 4, 24), (24, 4, 4, 24), (24, 4, 4, 24), (24, 4, 4, 16), (16, 4, 4, 1)].
- Lh leg dimensions: [(1, 4, 4, 16), (16, 4, 4, 96), (96, 4, 4, 96), (96, 4, 4, 96), (96, 4, 4, 96), (96, 4, 4, 96), (96, 4, 4, 96), (96, 4, 4, 96), (96, 4, 4, 96), (96, 4, 4, 16), (16, 4, 4, 1)].
- Rh leg dimensions: [(1, 4, 4, 16), (16, 4, 4, 96), (96, 4, 4, 96), (96, 4, 4, 96), (96, 4, 4, 96), (96, 4, 4, 96), (96, 4, 4, 96), (96, 4, 4, 96), (96, 4, 4, 96), (96, 4, 4, 16), (16, 4, 4, 1)].
-> E = <Lh|CC*> + <ALhAL*|CC*|ARhAR*> + <CC*|Rh> = 0.1343301341858203 + 0.22453271812657757 + 0.15260394330722843 = 0.5114667956196264.
ColumnDMRG performed 3 sweeps.
- C_updated leg dimensions: [(1, 4, 4, 16), (16, 4, 4, 24), (24, 4, 4, 24), (24, 4, 4, 24), (24, 4, 4, 24), (24, 4, 4, 24), (24, 4, 4, 24), (24, 4, 4, 24), (24, 4, 4, 24), (24, 4, 4, 16), (16, 4, 4, 1)].
- largest Hermiticity error: 4.4348819035148776e-07.
- maximal number of matvec operations: 61.
-> E_updated = 0.14616391110728238.
BoundaryCompression performed 3 sweeps.
Orthogonality column 4:
- C leg dimensions: [(1, 4, 4, 16), (16, 4, 4, 24), (24, 4, 4, 24), (24, 4, 4, 24), (24, 4, 4, 24), (24, 4, 4, 24), (24, 4, 4, 24), (24, 4, 4, 24), (24, 4, 4, 24), (24, 4, 4, 16), (16, 4, 4, 1)].
- Lh leg dimensions: [(1, 4, 4, 16), (16, 4, 4, 32), (32, 4, 4, 96), (96, 4, 4, 32), (32, 4, 4, 96), (96, 4, 4, 80), (80, 4, 4, 96), (96, 4, 4, 33), (33, 4, 4, 80), (80, 4, 4, 9), (9, 4, 4, 1)].
- Rh leg dimensions: [(1, 4, 4, 16), (16, 4, 4, 96), (96, 4, 4, 96), (96, 4, 4, 96), (96, 4, 4, 96), (96, 4, 4, 96), (96, 4, 4, 96), (96, 4, 4, 96), (96, 4, 4, 96), (96, 4, 4, 16), (16, 4, 4, 1)].
-> E = <Lh|CC*> + <ALhAL*|CC*|ARhAR*> + <CC*|Rh> = 0.1230304145238718 + -0.024532545850586517 + 0.06255861189340167 = 0.16105648056668695.
ColumnDMRG performed 3 sweeps.
- C_updated leg dimensions: [(1, 4, 4, 16), (16, 4, 4, 24), (24, 4, 4, 24), (24, 4, 4, 24), (24, 4, 4, 24), (24, 4, 4, 24), (24, 4, 4, 24), (24, 4, 4, 24), (24, 4, 4, 24), (24, 4, 4, 16), (16, 4, 4, 1)].
- largest Hermiticity error: 3.289103219491629e-07.
- maximal number of matvec operations: 61.
-> E_updated = 0.07659346531677781.
BoundaryCompression performed 3 sweeps.
Orthogonality column 3:
- C leg dimensions: [(1, 4, 4, 16), (16, 2, 4, 24), (24, 4, 4, 24), (24, 2, 4, 24), (24, 4, 4, 24), (24, 4, 4, 24), (24, 4, 4, 24), (24, 4, 4, 24), (24, 2, 4, 24), (24, 4, 4, 8), (8, 2, 4, 1)].
- Lh leg dimensions: [(1, 4, 4, 8), (8, 2, 2, 29), (29, 4, 4, 8), (8, 2, 2, 29), (29, 4, 4, 13), (13, 4, 4, 80), (80, 4, 4, 8), (8, 4, 4, 29), (29, 2, 2, 8), (8, 4, 4, 4), (4, 2, 2, 1)].
- Rh leg dimensions: [(1, 4, 4, 16), (16, 4, 4, 96), (96, 4, 4, 96), (96, 4, 4, 96), (96, 4, 4, 96), (96, 4, 4, 96), (96, 4, 4, 96), (96, 4, 4, 96), (96, 4, 4, 96), (96, 4, 4, 16), (16, 4, 4, 1)].
-> E = <Lh|CC*> + <ALhAL*|CC*|ARhAR*> + <CC*|Rh> = 0.1604276227617835 + -0.07278641932913017 + 0.009067884300711954 = 0.09670908773336527.
ColumnDMRG performed 3 sweeps.
- C_updated leg dimensions: [(1, 4, 4, 16), (16, 2, 4, 24), (24, 4, 4, 24), (24, 2, 4, 24), (24, 4, 4, 24), (24, 4, 4, 24), (24, 4, 4, 24), (24, 4, 4, 24), (24, 2, 4, 24), (24, 4, 4, 8), (8, 2, 4, 1)].
- largest Hermiticity error: 1.9738049418989081e-07.
- maximal number of matvec operations: 61.
-> E_updated = 0.07187024489964924.
BoundaryCompression performed 3 sweeps.
Orthogonality column 2:
- C leg dimensions: [(1, 2, 4, 8), (8, 2, 4, 24), (24, 2, 4, 24), (24, 2, 4, 24), (24, 2, 4, 24), (24, 4, 4, 24), (24, 2, 4, 24), (24, 2, 4, 24), (24, 2, 4, 24), (24, 2, 4, 8), (8, 2, 4, 1)].
- Lh leg dimensions: [(1, 2, 2, 4), (4, 2, 2, 3), (3, 2, 2, 8), (8, 2, 2, 3), (3, 2, 2, 9), (9, 4, 4, 3), (3, 2, 2, 8), (8, 2, 2, 3), (3, 2, 2, 8), (8, 2, 2, 3), (3, 2, 2, 1)].
- Rh leg dimensions: [(1, 4, 4, 16), (16, 4, 4, 96), (96, 4, 4, 96), (96, 4, 4, 96), (96, 4, 4, 96), (96, 4, 4, 96), (96, 4, 4, 96), (96, 4, 4, 96), (96, 4, 4, 96), (96, 4, 4, 16), (16, 4, 4, 1)].
-> E = <Lh|CC*> + <ALhAL*|CC*|ARhAR*> + <CC*|Rh> = 0.2840982488978457 + -0.12880161367164095 + -0.031508427992314576 = 0.12378820723389017.
ColumnDMRG performed 3 sweeps.
- C_updated leg dimensions: [(1, 2, 4, 8), (8, 2, 4, 24), (24, 2, 4, 24), (24, 2, 4, 24), (24, 2, 4, 24), (24, 4, 4, 24), (24, 2, 4, 24), (24, 2, 4, 24), (24, 2, 4, 24), (24, 2, 4, 8), (8, 2, 4, 1)].
- largest Hermiticity error: 2.526480311769513e-07.
- maximal number of matvec operations: 61.
-> E_updated = 0.11040426621515484.
BoundaryCompression performed 3 sweeps.
Orthogonality column 1:
- C leg dimensions: [(1, 2, 4, 8), (8, 1, 4, 24), (24, 2, 4, 24), (24, 1, 4, 24), (24, 2, 4, 24), (24, 2, 4, 24), (24, 1, 4, 24), (24, 2, 4, 24), (24, 1, 4, 24), (24, 2, 4, 4), (4, 1, 4, 1)].
- Rh leg dimensions: [(1, 4, 4, 16), (16, 4, 4, 96), (96, 4, 4, 96), (96, 4, 4, 96), (96, 4, 4, 96), (96, 4, 4, 96), (96, 4, 4, 96), (96, 4, 4, 96), (96, 4, 4, 96), (96, 4, 4, 16), (16, 4, 4, 1)].
-> E = <Lh|CC*> + <ALhAL*|CC*|ARhAR*> + <CC*|Rh> = None + 0.284766035246342 + -0.11823144665847536 = 0.16653458858786663.
ColumnDMRG performed 3 sweeps.
- C_updated leg dimensions: [(1, 2, 4, 8), (8, 1, 4, 24), (24, 2, 4, 24), (24, 1, 4, 24), (24, 2, 4, 24), (24, 2, 4, 24), (24, 1, 4, 24), (24, 2, 4, 24), (24, 1, 4, 24), (24, 2, 4, 4), (4, 1, 4, 1)].
- largest Hermiticity error: 8.859141937144764e-08.
- maximal number of matvec operations: 51.
-> E_updated = 0.15317226767246048.
BoundaryCompression performed 3 sweeps.
Orthogonality column 0:
- C leg dimensions: [(1, 1, 4, 4), (4, 1, 4, 16), (16, 1, 4, 24), (24, 1, 4, 24), (24, 1, 4, 24), (24, 1, 4, 24), (24, 1, 4, 24), (24, 1, 4, 24), (24, 1, 4, 24), (24, 1, 4, 4), (4, 1, 4, 1)].
- Rh leg dimensions: [(1, 4, 4, 16), (16, 4, 4, 96), (96, 4, 4, 96), (96, 4, 4, 96), (96, 4, 4, 96), (96, 4, 4, 96), (96, 4, 4, 96), (96, 4, 4, 96), (96, 4, 4, 96), (96, 4, 4, 16), (16, 4, 4, 1)].
-> E = <Lh|CC*> + <ALhAL*|CC*|ARhAR*> + <CC*|Rh> = None + None + 0.2045450507024148 = 0.2045450507024148.
ColumnDMRG performed 3 sweeps.
- C_updated leg dimensions: [(1, 1, 4, 4), (4, 1, 4, 16), (16, 1, 4, 24), (24, 1, 4, 24), (24, 1, 4, 24), (24, 1, 4, 24), (24, 1, 4, 24), (24, 1, 4, 24), (24, 1, 4, 16), (16, 1, 4, 4), (4, 1, 4, 1)].
- largest Hermiticity error: 4.1646565670048205e-07.
- maximal number of matvec operations: 51.
-> E_updated = 0.1721299977879942.
DMRGSquared performed 1 sweeps.
=> <H> - E0 = 0.07346508375070471.

DMRGSquared sweep 2 ...
Orthogonality column 0:
- C leg dimensions: [(1, 1, 4, 4), (4, 1, 4, 16), (16, 1, 4, 24), (24, 1, 4, 24), (24, 1, 4, 24), (24, 1, 4, 24), (24, 1, 4, 24), (24, 1, 4, 24), (24, 1, 4, 16), (16, 1, 4, 4), (4, 1, 4, 1)].
- Rh leg dimensions: [(1, 4, 4, 16), (16, 4, 4, 96), (96, 4, 4, 96), (96, 4, 4, 96), (96, 4, 4, 96), (96, 4, 4, 96), (96, 4, 4, 96), (96, 4, 4, 96), (96, 4, 4, 96), (96, 4, 4, 16), (16, 4, 4, 1)].
-> E = <Lh|CC*> + <ALhAL*|CC*|ARhAR*> + <CC*|Rh> = None + None + 0.17212999778808138 = 0.17212999778808138.
ColumnDMRG performed 3 sweeps.
- C_updated leg dimensions: [(1, 1, 4, 4), (4, 1, 4, 16), (16, 1, 4, 24), (24, 1, 4, 24), (24, 1, 4, 24), (24, 1, 4, 24), (24, 1, 4, 24), (24, 1, 4, 24), (24, 1, 4, 16), (16, 1, 4, 4), (4, 1, 4, 1)].
- largest Hermiticity error: 5.096316262725017e-07.
- maximal number of matvec operations: 41.
-> E_updated = 0.17212999776170418.
Orthogonality column 1:
- C leg dimensions: [(1, 2, 4, 4), (4, 1, 4, 16), (16, 2, 4, 24), (24, 1, 4, 24), (24, 2, 4, 24), (24, 2, 4, 24), (24, 1, 4, 24), (24, 2, 4, 24), (24, 1, 4, 16), (16, 2, 4, 4), (4, 1, 4, 1)].
- Rh leg dimensions: [(1, 4, 4, 16), (16, 4, 4, 96), (96, 4, 4, 96), (96, 4, 4, 96), (96, 4, 4, 96), (96, 4, 4, 96), (96, 4, 4, 96), (96, 4, 4, 96), (96, 4, 4, 96), (96, 4, 4, 16), (16, 4, 4, 1)].
-> E = <Lh|CC*> + <ALhAL*|CC*|ARhAR*> + <CC*|Rh> = None + 0.28666725783077374 + -0.09791906709083603 = 0.1887481907399377.
ColumnDMRG performed 3 sweeps.
- C_updated leg dimensions: [(1, 2, 4, 8), (8, 1, 4, 24), (24, 2, 4, 24), (24, 1, 4, 24), (24, 2, 4, 24), (24, 2, 4, 24), (24, 1, 4, 24), (24, 2, 4, 24), (24, 1, 4, 24), (24, 2, 4, 4), (4, 1, 4, 1)].
- largest Hermiticity error: 7.080355515384537e-08.
- maximal number of matvec operations: 51.
-> E_updated = 0.153172267669531.
BoundaryCompression performed 3 sweeps.
Orthogonality column 2:
- C leg dimensions: [(1, 2, 4, 8), (8, 2, 4, 24), (24, 2, 4, 24), (24, 2, 4, 24), (24, 2, 4, 24), (24, 4, 4, 24), (24, 2, 4, 24), (24, 2, 4, 24), (24, 2, 4, 24), (24, 2, 4, 4), (4, 2, 4, 1)].
- Lh leg dimensions: [(1, 2, 2, 4), (4, 2, 2, 3), (3, 2, 2, 8), (8, 2, 2, 3), (3, 2, 2, 9), (9, 4, 4, 3), (3, 2, 2, 8), (8, 2, 2, 3), (3, 2, 2, 8), (8, 2, 2, 3), (3, 2, 2, 1)].
- Rh leg dimensions: [(1, 4, 4, 16), (16, 4, 4, 96), (96, 4, 4, 96), (96, 4, 4, 96), (96, 4, 4, 96), (96, 4, 4, 96), (96, 4, 4, 96), (96, 4, 4, 96), (96, 4, 4, 96), (96, 4, 4, 16), (16, 4, 4, 1)].
-> E = <Lh|CC*> + <ALhAL*|CC*|ARhAR*> + <CC*|Rh> = 0.28409984188854936 + -0.1280699940923998 + -0.02734808121679142 = 0.12868176657935815.
ColumnDMRG performed 3 sweeps.
- C_updated leg dimensions: [(1, 2, 4, 8), (8, 2, 4, 24), (24, 2, 4, 24), (24, 2, 4, 24), (24, 2, 4, 24), (24, 4, 4, 24), (24, 2, 4, 24), (24, 2, 4, 24), (24, 2, 4, 24), (24, 2, 4, 8), (8, 2, 4, 1)].
- largest Hermiticity error: 2.491562564263264e-07.
- maximal number of matvec operations: 61.
-> E_updated = 0.11031014897320851.
BoundaryCompression performed 3 sweeps.
Orthogonality column 3:
- C leg dimensions: [(1, 4, 4, 8), (8, 2, 4, 24), (24, 4, 4, 24), (24, 2, 4, 24), (24, 4, 4, 24), (24, 4, 4, 24), (24, 4, 4, 24), (24, 4, 4, 24), (24, 2, 4, 24), (24, 4, 4, 8), (8, 2, 4, 1)].
- Lh leg dimensions: [(1, 4, 4, 8), (8, 2, 2, 29), (29, 4, 4, 8), (8, 2, 2, 29), (29, 4, 4, 13), (13, 4, 4, 80), (80, 4, 4, 8), (8, 4, 4, 29), (29, 2, 2, 8), (8, 4, 4, 4), (4, 2, 2, 1)].
- Rh leg dimensions: [(1, 4, 4, 16), (16, 4, 4, 96), (96, 4, 4, 96), (96, 4, 4, 96), (96, 4, 4, 96), (96, 4, 4, 96), (96, 4, 4, 96), (96, 4, 4, 96), (96, 4, 4, 96), (96, 4, 4, 16), (16, 4, 4, 1)].
-> E = <Lh|CC*> + <ALhAL*|CC*|ARhAR*> + <CC*|Rh> = 0.1546288033122228 + -0.08162077446866184 + 0.01692772465225952 = 0.08993575349582049.
ColumnDMRG performed 3 sweeps.
- C_updated leg dimensions: [(1, 4, 4, 16), (16, 2, 4, 24), (24, 4, 4, 24), (24, 2, 4, 24), (24, 4, 4, 24), (24, 4, 4, 24), (24, 4, 4, 24), (24, 4, 4, 24), (24, 2, 4, 24), (24, 4, 4, 8), (8, 2, 4, 1)].
- largest Hermiticity error: 1.954012921852582e-07.
- maximal number of matvec operations: 61.
-> E_updated = 0.07123998320966371.
BoundaryCompression performed 3 sweeps.
Orthogonality column 4:
- C leg dimensions: [(1, 4, 4, 16), (16, 4, 4, 24), (24, 4, 4, 24), (24, 4, 4, 24), (24, 4, 4, 24), (24, 4, 4, 24), (24, 4, 4, 24), (24, 4, 4, 24), (24, 4, 4, 24), (24, 4, 4, 8), (8, 4, 4, 1)].
- Lh leg dimensions: [(1, 4, 4, 16), (16, 4, 4, 32), (32, 4, 4, 96), (96, 4, 4, 32), (32, 4, 4, 96), (96, 4, 4, 80), (80, 4, 4, 96), (96, 4, 4, 32), (32, 4, 4, 80), (80, 4, 4, 9), (9, 4, 4, 1)].
- Rh leg dimensions: [(1, 4, 4, 16), (16, 4, 4, 96), (96, 4, 4, 96), (96, 4, 4, 96), (96, 4, 4, 96), (96, 4, 4, 96), (96, 4, 4, 96), (96, 4, 4, 96), (96, 4, 4, 96), (96, 4, 4, 16), (16, 4, 4, 1)].
-> E = <Lh|CC*> + <ALhAL*|CC*|ARhAR*> + <CC*|Rh> = 0.06810745142668435 + -0.06742873806409831 + 0.07613057859290003 = 0.07680929195548607.
ColumnDMRG performed 3 sweeps.
- C_updated leg dimensions: [(1, 4, 4, 16), (16, 4, 4, 24), (24, 4, 4, 24), (24, 4, 4, 24), (24, 4, 4, 24), (24, 4, 4, 24), (24, 4, 4, 24), (24, 4, 4, 24), (24, 4, 4, 24), (24, 4, 4, 16), (16, 4, 4, 1)].
- largest Hermiticity error: 3.0161469246459454e-07.
- maximal number of matvec operations: 61.
-> E_updated = 0.0600974575021391.
BoundaryCompression performed 3 sweeps.
Orthogonality column 5:
- C leg dimensions: [(1, 4, 4, 16), (16, 4, 4, 24), (24, 4, 4, 24), (24, 4, 4, 24), (24, 4, 4, 24), (24, 4, 4, 24), (24, 4, 4, 24), (24, 4, 4, 24), (24, 4, 4, 24), (24, 4, 4, 16), (16, 4, 4, 1)].
- Lh leg dimensions: [(1, 4, 4, 16), (16, 4, 4, 96), (96, 4, 4, 96), (96, 4, 4, 96), (96, 4, 4, 96), (96, 4, 4, 96), (96, 4, 4, 96), (96, 4, 4, 96), (96, 4, 4, 96), (96, 4, 4, 16), (16, 4, 4, 1)].
- Rh leg dimensions: [(1, 4, 4, 16), (16, 4, 4, 96), (96, 4, 4, 96), (96, 4, 4, 96), (96, 4, 4, 96), (96, 4, 4, 96), (96, 4, 4, 96), (96, 4, 4, 96), (96, 4, 4, 96), (96, 4, 4, 16), (16, 4, 4, 1)].
-> E = <Lh|CC*> + <ALhAL*|CC*|ARhAR*> + <CC*|Rh> = -0.0005650121973164718 + -0.06668307671366823 + 0.1204078481961469 = 0.0531597592851622.
ColumnDMRG performed 3 sweeps.
- C_updated leg dimensions: [(1, 4, 4, 16), (16, 4, 4, 24), (24, 4, 4, 24), (24, 4, 4, 24), (24, 4, 4, 24), (24, 4, 4, 24), (24, 4, 4, 24), (24, 4, 4, 24), (24, 4, 4, 24), (24, 4, 4, 16), (16, 4, 4, 1)].
- largest Hermiticity error: 8.54190844341756e-07.
- maximal number of matvec operations: 61.
-> E_updated = 0.03883195975831769.
BoundaryCompression performed 3 sweeps.
Orthogonality column 6:
- C leg dimensions: [(1, 4, 4, 16), (16, 4, 4, 24), (24, 4, 4, 24), (24, 4, 4, 24), (24, 4, 4, 24), (24, 4, 4, 24), (24, 4, 4, 24), (24, 4, 4, 24), (24, 4, 4, 24), (24, 4, 4, 16), (16, 4, 4, 1)].
- Lh leg dimensions: [(1, 4, 4, 16), (16, 4, 4, 96), (96, 4, 4, 96), (96, 4, 4, 96), (96, 4, 4, 96), (96, 4, 4, 96), (96, 4, 4, 96), (96, 4, 4, 96), (96, 4, 4, 96), (96, 4, 4, 16), (16, 4, 4, 1)].
- Rh leg dimensions: [(1, 4, 4, 16), (16, 4, 4, 96), (96, 4, 4, 96), (96, 4, 4, 96), (96, 4, 4, 96), (96, 4, 4, 96), (96, 4, 4, 96), (96, 4, 4, 96), (96, 4, 4, 96), (96, 4, 4, 16), (16, 4, 4, 1)].
-> E = <Lh|CC*> + <ALhAL*|CC*|ARhAR*> + <CC*|Rh> = -0.06925510129173078 + -0.06319788640026112 + 0.16399550046995107 = 0.031542512777959164.
ColumnDMRG performed 3 sweeps.
- C_updated leg dimensions: [(1, 4, 4, 16), (16, 4, 4, 24), (24, 4, 4, 24), (24, 4, 4, 24), (24, 4, 4, 24), (24, 4, 4, 24), (24, 4, 4, 24), (24, 4, 4, 24), (24, 4, 4, 24), (24, 4, 4, 16), (16, 4, 4, 1)].
- largest Hermiticity error: 1.1867345815331302e-13.
- maximal number of matvec operations: 61.
-> E_updated = 0.020396155021499714.
BoundaryCompression performed 3 sweeps.
Orthogonality column 7:
- C leg dimensions: [(1, 4, 4, 16), (16, 4, 4, 24), (24, 4, 4, 24), (24, 4, 4, 24), (24, 4, 4, 24), (24, 4, 4, 24), (24, 4, 4, 24), (24, 4, 4, 24), (24, 4, 4, 24), (24, 4, 4, 16), (16, 4, 4, 1)].
- Lh leg dimensions: [(1, 4, 4, 16), (16, 4, 4, 96), (96, 4, 4, 96), (96, 4, 4, 96), (96, 4, 4, 96), (96, 4, 4, 96), (96, 4, 4, 96), (96, 4, 4, 96), (96, 4, 4, 96), (96, 4, 4, 16), (16, 4, 4, 1)].
- Rh leg dimensions: [(1, 4, 4, 16), (16, 4, 4, 96), (96, 4, 4, 96), (96, 4, 4, 96), (96, 4, 4, 96), (96, 4, 4, 96), (96, 4, 4, 96), (96, 4, 4, 96), (96, 4, 4, 96), (96, 4, 4, 16), (16, 4, 4, 1)].
-> E = <Lh|CC*> + <ALhAL*|CC*|ARhAR*> + <CC*|Rh> = -0.12277461505345667 + -0.05741432746809546 + 0.21005250812052326 = 0.02986356559897113.
ColumnDMRG performed 3 sweeps.
- C_updated leg dimensions: [(1, 4, 4, 16), (16, 4, 4, 24), (24, 4, 4, 24), (24, 4, 4, 24), (24, 4, 4, 24), (24, 4, 4, 24), (24, 4, 4, 24), (24, 4, 4, 24), (24, 4, 4, 24), (24, 4, 4, 16), (16, 4, 4, 1)].
- largest Hermiticity error: 1.3795238567903117e-11.
- maximal number of matvec operations: 61.
-> E_updated = 0.017387134424320848.
BoundaryCompression performed 3 sweeps.
Orthogonality column 8:
- C leg dimensions: [(1, 4, 4, 16), (16, 4, 4, 24), (24, 4, 4, 24), (24, 4, 4, 24), (24, 4, 4, 24), (24, 4, 4, 24), (24, 4, 4, 24), (24, 4, 4, 24), (24, 4, 4, 24), (24, 4, 4, 16), (16, 4, 4, 1)].
- Lh leg dimensions: [(1, 4, 4, 16), (16, 4, 4, 96), (96, 4, 4, 96), (96, 4, 4, 96), (96, 4, 4, 96), (96, 4, 4, 96), (96, 4, 4, 96), (96, 4, 4, 96), (96, 4, 4, 96), (96, 4, 4, 16), (16, 4, 4, 1)].
- Rh leg dimensions: [(1, 4, 4, 9), (9, 4, 4, 80), (80, 4, 4, 32), (32, 4, 4, 96), (96, 4, 4, 80), (80, 4, 4, 96), (96, 4, 4, 33), (33, 4, 4, 96), (96, 4, 4, 32), (32, 4, 4, 16), (16, 4, 4, 1)].
-> E = <Lh|CC*> + <ALhAL*|CC*|ARhAR*> + <CC*|Rh> = -0.17126548283449966 + -0.06182324244499375 + 0.2639950726807439 = 0.030906347401250478.
ColumnDMRG performed 3 sweeps.
- C_updated leg dimensions: [(1, 4, 4, 16), (16, 4, 4, 24), (24, 4, 4, 24), (24, 4, 4, 24), (24, 4, 4, 24), (24, 4, 4, 24), (24, 4, 4, 24), (24, 4, 4, 24), (24, 4, 4, 24), (24, 4, 4, 16), (16, 4, 4, 1)].
- largest Hermiticity error: 1.5164673973591323e-10.
- maximal number of matvec operations: 71.
-> E_updated = 0.02271313611924023.
BoundaryCompression performed 3 sweeps.
Orthogonality column 9:
- C leg dimensions: [(1, 4, 2, 16), (16, 4, 4, 24), (24, 4, 2, 24), (24, 4, 4, 24), (24, 4, 4, 24), (24, 4, 4, 24), (24, 4, 4, 24), (24, 4, 2, 24), (24, 4, 4, 24), (24, 4, 2, 16), (16, 4, 4, 1)].
- Lh leg dimensions: [(1, 4, 4, 16), (16, 4, 4, 96), (96, 4, 4, 96), (96, 4, 4, 96), (96, 4, 4, 96), (96, 4, 4, 96), (96, 4, 4, 96), (96, 4, 4, 96), (96, 4, 4, 96), (96, 4, 4, 16), (16, 4, 4, 1)].
- Rh leg dimensions: [(1, 2, 2, 4), (4, 4, 4, 8), (8, 2, 2, 29), (29, 4, 4, 8), (8, 4, 4, 80), (80, 4, 4, 13), (13, 4, 4, 29), (29, 2, 2, 8), (8, 4, 4, 29), (29, 2, 2, 8), (8, 4, 4, 1)].
-> E = <Lh|CC*> + <ALhAL*|CC*|ARhAR*> + <CC*|Rh> = -0.20588560478733972 + -0.06638473594247221 + 0.32896000163505623 = 0.0566896609052443.
ColumnDMRG performed 3 sweeps.
- C_updated leg dimensions: [(1, 4, 2, 8), (8, 4, 4, 24), (24, 4, 2, 24), (24, 4, 4, 24), (24, 4, 4, 24), (24, 4, 4, 24), (24, 4, 4, 24), (24, 4, 2, 24), (24, 4, 4, 24), (24, 4, 2, 16), (16, 4, 4, 1)].
- largest Hermiticity error: 3.4228426207190187e-09.
- maximal number of matvec operations: 71.
-> E_updated = 0.044779042910465916.
BoundaryCompression performed 3 sweeps.
Orthogonality column 10:
- C leg dimensions: [(1, 4, 2, 8), (8, 4, 2, 24), (24, 4, 2, 24), (24, 4, 2, 24), (24, 4, 2, 24), (24, 4, 4, 24), (24, 4, 2, 24), (24, 4, 2, 24), (24, 4, 2, 24), (24, 4, 2, 16), (16, 4, 2, 1)].
- Lh leg dimensions: [(1, 4, 4, 16), (16, 4, 4, 96), (96, 4, 4, 96), (96, 4, 4, 96), (96, 4, 4, 96), (96, 4, 4, 96), (96, 4, 4, 96), (96, 4, 4, 96), (96, 4, 4, 96), (96, 4, 4, 16), (16, 4, 4, 1)].
- Rh leg dimensions: [(1, 2, 2, 3), (3, 2, 2, 8), (8, 2, 2, 3), (3, 2, 2, 8), (8, 2, 2, 3), (3, 4, 4, 9), (9, 2, 2, 3), (3, 2, 2, 8), (8, 2, 2, 3), (3, 2, 2, 4), (4, 2, 2, 1)].
-> E = <Lh|CC*> + <ALhAL*|CC*|ARhAR*> + <CC*|Rh> = -0.25023290333324005 + -0.07267131483154664 + 0.40211520145674323 = 0.07921098329195653.
ColumnDMRG performed 3 sweeps.
- C_updated leg dimensions: [(1, 4, 2, 8), (8, 4, 2, 24), (24, 4, 2, 24), (24, 4, 2, 24), (24, 4, 2, 24), (24, 4, 4, 24), (24, 4, 2, 24), (24, 4, 2, 24), (24, 4, 2, 24), (24, 4, 2, 8), (8, 4, 2, 1)].
- largest Hermiticity error: 3.0412464726524272e-09.
- maximal number of matvec operations: 61.
-> E_updated = 0.06488527506038373.
BoundaryCompression performed 3 sweeps.
Orthogonality column 11:
- C leg dimensions: [(1, 4, 1, 8), (8, 4, 2, 24), (24, 4, 1, 24), (24, 4, 2, 24), (24, 4, 1, 24), (24, 4, 2, 24), (24, 4, 2, 24), (24, 4, 1, 24), (24, 4, 2, 24), (24, 4, 1, 8), (8, 4, 2, 1)].
- Lh leg dimensions: [(1, 4, 4, 16), (16, 4, 4, 96), (96, 4, 4, 96), (96, 4, 4, 96), (96, 4, 4, 96), (96, 4, 4, 96), (96, 4, 4, 96), (96, 4, 4, 96), (96, 4, 4, 96), (96, 4, 4, 16), (16, 4, 4, 1)].
-> E = <Lh|CC*> + <ALhAL*|CC*|ARhAR*> + <CC*|Rh> = -0.2781733341684611 + 0.402369272951261 + None = 0.12419593878279994.
ColumnDMRG performed 3 sweeps.
- C_updated leg dimensions: [(1, 4, 1, 4), (4, 4, 2, 24), (24, 4, 1, 24), (24, 4, 2, 24), (24, 4, 1, 24), (24, 4, 2, 24), (24, 4, 2, 24), (24, 4, 1, 24), (24, 4, 2, 24), (24, 4, 1, 8), (8, 4, 2, 1)].
- largest Hermiticity error: 1.8978750861682604e-07.
- maximal number of matvec operations: 51.
-> E_updated = 0.10657822641216588.
BoundaryCompression performed 3 sweeps.
Orthogonality column 12:
- C leg dimensions: [(1, 4, 1, 4), (4, 4, 1, 16), (16, 4, 1, 24), (24, 4, 1, 24), (24, 4, 1, 24), (24, 4, 1, 24), (24, 4, 1, 24), (24, 4, 1, 24), (24, 4, 1, 24), (24, 4, 1, 8), (8, 4, 1, 1)].
- Lh leg dimensions: [(1, 4, 4, 16), (16, 4, 4, 96), (96, 4, 4, 96), (96, 4, 4, 96), (96, 4, 4, 96), (96, 4, 4, 96), (96, 4, 4, 96), (96, 4, 4, 96), (96, 4, 4, 96), (96, 4, 4, 16), (16, 4, 4, 1)].
-> E = <Lh|CC*> + <ALhAL*|CC*|ARhAR*> + <CC*|Rh> = 0.14985565707311366 + None + None = 0.14985565707311366.
ColumnDMRG performed 3 sweeps.
- C_updated leg dimensions: [(1, 4, 1, 4), (4, 4, 1, 16), (16, 4, 1, 24), (24, 4, 1, 24), (24, 4, 1, 24), (24, 4, 1, 24), (24, 4, 1, 24), (24, 4, 1, 24), (24, 4, 1, 16), (16, 4, 1, 4), (4, 4, 1, 1)].
- largest Hermiticity error: 1.509253592081959e-07.
- maximal number of matvec operations: 51.
-> E_updated = 0.13227030350667537.
Orthogonality column 11:
- C leg dimensions: [(1, 4, 1, 4), (4, 4, 2, 16), (16, 4, 1, 24), (24, 4, 2, 24), (24, 4, 1, 24), (24, 4, 2, 24), (24, 4, 2, 24), (24, 4, 1, 24), (24, 4, 2, 16), (16, 4, 1, 4), (4, 4, 2, 1)].
- Lh leg dimensions: [(1, 4, 4, 16), (16, 4, 4, 96), (96, 4, 4, 96), (96, 4, 4, 96), (96, 4, 4, 96), (96, 4, 4, 96), (96, 4, 4, 96), (96, 4, 4, 96), (96, 4, 4, 96), (96, 4, 4, 16), (16, 4, 4, 1)].
-> E = <Lh|CC*> + <ALhAL*|CC*|ARhAR*> + <CC*|Rh> = -0.2788991282372837 + 0.40670905420461806 + None = 0.12780992596733437.
ColumnDMRG performed 3 sweeps.
- C_updated leg dimensions: [(1, 4, 1, 4), (4, 4, 2, 24), (24, 4, 1, 24), (24, 4, 2, 24), (24, 4, 1, 24), (24, 4, 2, 24), (24, 4, 2, 24), (24, 4, 1, 24), (24, 4, 2, 24), (24, 4, 1, 8), (8, 4, 2, 1)].
- largest Hermiticity error: 1.9267502055575615e-07.
- maximal number of matvec operations: 51.
-> E_updated = 0.1065782274651948.
BoundaryCompression performed 3 sweeps.
Orthogonality column 10:
- C leg dimensions: [(1, 4, 2, 4), (4, 4, 2, 24), (24, 4, 2, 24), (24, 4, 2, 24), (24, 4, 2, 24), (24, 4, 4, 24), (24, 4, 2, 24), (24, 4, 2, 24), (24, 4, 2, 24), (24, 4, 2, 8), (8, 4, 2, 1)].
- Lh leg dimensions: [(1, 4, 4, 16), (16, 4, 4, 96), (96, 4, 4, 96), (96, 4, 4, 96), (96, 4, 4, 96), (96, 4, 4, 96), (96, 4, 4, 96), (96, 4, 4, 96), (96, 4, 4, 96), (96, 4, 4, 16), (16, 4, 4, 1)].
- Rh leg dimensions: [(1, 2, 2, 3), (3, 2, 2, 8), (8, 2, 2, 3), (3, 2, 2, 8), (8, 2, 2, 3), (3, 4, 4, 9), (9, 2, 2, 3), (3, 2, 2, 8), (8, 2, 2, 3), (3, 2, 2, 4), (4, 2, 2, 1)].
-> E = <Lh|CC*> + <ALhAL*|CC*|ARhAR*> + <CC*|Rh> = -0.2455046259959604 + -0.06852548248327651 + 0.40140610448940905 = 0.08737599601017215.
ColumnDMRG performed 3 sweeps.
- C_updated leg dimensions: [(1, 4, 2, 8), (8, 4, 2, 24), (24, 4, 2, 24), (24, 4, 2, 24), (24, 4, 2, 24), (24, 4, 4, 24), (24, 4, 2, 24), (24, 4, 2, 24), (24, 4, 2, 24), (24, 4, 2, 8), (8, 4, 2, 1)].
- largest Hermiticity error: 2.419908355038527e-09.
- maximal number of matvec operations: 61.
-> E_updated = 0.0648752575170194.
BoundaryCompression performed 3 sweeps.
Orthogonality column 9:
- C leg dimensions: [(1, 4, 2, 8), (8, 4, 4, 24), (24, 4, 2, 24), (24, 4, 4, 24), (24, 4, 4, 24), (24, 4, 4, 24), (24, 4, 4, 24), (24, 4, 2, 24), (24, 4, 4, 24), (24, 4, 2, 8), (8, 4, 4, 1)].
- Lh leg dimensions: [(1, 4, 4, 16), (16, 4, 4, 96), (96, 4, 4, 96), (96, 4, 4, 96), (96, 4, 4, 96), (96, 4, 4, 96), (96, 4, 4, 96), (96, 4, 4, 96), (96, 4, 4, 96), (96, 4, 4, 16), (16, 4, 4, 1)].
- Rh leg dimensions: [(1, 2, 2, 4), (4, 4, 4, 8), (8, 2, 2, 29), (29, 4, 4, 8), (8, 4, 4, 80), (80, 4, 4, 13), (13, 4, 4, 29), (29, 2, 2, 8), (8, 4, 4, 29), (29, 2, 2, 8), (8, 4, 4, 1)].
-> E = <Lh|CC*> + <ALhAL*|CC*|ARhAR*> + <CC*|Rh> = -0.20227302893275387 + -0.06324304270999581 + 0.32946743730105243 = 0.06395136565830273.
ColumnDMRG performed 3 sweeps.
- C_updated leg dimensions: [(1, 4, 2, 8), (8, 4, 4, 24), (24, 4, 2, 24), (24, 4, 4, 24), (24, 4, 4, 24), (24, 4, 4, 24), (24, 4, 4, 24), (24, 4, 2, 24), (24, 4, 4, 24), (24, 4, 2, 16), (16, 4, 4, 1)].
- largest Hermiticity error: 3.8064469483073714e-09.
- maximal number of matvec operations: 61.
-> E_updated = 0.04471086850298027.
BoundaryCompression performed 3 sweeps.
Orthogonality column 8:
- C leg dimensions: [(1, 4, 4, 8), (8, 4, 4, 24), (24, 4, 4, 24), (24, 4, 4, 24), (24, 4, 4, 24), (24, 4, 4, 24), (24, 4, 4, 24), (24, 4, 4, 24), (24, 4, 4, 24), (24, 4, 4, 16), (16, 4, 4, 1)].
- Lh leg dimensions: [(1, 4, 4, 16), (16, 4, 4, 96), (96, 4, 4, 96), (96, 4, 4, 96), (96, 4, 4, 96), (96, 4, 4, 96), (96, 4, 4, 96), (96, 4, 4, 96), (96, 4, 4, 96), (96, 4, 4, 16), (16, 4, 4, 1)].
- Rh leg dimensions: [(1, 4, 4, 9), (9, 4, 4, 80), (80, 4, 4, 32), (32, 4, 4, 96), (96, 4, 4, 80), (80, 4, 4, 96), (96, 4, 4, 32), (32, 4, 4, 96), (96, 4, 4, 32), (32, 4, 4, 16), (16, 4, 4, 1)].
-> E = <Lh|CC*> + <ALhAL*|CC*|ARhAR*> + <CC*|Rh> = -0.1623885068484728 + -0.061957480543450405 + 0.26257028306761393 = 0.03822429567569072.
ColumnDMRG performed 3 sweeps.
- C_updated leg dimensions: [(1, 4, 4, 16), (16, 4, 4, 24), (24, 4, 4, 24), (24, 4, 4, 24), (24, 4, 4, 24), (24, 4, 4, 24), (24, 4, 4, 24), (24, 4, 4, 24), (24, 4, 4, 24), (24, 4, 4, 16), (16, 4, 4, 1)].
- largest Hermiticity error: 1.5081304418117064e-10.
- maximal number of matvec operations: 71.
-> E_updated = 0.022343471296713945.
BoundaryCompression performed 3 sweeps.
Orthogonality column 7:
- C leg dimensions: [(1, 4, 4, 16), (16, 4, 4, 24), (24, 4, 4, 24), (24, 4, 4, 24), (24, 4, 4, 24), (24, 4, 4, 24), (24, 4, 4, 24), (24, 4, 4, 24), (24, 4, 4, 24), (24, 4, 4, 16), (16, 4, 4, 1)].
- Lh leg dimensions: [(1, 4, 4, 16), (16, 4, 4, 96), (96, 4, 4, 96), (96, 4, 4, 96), (96, 4, 4, 96), (96, 4, 4, 96), (96, 4, 4, 96), (96, 4, 4, 96), (96, 4, 4, 96), (96, 4, 4, 16), (16, 4, 4, 1)].
- Rh leg dimensions: [(1, 4, 4, 16), (16, 4, 4, 96), (96, 4, 4, 96), (96, 4, 4, 96), (96, 4, 4, 96), (96, 4, 4, 96), (96, 4, 4, 96), (96, 4, 4, 96), (96, 4, 4, 96), (96, 4, 4, 16), (16, 4, 4, 1)].
-> E = <Lh|CC*> + <ALhAL*|CC*|ARhAR*> + <CC*|Rh> = -0.1186082317798735 + -0.06082234448969972 + 0.20002797735597527 = 0.020597401086402067.
ColumnDMRG performed 3 sweeps.
- C_updated leg dimensions: [(1, 4, 4, 16), (16, 4, 4, 24), (24, 4, 4, 24), (24, 4, 4, 24), (24, 4, 4, 24), (24, 4, 4, 24), (24, 4, 4, 24), (24, 4, 4, 24), (24, 4, 4, 24), (24, 4, 4, 16), (16, 4, 4, 1)].
- largest Hermiticity error: 1.9036810234407948e-11.
- maximal number of matvec operations: 71.
-> E_updated = 0.01206570343651003.
BoundaryCompression performed 3 sweeps.
Orthogonality column 6:
- C leg dimensions: [(1, 4, 4, 16), (16, 4, 4, 24), (24, 4, 4, 24), (24, 4, 4, 24), (24, 4, 4, 24), (24, 4, 4, 24), (24, 4, 4, 24), (24, 4, 4, 24), (24, 4, 4, 24), (24, 4, 4, 16), (16, 4, 4, 1)].
- Lh leg dimensions: [(1, 4, 4, 16), (16, 4, 4, 96), (96, 4, 4, 96), (96, 4, 4, 96), (96, 4, 4, 96), (96, 4, 4, 96), (96, 4, 4, 96), (96, 4, 4, 96), (96, 4, 4, 96), (96, 4, 4, 16), (16, 4, 4, 1)].
- Rh leg dimensions: [(1, 4, 4, 16), (16, 4, 4, 96), (96, 4, 4, 96), (96, 4, 4, 96), (96, 4, 4, 96), (96, 4, 4, 96), (96, 4, 4, 96), (96, 4, 4, 96), (96, 4, 4, 96), (96, 4, 4, 16), (16, 4, 4, 1)].
-> E = <Lh|CC*> + <ALhAL*|CC*|ARhAR*> + <CC*|Rh> = -0.06362686896927824 + -0.06471654065576701 + 0.13974228944028447 = 0.01139887981523921.
ColumnDMRG performed 3 sweeps.
- C_updated leg dimensions: [(1, 4, 4, 16), (16, 4, 4, 24), (24, 4, 4, 24), (24, 4, 4, 24), (24, 4, 4, 24), (24, 4, 4, 24), (24, 4, 4, 24), (24, 4, 4, 24), (24, 4, 4, 24), (24, 4, 4, 16), (16, 4, 4, 1)].
- largest Hermiticity error: 6.410264260574886e-11.
- maximal number of matvec operations: 71.
-> E_updated = 0.004361495069664222.
BoundaryCompression performed 3 sweeps.
Orthogonality column 5:
- C leg dimensions: [(1, 4, 4, 16), (16, 4, 4, 24), (24, 4, 4, 24), (24, 4, 4, 24), (24, 4, 4, 24), (24, 4, 4, 24), (24, 4, 4, 24), (24, 4, 4, 24), (24, 4, 4, 24), (24, 4, 4, 16), (16, 4, 4, 1)].
- Lh leg dimensions: [(1, 4, 4, 16), (16, 4, 4, 96), (96, 4, 4, 96), (96, 4, 4, 96), (96, 4, 4, 96), (96, 4, 4, 96), (96, 4, 4, 96), (96, 4, 4, 96), (96, 4, 4, 96), (96, 4, 4, 16), (16, 4, 4, 1)].
- Rh leg dimensions: [(1, 4, 4, 16), (16, 4, 4, 96), (96, 4, 4, 96), (96, 4, 4, 96), (96, 4, 4, 96), (96, 4, 4, 96), (96, 4, 4, 96), (96, 4, 4, 96), (96, 4, 4, 96), (96, 4, 4, 16), (16, 4, 4, 1)].
-> E = <Lh|CC*> + <ALhAL*|CC*|ARhAR*> + <CC*|Rh> = -7.19588133161886e-05 + -0.06659395404212858 + 0.07642679547166775 = 0.009760882616222988.
ColumnDMRG performed 3 sweeps.
- C_updated leg dimensions: [(1, 4, 4, 16), (16, 4, 4, 24), (24, 4, 4, 24), (24, 4, 4, 24), (24, 4, 4, 24), (24, 4, 4, 24), (24, 4, 4, 24), (24, 4, 4, 24), (24, 4, 4, 24), (24, 4, 4, 16), (16, 4, 4, 1)].
- largest Hermiticity error: 3.2180222891657447e-06.
- maximal number of matvec operations: 71.
-> E_updated = 0.00533890481108286.
BoundaryCompression performed 3 sweeps.
Orthogonality column 4:
- C leg dimensions: [(1, 4, 4, 16), (16, 4, 4, 24), (24, 4, 4, 24), (24, 4, 4, 24), (24, 4, 4, 24), (24, 4, 4, 24), (24, 4, 4, 24), (24, 4, 4, 24), (24, 4, 4, 24), (24, 4, 4, 16), (16, 4, 4, 1)].
- Lh leg dimensions: [(1, 4, 4, 16), (16, 4, 4, 32), (32, 4, 4, 96), (96, 4, 4, 32), (32, 4, 4, 96), (96, 4, 4, 80), (80, 4, 4, 96), (96, 4, 4, 32), (32, 4, 4, 80), (80, 4, 4, 9), (9, 4, 4, 1)].
- Rh leg dimensions: [(1, 4, 4, 16), (16, 4, 4, 96), (96, 4, 4, 96), (96, 4, 4, 96), (96, 4, 4, 96), (96, 4, 4, 96), (96, 4, 4, 96), (96, 4, 4, 96), (96, 4, 4, 96), (96, 4, 4, 16), (16, 4, 4, 1)].
-> E = <Lh|CC*> + <ALhAL*|CC*|ARhAR*> + <CC*|Rh> = 0.06970612056247184 + -0.07185722231192751 + 0.01153429667340839 = 0.009383194923952723.
ColumnDMRG performed 3 sweeps.
- C_updated leg dimensions: [(1, 4, 4, 16), (16, 4, 4, 24), (24, 4, 4, 24), (24, 4, 4, 24), (24, 4, 4, 24), (24, 4, 4, 24), (24, 4, 4, 24), (24, 4, 4, 24), (24, 4, 4, 24), (24, 4, 4, 16), (16, 4, 4, 1)].
- largest Hermiticity error: 1.2435776346692825e-06.
- maximal number of matvec operations: 91.
-> E_updated = -0.0009379181178344498.
BoundaryCompression performed 3 sweeps.
Orthogonality column 3:
- C leg dimensions: [(1, 4, 4, 16), (16, 2, 4, 24), (24, 4, 4, 24), (24, 2, 4, 24), (24, 4, 4, 24), (24, 4, 4, 24), (24, 4, 4, 24), (24, 4, 4, 24), (24, 2, 4, 24), (24, 4, 4, 8), (8, 2, 4, 1)].
- Lh leg dimensions: [(1, 4, 4, 8), (8, 2, 2, 29), (29, 4, 4, 8), (8, 2, 2, 29), (29, 4, 4, 13), (13, 4, 4, 80), (80, 4, 4, 8), (8, 4, 4, 29), (29, 2, 2, 8), (8, 4, 4, 4), (4, 2, 2, 1)].
- Rh leg dimensions: [(1, 4, 4, 16), (16, 4, 4, 96), (96, 4, 4, 96), (96, 4, 4, 96), (96, 4, 4, 96), (96, 4, 4, 96), (96, 4, 4, 96), (96, 4, 4, 96), (96, 4, 4, 96), (96, 4, 4, 16), (16, 4, 4, 1)].
-> E = <Lh|CC*> + <ALhAL*|CC*|ARhAR*> + <CC*|Rh> = 0.15511482760681403 + -0.0860261135070241 + -0.03407615689588932 = 0.035012557203900604.
ColumnDMRG performed 3 sweeps.
- C_updated leg dimensions: [(1, 4, 4, 16), (16, 2, 4, 24), (24, 4, 4, 24), (24, 2, 4, 24), (24, 4, 4, 24), (24, 4, 4, 24), (24, 4, 4, 24), (24, 4, 4, 24), (24, 2, 4, 24), (24, 4, 4, 8), (8, 2, 4, 1)].
- largest Hermiticity error: 1.1228696454801019e-06.
- maximal number of matvec operations: 71.
-> E_updated = 0.02201974068515485.
BoundaryCompression performed 3 sweeps.
Orthogonality column 2:
- C leg dimensions: [(1, 2, 4, 8), (8, 2, 4, 24), (24, 2, 4, 24), (24, 2, 4, 24), (24, 2, 4, 24), (24, 4, 4, 24), (24, 2, 4, 24), (24, 2, 4, 24), (24, 2, 4, 24), (24, 2, 4, 8), (8, 2, 4, 1)].
- Lh leg dimensions: [(1, 2, 2, 4), (4, 2, 2, 3), (3, 2, 2, 8), (8, 2, 2, 3), (3, 2, 2, 9), (9, 4, 4, 3), (3, 2, 2, 8), (8, 2, 2, 3), (3, 2, 2, 8), (8, 2, 2, 3), (3, 2, 2, 1)].
- Rh leg dimensions: [(1, 4, 4, 16), (16, 4, 4, 96), (96, 4, 4, 96), (96, 4, 4, 96), (96, 4, 4, 96), (96, 4, 4, 96), (96, 4, 4, 96), (96, 4, 4, 96), (96, 4, 4, 96), (96, 4, 4, 16), (16, 4, 4, 1)].
-> E = <Lh|CC*> + <ALhAL*|CC*|ARhAR*> + <CC*|Rh> = 0.28425643931934097 + -0.12843211902716106 + -0.07547712995666012 = 0.08034719033551979.
ColumnDMRG performed 3 sweeps.
- C_updated leg dimensions: [(1, 2, 4, 8), (8, 2, 4, 24), (24, 2, 4, 24), (24, 2, 4, 24), (24, 2, 4, 24), (24, 4, 4, 24), (24, 2, 4, 24), (24, 2, 4, 24), (24, 2, 4, 24), (24, 2, 4, 8), (8, 2, 4, 1)].
- largest Hermiticity error: 9.634707779788715e-07.
- maximal number of matvec operations: 61.
-> E_updated = 0.0641203642025021.
BoundaryCompression performed 3 sweeps.
Orthogonality column 1:
- C leg dimensions: [(1, 2, 4, 8), (8, 1, 4, 24), (24, 2, 4, 24), (24, 1, 4, 24), (24, 2, 4, 24), (24, 2, 4, 24), (24, 1, 4, 24), (24, 2, 4, 24), (24, 1, 4, 24), (24, 2, 4, 4), (4, 1, 4, 1)].
- Rh leg dimensions: [(1, 4, 4, 16), (16, 4, 4, 96), (96, 4, 4, 96), (96, 4, 4, 96), (96, 4, 4, 96), (96, 4, 4, 96), (96, 4, 4, 96), (96, 4, 4, 96), (96, 4, 4, 96), (96, 4, 4, 16), (16, 4, 4, 1)].
-> E = <Lh|CC*> + <ALhAL*|CC*|ARhAR*> + <CC*|Rh> = None + 0.2849514497999635 + -0.1915314253334394 = 0.09342002446652412.
ColumnDMRG performed 3 sweeps.
- C_updated leg dimensions: [(1, 2, 4, 8), (8, 1, 4, 24), (24, 2, 4, 24), (24, 1, 4, 24), (24, 2, 4, 24), (24, 2, 4, 24), (24, 1, 4, 24), (24, 2, 4, 24), (24, 1, 4, 24), (24, 2, 4, 4), (4, 1, 4, 1)].
- largest Hermiticity error: 1.4087271794869285e-06.
- maximal number of matvec operations: 61.
-> E_updated = 0.07625087584387043.
BoundaryCompression performed 3 sweeps.
Orthogonality column 0:
- C leg dimensions: [(1, 1, 4, 4), (4, 1, 4, 16), (16, 1, 4, 24), (24, 1, 4, 24), (24, 1, 4, 24), (24, 1, 4, 24), (24, 1, 4, 24), (24, 1, 4, 24), (24, 1, 4, 24), (24, 1, 4, 4), (4, 1, 4, 1)].
- Rh leg dimensions: [(1, 4, 4, 16), (16, 4, 4, 96), (96, 4, 4, 96), (96, 4, 4, 96), (96, 4, 4, 96), (96, 4, 4, 96), (96, 4, 4, 96), (96, 4, 4, 96), (96, 4, 4, 96), (96, 4, 4, 16), (16, 4, 4, 1)].
-> E = <Lh|CC*> + <ALhAL*|CC*|ARhAR*> + <CC*|Rh> = None + None + 0.07054409650394813 = 0.07054409650394813.
ColumnDMRG performed 3 sweeps.
- C_updated leg dimensions: [(1, 1, 4, 4), (4, 1, 4, 16), (16, 1, 4, 24), (24, 1, 4, 24), (24, 1, 4, 24), (24, 1, 4, 24), (24, 1, 4, 24), (24, 1, 4, 24), (24, 1, 4, 16), (16, 1, 4, 4), (4, 1, 4, 1)].
- largest Hermiticity error: 1.4067470045859406e-06.
- maximal number of matvec operations: 51.
-> E_updated = 0.04603339091945918.
DMRGSquared performed 1 sweeps.
=> <H> - E0 = 0.052911559906078764.

DMRGSquared sweep 3 ...
Orthogonality column 0:
- C leg dimensions: [(1, 1, 4, 4), (4, 1, 4, 16), (16, 1, 4, 24), (24, 1, 4, 24), (24, 1, 4, 24), (24, 1, 4, 24), (24, 1, 4, 24), (24, 1, 4, 24), (24, 1, 4, 16), (16, 1, 4, 4), (4, 1, 4, 1)].
- Rh leg dimensions: [(1, 4, 4, 16), (16, 4, 4, 96), (96, 4, 4, 96), (96, 4, 4, 96), (96, 4, 4, 96), (96, 4, 4, 96), (96, 4, 4, 96), (96, 4, 4, 96), (96, 4, 4, 96), (96, 4, 4, 16), (16, 4, 4, 1)].
-> E = <Lh|CC*> + <ALhAL*|CC*|ARhAR*> + <CC*|Rh> = None + None + 0.04603339091944683 = 0.04603339091944683.
ColumnDMRG performed 3 sweeps.
- C_updated leg dimensions: [(1, 1, 4, 4), (4, 1, 4, 16), (16, 1, 4, 24), (24, 1, 4, 24), (24, 1, 4, 24), (24, 1, 4, 24), (24, 1, 4, 24), (24, 1, 4, 24), (24, 1, 4, 16), (16, 1, 4, 4), (4, 1, 4, 1)].
- largest Hermiticity error: 1.7695498167964986e-06.
- maximal number of matvec operations: 51.
-> E_updated = 0.04603339098439513.
Orthogonality column 1:
- C leg dimensions: [(1, 2, 4, 4), (4, 1, 4, 16), (16, 2, 4, 24), (24, 1, 4, 24), (24, 2, 4, 24), (24, 2, 4, 24), (24, 1, 4, 24), (24, 2, 4, 24), (24, 1, 4, 16), (16, 2, 4, 4), (4, 1, 4, 1)].
- Rh leg dimensions: [(1, 4, 4, 16), (16, 4, 4, 96), (96, 4, 4, 96), (96, 4, 4, 96), (96, 4, 4, 96), (96, 4, 4, 96), (96, 4, 4, 96), (96, 4, 4, 96), (96, 4, 4, 96), (96, 4, 4, 16), (16, 4, 4, 1)].
-> E = <Lh|CC*> + <ALhAL*|CC*|ARhAR*> + <CC*|Rh> = None + 0.2889555964236415 + -0.18520390703480274 = 0.10375168938883875.
ColumnDMRG performed 3 sweeps.
- C_updated leg dimensions: [(1, 2, 4, 8), (8, 1, 4, 24), (24, 2, 4, 24), (24, 1, 4, 24), (24, 2, 4, 24), (24, 2, 4, 24), (24, 1, 4, 24), (24, 2, 4, 24), (24, 1, 4, 24), (24, 2, 4, 4), (4, 1, 4, 1)].
- largest Hermiticity error: 8.897765042130396e-07.
- maximal number of matvec operations: 61.
-> E_updated = 0.07625087580928851.
BoundaryCompression performed 3 sweeps.
Orthogonality column 2:
- C leg dimensions: [(1, 2, 4, 8), (8, 2, 4, 24), (24, 2, 4, 24), (24, 2, 4, 24), (24, 2, 4, 24), (24, 4, 4, 24), (24, 2, 4, 24), (24, 2, 4, 24), (24, 2, 4, 24), (24, 2, 4, 4), (4, 2, 4, 1)].
- Lh leg dimensions: [(1, 2, 2, 4), (4, 2, 2, 3), (3, 2, 2, 8), (8, 2, 2, 3), (3, 2, 2, 9), (9, 4, 4, 3), (3, 2, 2, 8), (8, 2, 2, 3), (3, 2, 2, 8), (8, 2, 2, 3), (3, 2, 2, 1)].
- Rh leg dimensions: [(1, 4, 4, 16), (16, 4, 4, 96), (96, 4, 4, 96), (96, 4, 4, 96), (96, 4, 4, 96), (96, 4, 4, 96), (96, 4, 4, 96), (96, 4, 4, 96), (96, 4, 4, 96), (96, 4, 4, 16), (16, 4, 4, 1)].
-> E = <Lh|CC*> + <ALhAL*|CC*|ARhAR*> + <CC*|Rh> = 0.28454423182214234 + -0.12524545407097626 + -0.0727051968506752 = 0.08659358090049088.
ColumnDMRG performed 3 sweeps.
- C_updated leg dimensions: [(1, 2, 4, 8), (8, 2, 4, 24), (24, 2, 4, 24), (24, 2, 4, 24), (24, 2, 4, 24), (24, 4, 4, 24), (24, 2, 4, 24), (24, 2, 4, 24), (24, 2, 4, 24), (24, 2, 4, 8), (8, 2, 4, 1)].
- largest Hermiticity error: 1.1754337877472422e-06.
- maximal number of matvec operations: 61.
-> E_updated = 0.06411995571030607.
BoundaryCompression performed 3 sweeps.
Orthogonality column 3:
- C leg dimensions: [(1, 4, 4, 8), (8, 2, 4, 24), (24, 4, 4, 24), (24, 2, 4, 24), (24, 4, 4, 24), (24, 4, 4, 24), (24, 4, 4, 24), (24, 4, 4, 24), (24, 2, 4, 24), (24, 4, 4, 8), (8, 2, 4, 1)].
- Lh leg dimensions: [(1, 4, 4, 8), (8, 2, 2, 29), (29, 4, 4, 8), (8, 2, 2, 29), (29, 4, 4, 13), (13, 4, 4, 80), (80, 4, 4, 8), (8, 4, 4, 29), (29, 2, 2, 8), (8, 4, 4, 4), (4, 2, 2, 1)].
- Rh leg dimensions: [(1, 4, 4, 16), (16, 4, 4, 96), (96, 4, 4, 96), (96, 4, 4, 96), (96, 4, 4, 96), (96, 4, 4, 96), (96, 4, 4, 96), (96, 4, 4, 96), (96, 4, 4, 96), (96, 4, 4, 16), (16, 4, 4, 1)].
-> E = <Lh|CC*> + <ALhAL*|CC*|ARhAR*> + <CC*|Rh> = 0.15478087338114374 + -0.08598233623270335 + -0.025844033158956232 = 0.04295450398948416.
ColumnDMRG performed 3 sweeps.
- C_updated leg dimensions: [(1, 4, 4, 16), (16, 2, 4, 24), (24, 4, 4, 24), (24, 2, 4, 24), (24, 4, 4, 24), (24, 4, 4, 24), (24, 4, 4, 24), (24, 4, 4, 24), (24, 2, 4, 24), (24, 4, 4, 8), (8, 2, 4, 1)].
- largest Hermiticity error: 8.874769950278946e-07.
- maximal number of matvec operations: 71.
-> E_updated = 0.021988075441832473.
BoundaryCompression performed 3 sweeps.
Orthogonality column 4:
- C leg dimensions: [(1, 4, 4, 16), (16, 4, 4, 24), (24, 4, 4, 24), (24, 4, 4, 24), (24, 4, 4, 24), (24, 4, 4, 24), (24, 4, 4, 24), (24, 4, 4, 24), (24, 4, 4, 24), (24, 4, 4, 8), (8, 4, 4, 1)].
- Lh leg dimensions: [(1, 4, 4, 16), (16, 4, 4, 32), (32, 4, 4, 96), (96, 4, 4, 33), (33, 4, 4, 96), (96, 4, 4, 80), (80, 4, 4, 96), (96, 4, 4, 33), (33, 4, 4, 80), (80, 4, 4, 9), (9, 4, 4, 1)].
- Rh leg dimensions: [(1, 4, 4, 16), (16, 4, 4, 96), (96, 4, 4, 96), (96, 4, 4, 96), (96, 4, 4, 96), (96, 4, 4, 96), (96, 4, 4, 96), (96, 4, 4, 96), (96, 4, 4, 96), (96, 4, 4, 16), (16, 4, 4, 1)].
-> E = <Lh|CC*> + <ALhAL*|CC*|ARhAR*> + <CC*|Rh> = 0.06723635956674244 + -0.06611596328299982 + 0.014519220195666444 = 0.015639616479409067.
ColumnDMRG performed 3 sweeps.
- C_updated leg dimensions: [(1, 4, 4, 16), (16, 4, 4, 24), (24, 4, 4, 24), (24, 4, 4, 24), (24, 4, 4, 24), (24, 4, 4, 24), (24, 4, 4, 24), (24, 4, 4, 24), (24, 4, 4, 24), (24, 4, 4, 16), (16, 4, 4, 1)].
- largest Hermiticity error: 1.5788378161021509e-06.
- maximal number of matvec operations: 91.
-> E_updated = -0.0010681111370582307.
BoundaryCompression performed 3 sweeps.
Orthogonality column 5:
- C leg dimensions: [(1, 4, 4, 16), (16, 4, 4, 24), (24, 4, 4, 24), (24, 4, 4, 24), (24, 4, 4, 24), (24, 4, 4, 24), (24, 4, 4, 24), (24, 4, 4, 24), (24, 4, 4, 24), (24, 4, 4, 16), (16, 4, 4, 1)].
- Lh leg dimensions: [(1, 4, 4, 16), (16, 4, 4, 96), (96, 4, 4, 96), (96, 4, 4, 96), (96, 4, 4, 96), (96, 4, 4, 96), (96, 4, 4, 96), (96, 4, 4, 96), (96, 4, 4, 96), (96, 4, 4, 16), (16, 4, 4, 1)].
- Rh leg dimensions: [(1, 4, 4, 16), (16, 4, 4, 96), (96, 4, 4, 96), (96, 4, 4, 96), (96, 4, 4, 96), (96, 4, 4, 96), (96, 4, 4, 96), (96, 4, 4, 96), (96, 4, 4, 96), (96, 4, 4, 16), (16, 4, 4, 1)].
-> E = <Lh|CC*> + <ALhAL*|CC*|ARhAR*> + <CC*|Rh> = 0.0009866643302797226 + -0.06823940043814948 + 0.0853143008966 = 0.018061564788730236.
ColumnDMRG performed 3 sweeps.
- C_updated leg dimensions: [(1, 4, 4, 16), (16, 4, 4, 24), (24, 4, 4, 24), (24, 4, 4, 24), (24, 4, 4, 24), (24, 4, 4, 24), (24, 4, 4, 24), (24, 4, 4, 24), (24, 4, 4, 24), (24, 4, 4, 16), (16, 4, 4, 1)].
- largest Hermiticity error: 3.193708543900268e-06.
- maximal number of matvec operations: 71.
-> E_updated = 0.006268939748706829.
BoundaryCompression performed 3 sweeps.
Orthogonality column 6:
- C leg dimensions: [(1, 4, 4, 16), (16, 4, 4, 24), (24, 4, 4, 24), (24, 4, 4, 24), (24, 4, 4, 24), (24, 4, 4, 24), (24, 4, 4, 24), (24, 4, 4, 24), (24, 4, 4, 24), (24, 4, 4, 16), (16, 4, 4, 1)].
- Lh leg dimensions: [(1, 4, 4, 16), (16, 4, 4, 96), (96, 4, 4, 96), (96, 4, 4, 96), (96, 4, 4, 96), (96, 4, 4, 96), (96, 4, 4, 96), (96, 4, 4, 96), (96, 4, 4, 96), (96, 4, 4, 16), (16, 4, 4, 1)].
- Rh leg dimensions: [(1, 4, 4, 16), (16, 4, 4, 96), (96, 4, 4, 96), (96, 4, 4, 96), (96, 4, 4, 96), (96, 4, 4, 96), (96, 4, 4, 96), (96, 4, 4, 96), (96, 4, 4, 96), (96, 4, 4, 16), (16, 4, 4, 1)].
-> E = <Lh|CC*> + <ALhAL*|CC*|ARhAR*> + <CC*|Rh> = -0.06359317949167008 + -0.06345852161308578 + 0.14271112008992523 = 0.01565941898516937.
ColumnDMRG performed 3 sweeps.
- C_updated leg dimensions: [(1, 4, 4, 16), (16, 4, 4, 24), (24, 4, 4, 24), (24, 4, 4, 24), (24, 4, 4, 24), (24, 4, 4, 24), (24, 4, 4, 24), (24, 4, 4, 24), (24, 4, 4, 24), (24, 4, 4, 16), (16, 4, 4, 1)].
- largest Hermiticity error: 4.349608215919134e-11.
- maximal number of matvec operations: 71.
-> E_updated = 0.010485065817728055.
BoundaryCompression performed 3 sweeps.
Orthogonality column 7:
- C leg dimensions: [(1, 4, 4, 16), (16, 4, 4, 24), (24, 4, 4, 24), (24, 4, 4, 24), (24, 4, 4, 24), (24, 4, 4, 24), (24, 4, 4, 24), (24, 4, 4, 24), (24, 4, 4, 24), (24, 4, 4, 16), (16, 4, 4, 1)].
- Lh leg dimensions: [(1, 4, 4, 16), (16, 4, 4, 96), (96, 4, 4, 96), (96, 4, 4, 96), (96, 4, 4, 96), (96, 4, 4, 96), (96, 4, 4, 96), (96, 4, 4, 96), (96, 4, 4, 96), (96, 4, 4, 16), (16, 4, 4, 1)].
- Rh leg dimensions: [(1, 4, 4, 16), (16, 4, 4, 96), (96, 4, 4, 96), (96, 4, 4, 96), (96, 4, 4, 96), (96, 4, 4, 96), (96, 4, 4, 96), (96, 4, 4, 96), (96, 4, 4, 96), (96, 4, 4, 16), (16, 4, 4, 1)].
-> E = <Lh|CC*> + <ALhAL*|CC*|ARhAR*> + <CC*|Rh> = -0.11815905192903008 + -0.060071086246028034 + 0.2003263656330239 = 0.022096227457965772.
ColumnDMRG performed 3 sweeps.
- C_updated leg dimensions: [(1, 4, 4, 16), (16, 4, 4, 24), (24, 4, 4, 24), (24, 4, 4, 24), (24, 4, 4, 24), (24, 4, 4, 24), (24, 4, 4, 24), (24, 4, 4, 24), (24, 4, 4, 24), (24, 4, 4, 16), (16, 4, 4, 1)].
- largest Hermiticity error: 5.99117566633752e-12.
- maximal number of matvec operations: 71.
-> E_updated = 0.018093796341912407.
BoundaryCompression performed 3 sweeps.
Orthogonality column 8:
- C leg dimensions: [(1, 4, 4, 16), (16, 4, 4, 24), (24, 4, 4, 24), (24, 4, 4, 24), (24, 4, 4, 24), (24, 4, 4, 24), (24, 4, 4, 24), (24, 4, 4, 24), (24, 4, 4, 24), (24, 4, 4, 16), (16, 4, 4, 1)].
- Lh leg dimensions: [(1, 4, 4, 16), (16, 4, 4, 96), (96, 4, 4, 96), (96, 4, 4, 96), (96, 4, 4, 96), (96, 4, 4, 96), (96, 4, 4, 96), (96, 4, 4, 96), (96, 4, 4, 96), (96, 4, 4, 16), (16, 4, 4, 1)].
- Rh leg dimensions: [(1, 4, 4, 9), (9, 4, 4, 80), (80, 4, 4, 32), (32, 4, 4, 96), (96, 4, 4, 80), (80, 4, 4, 96), (96, 4, 4, 32), (32, 4, 4, 96), (96, 4, 4, 32), (32, 4, 4, 16), (16, 4, 4, 1)].
-> E = <Lh|CC*> + <ALhAL*|CC*|ARhAR*> + <CC*|Rh> = -0.18026307160615387 + -0.06253683761856324 + 0.26210343902031896 = 0.019303529795601848.
ColumnDMRG performed 3 sweeps.
- C_updated leg dimensions: [(1, 4, 4, 16), (16, 4, 4, 24), (24, 4, 4, 24), (24, 4, 4, 24), (24, 4, 4, 24), (24, 4, 4, 24), (24, 4, 4, 24), (24, 4, 4, 24), (24, 4, 4, 24), (24, 4, 4, 16), (16, 4, 4, 1)].
- largest Hermiticity error: 1.2653961452273055e-08.
- maximal number of matvec operations: 71.
-> E_updated = 0.015788367607222287.
BoundaryCompression performed 3 sweeps.
Orthogonality column 9:
- C leg dimensions: [(1, 4, 2, 16), (16, 4, 4, 24), (24, 4, 2, 24), (24, 4, 4, 24), (24, 4, 4, 24), (24, 4, 4, 24), (24, 4, 4, 24), (24, 4, 2, 24), (24, 4, 4, 24), (24, 4, 2, 16), (16, 4, 4, 1)].
- Lh leg dimensions: [(1, 4, 4, 16), (16, 4, 4, 96), (96, 4, 4, 96), (96, 4, 4, 96), (96, 4, 4, 96), (96, 4, 4, 96), (96, 4, 4, 96), (96, 4, 4, 96), (96, 4, 4, 96), (96, 4, 4, 16), (16, 4, 4, 1)].
- Rh leg dimensions: [(1, 2, 2, 4), (4, 4, 4, 8), (8, 2, 2, 29), (29, 4, 4, 8), (8, 4, 4, 80), (80, 4, 4, 13), (13, 4, 4, 29), (29, 2, 2, 8), (8, 4, 4, 29), (29, 2, 2, 8), (8, 4, 4, 1)].
-> E = <Lh|CC*> + <ALhAL*|CC*|ARhAR*> + <CC*|Rh> = -0.20648582221811668 + -0.06654130143089362 + 0.32878999848905555 = 0.05576287484004527.
ColumnDMRG performed 3 sweeps.
- C_updated leg dimensions: [(1, 4, 2, 8), (8, 4, 4, 24), (24, 4, 2, 24), (24, 4, 4, 24), (24, 4, 4, 24), (24, 4, 4, 24), (24, 4, 4, 24), (24, 4, 2, 24), (24, 4, 4, 24), (24, 4, 2, 16), (16, 4, 4, 1)].
- largest Hermiticity error: 9.60858812802217e-09.
- maximal number of matvec operations: 71.
-> E_updated = 0.04495859913092451.
BoundaryCompression performed 3 sweeps.
Orthogonality column 10:
- C leg dimensions: [(1, 4, 2, 8), (8, 4, 2, 24), (24, 4, 2, 24), (24, 4, 2, 24), (24, 4, 2, 24), (24, 4, 4, 24), (24, 4, 2, 24), (24, 4, 2, 24), (24, 4, 2, 24), (24, 4, 2, 16), (16, 4, 2, 1)].
- Lh leg dimensions: [(1, 4, 4, 16), (16, 4, 4, 96), (96, 4, 4, 96), (96, 4, 4, 96), (96, 4, 4, 96), (96, 4, 4, 96), (96, 4, 4, 96), (96, 4, 4, 96), (96, 4, 4, 96), (96, 4, 4, 16), (16, 4, 4, 1)].
- Rh leg dimensions: [(1, 2, 2, 3), (3, 2, 2, 8), (8, 2, 2, 3), (3, 2, 2, 8), (8, 2, 2, 3), (3, 4, 4, 9), (9, 2, 2, 3), (3, 2, 2, 8), (8, 2, 2, 3), (3, 2, 2, 4), (4, 2, 2, 1)].
-> E = <Lh|CC*> + <ALhAL*|CC*|ARhAR*> + <CC*|Rh> = -0.25181077362682047 + -0.07248177935853665 + 0.40224984232391925 = 0.07795728933856211.
ColumnDMRG performed 3 sweeps.
- C_updated leg dimensions: [(1, 4, 2, 8), (8, 4, 2, 24), (24, 4, 2, 24), (24, 4, 2, 24), (24, 4, 2, 24), (24, 4, 4, 24), (24, 4, 2, 24), (24, 4, 2, 24), (24, 4, 2, 24), (24, 4, 2, 8), (8, 4, 2, 1)].
- largest Hermiticity error: 9.468706657262148e-09.
- maximal number of matvec operations: 61.
-> E_updated = 0.06475261244074446.
BoundaryCompression performed 3 sweeps.
Orthogonality column 11:
- C leg dimensions: [(1, 4, 1, 8), (8, 4, 2, 24), (24, 4, 1, 24), (24, 4, 2, 24), (24, 4, 1, 24), (24, 4, 2, 24), (24, 4, 2, 24), (24, 4, 1, 24), (24, 4, 2, 24), (24, 4, 1, 8), (8, 4, 2, 1)].
- Lh leg dimensions: [(1, 4, 4, 16), (16, 4, 4, 96), (96, 4, 4, 96), (96, 4, 4, 96), (96, 4, 4, 96), (96, 4, 4, 96), (96, 4, 4, 96), (96, 4, 4, 96), (96, 4, 4, 96), (96, 4, 4, 16), (16, 4, 4, 1)].
-> E = <Lh|CC*> + <ALhAL*|CC*|ARhAR*> + <CC*|Rh> = -0.2864577717199753 + 0.4028133860000231 + None = 0.11635561428004781.
ColumnDMRG performed 3 sweeps.
- C_updated leg dimensions: [(1, 4, 1, 4), (4, 4, 2, 24), (24, 4, 1, 24), (24, 4, 2, 24), (24, 4, 1, 24), (24, 4, 2, 24), (24, 4, 2, 24), (24, 4, 1, 24), (24, 4, 2, 24), (24, 4, 1, 8), (8, 4, 2, 1)].
- largest Hermiticity error: 4.676207068465282e-08.
- maximal number of matvec operations: 61.
-> E_updated = 0.09722928620491474.
BoundaryCompression performed 3 sweeps.
Orthogonality column 12:
- C leg dimensions: [(1, 4, 1, 4), (4, 4, 1, 16), (16, 4, 1, 24), (24, 4, 1, 24), (24, 4, 1, 24), (24, 4, 1, 24), (24, 4, 1, 24), (24, 4, 1, 24), (24, 4, 1, 24), (24, 4, 1, 8), (8, 4, 1, 1)].
- Lh leg dimensions: [(1, 4, 4, 16), (16, 4, 4, 96), (96, 4, 4, 96), (96, 4, 4, 96), (96, 4, 4, 96), (96, 4, 4, 96), (96, 4, 4, 96), (96, 4, 4, 96), (96, 4, 4, 96), (96, 4, 4, 16), (16, 4, 4, 1)].
-> E = <Lh|CC*> + <ALhAL*|CC*|ARhAR*> + <CC*|Rh> = 0.12263757360922284 + None + None = 0.12263757360922284.
ColumnDMRG performed 3 sweeps.
- C_updated leg dimensions: [(1, 4, 1, 4), (4, 4, 1, 16), (16, 4, 1, 24), (24, 4, 1, 24), (24, 4, 1, 24), (24, 4, 1, 24), (24, 4, 1, 24), (24, 4, 1, 24), (24, 4, 1, 16), (16, 4, 1, 4), (4, 4, 1, 1)].
- largest Hermiticity error: 4.804900756304769e-08.
- maximal number of matvec operations: 51.
-> E_updated = 0.10326194671523076.
Orthogonality column 11:
- C leg dimensions: [(1, 4, 1, 4), (4, 4, 2, 16), (16, 4, 1, 24), (24, 4, 2, 24), (24, 4, 1, 24), (24, 4, 2, 24), (24, 4, 2, 24), (24, 4, 1, 24), (24, 4, 2, 16), (16, 4, 1, 4), (4, 4, 2, 1)].
- Lh leg dimensions: [(1, 4, 4, 16), (16, 4, 4, 96), (96, 4, 4, 96), (96, 4, 4, 96), (96, 4, 4, 96), (96, 4, 4, 96), (96, 4, 4, 96), (96, 4, 4, 96), (96, 4, 4, 96), (96, 4, 4, 16), (16, 4, 4, 1)].
-> E = <Lh|CC*> + <ALhAL*|CC*|ARhAR*> + <CC*|Rh> = -0.2847732202458186 + 0.40449623315811223 + None = 0.11972301291229365.
ColumnDMRG performed 3 sweeps.
- C_updated leg dimensions: [(1, 4, 1, 4), (4, 4, 2, 24), (24, 4, 1, 24), (24, 4, 2, 24), (24, 4, 1, 24), (24, 4, 2, 24), (24, 4, 2, 24), (24, 4, 1, 24), (24, 4, 2, 24), (24, 4, 1, 8), (8, 4, 2, 1)].
- largest Hermiticity error: 6.401280493088938e-08.
- maximal number of matvec operations: 61.
-> E_updated = 0.09722928621060627.
BoundaryCompression performed 3 sweeps.
Orthogonality column 10:
- C leg dimensions: [(1, 4, 2, 4), (4, 4, 2, 24), (24, 4, 2, 24), (24, 4, 2, 24), (24, 4, 2, 24), (24, 4, 4, 24), (24, 4, 2, 24), (24, 4, 2, 24), (24, 4, 2, 24), (24, 4, 2, 8), (8, 4, 2, 1)].
- Lh leg dimensions: [(1, 4, 4, 16), (16, 4, 4, 96), (96, 4, 4, 96), (96, 4, 4, 96), (96, 4, 4, 96), (96, 4, 4, 96), (96, 4, 4, 96), (96, 4, 4, 96), (96, 4, 4, 96), (96, 4, 4, 16), (16, 4, 4, 1)].
- Rh leg dimensions: [(1, 2, 2, 3), (3, 2, 2, 8), (8, 2, 2, 3), (3, 2, 2, 8), (8, 2, 2, 3), (3, 4, 4, 9), (9, 2, 2, 3), (3, 2, 2, 8), (8, 2, 2, 3), (3, 2, 2, 4), (4, 2, 2, 1)].
-> E = <Lh|CC*> + <ALhAL*|CC*|ARhAR*> + <CC*|Rh> = -0.2437991027537845 + -0.0682306463664015 + 0.40116415506835856 = 0.08913440594817257.
ColumnDMRG performed 3 sweeps.
- C_updated leg dimensions: [(1, 4, 2, 8), (8, 4, 2, 24), (24, 4, 2, 24), (24, 4, 2, 24), (24, 4, 2, 24), (24, 4, 4, 24), (24, 4, 2, 24), (24, 4, 2, 24), (24, 4, 2, 24), (24, 4, 2, 8), (8, 4, 2, 1)].
- largest Hermiticity error: 9.229482080231302e-09.
- maximal number of matvec operations: 61.
-> E_updated = 0.06474470298106437.
BoundaryCompression performed 3 sweeps.
Orthogonality column 9:
- C leg dimensions: [(1, 4, 2, 8), (8, 4, 4, 24), (24, 4, 2, 24), (24, 4, 4, 24), (24, 4, 4, 24), (24, 4, 4, 24), (24, 4, 4, 24), (24, 4, 2, 24), (24, 4, 4, 24), (24, 4, 2, 8), (8, 4, 4, 1)].
- Lh leg dimensions: [(1, 4, 4, 16), (16, 4, 4, 96), (96, 4, 4, 96), (96, 4, 4, 96), (96, 4, 4, 96), (96, 4, 4, 96), (96, 4, 4, 96), (96, 4, 4, 96), (96, 4, 4, 96), (96, 4, 4, 16), (16, 4, 4, 1)].
- Rh leg dimensions: [(1, 2, 2, 4), (4, 4, 4, 8), (8, 2, 2, 29), (29, 4, 4, 8), (8, 4, 4, 80), (80, 4, 4, 13), (13, 4, 4, 29), (29, 2, 2, 8), (8, 4, 4, 29), (29, 2, 2, 8), (8, 4, 4, 1)].
-> E = <Lh|CC*> + <ALhAL*|CC*|ARhAR*> + <CC*|Rh> = -0.20032350507079044 + -0.06678006453104787 + 0.329422704004094 = 0.06231913440225567.
ColumnDMRG performed 3 sweeps.
- C_updated leg dimensions: [(1, 4, 2, 8), (8, 4, 4, 24), (24, 4, 2, 24), (24, 4, 4, 24), (24, 4, 4, 24), (24, 4, 4, 24), (24, 4, 4, 24), (24, 4, 2, 24), (24, 4, 4, 24), (24, 4, 2, 16), (16, 4, 4, 1)].
- largest Hermiticity error: 9.005056665438475e-09.
- maximal number of matvec operations: 71.
-> E_updated = 0.04494167650282884.
BoundaryCompression performed 3 sweeps.
Orthogonality column 8:
- C leg dimensions: [(1, 4, 4, 8), (8, 4, 4, 24), (24, 4, 4, 24), (24, 4, 4, 24), (24, 4, 4, 24), (24, 4, 4, 24), (24, 4, 4, 24), (24, 4, 4, 24), (24, 4, 4, 24), (24, 4, 4, 16), (16, 4, 4, 1)].
- Lh leg dimensions: [(1, 4, 4, 16), (16, 4, 4, 96), (96, 4, 4, 96), (96, 4, 4, 96), (96, 4, 4, 96), (96, 4, 4, 96), (96, 4, 4, 96), (96, 4, 4, 96), (96, 4, 4, 96), (96, 4, 4, 16), (16, 4, 4, 1)].
- Rh leg dimensions: [(1, 4, 4, 9), (9, 4, 4, 80), (80, 4, 4, 33), (33, 4, 4, 96), (96, 4, 4, 80), (80, 4, 4, 96), (96, 4, 4, 33), (33, 4, 4, 96), (96, 4, 4, 32), (32, 4, 4, 16), (16, 4, 4, 1)].
-> E = <Lh|CC*> + <ALhAL*|CC*|ARhAR*> + <CC*|Rh> = -0.1717081932891246 + -0.060408009431124635 + 0.2615754109557216 = 0.02945920823547238.
ColumnDMRG performed 3 sweeps.
- C_updated leg dimensions: [(1, 4, 4, 16), (16, 4, 4, 24), (24, 4, 4, 24), (24, 4, 4, 24), (24, 4, 4, 24), (24, 4, 4, 24), (24, 4, 4, 24), (24, 4, 4, 24), (24, 4, 4, 24), (24, 4, 4, 16), (16, 4, 4, 1)].
- largest Hermiticity error: 1.5061613395304796e-08.
- maximal number of matvec operations: 71.
-> E_updated = 0.015771052602433236.
BoundaryCompression performed 3 sweeps.
Orthogonality column 7:
- C leg dimensions: [(1, 4, 4, 16), (16, 4, 4, 24), (24, 4, 4, 24), (24, 4, 4, 24), (24, 4, 4, 24), (24, 4, 4, 24), (24, 4, 4, 24), (24, 4, 4, 24), (24, 4, 4, 24), (24, 4, 4, 16), (16, 4, 4, 1)].
- Lh leg dimensions: [(1, 4, 4, 16), (16, 4, 4, 96), (96, 4, 4, 96), (96, 4, 4, 96), (96, 4, 4, 96), (96, 4, 4, 96), (96, 4, 4, 96), (96, 4, 4, 96), (96, 4, 4, 96), (96, 4, 4, 16), (16, 4, 4, 1)].
- Rh leg dimensions: [(1, 4, 4, 16), (16, 4, 4, 96), (96, 4, 4, 96), (96, 4, 4, 96), (96, 4, 4, 96), (96, 4, 4, 96), (96, 4, 4, 96), (96, 4, 4, 96), (96, 4, 4, 96), (96, 4, 4, 16), (16, 4, 4, 1)].
-> E = <Lh|CC*> + <ALhAL*|CC*|ARhAR*> + <CC*|Rh> = -0.1157975666773679 + -0.060985648909521045 + 0.2002109646177666 = 0.02342774903087766.
ColumnDMRG performed 3 sweeps.
- C_updated leg dimensions: [(1, 4, 4, 16), (16, 4, 4, 24), (24, 4, 4, 24), (24, 4, 4, 24), (24, 4, 4, 24), (24, 4, 4, 24), (24, 4, 4, 24), (24, 4, 4, 24), (24, 4, 4, 24), (24, 4, 4, 16), (16, 4, 4, 1)].
- largest Hermiticity error: 6.388991111445848e-12.
- maximal number of matvec operations: 71.
-> E_updated = 0.018008887937609963.
BoundaryCompression performed 3 sweeps.
Orthogonality column 6:
- C leg dimensions: [(1, 4, 4, 16), (16, 4, 4, 24), (24, 4, 4, 24), (24, 4, 4, 24), (24, 4, 4, 24), (24, 4, 4, 24), (24, 4, 4, 24), (24, 4, 4, 24), (24, 4, 4, 24), (24, 4, 4, 16), (16, 4, 4, 1)].
- Lh leg dimensions: [(1, 4, 4, 16), (16, 4, 4, 96), (96, 4, 4, 96), (96, 4, 4, 96), (96, 4, 4, 96), (96, 4, 4, 96), (96, 4, 4, 96), (96, 4, 4, 96), (96, 4, 4, 96), (96, 4, 4, 16), (16, 4, 4, 1)].
- Rh leg dimensions: [(1, 4, 4, 16), (16, 4, 4, 96), (96, 4, 4, 96), (96, 4, 4, 96), (96, 4, 4, 96), (96, 4, 4, 96), (96, 4, 4, 96), (96, 4, 4, 96), (96, 4, 4, 96), (96, 4, 4, 16), (16, 4, 4, 1)].
-> E = <Lh|CC*> + <ALhAL*|CC*|ARhAR*> + <CC*|Rh> = -0.059563412739178145 + -0.06525736619858438 + 0.1441039220973619 = 0.019283143159599364.
ColumnDMRG performed 3 sweeps.
- C_updated leg dimensions: [(1, 4, 4, 16), (16, 4, 4, 24), (24, 4, 4, 24), (24, 4, 4, 24), (24, 4, 4, 24), (24, 4, 4, 24), (24, 4, 4, 24), (24, 4, 4, 24), (24, 4, 4, 24), (24, 4, 4, 16), (16, 4, 4, 1)].
- largest Hermiticity error: 2.6968625808250997e-12.
- maximal number of matvec operations: 71.
-> E_updated = 0.014529383335746335.
BoundaryCompression performed 3 sweeps.
Orthogonality column 5:
- C leg dimensions: [(1, 4, 4, 16), (16, 4, 4, 24), (24, 4, 4, 24), (24, 4, 4, 24), (24, 4, 4, 24), (24, 4, 4, 24), (24, 4, 4, 24), (24, 4, 4, 24), (24, 4, 4, 24), (24, 4, 4, 16), (16, 4, 4, 1)].
- Lh leg dimensions: [(1, 4, 4, 16), (16, 4, 4, 96), (96, 4, 4, 96), (96, 4, 4, 96), (96, 4, 4, 96), (96, 4, 4, 96), (96, 4, 4, 96), (96, 4, 4, 96), (96, 4, 4, 96), (96, 4, 4, 16), (16, 4, 4, 1)].
- Rh leg dimensions: [(1, 4, 4, 16), (16, 4, 4, 96), (96, 4, 4, 96), (96, 4, 4, 96), (96, 4, 4, 96), (96, 4, 4, 96), (96, 4, 4, 96), (96, 4, 4, 96), (96, 4, 4, 96), (96, 4, 4, 16), (16, 4, 4, 1)].
-> E = <Lh|CC*> + <ALhAL*|CC*|ARhAR*> + <CC*|Rh> = 0.0013584794734064103 + -0.0674585523397135 + 0.09183521578421738 = 0.025735142917910292.
ColumnDMRG performed 3 sweeps.
- C_updated leg dimensions: [(1, 4, 4, 16), (16, 4, 4, 24), (24, 4, 4, 24), (24, 4, 4, 24), (24, 4, 4, 24), (24, 4, 4, 24), (24, 4, 4, 24), (24, 4, 4, 24), (24, 4, 4, 24), (24, 4, 4, 16), (16, 4, 4, 1)].
- largest Hermiticity error: 2.2313447843940956e-10.
- maximal number of matvec operations: 71.
-> E_updated = 0.02118044835235158.
BoundaryCompression performed 3 sweeps.
Orthogonality column 4:
- C leg dimensions: [(1, 4, 4, 16), (16, 4, 4, 24), (24, 4, 4, 24), (24, 4, 4, 24), (24, 4, 4, 24), (24, 4, 4, 24), (24, 4, 4, 24), (24, 4, 4, 24), (24, 4, 4, 24), (24, 4, 4, 16), (16, 4, 4, 1)].
- Lh leg dimensions: [(1, 4, 4, 16), (16, 4, 4, 32), (32, 4, 4, 96), (96, 4, 4, 33), (33, 4, 4, 96), (96, 4, 4, 80), (80, 4, 4, 96), (96, 4, 4, 33), (33, 4, 4, 80), (80, 4, 4, 9), (9, 4, 4, 1)].
- Rh leg dimensions: [(1, 4, 4, 16), (16, 4, 4, 96), (96, 4, 4, 96), (96, 4, 4, 96), (96, 4, 4, 96), (96, 4, 4, 96), (96, 4, 4, 96), (96, 4, 4, 96), (96, 4, 4, 96), (96, 4, 4, 16), (16, 4, 4, 1)].
-> E = <Lh|CC*> + <ALhAL*|CC*|ARhAR*> + <CC*|Rh> = 0.06911219331980434 + -0.07240770446658622 + 0.05908790376221944 = 0.05579239261543756.
ColumnDMRG performed 3 sweeps.
- C_updated leg dimensions: [(1, 4, 4, 16), (16, 4, 4, 24), (24, 4, 4, 24), (24, 4, 4, 24), (24, 4, 4, 24), (24, 4, 4, 24), (24, 4, 4, 24), (24, 4, 4, 24), (24, 4, 4, 24), (24, 4, 4, 16), (16, 4, 4, 1)].
- largest Hermiticity error: 7.914314118005075e-08.
- maximal number of matvec operations: 71.
-> E_updated = 0.04721726133900552.
BoundaryCompression performed 3 sweeps.
Orthogonality column 3:
- C leg dimensions: [(1, 4, 4, 16), (16, 2, 4, 24), (24, 4, 4, 24), (24, 2, 4, 24), (24, 4, 4, 24), (24, 4, 4, 24), (24, 4, 4, 24), (24, 4, 4, 24), (24, 2, 4, 24), (24, 4, 4, 8), (8, 2, 4, 1)].
- Lh leg dimensions: [(1, 4, 4, 8), (8, 2, 2, 29), (29, 4, 4, 8), (8, 2, 2, 29), (29, 4, 4, 13), (13, 4, 4, 80), (80, 4, 4, 8), (8, 4, 4, 29), (29, 2, 2, 8), (8, 4, 4, 4), (4, 2, 2, 1)].
- Rh leg dimensions: [(1, 4, 4, 16), (16, 4, 4, 96), (96, 4, 4, 96), (96, 4, 4, 96), (96, 4, 4, 96), (96, 4, 4, 96), (96, 4, 4, 96), (96, 4, 4, 96), (96, 4, 4, 96), (96, 4, 4, 16), (16, 4, 4, 1)].
-> E = <Lh|CC*> + <ALhAL*|CC*|ARhAR*> + <CC*|Rh> = 0.15507751545678855 + -0.08570615065658055 + 0.018806243985762566 = 0.08817760878597057.
ColumnDMRG performed 3 sweeps.
- C_updated leg dimensions: [(1, 4, 4, 16), (16, 2, 4, 24), (24, 4, 4, 24), (24, 2, 4, 24), (24, 4, 4, 24), (24, 4, 4, 24), (24, 4, 4, 24), (24, 4, 4, 24), (24, 2, 4, 24), (24, 4, 4, 8), (8, 2, 4, 1)].
- largest Hermiticity error: 4.205237007196255e-08.
- maximal number of matvec operations: 61.
-> E_updated = 0.07574302103173185.
BoundaryCompression performed 3 sweeps.
Orthogonality column 2:
- C leg dimensions: [(1, 2, 4, 8), (8, 2, 4, 24), (24, 2, 4, 24), (24, 2, 4, 24), (24, 2, 4, 24), (24, 4, 4, 24), (24, 2, 4, 24), (24, 2, 4, 24), (24, 2, 4, 24), (24, 2, 4, 8), (8, 2, 4, 1)].
- Lh leg dimensions: [(1, 2, 2, 4), (4, 2, 2, 3), (3, 2, 2, 8), (8, 2, 2, 3), (3, 2, 2, 9), (9, 4, 4, 3), (3, 2, 2, 8), (8, 2, 2, 3), (3, 2, 2, 8), (8, 2, 2, 3), (3, 2, 2, 1)].
- Rh leg dimensions: [(1, 4, 4, 16), (16, 4, 4, 96), (96, 4, 4, 96), (96, 4, 4, 96), (96, 4, 4, 96), (96, 4, 4, 96), (96, 4, 4, 96), (96, 4, 4, 96), (96, 4, 4, 96), (96, 4, 4, 16), (16, 4, 4, 1)].
-> E = <Lh|CC*> + <ALhAL*|CC*|ARhAR*> + <CC*|Rh> = 0.28417395462319595 + -0.1284654461539145 + -0.040972843731824936 = 0.1147356647374565.
ColumnDMRG performed 3 sweeps.
- C_updated leg dimensions: [(1, 2, 4, 8), (8, 2, 4, 24), (24, 2, 4, 24), (24, 2, 4, 24), (24, 2, 4, 24), (24, 4, 4, 24), (24, 2, 4, 24), (24, 2, 4, 24), (24, 2, 4, 24), (24, 2, 4, 8), (8, 2, 4, 1)].
- largest Hermiticity error: 3.2605192690191405e-08.
- maximal number of matvec operations: 61.
-> E_updated = 0.09553370225121546.
BoundaryCompression performed 3 sweeps.
Orthogonality column 1:
- C leg dimensions: [(1, 2, 4, 8), (8, 1, 4, 24), (24, 2, 4, 24), (24, 1, 4, 24), (24, 2, 4, 24), (24, 2, 4, 24), (24, 1, 4, 24), (24, 2, 4, 24), (24, 1, 4, 24), (24, 2, 4, 4), (4, 1, 4, 1)].
- Rh leg dimensions: [(1, 4, 4, 16), (16, 4, 4, 96), (96, 4, 4, 96), (96, 4, 4, 96), (96, 4, 4, 96), (96, 4, 4, 96), (96, 4, 4, 96), (96, 4, 4, 96), (96, 4, 4, 96), (96, 4, 4, 16), (16, 4, 4, 1)].
-> E = <Lh|CC*> + <ALhAL*|CC*|ARhAR*> + <CC*|Rh> = None + 0.2845782412876555 + -0.11564404215578299 = 0.16893419913187252.
ColumnDMRG performed 3 sweeps.
- C_updated leg dimensions: [(1, 2, 4, 8), (8, 1, 4, 24), (24, 2, 4, 24), (24, 1, 4, 24), (24, 2, 4, 24), (24, 2, 4, 24), (24, 1, 4, 24), (24, 2, 4, 24), (24, 1, 4, 24), (24, 2, 4, 4), (4, 1, 4, 1)].
- largest Hermiticity error: 3.277904363761378e-08.
- maximal number of matvec operations: 61.
-> E_updated = 0.15099792516131688.
BoundaryCompression performed 3 sweeps.
Orthogonality column 0:
- C leg dimensions: [(1, 1, 4, 4), (4, 1, 4, 16), (16, 1, 4, 24), (24, 1, 4, 24), (24, 1, 4, 24), (24, 1, 4, 24), (24, 1, 4, 24), (24, 1, 4, 24), (24, 1, 4, 24), (24, 1, 4, 4), (4, 1, 4, 1)].
- Rh leg dimensions: [(1, 4, 4, 16), (16, 4, 4, 96), (96, 4, 4, 96), (96, 4, 4, 96), (96, 4, 4, 96), (96, 4, 4, 96), (96, 4, 4, 96), (96, 4, 4, 96), (96, 4, 4, 96), (96, 4, 4, 16), (16, 4, 4, 1)].
-> E = <Lh|CC*> + <ALhAL*|CC*|ARhAR*> + <CC*|Rh> = None + None + 0.19758560549880283 = 0.19758560549880283.
ColumnDMRG performed 3 sweeps.
- C_updated leg dimensions: [(1, 1, 4, 4), (4, 1, 4, 16), (16, 1, 4, 24), (24, 1, 4, 24), (24, 1, 4, 24), (24, 1, 4, 24), (24, 1, 4, 24), (24, 1, 4, 24), (24, 1, 4, 16), (16, 1, 4, 4), (4, 1, 4, 1)].
- largest Hermiticity error: 9.695135668613616e-07.
- maximal number of matvec operations: 51.
-> E_updated = 0.1678439622112016.
DMRGSquared performed 1 sweeps.
=> <H> - E0 = 0.06042957102852142.

<H>s - E0 = [0.07346508 0.05291156 0.06042957]
