Lx = 6, Ly = 6, g = 3.5, D_max = 3, chi_max_c = 9, chi_max_b = 54. 

E0_exact = -261.32772977. 

es = [-31.45624067 -20.99784949 -20.99693714 -20.99529491 -20.99463339
 -20.98922804 -21.00035362 -20.99722733 -21.00244832 -20.99260025
 -31.50472116].
E = -251.92753431616836.
E - E0 = 9.400195453831657.
subtract energy E0_exact evenly from all columns.


DMRGSquared sweep 1 ...
Orthogonality column 0:
- C leg dimensions: [(1, 1, 3, 3), (3, 1, 3, 9), (9, 1, 3, 9), (9, 1, 3, 9), (9, 1, 3, 9), (9, 1, 3, 9), (9, 1, 3, 9), (9, 1, 3, 9), (9, 1, 3, 9), (9, 1, 3, 3), (3, 1, 3, 1)].
- Rh leg dimensions: [(1, 3, 3, 9), (9, 3, 3, 54), (54, 3, 3, 54), (54, 3, 3, 54), (54, 3, 3, 54), (54, 3, 3, 54), (54, 3, 3, 54), (54, 3, 3, 54), (54, 3, 3, 54), (54, 3, 3, 9), (9, 3, 3, 1)].
-> E = <Lh|CC*> + <ALhAL*|CC*|ARhAR*> + <CC*|Rh> = None + None + 3.3222561346895487 = 3.3222561346895487.
- C_updated leg dimensions: [(1, 1, 3, 3), (3, 1, 3, 9), (9, 1, 3, 9), (9, 1, 3, 9), (9, 1, 3, 9), (9, 1, 3, 9), (9, 1, 3, 9), (9, 1, 3, 9), (9, 1, 3, 9), (9, 1, 3, 3), (3, 1, 3, 1)].
- largest Hermiticity error: 1.6840873762205748e-09.
- maximal number of matvec operations: 21.
-> E_updated = 2.7388138001876126.
Orthogonality column 1:
- C leg dimensions: [(1, 2, 3, 3), (3, 1, 3, 9), (9, 2, 3, 9), (9, 1, 3, 9), (9, 2, 3, 9), (9, 2, 3, 9), (9, 1, 3, 9), (9, 2, 3, 9), (9, 1, 3, 9), (9, 2, 3, 3), (3, 1, 3, 1)].
- Rh leg dimensions: [(1, 3, 3, 9), (9, 3, 3, 54), (54, 3, 3, 54), (54, 3, 3, 54), (54, 3, 3, 54), (54, 3, 3, 54), (54, 3, 3, 54), (54, 3, 3, 54), (54, 3, 3, 54), (54, 3, 3, 9), (9, 3, 3, 1)].
-> E = <Lh|CC*> + <ALhAL*|CC*|ARhAR*> + <CC*|Rh> = None + 1.1131568658435924 + 3.6995898765365838 = 4.812746742380176.
- C_updated leg dimensions: [(1, 2, 3, 6), (6, 1, 3, 9), (9, 2, 3, 9), (9, 1, 3, 9), (9, 2, 3, 9), (9, 2, 3, 9), (9, 1, 3, 9), (9, 2, 3, 9), (9, 1, 3, 9), (9, 2, 3, 3), (3, 1, 3, 1)].
- largest Hermiticity error: 6.167406986444242e-10.
- maximal number of matvec operations: 31.
-> E_updated = 4.665005343169785.
Orthogonality column 2:
- C leg dimensions: [(1, 2, 3, 6), (6, 2, 3, 9), (9, 2, 3, 9), (9, 2, 3, 9), (9, 2, 3, 9), (9, 3, 3, 9), (9, 2, 3, 9), (9, 2, 3, 9), (9, 2, 3, 9), (9, 2, 3, 3), (3, 2, 3, 1)].
- Lh leg dimensions: [(1, 2, 2, 4), (4, 2, 2, 3), (3, 2, 2, 8), (8, 2, 2, 3), (3, 2, 2, 9), (9, 3, 3, 3), (3, 2, 2, 8), (8, 2, 2, 3), (3, 2, 2, 8), (8, 2, 2, 3), (3, 2, 2, 1)].
- Rh leg dimensions: [(1, 3, 3, 9), (9, 3, 3, 54), (54, 3, 3, 54), (54, 3, 3, 54), (54, 3, 3, 54), (54, 3, 3, 54), (54, 3, 3, 54), (54, 3, 3, 54), (54, 3, 3, 54), (54, 3, 3, 9), (9, 3, 3, 1)].
-> E = <Lh|CC*> + <ALhAL*|CC*|ARhAR*> + <CC*|Rh> = 0.9689716739178854 + 0.749203980136972 + 3.669476057679828 = 5.387651711734685.
- C_updated leg dimensions: [(1, 2, 3, 6), (6, 2, 3, 9), (9, 2, 3, 9), (9, 2, 3, 9), (9, 2, 3, 9), (9, 3, 3, 9), (9, 2, 3, 9), (9, 2, 3, 9), (9, 2, 3, 9), (9, 2, 3, 6), (6, 2, 3, 1)].
- largest Hermiticity error: 1.4512807319024467e-09.
- maximal number of matvec operations: 61.
-> E_updated = 4.472853305580472.
Orthogonality column 3:
- C leg dimensions: [(1, 3, 3, 6), (6, 2, 3, 9), (9, 3, 3, 9), (9, 2, 3, 9), (9, 3, 3, 9), (9, 3, 3, 9), (9, 3, 3, 9), (9, 3, 3, 9), (9, 2, 3, 9), (9, 3, 3, 6), (6, 2, 3, 1)].
- Lh leg dimensions: [(1, 3, 3, 8), (8, 2, 2, 25), (25, 3, 3, 8), (8, 2, 2, 25), (25, 3, 3, 12), (12, 3, 3, 45), (45, 3, 3, 8), (8, 3, 3, 25), (25, 2, 2, 8), (8, 3, 3, 4), (4, 2, 2, 1)].
- Rh leg dimensions: [(1, 3, 3, 9), (9, 3, 3, 54), (54, 3, 3, 54), (54, 3, 3, 54), (54, 3, 3, 54), (54, 3, 3, 54), (54, 3, 3, 54), (54, 3, 3, 54), (54, 3, 3, 54), (54, 3, 3, 9), (9, 3, 3, 1)].
-> E = <Lh|CC*> + <ALhAL*|CC*|ARhAR*> + <CC*|Rh> = 0.8378724859008313 + 0.7592358476225101 + 3.6604790097819464 = 5.257587343305287.
- C_updated leg dimensions: [(1, 3, 3, 9), (9, 2, 3, 9), (9, 3, 3, 9), (9, 2, 3, 9), (9, 3, 3, 9), (9, 3, 3, 9), (9, 3, 3, 9), (9, 3, 3, 9), (9, 2, 3, 9), (9, 3, 3, 6), (6, 2, 3, 1)].
- largest Hermiticity error: 3.469616695312235e-09.
- maximal number of matvec operations: 61.
-> E_updated = 4.437887849489407.
Orthogonality column 4:
- C leg dimensions: [(1, 3, 3, 9), (9, 3, 3, 9), (9, 3, 3, 9), (9, 3, 3, 9), (9, 3, 3, 9), (9, 3, 3, 9), (9, 3, 3, 9), (9, 3, 3, 9), (9, 3, 3, 9), (9, 3, 3, 6), (6, 3, 3, 1)].
- Lh leg dimensions: [(1, 3, 3, 9), (9, 3, 3, 25), (25, 3, 3, 54), (54, 3, 3, 25), (25, 3, 3, 54), (54, 3, 3, 45), (45, 3, 3, 54), (54, 3, 3, 25), (25, 3, 3, 45), (45, 3, 3, 8), (8, 3, 3, 1)].
- Rh leg dimensions: [(1, 3, 3, 9), (9, 3, 3, 54), (54, 3, 3, 54), (54, 3, 3, 54), (54, 3, 3, 54), (54, 3, 3, 54), (54, 3, 3, 54), (54, 3, 3, 54), (54, 3, 3, 54), (54, 3, 3, 9), (9, 3, 3, 1)].
-> E = <Lh|CC*> + <ALhAL*|CC*|ARhAR*> + <CC*|Rh> = 0.8486047553723155 + 0.7438757846175205 + 4.268129988711461 = 5.860610528701297.
- C_updated leg dimensions: [(1, 3, 3, 9), (9, 3, 3, 9), (9, 3, 3, 9), (9, 3, 3, 9), (9, 3, 3, 9), (9, 3, 3, 9), (9, 3, 3, 9), (9, 3, 3, 9), (9, 3, 3, 9), (9, 3, 3, 9), (9, 3, 3, 1)].
- largest Hermiticity error: 6.837655439926575e-10.
- maximal number of matvec operations: 51.
-> E_updated = 5.1654560232670965.
Orthogonality column 5:
- C leg dimensions: [(1, 3, 3, 9), (9, 3, 3, 9), (9, 3, 3, 9), (9, 3, 3, 9), (9, 3, 3, 9), (9, 3, 3, 9), (9, 3, 3, 9), (9, 3, 3, 9), (9, 3, 3, 9), (9, 3, 3, 9), (9, 3, 3, 1)].
- Lh leg dimensions: [(1, 3, 3, 9), (9, 3, 3, 54), (54, 3, 3, 54), (54, 3, 3, 54), (54, 3, 3, 54), (54, 3, 3, 54), (54, 3, 3, 54), (54, 3, 3, 54), (54, 3, 3, 54), (54, 3, 3, 9), (9, 3, 3, 1)].
- Rh leg dimensions: [(1, 3, 3, 9), (9, 3, 3, 54), (54, 3, 3, 54), (54, 3, 3, 54), (54, 3, 3, 54), (54, 3, 3, 54), (54, 3, 3, 54), (54, 3, 3, 54), (54, 3, 3, 54), (54, 3, 3, 9), (9, 3, 3, 1)].
-> E = <Lh|CC*> + <ALhAL*|CC*|ARhAR*> + <CC*|Rh> = 1.0017724092700595 + 0.6970724682895728 + 4.364267353520644 = 6.063112231080276.
- C_updated leg dimensions: [(1, 3, 3, 9), (9, 3, 3, 9), (9, 3, 3, 9), (9, 3, 3, 9), (9, 3, 3, 9), (9, 3, 3, 9), (9, 3, 3, 9), (9, 3, 3, 9), (9, 3, 3, 9), (9, 3, 3, 9), (9, 3, 3, 1)].
- largest Hermiticity error: 4.436320726778617e-09.
- maximal number of matvec operations: 51.
-> E_updated = 5.451413504565419.
Orthogonality column 6:
- C leg dimensions: [(1, 3, 3, 9), (9, 3, 3, 9), (9, 3, 3, 9), (9, 3, 3, 9), (9, 3, 3, 9), (9, 3, 3, 9), (9, 3, 3, 9), (9, 3, 3, 9), (9, 3, 3, 9), (9, 3, 3, 9), (9, 3, 3, 1)].
- Lh leg dimensions: [(1, 3, 3, 9), (9, 3, 3, 54), (54, 3, 3, 54), (54, 3, 3, 54), (54, 3, 3, 54), (54, 3, 3, 54), (54, 3, 3, 54), (54, 3, 3, 54), (54, 3, 3, 54), (54, 3, 3, 9), (9, 3, 3, 1)].
- Rh leg dimensions: [(1, 3, 3, 9), (9, 3, 3, 54), (54, 3, 3, 54), (54, 3, 3, 54), (54, 3, 3, 54), (54, 3, 3, 54), (54, 3, 3, 54), (54, 3, 3, 54), (54, 3, 3, 54), (54, 3, 3, 9), (9, 3, 3, 1)].
-> E = <Lh|CC*> + <ALhAL*|CC*|ARhAR*> + <CC*|Rh> = 1.1611031332008017 + 0.7522612977453447 + 3.966420410708654 = 5.8797848416548.
- C_updated leg dimensions: [(1, 3, 3, 9), (9, 3, 3, 9), (9, 3, 3, 9), (9, 3, 3, 9), (9, 3, 3, 9), (9, 3, 3, 9), (9, 3, 3, 9), (9, 3, 3, 9), (9, 3, 3, 9), (9, 3, 3, 9), (9, 3, 3, 1)].
- largest Hermiticity error: 4.400362425153536e-09.
- maximal number of matvec operations: 41.
-> E_updated = 5.525196815596088.
Orthogonality column 7:
- C leg dimensions: [(1, 3, 3, 9), (9, 3, 3, 9), (9, 3, 3, 9), (9, 3, 3, 9), (9, 3, 3, 9), (9, 3, 3, 9), (9, 3, 3, 9), (9, 3, 3, 9), (9, 3, 3, 9), (9, 3, 3, 9), (9, 3, 3, 1)].
- Lh leg dimensions: [(1, 3, 3, 9), (9, 3, 3, 54), (54, 3, 3, 54), (54, 3, 3, 54), (54, 3, 3, 54), (54, 3, 3, 54), (54, 3, 3, 54), (54, 3, 3, 54), (54, 3, 3, 54), (54, 3, 3, 9), (9, 3, 3, 1)].
- Rh leg dimensions: [(1, 3, 3, 9), (9, 3, 3, 54), (54, 3, 3, 54), (54, 3, 3, 54), (54, 3, 3, 54), (54, 3, 3, 54), (54, 3, 3, 54), (54, 3, 3, 54), (54, 3, 3, 54), (54, 3, 3, 9), (9, 3, 3, 1)].
-> E = <Lh|CC*> + <ALhAL*|CC*|ARhAR*> + <CC*|Rh> = 1.6371964400567436 + 0.7662707256717693 + 3.429934085733922 = 5.833401251462435.
- C_updated leg dimensions: [(1, 3, 3, 9), (9, 3, 3, 9), (9, 3, 3, 9), (9, 3, 3, 9), (9, 3, 3, 9), (9, 3, 3, 9), (9, 3, 3, 9), (9, 3, 3, 9), (9, 3, 3, 9), (9, 3, 3, 9), (9, 3, 3, 1)].
- largest Hermiticity error: 1.9674941737178452e-08.
- maximal number of matvec operations: 41.
-> E_updated = 5.309123128341785.
Orthogonality column 8:
- C leg dimensions: [(1, 3, 3, 9), (9, 3, 3, 9), (9, 3, 3, 9), (9, 3, 3, 9), (9, 3, 3, 9), (9, 3, 3, 9), (9, 3, 3, 9), (9, 3, 3, 9), (9, 3, 3, 9), (9, 3, 3, 9), (9, 3, 3, 1)].
- Lh leg dimensions: [(1, 3, 3, 9), (9, 3, 3, 54), (54, 3, 3, 54), (54, 3, 3, 54), (54, 3, 3, 54), (54, 3, 3, 54), (54, 3, 3, 54), (54, 3, 3, 54), (54, 3, 3, 54), (54, 3, 3, 9), (9, 3, 3, 1)].
- Rh leg dimensions: [(1, 3, 3, 8), (8, 3, 3, 45), (45, 3, 3, 25), (25, 3, 3, 54), (54, 3, 3, 25), (25, 3, 3, 54), (54, 3, 3, 25), (25, 3, 3, 54), (54, 3, 3, 25), (25, 3, 3, 9), (9, 3, 3, 1)].
-> E = <Lh|CC*> + <ALhAL*|CC*|ARhAR*> + <CC*|Rh> = 2.069847485348349 + 0.6761448088015528 + 2.7457736874000935 = 5.491765981549995.
- C_updated leg dimensions: [(1, 3, 3, 9), (9, 3, 3, 9), (9, 3, 3, 9), (9, 3, 3, 9), (9, 3, 3, 9), (9, 3, 3, 9), (9, 3, 3, 9), (9, 3, 3, 9), (9, 3, 3, 9), (9, 3, 3, 9), (9, 3, 3, 1)].
- largest Hermiticity error: 1.472537231127894e-08.
- maximal number of matvec operations: 41.
-> E_updated = 4.562846909209491.
Orthogonality column 9:
- C leg dimensions: [(1, 3, 2, 9), (9, 3, 3, 9), (9, 3, 2, 9), (9, 3, 3, 9), (9, 3, 2, 9), (9, 3, 3, 9), (9, 3, 2, 9), (9, 3, 3, 9), (9, 3, 2, 9), (9, 3, 3, 9), (9, 3, 3, 1)].
- Lh leg dimensions: [(1, 3, 3, 9), (9, 3, 3, 54), (54, 3, 3, 54), (54, 3, 3, 54), (54, 3, 3, 54), (54, 3, 3, 54), (54, 3, 3, 54), (54, 3, 3, 54), (54, 3, 3, 54), (54, 3, 3, 9), (9, 3, 3, 1)].
- Rh leg dimensions: [(1, 2, 2, 4), (4, 3, 3, 8), (8, 2, 2, 25), (25, 3, 3, 8), (8, 2, 2, 25), (25, 3, 3, 8), (8, 2, 2, 25), (25, 3, 3, 8), (8, 2, 2, 25), (25, 3, 3, 9), (9, 3, 3, 1)].
-> E = <Lh|CC*> + <ALhAL*|CC*|ARhAR*> + <CC*|Rh> = 2.336144293141452 + 0.4752359270312569 + 1.805669355894361 = 4.617049576067069.
- C_updated leg dimensions: [(1, 3, 2, 6), (6, 3, 3, 9), (9, 3, 2, 9), (9, 3, 3, 9), (9, 3, 2, 9), (9, 3, 3, 9), (9, 3, 2, 9), (9, 3, 3, 9), (9, 3, 2, 9), (9, 3, 3, 9), (9, 3, 3, 1)].
- largest Hermiticity error: 4.164991475927579e-07.
- maximal number of matvec operations: 41.
-> E_updated = 3.712664461657616.
Orthogonality column 10:
- C leg dimensions: [(1, 3, 2, 6), (6, 3, 2, 9), (9, 3, 2, 9), (9, 3, 2, 9), (9, 3, 2, 9), (9, 3, 2, 9), (9, 3, 2, 9), (9, 3, 2, 9), (9, 3, 2, 9), (9, 3, 2, 9), (9, 3, 3, 1)].
- Lh leg dimensions: [(1, 3, 3, 9), (9, 3, 3, 54), (54, 3, 3, 54), (54, 3, 3, 54), (54, 3, 3, 54), (54, 3, 3, 54), (54, 3, 3, 54), (54, 3, 3, 54), (54, 3, 3, 54), (54, 3, 3, 9), (9, 3, 3, 1)].
- Rh leg dimensions: [(1, 2, 2, 3), (3, 2, 2, 8), (8, 2, 2, 3), (3, 2, 2, 8), (8, 2, 2, 3), (3, 2, 2, 8), (8, 2, 2, 3), (3, 2, 2, 8), (8, 2, 2, 3), (3, 2, 2, 8), (8, 3, 3, 1)].
-> E = <Lh|CC*> + <ALhAL*|CC*|ARhAR*> + <CC*|Rh> = 2.50854812028044 + 0.31053781171651884 + 0.9664686557787173 = 3.7855545877756764.
- C_updated leg dimensions: [(1, 3, 2, 6), (6, 3, 2, 9), (9, 3, 2, 9), (9, 3, 2, 9), (9, 3, 2, 9), (9, 3, 2, 9), (9, 3, 2, 9), (9, 3, 2, 9), (9, 3, 2, 9), (9, 3, 2, 9), (9, 3, 3, 1)].
- largest Hermiticity error: 2.40884465693618e-07.
- maximal number of matvec operations: 41.
-> E_updated = 2.7903930777995005.
Orthogonality column 11:
- C leg dimensions: [(1, 3, 1, 6), (6, 3, 2, 9), (9, 3, 1, 9), (9, 3, 2, 9), (9, 3, 1, 9), (9, 3, 2, 9), (9, 3, 1, 9), (9, 3, 2, 9), (9, 3, 1, 9), (9, 3, 2, 6), (6, 3, 2, 1)].
- Lh leg dimensions: [(1, 3, 3, 9), (9, 3, 3, 54), (54, 3, 3, 54), (54, 3, 3, 54), (54, 3, 3, 54), (54, 3, 3, 54), (54, 3, 3, 54), (54, 3, 3, 54), (54, 3, 3, 54), (54, 3, 3, 9), (9, 3, 3, 1)].
-> E = <Lh|CC*> + <ALhAL*|CC*|ARhAR*> + <CC*|Rh> = 2.459081282471111 + 0.4103296078232237 + None = 2.8694108902943345.
- C_updated leg dimensions: [(1, 3, 1, 3), (3, 3, 2, 9), (9, 3, 1, 9), (9, 3, 2, 9), (9, 3, 1, 9), (9, 3, 2, 9), (9, 3, 1, 9), (9, 3, 2, 9), (9, 3, 1, 9), (9, 3, 2, 6), (6, 3, 2, 1)].
- largest Hermiticity error: 3.481714010866431e-05.
- maximal number of matvec operations: 31.
-> E_updated = 2.7887278528544157.
Orthogonality column 12:
- C leg dimensions: [(1, 3, 1, 3), (3, 3, 1, 9), (9, 3, 1, 9), (9, 3, 1, 9), (9, 3, 1, 9), (9, 3, 1, 9), (9, 3, 1, 9), (9, 3, 1, 9), (9, 3, 1, 9), (9, 3, 1, 6), (6, 3, 1, 1)].
- Lh leg dimensions: [(1, 3, 3, 9), (9, 3, 3, 54), (54, 3, 3, 54), (54, 3, 3, 54), (54, 3, 3, 54), (54, 3, 3, 54), (54, 3, 3, 54), (54, 3, 3, 54), (54, 3, 3, 54), (54, 3, 3, 9), (9, 3, 3, 1)].
-> E = <Lh|CC*> + <ALhAL*|CC*|ARhAR*> + <CC*|Rh> = 2.8440286070047045 + None + None = 2.8440286070047045.
- C_updated leg dimensions: [(1, 3, 1, 3), (3, 3, 1, 9), (9, 3, 1, 9), (9, 3, 1, 9), (9, 3, 1, 9), (9, 3, 1, 9), (9, 3, 1, 9), (9, 3, 1, 9), (9, 3, 1, 9), (9, 3, 1, 3), (3, 3, 1, 1)].
- largest Hermiticity error: 1.454457124879006e-05.
- maximal number of matvec operations: 31.
-> E_updated = 2.8296418876266665.
Orthogonality column 11:
- C leg dimensions: [(1, 3, 1, 3), (3, 3, 2, 9), (9, 3, 1, 9), (9, 3, 2, 9), (9, 3, 1, 9), (9, 3, 2, 9), (9, 3, 2, 9), (9, 3, 1, 9), (9, 3, 2, 9), (9, 3, 1, 3), (3, 3, 2, 1)].
- Lh leg dimensions: [(1, 3, 3, 9), (9, 3, 3, 54), (54, 3, 3, 54), (54, 3, 3, 54), (54, 3, 3, 54), (54, 3, 3, 54), (54, 3, 3, 54), (54, 3, 3, 54), (54, 3, 3, 54), (54, 3, 3, 9), (9, 3, 3, 1)].
-> E = <Lh|CC*> + <ALhAL*|CC*|ARhAR*> + <CC*|Rh> = 2.446880590319589 + 0.3779841244649149 + None = 2.824864714784504.
- C_updated leg dimensions: [(1, 3, 1, 3), (3, 3, 2, 9), (9, 3, 1, 9), (9, 3, 2, 9), (9, 3, 1, 9), (9, 3, 2, 9), (9, 3, 2, 9), (9, 3, 1, 9), (9, 3, 2, 9), (9, 3, 1, 6), (6, 3, 2, 1)].
- largest Hermiticity error: 4.124880709727875e-05.
- maximal number of matvec operations: 41.
-> E_updated = 2.7886610211882377.
Orthogonality column 10:
- C leg dimensions: [(1, 3, 2, 3), (3, 3, 2, 9), (9, 3, 2, 9), (9, 3, 2, 9), (9, 3, 2, 9), (9, 3, 3, 9), (9, 3, 2, 9), (9, 3, 2, 9), (9, 3, 2, 9), (9, 3, 2, 6), (6, 3, 2, 1)].
- Lh leg dimensions: [(1, 3, 3, 9), (9, 3, 3, 54), (54, 3, 3, 54), (54, 3, 3, 54), (54, 3, 3, 54), (54, 3, 3, 54), (54, 3, 3, 54), (54, 3, 3, 54), (54, 3, 3, 54), (54, 3, 3, 9), (9, 3, 3, 1)].
- Rh leg dimensions: [(1, 2, 2, 3), (3, 2, 2, 8), (8, 2, 2, 3), (3, 2, 2, 8), (8, 2, 2, 3), (3, 3, 3, 9), (9, 2, 2, 3), (3, 2, 2, 8), (8, 2, 2, 3), (3, 2, 2, 4), (4, 2, 2, 1)].
-> E = <Lh|CC*> + <ALhAL*|CC*|ARhAR*> + <CC*|Rh> = 2.4184842523164813 + -0.00014385814481161218 + 0.36843143293616315 = 2.7867718271078328.
- C_updated leg dimensions: [(1, 3, 2, 6), (6, 3, 2, 9), (9, 3, 2, 9), (9, 3, 2, 9), (9, 3, 2, 9), (9, 3, 3, 9), (9, 3, 2, 9), (9, 3, 2, 9), (9, 3, 2, 9), (9, 3, 2, 6), (6, 3, 2, 1)].
- largest Hermiticity error: 3.182461446191627e-07.
- maximal number of matvec operations: 41.
-> E_updated = 2.7121679299164.
Orthogonality column 9:
- C leg dimensions: [(1, 3, 2, 6), (6, 3, 3, 9), (9, 3, 2, 9), (9, 3, 3, 9), (9, 3, 3, 9), (9, 3, 3, 9), (9, 3, 3, 9), (9, 3, 2, 9), (9, 3, 3, 9), (9, 3, 2, 6), (6, 3, 3, 1)].
- Lh leg dimensions: [(1, 3, 3, 9), (9, 3, 3, 54), (54, 3, 3, 54), (54, 3, 3, 54), (54, 3, 3, 54), (54, 3, 3, 54), (54, 3, 3, 54), (54, 3, 3, 54), (54, 3, 3, 54), (54, 3, 3, 9), (9, 3, 3, 1)].
- Rh leg dimensions: [(1, 2, 2, 4), (4, 3, 3, 8), (8, 2, 2, 25), (25, 3, 3, 8), (8, 3, 3, 45), (45, 3, 3, 12), (12, 3, 3, 25), (25, 2, 2, 8), (8, 3, 3, 25), (25, 2, 2, 8), (8, 3, 3, 1)].
-> E = <Lh|CC*> + <ALhAL*|CC*|ARhAR*> + <CC*|Rh> = 2.34108565306973 + 0.0007275328426323891 + 0.34638027262184784 = 2.68819345853421.
- C_updated leg dimensions: [(1, 3, 2, 6), (6, 3, 3, 9), (9, 3, 2, 9), (9, 3, 3, 9), (9, 3, 3, 9), (9, 3, 3, 9), (9, 3, 3, 9), (9, 3, 2, 9), (9, 3, 3, 9), (9, 3, 2, 9), (9, 3, 3, 1)].
- largest Hermiticity error: 3.4055730711786283e-07.
- maximal number of matvec operations: 41.
-> E_updated = 2.4739294607353273.
Orthogonality column 8:
- C leg dimensions: [(1, 3, 3, 6), (6, 3, 3, 9), (9, 3, 3, 9), (9, 3, 3, 9), (9, 3, 3, 9), (9, 3, 3, 9), (9, 3, 3, 9), (9, 3, 3, 9), (9, 3, 3, 9), (9, 3, 3, 9), (9, 3, 3, 1)].
- Lh leg dimensions: [(1, 3, 3, 9), (9, 3, 3, 54), (54, 3, 3, 54), (54, 3, 3, 54), (54, 3, 3, 54), (54, 3, 3, 54), (54, 3, 3, 54), (54, 3, 3, 54), (54, 3, 3, 54), (54, 3, 3, 9), (9, 3, 3, 1)].
- Rh leg dimensions: [(1, 3, 3, 8), (8, 3, 3, 45), (45, 3, 3, 26), (26, 3, 3, 54), (54, 3, 3, 45), (45, 3, 3, 54), (54, 3, 3, 25), (25, 3, 3, 54), (54, 3, 3, 25), (25, 3, 3, 9), (9, 3, 3, 1)].
-> E = <Lh|CC*> + <ALhAL*|CC*|ARhAR*> + <CC*|Rh> = 2.012823458071368 + 0.3154130265890222 + 0.14422664784536707 = 2.472463132505757.
- C_updated leg dimensions: [(1, 3, 3, 9), (9, 3, 3, 9), (9, 3, 3, 9), (9, 3, 3, 9), (9, 3, 3, 9), (9, 3, 3, 9), (9, 3, 3, 9), (9, 3, 3, 9), (9, 3, 3, 9), (9, 3, 3, 9), (9, 3, 3, 1)].
- largest Hermiticity error: 1.2088401013128368e-08.
- maximal number of matvec operations: 41.
-> E_updated = 2.3071313585720836.
Orthogonality column 7:
- C leg dimensions: [(1, 3, 3, 9), (9, 3, 3, 9), (9, 3, 3, 9), (9, 3, 3, 9), (9, 3, 3, 9), (9, 3, 3, 9), (9, 3, 3, 9), (9, 3, 3, 9), (9, 3, 3, 9), (9, 3, 3, 9), (9, 3, 3, 1)].
- Lh leg dimensions: [(1, 3, 3, 9), (9, 3, 3, 54), (54, 3, 3, 54), (54, 3, 3, 54), (54, 3, 3, 54), (54, 3, 3, 54), (54, 3, 3, 54), (54, 3, 3, 54), (54, 3, 3, 54), (54, 3, 3, 9), (9, 3, 3, 1)].
- Rh leg dimensions: [(1, 3, 3, 9), (9, 3, 3, 54), (54, 3, 3, 54), (54, 3, 3, 54), (54, 3, 3, 54), (54, 3, 3, 54), (54, 3, 3, 54), (54, 3, 3, 54), (54, 3, 3, 54), (54, 3, 3, 9), (9, 3, 3, 1)].
-> E = <Lh|CC*> + <ALhAL*|CC*|ARhAR*> + <CC*|Rh> = 1.4200798440089313 + 0.5449241521293232 + 0.3349386456839161 = 2.2999426418221707.
- C_updated leg dimensions: [(1, 3, 3, 9), (9, 3, 3, 9), (9, 3, 3, 9), (9, 3, 3, 9), (9, 3, 3, 9), (9, 3, 3, 9), (9, 3, 3, 9), (9, 3, 3, 9), (9, 3, 3, 9), (9, 3, 3, 9), (9, 3, 3, 1)].
- largest Hermiticity error: 1.548003410878039e-08.
- maximal number of matvec operations: 41.
-> E_updated = 1.8069999826668157.
Orthogonality column 6:
- C leg dimensions: [(1, 3, 3, 9), (9, 3, 3, 9), (9, 3, 3, 9), (9, 3, 3, 9), (9, 3, 3, 9), (9, 3, 3, 9), (9, 3, 3, 9), (9, 3, 3, 9), (9, 3, 3, 9), (9, 3, 3, 9), (9, 3, 3, 1)].
- Lh leg dimensions: [(1, 3, 3, 9), (9, 3, 3, 54), (54, 3, 3, 54), (54, 3, 3, 54), (54, 3, 3, 54), (54, 3, 3, 54), (54, 3, 3, 54), (54, 3, 3, 54), (54, 3, 3, 54), (54, 3, 3, 9), (9, 3, 3, 1)].
- Rh leg dimensions: [(1, 3, 3, 9), (9, 3, 3, 54), (54, 3, 3, 54), (54, 3, 3, 54), (54, 3, 3, 54), (54, 3, 3, 54), (54, 3, 3, 54), (54, 3, 3, 54), (54, 3, 3, 54), (54, 3, 3, 9), (9, 3, 3, 1)].
-> E = <Lh|CC*> + <ALhAL*|CC*|ARhAR*> + <CC*|Rh> = 1.146457426508157 + 0.3231768143236052 + 0.35809457764324065 = 1.827728818475003.
- C_updated leg dimensions: [(1, 3, 3, 9), (9, 3, 3, 9), (9, 3, 3, 9), (9, 3, 3, 9), (9, 3, 3, 9), (9, 3, 3, 9), (9, 3, 3, 9), (9, 3, 3, 9), (9, 3, 3, 9), (9, 3, 3, 9), (9, 3, 3, 1)].
- largest Hermiticity error: 7.985158044974874e-12.
- maximal number of matvec operations: 41.
-> E_updated = 1.3511194709396652.
Orthogonality column 5:
- C leg dimensions: [(1, 3, 3, 9), (9, 3, 3, 9), (9, 3, 3, 9), (9, 3, 3, 9), (9, 3, 3, 9), (9, 3, 3, 9), (9, 3, 3, 9), (9, 3, 3, 9), (9, 3, 3, 9), (9, 3, 3, 9), (9, 3, 3, 1)].
- Lh leg dimensions: [(1, 3, 3, 9), (9, 3, 3, 54), (54, 3, 3, 54), (54, 3, 3, 54), (54, 3, 3, 54), (54, 3, 3, 54), (54, 3, 3, 54), (54, 3, 3, 54), (54, 3, 3, 54), (54, 3, 3, 9), (9, 3, 3, 1)].
- Rh leg dimensions: [(1, 3, 3, 9), (9, 3, 3, 54), (54, 3, 3, 54), (54, 3, 3, 54), (54, 3, 3, 54), (54, 3, 3, 54), (54, 3, 3, 54), (54, 3, 3, 54), (54, 3, 3, 54), (54, 3, 3, 9), (9, 3, 3, 1)].
-> E = <Lh|CC*> + <ALhAL*|CC*|ARhAR*> + <CC*|Rh> = 0.6855980788994315 + 0.4377306830236651 + 0.23199943760899283 = 1.3553281995320894.
- C_updated leg dimensions: [(1, 3, 3, 9), (9, 3, 3, 9), (9, 3, 3, 9), (9, 3, 3, 9), (9, 3, 3, 9), (9, 3, 3, 9), (9, 3, 3, 9), (9, 3, 3, 9), (9, 3, 3, 9), (9, 3, 3, 9), (9, 3, 3, 1)].
- largest Hermiticity error: 7.794387658139151e-12.
- maximal number of matvec operations: 41.
-> E_updated = 0.9955757932871825.
Orthogonality column 4:
- C leg dimensions: [(1, 3, 3, 9), (9, 3, 3, 9), (9, 3, 3, 9), (9, 3, 3, 9), (9, 3, 3, 9), (9, 3, 3, 9), (9, 3, 3, 9), (9, 3, 3, 9), (9, 3, 3, 9), (9, 3, 3, 9), (9, 3, 3, 1)].
- Lh leg dimensions: [(1, 3, 3, 9), (9, 3, 3, 25), (25, 3, 3, 54), (54, 3, 3, 25), (25, 3, 3, 54), (54, 3, 3, 45), (45, 3, 3, 54), (54, 3, 3, 25), (25, 3, 3, 45), (45, 3, 3, 8), (8, 3, 3, 1)].
- Rh leg dimensions: [(1, 3, 3, 9), (9, 3, 3, 54), (54, 3, 3, 54), (54, 3, 3, 54), (54, 3, 3, 54), (54, 3, 3, 54), (54, 3, 3, 54), (54, 3, 3, 54), (54, 3, 3, 54), (54, 3, 3, 9), (9, 3, 3, 1)].
-> E = <Lh|CC*> + <ALhAL*|CC*|ARhAR*> + <CC*|Rh> = 0.4842935078013309 + 0.20171799428609405 + 0.3119982784140312 = 0.9980097805014561.
- C_updated leg dimensions: [(1, 3, 3, 9), (9, 3, 3, 9), (9, 3, 3, 9), (9, 3, 3, 9), (9, 3, 3, 9), (9, 3, 3, 9), (9, 3, 3, 9), (9, 3, 3, 9), (9, 3, 3, 9), (9, 3, 3, 9), (9, 3, 3, 1)].
- largest Hermiticity error: 5.108976091738241e-10.
- maximal number of matvec operations: 51.
-> E_updated = 0.47305401219963283.
Orthogonality column 3:
- C leg dimensions: [(1, 3, 3, 9), (9, 2, 3, 9), (9, 3, 3, 9), (9, 2, 3, 9), (9, 3, 3, 9), (9, 3, 3, 9), (9, 3, 3, 9), (9, 3, 3, 9), (9, 2, 3, 9), (9, 3, 3, 6), (6, 2, 3, 1)].
- Lh leg dimensions: [(1, 3, 3, 8), (8, 2, 2, 25), (25, 3, 3, 8), (8, 2, 2, 25), (25, 3, 3, 12), (12, 3, 3, 45), (45, 3, 3, 8), (8, 3, 3, 25), (25, 2, 2, 8), (8, 3, 3, 4), (4, 2, 2, 1)].
- Rh leg dimensions: [(1, 3, 3, 9), (9, 3, 3, 54), (54, 3, 3, 54), (54, 3, 3, 54), (54, 3, 3, 54), (54, 3, 3, 54), (54, 3, 3, 54), (54, 3, 3, 54), (54, 3, 3, 54), (54, 3, 3, 9), (9, 3, 3, 1)].
-> E = <Lh|CC*> + <ALhAL*|CC*|ARhAR*> + <CC*|Rh> = 0.3117507559317509 + 0.18316117488756423 + -0.003968149504632385 = 0.49094378131468275.
- C_updated leg dimensions: [(1, 3, 3, 9), (9, 2, 3, 9), (9, 3, 3, 9), (9, 2, 3, 9), (9, 3, 3, 9), (9, 3, 3, 9), (9, 3, 3, 9), (9, 3, 3, 9), (9, 2, 3, 9), (9, 3, 3, 6), (6, 2, 3, 1)].
- largest Hermiticity error: 3.033903991261369e-10.
- maximal number of matvec operations: 51.
-> E_updated = 0.33903587634348087.
Orthogonality column 2:
- C leg dimensions: [(1, 2, 3, 6), (6, 2, 3, 9), (9, 2, 3, 9), (9, 2, 3, 9), (9, 2, 3, 9), (9, 3, 3, 9), (9, 2, 3, 9), (9, 2, 3, 9), (9, 2, 3, 9), (9, 2, 3, 6), (6, 2, 3, 1)].
- Lh leg dimensions: [(1, 2, 2, 4), (4, 2, 2, 3), (3, 2, 2, 8), (8, 2, 2, 3), (3, 2, 2, 9), (9, 3, 3, 3), (3, 2, 2, 8), (8, 2, 2, 3), (3, 2, 2, 8), (8, 2, 2, 3), (3, 2, 2, 1)].
- Rh leg dimensions: [(1, 3, 3, 9), (9, 3, 3, 54), (54, 3, 3, 54), (54, 3, 3, 54), (54, 3, 3, 54), (54, 3, 3, 54), (54, 3, 3, 54), (54, 3, 3, 54), (54, 3, 3, 54), (54, 3, 3, 9), (9, 3, 3, 1)].
-> E = <Lh|CC*> + <ALhAL*|CC*|ARhAR*> + <CC*|Rh> = 0.36469898978171605 + -0.04896041304831983 + 0.04531629240101263 = 0.3610548691344089.
- C_updated leg dimensions: [(1, 2, 3, 6), (6, 2, 3, 9), (9, 2, 3, 9), (9, 2, 3, 9), (9, 2, 3, 9), (9, 3, 3, 9), (9, 2, 3, 9), (9, 2, 3, 9), (9, 2, 3, 9), (9, 2, 3, 6), (6, 2, 3, 1)].
- largest Hermiticity error: 2.3117355826175153e-09.
- maximal number of matvec operations: 51.
-> E_updated = 0.22362591637197632.
Orthogonality column 1:
- C leg dimensions: [(1, 2, 3, 6), (6, 1, 3, 9), (9, 2, 3, 9), (9, 1, 3, 9), (9, 2, 3, 9), (9, 2, 3, 9), (9, 1, 3, 9), (9, 2, 3, 9), (9, 1, 3, 9), (9, 2, 3, 3), (3, 1, 3, 1)].
- Rh leg dimensions: [(1, 3, 3, 9), (9, 3, 3, 54), (54, 3, 3, 54), (54, 3, 3, 54), (54, 3, 3, 54), (54, 3, 3, 54), (54, 3, 3, 54), (54, 3, 3, 54), (54, 3, 3, 54), (54, 3, 3, 9), (9, 3, 3, 1)].
-> E = <Lh|CC*> + <ALhAL*|CC*|ARhAR*> + <CC*|Rh> = None + 0.3481758615486123 + -0.08454099329657465 = 0.26363486825203764.
- C_updated leg dimensions: [(1, 2, 3, 6), (6, 1, 3, 9), (9, 2, 3, 9), (9, 1, 3, 9), (9, 2, 3, 9), (9, 2, 3, 9), (9, 1, 3, 9), (9, 2, 3, 9), (9, 1, 3, 9), (9, 2, 3, 3), (3, 1, 3, 1)].
- largest Hermiticity error: 4.670944251478964e-09.
- maximal number of matvec operations: 41.
-> E_updated = 0.25449147810165534.
Orthogonality column 0:
- C leg dimensions: [(1, 1, 3, 3), (3, 1, 3, 9), (9, 1, 3, 9), (9, 1, 3, 9), (9, 1, 3, 9), (9, 1, 3, 9), (9, 1, 3, 9), (9, 1, 3, 9), (9, 1, 3, 9), (9, 1, 3, 3), (3, 1, 3, 1)].
- Rh leg dimensions: [(1, 3, 3, 9), (9, 3, 3, 54), (54, 3, 3, 54), (54, 3, 3, 54), (54, 3, 3, 54), (54, 3, 3, 54), (54, 3, 3, 54), (54, 3, 3, 54), (54, 3, 3, 54), (54, 3, 3, 9), (9, 3, 3, 1)].
-> E = <Lh|CC*> + <ALhAL*|CC*|ARhAR*> + <CC*|Rh> = None + None + 0.27940539604871123 = 0.27940539604871123.
- C_updated leg dimensions: [(1, 1, 3, 3), (3, 1, 3, 9), (9, 1, 3, 9), (9, 1, 3, 9), (9, 1, 3, 9), (9, 1, 3, 9), (9, 1, 3, 9), (9, 1, 3, 9), (9, 1, 3, 9), (9, 1, 3, 3), (3, 1, 3, 1)].
- largest Hermiticity error: 7.735984281661633e-05.
- maximal number of matvec operations: 41.
-> E_updated = 0.2755978089835664.
=> <H> - E0 = 0.22223092360439978.

DMRGSquared sweep 2 ...
Orthogonality column 0:
- C leg dimensions: [(1, 1, 3, 3), (3, 1, 3, 9), (9, 1, 3, 9), (9, 1, 3, 9), (9, 1, 3, 9), (9, 1, 3, 9), (9, 1, 3, 9), (9, 1, 3, 9), (9, 1, 3, 9), (9, 1, 3, 3), (3, 1, 3, 1)].
- Rh leg dimensions: [(1, 3, 3, 9), (9, 3, 3, 54), (54, 3, 3, 54), (54, 3, 3, 54), (54, 3, 3, 54), (54, 3, 3, 54), (54, 3, 3, 54), (54, 3, 3, 54), (54, 3, 3, 54), (54, 3, 3, 9), (9, 3, 3, 1)].
-> E = <Lh|CC*> + <ALhAL*|CC*|ARhAR*> + <CC*|Rh> = None + None + 0.2755977948974531 = 0.2755977948974531.
- C_updated leg dimensions: [(1, 1, 3, 3), (3, 1, 3, 9), (9, 1, 3, 9), (9, 1, 3, 9), (9, 1, 3, 9), (9, 1, 3, 9), (9, 1, 3, 9), (9, 1, 3, 9), (9, 1, 3, 9), (9, 1, 3, 3), (3, 1, 3, 1)].
- largest Hermiticity error: 4.750474250577667e-05.
- maximal number of matvec operations: 31.
-> E_updated = 0.2755978056110144.
Orthogonality column 1:
- C leg dimensions: [(1, 2, 3, 3), (3, 1, 3, 9), (9, 2, 3, 9), (9, 1, 3, 9), (9, 2, 3, 9), (9, 2, 3, 9), (9, 1, 3, 9), (9, 2, 3, 9), (9, 1, 3, 9), (9, 2, 3, 3), (3, 1, 3, 1)].
- Rh leg dimensions: [(1, 3, 3, 9), (9, 3, 3, 54), (54, 3, 3, 54), (54, 3, 3, 54), (54, 3, 3, 54), (54, 3, 3, 54), (54, 3, 3, 54), (54, 3, 3, 54), (54, 3, 3, 54), (54, 3, 3, 9), (9, 3, 3, 1)].
-> E = <Lh|CC*> + <ALhAL*|CC*|ARhAR*> + <CC*|Rh> = None + 0.34605437709969755 + -0.08005174169191878 = 0.2660026354077788.
- C_updated leg dimensions: [(1, 2, 3, 6), (6, 1, 3, 9), (9, 2, 3, 9), (9, 1, 3, 9), (9, 2, 3, 9), (9, 2, 3, 9), (9, 1, 3, 9), (9, 2, 3, 9), (9, 1, 3, 9), (9, 2, 3, 3), (3, 1, 3, 1)].
- largest Hermiticity error: 4.804632075942981e-09.
- maximal number of matvec operations: 41.
-> E_updated = 0.25449148206067057.
Orthogonality column 2:
- C leg dimensions: [(1, 2, 3, 6), (6, 2, 3, 9), (9, 2, 3, 9), (9, 2, 3, 9), (9, 2, 3, 9), (9, 3, 3, 9), (9, 2, 3, 9), (9, 2, 3, 9), (9, 2, 3, 9), (9, 2, 3, 3), (3, 2, 3, 1)].
- Lh leg dimensions: [(1, 2, 2, 4), (4, 2, 2, 3), (3, 2, 2, 8), (8, 2, 2, 3), (3, 2, 2, 9), (9, 3, 3, 3), (3, 2, 2, 8), (8, 2, 2, 3), (3, 2, 2, 8), (8, 2, 2, 3), (3, 2, 2, 1)].
- Rh leg dimensions: [(1, 3, 3, 9), (9, 3, 3, 54), (54, 3, 3, 54), (54, 3, 3, 54), (54, 3, 3, 54), (54, 3, 3, 54), (54, 3, 3, 54), (54, 3, 3, 54), (54, 3, 3, 54), (54, 3, 3, 9), (9, 3, 3, 1)].
-> E = <Lh|CC*> + <ALhAL*|CC*|ARhAR*> + <CC*|Rh> = 0.3421828192732642 + -0.08690898966408338 + -0.016015125559144583 = 0.23925870405003624.
- C_updated leg dimensions: [(1, 2, 3, 6), (6, 2, 3, 9), (9, 2, 3, 9), (9, 2, 3, 9), (9, 2, 3, 9), (9, 3, 3, 9), (9, 2, 3, 9), (9, 2, 3, 9), (9, 2, 3, 9), (9, 2, 3, 6), (6, 2, 3, 1)].
- largest Hermiticity error: 1.5303350137006764e-09.
- maximal number of matvec operations: 41.
-> E_updated = 0.21824244675822074.
Orthogonality column 3:
- C leg dimensions: [(1, 3, 3, 6), (6, 2, 3, 9), (9, 3, 3, 9), (9, 2, 3, 9), (9, 3, 3, 9), (9, 3, 3, 9), (9, 3, 3, 9), (9, 3, 3, 9), (9, 2, 3, 9), (9, 3, 3, 6), (6, 2, 3, 1)].
- Lh leg dimensions: [(1, 3, 3, 8), (8, 2, 2, 25), (25, 3, 3, 8), (8, 2, 2, 25), (25, 3, 3, 12), (12, 3, 3, 45), (45, 3, 3, 8), (8, 3, 3, 25), (25, 2, 2, 8), (8, 3, 3, 4), (4, 2, 2, 1)].
- Rh leg dimensions: [(1, 3, 3, 9), (9, 3, 3, 54), (54, 3, 3, 54), (54, 3, 3, 54), (54, 3, 3, 54), (54, 3, 3, 54), (54, 3, 3, 54), (54, 3, 3, 54), (54, 3, 3, 54), (54, 3, 3, 9), (9, 3, 3, 1)].
-> E = <Lh|CC*> + <ALhAL*|CC*|ARhAR*> + <CC*|Rh> = 0.24690365321602595 + -0.06684844178861485 + 0.030067156117953322 = 0.21012236754536442.
- C_updated leg dimensions: [(1, 3, 3, 9), (9, 2, 3, 9), (9, 3, 3, 9), (9, 2, 3, 9), (9, 3, 3, 9), (9, 3, 3, 9), (9, 3, 3, 9), (9, 3, 3, 9), (9, 2, 3, 9), (9, 3, 3, 6), (6, 2, 3, 1)].
- largest Hermiticity error: 2.9036028058989354e-10.
- maximal number of matvec operations: 51.
-> E_updated = 0.18907018564682582.
Orthogonality column 4:
- C leg dimensions: [(1, 3, 3, 9), (9, 3, 3, 9), (9, 3, 3, 9), (9, 3, 3, 9), (9, 3, 3, 9), (9, 3, 3, 9), (9, 3, 3, 9), (9, 3, 3, 9), (9, 3, 3, 9), (9, 3, 3, 6), (6, 3, 3, 1)].
- Lh leg dimensions: [(1, 3, 3, 9), (9, 3, 3, 25), (25, 3, 3, 54), (54, 3, 3, 25), (25, 3, 3, 54), (54, 3, 3, 45), (45, 3, 3, 54), (54, 3, 3, 25), (25, 3, 3, 45), (45, 3, 3, 8), (8, 3, 3, 1)].
- Rh leg dimensions: [(1, 3, 3, 9), (9, 3, 3, 54), (54, 3, 3, 54), (54, 3, 3, 54), (54, 3, 3, 54), (54, 3, 3, 54), (54, 3, 3, 54), (54, 3, 3, 54), (54, 3, 3, 54), (54, 3, 3, 9), (9, 3, 3, 1)].
-> E = <Lh|CC*> + <ALhAL*|CC*|ARhAR*> + <CC*|Rh> = 0.17526737895648056 + -0.06819084466376636 + 0.07497220247434354 = 0.18204873676705774.
- C_updated leg dimensions: [(1, 3, 3, 9), (9, 3, 3, 9), (9, 3, 3, 9), (9, 3, 3, 9), (9, 3, 3, 9), (9, 3, 3, 9), (9, 3, 3, 9), (9, 3, 3, 9), (9, 3, 3, 9), (9, 3, 3, 9), (9, 3, 3, 1)].
- largest Hermiticity error: 1.1590576040148768e-09.
- maximal number of matvec operations: 51.
-> E_updated = 0.1501774039967199.
Orthogonality column 5:
- C leg dimensions: [(1, 3, 3, 9), (9, 3, 3, 9), (9, 3, 3, 9), (9, 3, 3, 9), (9, 3, 3, 9), (9, 3, 3, 9), (9, 3, 3, 9), (9, 3, 3, 9), (9, 3, 3, 9), (9, 3, 3, 9), (9, 3, 3, 1)].
- Lh leg dimensions: [(1, 3, 3, 9), (9, 3, 3, 54), (54, 3, 3, 54), (54, 3, 3, 54), (54, 3, 3, 54), (54, 3, 3, 54), (54, 3, 3, 54), (54, 3, 3, 54), (54, 3, 3, 54), (54, 3, 3, 9), (9, 3, 3, 1)].
- Rh leg dimensions: [(1, 3, 3, 9), (9, 3, 3, 54), (54, 3, 3, 54), (54, 3, 3, 54), (54, 3, 3, 54), (54, 3, 3, 54), (54, 3, 3, 54), (54, 3, 3, 54), (54, 3, 3, 54), (54, 3, 3, 9), (9, 3, 3, 1)].
-> E = <Lh|CC*> + <ALhAL*|CC*|ARhAR*> + <CC*|Rh> = 0.10278215084943897 + -0.05667445879745467 + 0.10533950656822454 = 0.15144719862020883.
- C_updated leg dimensions: [(1, 3, 3, 9), (9, 3, 3, 9), (9, 3, 3, 9), (9, 3, 3, 9), (9, 3, 3, 9), (9, 3, 3, 9), (9, 3, 3, 9), (9, 3, 3, 9), (9, 3, 3, 9), (9, 3, 3, 9), (9, 3, 3, 1)].
- largest Hermiticity error: 7.336304200521894e-12.
- maximal number of matvec operations: 51.
-> E_updated = 0.11577485956636048.
Orthogonality column 6:
- C leg dimensions: [(1, 3, 3, 9), (9, 3, 3, 9), (9, 3, 3, 9), (9, 3, 3, 9), (9, 3, 3, 9), (9, 3, 3, 9), (9, 3, 3, 9), (9, 3, 3, 9), (9, 3, 3, 9), (9, 3, 3, 9), (9, 3, 3, 1)].
- Lh leg dimensions: [(1, 3, 3, 9), (9, 3, 3, 54), (54, 3, 3, 54), (54, 3, 3, 54), (54, 3, 3, 54), (54, 3, 3, 54), (54, 3, 3, 54), (54, 3, 3, 54), (54, 3, 3, 54), (54, 3, 3, 9), (9, 3, 3, 1)].
- Rh leg dimensions: [(1, 3, 3, 9), (9, 3, 3, 54), (54, 3, 3, 54), (54, 3, 3, 54), (54, 3, 3, 54), (54, 3, 3, 54), (54, 3, 3, 54), (54, 3, 3, 54), (54, 3, 3, 54), (54, 3, 3, 9), (9, 3, 3, 1)].
-> E = <Lh|CC*> + <ALhAL*|CC*|ARhAR*> + <CC*|Rh> = 0.03541878620552246 + -0.06589212660545127 + 0.14840244517530618 = 0.11792910477537738.
- C_updated leg dimensions: [(1, 3, 3, 9), (9, 3, 3, 9), (9, 3, 3, 9), (9, 3, 3, 9), (9, 3, 3, 9), (9, 3, 3, 9), (9, 3, 3, 9), (9, 3, 3, 9), (9, 3, 3, 9), (9, 3, 3, 9), (9, 3, 3, 1)].
- largest Hermiticity error: 5.444492192789424e-13.
- maximal number of matvec operations: 51.
-> E_updated = 0.08816393236162064.
Orthogonality column 7:
- C leg dimensions: [(1, 3, 3, 9), (9, 3, 3, 9), (9, 3, 3, 9), (9, 3, 3, 9), (9, 3, 3, 9), (9, 3, 3, 9), (9, 3, 3, 9), (9, 3, 3, 9), (9, 3, 3, 9), (9, 3, 3, 9), (9, 3, 3, 1)].
- Lh leg dimensions: [(1, 3, 3, 9), (9, 3, 3, 54), (54, 3, 3, 54), (54, 3, 3, 54), (54, 3, 3, 54), (54, 3, 3, 54), (54, 3, 3, 54), (54, 3, 3, 54), (54, 3, 3, 54), (54, 3, 3, 9), (9, 3, 3, 1)].
- Rh leg dimensions: [(1, 3, 3, 9), (9, 3, 3, 54), (54, 3, 3, 54), (54, 3, 3, 54), (54, 3, 3, 54), (54, 3, 3, 54), (54, 3, 3, 54), (54, 3, 3, 54), (54, 3, 3, 54), (54, 3, 3, 9), (9, 3, 3, 1)].
-> E = <Lh|CC*> + <ALhAL*|CC*|ARhAR*> + <CC*|Rh> = -0.03942934169138236 + -0.059815975013403196 + 0.19192486874914483 = 0.09267955204435926.
- C_updated leg dimensions: [(1, 3, 3, 9), (9, 3, 3, 9), (9, 3, 3, 9), (9, 3, 3, 9), (9, 3, 3, 9), (9, 3, 3, 9), (9, 3, 3, 9), (9, 3, 3, 9), (9, 3, 3, 9), (9, 3, 3, 9), (9, 3, 3, 1)].
- largest Hermiticity error: 4.909105646495788e-09.
- maximal number of matvec operations: 51.
-> E_updated = 0.06796043768421468.
Orthogonality column 8:
- C leg dimensions: [(1, 3, 3, 9), (9, 3, 3, 9), (9, 3, 3, 9), (9, 3, 3, 9), (9, 3, 3, 9), (9, 3, 3, 9), (9, 3, 3, 9), (9, 3, 3, 9), (9, 3, 3, 9), (9, 3, 3, 9), (9, 3, 3, 1)].
- Lh leg dimensions: [(1, 3, 3, 9), (9, 3, 3, 54), (54, 3, 3, 54), (54, 3, 3, 54), (54, 3, 3, 54), (54, 3, 3, 54), (54, 3, 3, 54), (54, 3, 3, 54), (54, 3, 3, 54), (54, 3, 3, 9), (9, 3, 3, 1)].
- Rh leg dimensions: [(1, 3, 3, 8), (8, 3, 3, 45), (45, 3, 3, 26), (26, 3, 3, 54), (54, 3, 3, 45), (45, 3, 3, 54), (54, 3, 3, 25), (25, 3, 3, 54), (54, 3, 3, 25), (25, 3, 3, 9), (9, 3, 3, 1)].
-> E = <Lh|CC*> + <ALhAL*|CC*|ARhAR*> + <CC*|Rh> = -0.09837177428972159 + -0.06227516603424669 + 0.23721321173584686 = 0.07656627141187858.
- C_updated leg dimensions: [(1, 3, 3, 9), (9, 3, 3, 9), (9, 3, 3, 9), (9, 3, 3, 9), (9, 3, 3, 9), (9, 3, 3, 9), (9, 3, 3, 9), (9, 3, 3, 9), (9, 3, 3, 9), (9, 3, 3, 9), (9, 3, 3, 1)].
- largest Hermiticity error: 3.494463586672015e-09.
- maximal number of matvec operations: 51.
-> E_updated = 0.0585121522600228.
Orthogonality column 9:
- C leg dimensions: [(1, 3, 2, 9), (9, 3, 3, 9), (9, 3, 2, 9), (9, 3, 3, 9), (9, 3, 3, 9), (9, 3, 3, 9), (9, 3, 3, 9), (9, 3, 2, 9), (9, 3, 3, 9), (9, 3, 2, 9), (9, 3, 3, 1)].
- Lh leg dimensions: [(1, 3, 3, 9), (9, 3, 3, 54), (54, 3, 3, 54), (54, 3, 3, 54), (54, 3, 3, 54), (54, 3, 3, 54), (54, 3, 3, 54), (54, 3, 3, 54), (54, 3, 3, 54), (54, 3, 3, 9), (9, 3, 3, 1)].
- Rh leg dimensions: [(1, 2, 2, 4), (4, 3, 3, 8), (8, 2, 2, 25), (25, 3, 3, 8), (8, 3, 3, 45), (45, 3, 3, 12), (12, 3, 3, 25), (25, 2, 2, 8), (8, 3, 3, 25), (25, 2, 2, 8), (8, 3, 3, 1)].
-> E = <Lh|CC*> + <ALhAL*|CC*|ARhAR*> + <CC*|Rh> = -0.15988013780568316 + -0.07084151974368841 + 0.3021861750797142 = 0.07146451753034261.
- C_updated leg dimensions: [(1, 3, 2, 6), (6, 3, 3, 9), (9, 3, 2, 9), (9, 3, 3, 9), (9, 3, 3, 9), (9, 3, 3, 9), (9, 3, 3, 9), (9, 3, 2, 9), (9, 3, 3, 9), (9, 3, 2, 9), (9, 3, 3, 1)].
- largest Hermiticity error: 2.7874661373277495e-09.
- maximal number of matvec operations: 51.
-> E_updated = 0.06610007948115236.
Orthogonality column 10:
- C leg dimensions: [(1, 3, 2, 6), (6, 3, 2, 9), (9, 3, 2, 9), (9, 3, 2, 9), (9, 3, 2, 9), (9, 3, 3, 9), (9, 3, 2, 9), (9, 3, 2, 9), (9, 3, 2, 9), (9, 3, 2, 9), (9, 3, 2, 1)].
- Lh leg dimensions: [(1, 3, 3, 9), (9, 3, 3, 54), (54, 3, 3, 54), (54, 3, 3, 54), (54, 3, 3, 54), (54, 3, 3, 54), (54, 3, 3, 54), (54, 3, 3, 54), (54, 3, 3, 54), (54, 3, 3, 9), (9, 3, 3, 1)].
- Rh leg dimensions: [(1, 2, 2, 3), (3, 2, 2, 8), (8, 2, 2, 3), (3, 2, 2, 8), (8, 2, 2, 3), (3, 3, 3, 9), (9, 2, 2, 3), (3, 2, 2, 8), (8, 2, 2, 3), (3, 2, 2, 4), (4, 2, 2, 1)].
-> E = <Lh|CC*> + <ALhAL*|CC*|ARhAR*> + <CC*|Rh> = -0.21883355427221407 + -0.0971620144400313 + 0.39572087708797016 = 0.07972530837572478.
- C_updated leg dimensions: [(1, 3, 2, 6), (6, 3, 2, 9), (9, 3, 2, 9), (9, 3, 2, 9), (9, 3, 2, 9), (9, 3, 3, 9), (9, 3, 2, 9), (9, 3, 2, 9), (9, 3, 2, 9), (9, 3, 2, 6), (6, 3, 2, 1)].
- largest Hermiticity error: 1.573520127079387e-09.
- maximal number of matvec operations: 51.
-> E_updated = 0.07564401105597228.
Orthogonality column 11:
- C leg dimensions: [(1, 3, 1, 6), (6, 3, 2, 9), (9, 3, 1, 9), (9, 3, 2, 9), (9, 3, 1, 9), (9, 3, 2, 9), (9, 3, 2, 9), (9, 3, 1, 9), (9, 3, 2, 9), (9, 3, 1, 6), (6, 3, 2, 1)].
- Lh leg dimensions: [(1, 3, 3, 9), (9, 3, 3, 54), (54, 3, 3, 54), (54, 3, 3, 54), (54, 3, 3, 54), (54, 3, 3, 54), (54, 3, 3, 54), (54, 3, 3, 54), (54, 3, 3, 54), (54, 3, 3, 9), (9, 3, 3, 1)].
-> E = <Lh|CC*> + <ALhAL*|CC*|ARhAR*> + <CC*|Rh> = -0.29844833779917596 + 0.39596597387699306 + None = 0.0975176360778171.
- C_updated leg dimensions: [(1, 3, 1, 3), (3, 3, 2, 9), (9, 3, 1, 9), (9, 3, 2, 9), (9, 3, 1, 9), (9, 3, 2, 9), (9, 3, 2, 9), (9, 3, 1, 9), (9, 3, 2, 9), (9, 3, 1, 6), (6, 3, 2, 1)].
- largest Hermiticity error: 2.4281396906885248e-09.
- maximal number of matvec operations: 51.
-> E_updated = 0.09418348349629577.
Orthogonality column 12:
- C leg dimensions: [(1, 3, 1, 3), (3, 3, 1, 9), (9, 3, 1, 9), (9, 3, 1, 9), (9, 3, 1, 9), (9, 3, 1, 9), (9, 3, 1, 9), (9, 3, 1, 9), (9, 3, 1, 9), (9, 3, 1, 6), (6, 3, 1, 1)].
- Lh leg dimensions: [(1, 3, 3, 9), (9, 3, 3, 54), (54, 3, 3, 54), (54, 3, 3, 54), (54, 3, 3, 54), (54, 3, 3, 54), (54, 3, 3, 54), (54, 3, 3, 54), (54, 3, 3, 54), (54, 3, 3, 9), (9, 3, 3, 1)].
-> E = <Lh|CC*> + <ALhAL*|CC*|ARhAR*> + <CC*|Rh> = 0.09756331042553969 + None + None = 0.09756331042553969.
- C_updated leg dimensions: [(1, 3, 1, 3), (3, 3, 1, 9), (9, 3, 1, 9), (9, 3, 1, 9), (9, 3, 1, 9), (9, 3, 1, 9), (9, 3, 1, 9), (9, 3, 1, 9), (9, 3, 1, 9), (9, 3, 1, 3), (3, 3, 1, 1)].
- largest Hermiticity error: 2.5233562670269065e-08.
- maximal number of matvec operations: 41.
-> E_updated = 0.09534046725946868.
Orthogonality column 11:
- C leg dimensions: [(1, 3, 1, 3), (3, 3, 2, 9), (9, 3, 1, 9), (9, 3, 2, 9), (9, 3, 1, 9), (9, 3, 2, 9), (9, 3, 2, 9), (9, 3, 1, 9), (9, 3, 2, 9), (9, 3, 1, 3), (3, 3, 2, 1)].
- Lh leg dimensions: [(1, 3, 3, 9), (9, 3, 3, 54), (54, 3, 3, 54), (54, 3, 3, 54), (54, 3, 3, 54), (54, 3, 3, 54), (54, 3, 3, 54), (54, 3, 3, 54), (54, 3, 3, 54), (54, 3, 3, 9), (9, 3, 3, 1)].
-> E = <Lh|CC*> + <ALhAL*|CC*|ARhAR*> + <CC*|Rh> = -0.2943626793286814 + 0.39642202472788124 + None = 0.10205934539919986.
- C_updated leg dimensions: [(1, 3, 1, 3), (3, 3, 2, 9), (9, 3, 1, 9), (9, 3, 2, 9), (9, 3, 1, 9), (9, 3, 2, 9), (9, 3, 2, 9), (9, 3, 1, 9), (9, 3, 2, 9), (9, 3, 1, 6), (6, 3, 2, 1)].
- largest Hermiticity error: 2.5133960347498935e-09.
- maximal number of matvec operations: 51.
-> E_updated = 0.09417877230277975.
Orthogonality column 10:
- C leg dimensions: [(1, 3, 2, 3), (3, 3, 2, 9), (9, 3, 2, 9), (9, 3, 2, 9), (9, 3, 2, 9), (9, 3, 3, 9), (9, 3, 2, 9), (9, 3, 2, 9), (9, 3, 2, 9), (9, 3, 2, 6), (6, 3, 2, 1)].
- Lh leg dimensions: [(1, 3, 3, 9), (9, 3, 3, 54), (54, 3, 3, 54), (54, 3, 3, 54), (54, 3, 3, 54), (54, 3, 3, 54), (54, 3, 3, 54), (54, 3, 3, 54), (54, 3, 3, 54), (54, 3, 3, 9), (9, 3, 3, 1)].
- Rh leg dimensions: [(1, 2, 2, 3), (3, 2, 2, 8), (8, 2, 2, 3), (3, 2, 2, 8), (8, 2, 2, 3), (3, 3, 3, 9), (9, 2, 2, 3), (3, 2, 2, 8), (8, 2, 2, 3), (3, 2, 2, 4), (4, 2, 2, 1)].
-> E = <Lh|CC*> + <ALhAL*|CC*|ARhAR*> + <CC*|Rh> = -0.213330108097255 + -0.09523703101060464 + 0.39409045745948995 = 0.0855233183516303.
- C_updated leg dimensions: [(1, 3, 2, 6), (6, 3, 2, 9), (9, 3, 2, 9), (9, 3, 2, 9), (9, 3, 2, 9), (9, 3, 3, 9), (9, 3, 2, 9), (9, 3, 2, 9), (9, 3, 2, 9), (9, 3, 2, 6), (6, 3, 2, 1)].
- largest Hermiticity error: 1.6544425562538915e-09.
- maximal number of matvec operations: 51.
-> E_updated = 0.07546711464764079.
Orthogonality column 9:
- C leg dimensions: [(1, 3, 2, 6), (6, 3, 3, 9), (9, 3, 2, 9), (9, 3, 3, 9), (9, 3, 3, 9), (9, 3, 3, 9), (9, 3, 3, 9), (9, 3, 2, 9), (9, 3, 3, 9), (9, 3, 2, 6), (6, 3, 3, 1)].
- Lh leg dimensions: [(1, 3, 3, 9), (9, 3, 3, 54), (54, 3, 3, 54), (54, 3, 3, 54), (54, 3, 3, 54), (54, 3, 3, 54), (54, 3, 3, 54), (54, 3, 3, 54), (54, 3, 3, 54), (54, 3, 3, 9), (9, 3, 3, 1)].
- Rh leg dimensions: [(1, 2, 2, 4), (4, 3, 3, 8), (8, 2, 2, 25), (25, 3, 3, 8), (8, 3, 3, 45), (45, 3, 3, 12), (12, 3, 3, 25), (25, 2, 2, 8), (8, 3, 3, 25), (25, 2, 2, 8), (8, 3, 3, 1)].
-> E = <Lh|CC*> + <ALhAL*|CC*|ARhAR*> + <CC*|Rh> = -0.15218155082093707 + -0.06897698099751329 + 0.29465814949409336 = 0.073499617675643.
- C_updated leg dimensions: [(1, 3, 2, 6), (6, 3, 3, 9), (9, 3, 2, 9), (9, 3, 3, 9), (9, 3, 3, 9), (9, 3, 3, 9), (9, 3, 3, 9), (9, 3, 2, 9), (9, 3, 3, 9), (9, 3, 2, 9), (9, 3, 3, 1)].
- largest Hermiticity error: 3.1526479887795233e-09.
- maximal number of matvec operations: 51.
-> E_updated = 0.0628651743389467.
Orthogonality column 8:
- C leg dimensions: [(1, 3, 3, 6), (6, 3, 3, 9), (9, 3, 3, 9), (9, 3, 3, 9), (9, 3, 3, 9), (9, 3, 3, 9), (9, 3, 3, 9), (9, 3, 3, 9), (9, 3, 3, 9), (9, 3, 3, 9), (9, 3, 3, 1)].
- Lh leg dimensions: [(1, 3, 3, 9), (9, 3, 3, 54), (54, 3, 3, 54), (54, 3, 3, 54), (54, 3, 3, 54), (54, 3, 3, 54), (54, 3, 3, 54), (54, 3, 3, 54), (54, 3, 3, 54), (54, 3, 3, 9), (9, 3, 3, 1)].
- Rh leg dimensions: [(1, 3, 3, 8), (8, 3, 3, 45), (45, 3, 3, 25), (25, 3, 3, 54), (54, 3, 3, 45), (45, 3, 3, 54), (54, 3, 3, 25), (25, 3, 3, 54), (54, 3, 3, 25), (25, 3, 3, 9), (9, 3, 3, 1)].
-> E = <Lh|CC*> + <ALhAL*|CC*|ARhAR*> + <CC*|Rh> = -0.09185031153623004 + -0.06953875785496615 + 0.22406943128950688 = 0.0626803618983107.
- C_updated leg dimensions: [(1, 3, 3, 9), (9, 3, 3, 9), (9, 3, 3, 9), (9, 3, 3, 9), (9, 3, 3, 9), (9, 3, 3, 9), (9, 3, 3, 9), (9, 3, 3, 9), (9, 3, 3, 9), (9, 3, 3, 9), (9, 3, 3, 1)].
- largest Hermiticity error: 4.441855238168038e-09.
- maximal number of matvec operations: 51.
-> E_updated = 0.05472355056188844.
Orthogonality column 7:
- C leg dimensions: [(1, 3, 3, 9), (9, 3, 3, 9), (9, 3, 3, 9), (9, 3, 3, 9), (9, 3, 3, 9), (9, 3, 3, 9), (9, 3, 3, 9), (9, 3, 3, 9), (9, 3, 3, 9), (9, 3, 3, 9), (9, 3, 3, 1)].
- Lh leg dimensions: [(1, 3, 3, 9), (9, 3, 3, 54), (54, 3, 3, 54), (54, 3, 3, 54), (54, 3, 3, 54), (54, 3, 3, 54), (54, 3, 3, 54), (54, 3, 3, 54), (54, 3, 3, 54), (54, 3, 3, 9), (9, 3, 3, 1)].
- Rh leg dimensions: [(1, 3, 3, 9), (9, 3, 3, 54), (54, 3, 3, 54), (54, 3, 3, 54), (54, 3, 3, 54), (54, 3, 3, 54), (54, 3, 3, 54), (54, 3, 3, 54), (54, 3, 3, 54), (54, 3, 3, 9), (9, 3, 3, 1)].
-> E = <Lh|CC*> + <ALhAL*|CC*|ARhAR*> + <CC*|Rh> = -0.03215607187139292 + -0.06749758201447614 + 0.1574468232938308 = 0.05779316940796175.
- C_updated leg dimensions: [(1, 3, 3, 9), (9, 3, 3, 9), (9, 3, 3, 9), (9, 3, 3, 9), (9, 3, 3, 9), (9, 3, 3, 9), (9, 3, 3, 9), (9, 3, 3, 9), (9, 3, 3, 9), (9, 3, 3, 9), (9, 3, 3, 1)].
- largest Hermiticity error: 5.368024440845913e-09.
- maximal number of matvec operations: 51.
-> E_updated = 0.05092192141109928.
Orthogonality column 6:
- C leg dimensions: [(1, 3, 3, 9), (9, 3, 3, 9), (9, 3, 3, 9), (9, 3, 3, 9), (9, 3, 3, 9), (9, 3, 3, 9), (9, 3, 3, 9), (9, 3, 3, 9), (9, 3, 3, 9), (9, 3, 3, 9), (9, 3, 3, 1)].
- Lh leg dimensions: [(1, 3, 3, 9), (9, 3, 3, 54), (54, 3, 3, 54), (54, 3, 3, 54), (54, 3, 3, 54), (54, 3, 3, 54), (54, 3, 3, 54), (54, 3, 3, 54), (54, 3, 3, 54), (54, 3, 3, 9), (9, 3, 3, 1)].
- Rh leg dimensions: [(1, 3, 3, 9), (9, 3, 3, 54), (54, 3, 3, 54), (54, 3, 3, 54), (54, 3, 3, 54), (54, 3, 3, 54), (54, 3, 3, 54), (54, 3, 3, 54), (54, 3, 3, 54), (54, 3, 3, 9), (9, 3, 3, 1)].
-> E = <Lh|CC*> + <ALhAL*|CC*|ARhAR*> + <CC*|Rh> = 0.04185912547563746 + -0.07939806648452219 + 0.09224721797803914 = 0.05470827696915441.
- C_updated leg dimensions: [(1, 3, 3, 9), (9, 3, 3, 9), (9, 3, 3, 9), (9, 3, 3, 9), (9, 3, 3, 9), (9, 3, 3, 9), (9, 3, 3, 9), (9, 3, 3, 9), (9, 3, 3, 9), (9, 3, 3, 9), (9, 3, 3, 1)].
- largest Hermiticity error: 9.221249098985076e-11.
- maximal number of matvec operations: 51.
-> E_updated = 0.04737141000062869.
Orthogonality column 5:
- C leg dimensions: [(1, 3, 3, 9), (9, 3, 3, 9), (9, 3, 3, 9), (9, 3, 3, 9), (9, 3, 3, 9), (9, 3, 3, 9), (9, 3, 3, 9), (9, 3, 3, 9), (9, 3, 3, 9), (9, 3, 3, 9), (9, 3, 3, 1)].
- Lh leg dimensions: [(1, 3, 3, 9), (9, 3, 3, 54), (54, 3, 3, 54), (54, 3, 3, 54), (54, 3, 3, 54), (54, 3, 3, 54), (54, 3, 3, 54), (54, 3, 3, 54), (54, 3, 3, 54), (54, 3, 3, 9), (9, 3, 3, 1)].
- Rh leg dimensions: [(1, 3, 3, 9), (9, 3, 3, 54), (54, 3, 3, 54), (54, 3, 3, 54), (54, 3, 3, 54), (54, 3, 3, 54), (54, 3, 3, 54), (54, 3, 3, 54), (54, 3, 3, 54), (54, 3, 3, 9), (9, 3, 3, 1)].
-> E = <Lh|CC*> + <ALhAL*|CC*|ARhAR*> + <CC*|Rh> = 0.10971421386412335 + -0.07404904663670876 + 0.01753231582830052 = 0.0531974830557151.
- C_updated leg dimensions: [(1, 3, 3, 9), (9, 3, 3, 9), (9, 3, 3, 9), (9, 3, 3, 9), (9, 3, 3, 9), (9, 3, 3, 9), (9, 3, 3, 9), (9, 3, 3, 9), (9, 3, 3, 9), (9, 3, 3, 9), (9, 3, 3, 1)].
- largest Hermiticity error: 6.99935984079703e-11.
- maximal number of matvec operations: 51.
-> E_updated = 0.04741818491570129.
Orthogonality column 4:
- C leg dimensions: [(1, 3, 3, 9), (9, 3, 3, 9), (9, 3, 3, 9), (9, 3, 3, 9), (9, 3, 3, 9), (9, 3, 3, 9), (9, 3, 3, 9), (9, 3, 3, 9), (9, 3, 3, 9), (9, 3, 3, 9), (9, 3, 3, 1)].
- Lh leg dimensions: [(1, 3, 3, 9), (9, 3, 3, 25), (25, 3, 3, 54), (54, 3, 3, 25), (25, 3, 3, 54), (54, 3, 3, 45), (45, 3, 3, 54), (54, 3, 3, 25), (25, 3, 3, 45), (45, 3, 3, 8), (8, 3, 3, 1)].
- Rh leg dimensions: [(1, 3, 3, 9), (9, 3, 3, 54), (54, 3, 3, 54), (54, 3, 3, 54), (54, 3, 3, 54), (54, 3, 3, 54), (54, 3, 3, 54), (54, 3, 3, 54), (54, 3, 3, 54), (54, 3, 3, 9), (9, 3, 3, 1)].
-> E = <Lh|CC*> + <ALhAL*|CC*|ARhAR*> + <CC*|Rh> = 0.1812245727269262 + -0.0750046942130862 + -0.05201462919606412 = 0.054205249317775865.
- C_updated leg dimensions: [(1, 3, 3, 9), (9, 3, 3, 9), (9, 3, 3, 9), (9, 3, 3, 9), (9, 3, 3, 9), (9, 3, 3, 9), (9, 3, 3, 9), (9, 3, 3, 9), (9, 3, 3, 9), (9, 3, 3, 9), (9, 3, 3, 1)].
- largest Hermiticity error: 1.9929257426517114e-10.
- maximal number of matvec operations: 51.
-> E_updated = 0.05045820148127432.
Orthogonality column 3:
- C leg dimensions: [(1, 3, 3, 9), (9, 2, 3, 9), (9, 3, 3, 9), (9, 2, 3, 9), (9, 3, 3, 9), (9, 3, 3, 9), (9, 3, 3, 9), (9, 3, 3, 9), (9, 2, 3, 9), (9, 3, 3, 6), (6, 2, 3, 1)].
- Lh leg dimensions: [(1, 3, 3, 8), (8, 2, 2, 25), (25, 3, 3, 8), (8, 2, 2, 25), (25, 3, 3, 12), (12, 3, 3, 45), (45, 3, 3, 8), (8, 3, 3, 25), (25, 2, 2, 8), (8, 3, 3, 4), (4, 2, 2, 1)].
- Rh leg dimensions: [(1, 3, 3, 9), (9, 3, 3, 54), (54, 3, 3, 54), (54, 3, 3, 54), (54, 3, 3, 54), (54, 3, 3, 54), (54, 3, 3, 54), (54, 3, 3, 54), (54, 3, 3, 54), (54, 3, 3, 9), (9, 3, 3, 1)].
-> E = <Lh|CC*> + <ALhAL*|CC*|ARhAR*> + <CC*|Rh> = 0.2531452910045359 + -0.0746349254858353 + -0.11841568921610386 = 0.06009467630259678.
- C_updated leg dimensions: [(1, 3, 3, 9), (9, 2, 3, 9), (9, 3, 3, 9), (9, 2, 3, 9), (9, 3, 3, 9), (9, 3, 3, 9), (9, 3, 3, 9), (9, 3, 3, 9), (9, 2, 3, 9), (9, 3, 3, 6), (6, 2, 3, 1)].
- largest Hermiticity error: 6.795243145166301e-11.
- maximal number of matvec operations: 51.
-> E_updated = 0.05692917280628637.
Orthogonality column 2:
- C leg dimensions: [(1, 2, 3, 6), (6, 2, 3, 9), (9, 2, 3, 9), (9, 2, 3, 9), (9, 2, 3, 9), (9, 3, 3, 9), (9, 2, 3, 9), (9, 2, 3, 9), (9, 2, 3, 9), (9, 2, 3, 6), (6, 2, 3, 1)].
- Lh leg dimensions: [(1, 2, 2, 4), (4, 2, 2, 3), (3, 2, 2, 8), (8, 2, 2, 3), (3, 2, 2, 9), (9, 3, 3, 3), (3, 2, 2, 8), (8, 2, 2, 3), (3, 2, 2, 8), (8, 2, 2, 3), (3, 2, 2, 1)].
- Rh leg dimensions: [(1, 3, 3, 9), (9, 3, 3, 54), (54, 3, 3, 54), (54, 3, 3, 54), (54, 3, 3, 54), (54, 3, 3, 54), (54, 3, 3, 54), (54, 3, 3, 54), (54, 3, 3, 54), (54, 3, 3, 9), (9, 3, 3, 1)].
-> E = <Lh|CC*> + <ALhAL*|CC*|ARhAR*> + <CC*|Rh> = 0.34516172047599764 + -0.09210419023304417 + -0.18596706355372075 = 0.06709046668923271.
- C_updated leg dimensions: [(1, 2, 3, 6), (6, 2, 3, 9), (9, 2, 3, 9), (9, 2, 3, 9), (9, 2, 3, 9), (9, 3, 3, 9), (9, 2, 3, 9), (9, 2, 3, 9), (9, 2, 3, 9), (9, 2, 3, 6), (6, 2, 3, 1)].
- largest Hermiticity error: 3.871668333536236e-10.
- maximal number of matvec operations: 51.
-> E_updated = 0.06355466486443022.
Orthogonality column 1:
- C leg dimensions: [(1, 2, 3, 6), (6, 1, 3, 9), (9, 2, 3, 9), (9, 1, 3, 9), (9, 2, 3, 9), (9, 2, 3, 9), (9, 1, 3, 9), (9, 2, 3, 9), (9, 1, 3, 9), (9, 2, 3, 3), (3, 1, 3, 1)].
- Rh leg dimensions: [(1, 3, 3, 9), (9, 3, 3, 54), (54, 3, 3, 54), (54, 3, 3, 54), (54, 3, 3, 54), (54, 3, 3, 54), (54, 3, 3, 54), (54, 3, 3, 54), (54, 3, 3, 54), (54, 3, 3, 9), (9, 3, 3, 1)].
-> E = <Lh|CC*> + <ALhAL*|CC*|ARhAR*> + <CC*|Rh> = None + 0.34573932405102664 + -0.2675148644442852 = 0.07822445960674146.
- C_updated leg dimensions: [(1, 2, 3, 6), (6, 1, 3, 9), (9, 2, 3, 9), (9, 1, 3, 9), (9, 2, 3, 9), (9, 2, 3, 9), (9, 1, 3, 9), (9, 2, 3, 9), (9, 1, 3, 9), (9, 2, 3, 3), (3, 1, 3, 1)].
- largest Hermiticity error: 8.918514293423897e-09.
- maximal number of matvec operations: 51.
-> E_updated = 0.07447389081893455.
Orthogonality column 0:
- C leg dimensions: [(1, 1, 3, 3), (3, 1, 3, 9), (9, 1, 3, 9), (9, 1, 3, 9), (9, 1, 3, 9), (9, 1, 3, 9), (9, 1, 3, 9), (9, 1, 3, 9), (9, 1, 3, 9), (9, 1, 3, 3), (3, 1, 3, 1)].
- Rh leg dimensions: [(1, 3, 3, 9), (9, 3, 3, 54), (54, 3, 3, 54), (54, 3, 3, 54), (54, 3, 3, 54), (54, 3, 3, 54), (54, 3, 3, 54), (54, 3, 3, 54), (54, 3, 3, 54), (54, 3, 3, 9), (9, 3, 3, 1)].
-> E = <Lh|CC*> + <ALhAL*|CC*|ARhAR*> + <CC*|Rh> = None + None + 0.08296711014595559 = 0.08296711014595559.
- C_updated leg dimensions: [(1, 1, 3, 3), (3, 1, 3, 9), (9, 1, 3, 9), (9, 1, 3, 9), (9, 1, 3, 9), (9, 1, 3, 9), (9, 1, 3, 9), (9, 1, 3, 9), (9, 1, 3, 9), (9, 1, 3, 3), (3, 1, 3, 1)].
- largest Hermiticity error: 8.400480050756213e-09.
- maximal number of matvec operations: 41.
-> E_updated = 0.08115546906969602.
=> <H> - E0 = 0.07965575493778942.

DMRGSquared sweep 3 ...
Orthogonality column 0:
- C leg dimensions: [(1, 1, 3, 3), (3, 1, 3, 9), (9, 1, 3, 9), (9, 1, 3, 9), (9, 1, 3, 9), (9, 1, 3, 9), (9, 1, 3, 9), (9, 1, 3, 9), (9, 1, 3, 9), (9, 1, 3, 3), (3, 1, 3, 1)].
- Rh leg dimensions: [(1, 3, 3, 9), (9, 3, 3, 54), (54, 3, 3, 54), (54, 3, 3, 54), (54, 3, 3, 54), (54, 3, 3, 54), (54, 3, 3, 54), (54, 3, 3, 54), (54, 3, 3, 54), (54, 3, 3, 9), (9, 3, 3, 1)].
-> E = <Lh|CC*> + <ALhAL*|CC*|ARhAR*> + <CC*|Rh> = None + None + 0.08115546898723085 = 0.08115546898723085.
- C_updated leg dimensions: [(1, 1, 3, 3), (3, 1, 3, 9), (9, 1, 3, 9), (9, 1, 3, 9), (9, 1, 3, 9), (9, 1, 3, 9), (9, 1, 3, 9), (9, 1, 3, 9), (9, 1, 3, 9), (9, 1, 3, 3), (3, 1, 3, 1)].
- largest Hermiticity error: 8.87241249825339e-09.
- maximal number of matvec operations: 41.
-> E_updated = 0.08115547332104983.
Orthogonality column 1:
- C leg dimensions: [(1, 2, 3, 3), (3, 1, 3, 9), (9, 2, 3, 9), (9, 1, 3, 9), (9, 2, 3, 9), (9, 2, 3, 9), (9, 1, 3, 9), (9, 2, 3, 9), (9, 1, 3, 9), (9, 2, 3, 3), (3, 1, 3, 1)].
- Rh leg dimensions: [(1, 3, 3, 9), (9, 3, 3, 54), (54, 3, 3, 54), (54, 3, 3, 54), (54, 3, 3, 54), (54, 3, 3, 54), (54, 3, 3, 54), (54, 3, 3, 54), (54, 3, 3, 54), (54, 3, 3, 9), (9, 3, 3, 1)].
-> E = <Lh|CC*> + <ALhAL*|CC*|ARhAR*> + <CC*|Rh> = None + 0.3469443321443183 + -0.26581599054798505 = 0.08112834159633325.
- C_updated leg dimensions: [(1, 2, 3, 6), (6, 1, 3, 9), (9, 2, 3, 9), (9, 1, 3, 9), (9, 2, 3, 9), (9, 2, 3, 9), (9, 1, 3, 9), (9, 2, 3, 9), (9, 1, 3, 9), (9, 2, 3, 3), (3, 1, 3, 1)].
- largest Hermiticity error: 1.2345447129989017e-08.
- maximal number of matvec operations: 51.
-> E_updated = 0.07447389501724544.
Orthogonality column 2:
- C leg dimensions: [(1, 2, 3, 6), (6, 2, 3, 9), (9, 2, 3, 9), (9, 2, 3, 9), (9, 2, 3, 9), (9, 3, 3, 9), (9, 2, 3, 9), (9, 2, 3, 9), (9, 2, 3, 9), (9, 2, 3, 3), (3, 2, 3, 1)].
- Lh leg dimensions: [(1, 2, 2, 4), (4, 2, 2, 3), (3, 2, 2, 8), (8, 2, 2, 3), (3, 2, 2, 9), (9, 3, 3, 3), (3, 2, 2, 8), (8, 2, 2, 3), (3, 2, 2, 8), (8, 2, 2, 3), (3, 2, 2, 1)].
- Rh leg dimensions: [(1, 3, 3, 9), (9, 3, 3, 54), (54, 3, 3, 54), (54, 3, 3, 54), (54, 3, 3, 54), (54, 3, 3, 54), (54, 3, 3, 54), (54, 3, 3, 54), (54, 3, 3, 54), (54, 3, 3, 9), (9, 3, 3, 1)].
-> E = <Lh|CC*> + <ALhAL*|CC*|ARhAR*> + <CC*|Rh> = 0.3440876768774273 + -0.08963251786090187 + -0.18087355271227687 = 0.07358160630424856.
- C_updated leg dimensions: [(1, 2, 3, 6), (6, 2, 3, 9), (9, 2, 3, 9), (9, 2, 3, 9), (9, 2, 3, 9), (9, 3, 3, 9), (9, 2, 3, 9), (9, 2, 3, 9), (9, 2, 3, 9), (9, 2, 3, 6), (6, 2, 3, 1)].
- largest Hermiticity error: 3.9740740402629297e-10.
- maximal number of matvec operations: 51.
-> E_updated = 0.06334674863582357.
Orthogonality column 3:
- C leg dimensions: [(1, 3, 3, 6), (6, 2, 3, 9), (9, 3, 3, 9), (9, 2, 3, 9), (9, 3, 3, 9), (9, 3, 3, 9), (9, 3, 3, 9), (9, 3, 3, 9), (9, 2, 3, 9), (9, 3, 3, 6), (6, 2, 3, 1)].
- Lh leg dimensions: [(1, 3, 3, 8), (8, 2, 2, 25), (25, 3, 3, 8), (8, 2, 2, 25), (25, 3, 3, 12), (12, 3, 3, 45), (45, 3, 3, 8), (8, 3, 3, 25), (25, 2, 2, 8), (8, 3, 3, 4), (4, 2, 2, 1)].
- Rh leg dimensions: [(1, 3, 3, 9), (9, 3, 3, 54), (54, 3, 3, 54), (54, 3, 3, 54), (54, 3, 3, 54), (54, 3, 3, 54), (54, 3, 3, 54), (54, 3, 3, 54), (54, 3, 3, 54), (54, 3, 3, 9), (9, 3, 3, 1)].
-> E = <Lh|CC*> + <ALhAL*|CC*|ARhAR*> + <CC*|Rh> = 0.25081705280266703 + -0.07250375904575827 + -0.11260440371528946 = 0.06570889004161928.
- C_updated leg dimensions: [(1, 3, 3, 9), (9, 2, 3, 9), (9, 3, 3, 9), (9, 2, 3, 9), (9, 3, 3, 9), (9, 3, 3, 9), (9, 3, 3, 9), (9, 3, 3, 9), (9, 2, 3, 9), (9, 3, 3, 6), (6, 2, 3, 1)].
- largest Hermiticity error: 6.995987075044457e-11.
- maximal number of matvec operations: 51.
-> E_updated = 0.056487410894473185.
Orthogonality column 4:
- C leg dimensions: [(1, 3, 3, 9), (9, 3, 3, 9), (9, 3, 3, 9), (9, 3, 3, 9), (9, 3, 3, 9), (9, 3, 3, 9), (9, 3, 3, 9), (9, 3, 3, 9), (9, 3, 3, 9), (9, 3, 3, 6), (6, 3, 3, 1)].
- Lh leg dimensions: [(1, 3, 3, 9), (9, 3, 3, 25), (25, 3, 3, 54), (54, 3, 3, 25), (25, 3, 3, 54), (54, 3, 3, 45), (45, 3, 3, 54), (54, 3, 3, 25), (25, 3, 3, 45), (45, 3, 3, 8), (8, 3, 3, 1)].
- Rh leg dimensions: [(1, 3, 3, 9), (9, 3, 3, 54), (54, 3, 3, 54), (54, 3, 3, 54), (54, 3, 3, 54), (54, 3, 3, 54), (54, 3, 3, 54), (54, 3, 3, 54), (54, 3, 3, 54), (54, 3, 3, 9), (9, 3, 3, 1)].
-> E = <Lh|CC*> + <ALhAL*|CC*|ARhAR*> + <CC*|Rh> = 0.17557247032478537 + -0.07464793069866875 + -0.04488978138606366 = 0.05603475824005297.
- C_updated leg dimensions: [(1, 3, 3, 9), (9, 3, 3, 9), (9, 3, 3, 9), (9, 3, 3, 9), (9, 3, 3, 9), (9, 3, 3, 9), (9, 3, 3, 9), (9, 3, 3, 9), (9, 3, 3, 9), (9, 3, 3, 9), (9, 3, 3, 1)].
- largest Hermiticity error: 9.900669128766895e-11.
- maximal number of matvec operations: 51.
-> E_updated = 0.049577623858637634.
Orthogonality column 5:
- C leg dimensions: [(1, 3, 3, 9), (9, 3, 3, 9), (9, 3, 3, 9), (9, 3, 3, 9), (9, 3, 3, 9), (9, 3, 3, 9), (9, 3, 3, 9), (9, 3, 3, 9), (9, 3, 3, 9), (9, 3, 3, 9), (9, 3, 3, 1)].
- Lh leg dimensions: [(1, 3, 3, 9), (9, 3, 3, 54), (54, 3, 3, 54), (54, 3, 3, 54), (54, 3, 3, 54), (54, 3, 3, 54), (54, 3, 3, 54), (54, 3, 3, 54), (54, 3, 3, 54), (54, 3, 3, 9), (9, 3, 3, 1)].
- Rh leg dimensions: [(1, 3, 3, 9), (9, 3, 3, 54), (54, 3, 3, 54), (54, 3, 3, 54), (54, 3, 3, 54), (54, 3, 3, 54), (54, 3, 3, 54), (54, 3, 3, 54), (54, 3, 3, 54), (54, 3, 3, 9), (9, 3, 3, 1)].
-> E = <Lh|CC*> + <ALhAL*|CC*|ARhAR*> + <CC*|Rh> = 0.10148529216656701 + -0.07378974687412646 + 0.025824622422375387 = 0.05352016771481595.
- C_updated leg dimensions: [(1, 3, 3, 9), (9, 3, 3, 9), (9, 3, 3, 9), (9, 3, 3, 9), (9, 3, 3, 9), (9, 3, 3, 9), (9, 3, 3, 9), (9, 3, 3, 9), (9, 3, 3, 9), (9, 3, 3, 9), (9, 3, 3, 1)].
- largest Hermiticity error: 5.2773869332251336e-11.
- maximal number of matvec operations: 51.
-> E_updated = 0.047869393764680766.
Orthogonality column 6:
- C leg dimensions: [(1, 3, 3, 9), (9, 3, 3, 9), (9, 3, 3, 9), (9, 3, 3, 9), (9, 3, 3, 9), (9, 3, 3, 9), (9, 3, 3, 9), (9, 3, 3, 9), (9, 3, 3, 9), (9, 3, 3, 9), (9, 3, 3, 1)].
- Lh leg dimensions: [(1, 3, 3, 9), (9, 3, 3, 54), (54, 3, 3, 54), (54, 3, 3, 54), (54, 3, 3, 54), (54, 3, 3, 54), (54, 3, 3, 54), (54, 3, 3, 54), (54, 3, 3, 54), (54, 3, 3, 9), (9, 3, 3, 1)].
- Rh leg dimensions: [(1, 3, 3, 9), (9, 3, 3, 54), (54, 3, 3, 54), (54, 3, 3, 54), (54, 3, 3, 54), (54, 3, 3, 54), (54, 3, 3, 54), (54, 3, 3, 54), (54, 3, 3, 54), (54, 3, 3, 9), (9, 3, 3, 1)].
-> E = <Lh|CC*> + <ALhAL*|CC*|ARhAR*> + <CC*|Rh> = 0.03104593106512796 + -0.07707579653107004 + 0.09677244606662426 = 0.05074258060068218.
- C_updated leg dimensions: [(1, 3, 3, 9), (9, 3, 3, 9), (9, 3, 3, 9), (9, 3, 3, 9), (9, 3, 3, 9), (9, 3, 3, 9), (9, 3, 3, 9), (9, 3, 3, 9), (9, 3, 3, 9), (9, 3, 3, 9), (9, 3, 3, 1)].
- largest Hermiticity error: 8.086776765742158e-11.
- maximal number of matvec operations: 51.
-> E_updated = 0.04582654499513663.
Orthogonality column 7:
- C leg dimensions: [(1, 3, 3, 9), (9, 3, 3, 9), (9, 3, 3, 9), (9, 3, 3, 9), (9, 3, 3, 9), (9, 3, 3, 9), (9, 3, 3, 9), (9, 3, 3, 9), (9, 3, 3, 9), (9, 3, 3, 9), (9, 3, 3, 1)].
- Lh leg dimensions: [(1, 3, 3, 9), (9, 3, 3, 54), (54, 3, 3, 54), (54, 3, 3, 54), (54, 3, 3, 54), (54, 3, 3, 54), (54, 3, 3, 54), (54, 3, 3, 54), (54, 3, 3, 54), (54, 3, 3, 9), (9, 3, 3, 1)].
- Rh leg dimensions: [(1, 3, 3, 9), (9, 3, 3, 54), (54, 3, 3, 54), (54, 3, 3, 54), (54, 3, 3, 54), (54, 3, 3, 54), (54, 3, 3, 54), (54, 3, 3, 54), (54, 3, 3, 54), (54, 3, 3, 9), (9, 3, 3, 1)].
-> E = <Lh|CC*> + <ALhAL*|CC*|ARhAR*> + <CC*|Rh> = -0.040340570099494544 + -0.06744805144926327 + 0.16405219705944896 = 0.05626357551069114.
- C_updated leg dimensions: [(1, 3, 3, 9), (9, 3, 3, 9), (9, 3, 3, 9), (9, 3, 3, 9), (9, 3, 3, 9), (9, 3, 3, 9), (9, 3, 3, 9), (9, 3, 3, 9), (9, 3, 3, 9), (9, 3, 3, 9), (9, 3, 3, 1)].
- largest Hermiticity error: 3.2087073115780067e-10.
- maximal number of matvec operations: 51.
-> E_updated = 0.05028349996361657.
Orthogonality column 8:
- C leg dimensions: [(1, 3, 3, 9), (9, 3, 3, 9), (9, 3, 3, 9), (9, 3, 3, 9), (9, 3, 3, 9), (9, 3, 3, 9), (9, 3, 3, 9), (9, 3, 3, 9), (9, 3, 3, 9), (9, 3, 3, 9), (9, 3, 3, 1)].
- Lh leg dimensions: [(1, 3, 3, 9), (9, 3, 3, 54), (54, 3, 3, 54), (54, 3, 3, 54), (54, 3, 3, 54), (54, 3, 3, 54), (54, 3, 3, 54), (54, 3, 3, 54), (54, 3, 3, 54), (54, 3, 3, 9), (9, 3, 3, 1)].
- Rh leg dimensions: [(1, 3, 3, 8), (8, 3, 3, 45), (45, 3, 3, 25), (25, 3, 3, 54), (54, 3, 3, 45), (45, 3, 3, 54), (54, 3, 3, 25), (25, 3, 3, 54), (54, 3, 3, 25), (25, 3, 3, 9), (9, 3, 3, 1)].
-> E = <Lh|CC*> + <ALhAL*|CC*|ARhAR*> + <CC*|Rh> = -0.10099608099874278 + -0.07094915494970933 + 0.22979520764394004 = 0.05784997169548792.
- C_updated leg dimensions: [(1, 3, 3, 9), (9, 3, 3, 9), (9, 3, 3, 9), (9, 3, 3, 9), (9, 3, 3, 9), (9, 3, 3, 9), (9, 3, 3, 9), (9, 3, 3, 9), (9, 3, 3, 9), (9, 3, 3, 9), (9, 3, 3, 1)].
- largest Hermiticity error: 1.6437223413334858e-10.
- maximal number of matvec operations: 51.
-> E_updated = 0.05146776393198798.
Orthogonality column 9:
- C leg dimensions: [(1, 3, 2, 9), (9, 3, 3, 9), (9, 3, 2, 9), (9, 3, 3, 9), (9, 3, 3, 9), (9, 3, 3, 9), (9, 3, 3, 9), (9, 3, 2, 9), (9, 3, 3, 9), (9, 3, 2, 9), (9, 3, 3, 1)].
- Lh leg dimensions: [(1, 3, 3, 9), (9, 3, 3, 54), (54, 3, 3, 54), (54, 3, 3, 54), (54, 3, 3, 54), (54, 3, 3, 54), (54, 3, 3, 54), (54, 3, 3, 54), (54, 3, 3, 54), (54, 3, 3, 9), (9, 3, 3, 1)].
- Rh leg dimensions: [(1, 2, 2, 4), (4, 3, 3, 8), (8, 2, 2, 25), (25, 3, 3, 8), (8, 3, 3, 45), (45, 3, 3, 12), (12, 3, 3, 25), (25, 2, 2, 8), (8, 3, 3, 25), (25, 2, 2, 8), (8, 3, 3, 1)].
-> E = <Lh|CC*> + <ALhAL*|CC*|ARhAR*> + <CC*|Rh> = -0.1695491360259063 + -0.07093868984924095 + 0.2971439963419497 = 0.056656170466802463.
- C_updated leg dimensions: [(1, 3, 2, 6), (6, 3, 3, 9), (9, 3, 2, 9), (9, 3, 3, 9), (9, 3, 3, 9), (9, 3, 3, 9), (9, 3, 3, 9), (9, 3, 2, 9), (9, 3, 3, 9), (9, 3, 2, 9), (9, 3, 3, 1)].
- largest Hermiticity error: 7.202029127767634e-11.
- maximal number of matvec operations: 51.
-> E_updated = 0.05302978531897604.
Orthogonality column 10:
- C leg dimensions: [(1, 3, 2, 6), (6, 3, 2, 9), (9, 3, 2, 9), (9, 3, 2, 9), (9, 3, 2, 9), (9, 3, 3, 9), (9, 3, 2, 9), (9, 3, 2, 9), (9, 3, 2, 9), (9, 3, 2, 9), (9, 3, 2, 1)].
- Lh leg dimensions: [(1, 3, 3, 9), (9, 3, 3, 54), (54, 3, 3, 54), (54, 3, 3, 54), (54, 3, 3, 54), (54, 3, 3, 54), (54, 3, 3, 54), (54, 3, 3, 54), (54, 3, 3, 54), (54, 3, 3, 9), (9, 3, 3, 1)].
- Rh leg dimensions: [(1, 2, 2, 3), (3, 2, 2, 8), (8, 2, 2, 3), (3, 2, 2, 8), (8, 2, 2, 3), (3, 3, 3, 9), (9, 2, 2, 3), (3, 2, 2, 8), (8, 2, 2, 3), (3, 2, 2, 4), (4, 2, 2, 1)].
-> E = <Lh|CC*> + <ALhAL*|CC*|ARhAR*> + <CC*|Rh> = -0.23148854555678508 + -0.09750185370972869 + 0.3955127412330364 = 0.06652234196652268.
- C_updated leg dimensions: [(1, 3, 2, 6), (6, 3, 2, 9), (9, 3, 2, 9), (9, 3, 2, 9), (9, 3, 2, 9), (9, 3, 3, 9), (9, 3, 2, 9), (9, 3, 2, 9), (9, 3, 2, 9), (9, 3, 2, 6), (6, 3, 2, 1)].
- largest Hermiticity error: 1.1526579755078595e-09.
- maximal number of matvec operations: 51.
-> E_updated = 0.0643918440413409.
Orthogonality column 11:
- C leg dimensions: [(1, 3, 1, 6), (6, 3, 2, 9), (9, 3, 1, 9), (9, 3, 2, 9), (9, 3, 1, 9), (9, 3, 2, 9), (9, 3, 2, 9), (9, 3, 1, 9), (9, 3, 2, 9), (9, 3, 1, 6), (6, 3, 2, 1)].
- Lh leg dimensions: [(1, 3, 3, 9), (9, 3, 3, 54), (54, 3, 3, 54), (54, 3, 3, 54), (54, 3, 3, 54), (54, 3, 3, 54), (54, 3, 3, 54), (54, 3, 3, 54), (54, 3, 3, 54), (54, 3, 3, 9), (9, 3, 3, 1)].
-> E = <Lh|CC*> + <ALhAL*|CC*|ARhAR*> + <CC*|Rh> = -0.321635698555168 + 0.3961017312474203 + None = 0.07446603269225233.
- C_updated leg dimensions: [(1, 3, 1, 3), (3, 3, 2, 9), (9, 3, 1, 9), (9, 3, 2, 9), (9, 3, 1, 9), (9, 3, 2, 9), (9, 3, 2, 9), (9, 3, 1, 9), (9, 3, 2, 9), (9, 3, 1, 6), (6, 3, 2, 1)].
- largest Hermiticity error: 7.747185811049052e-10.
- maximal number of matvec operations: 41.
-> E_updated = 0.07267792800092142.
Orthogonality column 12:
- C leg dimensions: [(1, 3, 1, 3), (3, 3, 1, 9), (9, 3, 1, 9), (9, 3, 1, 9), (9, 3, 1, 9), (9, 3, 1, 9), (9, 3, 1, 9), (9, 3, 1, 9), (9, 3, 1, 9), (9, 3, 1, 6), (6, 3, 1, 1)].
- Lh leg dimensions: [(1, 3, 3, 9), (9, 3, 3, 54), (54, 3, 3, 54), (54, 3, 3, 54), (54, 3, 3, 54), (54, 3, 3, 54), (54, 3, 3, 54), (54, 3, 3, 54), (54, 3, 3, 54), (54, 3, 3, 9), (9, 3, 3, 1)].
-> E = <Lh|CC*> + <ALhAL*|CC*|ARhAR*> + <CC*|Rh> = 0.08964394798843282 + None + None = 0.08964394798843282.
- C_updated leg dimensions: [(1, 3, 1, 3), (3, 3, 1, 9), (9, 3, 1, 9), (9, 3, 1, 9), (9, 3, 1, 9), (9, 3, 1, 9), (9, 3, 1, 9), (9, 3, 1, 9), (9, 3, 1, 9), (9, 3, 1, 3), (3, 3, 1, 1)].
- largest Hermiticity error: 6.860731070030191e-10.
- maximal number of matvec operations: 41.
-> E_updated = 0.08466459832625668.
Orthogonality column 11:
- C leg dimensions: [(1, 3, 1, 3), (3, 3, 2, 9), (9, 3, 1, 9), (9, 3, 2, 9), (9, 3, 1, 9), (9, 3, 2, 9), (9, 3, 2, 9), (9, 3, 1, 9), (9, 3, 2, 9), (9, 3, 1, 3), (3, 3, 2, 1)].
- Lh leg dimensions: [(1, 3, 3, 9), (9, 3, 3, 54), (54, 3, 3, 54), (54, 3, 3, 54), (54, 3, 3, 54), (54, 3, 3, 54), (54, 3, 3, 54), (54, 3, 3, 54), (54, 3, 3, 54), (54, 3, 3, 9), (9, 3, 3, 1)].
-> E = <Lh|CC*> + <ALhAL*|CC*|ARhAR*> + <CC*|Rh> = -0.313653880086954 + 0.3958212373047642 + None = 0.08216735721781021.
- C_updated leg dimensions: [(1, 3, 1, 3), (3, 3, 2, 9), (9, 3, 1, 9), (9, 3, 2, 9), (9, 3, 1, 9), (9, 3, 2, 9), (9, 3, 2, 9), (9, 3, 1, 9), (9, 3, 2, 9), (9, 3, 1, 6), (6, 3, 2, 1)].
- largest Hermiticity error: 4.989323572396074e-10.
- maximal number of matvec operations: 41.
-> E_updated = 0.0726768277052408.
Orthogonality column 10:
- C leg dimensions: [(1, 3, 2, 3), (3, 3, 2, 9), (9, 3, 2, 9), (9, 3, 2, 9), (9, 3, 2, 9), (9, 3, 3, 9), (9, 3, 2, 9), (9, 3, 2, 9), (9, 3, 2, 9), (9, 3, 2, 6), (6, 3, 2, 1)].
- Lh leg dimensions: [(1, 3, 3, 9), (9, 3, 3, 54), (54, 3, 3, 54), (54, 3, 3, 54), (54, 3, 3, 54), (54, 3, 3, 54), (54, 3, 3, 54), (54, 3, 3, 54), (54, 3, 3, 54), (54, 3, 3, 9), (9, 3, 3, 1)].
- Rh leg dimensions: [(1, 2, 2, 3), (3, 2, 2, 8), (8, 2, 2, 3), (3, 2, 2, 8), (8, 2, 2, 3), (3, 3, 3, 9), (9, 2, 2, 3), (3, 2, 2, 8), (8, 2, 2, 3), (3, 2, 2, 4), (4, 2, 2, 1)].
-> E = <Lh|CC*> + <ALhAL*|CC*|ARhAR*> + <CC*|Rh> = -0.2262547819922357 + -0.09518201633858106 + 0.3946414357339334 = 0.07320463740311667.
- C_updated leg dimensions: [(1, 3, 2, 6), (6, 3, 2, 9), (9, 3, 2, 9), (9, 3, 2, 9), (9, 3, 2, 9), (9, 3, 3, 9), (9, 3, 2, 9), (9, 3, 2, 9), (9, 3, 2, 9), (9, 3, 2, 6), (6, 3, 2, 1)].
- largest Hermiticity error: 1.0160409011732019e-09.
- maximal number of matvec operations: 51.
-> E_updated = 0.0645154350000306.
Orthogonality column 9:
- C leg dimensions: [(1, 3, 2, 6), (6, 3, 3, 9), (9, 3, 2, 9), (9, 3, 3, 9), (9, 3, 3, 9), (9, 3, 3, 9), (9, 3, 3, 9), (9, 3, 2, 9), (9, 3, 3, 9), (9, 3, 2, 6), (6, 3, 3, 1)].
- Lh leg dimensions: [(1, 3, 3, 9), (9, 3, 3, 54), (54, 3, 3, 54), (54, 3, 3, 54), (54, 3, 3, 54), (54, 3, 3, 54), (54, 3, 3, 54), (54, 3, 3, 54), (54, 3, 3, 54), (54, 3, 3, 9), (9, 3, 3, 1)].
- Rh leg dimensions: [(1, 2, 2, 4), (4, 3, 3, 8), (8, 2, 2, 25), (25, 3, 3, 8), (8, 3, 3, 45), (45, 3, 3, 12), (12, 3, 3, 25), (25, 2, 2, 8), (8, 3, 3, 25), (25, 2, 2, 8), (8, 3, 3, 1)].
-> E = <Lh|CC*> + <ALhAL*|CC*|ARhAR*> + <CC*|Rh> = -0.1657603128241007 + -0.06844837711505238 + 0.29582082222880635 = 0.06161213228965329.
- C_updated leg dimensions: [(1, 3, 2, 6), (6, 3, 3, 9), (9, 3, 2, 9), (9, 3, 3, 9), (9, 3, 3, 9), (9, 3, 3, 9), (9, 3, 3, 9), (9, 3, 2, 9), (9, 3, 3, 9), (9, 3, 2, 9), (9, 3, 3, 1)].
- largest Hermiticity error: 6.20638811622464e-11.
- maximal number of matvec operations: 51.
-> E_updated = 0.05342087329535717.
Orthogonality column 8:
- C leg dimensions: [(1, 3, 3, 6), (6, 3, 3, 9), (9, 3, 3, 9), (9, 3, 3, 9), (9, 3, 3, 9), (9, 3, 3, 9), (9, 3, 3, 9), (9, 3, 3, 9), (9, 3, 3, 9), (9, 3, 3, 9), (9, 3, 3, 1)].
- Lh leg dimensions: [(1, 3, 3, 9), (9, 3, 3, 54), (54, 3, 3, 54), (54, 3, 3, 54), (54, 3, 3, 54), (54, 3, 3, 54), (54, 3, 3, 54), (54, 3, 3, 54), (54, 3, 3, 54), (54, 3, 3, 9), (9, 3, 3, 1)].
- Rh leg dimensions: [(1, 3, 3, 8), (8, 3, 3, 45), (45, 3, 3, 25), (25, 3, 3, 54), (54, 3, 3, 45), (45, 3, 3, 54), (54, 3, 3, 25), (25, 3, 3, 54), (54, 3, 3, 25), (25, 3, 3, 9), (9, 3, 3, 1)].
-> E = <Lh|CC*> + <ALhAL*|CC*|ARhAR*> + <CC*|Rh> = -0.09600136891357908 + -0.07354560831167278 + 0.22544151404632054 = 0.05589453682106868.
- C_updated leg dimensions: [(1, 3, 3, 9), (9, 3, 3, 9), (9, 3, 3, 9), (9, 3, 3, 9), (9, 3, 3, 9), (9, 3, 3, 9), (9, 3, 3, 9), (9, 3, 3, 9), (9, 3, 3, 9), (9, 3, 3, 9), (9, 3, 3, 1)].
- largest Hermiticity error: 9.676223185308064e-11.
- maximal number of matvec operations: 51.
-> E_updated = 0.050432422989029876.
Orthogonality column 7:
- C leg dimensions: [(1, 3, 3, 9), (9, 3, 3, 9), (9, 3, 3, 9), (9, 3, 3, 9), (9, 3, 3, 9), (9, 3, 3, 9), (9, 3, 3, 9), (9, 3, 3, 9), (9, 3, 3, 9), (9, 3, 3, 9), (9, 3, 3, 1)].
- Lh leg dimensions: [(1, 3, 3, 9), (9, 3, 3, 54), (54, 3, 3, 54), (54, 3, 3, 54), (54, 3, 3, 54), (54, 3, 3, 54), (54, 3, 3, 54), (54, 3, 3, 54), (54, 3, 3, 54), (54, 3, 3, 9), (9, 3, 3, 1)].
- Rh leg dimensions: [(1, 3, 3, 9), (9, 3, 3, 54), (54, 3, 3, 54), (54, 3, 3, 54), (54, 3, 3, 54), (54, 3, 3, 54), (54, 3, 3, 54), (54, 3, 3, 54), (54, 3, 3, 54), (54, 3, 3, 9), (9, 3, 3, 1)].
-> E = <Lh|CC*> + <ALhAL*|CC*|ARhAR*> + <CC*|Rh> = -0.03238563516803438 + -0.06821506389192575 + 0.15307089958784836 = 0.05247020052788823.
- C_updated leg dimensions: [(1, 3, 3, 9), (9, 3, 3, 9), (9, 3, 3, 9), (9, 3, 3, 9), (9, 3, 3, 9), (9, 3, 3, 9), (9, 3, 3, 9), (9, 3, 3, 9), (9, 3, 3, 9), (9, 3, 3, 9), (9, 3, 3, 1)].
- largest Hermiticity error: 2.1081334854601775e-10.
- maximal number of matvec operations: 51.
-> E_updated = 0.045995881810465065.
Orthogonality column 6:
- C leg dimensions: [(1, 3, 3, 9), (9, 3, 3, 9), (9, 3, 3, 9), (9, 3, 3, 9), (9, 3, 3, 9), (9, 3, 3, 9), (9, 3, 3, 9), (9, 3, 3, 9), (9, 3, 3, 9), (9, 3, 3, 9), (9, 3, 3, 1)].
- Lh leg dimensions: [(1, 3, 3, 9), (9, 3, 3, 54), (54, 3, 3, 54), (54, 3, 3, 54), (54, 3, 3, 54), (54, 3, 3, 54), (54, 3, 3, 54), (54, 3, 3, 54), (54, 3, 3, 54), (54, 3, 3, 9), (9, 3, 3, 1)].
- Rh leg dimensions: [(1, 3, 3, 9), (9, 3, 3, 54), (54, 3, 3, 54), (54, 3, 3, 54), (54, 3, 3, 54), (54, 3, 3, 54), (54, 3, 3, 54), (54, 3, 3, 54), (54, 3, 3, 54), (54, 3, 3, 9), (9, 3, 3, 1)].
-> E = <Lh|CC*> + <ALhAL*|CC*|ARhAR*> + <CC*|Rh> = 0.038159482546437355 + -0.07794711042249199 + 0.08910354363416001 = 0.04931591575810538.
- C_updated leg dimensions: [(1, 3, 3, 9), (9, 3, 3, 9), (9, 3, 3, 9), (9, 3, 3, 9), (9, 3, 3, 9), (9, 3, 3, 9), (9, 3, 3, 9), (9, 3, 3, 9), (9, 3, 3, 9), (9, 3, 3, 9), (9, 3, 3, 1)].
- largest Hermiticity error: 1.9119621750704975e-11.
- maximal number of matvec operations: 51.
-> E_updated = 0.04320487961949766.
Orthogonality column 5:
- C leg dimensions: [(1, 3, 3, 9), (9, 3, 3, 9), (9, 3, 3, 9), (9, 3, 3, 9), (9, 3, 3, 9), (9, 3, 3, 9), (9, 3, 3, 9), (9, 3, 3, 9), (9, 3, 3, 9), (9, 3, 3, 9), (9, 3, 3, 1)].
- Lh leg dimensions: [(1, 3, 3, 9), (9, 3, 3, 54), (54, 3, 3, 54), (54, 3, 3, 54), (54, 3, 3, 54), (54, 3, 3, 54), (54, 3, 3, 54), (54, 3, 3, 54), (54, 3, 3, 54), (54, 3, 3, 9), (9, 3, 3, 1)].
- Rh leg dimensions: [(1, 3, 3, 9), (9, 3, 3, 54), (54, 3, 3, 54), (54, 3, 3, 54), (54, 3, 3, 54), (54, 3, 3, 54), (54, 3, 3, 54), (54, 3, 3, 54), (54, 3, 3, 54), (54, 3, 3, 9), (9, 3, 3, 1)].
-> E = <Lh|CC*> + <ALhAL*|CC*|ARhAR*> + <CC*|Rh> = 0.10755918949217243 + -0.07100283821777803 + 0.015131304339672559 = 0.051687655614066956.
- C_updated leg dimensions: [(1, 3, 3, 9), (9, 3, 3, 9), (9, 3, 3, 9), (9, 3, 3, 9), (9, 3, 3, 9), (9, 3, 3, 9), (9, 3, 3, 9), (9, 3, 3, 9), (9, 3, 3, 9), (9, 3, 3, 9), (9, 3, 3, 1)].
- largest Hermiticity error: 3.4734977326121575e-11.
- maximal number of matvec operations: 51.
-> E_updated = 0.04660146715810481.
Orthogonality column 4:
- C leg dimensions: [(1, 3, 3, 9), (9, 3, 3, 9), (9, 3, 3, 9), (9, 3, 3, 9), (9, 3, 3, 9), (9, 3, 3, 9), (9, 3, 3, 9), (9, 3, 3, 9), (9, 3, 3, 9), (9, 3, 3, 9), (9, 3, 3, 1)].
- Lh leg dimensions: [(1, 3, 3, 9), (9, 3, 3, 25), (25, 3, 3, 54), (54, 3, 3, 25), (25, 3, 3, 54), (54, 3, 3, 45), (45, 3, 3, 54), (54, 3, 3, 25), (25, 3, 3, 45), (45, 3, 3, 8), (8, 3, 3, 1)].
- Rh leg dimensions: [(1, 3, 3, 9), (9, 3, 3, 54), (54, 3, 3, 54), (54, 3, 3, 54), (54, 3, 3, 54), (54, 3, 3, 54), (54, 3, 3, 54), (54, 3, 3, 54), (54, 3, 3, 54), (54, 3, 3, 9), (9, 3, 3, 1)].
-> E = <Lh|CC*> + <ALhAL*|CC*|ARhAR*> + <CC*|Rh> = 0.1802417552210969 + -0.07478300002615162 + -0.052946376327112084 = 0.052512378867833186.
- C_updated leg dimensions: [(1, 3, 3, 9), (9, 3, 3, 9), (9, 3, 3, 9), (9, 3, 3, 9), (9, 3, 3, 9), (9, 3, 3, 9), (9, 3, 3, 9), (9, 3, 3, 9), (9, 3, 3, 9), (9, 3, 3, 9), (9, 3, 3, 1)].
- largest Hermiticity error: 2.9754892836892614e-10.
- maximal number of matvec operations: 51.
-> E_updated = 0.04769997876184186.
Orthogonality column 3:
- C leg dimensions: [(1, 3, 3, 9), (9, 2, 3, 9), (9, 3, 3, 9), (9, 2, 3, 9), (9, 3, 3, 9), (9, 3, 3, 9), (9, 3, 3, 9), (9, 3, 3, 9), (9, 2, 3, 9), (9, 3, 3, 6), (6, 2, 3, 1)].
- Lh leg dimensions: [(1, 3, 3, 8), (8, 2, 2, 25), (25, 3, 3, 8), (8, 2, 2, 25), (25, 3, 3, 12), (12, 3, 3, 45), (45, 3, 3, 8), (8, 3, 3, 25), (25, 2, 2, 8), (8, 3, 3, 4), (4, 2, 2, 1)].
- Rh leg dimensions: [(1, 3, 3, 9), (9, 3, 3, 54), (54, 3, 3, 54), (54, 3, 3, 54), (54, 3, 3, 54), (54, 3, 3, 54), (54, 3, 3, 54), (54, 3, 3, 54), (54, 3, 3, 54), (54, 3, 3, 9), (9, 3, 3, 1)].
-> E = <Lh|CC*> + <ALhAL*|CC*|ARhAR*> + <CC*|Rh> = 0.2526130105517721 + -0.07628532946709152 + -0.1167464450417411 = 0.05958123604293948.
- C_updated leg dimensions: [(1, 3, 3, 9), (9, 2, 3, 9), (9, 3, 3, 9), (9, 2, 3, 9), (9, 3, 3, 9), (9, 3, 3, 9), (9, 3, 3, 9), (9, 3, 3, 9), (9, 2, 3, 9), (9, 3, 3, 6), (6, 2, 3, 1)].
- largest Hermiticity error: 3.4156143932571314e-10.
- maximal number of matvec operations: 51.
-> E_updated = 0.05583023729922208.
Orthogonality column 2:
- C leg dimensions: [(1, 2, 3, 6), (6, 2, 3, 9), (9, 2, 3, 9), (9, 2, 3, 9), (9, 2, 3, 9), (9, 3, 3, 9), (9, 2, 3, 9), (9, 2, 3, 9), (9, 2, 3, 9), (9, 2, 3, 6), (6, 2, 3, 1)].
- Lh leg dimensions: [(1, 2, 2, 4), (4, 2, 2, 3), (3, 2, 2, 8), (8, 2, 2, 3), (3, 2, 2, 9), (9, 3, 3, 3), (3, 2, 2, 8), (8, 2, 2, 3), (3, 2, 2, 8), (8, 2, 2, 3), (3, 2, 2, 1)].
- Rh leg dimensions: [(1, 3, 3, 9), (9, 3, 3, 54), (54, 3, 3, 54), (54, 3, 3, 54), (54, 3, 3, 54), (54, 3, 3, 54), (54, 3, 3, 54), (54, 3, 3, 54), (54, 3, 3, 54), (54, 3, 3, 9), (9, 3, 3, 1)].
-> E = <Lh|CC*> + <ALhAL*|CC*|ARhAR*> + <CC*|Rh> = 0.34529957806116585 + -0.09134988380853551 + -0.18448548003360463 = 0.06946421421902574.
- C_updated leg dimensions: [(1, 2, 3, 6), (6, 2, 3, 9), (9, 2, 3, 9), (9, 2, 3, 9), (9, 2, 3, 9), (9, 3, 3, 9), (9, 2, 3, 9), (9, 2, 3, 9), (9, 2, 3, 9), (9, 2, 3, 6), (6, 2, 3, 1)].
- largest Hermiticity error: 2.073851808408924e-10.
- maximal number of matvec operations: 51.
-> E_updated = 0.06544971660013493.
Orthogonality column 1:
- C leg dimensions: [(1, 2, 3, 6), (6, 1, 3, 9), (9, 2, 3, 9), (9, 1, 3, 9), (9, 2, 3, 9), (9, 2, 3, 9), (9, 1, 3, 9), (9, 2, 3, 9), (9, 1, 3, 9), (9, 2, 3, 3), (3, 1, 3, 1)].
- Rh leg dimensions: [(1, 3, 3, 9), (9, 3, 3, 54), (54, 3, 3, 54), (54, 3, 3, 54), (54, 3, 3, 54), (54, 3, 3, 54), (54, 3, 3, 54), (54, 3, 3, 54), (54, 3, 3, 54), (54, 3, 3, 9), (9, 3, 3, 1)].
-> E = <Lh|CC*> + <ALhAL*|CC*|ARhAR*> + <CC*|Rh> = None + 0.34558841310016075 + -0.27203676443095876 = 0.073551648669202.
- C_updated leg dimensions: [(1, 2, 3, 6), (6, 1, 3, 9), (9, 2, 3, 9), (9, 1, 3, 9), (9, 2, 3, 9), (9, 2, 3, 9), (9, 1, 3, 9), (9, 2, 3, 9), (9, 1, 3, 9), (9, 2, 3, 3), (3, 1, 3, 1)].
- largest Hermiticity error: 1.297499830076626e-09.
- maximal number of matvec operations: 51.
-> E_updated = 0.07010590447081017.
Orthogonality column 0:
- C leg dimensions: [(1, 1, 3, 3), (3, 1, 3, 9), (9, 1, 3, 9), (9, 1, 3, 9), (9, 1, 3, 9), (9, 1, 3, 9), (9, 1, 3, 9), (9, 1, 3, 9), (9, 1, 3, 9), (9, 1, 3, 3), (3, 1, 3, 1)].
- Rh leg dimensions: [(1, 3, 3, 9), (9, 3, 3, 54), (54, 3, 3, 54), (54, 3, 3, 54), (54, 3, 3, 54), (54, 3, 3, 54), (54, 3, 3, 54), (54, 3, 3, 54), (54, 3, 3, 54), (54, 3, 3, 9), (9, 3, 3, 1)].
-> E = <Lh|CC*> + <ALhAL*|CC*|ARhAR*> + <CC*|Rh> = None + None + 0.08725853208819062 = 0.08725853208819062.
- C_updated leg dimensions: [(1, 1, 3, 3), (3, 1, 3, 9), (9, 1, 3, 9), (9, 1, 3, 9), (9, 1, 3, 9), (9, 1, 3, 9), (9, 1, 3, 9), (9, 1, 3, 9), (9, 1, 3, 9), (9, 1, 3, 3), (3, 1, 3, 1)].
- largest Hermiticity error: 1.297827069044911e-08.
- maximal number of matvec operations: 41.
-> E_updated = 0.08380115710862092.
=> <H> - E0 = 0.08498332456417756.

<H>s - E0 = [0.22223092 0.07965575 0.08498332]
