Lx = 6, Ly = 6, g = 3.5, D_max = 6, chi_max_c = 36, chi_max_b = 216. 

E0_exact = -261.32772977. 

es = [-31.26657635 -20.91898009 -20.97142355 -20.98489001 -20.99713693
 -20.99597621 -20.99823018 -20.99823623 -20.99812413 -21.00108948
 -31.4916724 ].
E = -251.62233555114602.
E - E0 = 9.705394218853996.
subtract energy E0_exact evenly from all columns.


DMRGSquared sweep 1 ...
Orthogonality column 0:
- C leg dimensions: [(1, 1, 6, 6), (6, 1, 6, 36), (36, 1, 6, 36), (36, 1, 6, 36), (36, 1, 6, 36), (36, 1, 6, 36), (36, 1, 6, 36), (36, 1, 6, 36), (36, 1, 6, 36), (36, 1, 6, 6), (6, 1, 6, 1)].
- Rh leg dimensions: [(1, 6, 6, 36), (36, 6, 6, 216), (216, 6, 6, 216), (216, 6, 6, 216), (216, 6, 6, 216), (216, 6, 6, 216), (216, 6, 6, 216), (216, 6, 6, 216), (216, 6, 6, 216), (216, 6, 6, 36), (36, 6, 6, 1)].
-> E = <Lh|CC*> + <ALhAL*|CC*|ARhAR*> + <CC*|Rh> = None + None + -30.829364957894835 = -30.829364957894835.
- C_updated leg dimensions: [(1, 1, 6, 6), (6, 1, 6, 36), (36, 1, 6, 36), (36, 1, 6, 36), (36, 1, 6, 36), (36, 1, 6, 36), (36, 1, 6, 36), (36, 1, 6, 36), (36, 1, 6, 36), (36, 1, 6, 6), (6, 1, 6, 1)].
- largest Hermiticity error: 1.035762728392347e-07.
- maximal number of matvec operations: 21.
-> E_updated = -37.23327000983018.
Orthogonality column 1:
- C leg dimensions: [(1, 2, 6, 6), (6, 1, 6, 36), (36, 2, 6, 36), (36, 1, 6, 36), (36, 2, 6, 36), (36, 2, 6, 36), (36, 1, 6, 36), (36, 2, 6, 36), (36, 1, 6, 36), (36, 2, 6, 6), (6, 1, 6, 1)].
- Rh leg dimensions: [(1, 6, 6, 36), (36, 6, 6, 216), (216, 6, 6, 216), (216, 6, 6, 216), (216, 6, 6, 216), (216, 6, 6, 216), (216, 6, 6, 216), (216, 6, 6, 216), (216, 6, 6, 216), (216, 6, 6, 36), (36, 6, 6, 1)].
-> E = <Lh|CC*> + <ALhAL*|CC*|ARhAR*> + <CC*|Rh> = None + 0.9601517292383701 + -40.77974299808172 = -39.819591268843354.
- C_updated leg dimensions: [(1, 2, 6, 12), (12, 1, 6, 36), (36, 2, 6, 36), (36, 1, 6, 36), (36, 2, 6, 36), (36, 2, 6, 36), (36, 1, 6, 36), (36, 2, 6, 36), (36, 1, 6, 36), (36, 2, 6, 6), (6, 1, 6, 1)].
- largest Hermiticity error: 5.9061902118444715e-09.
- maximal number of matvec operations: 31.
-> E_updated = -40.10955572421646.
Orthogonality column 2:
- C leg dimensions: [(1, 2, 6, 12), (12, 2, 6, 36), (36, 2, 6, 36), (36, 2, 6, 36), (36, 2, 6, 36), (36, 4, 6, 36), (36, 2, 6, 36), (36, 2, 6, 36), (36, 2, 6, 36), (36, 2, 6, 6), (6, 2, 6, 1)].
- Lh leg dimensions: [(1, 2, 2, 4), (4, 2, 2, 3), (3, 2, 2, 8), (8, 2, 2, 3), (3, 2, 2, 9), (9, 4, 4, 3), (3, 2, 2, 8), (8, 2, 2, 3), (3, 2, 2, 8), (8, 2, 2, 3), (3, 2, 2, 1)].
- Rh leg dimensions: [(1, 6, 6, 36), (36, 6, 6, 216), (216, 6, 6, 216), (216, 6, 6, 216), (216, 6, 6, 216), (216, 6, 6, 216), (216, 6, 6, 216), (216, 6, 6, 216), (216, 6, 6, 216), (216, 6, 6, 36), (36, 6, 6, 1)].
-> E = <Lh|CC*> + <ALhAL*|CC*|ARhAR*> + <CC*|Rh> = 0.8589518961776118 + 0.7151498088542317 + -41.49556338604661 = -39.92146168101477.
- C_updated leg dimensions: [(1, 2, 6, 12), (12, 2, 6, 36), (36, 2, 6, 36), (36, 2, 6, 36), (36, 2, 6, 36), (36, 4, 6, 36), (36, 2, 6, 36), (36, 2, 6, 36), (36, 2, 6, 36), (36, 2, 6, 12), (12, 2, 6, 1)].
- largest Hermiticity error: 3.863642147812232e-08.
- maximal number of matvec operations: 51.
-> E_updated = -40.961907050691096.
Orthogonality column 3:
- C leg dimensions: [(1, 4, 6, 12), (12, 2, 6, 36), (36, 4, 6, 36), (36, 2, 6, 36), (36, 4, 6, 36), (36, 4, 6, 36), (36, 4, 6, 36), (36, 4, 6, 36), (36, 2, 6, 36), (36, 4, 6, 12), (12, 2, 6, 1)].
- Lh leg dimensions: [(1, 4, 4, 8), (8, 2, 2, 29), (29, 4, 4, 8), (8, 2, 2, 29), (29, 4, 4, 13), (13, 4, 4, 80), (80, 4, 4, 8), (8, 4, 4, 29), (29, 2, 2, 8), (8, 4, 4, 4), (4, 2, 2, 1)].
- Rh leg dimensions: [(1, 6, 6, 36), (36, 6, 6, 216), (216, 6, 6, 216), (216, 6, 6, 216), (216, 6, 6, 216), (216, 6, 6, 216), (216, 6, 6, 216), (216, 6, 6, 216), (216, 6, 6, 216), (216, 6, 6, 36), (36, 6, 6, 1)].
-> E = <Lh|CC*> + <ALhAL*|CC*|ARhAR*> + <CC*|Rh> = 0.7736062968211839 + 0.7626925514902054 + -27.566774559562468 = -26.03047571125108.
- C_updated leg dimensions: [(1, 4, 6, 24), (24, 2, 6, 36), (36, 4, 6, 36), (36, 2, 6, 36), (36, 4, 6, 36), (36, 4, 6, 36), (36, 4, 6, 36), (36, 4, 6, 36), (36, 2, 6, 36), (36, 4, 6, 12), (12, 2, 6, 1)].
- largest Hermiticity error: 9.2576600360309e-08.
- maximal number of matvec operations: 51.
-> E_updated = -27.045459599229886.
Orthogonality column 4:
- C leg dimensions: [(1, 4, 6, 24), (24, 4, 6, 36), (36, 4, 6, 36), (36, 4, 6, 36), (36, 5, 6, 36), (36, 6, 6, 36), (36, 6, 6, 36), (36, 5, 6, 36), (36, 4, 6, 36), (36, 4, 6, 12), (12, 4, 6, 1)].
- Lh leg dimensions: [(1, 4, 4, 16), (16, 4, 4, 32), (32, 4, 4, 216), (216, 4, 4, 33), (33, 5, 5, 216), (216, 6, 6, 81), (81, 6, 6, 216), (216, 5, 5, 32), (32, 4, 4, 80), (80, 4, 4, 9), (9, 4, 4, 1)].
- Rh leg dimensions: [(1, 6, 6, 36), (36, 6, 6, 216), (216, 6, 6, 216), (216, 6, 6, 216), (216, 6, 6, 216), (216, 6, 6, 216), (216, 6, 6, 216), (216, 6, 6, 216), (216, 6, 6, 216), (216, 6, 6, 36), (36, 6, 6, 1)].
-> E = <Lh|CC*> + <ALhAL*|CC*|ARhAR*> + <CC*|Rh> = 0.704561876370025 + 0.7692540719712293 + -13.069518645032922 = -11.595702696691667.
- C_updated leg dimensions: [(1, 4, 6, 24), (24, 4, 6, 36), (36, 4, 6, 36), (36, 4, 6, 36), (36, 5, 6, 36), (36, 6, 6, 36), (36, 6, 6, 36), (36, 5, 6, 36), (36, 4, 6, 36), (36, 4, 6, 24), (24, 4, 6, 1)].
- largest Hermiticity error: 1.8375005149464682e-07.
- maximal number of matvec operations: 61.
-> E_updated = -12.641079773663224.
Orthogonality column 5:
- C leg dimensions: [(1, 6, 6, 24), (24, 5, 6, 36), (36, 6, 6, 36), (36, 6, 6, 36), (36, 6, 6, 36), (36, 6, 6, 36), (36, 6, 6, 36), (36, 6, 6, 36), (36, 6, 6, 36), (36, 6, 6, 30), (30, 5, 6, 1)].
- Lh leg dimensions: [(1, 6, 6, 29), (29, 5, 5, 216), (216, 6, 6, 216), (216, 6, 6, 216), (216, 6, 6, 216), (216, 6, 6, 216), (216, 6, 6, 216), (216, 6, 6, 216), (216, 6, 6, 96), (96, 6, 6, 25), (25, 5, 5, 1)].
- Rh leg dimensions: [(1, 6, 6, 36), (36, 6, 6, 216), (216, 6, 6, 216), (216, 6, 6, 216), (216, 6, 6, 216), (216, 6, 6, 216), (216, 6, 6, 216), (216, 6, 6, 216), (216, 6, 6, 216), (216, 6, 6, 36), (36, 6, 6, 1)].
-> E = <Lh|CC*> + <ALhAL*|CC*|ARhAR*> + <CC*|Rh> = 0.6274655998396466 + 0.7725224754778577 + 0.9844282626063618 = 2.384416337923866.
- C_updated leg dimensions: [(1, 6, 6, 36), (36, 5, 6, 36), (36, 6, 6, 36), (36, 6, 6, 36), (36, 6, 6, 36), (36, 6, 6, 36), (36, 6, 6, 36), (36, 6, 6, 36), (36, 6, 6, 36), (36, 6, 6, 30), (30, 5, 6, 1)].
- largest Hermiticity error: 2.2379429003588632e-07.
- maximal number of matvec operations: 71.
-> E_updated = 1.2741067019256038.
Orthogonality column 6:
- C leg dimensions: [(1, 6, 6, 36), (36, 6, 6, 36), (36, 6, 6, 36), (36, 6, 6, 36), (36, 6, 6, 36), (36, 6, 6, 36), (36, 6, 6, 36), (36, 6, 6, 36), (36, 6, 6, 36), (36, 6, 6, 30), (30, 6, 6, 1)].
- Lh leg dimensions: [(1, 6, 6, 36), (36, 6, 6, 216), (216, 6, 6, 216), (216, 6, 6, 216), (216, 6, 6, 216), (216, 6, 6, 216), (216, 6, 6, 216), (216, 6, 6, 216), (216, 6, 6, 216), (216, 6, 6, 35), (35, 6, 6, 1)].
- Rh leg dimensions: [(1, 6, 6, 35), (35, 6, 6, 216), (216, 6, 6, 216), (216, 6, 6, 216), (216, 6, 6, 216), (216, 6, 6, 216), (216, 6, 6, 216), (216, 6, 6, 216), (216, 6, 6, 216), (216, 6, 6, 36), (36, 6, 6, 1)].
-> E = <Lh|CC*> + <ALhAL*|CC*|ARhAR*> + <CC*|Rh> = 0.4913425697080002 + 0.7506674447788303 + 3.7719569672859863 = 5.013966981772817.
- C_updated leg dimensions: [(1, 6, 6, 36), (36, 6, 6, 36), (36, 6, 6, 36), (36, 6, 6, 36), (36, 6, 6, 36), (36, 6, 6, 36), (36, 6, 6, 36), (36, 6, 6, 36), (36, 6, 6, 36), (36, 6, 6, 36), (36, 6, 6, 1)].
- largest Hermiticity error: 3.30496198640867e-08.
- maximal number of matvec operations: 61.
-> E_updated = 3.6732953817276885.
Orthogonality column 7:
- C leg dimensions: [(1, 6, 5, 36), (36, 6, 6, 36), (36, 6, 5, 36), (36, 6, 6, 36), (36, 6, 5, 36), (36, 6, 6, 36), (36, 6, 5, 36), (36, 6, 6, 36), (36, 6, 6, 36), (36, 6, 6, 36), (36, 6, 6, 1)].
- Lh leg dimensions: [(1, 6, 6, 36), (36, 6, 6, 216), (216, 6, 6, 216), (216, 6, 6, 216), (216, 6, 6, 216), (216, 6, 6, 216), (216, 6, 6, 216), (216, 6, 6, 216), (216, 6, 6, 216), (216, 6, 6, 36), (36, 6, 6, 1)].
- Rh leg dimensions: [(1, 5, 5, 25), (25, 6, 6, 96), (96, 5, 5, 216), (216, 6, 6, 216), (216, 5, 5, 216), (216, 6, 6, 216), (216, 5, 5, 216), (216, 6, 6, 216), (216, 6, 6, 216), (216, 6, 6, 36), (36, 6, 6, 1)].
-> E = <Lh|CC*> + <ALhAL*|CC*|ARhAR*> + <CC*|Rh> = 0.5350294574930798 + 0.6949910335009395 + 3.918424628793814 = 5.148445119787834.
- C_updated leg dimensions: [(1, 6, 5, 30), (30, 6, 6, 36), (36, 6, 5, 36), (36, 6, 6, 36), (36, 6, 5, 36), (36, 6, 6, 36), (36, 6, 5, 36), (36, 6, 6, 36), (36, 6, 6, 36), (36, 6, 6, 36), (36, 6, 6, 1)].
- largest Hermiticity error: 3.304581708156223e-09.
- maximal number of matvec operations: 61.
-> E_updated = 2.404331748298906.
Orthogonality column 8:
- C leg dimensions: [(1, 6, 4, 24), (24, 6, 4, 36), (36, 6, 4, 36), (36, 6, 4, 36), (36, 6, 4, 36), (36, 6, 4, 36), (36, 6, 4, 36), (36, 6, 4, 36), (36, 6, 4, 36), (36, 6, 6, 36), (36, 6, 6, 1)].
- Lh leg dimensions: [(1, 6, 6, 36), (36, 6, 6, 216), (216, 6, 6, 216), (216, 6, 6, 216), (216, 6, 6, 216), (216, 6, 6, 216), (216, 6, 6, 216), (216, 6, 6, 216), (216, 6, 6, 216), (216, 6, 6, 36), (36, 6, 6, 1)].
- Rh leg dimensions: [(1, 4, 4, 9), (9, 4, 4, 80), (80, 4, 4, 32), (32, 4, 4, 216), (216, 4, 4, 33), (33, 4, 4, 216), (216, 4, 4, 33), (33, 4, 4, 216), (216, 4, 4, 32), (32, 6, 6, 36), (36, 6, 6, 1)].
-> E = <Lh|CC*> + <ALhAL*|CC*|ARhAR*> + <CC*|Rh> = 0.2283878733906167 + 0.24920535830947624 + 2.2282095167206983 = 2.7058027484207914.
- C_updated leg dimensions: [(1, 6, 4, 24), (24, 6, 4, 36), (36, 6, 4, 36), (36, 6, 4, 36), (36, 6, 4, 36), (36, 6, 4, 36), (36, 6, 4, 36), (36, 6, 4, 36), (36, 6, 4, 36), (36, 6, 6, 36), (36, 6, 6, 1)].
- largest Hermiticity error: 1.4469010129978633e-10.
- maximal number of matvec operations: 61.
-> E_updated = 0.8120545956387546.
Orthogonality column 9:
- C leg dimensions: [(1, 6, 2, 24), (24, 6, 4, 36), (36, 6, 2, 36), (36, 6, 4, 36), (36, 6, 2, 36), (36, 6, 4, 36), (36, 6, 2, 36), (36, 6, 4, 36), (36, 6, 2, 36), (36, 6, 4, 36), (36, 6, 6, 1)].
- Lh leg dimensions: [(1, 6, 6, 36), (36, 6, 6, 216), (216, 6, 6, 216), (216, 6, 6, 216), (216, 6, 6, 216), (216, 6, 6, 216), (216, 6, 6, 216), (216, 6, 6, 216), (216, 6, 6, 216), (216, 6, 6, 36), (36, 6, 6, 1)].
- Rh leg dimensions: [(1, 2, 2, 4), (4, 4, 4, 8), (8, 2, 2, 29), (29, 4, 4, 8), (8, 2, 2, 29), (29, 4, 4, 8), (8, 2, 2, 29), (29, 4, 4, 8), (8, 2, 2, 29), (29, 4, 4, 13), (13, 6, 6, 1)].
-> E = <Lh|CC*> + <ALhAL*|CC*|ARhAR*> + <CC*|Rh> = 0.3635932075216182 + 0.013492123411689746 + 0.6464165312465738 = 1.0235018621798817.
- C_updated leg dimensions: [(1, 6, 2, 12), (12, 6, 4, 36), (36, 6, 2, 36), (36, 6, 4, 36), (36, 6, 2, 36), (36, 6, 4, 36), (36, 6, 2, 36), (36, 6, 4, 36), (36, 6, 2, 36), (36, 6, 4, 36), (36, 6, 6, 1)].
- largest Hermiticity error: 1.1339827936024384e-10.
- maximal number of matvec operations: 61.
-> E_updated = 0.5760081134699975.
Orthogonality column 10:
- C leg dimensions: [(1, 6, 2, 12), (12, 6, 2, 36), (36, 6, 2, 36), (36, 6, 2, 36), (36, 6, 2, 36), (36, 6, 2, 36), (36, 6, 2, 36), (36, 6, 2, 36), (36, 6, 2, 36), (36, 6, 2, 36), (36, 6, 4, 1)].
- Lh leg dimensions: [(1, 6, 6, 36), (36, 6, 6, 216), (216, 6, 6, 216), (216, 6, 6, 216), (216, 6, 6, 216), (216, 6, 6, 216), (216, 6, 6, 216), (216, 6, 6, 216), (216, 6, 6, 216), (216, 6, 6, 36), (36, 6, 6, 1)].
- Rh leg dimensions: [(1, 2, 2, 3), (3, 2, 2, 8), (8, 2, 2, 3), (3, 2, 2, 8), (8, 2, 2, 3), (3, 2, 2, 8), (8, 2, 2, 3), (3, 2, 2, 8), (8, 2, 2, 3), (3, 2, 2, 9), (9, 4, 4, 1)].
-> E = <Lh|CC*> + <ALhAL*|CC*|ARhAR*> + <CC*|Rh> = 0.31723898456862515 + -0.01639624585024049 + 0.4415416472969717 = 0.7423843860153564.
- C_updated leg dimensions: [(1, 6, 2, 12), (12, 6, 2, 36), (36, 6, 2, 36), (36, 6, 2, 36), (36, 6, 2, 36), (36, 6, 2, 36), (36, 6, 2, 36), (36, 6, 2, 36), (36, 6, 2, 36), (36, 6, 2, 24), (24, 6, 4, 1)].
- largest Hermiticity error: 5.311285110432109e-08.
- maximal number of matvec operations: 51.
-> E_updated = 0.5459527813862465.
Orthogonality column 11:
- C leg dimensions: [(1, 6, 1, 12), (12, 6, 2, 36), (36, 6, 1, 36), (36, 6, 2, 36), (36, 6, 1, 36), (36, 6, 2, 36), (36, 6, 1, 36), (36, 6, 2, 36), (36, 6, 1, 36), (36, 6, 2, 12), (12, 6, 2, 1)].
- Lh leg dimensions: [(1, 6, 6, 36), (36, 6, 6, 216), (216, 6, 6, 216), (216, 6, 6, 216), (216, 6, 6, 216), (216, 6, 6, 216), (216, 6, 6, 216), (216, 6, 6, 216), (216, 6, 6, 216), (216, 6, 6, 36), (36, 6, 6, 1)].
-> E = <Lh|CC*> + <ALhAL*|CC*|ARhAR*> + <CC*|Rh> = 0.3608948573559545 + 0.4205990143285391 + None = 0.7814938716844936.
- C_updated leg dimensions: [(1, 6, 1, 6), (6, 6, 2, 36), (36, 6, 1, 36), (36, 6, 2, 36), (36, 6, 1, 36), (36, 6, 2, 36), (36, 6, 1, 36), (36, 6, 2, 36), (36, 6, 1, 36), (36, 6, 2, 12), (12, 6, 2, 1)].
- largest Hermiticity error: 5.6049441888719495e-05.
- maximal number of matvec operations: 51.
-> E_updated = 0.6665765804559802.
Orthogonality column 12:
- C leg dimensions: [(1, 6, 1, 6), (6, 6, 1, 36), (36, 6, 1, 36), (36, 6, 1, 36), (36, 6, 1, 36), (36, 6, 1, 36), (36, 6, 1, 36), (36, 6, 1, 36), (36, 6, 1, 36), (36, 6, 1, 12), (12, 6, 1, 1)].
- Lh leg dimensions: [(1, 6, 6, 36), (36, 6, 6, 216), (216, 6, 6, 216), (216, 6, 6, 216), (216, 6, 6, 216), (216, 6, 6, 216), (216, 6, 6, 216), (216, 6, 6, 216), (216, 6, 6, 216), (216, 6, 6, 36), (36, 6, 6, 1)].
-> E = <Lh|CC*> + <ALhAL*|CC*|ARhAR*> + <CC*|Rh> = 0.934797929522534 + None + None = 0.934797929522534.
- C_updated leg dimensions: [(1, 6, 1, 6), (6, 6, 1, 36), (36, 6, 1, 36), (36, 6, 1, 36), (36, 6, 1, 36), (36, 6, 1, 36), (36, 6, 1, 36), (36, 6, 1, 36), (36, 6, 1, 36), (36, 6, 1, 6), (6, 6, 1, 1)].
- largest Hermiticity error: 6.620732690708949e-05.
- maximal number of matvec operations: 51.
-> E_updated = 0.7975059276817937.
Orthogonality column 11:
- C leg dimensions: [(1, 6, 1, 6), (6, 6, 2, 36), (36, 6, 1, 36), (36, 6, 2, 36), (36, 6, 1, 36), (36, 6, 2, 36), (36, 6, 2, 36), (36, 6, 1, 36), (36, 6, 2, 36), (36, 6, 1, 6), (6, 6, 2, 1)].
- Lh leg dimensions: [(1, 6, 6, 36), (36, 6, 6, 216), (216, 6, 6, 216), (216, 6, 6, 216), (216, 6, 6, 216), (216, 6, 6, 216), (216, 6, 6, 216), (216, 6, 6, 216), (216, 6, 6, 216), (216, 6, 6, 36), (36, 6, 6, 1)].
-> E = <Lh|CC*> + <ALhAL*|CC*|ARhAR*> + <CC*|Rh> = 0.3712410584323982 + 0.43873528917839155 + None = 0.8099763476107897.
- C_updated leg dimensions: [(1, 6, 1, 6), (6, 6, 2, 36), (36, 6, 1, 36), (36, 6, 2, 36), (36, 6, 1, 36), (36, 6, 2, 36), (36, 6, 2, 36), (36, 6, 1, 36), (36, 6, 2, 36), (36, 6, 1, 12), (12, 6, 2, 1)].
- largest Hermiticity error: 8.875768524604876e-05.
- maximal number of matvec operations: 51.
-> E_updated = 0.6665309034012954.
Orthogonality column 10:
- C leg dimensions: [(1, 6, 2, 6), (6, 6, 2, 36), (36, 6, 2, 36), (36, 6, 2, 36), (36, 6, 2, 36), (36, 6, 4, 36), (36, 6, 2, 36), (36, 6, 2, 36), (36, 6, 2, 36), (36, 6, 2, 12), (12, 6, 2, 1)].
- Lh leg dimensions: [(1, 6, 6, 36), (36, 6, 6, 216), (216, 6, 6, 216), (216, 6, 6, 216), (216, 6, 6, 216), (216, 6, 6, 216), (216, 6, 6, 216), (216, 6, 6, 216), (216, 6, 6, 216), (216, 6, 6, 36), (36, 6, 6, 1)].
- Rh leg dimensions: [(1, 2, 2, 3), (3, 2, 2, 8), (8, 2, 2, 3), (3, 2, 2, 8), (8, 2, 2, 3), (3, 4, 4, 9), (9, 2, 2, 3), (3, 2, 2, 8), (8, 2, 2, 3), (3, 2, 2, 4), (4, 2, 2, 1)].
-> E = <Lh|CC*> + <ALhAL*|CC*|ARhAR*> + <CC*|Rh> = 0.30144506401594223 + -0.05362542088888836 + 0.42146297185122694 = 0.6692826149782808.
- C_updated leg dimensions: [(1, 6, 2, 12), (12, 6, 2, 36), (36, 6, 2, 36), (36, 6, 2, 36), (36, 6, 2, 36), (36, 6, 4, 36), (36, 6, 2, 36), (36, 6, 2, 36), (36, 6, 2, 36), (36, 6, 2, 12), (12, 6, 2, 1)].
- largest Hermiticity error: 2.122383348375192e-08.
- maximal number of matvec operations: 51.
-> E_updated = 0.5436116470458123.
Orthogonality column 9:
- C leg dimensions: [(1, 6, 2, 12), (12, 6, 4, 36), (36, 6, 2, 36), (36, 6, 4, 36), (36, 6, 4, 36), (36, 6, 4, 36), (36, 6, 4, 36), (36, 6, 2, 36), (36, 6, 4, 36), (36, 6, 2, 12), (12, 6, 4, 1)].
- Lh leg dimensions: [(1, 6, 6, 36), (36, 6, 6, 216), (216, 6, 6, 216), (216, 6, 6, 216), (216, 6, 6, 216), (216, 6, 6, 216), (216, 6, 6, 216), (216, 6, 6, 216), (216, 6, 6, 216), (216, 6, 6, 36), (36, 6, 6, 1)].
- Rh leg dimensions: [(1, 2, 2, 4), (4, 4, 4, 8), (8, 2, 2, 29), (29, 4, 4, 8), (8, 4, 4, 80), (80, 4, 4, 13), (13, 4, 4, 29), (29, 2, 2, 8), (8, 4, 4, 29), (29, 2, 2, 8), (8, 4, 4, 1)].
-> E = <Lh|CC*> + <ALhAL*|CC*|ARhAR*> + <CC*|Rh> = 0.32574807655157895 + -0.0440274945370194 + 0.35701436938837794 = 0.6387349514029375.
- C_updated leg dimensions: [(1, 6, 2, 12), (12, 6, 4, 36), (36, 6, 2, 36), (36, 6, 4, 36), (36, 6, 4, 36), (36, 6, 4, 36), (36, 6, 4, 36), (36, 6, 2, 36), (36, 6, 4, 36), (36, 6, 2, 24), (24, 6, 4, 1)].
- largest Hermiticity error: 1.6190974945280592e-10.
- maximal number of matvec operations: 61.
-> E_updated = 0.4917721816647928.
Orthogonality column 8:
- C leg dimensions: [(1, 6, 4, 12), (12, 6, 4, 36), (36, 6, 4, 36), (36, 6, 5, 36), (36, 6, 6, 36), (36, 6, 6, 36), (36, 6, 5, 36), (36, 6, 4, 36), (36, 6, 4, 36), (36, 6, 4, 24), (24, 6, 4, 1)].
- Lh leg dimensions: [(1, 6, 6, 36), (36, 6, 6, 216), (216, 6, 6, 216), (216, 6, 6, 216), (216, 6, 6, 216), (216, 6, 6, 216), (216, 6, 6, 216), (216, 6, 6, 216), (216, 6, 6, 216), (216, 6, 6, 36), (36, 6, 6, 1)].
- Rh leg dimensions: [(1, 4, 4, 9), (9, 4, 4, 80), (80, 4, 4, 32), (32, 5, 5, 216), (216, 6, 6, 80), (80, 6, 6, 216), (216, 5, 5, 33), (33, 4, 4, 216), (216, 4, 4, 32), (32, 4, 4, 16), (16, 4, 4, 1)].
-> E = <Lh|CC*> + <ALhAL*|CC*|ARhAR*> + <CC*|Rh> = 0.2158648898960968 + -0.049886694002470096 + 0.30199069798379435 = 0.4679688938774211.
- C_updated leg dimensions: [(1, 6, 4, 24), (24, 6, 4, 36), (36, 6, 4, 36), (36, 6, 5, 36), (36, 6, 6, 36), (36, 6, 6, 36), (36, 6, 5, 36), (36, 6, 4, 36), (36, 6, 4, 36), (36, 6, 4, 24), (24, 6, 4, 1)].
- largest Hermiticity error: 1.835215433928794e-10.
- maximal number of matvec operations: 61.
-> E_updated = 0.3308134604431206.
Orthogonality column 7:
- C leg dimensions: [(1, 6, 5, 30), (30, 6, 6, 36), (36, 6, 6, 36), (36, 6, 6, 36), (36, 6, 6, 36), (36, 6, 6, 36), (36, 6, 6, 36), (36, 6, 6, 36), (36, 6, 6, 36), (36, 6, 5, 24), (24, 6, 6, 1)].
- Lh leg dimensions: [(1, 6, 6, 36), (36, 6, 6, 216), (216, 6, 6, 216), (216, 6, 6, 216), (216, 6, 6, 216), (216, 6, 6, 216), (216, 6, 6, 216), (216, 6, 6, 216), (216, 6, 6, 216), (216, 6, 6, 36), (36, 6, 6, 1)].
- Rh leg dimensions: [(1, 5, 5, 25), (25, 6, 6, 97), (97, 6, 6, 216), (216, 6, 6, 216), (216, 6, 6, 216), (216, 6, 6, 216), (216, 6, 6, 216), (216, 6, 6, 216), (216, 6, 6, 216), (216, 5, 5, 29), (29, 6, 6, 1)].
-> E = <Lh|CC*> + <ALhAL*|CC*|ARhAR*> + <CC*|Rh> = 0.15260264781956745 + -0.04259610950539795 + 0.25305973305846385 = 0.36306627137263336.
- C_updated leg dimensions: [(1, 6, 5, 30), (30, 6, 6, 36), (36, 6, 6, 36), (36, 6, 6, 36), (36, 6, 6, 36), (36, 6, 6, 36), (36, 6, 6, 36), (36, 6, 6, 36), (36, 6, 6, 36), (36, 6, 5, 36), (36, 6, 6, 1)].
- largest Hermiticity error: 3.5246286046522836e-10.
- maximal number of matvec operations: 71.
-> E_updated = 0.23674500263621748.
Orthogonality column 6:
- C leg dimensions: [(1, 6, 6, 30), (30, 6, 6, 36), (36, 6, 6, 36), (36, 6, 6, 36), (36, 6, 6, 36), (36, 6, 6, 36), (36, 6, 6, 36), (36, 6, 6, 36), (36, 6, 6, 36), (36, 6, 6, 36), (36, 6, 6, 1)].
- Lh leg dimensions: [(1, 6, 6, 36), (36, 6, 6, 216), (216, 6, 6, 216), (216, 6, 6, 216), (216, 6, 6, 216), (216, 6, 6, 216), (216, 6, 6, 216), (216, 6, 6, 216), (216, 6, 6, 216), (216, 6, 6, 35), (35, 6, 6, 1)].
- Rh leg dimensions: [(1, 6, 6, 35), (35, 6, 6, 216), (216, 6, 6, 216), (216, 6, 6, 216), (216, 6, 6, 216), (216, 6, 6, 216), (216, 6, 6, 216), (216, 6, 6, 216), (216, 6, 6, 216), (216, 6, 6, 36), (36, 6, 6, 1)].
-> E = <Lh|CC*> + <ALhAL*|CC*|ARhAR*> + <CC*|Rh> = 0.026394000256264545 + 0.0010727977755046081 + 0.24710285269559168 = 0.27456965072736084.
- C_updated leg dimensions: [(1, 6, 6, 36), (36, 6, 6, 36), (36, 6, 6, 36), (36, 6, 6, 36), (36, 6, 6, 36), (36, 6, 6, 36), (36, 6, 6, 36), (36, 6, 6, 36), (36, 6, 6, 36), (36, 6, 6, 36), (36, 6, 6, 1)].
- largest Hermiticity error: 6.231835482600364e-11.
- maximal number of matvec operations: 71.
-> E_updated = 0.12868337606453595.
Orthogonality column 5:
- C leg dimensions: [(1, 6, 6, 36), (36, 5, 6, 36), (36, 6, 6, 36), (36, 6, 6, 36), (36, 6, 6, 36), (36, 6, 6, 36), (36, 6, 6, 36), (36, 6, 6, 36), (36, 6, 6, 36), (36, 6, 6, 30), (30, 5, 6, 1)].
- Lh leg dimensions: [(1, 6, 6, 29), (29, 5, 5, 216), (216, 6, 6, 216), (216, 6, 6, 216), (216, 6, 6, 216), (216, 6, 6, 216), (216, 6, 6, 216), (216, 6, 6, 216), (216, 6, 6, 96), (96, 6, 6, 25), (25, 5, 5, 1)].
- Rh leg dimensions: [(1, 6, 6, 36), (36, 6, 6, 216), (216, 6, 6, 216), (216, 6, 6, 216), (216, 6, 6, 216), (216, 6, 6, 216), (216, 6, 6, 216), (216, 6, 6, 216), (216, 6, 6, 216), (216, 6, 6, 36), (36, 6, 6, 1)].
-> E = <Lh|CC*> + <ALhAL*|CC*|ARhAR*> + <CC*|Rh> = -0.02680061990464759 + -0.010436584292424543 + 0.2659548548602869 = 0.22871765066321478.
- C_updated leg dimensions: [(1, 6, 6, 36), (36, 5, 6, 36), (36, 6, 6, 36), (36, 6, 6, 36), (36, 6, 6, 36), (36, 6, 6, 36), (36, 6, 6, 36), (36, 6, 6, 36), (36, 6, 6, 36), (36, 6, 6, 30), (30, 5, 6, 1)].
- largest Hermiticity error: 1.1375542117957858e-08.
- maximal number of matvec operations: 71.
-> E_updated = 0.1131636315065956.
Orthogonality column 4:
- C leg dimensions: [(1, 4, 6, 24), (24, 4, 6, 36), (36, 4, 6, 36), (36, 4, 6, 36), (36, 5, 6, 36), (36, 6, 6, 36), (36, 6, 6, 36), (36, 5, 6, 36), (36, 4, 6, 36), (36, 4, 6, 24), (24, 4, 6, 1)].
- Lh leg dimensions: [(1, 4, 4, 16), (16, 4, 4, 32), (32, 4, 4, 216), (216, 4, 4, 33), (33, 5, 5, 216), (216, 6, 6, 81), (81, 6, 6, 216), (216, 5, 5, 32), (32, 4, 4, 80), (80, 4, 4, 9), (9, 4, 4, 1)].
- Rh leg dimensions: [(1, 6, 6, 36), (36, 6, 6, 216), (216, 6, 6, 216), (216, 6, 6, 216), (216, 6, 6, 216), (216, 6, 6, 216), (216, 6, 6, 216), (216, 6, 6, 216), (216, 6, 6, 216), (216, 6, 6, 36), (36, 6, 6, 1)].
-> E = <Lh|CC*> + <ALhAL*|CC*|ARhAR*> + <CC*|Rh> = -0.03182421548820758 + -0.05442399958635189 + 0.26401416488931484 = 0.17776594981475535.
- C_updated leg dimensions: [(1, 4, 6, 24), (24, 4, 6, 36), (36, 4, 6, 36), (36, 4, 6, 36), (36, 5, 6, 36), (36, 6, 6, 36), (36, 6, 6, 36), (36, 5, 6, 36), (36, 4, 6, 36), (36, 4, 6, 24), (24, 4, 6, 1)].
- largest Hermiticity error: 1.4197063612343166e-08.
- maximal number of matvec operations: 71.
-> E_updated = 0.10052848239634474.
Orthogonality column 3:
- C leg dimensions: [(1, 4, 6, 24), (24, 2, 6, 36), (36, 4, 6, 36), (36, 2, 6, 36), (36, 4, 6, 36), (36, 4, 6, 36), (36, 4, 6, 36), (36, 4, 6, 36), (36, 2, 6, 36), (36, 4, 6, 12), (12, 2, 6, 1)].
- Lh leg dimensions: [(1, 4, 4, 8), (8, 2, 2, 29), (29, 4, 4, 8), (8, 2, 2, 29), (29, 4, 4, 13), (13, 4, 4, 80), (80, 4, 4, 8), (8, 4, 4, 29), (29, 2, 2, 8), (8, 4, 4, 4), (4, 2, 2, 1)].
- Rh leg dimensions: [(1, 6, 6, 36), (36, 6, 6, 216), (216, 6, 6, 216), (216, 6, 6, 216), (216, 6, 6, 216), (216, 6, 6, 216), (216, 6, 6, 216), (216, 6, 6, 216), (216, 6, 6, 216), (216, 6, 6, 36), (36, 6, 6, 1)].
-> E = <Lh|CC*> + <ALhAL*|CC*|ARhAR*> + <CC*|Rh> = 0.03629235217470313 + -0.0770693565269749 + 0.2587439838182193 = 0.2179669794659475.
- C_updated leg dimensions: [(1, 4, 6, 24), (24, 2, 6, 36), (36, 4, 6, 36), (36, 2, 6, 36), (36, 4, 6, 36), (36, 4, 6, 36), (36, 4, 6, 36), (36, 4, 6, 36), (36, 2, 6, 36), (36, 4, 6, 12), (12, 2, 6, 1)].
- largest Hermiticity error: 8.49764144333642e-09.
- maximal number of matvec operations: 61.
-> E_updated = 0.13526079477018135.
Orthogonality column 2:
- C leg dimensions: [(1, 2, 6, 12), (12, 2, 6, 36), (36, 2, 6, 36), (36, 2, 6, 36), (36, 2, 6, 36), (36, 4, 6, 36), (36, 2, 6, 36), (36, 2, 6, 36), (36, 2, 6, 36), (36, 2, 6, 12), (12, 2, 6, 1)].
- Lh leg dimensions: [(1, 2, 2, 4), (4, 2, 2, 3), (3, 2, 2, 8), (8, 2, 2, 3), (3, 2, 2, 9), (9, 4, 4, 3), (3, 2, 2, 8), (8, 2, 2, 3), (3, 2, 2, 8), (8, 2, 2, 3), (3, 2, 2, 1)].
- Rh leg dimensions: [(1, 6, 6, 36), (36, 6, 6, 216), (216, 6, 6, 216), (216, 6, 6, 216), (216, 6, 6, 216), (216, 6, 6, 216), (216, 6, 6, 216), (216, 6, 6, 216), (216, 6, 6, 216), (216, 6, 6, 36), (36, 6, 6, 1)].
-> E = <Lh|CC*> + <ALhAL*|CC*|ARhAR*> + <CC*|Rh> = 0.18687015844667126 + -0.14938896933801069 + 0.2981792398340383 = 0.3356604289426989.
- C_updated leg dimensions: [(1, 2, 6, 12), (12, 2, 6, 36), (36, 2, 6, 36), (36, 2, 6, 36), (36, 2, 6, 36), (36, 4, 6, 36), (36, 2, 6, 36), (36, 2, 6, 36), (36, 2, 6, 36), (36, 2, 6, 12), (12, 2, 6, 1)].
- largest Hermiticity error: 1.2996418763947406e-08.
- maximal number of matvec operations: 61.
-> E_updated = 0.22999853031430836.
Orthogonality column 1:
- C leg dimensions: [(1, 2, 6, 12), (12, 1, 6, 36), (36, 2, 6, 36), (36, 1, 6, 36), (36, 2, 6, 36), (36, 2, 6, 36), (36, 1, 6, 36), (36, 2, 6, 36), (36, 1, 6, 36), (36, 2, 6, 6), (6, 1, 6, 1)].
- Rh leg dimensions: [(1, 6, 6, 36), (36, 6, 6, 216), (216, 6, 6, 216), (216, 6, 6, 216), (216, 6, 6, 216), (216, 6, 6, 216), (216, 6, 6, 216), (216, 6, 6, 216), (216, 6, 6, 216), (216, 6, 6, 36), (36, 6, 6, 1)].
-> E = <Lh|CC*> + <ALhAL*|CC*|ARhAR*> + <CC*|Rh> = None + 0.1883300080805397 + 0.23795445960170108 = 0.4262844676822408.
- C_updated leg dimensions: [(1, 2, 6, 12), (12, 1, 6, 36), (36, 2, 6, 36), (36, 1, 6, 36), (36, 2, 6, 36), (36, 2, 6, 36), (36, 1, 6, 36), (36, 2, 6, 36), (36, 1, 6, 36), (36, 2, 6, 6), (6, 1, 6, 1)].
- largest Hermiticity error: 2.708121487264499e-06.
- maximal number of matvec operations: 61.
-> E_updated = 0.3195548984165224.
Orthogonality column 0:
- C leg dimensions: [(1, 1, 6, 6), (6, 1, 6, 36), (36, 1, 6, 36), (36, 1, 6, 36), (36, 1, 6, 36), (36, 1, 6, 36), (36, 1, 6, 36), (36, 1, 6, 36), (36, 1, 6, 36), (36, 1, 6, 6), (6, 1, 6, 1)].
- Rh leg dimensions: [(1, 6, 6, 36), (36, 6, 6, 216), (216, 6, 6, 216), (216, 6, 6, 216), (216, 6, 6, 216), (216, 6, 6, 216), (216, 6, 6, 216), (216, 6, 6, 216), (216, 6, 6, 216), (216, 6, 6, 36), (36, 6, 6, 1)].
-> E = <Lh|CC*> + <ALhAL*|CC*|ARhAR*> + <CC*|Rh> = None + None + 0.6242280176476719 = 0.6242280176476719.
- C_updated leg dimensions: [(1, 1, 6, 6), (6, 1, 6, 36), (36, 1, 6, 36), (36, 1, 6, 36), (36, 1, 6, 36), (36, 1, 6, 36), (36, 1, 6, 36), (36, 1, 6, 36), (36, 1, 6, 36), (36, 1, 6, 6), (6, 1, 6, 1)].
- largest Hermiticity error: 1.045509946073653e-06.
- maximal number of matvec operations: 51.
-> E_updated = 0.48189565934677225.
=> <H> - E0 = 0.15591638540075792.

DMRGSquared sweep 2 ...
Orthogonality column 0:
- C leg dimensions: [(1, 1, 6, 6), (6, 1, 6, 36), (36, 1, 6, 36), (36, 1, 6, 36), (36, 1, 6, 36), (36, 1, 6, 36), (36, 1, 6, 36), (36, 1, 6, 36), (36, 1, 6, 36), (36, 1, 6, 6), (6, 1, 6, 1)].
- Rh leg dimensions: [(1, 6, 6, 36), (36, 6, 6, 216), (216, 6, 6, 216), (216, 6, 6, 216), (216, 6, 6, 216), (216, 6, 6, 216), (216, 6, 6, 216), (216, 6, 6, 216), (216, 6, 6, 216), (216, 6, 6, 36), (36, 6, 6, 1)].
-> E = <Lh|CC*> + <ALhAL*|CC*|ARhAR*> + <CC*|Rh> = None + None + 0.481895659346684 = 0.481895659346684.
- C_updated leg dimensions: [(1, 1, 6, 6), (6, 1, 6, 36), (36, 1, 6, 36), (36, 1, 6, 36), (36, 1, 6, 36), (36, 1, 6, 36), (36, 1, 6, 36), (36, 1, 6, 36), (36, 1, 6, 36), (36, 1, 6, 6), (6, 1, 6, 1)].
- largest Hermiticity error: 1.6313792007506875e-06.
- maximal number of matvec operations: 41.
-> E_updated = 0.48189565937668244.
Orthogonality column 1:
- C leg dimensions: [(1, 2, 6, 6), (6, 1, 6, 36), (36, 2, 6, 36), (36, 1, 6, 36), (36, 2, 6, 36), (36, 2, 6, 36), (36, 1, 6, 36), (36, 2, 6, 36), (36, 1, 6, 36), (36, 2, 6, 6), (6, 1, 6, 1)].
- Rh leg dimensions: [(1, 6, 6, 36), (36, 6, 6, 216), (216, 6, 6, 216), (216, 6, 6, 216), (216, 6, 6, 216), (216, 6, 6, 216), (216, 6, 6, 216), (216, 6, 6, 216), (216, 6, 6, 216), (216, 6, 6, 36), (36, 6, 6, 1)].
-> E = <Lh|CC*> + <ALhAL*|CC*|ARhAR*> + <CC*|Rh> = None + 0.19977275987061688 + 0.26676555686444164 = 0.4665383167350585.
- C_updated leg dimensions: [(1, 2, 6, 12), (12, 1, 6, 36), (36, 2, 6, 36), (36, 1, 6, 36), (36, 2, 6, 36), (36, 2, 6, 36), (36, 1, 6, 36), (36, 2, 6, 36), (36, 1, 6, 36), (36, 2, 6, 6), (6, 1, 6, 1)].
- largest Hermiticity error: 2.7431587193617565e-06.
- maximal number of matvec operations: 61.
-> E_updated = 0.31955489849758256.
Orthogonality column 2:
- C leg dimensions: [(1, 2, 6, 12), (12, 2, 6, 36), (36, 2, 6, 36), (36, 2, 6, 36), (36, 2, 6, 36), (36, 4, 6, 36), (36, 2, 6, 36), (36, 2, 6, 36), (36, 2, 6, 36), (36, 2, 6, 6), (6, 2, 6, 1)].
- Lh leg dimensions: [(1, 2, 2, 4), (4, 2, 2, 3), (3, 2, 2, 8), (8, 2, 2, 3), (3, 2, 2, 9), (9, 4, 4, 3), (3, 2, 2, 8), (8, 2, 2, 3), (3, 2, 2, 8), (8, 2, 2, 3), (3, 2, 2, 1)].
- Rh leg dimensions: [(1, 6, 6, 36), (36, 6, 6, 216), (216, 6, 6, 216), (216, 6, 6, 216), (216, 6, 6, 216), (216, 6, 6, 216), (216, 6, 6, 216), (216, 6, 6, 216), (216, 6, 6, 216), (216, 6, 6, 36), (36, 6, 6, 1)].
-> E = <Lh|CC*> + <ALhAL*|CC*|ARhAR*> + <CC*|Rh> = 0.19237602580135557 + -0.1458808495119762 + 0.2964590405489756 = 0.342954216838355.
- C_updated leg dimensions: [(1, 2, 6, 12), (12, 2, 6, 36), (36, 2, 6, 36), (36, 2, 6, 36), (36, 2, 6, 36), (36, 4, 6, 36), (36, 2, 6, 36), (36, 2, 6, 36), (36, 2, 6, 36), (36, 2, 6, 12), (12, 2, 6, 1)].
- largest Hermiticity error: 6.373636303900469e-09.
- maximal number of matvec operations: 61.
-> E_updated = 0.2294800004641378.
Orthogonality column 3:
- C leg dimensions: [(1, 4, 6, 12), (12, 2, 6, 36), (36, 4, 6, 36), (36, 2, 6, 36), (36, 4, 6, 36), (36, 4, 6, 36), (36, 4, 6, 36), (36, 4, 6, 36), (36, 2, 6, 36), (36, 4, 6, 12), (12, 2, 6, 1)].
- Lh leg dimensions: [(1, 4, 4, 8), (8, 2, 2, 29), (29, 4, 4, 8), (8, 2, 2, 29), (29, 4, 4, 13), (13, 4, 4, 80), (80, 4, 4, 8), (8, 4, 4, 29), (29, 2, 2, 8), (8, 4, 4, 4), (4, 2, 2, 1)].
- Rh leg dimensions: [(1, 6, 6, 36), (36, 6, 6, 216), (216, 6, 6, 216), (216, 6, 6, 216), (216, 6, 6, 216), (216, 6, 6, 216), (216, 6, 6, 216), (216, 6, 6, 216), (216, 6, 6, 216), (216, 6, 6, 36), (36, 6, 6, 1)].
-> E = <Lh|CC*> + <ALhAL*|CC*|ARhAR*> + <CC*|Rh> = 0.03866294212207636 + -0.07612787387760878 + 0.283589474072265 = 0.24612454231673256.
- C_updated leg dimensions: [(1, 4, 6, 24), (24, 2, 6, 36), (36, 4, 6, 36), (36, 2, 6, 36), (36, 4, 6, 36), (36, 4, 6, 36), (36, 4, 6, 36), (36, 4, 6, 36), (36, 2, 6, 36), (36, 4, 6, 12), (12, 2, 6, 1)].
- largest Hermiticity error: 7.662510948498875e-09.
- maximal number of matvec operations: 71.
-> E_updated = 0.13331956055637717.
Orthogonality column 4:
- C leg dimensions: [(1, 4, 6, 24), (24, 4, 6, 36), (36, 4, 6, 36), (36, 4, 6, 36), (36, 5, 6, 36), (36, 6, 6, 36), (36, 6, 6, 36), (36, 5, 6, 36), (36, 4, 6, 36), (36, 4, 6, 12), (12, 4, 6, 1)].
- Lh leg dimensions: [(1, 4, 4, 16), (16, 4, 4, 32), (32, 4, 4, 216), (216, 4, 4, 33), (33, 5, 5, 216), (216, 6, 6, 80), (80, 6, 6, 216), (216, 5, 5, 32), (32, 4, 4, 80), (80, 4, 4, 9), (9, 4, 4, 1)].
- Rh leg dimensions: [(1, 6, 6, 36), (36, 6, 6, 216), (216, 6, 6, 216), (216, 6, 6, 216), (216, 6, 6, 216), (216, 6, 6, 216), (216, 6, 6, 216), (216, 6, 6, 216), (216, 6, 6, 216), (216, 6, 6, 36), (36, 6, 6, 1)].
-> E = <Lh|CC*> + <ALhAL*|CC*|ARhAR*> + <CC*|Rh> = -0.042744662955394606 + -0.05828524071173653 + 0.28794921640812077 = 0.18691931274098963.
- C_updated leg dimensions: [(1, 4, 6, 24), (24, 4, 6, 36), (36, 4, 6, 36), (36, 4, 6, 36), (36, 5, 6, 36), (36, 6, 6, 36), (36, 6, 6, 36), (36, 5, 6, 36), (36, 4, 6, 36), (36, 4, 6, 24), (24, 4, 6, 1)].
- largest Hermiticity error: 1.1212933931684106e-08.
- maximal number of matvec operations: 71.
-> E_updated = 0.09502772254978947.
Orthogonality column 5:
- C leg dimensions: [(1, 6, 6, 24), (24, 5, 6, 36), (36, 6, 6, 36), (36, 6, 6, 36), (36, 6, 6, 36), (36, 6, 6, 36), (36, 6, 6, 36), (36, 6, 6, 36), (36, 6, 6, 36), (36, 6, 6, 30), (30, 5, 6, 1)].
- Lh leg dimensions: [(1, 6, 6, 29), (29, 5, 5, 216), (216, 6, 6, 216), (216, 6, 6, 216), (216, 6, 6, 216), (216, 6, 6, 216), (216, 6, 6, 216), (216, 6, 6, 216), (216, 6, 6, 97), (97, 6, 6, 25), (25, 5, 5, 1)].
- Rh leg dimensions: [(1, 6, 6, 36), (36, 6, 6, 216), (216, 6, 6, 216), (216, 6, 6, 216), (216, 6, 6, 216), (216, 6, 6, 216), (216, 6, 6, 216), (216, 6, 6, 216), (216, 6, 6, 216), (216, 6, 6, 36), (36, 6, 6, 1)].
-> E = <Lh|CC*> + <ALhAL*|CC*|ARhAR*> + <CC*|Rh> = -0.10070830092613915 + -0.04316059119065273 + 0.2994949189509629 = 0.15562602683417104.
- C_updated leg dimensions: [(1, 6, 6, 36), (36, 5, 6, 36), (36, 6, 6, 36), (36, 6, 6, 36), (36, 6, 6, 36), (36, 6, 6, 36), (36, 6, 6, 36), (36, 6, 6, 36), (36, 6, 6, 36), (36, 6, 6, 30), (30, 5, 6, 1)].
- largest Hermiticity error: 1.538301251673011e-08.
- maximal number of matvec operations: 71.
-> E_updated = 0.0828839530586269.
Orthogonality column 6:
- C leg dimensions: [(1, 6, 6, 36), (36, 6, 6, 36), (36, 6, 6, 36), (36, 6, 6, 36), (36, 6, 6, 36), (36, 6, 6, 36), (36, 6, 6, 36), (36, 6, 6, 36), (36, 6, 6, 36), (36, 6, 6, 30), (30, 6, 6, 1)].
- Lh leg dimensions: [(1, 6, 6, 36), (36, 6, 6, 216), (216, 6, 6, 216), (216, 6, 6, 216), (216, 6, 6, 216), (216, 6, 6, 216), (216, 6, 6, 216), (216, 6, 6, 216), (216, 6, 6, 216), (216, 6, 6, 35), (35, 6, 6, 1)].
- Rh leg dimensions: [(1, 6, 6, 35), (35, 6, 6, 216), (216, 6, 6, 216), (216, 6, 6, 216), (216, 6, 6, 216), (216, 6, 6, 216), (216, 6, 6, 216), (216, 6, 6, 216), (216, 6, 6, 216), (216, 6, 6, 36), (36, 6, 6, 1)].
-> E = <Lh|CC*> + <ALhAL*|CC*|ARhAR*> + <CC*|Rh> = -0.13677686697622282 + -0.04488338850371153 + 0.27447584614089554 = 0.09281559066096118.
- C_updated leg dimensions: [(1, 6, 6, 36), (36, 6, 6, 36), (36, 6, 6, 36), (36, 6, 6, 36), (36, 6, 6, 36), (36, 6, 6, 36), (36, 6, 6, 36), (36, 6, 6, 36), (36, 6, 6, 36), (36, 6, 6, 36), (36, 6, 6, 1)].
- largest Hermiticity error: 3.0702770752987724e-10.
- maximal number of matvec operations: 71.
-> E_updated = 0.04478463950821338.
Orthogonality column 7:
- C leg dimensions: [(1, 6, 5, 36), (36, 6, 6, 36), (36, 6, 6, 36), (36, 6, 6, 36), (36, 6, 6, 36), (36, 6, 6, 36), (36, 6, 6, 36), (36, 6, 6, 36), (36, 6, 6, 36), (36, 6, 5, 36), (36, 6, 6, 1)].
- Lh leg dimensions: [(1, 6, 6, 36), (36, 6, 6, 216), (216, 6, 6, 216), (216, 6, 6, 216), (216, 6, 6, 216), (216, 6, 6, 216), (216, 6, 6, 216), (216, 6, 6, 216), (216, 6, 6, 216), (216, 6, 6, 36), (36, 6, 6, 1)].
- Rh leg dimensions: [(1, 5, 5, 25), (25, 6, 6, 97), (97, 6, 6, 216), (216, 6, 6, 216), (216, 6, 6, 216), (216, 6, 6, 216), (216, 6, 6, 216), (216, 6, 6, 216), (216, 6, 6, 216), (216, 5, 5, 29), (29, 6, 6, 1)].
-> E = <Lh|CC*> + <ALhAL*|CC*|ARhAR*> + <CC*|Rh> = -0.12419746280573386 + -0.047556134733283364 + 0.26899028687548093 = 0.0972366893364637.
- C_updated leg dimensions: [(1, 6, 5, 30), (30, 6, 6, 36), (36, 6, 6, 36), (36, 6, 6, 36), (36, 6, 6, 36), (36, 6, 6, 36), (36, 6, 6, 36), (36, 6, 6, 36), (36, 6, 6, 36), (36, 6, 5, 36), (36, 6, 6, 1)].
- largest Hermiticity error: 2.3269734320661902e-10.
- maximal number of matvec operations: 71.
-> E_updated = 0.051731712075653725.
Orthogonality column 8:
- C leg dimensions: [(1, 6, 4, 24), (24, 6, 4, 36), (36, 6, 4, 36), (36, 6, 5, 36), (36, 6, 6, 36), (36, 6, 6, 36), (36, 6, 5, 36), (36, 6, 4, 36), (36, 6, 4, 36), (36, 6, 4, 36), (36, 6, 4, 1)].
- Lh leg dimensions: [(1, 6, 6, 36), (36, 6, 6, 216), (216, 6, 6, 216), (216, 6, 6, 216), (216, 6, 6, 216), (216, 6, 6, 216), (216, 6, 6, 216), (216, 6, 6, 216), (216, 6, 6, 216), (216, 6, 6, 36), (36, 6, 6, 1)].
- Rh leg dimensions: [(1, 4, 4, 9), (9, 4, 4, 80), (80, 4, 4, 32), (32, 5, 5, 216), (216, 6, 6, 80), (80, 6, 6, 216), (216, 5, 5, 33), (33, 4, 4, 216), (216, 4, 4, 32), (32, 4, 4, 16), (16, 4, 4, 1)].
-> E = <Lh|CC*> + <ALhAL*|CC*|ARhAR*> + <CC*|Rh> = -0.06529450185269098 + -0.045684165950349756 + 0.3049998647624879 = 0.1940211969594472.
- C_updated leg dimensions: [(1, 6, 4, 24), (24, 6, 4, 36), (36, 6, 4, 36), (36, 6, 5, 36), (36, 6, 6, 36), (36, 6, 6, 36), (36, 6, 5, 36), (36, 6, 4, 36), (36, 6, 4, 36), (36, 6, 4, 24), (24, 6, 4, 1)].
- largest Hermiticity error: 1.3503365226294081e-09.
- maximal number of matvec operations: 71.
-> E_updated = 0.13920568786430554.
Orthogonality column 9:
- C leg dimensions: [(1, 6, 2, 24), (24, 6, 4, 36), (36, 6, 2, 36), (36, 6, 4, 36), (36, 6, 4, 36), (36, 6, 4, 36), (36, 6, 4, 36), (36, 6, 2, 36), (36, 6, 4, 36), (36, 6, 2, 24), (24, 6, 4, 1)].
- Lh leg dimensions: [(1, 6, 6, 36), (36, 6, 6, 216), (216, 6, 6, 216), (216, 6, 6, 216), (216, 6, 6, 216), (216, 6, 6, 216), (216, 6, 6, 216), (216, 6, 6, 216), (216, 6, 6, 216), (216, 6, 6, 36), (36, 6, 6, 1)].
- Rh leg dimensions: [(1, 2, 2, 4), (4, 4, 4, 8), (8, 2, 2, 29), (29, 4, 4, 8), (8, 4, 4, 80), (80, 4, 4, 13), (13, 4, 4, 29), (29, 2, 2, 8), (8, 4, 4, 29), (29, 2, 2, 8), (8, 4, 4, 1)].
-> E = <Lh|CC*> + <ALhAL*|CC*|ARhAR*> + <CC*|Rh> = 0.06911292830726506 + -0.05027077373371652 + 0.3550918601486826 = 0.37393401472223115.
- C_updated leg dimensions: [(1, 6, 2, 12), (12, 6, 4, 36), (36, 6, 2, 36), (36, 6, 4, 36), (36, 6, 4, 36), (36, 6, 4, 36), (36, 6, 4, 36), (36, 6, 2, 36), (36, 6, 4, 36), (36, 6, 2, 24), (24, 6, 4, 1)].
- largest Hermiticity error: 1.1862734177476275e-08.
- maximal number of matvec operations: 61.
-> E_updated = 0.2920171272583626.
Orthogonality column 10:
- C leg dimensions: [(1, 6, 2, 12), (12, 6, 2, 36), (36, 6, 2, 36), (36, 6, 2, 36), (36, 6, 2, 36), (36, 6, 4, 36), (36, 6, 2, 36), (36, 6, 2, 36), (36, 6, 2, 36), (36, 6, 2, 24), (24, 6, 2, 1)].
- Lh leg dimensions: [(1, 6, 6, 36), (36, 6, 6, 216), (216, 6, 6, 216), (216, 6, 6, 216), (216, 6, 6, 216), (216, 6, 6, 216), (216, 6, 6, 216), (216, 6, 6, 216), (216, 6, 6, 216), (216, 6, 6, 36), (36, 6, 6, 1)].
- Rh leg dimensions: [(1, 2, 2, 3), (3, 2, 2, 8), (8, 2, 2, 3), (3, 2, 2, 8), (8, 2, 2, 3), (3, 4, 4, 9), (9, 2, 2, 3), (3, 2, 2, 8), (8, 2, 2, 3), (3, 2, 2, 4), (4, 2, 2, 1)].
-> E = <Lh|CC*> + <ALhAL*|CC*|ARhAR*> + <CC*|Rh> = 0.08842537611215098 + -0.06361517466571877 + 0.42042994222113406 = 0.44524014366756626.
- C_updated leg dimensions: [(1, 6, 2, 12), (12, 6, 2, 36), (36, 6, 2, 36), (36, 6, 2, 36), (36, 6, 2, 36), (36, 6, 4, 36), (36, 6, 2, 36), (36, 6, 2, 36), (36, 6, 2, 36), (36, 6, 2, 12), (12, 6, 2, 1)].
- largest Hermiticity error: 2.3883939676688713e-08.
- maximal number of matvec operations: 61.
-> E_updated = 0.366828866757791.
Orthogonality column 11:
- C leg dimensions: [(1, 6, 1, 12), (12, 6, 2, 36), (36, 6, 1, 36), (36, 6, 2, 36), (36, 6, 1, 36), (36, 6, 2, 36), (36, 6, 2, 36), (36, 6, 1, 36), (36, 6, 2, 36), (36, 6, 1, 12), (12, 6, 2, 1)].
- Lh leg dimensions: [(1, 6, 6, 36), (36, 6, 6, 216), (216, 6, 6, 216), (216, 6, 6, 216), (216, 6, 6, 216), (216, 6, 6, 216), (216, 6, 6, 216), (216, 6, 6, 216), (216, 6, 6, 216), (216, 6, 6, 36), (36, 6, 6, 1)].
-> E = <Lh|CC*> + <ALhAL*|CC*|ARhAR*> + <CC*|Rh> = 0.22204681409416072 + 0.42158334220575544 + None = 0.6436301562999162.
- C_updated leg dimensions: [(1, 6, 1, 6), (6, 6, 2, 36), (36, 6, 1, 36), (36, 6, 2, 36), (36, 6, 1, 36), (36, 6, 2, 36), (36, 6, 2, 36), (36, 6, 1, 36), (36, 6, 2, 36), (36, 6, 1, 12), (12, 6, 2, 1)].
- largest Hermiticity error: 1.2432729894092118e-08.
- maximal number of matvec operations: 51.
-> E_updated = 0.5423630450666838.
Orthogonality column 12:
- C leg dimensions: [(1, 6, 1, 6), (6, 6, 1, 36), (36, 6, 1, 36), (36, 6, 1, 36), (36, 6, 1, 36), (36, 6, 1, 36), (36, 6, 1, 36), (36, 6, 1, 36), (36, 6, 1, 36), (36, 6, 1, 12), (12, 6, 1, 1)].
- Lh leg dimensions: [(1, 6, 6, 36), (36, 6, 6, 216), (216, 6, 6, 216), (216, 6, 6, 216), (216, 6, 6, 216), (216, 6, 6, 216), (216, 6, 6, 216), (216, 6, 6, 216), (216, 6, 6, 216), (216, 6, 6, 36), (36, 6, 6, 1)].
-> E = <Lh|CC*> + <ALhAL*|CC*|ARhAR*> + <CC*|Rh> = 0.8072843174110317 + None + None = 0.8072843174110317.
- C_updated leg dimensions: [(1, 6, 1, 6), (6, 6, 1, 36), (36, 6, 1, 36), (36, 6, 1, 36), (36, 6, 1, 36), (36, 6, 1, 36), (36, 6, 1, 36), (36, 6, 1, 36), (36, 6, 1, 36), (36, 6, 1, 6), (6, 6, 1, 1)].
- largest Hermiticity error: 9.854987325925392e-06.
- maximal number of matvec operations: 51.
-> E_updated = 0.6917021176497177.
Orthogonality column 11:
- C leg dimensions: [(1, 6, 1, 6), (6, 6, 2, 36), (36, 6, 1, 36), (36, 6, 2, 36), (36, 6, 1, 36), (36, 6, 2, 36), (36, 6, 2, 36), (36, 6, 1, 36), (36, 6, 2, 36), (36, 6, 1, 6), (6, 6, 2, 1)].
- Lh leg dimensions: [(1, 6, 6, 36), (36, 6, 6, 216), (216, 6, 6, 216), (216, 6, 6, 216), (216, 6, 6, 216), (216, 6, 6, 216), (216, 6, 6, 216), (216, 6, 6, 216), (216, 6, 6, 216), (216, 6, 6, 36), (36, 6, 6, 1)].
-> E = <Lh|CC*> + <ALhAL*|CC*|ARhAR*> + <CC*|Rh> = 0.23793537783555976 + 0.42361937912903086 + None = 0.6615547569645907.
- C_updated leg dimensions: [(1, 6, 1, 6), (6, 6, 2, 36), (36, 6, 1, 36), (36, 6, 2, 36), (36, 6, 1, 36), (36, 6, 2, 36), (36, 6, 2, 36), (36, 6, 1, 36), (36, 6, 2, 36), (36, 6, 1, 12), (12, 6, 2, 1)].
- largest Hermiticity error: 2.4859717625405977e-08.
- maximal number of matvec operations: 51.
-> E_updated = 0.5423630457501555.
Orthogonality column 10:
- C leg dimensions: [(1, 6, 2, 6), (6, 6, 2, 36), (36, 6, 2, 36), (36, 6, 2, 36), (36, 6, 2, 36), (36, 6, 4, 36), (36, 6, 2, 36), (36, 6, 2, 36), (36, 6, 2, 36), (36, 6, 2, 12), (12, 6, 2, 1)].
- Lh leg dimensions: [(1, 6, 6, 36), (36, 6, 6, 216), (216, 6, 6, 216), (216, 6, 6, 216), (216, 6, 6, 216), (216, 6, 6, 216), (216, 6, 6, 216), (216, 6, 6, 216), (216, 6, 6, 216), (216, 6, 6, 36), (36, 6, 6, 1)].
- Rh leg dimensions: [(1, 2, 2, 3), (3, 2, 2, 8), (8, 2, 2, 3), (3, 2, 2, 8), (8, 2, 2, 3), (3, 4, 4, 9), (9, 2, 2, 3), (3, 2, 2, 8), (8, 2, 2, 3), (3, 2, 2, 4), (4, 2, 2, 1)].
-> E = <Lh|CC*> + <ALhAL*|CC*|ARhAR*> + <CC*|Rh> = 0.11063747041739178 + -0.05615140444759488 + 0.4190656770413091 = 0.473551743011106.
- C_updated leg dimensions: [(1, 6, 2, 12), (12, 6, 2, 36), (36, 6, 2, 36), (36, 6, 2, 36), (36, 6, 2, 36), (36, 6, 4, 36), (36, 6, 2, 36), (36, 6, 2, 36), (36, 6, 2, 36), (36, 6, 2, 12), (12, 6, 2, 1)].
- largest Hermiticity error: 1.8387489211502626e-08.
- maximal number of matvec operations: 61.
-> E_updated = 0.3668166177640981.
Orthogonality column 9:
- C leg dimensions: [(1, 6, 2, 12), (12, 6, 4, 36), (36, 6, 2, 36), (36, 6, 4, 36), (36, 6, 4, 36), (36, 6, 4, 36), (36, 6, 4, 36), (36, 6, 2, 36), (36, 6, 4, 36), (36, 6, 2, 12), (12, 6, 4, 1)].
- Lh leg dimensions: [(1, 6, 6, 36), (36, 6, 6, 216), (216, 6, 6, 216), (216, 6, 6, 216), (216, 6, 6, 216), (216, 6, 6, 216), (216, 6, 6, 216), (216, 6, 6, 216), (216, 6, 6, 216), (216, 6, 6, 36), (36, 6, 6, 1)].
- Rh leg dimensions: [(1, 2, 2, 4), (4, 4, 4, 8), (8, 2, 2, 29), (29, 4, 4, 8), (8, 4, 4, 80), (80, 4, 4, 13), (13, 4, 4, 29), (29, 2, 2, 8), (8, 4, 4, 29), (29, 2, 2, 8), (8, 4, 4, 1)].
-> E = <Lh|CC*> + <ALhAL*|CC*|ARhAR*> + <CC*|Rh> = 0.06185251368403791 + -0.04063761199553374 + 0.35567715371990843 = 0.3768920554084126.
- C_updated leg dimensions: [(1, 6, 2, 12), (12, 6, 4, 36), (36, 6, 2, 36), (36, 6, 4, 36), (36, 6, 4, 36), (36, 6, 4, 36), (36, 6, 4, 36), (36, 6, 2, 36), (36, 6, 4, 36), (36, 6, 2, 24), (24, 6, 4, 1)].
- largest Hermiticity error: 1.1336498548566384e-08.
- maximal number of matvec operations: 61.
-> E_updated = 0.2919215292193051.
Orthogonality column 8:
- C leg dimensions: [(1, 6, 4, 12), (12, 6, 4, 36), (36, 6, 4, 36), (36, 6, 5, 36), (36, 6, 6, 36), (36, 6, 6, 36), (36, 6, 5, 36), (36, 6, 4, 36), (36, 6, 4, 36), (36, 6, 4, 24), (24, 6, 4, 1)].
- Lh leg dimensions: [(1, 6, 6, 36), (36, 6, 6, 216), (216, 6, 6, 216), (216, 6, 6, 216), (216, 6, 6, 216), (216, 6, 6, 216), (216, 6, 6, 216), (216, 6, 6, 216), (216, 6, 6, 216), (216, 6, 6, 36), (36, 6, 6, 1)].
- Rh leg dimensions: [(1, 4, 4, 9), (9, 4, 4, 80), (80, 4, 4, 32), (32, 5, 5, 216), (216, 6, 6, 80), (80, 6, 6, 216), (216, 5, 5, 33), (33, 4, 4, 216), (216, 4, 4, 32), (32, 4, 4, 16), (16, 4, 4, 1)].
-> E = <Lh|CC*> + <ALhAL*|CC*|ARhAR*> + <CC*|Rh> = -0.03772774991056578 + -0.04437985308715185 + 0.3076802210282958 = 0.22557261803057815.
- C_updated leg dimensions: [(1, 6, 4, 24), (24, 6, 4, 36), (36, 6, 4, 36), (36, 6, 5, 36), (36, 6, 6, 36), (36, 6, 6, 36), (36, 6, 5, 36), (36, 6, 4, 36), (36, 6, 4, 36), (36, 6, 4, 24), (24, 6, 4, 1)].
- largest Hermiticity error: 1.1424912840594943e-09.
- maximal number of matvec operations: 71.
-> E_updated = 0.1390509385951434.
Orthogonality column 7:
- C leg dimensions: [(1, 6, 5, 30), (30, 6, 6, 36), (36, 6, 6, 36), (36, 6, 6, 36), (36, 6, 6, 36), (36, 6, 6, 36), (36, 6, 6, 36), (36, 6, 6, 36), (36, 6, 6, 36), (36, 6, 5, 24), (24, 6, 6, 1)].
- Lh leg dimensions: [(1, 6, 6, 36), (36, 6, 6, 216), (216, 6, 6, 216), (216, 6, 6, 216), (216, 6, 6, 216), (216, 6, 6, 216), (216, 6, 6, 216), (216, 6, 6, 216), (216, 6, 6, 216), (216, 6, 6, 36), (36, 6, 6, 1)].
- Rh leg dimensions: [(1, 5, 5, 25), (25, 6, 6, 97), (97, 6, 6, 216), (216, 6, 6, 216), (216, 6, 6, 216), (216, 6, 6, 216), (216, 6, 6, 216), (216, 6, 6, 216), (216, 6, 6, 216), (216, 5, 5, 29), (29, 6, 6, 1)].
-> E = <Lh|CC*> + <ALhAL*|CC*|ARhAR*> + <CC*|Rh> = -0.10157673473422885 + -0.052602824387485 + 0.2772670178603192 = 0.12308745873860535.
- C_updated leg dimensions: [(1, 6, 5, 30), (30, 6, 6, 36), (36, 6, 6, 36), (36, 6, 6, 36), (36, 6, 6, 36), (36, 6, 6, 36), (36, 6, 6, 36), (36, 6, 6, 36), (36, 6, 6, 36), (36, 6, 5, 36), (36, 6, 6, 1)].
- largest Hermiticity error: 1.3438724551186892e-10.
- maximal number of matvec operations: 71.
-> E_updated = 0.06582423427837891.
Orthogonality column 6:
- C leg dimensions: [(1, 6, 6, 30), (30, 6, 6, 36), (36, 6, 6, 36), (36, 6, 6, 36), (36, 6, 6, 36), (36, 6, 6, 36), (36, 6, 6, 36), (36, 6, 6, 36), (36, 6, 6, 36), (36, 6, 6, 36), (36, 6, 6, 1)].
- Lh leg dimensions: [(1, 6, 6, 36), (36, 6, 6, 216), (216, 6, 6, 216), (216, 6, 6, 216), (216, 6, 6, 216), (216, 6, 6, 216), (216, 6, 6, 216), (216, 6, 6, 216), (216, 6, 6, 216), (216, 6, 6, 35), (35, 6, 6, 1)].
- Rh leg dimensions: [(1, 6, 6, 35), (35, 6, 6, 216), (216, 6, 6, 216), (216, 6, 6, 216), (216, 6, 6, 216), (216, 6, 6, 216), (216, 6, 6, 216), (216, 6, 6, 216), (216, 6, 6, 216), (216, 6, 6, 36), (36, 6, 6, 1)].
-> E = <Lh|CC*> + <ALhAL*|CC*|ARhAR*> + <CC*|Rh> = -0.11829346166250998 + -0.044998837840079804 + 0.23325986028753345 = 0.06996756078494368.
- C_updated leg dimensions: [(1, 6, 6, 36), (36, 6, 6, 36), (36, 6, 6, 36), (36, 6, 6, 36), (36, 6, 6, 36), (36, 6, 6, 36), (36, 6, 6, 36), (36, 6, 6, 36), (36, 6, 6, 36), (36, 6, 6, 36), (36, 6, 6, 1)].
- largest Hermiticity error: 4.3171389048361953e-10.
- maximal number of matvec operations: 81.
-> E_updated = 0.028001782399380656.
Orthogonality column 5:
- C leg dimensions: [(1, 6, 6, 36), (36, 5, 6, 36), (36, 6, 6, 36), (36, 6, 6, 36), (36, 6, 6, 36), (36, 6, 6, 36), (36, 6, 6, 36), (36, 6, 6, 36), (36, 6, 6, 36), (36, 6, 6, 30), (30, 5, 6, 1)].
- Lh leg dimensions: [(1, 6, 6, 29), (29, 5, 5, 216), (216, 6, 6, 216), (216, 6, 6, 216), (216, 6, 6, 216), (216, 6, 6, 216), (216, 6, 6, 216), (216, 6, 6, 216), (216, 6, 6, 97), (97, 6, 6, 25), (25, 5, 5, 1)].
- Rh leg dimensions: [(1, 6, 6, 36), (36, 6, 6, 216), (216, 6, 6, 216), (216, 6, 6, 216), (216, 6, 6, 216), (216, 6, 6, 216), (216, 6, 6, 216), (216, 6, 6, 216), (216, 6, 6, 216), (216, 6, 6, 36), (36, 6, 6, 1)].
-> E = <Lh|CC*> + <ALhAL*|CC*|ARhAR*> + <CC*|Rh> = -0.09563994709759331 + -0.04474586948211059 + 0.2886480652193985 = 0.14826224863969462.
- C_updated leg dimensions: [(1, 6, 6, 36), (36, 5, 6, 36), (36, 6, 6, 36), (36, 6, 6, 36), (36, 6, 6, 36), (36, 6, 6, 36), (36, 6, 6, 36), (36, 6, 6, 36), (36, 6, 6, 36), (36, 6, 6, 30), (30, 5, 6, 1)].
- largest Hermiticity error: 1.5459539260467716e-07.
- maximal number of matvec operations: 71.
-> E_updated = 0.10885682878102619.
Orthogonality column 4:
- C leg dimensions: [(1, 4, 6, 24), (24, 4, 6, 36), (36, 4, 6, 36), (36, 4, 6, 36), (36, 5, 6, 36), (36, 6, 6, 36), (36, 6, 6, 36), (36, 5, 6, 36), (36, 4, 6, 36), (36, 4, 6, 24), (24, 4, 6, 1)].
- Lh leg dimensions: [(1, 4, 4, 16), (16, 4, 4, 32), (32, 4, 4, 216), (216, 4, 4, 33), (33, 5, 5, 216), (216, 6, 6, 80), (80, 6, 6, 216), (216, 5, 5, 32), (32, 4, 4, 80), (80, 4, 4, 9), (9, 4, 4, 1)].
- Rh leg dimensions: [(1, 6, 6, 36), (36, 6, 6, 216), (216, 6, 6, 216), (216, 6, 6, 216), (216, 6, 6, 216), (216, 6, 6, 216), (216, 6, 6, 216), (216, 6, 6, 216), (216, 6, 6, 216), (216, 6, 6, 36), (36, 6, 6, 1)].
-> E = <Lh|CC*> + <ALhAL*|CC*|ARhAR*> + <CC*|Rh> = -0.042770863656778756 + -0.061160302311359334 + 0.3599966127686664 = 0.25606544680052834.
- C_updated leg dimensions: [(1, 4, 6, 24), (24, 4, 6, 36), (36, 4, 6, 36), (36, 4, 6, 36), (36, 5, 6, 36), (36, 6, 6, 36), (36, 6, 6, 36), (36, 5, 6, 36), (36, 4, 6, 36), (36, 4, 6, 24), (24, 4, 6, 1)].
- largest Hermiticity error: 1.3737458386057324e-07.
- maximal number of matvec operations: 71.
-> E_updated = 0.20953104100026124.
Orthogonality column 3:
- C leg dimensions: [(1, 4, 6, 24), (24, 2, 6, 36), (36, 4, 6, 36), (36, 2, 6, 36), (36, 4, 6, 36), (36, 4, 6, 36), (36, 4, 6, 36), (36, 4, 6, 36), (36, 2, 6, 36), (36, 4, 6, 12), (12, 2, 6, 1)].
- Lh leg dimensions: [(1, 4, 4, 8), (8, 2, 2, 29), (29, 4, 4, 8), (8, 2, 2, 29), (29, 4, 4, 13), (13, 4, 4, 80), (80, 4, 4, 8), (8, 4, 4, 29), (29, 2, 2, 8), (8, 4, 4, 4), (4, 2, 2, 1)].
- Rh leg dimensions: [(1, 6, 6, 36), (36, 6, 6, 216), (216, 6, 6, 216), (216, 6, 6, 216), (216, 6, 6, 216), (216, 6, 6, 216), (216, 6, 6, 216), (216, 6, 6, 216), (216, 6, 6, 216), (216, 6, 6, 36), (36, 6, 6, 1)].
-> E = <Lh|CC*> + <ALhAL*|CC*|ARhAR*> + <CC*|Rh> = 0.03574690761608958 + -0.07855616009973246 + 0.4402779472825471 = 0.39746869479890423.
- C_updated leg dimensions: [(1, 4, 6, 24), (24, 2, 6, 36), (36, 4, 6, 36), (36, 2, 6, 36), (36, 4, 6, 36), (36, 4, 6, 36), (36, 4, 6, 36), (36, 4, 6, 36), (36, 2, 6, 36), (36, 4, 6, 12), (12, 2, 6, 1)].
- largest Hermiticity error: 1.0854121418180449e-07.
- maximal number of matvec operations: 61.
-> E_updated = 0.32451879137981227.
Orthogonality column 2:
- C leg dimensions: [(1, 2, 6, 12), (12, 2, 6, 36), (36, 2, 6, 36), (36, 2, 6, 36), (36, 2, 6, 36), (36, 4, 6, 36), (36, 2, 6, 36), (36, 2, 6, 36), (36, 2, 6, 36), (36, 2, 6, 12), (12, 2, 6, 1)].
- Lh leg dimensions: [(1, 2, 2, 4), (4, 2, 2, 3), (3, 2, 2, 8), (8, 2, 2, 3), (3, 2, 2, 9), (9, 4, 4, 3), (3, 2, 2, 8), (8, 2, 2, 3), (3, 2, 2, 8), (8, 2, 2, 3), (3, 2, 2, 1)].
- Rh leg dimensions: [(1, 6, 6, 36), (36, 6, 6, 216), (216, 6, 6, 216), (216, 6, 6, 216), (216, 6, 6, 216), (216, 6, 6, 216), (216, 6, 6, 216), (216, 6, 6, 216), (216, 6, 6, 216), (216, 6, 6, 36), (36, 6, 6, 1)].
-> E = <Lh|CC*> + <ALhAL*|CC*|ARhAR*> + <CC*|Rh> = 0.18641657729434985 + -0.14985843801185178 + 0.43013669498235385 = 0.4666948342648519.
- C_updated leg dimensions: [(1, 2, 6, 12), (12, 2, 6, 36), (36, 2, 6, 36), (36, 2, 6, 36), (36, 2, 6, 36), (36, 4, 6, 36), (36, 2, 6, 36), (36, 2, 6, 36), (36, 2, 6, 36), (36, 2, 6, 12), (12, 2, 6, 1)].
- largest Hermiticity error: 5.8393444392911136e-08.
- maximal number of matvec operations: 61.
-> E_updated = 0.3749231847784314.
Orthogonality column 1:
- C leg dimensions: [(1, 2, 6, 12), (12, 1, 6, 36), (36, 2, 6, 36), (36, 1, 6, 36), (36, 2, 6, 36), (36, 2, 6, 36), (36, 1, 6, 36), (36, 2, 6, 36), (36, 1, 6, 36), (36, 2, 6, 6), (6, 1, 6, 1)].
- Rh leg dimensions: [(1, 6, 6, 36), (36, 6, 6, 216), (216, 6, 6, 216), (216, 6, 6, 216), (216, 6, 6, 216), (216, 6, 6, 216), (216, 6, 6, 216), (216, 6, 6, 216), (216, 6, 6, 216), (216, 6, 6, 36), (36, 6, 6, 1)].
-> E = <Lh|CC*> + <ALhAL*|CC*|ARhAR*> + <CC*|Rh> = None + 0.1878854691826907 + 0.4450292575181191 = 0.6329147267008098.
- C_updated leg dimensions: [(1, 2, 6, 12), (12, 1, 6, 36), (36, 2, 6, 36), (36, 1, 6, 36), (36, 2, 6, 36), (36, 2, 6, 36), (36, 1, 6, 36), (36, 2, 6, 36), (36, 1, 6, 36), (36, 2, 6, 6), (6, 1, 6, 1)].
- largest Hermiticity error: 9.91990734757165e-08.
- maximal number of matvec operations: 51.
-> E_updated = 0.526390189645297.
Orthogonality column 0:
- C leg dimensions: [(1, 1, 6, 6), (6, 1, 6, 36), (36, 1, 6, 36), (36, 1, 6, 36), (36, 1, 6, 36), (36, 1, 6, 36), (36, 1, 6, 36), (36, 1, 6, 36), (36, 1, 6, 36), (36, 1, 6, 6), (6, 1, 6, 1)].
- Rh leg dimensions: [(1, 6, 6, 36), (36, 6, 6, 216), (216, 6, 6, 216), (216, 6, 6, 216), (216, 6, 6, 216), (216, 6, 6, 216), (216, 6, 6, 216), (216, 6, 6, 216), (216, 6, 6, 216), (216, 6, 6, 36), (36, 6, 6, 1)].
-> E = <Lh|CC*> + <ALhAL*|CC*|ARhAR*> + <CC*|Rh> = None + None + 0.7485933545992092 = 0.7485933545992092.
- C_updated leg dimensions: [(1, 1, 6, 6), (6, 1, 6, 36), (36, 1, 6, 36), (36, 1, 6, 36), (36, 1, 6, 36), (36, 1, 6, 36), (36, 1, 6, 36), (36, 1, 6, 36), (36, 1, 6, 36), (36, 1, 6, 6), (6, 1, 6, 1)].
- largest Hermiticity error: 7.799890913097124e-08.
- maximal number of matvec operations: 51.
-> E_updated = 0.6319438741020768.
=> <H> - E0 = 0.13568903884470274.

<H>s - E0 = [0.15591639 0.13568904]
