Lx = 6, Ly = 6, g = 3.0, D_max = 3, chi_max_c = 18, chi_max_b = 54. 

E0_exact = -227.308603832. 

es = [-26.90018015 -17.97395998 -17.98746445 -17.9906608  -17.99421894
 -17.98732637 -17.99951248 -17.99619083 -18.00245213 -17.99088046
 -27.00536397].
E = -215.8282105643848.
E - E0 = 11.480393267615199.
subtract energy E0_exact evenly from all columns.


DMRGSquared sweep 1 ...
Orthogonality column 0:
- C leg dimensions: [(1, 1, 3, 3), (3, 1, 3, 9), (9, 1, 3, 18), (18, 1, 3, 18), (18, 1, 3, 18), (18, 1, 3, 18), (18, 1, 3, 18), (18, 1, 3, 18), (18, 1, 3, 9), (9, 1, 3, 3), (3, 1, 3, 1)].
- Rh leg dimensions: [(1, 3, 3, 9), (9, 3, 3, 54), (54, 3, 3, 54), (54, 3, 3, 54), (54, 3, 3, 54), (54, 3, 3, 54), (54, 3, 3, 54), (54, 3, 3, 54), (54, 3, 3, 54), (54, 3, 3, 9), (9, 3, 3, 1)].
-> E = <Lh|CC*> + <ALhAL*|CC*|ARhAR*> + <CC*|Rh> = None + None + 6.874302305640641 = 6.874302305640641.
- C_updated leg dimensions: [(1, 1, 3, 3), (3, 1, 3, 9), (9, 1, 3, 18), (18, 1, 3, 18), (18, 1, 3, 18), (18, 1, 3, 18), (18, 1, 3, 18), (18, 1, 3, 18), (18, 1, 3, 9), (9, 1, 3, 3), (3, 1, 3, 1)].
- largest Hermiticity error: 8.325391351854893e-09.
- maximal number of matvec operations: 21.
-> E_updated = 5.668810174494116.
Orthogonality column 1:
- C leg dimensions: [(1, 2, 3, 3), (3, 1, 3, 9), (9, 2, 3, 18), (18, 1, 3, 18), (18, 2, 3, 18), (18, 2, 3, 18), (18, 1, 3, 18), (18, 2, 3, 18), (18, 1, 3, 9), (9, 2, 3, 3), (3, 1, 3, 1)].
- Rh leg dimensions: [(1, 3, 3, 9), (9, 3, 3, 54), (54, 3, 3, 54), (54, 3, 3, 54), (54, 3, 3, 54), (54, 3, 3, 54), (54, 3, 3, 54), (54, 3, 3, 54), (54, 3, 3, 54), (54, 3, 3, 9), (9, 3, 3, 1)].
-> E = <Lh|CC*> + <ALhAL*|CC*|ARhAR*> + <CC*|Rh> = None + 1.31129102672407 + 6.06456948459064 = 7.37586051131471.
- C_updated leg dimensions: [(1, 2, 3, 6), (6, 1, 3, 18), (18, 2, 3, 18), (18, 1, 3, 18), (18, 2, 3, 18), (18, 2, 3, 18), (18, 1, 3, 18), (18, 2, 3, 18), (18, 1, 3, 18), (18, 2, 3, 3), (3, 1, 3, 1)].
- largest Hermiticity error: 6.786372207688164e-10.
- maximal number of matvec operations: 41.
-> E_updated = 7.212995315228795.
Orthogonality column 2:
- C leg dimensions: [(1, 2, 3, 6), (6, 2, 3, 18), (18, 2, 3, 18), (18, 2, 3, 18), (18, 2, 3, 18), (18, 3, 3, 18), (18, 2, 3, 18), (18, 2, 3, 18), (18, 2, 3, 18), (18, 2, 3, 3), (3, 2, 3, 1)].
- Lh leg dimensions: [(1, 2, 2, 4), (4, 2, 2, 3), (3, 2, 2, 8), (8, 2, 2, 3), (3, 2, 2, 9), (9, 3, 3, 3), (3, 2, 2, 8), (8, 2, 2, 3), (3, 2, 2, 8), (8, 2, 2, 3), (3, 2, 2, 1)].
- Rh leg dimensions: [(1, 3, 3, 9), (9, 3, 3, 54), (54, 3, 3, 54), (54, 3, 3, 54), (54, 3, 3, 54), (54, 3, 3, 54), (54, 3, 3, 54), (54, 3, 3, 54), (54, 3, 3, 54), (54, 3, 3, 9), (9, 3, 3, 1)].
-> E = <Lh|CC*> + <ALhAL*|CC*|ARhAR*> + <CC*|Rh> = 1.1430971082759316 + 0.8919866981982422 + 5.8512848667157025 = 7.886368673189876.
- C_updated leg dimensions: [(1, 2, 3, 6), (6, 2, 3, 18), (18, 2, 3, 18), (18, 2, 3, 18), (18, 2, 3, 18), (18, 3, 3, 18), (18, 2, 3, 18), (18, 2, 3, 18), (18, 2, 3, 18), (18, 2, 3, 6), (6, 2, 3, 1)].
- largest Hermiticity error: 1.40640748647217e-09.
- maximal number of matvec operations: 61.
-> E_updated = 6.824728585129877.
Orthogonality column 3:
- C leg dimensions: [(1, 3, 3, 6), (6, 2, 3, 18), (18, 3, 3, 18), (18, 2, 3, 18), (18, 3, 3, 18), (18, 3, 3, 18), (18, 3, 3, 18), (18, 3, 3, 18), (18, 2, 3, 18), (18, 3, 3, 6), (6, 2, 3, 1)].
- Lh leg dimensions: [(1, 3, 3, 8), (8, 2, 2, 25), (25, 3, 3, 8), (8, 2, 2, 25), (25, 3, 3, 12), (12, 3, 3, 45), (45, 3, 3, 8), (8, 3, 3, 25), (25, 2, 2, 8), (8, 3, 3, 4), (4, 2, 2, 1)].
- Rh leg dimensions: [(1, 3, 3, 9), (9, 3, 3, 54), (54, 3, 3, 54), (54, 3, 3, 54), (54, 3, 3, 54), (54, 3, 3, 54), (54, 3, 3, 54), (54, 3, 3, 54), (54, 3, 3, 54), (54, 3, 3, 9), (9, 3, 3, 1)].
-> E = <Lh|CC*> + <ALhAL*|CC*|ARhAR*> + <CC*|Rh> = 1.0060937293729122 + 0.9191505304691483 + 5.573746194749526 = 7.498990454591587.
- C_updated leg dimensions: [(1, 3, 3, 9), (9, 2, 3, 18), (18, 3, 3, 18), (18, 2, 3, 18), (18, 3, 3, 18), (18, 3, 3, 18), (18, 3, 3, 18), (18, 3, 3, 18), (18, 2, 3, 18), (18, 3, 3, 6), (6, 2, 3, 1)].
- largest Hermiticity error: 6.470745821288323e-10.
- maximal number of matvec operations: 61.
-> E_updated = 6.526297934859304.
Orthogonality column 4:
- C leg dimensions: [(1, 3, 3, 9), (9, 3, 3, 18), (18, 3, 3, 18), (18, 3, 3, 18), (18, 3, 3, 18), (18, 3, 3, 18), (18, 3, 3, 18), (18, 3, 3, 18), (18, 3, 3, 18), (18, 3, 3, 6), (6, 3, 3, 1)].
- Lh leg dimensions: [(1, 3, 3, 9), (9, 3, 3, 25), (25, 3, 3, 54), (54, 3, 3, 25), (25, 3, 3, 54), (54, 3, 3, 45), (45, 3, 3, 54), (54, 3, 3, 25), (25, 3, 3, 45), (45, 3, 3, 8), (8, 3, 3, 1)].
- Rh leg dimensions: [(1, 3, 3, 9), (9, 3, 3, 54), (54, 3, 3, 54), (54, 3, 3, 54), (54, 3, 3, 54), (54, 3, 3, 54), (54, 3, 3, 54), (54, 3, 3, 54), (54, 3, 3, 54), (54, 3, 3, 9), (9, 3, 3, 1)].
-> E = <Lh|CC*> + <ALhAL*|CC*|ARhAR*> + <CC*|Rh> = 1.0308138990525066 + 0.9098403065274147 + 5.8270552497102575 = 7.767709455290179.
- C_updated leg dimensions: [(1, 3, 3, 9), (9, 3, 3, 18), (18, 3, 3, 18), (18, 3, 3, 18), (18, 3, 3, 18), (18, 3, 3, 18), (18, 3, 3, 18), (18, 3, 3, 18), (18, 3, 3, 18), (18, 3, 3, 9), (9, 3, 3, 1)].
- largest Hermiticity error: 9.220320834097417e-10.
- maximal number of matvec operations: 61.
-> E_updated = 6.88039866189432.
Orthogonality column 5:
- C leg dimensions: [(1, 3, 3, 9), (9, 3, 3, 18), (18, 3, 3, 18), (18, 3, 3, 18), (18, 3, 3, 18), (18, 3, 3, 18), (18, 3, 3, 18), (18, 3, 3, 18), (18, 3, 3, 18), (18, 3, 3, 9), (9, 3, 3, 1)].
- Lh leg dimensions: [(1, 3, 3, 9), (9, 3, 3, 54), (54, 3, 3, 54), (54, 3, 3, 54), (54, 3, 3, 54), (54, 3, 3, 54), (54, 3, 3, 54), (54, 3, 3, 54), (54, 3, 3, 54), (54, 3, 3, 9), (9, 3, 3, 1)].
- Rh leg dimensions: [(1, 3, 3, 9), (9, 3, 3, 54), (54, 3, 3, 54), (54, 3, 3, 54), (54, 3, 3, 54), (54, 3, 3, 54), (54, 3, 3, 54), (54, 3, 3, 54), (54, 3, 3, 54), (54, 3, 3, 9), (9, 3, 3, 1)].
-> E = <Lh|CC*> + <ALhAL*|CC*|ARhAR*> + <CC*|Rh> = 1.1965994798971515 + 0.8465699166165528 + 5.621942239051084 = 7.665111635564788.
- C_updated leg dimensions: [(1, 3, 3, 9), (9, 3, 3, 18), (18, 3, 3, 18), (18, 3, 3, 18), (18, 3, 3, 18), (18, 3, 3, 18), (18, 3, 3, 18), (18, 3, 3, 18), (18, 3, 3, 18), (18, 3, 3, 9), (9, 3, 3, 1)].
- largest Hermiticity error: 4.308485151956385e-09.
- maximal number of matvec operations: 51.
-> E_updated = 6.8707736703809.
Orthogonality column 6:
- C leg dimensions: [(1, 3, 3, 9), (9, 3, 3, 18), (18, 3, 3, 18), (18, 3, 3, 18), (18, 3, 3, 18), (18, 3, 3, 18), (18, 3, 3, 18), (18, 3, 3, 18), (18, 3, 3, 18), (18, 3, 3, 9), (9, 3, 3, 1)].
- Lh leg dimensions: [(1, 3, 3, 9), (9, 3, 3, 54), (54, 3, 3, 54), (54, 3, 3, 54), (54, 3, 3, 54), (54, 3, 3, 54), (54, 3, 3, 54), (54, 3, 3, 54), (54, 3, 3, 54), (54, 3, 3, 9), (9, 3, 3, 1)].
- Rh leg dimensions: [(1, 3, 3, 9), (9, 3, 3, 54), (54, 3, 3, 54), (54, 3, 3, 54), (54, 3, 3, 54), (54, 3, 3, 54), (54, 3, 3, 54), (54, 3, 3, 54), (54, 3, 3, 54), (54, 3, 3, 9), (9, 3, 3, 1)].
-> E = <Lh|CC*> + <ALhAL*|CC*|ARhAR*> + <CC*|Rh> = 1.315958383782926 + 0.923307523374508 + 5.011487723846564 = 7.250753631003998.
- C_updated leg dimensions: [(1, 3, 3, 9), (9, 3, 3, 18), (18, 3, 3, 18), (18, 3, 3, 18), (18, 3, 3, 18), (18, 3, 3, 18), (18, 3, 3, 18), (18, 3, 3, 18), (18, 3, 3, 18), (18, 3, 3, 9), (9, 3, 3, 1)].
- largest Hermiticity error: 1.1737519069559806e-08.
- maximal number of matvec operations: 51.
-> E_updated = 6.726054417535732.
Orthogonality column 7:
- C leg dimensions: [(1, 3, 3, 9), (9, 3, 3, 18), (18, 3, 3, 18), (18, 3, 3, 18), (18, 3, 3, 18), (18, 3, 3, 18), (18, 3, 3, 18), (18, 3, 3, 18), (18, 3, 3, 18), (18, 3, 3, 9), (9, 3, 3, 1)].
- Lh leg dimensions: [(1, 3, 3, 9), (9, 3, 3, 54), (54, 3, 3, 54), (54, 3, 3, 54), (54, 3, 3, 54), (54, 3, 3, 54), (54, 3, 3, 54), (54, 3, 3, 54), (54, 3, 3, 54), (54, 3, 3, 9), (9, 3, 3, 1)].
- Rh leg dimensions: [(1, 3, 3, 9), (9, 3, 3, 54), (54, 3, 3, 54), (54, 3, 3, 54), (54, 3, 3, 54), (54, 3, 3, 54), (54, 3, 3, 54), (54, 3, 3, 54), (54, 3, 3, 54), (54, 3, 3, 9), (9, 3, 3, 1)].
-> E = <Lh|CC*> + <ALhAL*|CC*|ARhAR*> + <CC*|Rh> = 1.8226816628265021 + 0.9265717598349905 + 4.242319155582757 = 6.9915725782442495.
- C_updated leg dimensions: [(1, 3, 3, 9), (9, 3, 3, 18), (18, 3, 3, 18), (18, 3, 3, 18), (18, 3, 3, 18), (18, 3, 3, 18), (18, 3, 3, 18), (18, 3, 3, 18), (18, 3, 3, 18), (18, 3, 3, 9), (9, 3, 3, 1)].
- largest Hermiticity error: 6.83020291862467e-09.
- maximal number of matvec operations: 41.
-> E_updated = 6.424476131046667.
Orthogonality column 8:
- C leg dimensions: [(1, 3, 3, 9), (9, 3, 3, 18), (18, 3, 3, 18), (18, 3, 3, 18), (18, 3, 3, 18), (18, 3, 3, 18), (18, 3, 3, 18), (18, 3, 3, 18), (18, 3, 3, 18), (18, 3, 3, 9), (9, 3, 3, 1)].
- Lh leg dimensions: [(1, 3, 3, 9), (9, 3, 3, 54), (54, 3, 3, 54), (54, 3, 3, 54), (54, 3, 3, 54), (54, 3, 3, 54), (54, 3, 3, 54), (54, 3, 3, 54), (54, 3, 3, 54), (54, 3, 3, 9), (9, 3, 3, 1)].
- Rh leg dimensions: [(1, 3, 3, 8), (8, 3, 3, 45), (45, 3, 3, 25), (25, 3, 3, 54), (54, 3, 3, 25), (25, 3, 3, 54), (54, 3, 3, 25), (25, 3, 3, 54), (54, 3, 3, 25), (25, 3, 3, 9), (9, 3, 3, 1)].
-> E = <Lh|CC*> + <ALhAL*|CC*|ARhAR*> + <CC*|Rh> = 2.411155001189266 + 0.8167952010649576 + 3.3737333315758202 = 6.601683533830044.
- C_updated leg dimensions: [(1, 3, 3, 9), (9, 3, 3, 18), (18, 3, 3, 18), (18, 3, 3, 18), (18, 3, 3, 18), (18, 3, 3, 18), (18, 3, 3, 18), (18, 3, 3, 18), (18, 3, 3, 18), (18, 3, 3, 9), (9, 3, 3, 1)].
- largest Hermiticity error: 4.3555185615224765e-10.
- maximal number of matvec operations: 41.
-> E_updated = 5.253211413659129.
Orthogonality column 9:
- C leg dimensions: [(1, 3, 2, 9), (9, 3, 3, 18), (18, 3, 2, 18), (18, 3, 3, 18), (18, 3, 2, 18), (18, 3, 3, 18), (18, 3, 2, 18), (18, 3, 3, 18), (18, 3, 2, 18), (18, 3, 3, 9), (9, 3, 3, 1)].
- Lh leg dimensions: [(1, 3, 3, 9), (9, 3, 3, 54), (54, 3, 3, 54), (54, 3, 3, 54), (54, 3, 3, 54), (54, 3, 3, 54), (54, 3, 3, 54), (54, 3, 3, 54), (54, 3, 3, 54), (54, 3, 3, 9), (9, 3, 3, 1)].
- Rh leg dimensions: [(1, 2, 2, 4), (4, 3, 3, 8), (8, 2, 2, 25), (25, 3, 3, 8), (8, 2, 2, 25), (25, 3, 3, 8), (8, 2, 2, 25), (25, 3, 3, 8), (8, 2, 2, 25), (25, 3, 3, 9), (9, 3, 3, 1)].
-> E = <Lh|CC*> + <ALhAL*|CC*|ARhAR*> + <CC*|Rh> = 2.5282331154209916 + 0.6114915549799782 + 2.238291338559812 = 5.378016008960781.
- C_updated leg dimensions: [(1, 3, 2, 6), (6, 3, 3, 18), (18, 3, 2, 18), (18, 3, 3, 18), (18, 3, 2, 18), (18, 3, 3, 18), (18, 3, 2, 18), (18, 3, 3, 18), (18, 3, 2, 18), (18, 3, 3, 9), (9, 3, 3, 1)].
- largest Hermiticity error: 3.3179156148592036e-09.
- maximal number of matvec operations: 41.
-> E_updated = 4.20891618867721.
Orthogonality column 10:
- C leg dimensions: [(1, 3, 2, 6), (6, 3, 2, 18), (18, 3, 2, 18), (18, 3, 2, 18), (18, 3, 2, 18), (18, 3, 2, 18), (18, 3, 2, 18), (18, 3, 2, 18), (18, 3, 2, 18), (18, 3, 2, 9), (9, 3, 3, 1)].
- Lh leg dimensions: [(1, 3, 3, 9), (9, 3, 3, 54), (54, 3, 3, 54), (54, 3, 3, 54), (54, 3, 3, 54), (54, 3, 3, 54), (54, 3, 3, 54), (54, 3, 3, 54), (54, 3, 3, 54), (54, 3, 3, 9), (9, 3, 3, 1)].
- Rh leg dimensions: [(1, 2, 2, 3), (3, 2, 2, 8), (8, 2, 2, 3), (3, 2, 2, 8), (8, 2, 2, 3), (3, 2, 2, 8), (8, 2, 2, 3), (3, 2, 2, 8), (8, 2, 2, 3), (3, 2, 2, 8), (8, 3, 3, 1)].
-> E = <Lh|CC*> + <ALhAL*|CC*|ARhAR*> + <CC*|Rh> = 2.7029508623120493 + 0.3919388579915508 + 1.2002852782981235 = 4.295174998601723.
- C_updated leg dimensions: [(1, 3, 2, 6), (6, 3, 2, 18), (18, 3, 2, 18), (18, 3, 2, 18), (18, 3, 2, 18), (18, 3, 2, 18), (18, 3, 2, 18), (18, 3, 2, 18), (18, 3, 2, 18), (18, 3, 2, 9), (9, 3, 3, 1)].
- largest Hermiticity error: 5.097994718710899e-09.
- maximal number of matvec operations: 41.
-> E_updated = 3.0259990255497806.
Orthogonality column 11:
- C leg dimensions: [(1, 3, 1, 6), (6, 3, 2, 18), (18, 3, 1, 18), (18, 3, 2, 18), (18, 3, 1, 18), (18, 3, 2, 18), (18, 3, 1, 18), (18, 3, 2, 18), (18, 3, 1, 18), (18, 3, 2, 6), (6, 3, 2, 1)].
- Lh leg dimensions: [(1, 3, 3, 9), (9, 3, 3, 54), (54, 3, 3, 54), (54, 3, 3, 54), (54, 3, 3, 54), (54, 3, 3, 54), (54, 3, 3, 54), (54, 3, 3, 54), (54, 3, 3, 54), (54, 3, 3, 9), (9, 3, 3, 1)].
-> E = <Lh|CC*> + <ALhAL*|CC*|ARhAR*> + <CC*|Rh> = 2.5684516082627757 + 0.5574557621315323 + None = 3.125907370394308.
- C_updated leg dimensions: [(1, 3, 1, 3), (3, 3, 2, 18), (18, 3, 1, 18), (18, 3, 2, 18), (18, 3, 1, 18), (18, 3, 2, 18), (18, 3, 1, 18), (18, 3, 2, 18), (18, 3, 1, 18), (18, 3, 2, 6), (6, 3, 2, 1)].
- largest Hermiticity error: 3.975218733713693e-09.
- maximal number of matvec operations: 41.
-> E_updated = 3.010973135868816.
Orthogonality column 12:
- C leg dimensions: [(1, 3, 1, 3), (3, 3, 1, 9), (9, 3, 1, 18), (18, 3, 1, 18), (18, 3, 1, 18), (18, 3, 1, 18), (18, 3, 1, 18), (18, 3, 1, 18), (18, 3, 1, 18), (18, 3, 1, 6), (6, 3, 1, 1)].
- Lh leg dimensions: [(1, 3, 3, 9), (9, 3, 3, 54), (54, 3, 3, 54), (54, 3, 3, 54), (54, 3, 3, 54), (54, 3, 3, 54), (54, 3, 3, 54), (54, 3, 3, 54), (54, 3, 3, 54), (54, 3, 3, 9), (9, 3, 3, 1)].
-> E = <Lh|CC*> + <ALhAL*|CC*|ARhAR*> + <CC*|Rh> = 3.091133376836299 + None + None = 3.091133376836299.
- C_updated leg dimensions: [(1, 3, 1, 3), (3, 3, 1, 9), (9, 3, 1, 18), (18, 3, 1, 18), (18, 3, 1, 18), (18, 3, 1, 18), (18, 3, 1, 18), (18, 3, 1, 18), (18, 3, 1, 9), (9, 3, 1, 3), (3, 3, 1, 1)].
- largest Hermiticity error: 7.62312065570804e-09.
- maximal number of matvec operations: 41.
-> E_updated = 3.079724497668739.
Orthogonality column 11:
- C leg dimensions: [(1, 3, 1, 3), (3, 3, 2, 9), (9, 3, 1, 18), (18, 3, 2, 18), (18, 3, 1, 18), (18, 3, 2, 18), (18, 3, 2, 18), (18, 3, 1, 18), (18, 3, 2, 9), (9, 3, 1, 3), (3, 3, 2, 1)].
- Lh leg dimensions: [(1, 3, 3, 9), (9, 3, 3, 54), (54, 3, 3, 54), (54, 3, 3, 54), (54, 3, 3, 54), (54, 3, 3, 54), (54, 3, 3, 54), (54, 3, 3, 54), (54, 3, 3, 54), (54, 3, 3, 9), (9, 3, 3, 1)].
-> E = <Lh|CC*> + <ALhAL*|CC*|ARhAR*> + <CC*|Rh> = 2.5275089749732347 + 0.5226233705159662 + None = 3.050132345489201.
- C_updated leg dimensions: [(1, 3, 1, 3), (3, 3, 2, 18), (18, 3, 1, 18), (18, 3, 2, 18), (18, 3, 1, 18), (18, 3, 2, 18), (18, 3, 2, 18), (18, 3, 1, 18), (18, 3, 2, 18), (18, 3, 1, 6), (6, 3, 2, 1)].
- largest Hermiticity error: 5.176092383084764e-09.
- maximal number of matvec operations: 41.
-> E_updated = 3.010979185105644.
Orthogonality column 10:
- C leg dimensions: [(1, 3, 2, 3), (3, 3, 2, 18), (18, 3, 2, 18), (18, 3, 2, 18), (18, 3, 2, 18), (18, 3, 3, 18), (18, 3, 2, 18), (18, 3, 2, 18), (18, 3, 2, 18), (18, 3, 2, 6), (6, 3, 2, 1)].
- Lh leg dimensions: [(1, 3, 3, 9), (9, 3, 3, 54), (54, 3, 3, 54), (54, 3, 3, 54), (54, 3, 3, 54), (54, 3, 3, 54), (54, 3, 3, 54), (54, 3, 3, 54), (54, 3, 3, 54), (54, 3, 3, 9), (9, 3, 3, 1)].
- Rh leg dimensions: [(1, 2, 2, 3), (3, 2, 2, 8), (8, 2, 2, 3), (3, 2, 2, 8), (8, 2, 2, 3), (3, 3, 3, 9), (9, 2, 2, 3), (3, 2, 2, 8), (8, 2, 2, 3), (3, 2, 2, 4), (4, 2, 2, 1)].
-> E = <Lh|CC*> + <ALhAL*|CC*|ARhAR*> + <CC*|Rh> = 2.5569379747500256 + -0.07468046614518774 + 0.5093235137847535 = 2.9915810223895916.
- C_updated leg dimensions: [(1, 3, 2, 6), (6, 3, 2, 18), (18, 3, 2, 18), (18, 3, 2, 18), (18, 3, 2, 18), (18, 3, 3, 18), (18, 3, 2, 18), (18, 3, 2, 18), (18, 3, 2, 18), (18, 3, 2, 6), (6, 3, 2, 1)].
- largest Hermiticity error: 5.9209657869858206e-09.
- maximal number of matvec operations: 41.
-> E_updated = 2.914180244183557.
Orthogonality column 9:
- C leg dimensions: [(1, 3, 2, 6), (6, 3, 3, 18), (18, 3, 2, 18), (18, 3, 3, 18), (18, 3, 3, 18), (18, 3, 3, 18), (18, 3, 3, 18), (18, 3, 2, 18), (18, 3, 3, 18), (18, 3, 2, 6), (6, 3, 3, 1)].
- Lh leg dimensions: [(1, 3, 3, 9), (9, 3, 3, 54), (54, 3, 3, 54), (54, 3, 3, 54), (54, 3, 3, 54), (54, 3, 3, 54), (54, 3, 3, 54), (54, 3, 3, 54), (54, 3, 3, 54), (54, 3, 3, 9), (9, 3, 3, 1)].
- Rh leg dimensions: [(1, 2, 2, 4), (4, 3, 3, 8), (8, 2, 2, 25), (25, 3, 3, 8), (8, 3, 3, 45), (45, 3, 3, 12), (12, 3, 3, 25), (25, 2, 2, 8), (8, 3, 3, 25), (25, 2, 2, 8), (8, 3, 3, 1)].
-> E = <Lh|CC*> + <ALhAL*|CC*|ARhAR*> + <CC*|Rh> = 2.510466243628103 + -0.024702779786667187 + 0.4083860055624834 = 2.8941494694039194.
- C_updated leg dimensions: [(1, 3, 2, 6), (6, 3, 3, 18), (18, 3, 2, 18), (18, 3, 3, 18), (18, 3, 3, 18), (18, 3, 3, 18), (18, 3, 3, 18), (18, 3, 2, 18), (18, 3, 3, 18), (18, 3, 2, 9), (9, 3, 3, 1)].
- largest Hermiticity error: 4.139824356826918e-09.
- maximal number of matvec operations: 41.
-> E_updated = 2.701209851674348.
Orthogonality column 8:
- C leg dimensions: [(1, 3, 3, 6), (6, 3, 3, 18), (18, 3, 3, 18), (18, 3, 3, 18), (18, 3, 3, 18), (18, 3, 3, 18), (18, 3, 3, 18), (18, 3, 3, 18), (18, 3, 3, 18), (18, 3, 3, 9), (9, 3, 3, 1)].
- Lh leg dimensions: [(1, 3, 3, 9), (9, 3, 3, 54), (54, 3, 3, 54), (54, 3, 3, 54), (54, 3, 3, 54), (54, 3, 3, 54), (54, 3, 3, 54), (54, 3, 3, 54), (54, 3, 3, 54), (54, 3, 3, 9), (9, 3, 3, 1)].
- Rh leg dimensions: [(1, 3, 3, 8), (8, 3, 3, 45), (45, 3, 3, 25), (25, 3, 3, 54), (54, 3, 3, 45), (45, 3, 3, 54), (54, 3, 3, 25), (25, 3, 3, 54), (54, 3, 3, 25), (25, 3, 3, 9), (9, 3, 3, 1)].
-> E = <Lh|CC*> + <ALhAL*|CC*|ARhAR*> + <CC*|Rh> = 2.26503026493425 + 0.17436364820855746 + 0.24393116278924593 = 2.6833250759320535.
- C_updated leg dimensions: [(1, 3, 3, 9), (9, 3, 3, 18), (18, 3, 3, 18), (18, 3, 3, 18), (18, 3, 3, 18), (18, 3, 3, 18), (18, 3, 3, 18), (18, 3, 3, 18), (18, 3, 3, 18), (18, 3, 3, 9), (9, 3, 3, 1)].
- largest Hermiticity error: 4.732169272892617e-10.
- maximal number of matvec operations: 41.
-> E_updated = 2.4404941522790784.
Orthogonality column 7:
- C leg dimensions: [(1, 3, 3, 9), (9, 3, 3, 18), (18, 3, 3, 18), (18, 3, 3, 18), (18, 3, 3, 18), (18, 3, 3, 18), (18, 3, 3, 18), (18, 3, 3, 18), (18, 3, 3, 18), (18, 3, 3, 9), (9, 3, 3, 1)].
- Lh leg dimensions: [(1, 3, 3, 9), (9, 3, 3, 54), (54, 3, 3, 54), (54, 3, 3, 54), (54, 3, 3, 54), (54, 3, 3, 54), (54, 3, 3, 54), (54, 3, 3, 54), (54, 3, 3, 54), (54, 3, 3, 9), (9, 3, 3, 1)].
- Rh leg dimensions: [(1, 3, 3, 9), (9, 3, 3, 54), (54, 3, 3, 54), (54, 3, 3, 54), (54, 3, 3, 54), (54, 3, 3, 54), (54, 3, 3, 54), (54, 3, 3, 54), (54, 3, 3, 54), (54, 3, 3, 9), (9, 3, 3, 1)].
-> E = <Lh|CC*> + <ALhAL*|CC*|ARhAR*> + <CC*|Rh> = 1.7114535909547284 + 0.5137055315701957 + 0.23025309203855682 = 2.4554122145634807.
- C_updated leg dimensions: [(1, 3, 3, 9), (9, 3, 3, 18), (18, 3, 3, 18), (18, 3, 3, 18), (18, 3, 3, 18), (18, 3, 3, 18), (18, 3, 3, 18), (18, 3, 3, 18), (18, 3, 3, 18), (18, 3, 3, 9), (9, 3, 3, 1)].
- largest Hermiticity error: 5.7884505710027185e-11.
- maximal number of matvec operations: 51.
-> E_updated = 2.133659049983851.
Orthogonality column 6:
- C leg dimensions: [(1, 3, 3, 9), (9, 3, 3, 18), (18, 3, 3, 18), (18, 3, 3, 18), (18, 3, 3, 18), (18, 3, 3, 18), (18, 3, 3, 18), (18, 3, 3, 18), (18, 3, 3, 18), (18, 3, 3, 9), (9, 3, 3, 1)].
- Lh leg dimensions: [(1, 3, 3, 9), (9, 3, 3, 54), (54, 3, 3, 54), (54, 3, 3, 54), (54, 3, 3, 54), (54, 3, 3, 54), (54, 3, 3, 54), (54, 3, 3, 54), (54, 3, 3, 54), (54, 3, 3, 9), (9, 3, 3, 1)].
- Rh leg dimensions: [(1, 3, 3, 9), (9, 3, 3, 54), (54, 3, 3, 54), (54, 3, 3, 54), (54, 3, 3, 54), (54, 3, 3, 54), (54, 3, 3, 54), (54, 3, 3, 54), (54, 3, 3, 54), (54, 3, 3, 9), (9, 3, 3, 1)].
-> E = <Lh|CC*> + <ALhAL*|CC*|ARhAR*> + <CC*|Rh> = 1.1597378842261497 + 0.5905401772477157 + 0.4429995520717022 = 2.1932776135455674.
- C_updated leg dimensions: [(1, 3, 3, 9), (9, 3, 3, 18), (18, 3, 3, 18), (18, 3, 3, 18), (18, 3, 3, 18), (18, 3, 3, 18), (18, 3, 3, 18), (18, 3, 3, 18), (18, 3, 3, 18), (18, 3, 3, 9), (9, 3, 3, 1)].
- largest Hermiticity error: 2.689154734842685e-13.
- maximal number of matvec operations: 51.
-> E_updated = 1.6091464202555361.
Orthogonality column 5:
- C leg dimensions: [(1, 3, 3, 9), (9, 3, 3, 18), (18, 3, 3, 18), (18, 3, 3, 18), (18, 3, 3, 18), (18, 3, 3, 18), (18, 3, 3, 18), (18, 3, 3, 18), (18, 3, 3, 18), (18, 3, 3, 9), (9, 3, 3, 1)].
- Lh leg dimensions: [(1, 3, 3, 9), (9, 3, 3, 54), (54, 3, 3, 54), (54, 3, 3, 54), (54, 3, 3, 54), (54, 3, 3, 54), (54, 3, 3, 54), (54, 3, 3, 54), (54, 3, 3, 54), (54, 3, 3, 9), (9, 3, 3, 1)].
- Rh leg dimensions: [(1, 3, 3, 9), (9, 3, 3, 54), (54, 3, 3, 54), (54, 3, 3, 54), (54, 3, 3, 54), (54, 3, 3, 54), (54, 3, 3, 54), (54, 3, 3, 54), (54, 3, 3, 54), (54, 3, 3, 9), (9, 3, 3, 1)].
-> E = <Lh|CC*> + <ALhAL*|CC*|ARhAR*> + <CC*|Rh> = 0.8084777095077437 + 0.3548389519789453 + 0.451565106767525 = 1.614881768254214.
- C_updated leg dimensions: [(1, 3, 3, 9), (9, 3, 3, 18), (18, 3, 3, 18), (18, 3, 3, 18), (18, 3, 3, 18), (18, 3, 3, 18), (18, 3, 3, 18), (18, 3, 3, 18), (18, 3, 3, 18), (18, 3, 3, 9), (9, 3, 3, 1)].
- largest Hermiticity error: 1.7415476274424585e-09.
- maximal number of matvec operations: 51.
-> E_updated = 1.024727102013265.
Orthogonality column 4:
- C leg dimensions: [(1, 3, 3, 9), (9, 3, 3, 18), (18, 3, 3, 18), (18, 3, 3, 18), (18, 3, 3, 18), (18, 3, 3, 18), (18, 3, 3, 18), (18, 3, 3, 18), (18, 3, 3, 18), (18, 3, 3, 9), (9, 3, 3, 1)].
- Lh leg dimensions: [(1, 3, 3, 9), (9, 3, 3, 25), (25, 3, 3, 54), (54, 3, 3, 25), (25, 3, 3, 54), (54, 3, 3, 45), (45, 3, 3, 54), (54, 3, 3, 25), (25, 3, 3, 45), (45, 3, 3, 8), (8, 3, 3, 1)].
- Rh leg dimensions: [(1, 3, 3, 9), (9, 3, 3, 54), (54, 3, 3, 54), (54, 3, 3, 54), (54, 3, 3, 54), (54, 3, 3, 54), (54, 3, 3, 54), (54, 3, 3, 54), (54, 3, 3, 54), (54, 3, 3, 9), (9, 3, 3, 1)].
-> E = <Lh|CC*> + <ALhAL*|CC*|ARhAR*> + <CC*|Rh> = 0.5220468686525727 + 0.297871431836585 + 0.23487637781320614 = 1.0547946783023638.
- C_updated leg dimensions: [(1, 3, 3, 9), (9, 3, 3, 18), (18, 3, 3, 18), (18, 3, 3, 18), (18, 3, 3, 18), (18, 3, 3, 18), (18, 3, 3, 18), (18, 3, 3, 18), (18, 3, 3, 18), (18, 3, 3, 9), (9, 3, 3, 1)].
- largest Hermiticity error: 5.4329121641529725e-09.
- maximal number of matvec operations: 51.
-> E_updated = 0.6823640604881879.
Orthogonality column 3:
- C leg dimensions: [(1, 3, 3, 9), (9, 2, 3, 18), (18, 3, 3, 18), (18, 2, 3, 18), (18, 3, 3, 18), (18, 3, 3, 18), (18, 3, 3, 18), (18, 3, 3, 18), (18, 2, 3, 18), (18, 3, 3, 6), (6, 2, 3, 1)].
- Lh leg dimensions: [(1, 3, 3, 8), (8, 2, 2, 25), (25, 3, 3, 8), (8, 2, 2, 25), (25, 3, 3, 12), (12, 3, 3, 45), (45, 3, 3, 8), (8, 3, 3, 25), (25, 2, 2, 8), (8, 3, 3, 4), (4, 2, 2, 1)].
- Rh leg dimensions: [(1, 3, 3, 9), (9, 3, 3, 54), (54, 3, 3, 54), (54, 3, 3, 54), (54, 3, 3, 54), (54, 3, 3, 54), (54, 3, 3, 54), (54, 3, 3, 54), (54, 3, 3, 54), (54, 3, 3, 9), (9, 3, 3, 1)].
-> E = <Lh|CC*> + <ALhAL*|CC*|ARhAR*> + <CC*|Rh> = 0.3958662824824862 + 0.12471571994551622 + 0.1908163380454093 = 0.7113983404734117.
- C_updated leg dimensions: [(1, 3, 3, 9), (9, 2, 3, 18), (18, 3, 3, 18), (18, 2, 3, 18), (18, 3, 3, 18), (18, 3, 3, 18), (18, 3, 3, 18), (18, 3, 3, 18), (18, 2, 3, 18), (18, 3, 3, 6), (6, 2, 3, 1)].
- largest Hermiticity error: 8.954278469364719e-09.
- maximal number of matvec operations: 51.
-> E_updated = 0.5590060828378823.
Orthogonality column 2:
- C leg dimensions: [(1, 2, 3, 6), (6, 2, 3, 18), (18, 2, 3, 18), (18, 2, 3, 18), (18, 2, 3, 18), (18, 3, 3, 18), (18, 2, 3, 18), (18, 2, 3, 18), (18, 2, 3, 18), (18, 2, 3, 6), (6, 2, 3, 1)].
- Lh leg dimensions: [(1, 2, 2, 4), (4, 2, 2, 3), (3, 2, 2, 8), (8, 2, 2, 3), (3, 2, 2, 9), (9, 3, 3, 3), (3, 2, 2, 8), (8, 2, 2, 3), (3, 2, 2, 8), (8, 2, 2, 3), (3, 2, 2, 1)].
- Rh leg dimensions: [(1, 3, 3, 9), (9, 3, 3, 54), (54, 3, 3, 54), (54, 3, 3, 54), (54, 3, 3, 54), (54, 3, 3, 54), (54, 3, 3, 54), (54, 3, 3, 54), (54, 3, 3, 54), (54, 3, 3, 9), (9, 3, 3, 1)].
-> E = <Lh|CC*> + <ALhAL*|CC*|ARhAR*> + <CC*|Rh> = 0.45314791640826946 + -0.07349069511154085 + 0.22972519660433302 = 0.6093824179010616.
- C_updated leg dimensions: [(1, 2, 3, 6), (6, 2, 3, 18), (18, 2, 3, 18), (18, 2, 3, 18), (18, 2, 3, 18), (18, 3, 3, 18), (18, 2, 3, 18), (18, 2, 3, 18), (18, 2, 3, 18), (18, 2, 3, 6), (6, 2, 3, 1)].
- largest Hermiticity error: 5.5070727367917604e-09.
- maximal number of matvec operations: 51.
-> E_updated = 0.42573469785554696.
Orthogonality column 1:
- C leg dimensions: [(1, 2, 3, 6), (6, 1, 3, 18), (18, 2, 3, 18), (18, 1, 3, 18), (18, 2, 3, 18), (18, 2, 3, 18), (18, 1, 3, 18), (18, 2, 3, 18), (18, 1, 3, 18), (18, 2, 3, 3), (3, 1, 3, 1)].
- Rh leg dimensions: [(1, 3, 3, 9), (9, 3, 3, 54), (54, 3, 3, 54), (54, 3, 3, 54), (54, 3, 3, 54), (54, 3, 3, 54), (54, 3, 3, 54), (54, 3, 3, 54), (54, 3, 3, 54), (54, 3, 3, 9), (9, 3, 3, 1)].
-> E = <Lh|CC*> + <ALhAL*|CC*|ARhAR*> + <CC*|Rh> = None + 0.43081491913015874 + 0.035086798032707985 = 0.4659017171628667.
- C_updated leg dimensions: [(1, 2, 3, 6), (6, 1, 3, 18), (18, 2, 3, 18), (18, 1, 3, 18), (18, 2, 3, 18), (18, 2, 3, 18), (18, 1, 3, 18), (18, 2, 3, 18), (18, 1, 3, 18), (18, 2, 3, 3), (3, 1, 3, 1)].
- largest Hermiticity error: 3.748050509948748e-09.
- maximal number of matvec operations: 51.
-> E_updated = 0.4539523703196634.
Orthogonality column 0:
- C leg dimensions: [(1, 1, 3, 3), (3, 1, 3, 9), (9, 1, 3, 18), (18, 1, 3, 18), (18, 1, 3, 18), (18, 1, 3, 18), (18, 1, 3, 18), (18, 1, 3, 18), (18, 1, 3, 18), (18, 1, 3, 3), (3, 1, 3, 1)].
- Rh leg dimensions: [(1, 3, 3, 9), (9, 3, 3, 54), (54, 3, 3, 54), (54, 3, 3, 54), (54, 3, 3, 54), (54, 3, 3, 54), (54, 3, 3, 54), (54, 3, 3, 54), (54, 3, 3, 54), (54, 3, 3, 9), (9, 3, 3, 1)].
-> E = <Lh|CC*> + <ALhAL*|CC*|ARhAR*> + <CC*|Rh> = None + None + 0.4877794471729513 = 0.4877794471729513.
- C_updated leg dimensions: [(1, 1, 3, 3), (3, 1, 3, 9), (9, 1, 3, 18), (18, 1, 3, 18), (18, 1, 3, 18), (18, 1, 3, 18), (18, 1, 3, 18), (18, 1, 3, 18), (18, 1, 3, 9), (9, 1, 3, 3), (3, 1, 3, 1)].
- largest Hermiticity error: 1.6869938979768682e-07.
- maximal number of matvec operations: 41.
-> E_updated = 0.4823782088859203.
=> <H> - E0 = 0.45774914822436585.

DMRGSquared sweep 2 ...
Orthogonality column 0:
- C leg dimensions: [(1, 1, 3, 3), (3, 1, 3, 9), (9, 1, 3, 18), (18, 1, 3, 18), (18, 1, 3, 18), (18, 1, 3, 18), (18, 1, 3, 18), (18, 1, 3, 18), (18, 1, 3, 9), (9, 1, 3, 3), (3, 1, 3, 1)].
- Rh leg dimensions: [(1, 3, 3, 9), (9, 3, 3, 54), (54, 3, 3, 54), (54, 3, 3, 54), (54, 3, 3, 54), (54, 3, 3, 54), (54, 3, 3, 54), (54, 3, 3, 54), (54, 3, 3, 54), (54, 3, 3, 9), (9, 3, 3, 1)].
-> E = <Lh|CC*> + <ALhAL*|CC*|ARhAR*> + <CC*|Rh> = None + None + 0.48237820960132155 = 0.48237820960132155.
- C_updated leg dimensions: [(1, 1, 3, 3), (3, 1, 3, 9), (9, 1, 3, 18), (18, 1, 3, 18), (18, 1, 3, 18), (18, 1, 3, 18), (18, 1, 3, 18), (18, 1, 3, 18), (18, 1, 3, 9), (9, 1, 3, 3), (3, 1, 3, 1)].
- largest Hermiticity error: 1.7477441559697868e-07.
- maximal number of matvec operations: 31.
-> E_updated = 0.4823782088985159.
Orthogonality column 1:
- C leg dimensions: [(1, 2, 3, 3), (3, 1, 3, 9), (9, 2, 3, 18), (18, 1, 3, 18), (18, 2, 3, 18), (18, 2, 3, 18), (18, 1, 3, 18), (18, 2, 3, 18), (18, 1, 3, 9), (9, 2, 3, 3), (3, 1, 3, 1)].
- Rh leg dimensions: [(1, 3, 3, 9), (9, 3, 3, 54), (54, 3, 3, 54), (54, 3, 3, 54), (54, 3, 3, 54), (54, 3, 3, 54), (54, 3, 3, 54), (54, 3, 3, 54), (54, 3, 3, 54), (54, 3, 3, 9), (9, 3, 3, 1)].
-> E = <Lh|CC*> + <ALhAL*|CC*|ARhAR*> + <CC*|Rh> = None + 0.4310039394708941 + 0.05116392944713109 = 0.4821678689180252.
- C_updated leg dimensions: [(1, 2, 3, 6), (6, 1, 3, 18), (18, 2, 3, 18), (18, 1, 3, 18), (18, 2, 3, 18), (18, 2, 3, 18), (18, 1, 3, 18), (18, 2, 3, 18), (18, 1, 3, 18), (18, 2, 3, 3), (3, 1, 3, 1)].
- largest Hermiticity error: 6.36301679494056e-09.
- maximal number of matvec operations: 51.
-> E_updated = 0.4539523706166104.
Orthogonality column 2:
- C leg dimensions: [(1, 2, 3, 6), (6, 2, 3, 18), (18, 2, 3, 18), (18, 2, 3, 18), (18, 2, 3, 18), (18, 3, 3, 18), (18, 2, 3, 18), (18, 2, 3, 18), (18, 2, 3, 18), (18, 2, 3, 3), (3, 2, 3, 1)].
- Lh leg dimensions: [(1, 2, 2, 4), (4, 2, 2, 3), (3, 2, 2, 8), (8, 2, 2, 3), (3, 2, 2, 9), (9, 3, 3, 3), (3, 2, 2, 8), (8, 2, 2, 3), (3, 2, 2, 8), (8, 2, 2, 3), (3, 2, 2, 1)].
- Rh leg dimensions: [(1, 3, 3, 9), (9, 3, 3, 54), (54, 3, 3, 54), (54, 3, 3, 54), (54, 3, 3, 54), (54, 3, 3, 54), (54, 3, 3, 54), (54, 3, 3, 54), (54, 3, 3, 54), (54, 3, 3, 9), (9, 3, 3, 1)].
-> E = <Lh|CC*> + <ALhAL*|CC*|ARhAR*> + <CC*|Rh> = 0.4210327358634711 + -0.1375648838660314 + 0.17109937125353564 = 0.45456722325097537.
- C_updated leg dimensions: [(1, 2, 3, 6), (6, 2, 3, 18), (18, 2, 3, 18), (18, 2, 3, 18), (18, 2, 3, 18), (18, 3, 3, 18), (18, 2, 3, 18), (18, 2, 3, 18), (18, 2, 3, 18), (18, 2, 3, 6), (6, 2, 3, 1)].
- largest Hermiticity error: 5.346853049142319e-09.
- maximal number of matvec operations: 51.
-> E_updated = 0.4185546851611536.
Orthogonality column 3:
- C leg dimensions: [(1, 3, 3, 6), (6, 2, 3, 18), (18, 3, 3, 18), (18, 2, 3, 18), (18, 3, 3, 18), (18, 3, 3, 18), (18, 3, 3, 18), (18, 3, 3, 18), (18, 2, 3, 18), (18, 3, 3, 6), (6, 2, 3, 1)].
- Lh leg dimensions: [(1, 3, 3, 8), (8, 2, 2, 25), (25, 3, 3, 8), (8, 2, 2, 25), (25, 3, 3, 12), (12, 3, 3, 45), (45, 3, 3, 8), (8, 3, 3, 25), (25, 2, 2, 8), (8, 3, 3, 4), (4, 2, 2, 1)].
- Rh leg dimensions: [(1, 3, 3, 9), (9, 3, 3, 54), (54, 3, 3, 54), (54, 3, 3, 54), (54, 3, 3, 54), (54, 3, 3, 54), (54, 3, 3, 54), (54, 3, 3, 54), (54, 3, 3, 54), (54, 3, 3, 9), (9, 3, 3, 1)].
-> E = <Lh|CC*> + <ALhAL*|CC*|ARhAR*> + <CC*|Rh> = 0.27520677887339934 + -0.09948256063239977 + 0.23625520574987094 = 0.4119794239908705.
- C_updated leg dimensions: [(1, 3, 3, 9), (9, 2, 3, 18), (18, 3, 3, 18), (18, 2, 3, 18), (18, 3, 3, 18), (18, 3, 3, 18), (18, 3, 3, 18), (18, 3, 3, 18), (18, 2, 3, 18), (18, 3, 3, 6), (6, 2, 3, 1)].
- largest Hermiticity error: 7.047746923503821e-09.
- maximal number of matvec operations: 51.
-> E_updated = 0.3679277340651068.
Orthogonality column 4:
- C leg dimensions: [(1, 3, 3, 9), (9, 3, 3, 18), (18, 3, 3, 18), (18, 3, 3, 18), (18, 3, 3, 18), (18, 3, 3, 18), (18, 3, 3, 18), (18, 3, 3, 18), (18, 3, 3, 18), (18, 3, 3, 6), (6, 3, 3, 1)].
- Lh leg dimensions: [(1, 3, 3, 9), (9, 3, 3, 25), (25, 3, 3, 54), (54, 3, 3, 25), (25, 3, 3, 54), (54, 3, 3, 45), (45, 3, 3, 54), (54, 3, 3, 25), (25, 3, 3, 45), (45, 3, 3, 8), (8, 3, 3, 1)].
- Rh leg dimensions: [(1, 3, 3, 9), (9, 3, 3, 54), (54, 3, 3, 54), (54, 3, 3, 54), (54, 3, 3, 54), (54, 3, 3, 54), (54, 3, 3, 54), (54, 3, 3, 54), (54, 3, 3, 54), (54, 3, 3, 9), (9, 3, 3, 1)].
-> E = <Lh|CC*> + <ALhAL*|CC*|ARhAR*> + <CC*|Rh> = 0.16043015895321744 + -0.016659983413406892 + 0.22525276527318583 = 0.36902294081299636.
- C_updated leg dimensions: [(1, 3, 3, 9), (9, 3, 3, 18), (18, 3, 3, 18), (18, 3, 3, 18), (18, 3, 3, 18), (18, 3, 3, 18), (18, 3, 3, 18), (18, 3, 3, 18), (18, 3, 3, 18), (18, 3, 3, 9), (9, 3, 3, 1)].
- largest Hermiticity error: 4.782270052040494e-09.
- maximal number of matvec operations: 51.
-> E_updated = 0.28521908989985395.
Orthogonality column 5:
- C leg dimensions: [(1, 3, 3, 9), (9, 3, 3, 18), (18, 3, 3, 18), (18, 3, 3, 18), (18, 3, 3, 18), (18, 3, 3, 18), (18, 3, 3, 18), (18, 3, 3, 18), (18, 3, 3, 18), (18, 3, 3, 9), (9, 3, 3, 1)].
- Lh leg dimensions: [(1, 3, 3, 9), (9, 3, 3, 54), (54, 3, 3, 54), (54, 3, 3, 54), (54, 3, 3, 54), (54, 3, 3, 54), (54, 3, 3, 54), (54, 3, 3, 54), (54, 3, 3, 54), (54, 3, 3, 9), (9, 3, 3, 1)].
- Rh leg dimensions: [(1, 3, 3, 9), (9, 3, 3, 54), (54, 3, 3, 54), (54, 3, 3, 54), (54, 3, 3, 54), (54, 3, 3, 54), (54, 3, 3, 54), (54, 3, 3, 54), (54, 3, 3, 54), (54, 3, 3, 9), (9, 3, 3, 1)].
-> E = <Lh|CC*> + <ALhAL*|CC*|ARhAR*> + <CC*|Rh> = 0.08007823830135126 + -0.08413009582032129 + 0.295930202157247 = 0.291878344638277.
- C_updated leg dimensions: [(1, 3, 3, 9), (9, 3, 3, 18), (18, 3, 3, 18), (18, 3, 3, 18), (18, 3, 3, 18), (18, 3, 3, 18), (18, 3, 3, 18), (18, 3, 3, 18), (18, 3, 3, 18), (18, 3, 3, 9), (9, 3, 3, 1)].
- largest Hermiticity error: 1.2537452711876175e-09.
- maximal number of matvec operations: 51.
-> E_updated = 0.23947223113053773.
Orthogonality column 6:
- C leg dimensions: [(1, 3, 3, 9), (9, 3, 3, 18), (18, 3, 3, 18), (18, 3, 3, 18), (18, 3, 3, 18), (18, 3, 3, 18), (18, 3, 3, 18), (18, 3, 3, 18), (18, 3, 3, 18), (18, 3, 3, 9), (9, 3, 3, 1)].
- Lh leg dimensions: [(1, 3, 3, 9), (9, 3, 3, 54), (54, 3, 3, 54), (54, 3, 3, 54), (54, 3, 3, 54), (54, 3, 3, 54), (54, 3, 3, 54), (54, 3, 3, 54), (54, 3, 3, 54), (54, 3, 3, 9), (9, 3, 3, 1)].
- Rh leg dimensions: [(1, 3, 3, 9), (9, 3, 3, 54), (54, 3, 3, 54), (54, 3, 3, 54), (54, 3, 3, 54), (54, 3, 3, 54), (54, 3, 3, 54), (54, 3, 3, 54), (54, 3, 3, 54), (54, 3, 3, 9), (9, 3, 3, 1)].
-> E = <Lh|CC*> + <ALhAL*|CC*|ARhAR*> + <CC*|Rh> = -0.014315769849756854 + 0.04185649893175044 + 0.22680488669499063 = 0.2543456157769842.
- C_updated leg dimensions: [(1, 3, 3, 9), (9, 3, 3, 18), (18, 3, 3, 18), (18, 3, 3, 18), (18, 3, 3, 18), (18, 3, 3, 18), (18, 3, 3, 18), (18, 3, 3, 18), (18, 3, 3, 18), (18, 3, 3, 9), (9, 3, 3, 1)].
- largest Hermiticity error: 3.5654873419835954e-13.
- maximal number of matvec operations: 61.
-> E_updated = 0.11729692234496869.
Orthogonality column 7:
- C leg dimensions: [(1, 3, 3, 9), (9, 3, 3, 18), (18, 3, 3, 18), (18, 3, 3, 18), (18, 3, 3, 18), (18, 3, 3, 18), (18, 3, 3, 18), (18, 3, 3, 18), (18, 3, 3, 18), (18, 3, 3, 9), (9, 3, 3, 1)].
- Lh leg dimensions: [(1, 3, 3, 9), (9, 3, 3, 54), (54, 3, 3, 54), (54, 3, 3, 54), (54, 3, 3, 54), (54, 3, 3, 54), (54, 3, 3, 54), (54, 3, 3, 54), (54, 3, 3, 54), (54, 3, 3, 9), (9, 3, 3, 1)].
- Rh leg dimensions: [(1, 3, 3, 9), (9, 3, 3, 54), (54, 3, 3, 54), (54, 3, 3, 54), (54, 3, 3, 54), (54, 3, 3, 54), (54, 3, 3, 54), (54, 3, 3, 54), (54, 3, 3, 54), (54, 3, 3, 9), (9, 3, 3, 1)].
-> E = <Lh|CC*> + <ALhAL*|CC*|ARhAR*> + <CC*|Rh> = -0.08303154991573626 + -0.05472777684999257 + 0.27339940955416325 = 0.13564008278843442.
- C_updated leg dimensions: [(1, 3, 3, 9), (9, 3, 3, 18), (18, 3, 3, 18), (18, 3, 3, 18), (18, 3, 3, 18), (18, 3, 3, 18), (18, 3, 3, 18), (18, 3, 3, 18), (18, 3, 3, 18), (18, 3, 3, 9), (9, 3, 3, 1)].
- largest Hermiticity error: 1.8862156307126038e-08.
- maximal number of matvec operations: 61.
-> E_updated = 0.07032023168316148.
Orthogonality column 8:
- C leg dimensions: [(1, 3, 3, 9), (9, 3, 3, 18), (18, 3, 3, 18), (18, 3, 3, 18), (18, 3, 3, 18), (18, 3, 3, 18), (18, 3, 3, 18), (18, 3, 3, 18), (18, 3, 3, 18), (18, 3, 3, 9), (9, 3, 3, 1)].
- Lh leg dimensions: [(1, 3, 3, 9), (9, 3, 3, 54), (54, 3, 3, 54), (54, 3, 3, 54), (54, 3, 3, 54), (54, 3, 3, 54), (54, 3, 3, 54), (54, 3, 3, 54), (54, 3, 3, 54), (54, 3, 3, 9), (9, 3, 3, 1)].
- Rh leg dimensions: [(1, 3, 3, 8), (8, 3, 3, 45), (45, 3, 3, 25), (25, 3, 3, 54), (54, 3, 3, 45), (45, 3, 3, 54), (54, 3, 3, 25), (25, 3, 3, 54), (54, 3, 3, 25), (25, 3, 3, 9), (9, 3, 3, 1)].
-> E = <Lh|CC*> + <ALhAL*|CC*|ARhAR*> + <CC*|Rh> = -0.1518878081014704 + -0.08835623800972037 + 0.33036092700018665 = 0.09011688088899589.
- C_updated leg dimensions: [(1, 3, 3, 9), (9, 3, 3, 18), (18, 3, 3, 18), (18, 3, 3, 18), (18, 3, 3, 18), (18, 3, 3, 18), (18, 3, 3, 18), (18, 3, 3, 18), (18, 3, 3, 18), (18, 3, 3, 9), (9, 3, 3, 1)].
- largest Hermiticity error: 8.981610034401067e-09.
- maximal number of matvec operations: 61.
-> E_updated = 0.07684692577046241.
Orthogonality column 9:
- C leg dimensions: [(1, 3, 2, 9), (9, 3, 3, 18), (18, 3, 2, 18), (18, 3, 3, 18), (18, 3, 3, 18), (18, 3, 3, 18), (18, 3, 3, 18), (18, 3, 2, 18), (18, 3, 3, 18), (18, 3, 2, 9), (9, 3, 3, 1)].
- Lh leg dimensions: [(1, 3, 3, 9), (9, 3, 3, 54), (54, 3, 3, 54), (54, 3, 3, 54), (54, 3, 3, 54), (54, 3, 3, 54), (54, 3, 3, 54), (54, 3, 3, 54), (54, 3, 3, 54), (54, 3, 3, 9), (9, 3, 3, 1)].
- Rh leg dimensions: [(1, 2, 2, 4), (4, 3, 3, 8), (8, 2, 2, 25), (25, 3, 3, 8), (8, 3, 3, 45), (45, 3, 3, 12), (12, 3, 3, 25), (25, 2, 2, 8), (8, 3, 3, 25), (25, 2, 2, 8), (8, 3, 3, 1)].
-> E = <Lh|CC*> + <ALhAL*|CC*|ARhAR*> + <CC*|Rh> = -0.22221168563365176 + -0.08965617507088068 + 0.4146244289872915 = 0.10275656828275909.
- C_updated leg dimensions: [(1, 3, 2, 6), (6, 3, 3, 18), (18, 3, 2, 18), (18, 3, 3, 18), (18, 3, 3, 18), (18, 3, 3, 18), (18, 3, 3, 18), (18, 3, 2, 18), (18, 3, 3, 18), (18, 3, 2, 9), (9, 3, 3, 1)].
- largest Hermiticity error: 1.0658302645912624e-08.
- maximal number of matvec operations: 61.
-> E_updated = 0.09646310179033611.
Orthogonality column 10:
- C leg dimensions: [(1, 3, 2, 6), (6, 3, 2, 18), (18, 3, 2, 18), (18, 3, 2, 18), (18, 3, 2, 18), (18, 3, 3, 18), (18, 3, 2, 18), (18, 3, 2, 18), (18, 3, 2, 18), (18, 3, 2, 9), (9, 3, 2, 1)].
- Lh leg dimensions: [(1, 3, 3, 9), (9, 3, 3, 54), (54, 3, 3, 54), (54, 3, 3, 54), (54, 3, 3, 54), (54, 3, 3, 54), (54, 3, 3, 54), (54, 3, 3, 54), (54, 3, 3, 54), (54, 3, 3, 9), (9, 3, 3, 1)].
- Rh leg dimensions: [(1, 2, 2, 3), (3, 2, 2, 8), (8, 2, 2, 3), (3, 2, 2, 8), (8, 2, 2, 3), (3, 3, 3, 9), (9, 2, 2, 3), (3, 2, 2, 8), (8, 2, 2, 3), (3, 2, 2, 4), (4, 2, 2, 1)].
-> E = <Lh|CC*> + <ALhAL*|CC*|ARhAR*> + <CC*|Rh> = -0.2848851573220391 + -0.1222626270289649 + 0.5367677143985566 = 0.12961993004755262.
- C_updated leg dimensions: [(1, 3, 2, 6), (6, 3, 2, 18), (18, 3, 2, 18), (18, 3, 2, 18), (18, 3, 2, 18), (18, 3, 3, 18), (18, 3, 2, 18), (18, 3, 2, 18), (18, 3, 2, 18), (18, 3, 2, 6), (6, 3, 2, 1)].
- largest Hermiticity error: 6.550819385617812e-09.
- maximal number of matvec operations: 51.
-> E_updated = 0.12574511095349.
Orthogonality column 11:
- C leg dimensions: [(1, 3, 1, 6), (6, 3, 2, 18), (18, 3, 1, 18), (18, 3, 2, 18), (18, 3, 1, 18), (18, 3, 2, 18), (18, 3, 2, 18), (18, 3, 1, 18), (18, 3, 2, 18), (18, 3, 1, 6), (6, 3, 2, 1)].
- Lh leg dimensions: [(1, 3, 3, 9), (9, 3, 3, 54), (54, 3, 3, 54), (54, 3, 3, 54), (54, 3, 3, 54), (54, 3, 3, 54), (54, 3, 3, 54), (54, 3, 3, 54), (54, 3, 3, 54), (54, 3, 3, 9), (9, 3, 3, 1)].
-> E = <Lh|CC*> + <ALhAL*|CC*|ARhAR*> + <CC*|Rh> = -0.37619121673537087 + 0.5394905859896523 + None = 0.1632993692542814.
- C_updated leg dimensions: [(1, 3, 1, 3), (3, 3, 2, 18), (18, 3, 1, 18), (18, 3, 2, 18), (18, 3, 1, 18), (18, 3, 2, 18), (18, 3, 2, 18), (18, 3, 1, 18), (18, 3, 2, 18), (18, 3, 1, 6), (6, 3, 2, 1)].
- largest Hermiticity error: 6.068317327277195e-08.
- maximal number of matvec operations: 51.
-> E_updated = 0.15689554527977986.
Orthogonality column 12:
- C leg dimensions: [(1, 3, 1, 3), (3, 3, 1, 9), (9, 3, 1, 18), (18, 3, 1, 18), (18, 3, 1, 18), (18, 3, 1, 18), (18, 3, 1, 18), (18, 3, 1, 18), (18, 3, 1, 18), (18, 3, 1, 6), (6, 3, 1, 1)].
- Lh leg dimensions: [(1, 3, 3, 9), (9, 3, 3, 54), (54, 3, 3, 54), (54, 3, 3, 54), (54, 3, 3, 54), (54, 3, 3, 54), (54, 3, 3, 54), (54, 3, 3, 54), (54, 3, 3, 54), (54, 3, 3, 9), (9, 3, 3, 1)].
-> E = <Lh|CC*> + <ALhAL*|CC*|ARhAR*> + <CC*|Rh> = 0.17675383178649853 + None + None = 0.17675383178649853.
- C_updated leg dimensions: [(1, 3, 1, 3), (3, 3, 1, 9), (9, 3, 1, 18), (18, 3, 1, 18), (18, 3, 1, 18), (18, 3, 1, 18), (18, 3, 1, 18), (18, 3, 1, 18), (18, 3, 1, 9), (9, 3, 1, 3), (3, 3, 1, 1)].
- largest Hermiticity error: 2.6014532310506692e-08.
- maximal number of matvec operations: 41.
-> E_updated = 0.1730168164933049.
Orthogonality column 11:
- C leg dimensions: [(1, 3, 1, 3), (3, 3, 2, 9), (9, 3, 1, 18), (18, 3, 2, 18), (18, 3, 1, 18), (18, 3, 2, 18), (18, 3, 2, 18), (18, 3, 1, 18), (18, 3, 2, 9), (9, 3, 1, 3), (3, 3, 2, 1)].
- Lh leg dimensions: [(1, 3, 3, 9), (9, 3, 3, 54), (54, 3, 3, 54), (54, 3, 3, 54), (54, 3, 3, 54), (54, 3, 3, 54), (54, 3, 3, 54), (54, 3, 3, 54), (54, 3, 3, 54), (54, 3, 3, 9), (9, 3, 3, 1)].
-> E = <Lh|CC*> + <ALhAL*|CC*|ARhAR*> + <CC*|Rh> = -0.3688616018080441 + 0.5452079312709515 + None = 0.17634632946290735.
- C_updated leg dimensions: [(1, 3, 1, 3), (3, 3, 2, 18), (18, 3, 1, 18), (18, 3, 2, 18), (18, 3, 1, 18), (18, 3, 2, 18), (18, 3, 2, 18), (18, 3, 1, 18), (18, 3, 2, 18), (18, 3, 1, 6), (6, 3, 2, 1)].
- largest Hermiticity error: 4.0507497848795765e-08.
- maximal number of matvec operations: 51.
-> E_updated = 0.1568955448346452.
Orthogonality column 10:
- C leg dimensions: [(1, 3, 2, 3), (3, 3, 2, 18), (18, 3, 2, 18), (18, 3, 2, 18), (18, 3, 2, 18), (18, 3, 3, 18), (18, 3, 2, 18), (18, 3, 2, 18), (18, 3, 2, 18), (18, 3, 2, 6), (6, 3, 2, 1)].
- Lh leg dimensions: [(1, 3, 3, 9), (9, 3, 3, 54), (54, 3, 3, 54), (54, 3, 3, 54), (54, 3, 3, 54), (54, 3, 3, 54), (54, 3, 3, 54), (54, 3, 3, 54), (54, 3, 3, 54), (54, 3, 3, 9), (9, 3, 3, 1)].
- Rh leg dimensions: [(1, 2, 2, 3), (3, 2, 2, 8), (8, 2, 2, 3), (3, 2, 2, 8), (8, 2, 2, 3), (3, 3, 3, 9), (9, 2, 2, 3), (3, 2, 2, 8), (8, 2, 2, 3), (3, 2, 2, 4), (4, 2, 2, 1)].
-> E = <Lh|CC*> + <ALhAL*|CC*|ARhAR*> + <CC*|Rh> = -0.2671156701268768 + -0.11138492346456674 + 0.5370837295879545 = 0.15858313599651092.
- C_updated leg dimensions: [(1, 3, 2, 6), (6, 3, 2, 18), (18, 3, 2, 18), (18, 3, 2, 18), (18, 3, 2, 18), (18, 3, 3, 18), (18, 3, 2, 18), (18, 3, 2, 18), (18, 3, 2, 18), (18, 3, 2, 6), (6, 3, 2, 1)].
- largest Hermiticity error: 7.36812371838476e-09.
- maximal number of matvec operations: 51.
-> E_updated = 0.12536602967186636.
Orthogonality column 9:
- C leg dimensions: [(1, 3, 2, 6), (6, 3, 3, 18), (18, 3, 2, 18), (18, 3, 3, 18), (18, 3, 3, 18), (18, 3, 3, 18), (18, 3, 3, 18), (18, 3, 2, 18), (18, 3, 3, 18), (18, 3, 2, 6), (6, 3, 3, 1)].
- Lh leg dimensions: [(1, 3, 3, 9), (9, 3, 3, 54), (54, 3, 3, 54), (54, 3, 3, 54), (54, 3, 3, 54), (54, 3, 3, 54), (54, 3, 3, 54), (54, 3, 3, 54), (54, 3, 3, 54), (54, 3, 3, 9), (9, 3, 3, 1)].
- Rh leg dimensions: [(1, 2, 2, 4), (4, 3, 3, 8), (8, 2, 2, 25), (25, 3, 3, 8), (8, 3, 3, 45), (45, 3, 3, 12), (12, 3, 3, 25), (25, 2, 2, 8), (8, 3, 3, 25), (25, 2, 2, 8), (8, 3, 3, 1)].
-> E = <Lh|CC*> + <ALhAL*|CC*|ARhAR*> + <CC*|Rh> = -0.20458645688986743 + -0.08294250761854449 + 0.41237556666184855 = 0.12484660215343663.
- C_updated leg dimensions: [(1, 3, 2, 6), (6, 3, 3, 18), (18, 3, 2, 18), (18, 3, 3, 18), (18, 3, 3, 18), (18, 3, 3, 18), (18, 3, 3, 18), (18, 3, 2, 18), (18, 3, 3, 18), (18, 3, 2, 9), (9, 3, 3, 1)].
- largest Hermiticity error: 7.023100386439818e-09.
- maximal number of matvec operations: 61.
-> E_updated = 0.09585065650445553.
Orthogonality column 8:
- C leg dimensions: [(1, 3, 3, 6), (6, 3, 3, 18), (18, 3, 3, 18), (18, 3, 3, 18), (18, 3, 3, 18), (18, 3, 3, 18), (18, 3, 3, 18), (18, 3, 3, 18), (18, 3, 3, 18), (18, 3, 3, 9), (9, 3, 3, 1)].
- Lh leg dimensions: [(1, 3, 3, 9), (9, 3, 3, 54), (54, 3, 3, 54), (54, 3, 3, 54), (54, 3, 3, 54), (54, 3, 3, 54), (54, 3, 3, 54), (54, 3, 3, 54), (54, 3, 3, 54), (54, 3, 3, 9), (9, 3, 3, 1)].
- Rh leg dimensions: [(1, 3, 3, 8), (8, 3, 3, 45), (45, 3, 3, 25), (25, 3, 3, 54), (54, 3, 3, 45), (45, 3, 3, 54), (54, 3, 3, 25), (25, 3, 3, 54), (54, 3, 3, 25), (25, 3, 3, 9), (9, 3, 3, 1)].
-> E = <Lh|CC*> + <ALhAL*|CC*|ARhAR*> + <CC*|Rh> = -0.13781788726294522 + -0.0845861990159004 + 0.3228399709048354 = 0.10043588462598979.
- C_updated leg dimensions: [(1, 3, 3, 9), (9, 3, 3, 18), (18, 3, 3, 18), (18, 3, 3, 18), (18, 3, 3, 18), (18, 3, 3, 18), (18, 3, 3, 18), (18, 3, 3, 18), (18, 3, 3, 18), (18, 3, 3, 9), (9, 3, 3, 1)].
- largest Hermiticity error: 8.779069376145727e-09.
- maximal number of matvec operations: 61.
-> E_updated = 0.07725587518493295.
Orthogonality column 7:
- C leg dimensions: [(1, 3, 3, 9), (9, 3, 3, 18), (18, 3, 3, 18), (18, 3, 3, 18), (18, 3, 3, 18), (18, 3, 3, 18), (18, 3, 3, 18), (18, 3, 3, 18), (18, 3, 3, 18), (18, 3, 3, 9), (9, 3, 3, 1)].
- Lh leg dimensions: [(1, 3, 3, 9), (9, 3, 3, 54), (54, 3, 3, 54), (54, 3, 3, 54), (54, 3, 3, 54), (54, 3, 3, 54), (54, 3, 3, 54), (54, 3, 3, 54), (54, 3, 3, 54), (54, 3, 3, 9), (9, 3, 3, 1)].
- Rh leg dimensions: [(1, 3, 3, 9), (9, 3, 3, 54), (54, 3, 3, 54), (54, 3, 3, 54), (54, 3, 3, 54), (54, 3, 3, 54), (54, 3, 3, 54), (54, 3, 3, 54), (54, 3, 3, 54), (54, 3, 3, 9), (9, 3, 3, 1)].
-> E = <Lh|CC*> + <ALhAL*|CC*|ARhAR*> + <CC*|Rh> = -0.06857908753305379 + -0.08296508869500646 + 0.23676898348708802 = 0.08522480725902776.
- C_updated leg dimensions: [(1, 3, 3, 9), (9, 3, 3, 18), (18, 3, 3, 18), (18, 3, 3, 18), (18, 3, 3, 18), (18, 3, 3, 18), (18, 3, 3, 18), (18, 3, 3, 18), (18, 3, 3, 18), (18, 3, 3, 9), (9, 3, 3, 1)].
- largest Hermiticity error: 1.2846716571005169e-08.
- maximal number of matvec operations: 61.
-> E_updated = 0.06721474595703417.
Orthogonality column 6:
- C leg dimensions: [(1, 3, 3, 9), (9, 3, 3, 18), (18, 3, 3, 18), (18, 3, 3, 18), (18, 3, 3, 18), (18, 3, 3, 18), (18, 3, 3, 18), (18, 3, 3, 18), (18, 3, 3, 18), (18, 3, 3, 9), (9, 3, 3, 1)].
- Lh leg dimensions: [(1, 3, 3, 9), (9, 3, 3, 54), (54, 3, 3, 54), (54, 3, 3, 54), (54, 3, 3, 54), (54, 3, 3, 54), (54, 3, 3, 54), (54, 3, 3, 54), (54, 3, 3, 54), (54, 3, 3, 9), (9, 3, 3, 1)].
- Rh leg dimensions: [(1, 3, 3, 9), (9, 3, 3, 54), (54, 3, 3, 54), (54, 3, 3, 54), (54, 3, 3, 54), (54, 3, 3, 54), (54, 3, 3, 54), (54, 3, 3, 54), (54, 3, 3, 54), (54, 3, 3, 9), (9, 3, 3, 1)].
-> E = <Lh|CC*> + <ALhAL*|CC*|ARhAR*> + <CC*|Rh> = 0.013307733631212071 + -0.09316742579446172 + 0.1611806971159772 = 0.08132100495272757.
- C_updated leg dimensions: [(1, 3, 3, 9), (9, 3, 3, 18), (18, 3, 3, 18), (18, 3, 3, 18), (18, 3, 3, 18), (18, 3, 3, 18), (18, 3, 3, 18), (18, 3, 3, 18), (18, 3, 3, 18), (18, 3, 3, 9), (9, 3, 3, 1)].
- largest Hermiticity error: 1.2556706662719434e-12.
- maximal number of matvec operations: 61.
-> E_updated = 0.06256174243658588.
Orthogonality column 5:
- C leg dimensions: [(1, 3, 3, 9), (9, 3, 3, 18), (18, 3, 3, 18), (18, 3, 3, 18), (18, 3, 3, 18), (18, 3, 3, 18), (18, 3, 3, 18), (18, 3, 3, 18), (18, 3, 3, 18), (18, 3, 3, 9), (9, 3, 3, 1)].
- Lh leg dimensions: [(1, 3, 3, 9), (9, 3, 3, 54), (54, 3, 3, 54), (54, 3, 3, 54), (54, 3, 3, 54), (54, 3, 3, 54), (54, 3, 3, 54), (54, 3, 3, 54), (54, 3, 3, 54), (54, 3, 3, 9), (9, 3, 3, 1)].
- Rh leg dimensions: [(1, 3, 3, 9), (9, 3, 3, 54), (54, 3, 3, 54), (54, 3, 3, 54), (54, 3, 3, 54), (54, 3, 3, 54), (54, 3, 3, 54), (54, 3, 3, 54), (54, 3, 3, 54), (54, 3, 3, 9), (9, 3, 3, 1)].
-> E = <Lh|CC*> + <ALhAL*|CC*|ARhAR*> + <CC*|Rh> = 0.09217115322030739 + -0.08913221545404476 + 0.0744031959014943 = 0.07744213366775693.
- C_updated leg dimensions: [(1, 3, 3, 9), (9, 3, 3, 18), (18, 3, 3, 18), (18, 3, 3, 18), (18, 3, 3, 18), (18, 3, 3, 18), (18, 3, 3, 18), (18, 3, 3, 18), (18, 3, 3, 18), (18, 3, 3, 9), (9, 3, 3, 1)].
- largest Hermiticity error: 8.913930653876264e-13.
- maximal number of matvec operations: 61.
-> E_updated = 0.06503744954562356.
Orthogonality column 4:
- C leg dimensions: [(1, 3, 3, 9), (9, 3, 3, 18), (18, 3, 3, 18), (18, 3, 3, 18), (18, 3, 3, 18), (18, 3, 3, 18), (18, 3, 3, 18), (18, 3, 3, 18), (18, 3, 3, 18), (18, 3, 3, 9), (9, 3, 3, 1)].
- Lh leg dimensions: [(1, 3, 3, 9), (9, 3, 3, 25), (25, 3, 3, 54), (54, 3, 3, 25), (25, 3, 3, 54), (54, 3, 3, 45), (45, 3, 3, 54), (54, 3, 3, 25), (25, 3, 3, 45), (45, 3, 3, 8), (8, 3, 3, 1)].
- Rh leg dimensions: [(1, 3, 3, 9), (9, 3, 3, 54), (54, 3, 3, 54), (54, 3, 3, 54), (54, 3, 3, 54), (54, 3, 3, 54), (54, 3, 3, 54), (54, 3, 3, 54), (54, 3, 3, 54), (54, 3, 3, 9), (9, 3, 3, 1)].
-> E = <Lh|CC*> + <ALhAL*|CC*|ARhAR*> + <CC*|Rh> = 0.18342436399406056 + -0.09670326035411872 + 0.0022170789124538012 = 0.08893818255239565.
- C_updated leg dimensions: [(1, 3, 3, 9), (9, 3, 3, 18), (18, 3, 3, 18), (18, 3, 3, 18), (18, 3, 3, 18), (18, 3, 3, 18), (18, 3, 3, 18), (18, 3, 3, 18), (18, 3, 3, 18), (18, 3, 3, 9), (9, 3, 3, 1)].
- largest Hermiticity error: 3.0384098973531913e-10.
- maximal number of matvec operations: 61.
-> E_updated = 0.08072484118628413.
Orthogonality column 3:
- C leg dimensions: [(1, 3, 3, 9), (9, 2, 3, 18), (18, 3, 3, 18), (18, 2, 3, 18), (18, 3, 3, 18), (18, 3, 3, 18), (18, 3, 3, 18), (18, 3, 3, 18), (18, 2, 3, 18), (18, 3, 3, 6), (6, 2, 3, 1)].
- Lh leg dimensions: [(1, 3, 3, 8), (8, 2, 2, 25), (25, 3, 3, 8), (8, 2, 2, 25), (25, 3, 3, 12), (12, 3, 3, 45), (45, 3, 3, 8), (8, 3, 3, 25), (25, 2, 2, 8), (8, 3, 3, 4), (4, 2, 2, 1)].
- Rh leg dimensions: [(1, 3, 3, 9), (9, 3, 3, 54), (54, 3, 3, 54), (54, 3, 3, 54), (54, 3, 3, 54), (54, 3, 3, 54), (54, 3, 3, 54), (54, 3, 3, 54), (54, 3, 3, 54), (54, 3, 3, 9), (9, 3, 3, 1)].
-> E = <Lh|CC*> + <ALhAL*|CC*|ARhAR*> + <CC*|Rh> = 0.28566517777082795 + -0.10444884124085932 + -0.07041281434728087 = 0.11080352218268776.
- C_updated leg dimensions: [(1, 3, 3, 9), (9, 2, 3, 18), (18, 3, 3, 18), (18, 2, 3, 18), (18, 3, 3, 18), (18, 3, 3, 18), (18, 3, 3, 18), (18, 3, 3, 18), (18, 2, 3, 18), (18, 3, 3, 6), (6, 2, 3, 1)].
- largest Hermiticity error: 1.5372834897525706e-10.
- maximal number of matvec operations: 51.
-> E_updated = 0.10522972855236093.
Orthogonality column 2:
- C leg dimensions: [(1, 2, 3, 6), (6, 2, 3, 18), (18, 2, 3, 18), (18, 2, 3, 18), (18, 2, 3, 18), (18, 3, 3, 18), (18, 2, 3, 18), (18, 2, 3, 18), (18, 2, 3, 18), (18, 2, 3, 6), (6, 2, 3, 1)].
- Lh leg dimensions: [(1, 2, 2, 4), (4, 2, 2, 3), (3, 2, 2, 8), (8, 2, 2, 3), (3, 2, 2, 9), (9, 3, 3, 3), (3, 2, 2, 8), (8, 2, 2, 3), (3, 2, 2, 8), (8, 2, 2, 3), (3, 2, 2, 1)].
- Rh leg dimensions: [(1, 3, 3, 9), (9, 3, 3, 54), (54, 3, 3, 54), (54, 3, 3, 54), (54, 3, 3, 54), (54, 3, 3, 54), (54, 3, 3, 54), (54, 3, 3, 54), (54, 3, 3, 54), (54, 3, 3, 9), (9, 3, 3, 1)].
-> E = <Lh|CC*> + <ALhAL*|CC*|ARhAR*> + <CC*|Rh> = 0.42537266358267356 + -0.1389035416664932 + -0.14469580587296924 = 0.1417733160432111.
- C_updated leg dimensions: [(1, 2, 3, 6), (6, 2, 3, 18), (18, 2, 3, 18), (18, 2, 3, 18), (18, 2, 3, 18), (18, 3, 3, 18), (18, 2, 3, 18), (18, 2, 3, 18), (18, 2, 3, 18), (18, 2, 3, 6), (6, 2, 3, 1)].
- largest Hermiticity error: 1.1300356421833807e-10.
- maximal number of matvec operations: 51.
-> E_updated = 0.13421879293507868.
Orthogonality column 1:
- C leg dimensions: [(1, 2, 3, 6), (6, 1, 3, 18), (18, 2, 3, 18), (18, 1, 3, 18), (18, 2, 3, 18), (18, 2, 3, 18), (18, 1, 3, 18), (18, 2, 3, 18), (18, 1, 3, 18), (18, 2, 3, 3), (3, 1, 3, 1)].
- Rh leg dimensions: [(1, 3, 3, 9), (9, 3, 3, 54), (54, 3, 3, 54), (54, 3, 3, 54), (54, 3, 3, 54), (54, 3, 3, 54), (54, 3, 3, 54), (54, 3, 3, 54), (54, 3, 3, 54), (54, 3, 3, 9), (9, 3, 3, 1)].
-> E = <Lh|CC*> + <ALhAL*|CC*|ARhAR*> + <CC*|Rh> = None + 0.4285111649119814 + -0.25308085856945145 = 0.17543030634252993.
- C_updated leg dimensions: [(1, 2, 3, 6), (6, 1, 3, 18), (18, 2, 3, 18), (18, 1, 3, 18), (18, 2, 3, 18), (18, 2, 3, 18), (18, 1, 3, 18), (18, 2, 3, 18), (18, 1, 3, 18), (18, 2, 3, 3), (3, 1, 3, 1)].
- largest Hermiticity error: 3.8209333615603795e-06.
- maximal number of matvec operations: 51.
-> E_updated = 0.17078987147000224.
Orthogonality column 0:
- C leg dimensions: [(1, 1, 3, 3), (3, 1, 3, 9), (9, 1, 3, 18), (18, 1, 3, 18), (18, 1, 3, 18), (18, 1, 3, 18), (18, 1, 3, 18), (18, 1, 3, 18), (18, 1, 3, 18), (18, 1, 3, 3), (3, 1, 3, 1)].
- Rh leg dimensions: [(1, 3, 3, 9), (9, 3, 3, 54), (54, 3, 3, 54), (54, 3, 3, 54), (54, 3, 3, 54), (54, 3, 3, 54), (54, 3, 3, 54), (54, 3, 3, 54), (54, 3, 3, 54), (54, 3, 3, 9), (9, 3, 3, 1)].
-> E = <Lh|CC*> + <ALhAL*|CC*|ARhAR*> + <CC*|Rh> = None + None + 0.20231347414406123 = 0.20231347414406123.
- C_updated leg dimensions: [(1, 1, 3, 3), (3, 1, 3, 9), (9, 1, 3, 18), (18, 1, 3, 18), (18, 1, 3, 18), (18, 1, 3, 18), (18, 1, 3, 18), (18, 1, 3, 18), (18, 1, 3, 9), (9, 1, 3, 3), (3, 1, 3, 1)].
- largest Hermiticity error: 5.665581845538463e-06.
- maximal number of matvec operations: 41.
-> E_updated = 0.19736716470938506.
=> <H> - E0 = 0.19251408241777312.

DMRGSquared sweep 3 ...
Orthogonality column 0:
- C leg dimensions: [(1, 1, 3, 3), (3, 1, 3, 9), (9, 1, 3, 18), (18, 1, 3, 18), (18, 1, 3, 18), (18, 1, 3, 18), (18, 1, 3, 18), (18, 1, 3, 18), (18, 1, 3, 9), (9, 1, 3, 3), (3, 1, 3, 1)].
- Rh leg dimensions: [(1, 3, 3, 9), (9, 3, 3, 54), (54, 3, 3, 54), (54, 3, 3, 54), (54, 3, 3, 54), (54, 3, 3, 54), (54, 3, 3, 54), (54, 3, 3, 54), (54, 3, 3, 54), (54, 3, 3, 9), (9, 3, 3, 1)].
-> E = <Lh|CC*> + <ALhAL*|CC*|ARhAR*> + <CC*|Rh> = None + None + 0.19736679694450765 = 0.19736679694450765.
- C_updated leg dimensions: [(1, 1, 3, 3), (3, 1, 3, 9), (9, 1, 3, 18), (18, 1, 3, 18), (18, 1, 3, 18), (18, 1, 3, 18), (18, 1, 3, 18), (18, 1, 3, 18), (18, 1, 3, 9), (9, 1, 3, 3), (3, 1, 3, 1)].
- largest Hermiticity error: 5.9137012540861825e-06.
- maximal number of matvec operations: 41.
-> E_updated = 0.19736716471036256.
Orthogonality column 1:
- C leg dimensions: [(1, 2, 3, 3), (3, 1, 3, 9), (9, 2, 3, 18), (18, 1, 3, 18), (18, 2, 3, 18), (18, 2, 3, 18), (18, 1, 3, 18), (18, 2, 3, 18), (18, 1, 3, 9), (9, 2, 3, 3), (3, 1, 3, 1)].
- Rh leg dimensions: [(1, 3, 3, 9), (9, 3, 3, 54), (54, 3, 3, 54), (54, 3, 3, 54), (54, 3, 3, 54), (54, 3, 3, 54), (54, 3, 3, 54), (54, 3, 3, 54), (54, 3, 3, 54), (54, 3, 3, 9), (9, 3, 3, 1)].
-> E = <Lh|CC*> + <ALhAL*|CC*|ARhAR*> + <CC*|Rh> = None + 0.4347092120402449 + -0.24101561685430967 = 0.1936935951859352.
- C_updated leg dimensions: [(1, 2, 3, 6), (6, 1, 3, 18), (18, 2, 3, 18), (18, 1, 3, 18), (18, 2, 3, 18), (18, 2, 3, 18), (18, 1, 3, 18), (18, 2, 3, 18), (18, 1, 3, 18), (18, 2, 3, 3), (3, 1, 3, 1)].
- largest Hermiticity error: 4.29793826722252e-06.
- maximal number of matvec operations: 51.
-> E_updated = 0.17078987165060044.
Orthogonality column 2:
- C leg dimensions: [(1, 2, 3, 6), (6, 2, 3, 18), (18, 2, 3, 18), (18, 2, 3, 18), (18, 2, 3, 18), (18, 3, 3, 18), (18, 2, 3, 18), (18, 2, 3, 18), (18, 2, 3, 18), (18, 2, 3, 3), (3, 2, 3, 1)].
- Lh leg dimensions: [(1, 2, 2, 4), (4, 2, 2, 3), (3, 2, 2, 8), (8, 2, 2, 3), (3, 2, 2, 9), (9, 3, 3, 3), (3, 2, 2, 8), (8, 2, 2, 3), (3, 2, 2, 8), (8, 2, 2, 3), (3, 2, 2, 1)].
- Rh leg dimensions: [(1, 3, 3, 9), (9, 3, 3, 54), (54, 3, 3, 54), (54, 3, 3, 54), (54, 3, 3, 54), (54, 3, 3, 54), (54, 3, 3, 54), (54, 3, 3, 54), (54, 3, 3, 54), (54, 3, 3, 9), (9, 3, 3, 1)].
-> E = <Lh|CC*> + <ALhAL*|CC*|ARhAR*> + <CC*|Rh> = 0.4268460023687305 + -0.12789389877397442 + -0.1313481009942515 = 0.1676040026005046.
- C_updated leg dimensions: [(1, 2, 3, 6), (6, 2, 3, 18), (18, 2, 3, 18), (18, 2, 3, 18), (18, 2, 3, 18), (18, 3, 3, 18), (18, 2, 3, 18), (18, 2, 3, 18), (18, 2, 3, 18), (18, 2, 3, 6), (6, 2, 3, 1)].
- largest Hermiticity error: 1.0646586123856706e-10.
- maximal number of matvec operations: 51.
-> E_updated = 0.13431151447043363.
Orthogonality column 3:
- C leg dimensions: [(1, 3, 3, 6), (6, 2, 3, 18), (18, 3, 3, 18), (18, 2, 3, 18), (18, 3, 3, 18), (18, 3, 3, 18), (18, 3, 3, 18), (18, 3, 3, 18), (18, 2, 3, 18), (18, 3, 3, 6), (6, 2, 3, 1)].
- Lh leg dimensions: [(1, 3, 3, 8), (8, 2, 2, 25), (25, 3, 3, 8), (8, 2, 2, 25), (25, 3, 3, 12), (12, 3, 3, 45), (45, 3, 3, 8), (8, 3, 3, 25), (25, 2, 2, 8), (8, 3, 3, 4), (4, 2, 2, 1)].
- Rh leg dimensions: [(1, 3, 3, 9), (9, 3, 3, 54), (54, 3, 3, 54), (54, 3, 3, 54), (54, 3, 3, 54), (54, 3, 3, 54), (54, 3, 3, 54), (54, 3, 3, 54), (54, 3, 3, 54), (54, 3, 3, 9), (9, 3, 3, 1)].
-> E = <Lh|CC*> + <ALhAL*|CC*|ARhAR*> + <CC*|Rh> = 0.2930483130392074 + -0.07965372333030729 + -0.05564018805412836 = 0.15775440165477178.
- C_updated leg dimensions: [(1, 3, 3, 9), (9, 2, 3, 18), (18, 3, 3, 18), (18, 2, 3, 18), (18, 3, 3, 18), (18, 3, 3, 18), (18, 3, 3, 18), (18, 3, 3, 18), (18, 2, 3, 18), (18, 3, 3, 6), (6, 2, 3, 1)].
- largest Hermiticity error: 2.0442443544188946e-10.
- maximal number of matvec operations: 51.
-> E_updated = 0.12617774928039363.
Orthogonality column 4:
- C leg dimensions: [(1, 3, 3, 9), (9, 3, 3, 18), (18, 3, 3, 18), (18, 3, 3, 18), (18, 3, 3, 18), (18, 3, 3, 18), (18, 3, 3, 18), (18, 3, 3, 18), (18, 3, 3, 18), (18, 3, 3, 6), (6, 3, 3, 1)].
- Lh leg dimensions: [(1, 3, 3, 9), (9, 3, 3, 25), (25, 3, 3, 54), (54, 3, 3, 25), (25, 3, 3, 54), (54, 3, 3, 45), (45, 3, 3, 54), (54, 3, 3, 25), (25, 3, 3, 45), (45, 3, 3, 8), (8, 3, 3, 1)].
- Rh leg dimensions: [(1, 3, 3, 9), (9, 3, 3, 54), (54, 3, 3, 54), (54, 3, 3, 54), (54, 3, 3, 54), (54, 3, 3, 54), (54, 3, 3, 54), (54, 3, 3, 54), (54, 3, 3, 54), (54, 3, 3, 9), (9, 3, 3, 1)].
-> E = <Lh|CC*> + <ALhAL*|CC*|ARhAR*> + <CC*|Rh> = 0.20603338164750507 + -0.09600546279250777 + 0.017080913110027983 = 0.1271088319650253.
- C_updated leg dimensions: [(1, 3, 3, 9), (9, 3, 3, 18), (18, 3, 3, 18), (18, 3, 3, 18), (18, 3, 3, 18), (18, 3, 3, 18), (18, 3, 3, 18), (18, 3, 3, 18), (18, 3, 3, 18), (18, 3, 3, 9), (9, 3, 3, 1)].
- largest Hermiticity error: 3.091587760405728e-10.
- maximal number of matvec operations: 61.
-> E_updated = 0.10158900461554031.
Orthogonality column 5:
- C leg dimensions: [(1, 3, 3, 9), (9, 3, 3, 18), (18, 3, 3, 18), (18, 3, 3, 18), (18, 3, 3, 18), (18, 3, 3, 18), (18, 3, 3, 18), (18, 3, 3, 18), (18, 3, 3, 18), (18, 3, 3, 9), (9, 3, 3, 1)].
- Lh leg dimensions: [(1, 3, 3, 9), (9, 3, 3, 54), (54, 3, 3, 54), (54, 3, 3, 54), (54, 3, 3, 54), (54, 3, 3, 54), (54, 3, 3, 54), (54, 3, 3, 54), (54, 3, 3, 54), (54, 3, 3, 9), (9, 3, 3, 1)].
- Rh leg dimensions: [(1, 3, 3, 9), (9, 3, 3, 54), (54, 3, 3, 54), (54, 3, 3, 54), (54, 3, 3, 54), (54, 3, 3, 54), (54, 3, 3, 54), (54, 3, 3, 54), (54, 3, 3, 54), (54, 3, 3, 9), (9, 3, 3, 1)].
-> E = <Lh|CC*> + <ALhAL*|CC*|ARhAR*> + <CC*|Rh> = 0.10526123787657683 + -0.08659026239800163 + 0.08784760757097175 = 0.10651858304954695.
- C_updated leg dimensions: [(1, 3, 3, 9), (9, 3, 3, 18), (18, 3, 3, 18), (18, 3, 3, 18), (18, 3, 3, 18), (18, 3, 3, 18), (18, 3, 3, 18), (18, 3, 3, 18), (18, 3, 3, 18), (18, 3, 3, 9), (9, 3, 3, 1)].
- largest Hermiticity error: 9.2168899543187e-13.
- maximal number of matvec operations: 61.
-> E_updated = 0.0843791558088978.
Orthogonality column 6:
- C leg dimensions: [(1, 3, 3, 9), (9, 3, 3, 18), (18, 3, 3, 18), (18, 3, 3, 18), (18, 3, 3, 18), (18, 3, 3, 18), (18, 3, 3, 18), (18, 3, 3, 18), (18, 3, 3, 18), (18, 3, 3, 9), (9, 3, 3, 1)].
- Lh leg dimensions: [(1, 3, 3, 9), (9, 3, 3, 54), (54, 3, 3, 54), (54, 3, 3, 54), (54, 3, 3, 54), (54, 3, 3, 54), (54, 3, 3, 54), (54, 3, 3, 54), (54, 3, 3, 54), (54, 3, 3, 9), (9, 3, 3, 1)].
- Rh leg dimensions: [(1, 3, 3, 9), (9, 3, 3, 54), (54, 3, 3, 54), (54, 3, 3, 54), (54, 3, 3, 54), (54, 3, 3, 54), (54, 3, 3, 54), (54, 3, 3, 54), (54, 3, 3, 54), (54, 3, 3, 9), (9, 3, 3, 1)].
-> E = <Lh|CC*> + <ALhAL*|CC*|ARhAR*> + <CC*|Rh> = 0.01948280133568936 + -0.09864181624294115 + 0.17266314727763915 = 0.09350413237038736.
- C_updated leg dimensions: [(1, 3, 3, 9), (9, 3, 3, 18), (18, 3, 3, 18), (18, 3, 3, 18), (18, 3, 3, 18), (18, 3, 3, 18), (18, 3, 3, 18), (18, 3, 3, 18), (18, 3, 3, 18), (18, 3, 3, 9), (9, 3, 3, 1)].
- largest Hermiticity error: 8.057430751525028e-13.
- maximal number of matvec operations: 61.
-> E_updated = 0.08039074493487396.
Orthogonality column 7:
- C leg dimensions: [(1, 3, 3, 9), (9, 3, 3, 18), (18, 3, 3, 18), (18, 3, 3, 18), (18, 3, 3, 18), (18, 3, 3, 18), (18, 3, 3, 18), (18, 3, 3, 18), (18, 3, 3, 18), (18, 3, 3, 9), (9, 3, 3, 1)].
- Lh leg dimensions: [(1, 3, 3, 9), (9, 3, 3, 54), (54, 3, 3, 54), (54, 3, 3, 54), (54, 3, 3, 54), (54, 3, 3, 54), (54, 3, 3, 54), (54, 3, 3, 54), (54, 3, 3, 54), (54, 3, 3, 9), (9, 3, 3, 1)].
- Rh leg dimensions: [(1, 3, 3, 9), (9, 3, 3, 54), (54, 3, 3, 54), (54, 3, 3, 54), (54, 3, 3, 54), (54, 3, 3, 54), (54, 3, 3, 54), (54, 3, 3, 54), (54, 3, 3, 54), (54, 3, 3, 9), (9, 3, 3, 1)].
-> E = <Lh|CC*> + <ALhAL*|CC*|ARhAR*> + <CC*|Rh> = -0.06876903300739576 + -0.08282692951258161 + 0.24553250888187542 = 0.09393654636189805.
- C_updated leg dimensions: [(1, 3, 3, 9), (9, 3, 3, 18), (18, 3, 3, 18), (18, 3, 3, 18), (18, 3, 3, 18), (18, 3, 3, 18), (18, 3, 3, 18), (18, 3, 3, 18), (18, 3, 3, 18), (18, 3, 3, 9), (9, 3, 3, 1)].
- largest Hermiticity error: 3.226196959567214e-12.
- maximal number of matvec operations: 61.
-> E_updated = 0.08041071337435941.
Orthogonality column 8:
- C leg dimensions: [(1, 3, 3, 9), (9, 3, 3, 18), (18, 3, 3, 18), (18, 3, 3, 18), (18, 3, 3, 18), (18, 3, 3, 18), (18, 3, 3, 18), (18, 3, 3, 18), (18, 3, 3, 18), (18, 3, 3, 9), (9, 3, 3, 1)].
- Lh leg dimensions: [(1, 3, 3, 9), (9, 3, 3, 54), (54, 3, 3, 54), (54, 3, 3, 54), (54, 3, 3, 54), (54, 3, 3, 54), (54, 3, 3, 54), (54, 3, 3, 54), (54, 3, 3, 54), (54, 3, 3, 9), (9, 3, 3, 1)].
- Rh leg dimensions: [(1, 3, 3, 8), (8, 3, 3, 45), (45, 3, 3, 25), (25, 3, 3, 54), (54, 3, 3, 45), (45, 3, 3, 54), (54, 3, 3, 25), (25, 3, 3, 54), (54, 3, 3, 25), (25, 3, 3, 9), (9, 3, 3, 1)].
-> E = <Lh|CC*> + <ALhAL*|CC*|ARhAR*> + <CC*|Rh> = -0.13942512966916518 + -0.09000366796984857 + 0.32919028136931144 = 0.0997614837302977.
- C_updated leg dimensions: [(1, 3, 3, 9), (9, 3, 3, 18), (18, 3, 3, 18), (18, 3, 3, 18), (18, 3, 3, 18), (18, 3, 3, 18), (18, 3, 3, 18), (18, 3, 3, 18), (18, 3, 3, 18), (18, 3, 3, 9), (9, 3, 3, 1)].
- largest Hermiticity error: 1.255341024882931e-12.
- maximal number of matvec operations: 61.
-> E_updated = 0.08924785233910457.
Orthogonality column 9:
- C leg dimensions: [(1, 3, 2, 9), (9, 3, 3, 18), (18, 3, 2, 18), (18, 3, 3, 18), (18, 3, 3, 18), (18, 3, 3, 18), (18, 3, 3, 18), (18, 3, 2, 18), (18, 3, 3, 18), (18, 3, 2, 9), (9, 3, 3, 1)].
- Lh leg dimensions: [(1, 3, 3, 9), (9, 3, 3, 54), (54, 3, 3, 54), (54, 3, 3, 54), (54, 3, 3, 54), (54, 3, 3, 54), (54, 3, 3, 54), (54, 3, 3, 54), (54, 3, 3, 54), (54, 3, 3, 9), (9, 3, 3, 1)].
- Rh leg dimensions: [(1, 2, 2, 4), (4, 3, 3, 8), (8, 2, 2, 25), (25, 3, 3, 8), (8, 3, 3, 45), (45, 3, 3, 12), (12, 3, 3, 25), (25, 2, 2, 8), (8, 3, 3, 25), (25, 2, 2, 8), (8, 3, 3, 1)].
-> E = <Lh|CC*> + <ALhAL*|CC*|ARhAR*> + <CC*|Rh> = -0.21093497582665782 + -0.08668933817206723 + 0.4126022568207558 = 0.11497794282203078.
- C_updated leg dimensions: [(1, 3, 2, 6), (6, 3, 3, 18), (18, 3, 2, 18), (18, 3, 3, 18), (18, 3, 3, 18), (18, 3, 3, 18), (18, 3, 3, 18), (18, 3, 2, 18), (18, 3, 3, 18), (18, 3, 2, 9), (9, 3, 3, 1)].
- largest Hermiticity error: 8.039005853757431e-12.
- maximal number of matvec operations: 61.
-> E_updated = 0.10738061099947037.
Orthogonality column 10:
- C leg dimensions: [(1, 3, 2, 6), (6, 3, 2, 18), (18, 3, 2, 18), (18, 3, 2, 18), (18, 3, 2, 18), (18, 3, 3, 18), (18, 3, 2, 18), (18, 3, 2, 18), (18, 3, 2, 18), (18, 3, 2, 9), (9, 3, 2, 1)].
- Lh leg dimensions: [(1, 3, 3, 9), (9, 3, 3, 54), (54, 3, 3, 54), (54, 3, 3, 54), (54, 3, 3, 54), (54, 3, 3, 54), (54, 3, 3, 54), (54, 3, 3, 54), (54, 3, 3, 54), (54, 3, 3, 9), (9, 3, 3, 1)].
- Rh leg dimensions: [(1, 2, 2, 3), (3, 2, 2, 8), (8, 2, 2, 3), (3, 2, 2, 8), (8, 2, 2, 3), (3, 3, 3, 9), (9, 2, 2, 3), (3, 2, 2, 8), (8, 2, 2, 3), (3, 2, 2, 4), (4, 2, 2, 1)].
-> E = <Lh|CC*> + <ALhAL*|CC*|ARhAR*> + <CC*|Rh> = -0.27025200780179875 + -0.12089643884132885 + 0.5349885396114901 = 0.14384009296836248.
- C_updated leg dimensions: [(1, 3, 2, 6), (6, 3, 2, 18), (18, 3, 2, 18), (18, 3, 2, 18), (18, 3, 2, 18), (18, 3, 3, 18), (18, 3, 2, 18), (18, 3, 2, 18), (18, 3, 2, 18), (18, 3, 2, 6), (6, 3, 2, 1)].
- largest Hermiticity error: 2.005860975803223e-10.
- maximal number of matvec operations: 51.
-> E_updated = 0.13949600377244353.
Orthogonality column 11:
- C leg dimensions: [(1, 3, 1, 6), (6, 3, 2, 18), (18, 3, 1, 18), (18, 3, 2, 18), (18, 3, 1, 18), (18, 3, 2, 18), (18, 3, 2, 18), (18, 3, 1, 18), (18, 3, 2, 18), (18, 3, 1, 6), (6, 3, 2, 1)].
- Lh leg dimensions: [(1, 3, 3, 9), (9, 3, 3, 54), (54, 3, 3, 54), (54, 3, 3, 54), (54, 3, 3, 54), (54, 3, 3, 54), (54, 3, 3, 54), (54, 3, 3, 54), (54, 3, 3, 54), (54, 3, 3, 9), (9, 3, 3, 1)].
-> E = <Lh|CC*> + <ALhAL*|CC*|ARhAR*> + <CC*|Rh> = -0.35748454048637923 + 0.5397065971847865 + None = 0.1822220566984073.
- C_updated leg dimensions: [(1, 3, 1, 3), (3, 3, 2, 18), (18, 3, 1, 18), (18, 3, 2, 18), (18, 3, 1, 18), (18, 3, 2, 18), (18, 3, 2, 18), (18, 3, 1, 18), (18, 3, 2, 18), (18, 3, 1, 6), (6, 3, 2, 1)].
- largest Hermiticity error: 1.2955395666093223e-07.
- maximal number of matvec operations: 51.
-> E_updated = 0.17672874842036912.
Orthogonality column 12:
- C leg dimensions: [(1, 3, 1, 3), (3, 3, 1, 9), (9, 3, 1, 18), (18, 3, 1, 18), (18, 3, 1, 18), (18, 3, 1, 18), (18, 3, 1, 18), (18, 3, 1, 18), (18, 3, 1, 18), (18, 3, 1, 6), (6, 3, 1, 1)].
- Lh leg dimensions: [(1, 3, 3, 9), (9, 3, 3, 54), (54, 3, 3, 54), (54, 3, 3, 54), (54, 3, 3, 54), (54, 3, 3, 54), (54, 3, 3, 54), (54, 3, 3, 54), (54, 3, 3, 54), (54, 3, 3, 9), (9, 3, 3, 1)].
-> E = <Lh|CC*> + <ALhAL*|CC*|ARhAR*> + <CC*|Rh> = 0.20072760200930898 + None + None = 0.20072760200930898.
- C_updated leg dimensions: [(1, 3, 1, 3), (3, 3, 1, 9), (9, 3, 1, 18), (18, 3, 1, 18), (18, 3, 1, 18), (18, 3, 1, 18), (18, 3, 1, 18), (18, 3, 1, 18), (18, 3, 1, 9), (9, 3, 1, 3), (3, 3, 1, 1)].
- largest Hermiticity error: 9.684210119306648e-08.
- maximal number of matvec operations: 41.
-> E_updated = 0.19695969904819535.
Orthogonality column 11:
- C leg dimensions: [(1, 3, 1, 3), (3, 3, 2, 9), (9, 3, 1, 18), (18, 3, 2, 18), (18, 3, 1, 18), (18, 3, 2, 18), (18, 3, 2, 18), (18, 3, 1, 18), (18, 3, 2, 9), (9, 3, 1, 3), (3, 3, 2, 1)].
- Lh leg dimensions: [(1, 3, 3, 9), (9, 3, 3, 54), (54, 3, 3, 54), (54, 3, 3, 54), (54, 3, 3, 54), (54, 3, 3, 54), (54, 3, 3, 54), (54, 3, 3, 54), (54, 3, 3, 54), (54, 3, 3, 9), (9, 3, 3, 1)].
-> E = <Lh|CC*> + <ALhAL*|CC*|ARhAR*> + <CC*|Rh> = -0.3515667520254149 + 0.5494540689242803 + None = 0.1978873168988654.
- C_updated leg dimensions: [(1, 3, 1, 3), (3, 3, 2, 18), (18, 3, 1, 18), (18, 3, 2, 18), (18, 3, 1, 18), (18, 3, 2, 18), (18, 3, 2, 18), (18, 3, 1, 18), (18, 3, 2, 18), (18, 3, 1, 6), (6, 3, 2, 1)].
- largest Hermiticity error: 1.3090909938764223e-07.
- maximal number of matvec operations: 51.
-> E_updated = 0.17672874760903015.
Orthogonality column 10:
- C leg dimensions: [(1, 3, 2, 3), (3, 3, 2, 18), (18, 3, 2, 18), (18, 3, 2, 18), (18, 3, 2, 18), (18, 3, 3, 18), (18, 3, 2, 18), (18, 3, 2, 18), (18, 3, 2, 18), (18, 3, 2, 6), (6, 3, 2, 1)].
- Lh leg dimensions: [(1, 3, 3, 9), (9, 3, 3, 54), (54, 3, 3, 54), (54, 3, 3, 54), (54, 3, 3, 54), (54, 3, 3, 54), (54, 3, 3, 54), (54, 3, 3, 54), (54, 3, 3, 54), (54, 3, 3, 9), (9, 3, 3, 1)].
- Rh leg dimensions: [(1, 2, 2, 3), (3, 2, 2, 8), (8, 2, 2, 3), (3, 2, 2, 8), (8, 2, 2, 3), (3, 3, 3, 9), (9, 2, 2, 3), (3, 2, 2, 8), (8, 2, 2, 3), (3, 2, 2, 4), (4, 2, 2, 1)].
-> E = <Lh|CC*> + <ALhAL*|CC*|ARhAR*> + <CC*|Rh> = -0.25453785693009967 + -0.1106753539725688 + 0.5385433855613903 = 0.1733301746587218.
- C_updated leg dimensions: [(1, 3, 2, 6), (6, 3, 2, 18), (18, 3, 2, 18), (18, 3, 2, 18), (18, 3, 2, 18), (18, 3, 3, 18), (18, 3, 2, 18), (18, 3, 2, 18), (18, 3, 2, 18), (18, 3, 2, 6), (6, 3, 2, 1)].
- largest Hermiticity error: 2.0340553757749674e-10.
- maximal number of matvec operations: 51.
-> E_updated = 0.1395420380337573.
Orthogonality column 9:
- C leg dimensions: [(1, 3, 2, 6), (6, 3, 3, 18), (18, 3, 2, 18), (18, 3, 3, 18), (18, 3, 3, 18), (18, 3, 3, 18), (18, 3, 3, 18), (18, 3, 2, 18), (18, 3, 3, 18), (18, 3, 2, 6), (6, 3, 3, 1)].
- Lh leg dimensions: [(1, 3, 3, 9), (9, 3, 3, 54), (54, 3, 3, 54), (54, 3, 3, 54), (54, 3, 3, 54), (54, 3, 3, 54), (54, 3, 3, 54), (54, 3, 3, 54), (54, 3, 3, 54), (54, 3, 3, 9), (9, 3, 3, 1)].
- Rh leg dimensions: [(1, 2, 2, 4), (4, 3, 3, 8), (8, 2, 2, 25), (25, 3, 3, 8), (8, 3, 3, 45), (45, 3, 3, 12), (12, 3, 3, 25), (25, 2, 2, 8), (8, 3, 3, 25), (25, 2, 2, 8), (8, 3, 3, 1)].
-> E = <Lh|CC*> + <ALhAL*|CC*|ARhAR*> + <CC*|Rh> = -0.19185241783628515 + -0.08449382401521877 + 0.4130529374784246 = 0.13670669562692067.
- C_updated leg dimensions: [(1, 3, 2, 6), (6, 3, 3, 18), (18, 3, 2, 18), (18, 3, 3, 18), (18, 3, 3, 18), (18, 3, 3, 18), (18, 3, 3, 18), (18, 3, 2, 18), (18, 3, 3, 18), (18, 3, 2, 9), (9, 3, 3, 1)].
- largest Hermiticity error: 9.131464510632083e-12.
- maximal number of matvec operations: 61.
-> E_updated = 0.10762137193401444.
Orthogonality column 8:
- C leg dimensions: [(1, 3, 3, 6), (6, 3, 3, 18), (18, 3, 3, 18), (18, 3, 3, 18), (18, 3, 3, 18), (18, 3, 3, 18), (18, 3, 3, 18), (18, 3, 3, 18), (18, 3, 3, 18), (18, 3, 3, 9), (9, 3, 3, 1)].
- Lh leg dimensions: [(1, 3, 3, 9), (9, 3, 3, 54), (54, 3, 3, 54), (54, 3, 3, 54), (54, 3, 3, 54), (54, 3, 3, 54), (54, 3, 3, 54), (54, 3, 3, 54), (54, 3, 3, 54), (54, 3, 3, 9), (9, 3, 3, 1)].
- Rh leg dimensions: [(1, 3, 3, 8), (8, 3, 3, 45), (45, 3, 3, 25), (25, 3, 3, 54), (54, 3, 3, 45), (45, 3, 3, 54), (54, 3, 3, 25), (25, 3, 3, 54), (54, 3, 3, 25), (25, 3, 3, 9), (9, 3, 3, 1)].
-> E = <Lh|CC*> + <ALhAL*|CC*|ARhAR*> + <CC*|Rh> = -0.1266367769898522 + -0.0849573014026047 + 0.3251178803663729 = 0.11352380197391598.
- C_updated leg dimensions: [(1, 3, 3, 9), (9, 3, 3, 18), (18, 3, 3, 18), (18, 3, 3, 18), (18, 3, 3, 18), (18, 3, 3, 18), (18, 3, 3, 18), (18, 3, 3, 18), (18, 3, 3, 18), (18, 3, 3, 9), (9, 3, 3, 1)].
- largest Hermiticity error: 1.242445273800664e-12.
- maximal number of matvec operations: 61.
-> E_updated = 0.09047099648295127.
Orthogonality column 7:
- C leg dimensions: [(1, 3, 3, 9), (9, 3, 3, 18), (18, 3, 3, 18), (18, 3, 3, 18), (18, 3, 3, 18), (18, 3, 3, 18), (18, 3, 3, 18), (18, 3, 3, 18), (18, 3, 3, 18), (18, 3, 3, 9), (9, 3, 3, 1)].
- Lh leg dimensions: [(1, 3, 3, 9), (9, 3, 3, 54), (54, 3, 3, 54), (54, 3, 3, 54), (54, 3, 3, 54), (54, 3, 3, 54), (54, 3, 3, 54), (54, 3, 3, 54), (54, 3, 3, 54), (54, 3, 3, 9), (9, 3, 3, 1)].
- Rh leg dimensions: [(1, 3, 3, 9), (9, 3, 3, 54), (54, 3, 3, 54), (54, 3, 3, 54), (54, 3, 3, 54), (54, 3, 3, 54), (54, 3, 3, 54), (54, 3, 3, 54), (54, 3, 3, 54), (54, 3, 3, 9), (9, 3, 3, 1)].
-> E = <Lh|CC*> + <ALhAL*|CC*|ARhAR*> + <CC*|Rh> = -0.05745466134582608 + -0.08409456236132064 + 0.23804448960742525 = 0.09649526590027852.
- C_updated leg dimensions: [(1, 3, 3, 9), (9, 3, 3, 18), (18, 3, 3, 18), (18, 3, 3, 18), (18, 3, 3, 18), (18, 3, 3, 18), (18, 3, 3, 18), (18, 3, 3, 18), (18, 3, 3, 18), (18, 3, 3, 9), (9, 3, 3, 1)].
- largest Hermiticity error: 3.957667184008631e-12.
- maximal number of matvec operations: 61.
-> E_updated = 0.08217596581091144.
Orthogonality column 6:
- C leg dimensions: [(1, 3, 3, 9), (9, 3, 3, 18), (18, 3, 3, 18), (18, 3, 3, 18), (18, 3, 3, 18), (18, 3, 3, 18), (18, 3, 3, 18), (18, 3, 3, 18), (18, 3, 3, 18), (18, 3, 3, 9), (9, 3, 3, 1)].
- Lh leg dimensions: [(1, 3, 3, 9), (9, 3, 3, 54), (54, 3, 3, 54), (54, 3, 3, 54), (54, 3, 3, 54), (54, 3, 3, 54), (54, 3, 3, 54), (54, 3, 3, 54), (54, 3, 3, 54), (54, 3, 3, 9), (9, 3, 3, 1)].
- Rh leg dimensions: [(1, 3, 3, 9), (9, 3, 3, 54), (54, 3, 3, 54), (54, 3, 3, 54), (54, 3, 3, 54), (54, 3, 3, 54), (54, 3, 3, 54), (54, 3, 3, 54), (54, 3, 3, 54), (54, 3, 3, 9), (9, 3, 3, 1)].
-> E = <Lh|CC*> + <ALhAL*|CC*|ARhAR*> + <CC*|Rh> = 0.02892128071839801 + -0.09587904059920724 + 0.16366956956871528 = 0.09671180968790605.
- C_updated leg dimensions: [(1, 3, 3, 9), (9, 3, 3, 18), (18, 3, 3, 18), (18, 3, 3, 18), (18, 3, 3, 18), (18, 3, 3, 18), (18, 3, 3, 18), (18, 3, 3, 18), (18, 3, 3, 18), (18, 3, 3, 9), (9, 3, 3, 1)].
- largest Hermiticity error: 5.552824638048066e-13.
- maximal number of matvec operations: 61.
-> E_updated = 0.08209851547775289.
Orthogonality column 5:
- C leg dimensions: [(1, 3, 3, 9), (9, 3, 3, 18), (18, 3, 3, 18), (18, 3, 3, 18), (18, 3, 3, 18), (18, 3, 3, 18), (18, 3, 3, 18), (18, 3, 3, 18), (18, 3, 3, 18), (18, 3, 3, 9), (9, 3, 3, 1)].
- Lh leg dimensions: [(1, 3, 3, 9), (9, 3, 3, 54), (54, 3, 3, 54), (54, 3, 3, 54), (54, 3, 3, 54), (54, 3, 3, 54), (54, 3, 3, 54), (54, 3, 3, 54), (54, 3, 3, 54), (54, 3, 3, 9), (9, 3, 3, 1)].
- Rh leg dimensions: [(1, 3, 3, 9), (9, 3, 3, 54), (54, 3, 3, 54), (54, 3, 3, 54), (54, 3, 3, 54), (54, 3, 3, 54), (54, 3, 3, 54), (54, 3, 3, 54), (54, 3, 3, 54), (54, 3, 3, 9), (9, 3, 3, 1)].
-> E = <Lh|CC*> + <ALhAL*|CC*|ARhAR*> + <CC*|Rh> = 0.1112197681845822 + -0.0902268658440085 + 0.0727164223957116 = 0.0937093247362853.
- C_updated leg dimensions: [(1, 3, 3, 9), (9, 3, 3, 18), (18, 3, 3, 18), (18, 3, 3, 18), (18, 3, 3, 18), (18, 3, 3, 18), (18, 3, 3, 18), (18, 3, 3, 18), (18, 3, 3, 18), (18, 3, 3, 9), (9, 3, 3, 1)].
- largest Hermiticity error: 2.3286611142978057e-12.
- maximal number of matvec operations: 61.
-> E_updated = 0.08295380347176155.
Orthogonality column 4:
- C leg dimensions: [(1, 3, 3, 9), (9, 3, 3, 18), (18, 3, 3, 18), (18, 3, 3, 18), (18, 3, 3, 18), (18, 3, 3, 18), (18, 3, 3, 18), (18, 3, 3, 18), (18, 3, 3, 18), (18, 3, 3, 9), (9, 3, 3, 1)].
- Lh leg dimensions: [(1, 3, 3, 9), (9, 3, 3, 25), (25, 3, 3, 54), (54, 3, 3, 25), (25, 3, 3, 54), (54, 3, 3, 45), (45, 3, 3, 54), (54, 3, 3, 25), (25, 3, 3, 45), (45, 3, 3, 8), (8, 3, 3, 1)].
- Rh leg dimensions: [(1, 3, 3, 9), (9, 3, 3, 54), (54, 3, 3, 54), (54, 3, 3, 54), (54, 3, 3, 54), (54, 3, 3, 54), (54, 3, 3, 54), (54, 3, 3, 54), (54, 3, 3, 54), (54, 3, 3, 9), (9, 3, 3, 1)].
-> E = <Lh|CC*> + <ALhAL*|CC*|ARhAR*> + <CC*|Rh> = 0.20909113090826462 + -0.10135274298447398 + 0.0025028842646819443 = 0.11024127218847257.
- C_updated leg dimensions: [(1, 3, 3, 9), (9, 3, 3, 18), (18, 3, 3, 18), (18, 3, 3, 18), (18, 3, 3, 18), (18, 3, 3, 18), (18, 3, 3, 18), (18, 3, 3, 18), (18, 3, 3, 18), (18, 3, 3, 9), (9, 3, 3, 1)].
- largest Hermiticity error: 9.954964605065223e-12.
- maximal number of matvec operations: 61.
-> E_updated = 0.102490995482412.
Orthogonality column 3:
- C leg dimensions: [(1, 3, 3, 9), (9, 2, 3, 18), (18, 3, 3, 18), (18, 2, 3, 18), (18, 3, 3, 18), (18, 3, 3, 18), (18, 3, 3, 18), (18, 3, 3, 18), (18, 2, 3, 18), (18, 3, 3, 6), (6, 2, 3, 1)].
- Lh leg dimensions: [(1, 3, 3, 8), (8, 2, 2, 25), (25, 3, 3, 8), (8, 2, 2, 25), (25, 3, 3, 12), (12, 3, 3, 45), (45, 3, 3, 8), (8, 3, 3, 25), (25, 2, 2, 8), (8, 3, 3, 4), (4, 2, 2, 1)].
- Rh leg dimensions: [(1, 3, 3, 9), (9, 3, 3, 54), (54, 3, 3, 54), (54, 3, 3, 54), (54, 3, 3, 54), (54, 3, 3, 54), (54, 3, 3, 54), (54, 3, 3, 54), (54, 3, 3, 54), (54, 3, 3, 9), (9, 3, 3, 1)].
-> E = <Lh|CC*> + <ALhAL*|CC*|ARhAR*> + <CC*|Rh> = 0.2894223016429766 + -0.08223793522271905 + -0.07618296123061458 = 0.13100140518964298.
- C_updated leg dimensions: [(1, 3, 3, 9), (9, 2, 3, 18), (18, 3, 3, 18), (18, 2, 3, 18), (18, 3, 3, 18), (18, 3, 3, 18), (18, 3, 3, 18), (18, 3, 3, 18), (18, 2, 3, 18), (18, 3, 3, 6), (6, 2, 3, 1)].
- largest Hermiticity error: 2.379674166895458e-11.
- maximal number of matvec operations: 51.
-> E_updated = 0.12599506618912093.
Orthogonality column 2:
- C leg dimensions: [(1, 2, 3, 6), (6, 2, 3, 18), (18, 2, 3, 18), (18, 2, 3, 18), (18, 2, 3, 18), (18, 3, 3, 18), (18, 2, 3, 18), (18, 2, 3, 18), (18, 2, 3, 18), (18, 2, 3, 6), (6, 2, 3, 1)].
- Lh leg dimensions: [(1, 2, 2, 4), (4, 2, 2, 3), (3, 2, 2, 8), (8, 2, 2, 3), (3, 2, 2, 9), (9, 3, 3, 3), (3, 2, 2, 8), (8, 2, 2, 3), (3, 2, 2, 8), (8, 2, 2, 3), (3, 2, 2, 1)].
- Rh leg dimensions: [(1, 3, 3, 9), (9, 3, 3, 54), (54, 3, 3, 54), (54, 3, 3, 54), (54, 3, 3, 54), (54, 3, 3, 54), (54, 3, 3, 54), (54, 3, 3, 54), (54, 3, 3, 54), (54, 3, 3, 9), (9, 3, 3, 1)].
-> E = <Lh|CC*> + <ALhAL*|CC*|ARhAR*> + <CC*|Rh> = 0.43127546212013407 + -0.13963842900434043 + -0.12308622070481501 = 0.16855081241097863.
- C_updated leg dimensions: [(1, 2, 3, 6), (6, 2, 3, 18), (18, 2, 3, 18), (18, 2, 3, 18), (18, 2, 3, 18), (18, 3, 3, 18), (18, 2, 3, 18), (18, 2, 3, 18), (18, 2, 3, 18), (18, 2, 3, 6), (6, 2, 3, 1)].
- largest Hermiticity error: 2.4027779334944463e-08.
- maximal number of matvec operations: 51.
-> E_updated = 0.14055261305584787.
Orthogonality column 1:
- C leg dimensions: [(1, 2, 3, 6), (6, 1, 3, 18), (18, 2, 3, 18), (18, 1, 3, 18), (18, 2, 3, 18), (18, 2, 3, 18), (18, 1, 3, 18), (18, 2, 3, 18), (18, 1, 3, 18), (18, 2, 3, 3), (3, 1, 3, 1)].
- Rh leg dimensions: [(1, 3, 3, 9), (9, 3, 3, 54), (54, 3, 3, 54), (54, 3, 3, 54), (54, 3, 3, 54), (54, 3, 3, 54), (54, 3, 3, 54), (54, 3, 3, 54), (54, 3, 3, 54), (54, 3, 3, 9), (9, 3, 3, 1)].
-> E = <Lh|CC*> + <ALhAL*|CC*|ARhAR*> + <CC*|Rh> = None + 0.42731764502650815 + -0.2400672714811567 = 0.18725037354535146.
- C_updated leg dimensions: [(1, 2, 3, 6), (6, 1, 3, 18), (18, 2, 3, 18), (18, 1, 3, 18), (18, 2, 3, 18), (18, 2, 3, 18), (18, 1, 3, 18), (18, 2, 3, 18), (18, 1, 3, 18), (18, 2, 3, 3), (3, 1, 3, 1)].
- largest Hermiticity error: 1.1707113275913187e-08.
- maximal number of matvec operations: 51.
-> E_updated = 0.18176074914279813.
Orthogonality column 0:
- C leg dimensions: [(1, 1, 3, 3), (3, 1, 3, 9), (9, 1, 3, 18), (18, 1, 3, 18), (18, 1, 3, 18), (18, 1, 3, 18), (18, 1, 3, 18), (18, 1, 3, 18), (18, 1, 3, 18), (18, 1, 3, 3), (3, 1, 3, 1)].
- Rh leg dimensions: [(1, 3, 3, 9), (9, 3, 3, 54), (54, 3, 3, 54), (54, 3, 3, 54), (54, 3, 3, 54), (54, 3, 3, 54), (54, 3, 3, 54), (54, 3, 3, 54), (54, 3, 3, 54), (54, 3, 3, 9), (9, 3, 3, 1)].
-> E = <Lh|CC*> + <ALhAL*|CC*|ARhAR*> + <CC*|Rh> = None + None + 0.21309070073634595 = 0.21309070073634595.
- C_updated leg dimensions: [(1, 1, 3, 3), (3, 1, 3, 9), (9, 1, 3, 18), (18, 1, 3, 18), (18, 1, 3, 18), (18, 1, 3, 18), (18, 1, 3, 18), (18, 1, 3, 18), (18, 1, 3, 9), (9, 1, 3, 3), (3, 1, 3, 1)].
- largest Hermiticity error: 2.302442755381019e-08.
- maximal number of matvec operations: 41.
-> E_updated = 0.20772690567288646.
=> <H> - E0 = 0.1831665657345809.

<H>s - E0 = [0.45774915 0.19251408 0.18316657]
