Lx = 6, Ly = 6, g = 3.0, D_max = 4, chi_max_c = 24, chi_max_b = 150. 

E0_exact = -227.308603832. 

es = [-26.86622906 -17.94804911 -17.97662271 -17.98777767 -17.99228716
 -17.99505425 -17.99944357 -17.99879044 -17.9979307  -18.00916814
 -26.99470382].
E = -215.76605663605935.
E - E0 = 11.542547195940642.
subtract energy E0_exact evenly from all columns.

BoundaryCompression performed 3 sweeps.
BoundaryCompression performed 3 sweeps.
BoundaryCompression performed 3 sweeps.
BoundaryCompression performed 3 sweeps.
BoundaryCompression performed 3 sweeps.
BoundaryCompression performed 3 sweeps.
BoundaryCompression performed 3 sweeps.
BoundaryCompression performed 3 sweeps.
BoundaryCompression performed 3 sweeps.
BoundaryCompression performed 3 sweeps.
BoundaryCompression performed 3 sweeps.

DMRGSquared sweep 1 ...
Orthogonality column 0:
- C leg dimensions: [(1, 1, 4, 4), (4, 1, 4, 16), (16, 1, 4, 24), (24, 1, 4, 24), (24, 1, 4, 24), (24, 1, 4, 24), (24, 1, 4, 24), (24, 1, 4, 24), (24, 1, 4, 16), (16, 1, 4, 4), (4, 1, 4, 1)].
- Rh leg dimensions: [(1, 4, 4, 16), (16, 4, 4, 150), (150, 4, 4, 150), (150, 4, 4, 150), (150, 4, 4, 150), (150, 4, 4, 150), (150, 4, 4, 150), (150, 4, 4, 150), (150, 4, 4, 150), (150, 4, 4, 16), (16, 4, 4, 1)].
-> E = <Lh|CC*> + <ALhAL*|CC*|ARhAR*> + <CC*|Rh> = None + None + -4.611154790926678 = -4.611154790926678.
ColumnDMRG performed 3 sweeps.
- C_updated leg dimensions: [(1, 1, 4, 4), (4, 1, 4, 16), (16, 1, 4, 24), (24, 1, 4, 24), (24, 1, 4, 24), (24, 1, 4, 24), (24, 1, 4, 24), (24, 1, 4, 24), (24, 1, 4, 16), (16, 1, 4, 4), (4, 1, 4, 1)].
- largest Hermiticity error: 4.790049361062643e-07.
- maximal number of matvec operations: 21.
-> E_updated = -7.193507598342188.
Orthogonality column 1:
- C leg dimensions: [(1, 2, 4, 4), (4, 1, 4, 16), (16, 2, 4, 24), (24, 1, 4, 24), (24, 2, 4, 24), (24, 2, 4, 24), (24, 1, 4, 24), (24, 2, 4, 24), (24, 1, 4, 16), (16, 2, 4, 4), (4, 1, 4, 1)].
- Rh leg dimensions: [(1, 4, 4, 16), (16, 4, 4, 150), (150, 4, 4, 150), (150, 4, 4, 150), (150, 4, 4, 150), (150, 4, 4, 150), (150, 4, 4, 150), (150, 4, 4, 150), (150, 4, 4, 150), (150, 4, 4, 16), (16, 4, 4, 1)].
-> E = <Lh|CC*> + <ALhAL*|CC*|ARhAR*> + <CC*|Rh> = None + 1.2745863463794238 + -5.726927504657196 = -4.452341158277772.
ColumnDMRG performed 3 sweeps.
- C_updated leg dimensions: [(1, 2, 4, 8), (8, 1, 4, 24), (24, 2, 4, 24), (24, 1, 4, 24), (24, 2, 4, 24), (24, 2, 4, 24), (24, 1, 4, 24), (24, 2, 4, 24), (24, 1, 4, 24), (24, 2, 4, 4), (4, 1, 4, 1)].
- largest Hermiticity error: 3.6600292220512394e-07.
- maximal number of matvec operations: 41.
-> E_updated = -4.637542103505538.
BoundaryCompression performed 3 sweeps.
Orthogonality column 2:
- C leg dimensions: [(1, 2, 4, 8), (8, 2, 4, 24), (24, 2, 4, 24), (24, 2, 4, 24), (24, 2, 4, 24), (24, 4, 4, 24), (24, 2, 4, 24), (24, 2, 4, 24), (24, 2, 4, 24), (24, 2, 4, 4), (4, 2, 4, 1)].
- Lh leg dimensions: [(1, 2, 2, 4), (4, 2, 2, 3), (3, 2, 2, 8), (8, 2, 2, 3), (3, 2, 2, 9), (9, 4, 4, 3), (3, 2, 2, 8), (8, 2, 2, 3), (3, 2, 2, 8), (8, 2, 2, 3), (3, 2, 2, 1)].
- Rh leg dimensions: [(1, 4, 4, 16), (16, 4, 4, 150), (150, 4, 4, 150), (150, 4, 4, 150), (150, 4, 4, 150), (150, 4, 4, 150), (150, 4, 4, 150), (150, 4, 4, 150), (150, 4, 4, 150), (150, 4, 4, 16), (16, 4, 4, 1)].
-> E = <Lh|CC*> + <ALhAL*|CC*|ARhAR*> + <CC*|Rh> = 1.133298572808686 + 0.8835721751917914 + -4.338034906399522 = -2.3211641583990446.
ColumnDMRG performed 3 sweeps.
- C_updated leg dimensions: [(1, 2, 4, 8), (8, 2, 4, 24), (24, 2, 4, 24), (24, 2, 4, 24), (24, 2, 4, 24), (24, 4, 4, 24), (24, 2, 4, 24), (24, 2, 4, 24), (24, 2, 4, 24), (24, 2, 4, 8), (8, 2, 4, 1)].
- largest Hermiticity error: 1.0992192757221182e-08.
- maximal number of matvec operations: 61.
-> E_updated = -3.3726105808151883.
BoundaryCompression performed 3 sweeps.
Orthogonality column 3:
- C leg dimensions: [(1, 4, 4, 8), (8, 2, 4, 24), (24, 4, 4, 24), (24, 2, 4, 24), (24, 4, 4, 24), (24, 4, 4, 24), (24, 4, 4, 24), (24, 4, 4, 24), (24, 2, 4, 24), (24, 4, 4, 8), (8, 2, 4, 1)].
- Lh leg dimensions: [(1, 4, 4, 8), (8, 2, 2, 29), (29, 4, 4, 8), (8, 2, 2, 29), (29, 4, 4, 13), (13, 4, 4, 80), (80, 4, 4, 8), (8, 4, 4, 29), (29, 2, 2, 8), (8, 4, 4, 4), (4, 2, 2, 1)].
- Rh leg dimensions: [(1, 4, 4, 16), (16, 4, 4, 150), (150, 4, 4, 150), (150, 4, 4, 150), (150, 4, 4, 150), (150, 4, 4, 150), (150, 4, 4, 150), (150, 4, 4, 150), (150, 4, 4, 150), (150, 4, 4, 16), (16, 4, 4, 1)].
-> E = <Lh|CC*> + <ALhAL*|CC*|ARhAR*> + <CC*|Rh> = 1.0584554721070873 + 0.9045120463704651 + -3.342122401843401 = -1.3791548833658487.
ColumnDMRG performed 3 sweeps.
- C_updated leg dimensions: [(1, 4, 4, 16), (16, 2, 4, 24), (24, 4, 4, 24), (24, 2, 4, 24), (24, 4, 4, 24), (24, 4, 4, 24), (24, 4, 4, 24), (24, 4, 4, 24), (24, 2, 4, 24), (24, 4, 4, 8), (8, 2, 4, 1)].
- largest Hermiticity error: 1.4128804901371706e-08.
- maximal number of matvec operations: 71.
-> E_updated = -2.4460583767681374.
BoundaryCompression performed 3 sweeps.
Orthogonality column 4:
- C leg dimensions: [(1, 4, 4, 16), (16, 4, 4, 24), (24, 4, 4, 24), (24, 4, 4, 24), (24, 4, 4, 24), (24, 4, 4, 24), (24, 4, 4, 24), (24, 4, 4, 24), (24, 4, 4, 24), (24, 4, 4, 8), (8, 4, 4, 1)].
- Lh leg dimensions: [(1, 4, 4, 16), (16, 4, 4, 32), (32, 4, 4, 150), (150, 4, 4, 32), (32, 4, 4, 150), (150, 4, 4, 80), (80, 4, 4, 150), (150, 4, 4, 32), (32, 4, 4, 80), (80, 4, 4, 9), (9, 4, 4, 1)].
- Rh leg dimensions: [(1, 4, 4, 16), (16, 4, 4, 150), (150, 4, 4, 150), (150, 4, 4, 150), (150, 4, 4, 150), (150, 4, 4, 150), (150, 4, 4, 150), (150, 4, 4, 150), (150, 4, 4, 150), (150, 4, 4, 16), (16, 4, 4, 1)].
-> E = <Lh|CC*> + <ALhAL*|CC*|ARhAR*> + <CC*|Rh> = 1.009035049397799 + 0.927306879634718 + 0.6162774450629261 = 2.5526193740954435.
ColumnDMRG performed 3 sweeps.
- C_updated leg dimensions: [(1, 4, 4, 16), (16, 4, 4, 24), (24, 4, 4, 24), (24, 4, 4, 24), (24, 4, 4, 24), (24, 4, 4, 24), (24, 4, 4, 24), (24, 4, 4, 24), (24, 4, 4, 24), (24, 4, 4, 16), (16, 4, 4, 1)].
- largest Hermiticity error: 1.4514001045162197e-08.
- maximal number of matvec operations: 71.
-> E_updated = 1.4762193581769023.
BoundaryCompression performed 3 sweeps.
Orthogonality column 5:
- C leg dimensions: [(1, 4, 4, 16), (16, 4, 4, 24), (24, 4, 4, 24), (24, 4, 4, 24), (24, 4, 4, 24), (24, 4, 4, 24), (24, 4, 4, 24), (24, 4, 4, 24), (24, 4, 4, 24), (24, 4, 4, 16), (16, 4, 4, 1)].
- Lh leg dimensions: [(1, 4, 4, 16), (16, 4, 4, 150), (150, 4, 4, 150), (150, 4, 4, 150), (150, 4, 4, 150), (150, 4, 4, 150), (150, 4, 4, 150), (150, 4, 4, 150), (150, 4, 4, 96), (96, 4, 4, 16), (16, 4, 4, 1)].
- Rh leg dimensions: [(1, 4, 4, 16), (16, 4, 4, 150), (150, 4, 4, 150), (150, 4, 4, 150), (150, 4, 4, 150), (150, 4, 4, 150), (150, 4, 4, 150), (150, 4, 4, 150), (150, 4, 4, 150), (150, 4, 4, 16), (16, 4, 4, 1)].
-> E = <Lh|CC*> + <ALhAL*|CC*|ARhAR*> + <CC*|Rh> = 0.9527125991505698 + 0.9218054761008371 + 2.668915266603862 = 4.543433341855269.
ColumnDMRG performed 3 sweeps.
- C_updated leg dimensions: [(1, 4, 4, 16), (16, 4, 4, 24), (24, 4, 4, 24), (24, 4, 4, 24), (24, 4, 4, 24), (24, 4, 4, 24), (24, 4, 4, 24), (24, 4, 4, 24), (24, 4, 4, 24), (24, 4, 4, 16), (16, 4, 4, 1)].
- largest Hermiticity error: 4.016648838439994e-08.
- maximal number of matvec operations: 61.
-> E_updated = 3.5366039158702036.
BoundaryCompression performed 3 sweeps.
Orthogonality column 6:
- C leg dimensions: [(1, 4, 4, 16), (16, 4, 4, 24), (24, 4, 4, 24), (24, 4, 4, 24), (24, 4, 4, 24), (24, 4, 4, 24), (24, 4, 4, 24), (24, 4, 4, 24), (24, 4, 4, 24), (24, 4, 4, 16), (16, 4, 4, 1)].
- Lh leg dimensions: [(1, 4, 4, 16), (16, 4, 4, 150), (150, 4, 4, 150), (150, 4, 4, 150), (150, 4, 4, 150), (150, 4, 4, 150), (150, 4, 4, 150), (150, 4, 4, 150), (150, 4, 4, 150), (150, 4, 4, 16), (16, 4, 4, 1)].
- Rh leg dimensions: [(1, 4, 4, 16), (16, 4, 4, 150), (150, 4, 4, 150), (150, 4, 4, 150), (150, 4, 4, 150), (150, 4, 4, 150), (150, 4, 4, 150), (150, 4, 4, 150), (150, 4, 4, 150), (150, 4, 4, 16), (16, 4, 4, 1)].
-> E = <Lh|CC*> + <ALhAL*|CC*|ARhAR*> + <CC*|Rh> = 0.9932801653046619 + 0.9206473508732743 + 3.713573090629628 = 5.627500606807564.
ColumnDMRG performed 3 sweeps.
- C_updated leg dimensions: [(1, 4, 4, 16), (16, 4, 4, 24), (24, 4, 4, 24), (24, 4, 4, 24), (24, 4, 4, 24), (24, 4, 4, 24), (24, 4, 4, 24), (24, 4, 4, 24), (24, 4, 4, 24), (24, 4, 4, 16), (16, 4, 4, 1)].
- largest Hermiticity error: 5.147578631972788e-10.
- maximal number of matvec operations: 61.
-> E_updated = 4.800261186409157.
BoundaryCompression performed 3 sweeps.
Orthogonality column 7:
- C leg dimensions: [(1, 4, 4, 16), (16, 4, 4, 24), (24, 4, 4, 24), (24, 4, 4, 24), (24, 4, 4, 24), (24, 4, 4, 24), (24, 4, 4, 24), (24, 4, 4, 24), (24, 4, 4, 24), (24, 4, 4, 16), (16, 4, 4, 1)].
- Lh leg dimensions: [(1, 4, 4, 16), (16, 4, 4, 150), (150, 4, 4, 150), (150, 4, 4, 150), (150, 4, 4, 150), (150, 4, 4, 150), (150, 4, 4, 150), (150, 4, 4, 150), (150, 4, 4, 150), (150, 4, 4, 16), (16, 4, 4, 1)].
- Rh leg dimensions: [(1, 4, 4, 16), (16, 4, 4, 96), (96, 4, 4, 150), (150, 4, 4, 150), (150, 4, 4, 150), (150, 4, 4, 150), (150, 4, 4, 150), (150, 4, 4, 150), (150, 4, 4, 150), (150, 4, 4, 16), (16, 4, 4, 1)].
-> E = <Lh|CC*> + <ALhAL*|CC*|ARhAR*> + <CC*|Rh> = 1.257933719955239 + 0.9062185035473294 + 3.994175742150519 = 6.158327965653087.
ColumnDMRG performed 3 sweeps.
- C_updated leg dimensions: [(1, 4, 4, 16), (16, 4, 4, 24), (24, 4, 4, 24), (24, 4, 4, 24), (24, 4, 4, 24), (24, 4, 4, 24), (24, 4, 4, 24), (24, 4, 4, 24), (24, 4, 4, 24), (24, 4, 4, 16), (16, 4, 4, 1)].
- largest Hermiticity error: 2.3406140965101137e-09.
- maximal number of matvec operations: 51.
-> E_updated = 5.320184202438952.
BoundaryCompression performed 3 sweeps.
Orthogonality column 8:
- C leg dimensions: [(1, 4, 4, 16), (16, 4, 4, 24), (24, 4, 4, 24), (24, 4, 4, 24), (24, 4, 4, 24), (24, 4, 4, 24), (24, 4, 4, 24), (24, 4, 4, 24), (24, 4, 4, 24), (24, 4, 4, 16), (16, 4, 4, 1)].
- Lh leg dimensions: [(1, 4, 4, 16), (16, 4, 4, 150), (150, 4, 4, 150), (150, 4, 4, 150), (150, 4, 4, 150), (150, 4, 4, 150), (150, 4, 4, 150), (150, 4, 4, 150), (150, 4, 4, 150), (150, 4, 4, 16), (16, 4, 4, 1)].
- Rh leg dimensions: [(1, 4, 4, 9), (9, 4, 4, 80), (80, 4, 4, 32), (32, 4, 4, 150), (150, 4, 4, 32), (32, 4, 4, 150), (150, 4, 4, 33), (33, 4, 4, 150), (150, 4, 4, 32), (32, 4, 4, 16), (16, 4, 4, 1)].
-> E = <Lh|CC*> + <ALhAL*|CC*|ARhAR*> + <CC*|Rh> = 1.7242461760201382 + 0.7557861641189181 + 3.3355066207672466 = 5.815538960906302.
ColumnDMRG performed 3 sweeps.
- C_updated leg dimensions: [(1, 4, 4, 16), (16, 4, 4, 24), (24, 4, 4, 24), (24, 4, 4, 24), (24, 4, 4, 24), (24, 4, 4, 24), (24, 4, 4, 24), (24, 4, 4, 24), (24, 4, 4, 24), (24, 4, 4, 16), (16, 4, 4, 1)].
- largest Hermiticity error: 2.3812612494098685e-08.
- maximal number of matvec operations: 51.
-> E_updated = 2.7195778400957433.
BoundaryCompression performed 3 sweeps.
Orthogonality column 9:
- C leg dimensions: [(1, 4, 2, 16), (16, 4, 4, 24), (24, 4, 2, 24), (24, 4, 4, 24), (24, 4, 2, 24), (24, 4, 4, 24), (24, 4, 2, 24), (24, 4, 4, 24), (24, 4, 2, 24), (24, 4, 4, 16), (16, 4, 4, 1)].
- Lh leg dimensions: [(1, 4, 4, 16), (16, 4, 4, 150), (150, 4, 4, 150), (150, 4, 4, 150), (150, 4, 4, 150), (150, 4, 4, 150), (150, 4, 4, 150), (150, 4, 4, 150), (150, 4, 4, 150), (150, 4, 4, 16), (16, 4, 4, 1)].
- Rh leg dimensions: [(1, 2, 2, 4), (4, 4, 4, 8), (8, 2, 2, 29), (29, 4, 4, 8), (8, 2, 2, 29), (29, 4, 4, 8), (8, 2, 2, 29), (29, 4, 4, 8), (8, 2, 2, 29), (29, 4, 4, 13), (13, 4, 4, 1)].
-> E = <Lh|CC*> + <ALhAL*|CC*|ARhAR*> + <CC*|Rh> = 1.753869730185988 + 0.11284471510062855 + 1.0433316594039144 = 2.910046104690531.
ColumnDMRG performed 3 sweeps.
- C_updated leg dimensions: [(1, 4, 2, 8), (8, 4, 4, 24), (24, 4, 2, 24), (24, 4, 4, 24), (24, 4, 2, 24), (24, 4, 4, 24), (24, 4, 2, 24), (24, 4, 4, 24), (24, 4, 2, 24), (24, 4, 4, 16), (16, 4, 4, 1)].
- largest Hermiticity error: 3.516520261202068e-08.
- maximal number of matvec operations: 51.
-> E_updated = 2.28742281825226.
BoundaryCompression performed 3 sweeps.
Orthogonality column 10:
- C leg dimensions: [(1, 4, 2, 8), (8, 4, 2, 24), (24, 4, 2, 24), (24, 4, 2, 24), (24, 4, 2, 24), (24, 4, 2, 24), (24, 4, 2, 24), (24, 4, 2, 24), (24, 4, 2, 24), (24, 4, 2, 16), (16, 4, 4, 1)].
- Lh leg dimensions: [(1, 4, 4, 16), (16, 4, 4, 150), (150, 4, 4, 150), (150, 4, 4, 150), (150, 4, 4, 150), (150, 4, 4, 150), (150, 4, 4, 150), (150, 4, 4, 150), (150, 4, 4, 150), (150, 4, 4, 16), (16, 4, 4, 1)].
- Rh leg dimensions: [(1, 2, 2, 3), (3, 2, 2, 8), (8, 2, 2, 3), (3, 2, 2, 8), (8, 2, 2, 3), (3, 2, 2, 8), (8, 2, 2, 3), (3, 2, 2, 8), (8, 2, 2, 3), (3, 2, 2, 9), (9, 4, 4, 1)].
-> E = <Lh|CC*> + <ALhAL*|CC*|ARhAR*> + <CC*|Rh> = 1.7569732041879709 + -0.03016082110792944 + 0.7049233567389651 = 2.4317357398190067.
ColumnDMRG performed 3 sweeps.
- C_updated leg dimensions: [(1, 4, 2, 8), (8, 4, 2, 24), (24, 4, 2, 24), (24, 4, 2, 24), (24, 4, 2, 24), (24, 4, 2, 24), (24, 4, 2, 24), (24, 4, 2, 24), (24, 4, 2, 24), (24, 4, 2, 16), (16, 4, 4, 1)].
- largest Hermiticity error: 3.9193541935419234e-07.
- maximal number of matvec operations: 41.
-> E_updated = 2.0652621902395425.
BoundaryCompression performed 3 sweeps.
Orthogonality column 11:
- C leg dimensions: [(1, 4, 1, 8), (8, 4, 2, 24), (24, 4, 1, 24), (24, 4, 2, 24), (24, 4, 1, 24), (24, 4, 2, 24), (24, 4, 1, 24), (24, 4, 2, 24), (24, 4, 1, 24), (24, 4, 2, 8), (8, 4, 2, 1)].
- Lh leg dimensions: [(1, 4, 4, 16), (16, 4, 4, 150), (150, 4, 4, 150), (150, 4, 4, 150), (150, 4, 4, 150), (150, 4, 4, 150), (150, 4, 4, 150), (150, 4, 4, 150), (150, 4, 4, 150), (150, 4, 4, 16), (16, 4, 4, 1)].
-> E = <Lh|CC*> + <ALhAL*|CC*|ARhAR*> + <CC*|Rh> = 1.6848601686582636 + 0.5176878429909715 + None = 2.202548011649235.
ColumnDMRG performed 3 sweeps.
- C_updated leg dimensions: [(1, 4, 1, 4), (4, 4, 2, 24), (24, 4, 1, 24), (24, 4, 2, 24), (24, 4, 1, 24), (24, 4, 2, 24), (24, 4, 1, 24), (24, 4, 2, 24), (24, 4, 1, 24), (24, 4, 2, 8), (8, 4, 2, 1)].
- largest Hermiticity error: 1.184631036391913e-06.
- maximal number of matvec operations: 41.
-> E_updated = 2.1550489202447505.
BoundaryCompression performed 3 sweeps.
Orthogonality column 12:
- C leg dimensions: [(1, 4, 1, 4), (4, 4, 1, 16), (16, 4, 1, 24), (24, 4, 1, 24), (24, 4, 1, 24), (24, 4, 1, 24), (24, 4, 1, 24), (24, 4, 1, 24), (24, 4, 1, 24), (24, 4, 1, 8), (8, 4, 1, 1)].
- Lh leg dimensions: [(1, 4, 4, 16), (16, 4, 4, 150), (150, 4, 4, 150), (150, 4, 4, 150), (150, 4, 4, 150), (150, 4, 4, 150), (150, 4, 4, 150), (150, 4, 4, 150), (150, 4, 4, 150), (150, 4, 4, 16), (16, 4, 4, 1)].
-> E = <Lh|CC*> + <ALhAL*|CC*|ARhAR*> + <CC*|Rh> = 2.2023322287135247 + None + None = 2.2023322287135247.
ColumnDMRG performed 3 sweeps.
- C_updated leg dimensions: [(1, 4, 1, 4), (4, 4, 1, 16), (16, 4, 1, 24), (24, 4, 1, 24), (24, 4, 1, 24), (24, 4, 1, 24), (24, 4, 1, 24), (24, 4, 1, 24), (24, 4, 1, 16), (16, 4, 1, 4), (4, 4, 1, 1)].
- largest Hermiticity error: 1.3770265430055918e-06.
- maximal number of matvec operations: 41.
-> E_updated = 2.171354585971737.
Orthogonality column 11:
- C leg dimensions: [(1, 4, 1, 4), (4, 4, 2, 16), (16, 4, 1, 24), (24, 4, 2, 24), (24, 4, 1, 24), (24, 4, 2, 24), (24, 4, 2, 24), (24, 4, 1, 24), (24, 4, 2, 16), (16, 4, 1, 4), (4, 4, 2, 1)].
- Lh leg dimensions: [(1, 4, 4, 16), (16, 4, 4, 150), (150, 4, 4, 150), (150, 4, 4, 150), (150, 4, 4, 150), (150, 4, 4, 150), (150, 4, 4, 150), (150, 4, 4, 150), (150, 4, 4, 150), (150, 4, 4, 16), (16, 4, 4, 1)].
-> E = <Lh|CC*> + <ALhAL*|CC*|ARhAR*> + <CC*|Rh> = 1.6764686618297941 + 0.5233412349653411 + None = 2.199809896795135.
ColumnDMRG performed 3 sweeps.
- C_updated leg dimensions: [(1, 4, 1, 4), (4, 4, 2, 24), (24, 4, 1, 24), (24, 4, 2, 24), (24, 4, 1, 24), (24, 4, 2, 24), (24, 4, 2, 24), (24, 4, 1, 24), (24, 4, 2, 24), (24, 4, 1, 8), (8, 4, 2, 1)].
- largest Hermiticity error: 1.567564001107055e-06.
- maximal number of matvec operations: 41.
-> E_updated = 2.155046341148193.
BoundaryCompression performed 3 sweeps.
Orthogonality column 10:
- C leg dimensions: [(1, 4, 2, 4), (4, 4, 2, 24), (24, 4, 2, 24), (24, 4, 2, 24), (24, 4, 2, 24), (24, 4, 4, 24), (24, 4, 2, 24), (24, 4, 2, 24), (24, 4, 2, 24), (24, 4, 2, 8), (8, 4, 2, 1)].
- Lh leg dimensions: [(1, 4, 4, 16), (16, 4, 4, 150), (150, 4, 4, 150), (150, 4, 4, 150), (150, 4, 4, 150), (150, 4, 4, 150), (150, 4, 4, 150), (150, 4, 4, 150), (150, 4, 4, 150), (150, 4, 4, 16), (16, 4, 4, 1)].
- Rh leg dimensions: [(1, 2, 2, 3), (3, 2, 2, 8), (8, 2, 2, 3), (3, 2, 2, 8), (8, 2, 2, 3), (3, 4, 4, 9), (9, 2, 2, 3), (3, 2, 2, 8), (8, 2, 2, 3), (3, 2, 2, 4), (4, 2, 2, 1)].
-> E = <Lh|CC*> + <ALhAL*|CC*|ARhAR*> + <CC*|Rh> = 1.7242978997718212 + -0.0904241255139848 + 0.516865902806768 = 2.1507396770646046.
ColumnDMRG performed 3 sweeps.
- C_updated leg dimensions: [(1, 4, 2, 8), (8, 4, 2, 24), (24, 4, 2, 24), (24, 4, 2, 24), (24, 4, 2, 24), (24, 4, 4, 24), (24, 4, 2, 24), (24, 4, 2, 24), (24, 4, 2, 24), (24, 4, 2, 8), (8, 4, 2, 1)].
- largest Hermiticity error: 4.111953477679129e-07.
- maximal number of matvec operations: 51.
-> E_updated = 2.06138138226894.
BoundaryCompression performed 3 sweeps.
Orthogonality column 9:
- C leg dimensions: [(1, 4, 2, 8), (8, 4, 4, 24), (24, 4, 2, 24), (24, 4, 4, 24), (24, 4, 4, 24), (24, 4, 4, 24), (24, 4, 4, 24), (24, 4, 2, 24), (24, 4, 4, 24), (24, 4, 2, 8), (8, 4, 4, 1)].
- Lh leg dimensions: [(1, 4, 4, 16), (16, 4, 4, 150), (150, 4, 4, 150), (150, 4, 4, 150), (150, 4, 4, 150), (150, 4, 4, 150), (150, 4, 4, 150), (150, 4, 4, 150), (150, 4, 4, 150), (150, 4, 4, 16), (16, 4, 4, 1)].
- Rh leg dimensions: [(1, 2, 2, 4), (4, 4, 4, 8), (8, 2, 2, 29), (29, 4, 4, 8), (8, 4, 4, 80), (80, 4, 4, 13), (13, 4, 4, 29), (29, 2, 2, 8), (8, 4, 4, 29), (29, 2, 2, 8), (8, 4, 4, 1)].
-> E = <Lh|CC*> + <ALhAL*|CC*|ARhAR*> + <CC*|Rh> = 1.7035294580809852 + -0.090371207157576 + 0.4136086603804426 = 2.026766911303852.
ColumnDMRG performed 3 sweeps.
- C_updated leg dimensions: [(1, 4, 2, 8), (8, 4, 4, 24), (24, 4, 2, 24), (24, 4, 4, 24), (24, 4, 4, 24), (24, 4, 4, 24), (24, 4, 4, 24), (24, 4, 2, 24), (24, 4, 4, 24), (24, 4, 2, 16), (16, 4, 4, 1)].
- largest Hermiticity error: 2.2828975813383793e-08.
- maximal number of matvec operations: 51.
-> E_updated = 1.9169674689628537.
BoundaryCompression performed 3 sweeps.
Orthogonality column 8:
- C leg dimensions: [(1, 4, 4, 8), (8, 4, 4, 24), (24, 4, 4, 24), (24, 4, 4, 24), (24, 4, 4, 24), (24, 4, 4, 24), (24, 4, 4, 24), (24, 4, 4, 24), (24, 4, 4, 24), (24, 4, 4, 16), (16, 4, 4, 1)].
- Lh leg dimensions: [(1, 4, 4, 16), (16, 4, 4, 150), (150, 4, 4, 150), (150, 4, 4, 150), (150, 4, 4, 150), (150, 4, 4, 150), (150, 4, 4, 150), (150, 4, 4, 150), (150, 4, 4, 150), (150, 4, 4, 16), (16, 4, 4, 1)].
- Rh leg dimensions: [(1, 4, 4, 9), (9, 4, 4, 80), (80, 4, 4, 32), (32, 4, 4, 150), (150, 4, 4, 81), (81, 4, 4, 150), (150, 4, 4, 33), (33, 4, 4, 150), (150, 4, 4, 32), (32, 4, 4, 16), (16, 4, 4, 1)].
-> E = <Lh|CC*> + <ALhAL*|CC*|ARhAR*> + <CC*|Rh> = 1.643256133962161 + -0.08023714064812018 + 0.30208753390740045 = 1.8651065272214413.
ColumnDMRG performed 3 sweeps.
- C_updated leg dimensions: [(1, 4, 4, 16), (16, 4, 4, 24), (24, 4, 4, 24), (24, 4, 4, 24), (24, 4, 4, 24), (24, 4, 4, 24), (24, 4, 4, 24), (24, 4, 4, 24), (24, 4, 4, 24), (24, 4, 4, 16), (16, 4, 4, 1)].
- largest Hermiticity error: 3.786546192884376e-08.
- maximal number of matvec operations: 51.
-> E_updated = 1.6664412811004419.
BoundaryCompression performed 3 sweeps.
Orthogonality column 7:
- C leg dimensions: [(1, 4, 4, 16), (16, 4, 4, 24), (24, 4, 4, 24), (24, 4, 4, 24), (24, 4, 4, 24), (24, 4, 4, 24), (24, 4, 4, 24), (24, 4, 4, 24), (24, 4, 4, 24), (24, 4, 4, 16), (16, 4, 4, 1)].
- Lh leg dimensions: [(1, 4, 4, 16), (16, 4, 4, 150), (150, 4, 4, 150), (150, 4, 4, 150), (150, 4, 4, 150), (150, 4, 4, 150), (150, 4, 4, 150), (150, 4, 4, 150), (150, 4, 4, 150), (150, 4, 4, 16), (16, 4, 4, 1)].
- Rh leg dimensions: [(1, 4, 4, 16), (16, 4, 4, 94), (94, 4, 4, 150), (150, 4, 4, 150), (150, 4, 4, 150), (150, 4, 4, 150), (150, 4, 4, 150), (150, 4, 4, 150), (150, 4, 4, 150), (150, 4, 4, 16), (16, 4, 4, 1)].
-> E = <Lh|CC*> + <ALhAL*|CC*|ARhAR*> + <CC*|Rh> = 1.1114424056040944 + 0.3878948020432587 + 0.17117451079657992 = 1.6705117184439329.
ColumnDMRG performed 3 sweeps.
- C_updated leg dimensions: [(1, 4, 4, 16), (16, 4, 4, 24), (24, 4, 4, 24), (24, 4, 4, 24), (24, 4, 4, 24), (24, 4, 4, 24), (24, 4, 4, 24), (24, 4, 4, 24), (24, 4, 4, 24), (24, 4, 4, 16), (16, 4, 4, 1)].
- largest Hermiticity error: 9.51910557118368e-11.
- maximal number of matvec operations: 51.
-> E_updated = 1.1924686302865413.
BoundaryCompression performed 3 sweeps.
Orthogonality column 6:
- C leg dimensions: [(1, 4, 4, 16), (16, 4, 4, 24), (24, 4, 4, 24), (24, 4, 4, 24), (24, 4, 4, 24), (24, 4, 4, 24), (24, 4, 4, 24), (24, 4, 4, 24), (24, 4, 4, 24), (24, 4, 4, 16), (16, 4, 4, 1)].
- Lh leg dimensions: [(1, 4, 4, 16), (16, 4, 4, 150), (150, 4, 4, 150), (150, 4, 4, 150), (150, 4, 4, 150), (150, 4, 4, 150), (150, 4, 4, 150), (150, 4, 4, 150), (150, 4, 4, 150), (150, 4, 4, 16), (16, 4, 4, 1)].
- Rh leg dimensions: [(1, 4, 4, 16), (16, 4, 4, 150), (150, 4, 4, 150), (150, 4, 4, 150), (150, 4, 4, 150), (150, 4, 4, 150), (150, 4, 4, 150), (150, 4, 4, 150), (150, 4, 4, 150), (150, 4, 4, 16), (16, 4, 4, 1)].
-> E = <Lh|CC*> + <ALhAL*|CC*|ARhAR*> + <CC*|Rh> = 0.6582497965286669 + 0.4362607759760334 + 0.10011219617208761 = 1.1946227686767878.
ColumnDMRG performed 3 sweeps.
- C_updated leg dimensions: [(1, 4, 4, 16), (16, 4, 4, 24), (24, 4, 4, 24), (24, 4, 4, 24), (24, 4, 4, 24), (24, 4, 4, 24), (24, 4, 4, 24), (24, 4, 4, 24), (24, 4, 4, 24), (24, 4, 4, 16), (16, 4, 4, 1)].
- largest Hermiticity error: 8.40346119111051e-09.
- maximal number of matvec operations: 61.
-> E_updated = 0.7817173845802812.
BoundaryCompression performed 3 sweeps.
Orthogonality column 5:
- C leg dimensions: [(1, 4, 4, 16), (16, 4, 4, 24), (24, 4, 4, 24), (24, 4, 4, 24), (24, 4, 4, 24), (24, 4, 4, 24), (24, 4, 4, 24), (24, 4, 4, 24), (24, 4, 4, 24), (24, 4, 4, 16), (16, 4, 4, 1)].
- Lh leg dimensions: [(1, 4, 4, 16), (16, 4, 4, 150), (150, 4, 4, 150), (150, 4, 4, 150), (150, 4, 4, 150), (150, 4, 4, 150), (150, 4, 4, 150), (150, 4, 4, 150), (150, 4, 4, 96), (96, 4, 4, 16), (16, 4, 4, 1)].
- Rh leg dimensions: [(1, 4, 4, 16), (16, 4, 4, 150), (150, 4, 4, 150), (150, 4, 4, 150), (150, 4, 4, 150), (150, 4, 4, 150), (150, 4, 4, 150), (150, 4, 4, 150), (150, 4, 4, 150), (150, 4, 4, 16), (16, 4, 4, 1)].
-> E = <Lh|CC*> + <ALhAL*|CC*|ARhAR*> + <CC*|Rh> = 0.26170498639285017 + 0.34908678233451734 + 0.15476344933664643 = 0.7655552180640139.
ColumnDMRG performed 3 sweeps.
- C_updated leg dimensions: [(1, 4, 4, 16), (16, 4, 4, 24), (24, 4, 4, 24), (24, 4, 4, 24), (24, 4, 4, 24), (24, 4, 4, 24), (24, 4, 4, 24), (24, 4, 4, 24), (24, 4, 4, 24), (24, 4, 4, 16), (16, 4, 4, 1)].
- largest Hermiticity error: 8.081819334050506e-09.
- maximal number of matvec operations: 61.
-> E_updated = 0.26636247675421376.
BoundaryCompression performed 3 sweeps.
Orthogonality column 4:
- C leg dimensions: [(1, 4, 4, 16), (16, 4, 4, 24), (24, 4, 4, 24), (24, 4, 4, 24), (24, 4, 4, 24), (24, 4, 4, 24), (24, 4, 4, 24), (24, 4, 4, 24), (24, 4, 4, 24), (24, 4, 4, 16), (16, 4, 4, 1)].
- Lh leg dimensions: [(1, 4, 4, 16), (16, 4, 4, 32), (32, 4, 4, 150), (150, 4, 4, 32), (32, 4, 4, 150), (150, 4, 4, 80), (80, 4, 4, 150), (150, 4, 4, 32), (32, 4, 4, 80), (80, 4, 4, 9), (9, 4, 4, 1)].
- Rh leg dimensions: [(1, 4, 4, 16), (16, 4, 4, 150), (150, 4, 4, 150), (150, 4, 4, 150), (150, 4, 4, 150), (150, 4, 4, 150), (150, 4, 4, 150), (150, 4, 4, 150), (150, 4, 4, 150), (150, 4, 4, 16), (16, 4, 4, 1)].
-> E = <Lh|CC*> + <ALhAL*|CC*|ARhAR*> + <CC*|Rh> = 0.20763373349197756 + 0.04730628113935527 + 0.012749595931712767 = 0.2676896105630456.
ColumnDMRG performed 3 sweeps.
- C_updated leg dimensions: [(1, 4, 4, 16), (16, 4, 4, 24), (24, 4, 4, 24), (24, 4, 4, 24), (24, 4, 4, 24), (24, 4, 4, 24), (24, 4, 4, 24), (24, 4, 4, 24), (24, 4, 4, 24), (24, 4, 4, 16), (16, 4, 4, 1)].
- largest Hermiticity error: 2.8606975582501223e-09.
- maximal number of matvec operations: 71.
-> E_updated = 0.08912929930775729.
BoundaryCompression performed 3 sweeps.
Orthogonality column 3:
- C leg dimensions: [(1, 4, 4, 16), (16, 2, 4, 24), (24, 4, 4, 24), (24, 2, 4, 24), (24, 4, 4, 24), (24, 4, 4, 24), (24, 4, 4, 24), (24, 4, 4, 24), (24, 2, 4, 24), (24, 4, 4, 8), (8, 2, 4, 1)].
- Lh leg dimensions: [(1, 4, 4, 8), (8, 2, 2, 29), (29, 4, 4, 8), (8, 2, 2, 29), (29, 4, 4, 13), (13, 4, 4, 80), (80, 4, 4, 8), (8, 4, 4, 29), (29, 2, 2, 8), (8, 4, 4, 4), (4, 2, 2, 1)].
- Rh leg dimensions: [(1, 4, 4, 16), (16, 4, 4, 150), (150, 4, 4, 150), (150, 4, 4, 150), (150, 4, 4, 150), (150, 4, 4, 150), (150, 4, 4, 150), (150, 4, 4, 150), (150, 4, 4, 150), (150, 4, 4, 16), (16, 4, 4, 1)].
-> E = <Lh|CC*> + <ALhAL*|CC*|ARhAR*> + <CC*|Rh> = 0.24591129460394662 + -0.08875000106911243 + -0.04454025366647824 = 0.11262103986835595.
ColumnDMRG performed 3 sweeps.
- C_updated leg dimensions: [(1, 4, 4, 16), (16, 2, 4, 24), (24, 4, 4, 24), (24, 2, 4, 24), (24, 4, 4, 24), (24, 4, 4, 24), (24, 4, 4, 24), (24, 4, 4, 24), (24, 2, 4, 24), (24, 4, 4, 8), (8, 2, 4, 1)].
- largest Hermiticity error: 3.198942569864836e-09.
- maximal number of matvec operations: 71.
-> E_updated = 0.07272806480681665.
BoundaryCompression performed 3 sweeps.
Orthogonality column 2:
- C leg dimensions: [(1, 2, 4, 8), (8, 2, 4, 24), (24, 2, 4, 24), (24, 2, 4, 24), (24, 2, 4, 24), (24, 4, 4, 24), (24, 2, 4, 24), (24, 2, 4, 24), (24, 2, 4, 24), (24, 2, 4, 8), (8, 2, 4, 1)].
- Lh leg dimensions: [(1, 2, 2, 4), (4, 2, 2, 3), (3, 2, 2, 8), (8, 2, 2, 3), (3, 2, 2, 9), (9, 4, 4, 3), (3, 2, 2, 8), (8, 2, 2, 3), (3, 2, 2, 8), (8, 2, 2, 3), (3, 2, 2, 1)].
- Rh leg dimensions: [(1, 4, 4, 16), (16, 4, 4, 150), (150, 4, 4, 150), (150, 4, 4, 150), (150, 4, 4, 150), (150, 4, 4, 150), (150, 4, 4, 150), (150, 4, 4, 150), (150, 4, 4, 150), (150, 4, 4, 16), (16, 4, 4, 1)].
-> E = <Lh|CC*> + <ALhAL*|CC*|ARhAR*> + <CC*|Rh> = 0.39627826327798543 + -0.1632792018179316 + -0.1345883144199927 = 0.09841074704006114.
ColumnDMRG performed 3 sweeps.
- C_updated leg dimensions: [(1, 2, 4, 8), (8, 2, 4, 24), (24, 2, 4, 24), (24, 2, 4, 24), (24, 2, 4, 24), (24, 4, 4, 24), (24, 2, 4, 24), (24, 2, 4, 24), (24, 2, 4, 24), (24, 2, 4, 8), (8, 2, 4, 1)].
- largest Hermiticity error: 3.835916738648918e-07.
- maximal number of matvec operations: 61.
-> E_updated = 0.09390616901729903.
BoundaryCompression performed 3 sweeps.
Orthogonality column 1:
- C leg dimensions: [(1, 2, 4, 8), (8, 1, 4, 24), (24, 2, 4, 24), (24, 1, 4, 24), (24, 2, 4, 24), (24, 2, 4, 24), (24, 1, 4, 24), (24, 2, 4, 24), (24, 1, 4, 24), (24, 2, 4, 4), (4, 1, 4, 1)].
- Rh leg dimensions: [(1, 4, 4, 16), (16, 4, 4, 150), (150, 4, 4, 150), (150, 4, 4, 150), (150, 4, 4, 150), (150, 4, 4, 150), (150, 4, 4, 150), (150, 4, 4, 150), (150, 4, 4, 150), (150, 4, 4, 16), (16, 4, 4, 1)].
-> E = <Lh|CC*> + <ALhAL*|CC*|ARhAR*> + <CC*|Rh> = None + 0.39693507251314336 + -0.28262892594357 = 0.11430614656957339.
ColumnDMRG performed 3 sweeps.
- C_updated leg dimensions: [(1, 2, 4, 8), (8, 1, 4, 24), (24, 2, 4, 24), (24, 1, 4, 24), (24, 2, 4, 24), (24, 2, 4, 24), (24, 1, 4, 24), (24, 2, 4, 24), (24, 1, 4, 24), (24, 2, 4, 4), (4, 1, 4, 1)].
- largest Hermiticity error: 3.641975790085942e-07.
- maximal number of matvec operations: 61.
-> E_updated = 0.10878325148160486.
BoundaryCompression performed 3 sweeps.
Orthogonality column 0:
- C leg dimensions: [(1, 1, 4, 4), (4, 1, 4, 16), (16, 1, 4, 24), (24, 1, 4, 24), (24, 1, 4, 24), (24, 1, 4, 24), (24, 1, 4, 24), (24, 1, 4, 24), (24, 1, 4, 24), (24, 1, 4, 4), (4, 1, 4, 1)].
- Rh leg dimensions: [(1, 4, 4, 16), (16, 4, 4, 150), (150, 4, 4, 150), (150, 4, 4, 150), (150, 4, 4, 150), (150, 4, 4, 150), (150, 4, 4, 150), (150, 4, 4, 150), (150, 4, 4, 150), (150, 4, 4, 16), (16, 4, 4, 1)].
-> E = <Lh|CC*> + <ALhAL*|CC*|ARhAR*> + <CC*|Rh> = None + None + 0.11979724045621386 = 0.11979724045621386.
ColumnDMRG performed 3 sweeps.
- C_updated leg dimensions: [(1, 1, 4, 4), (4, 1, 4, 16), (16, 1, 4, 24), (24, 1, 4, 24), (24, 1, 4, 24), (24, 1, 4, 24), (24, 1, 4, 24), (24, 1, 4, 24), (24, 1, 4, 16), (16, 1, 4, 4), (4, 1, 4, 1)].
- largest Hermiticity error: 5.035458325214621e-07.
- maximal number of matvec operations: 51.
-> E_updated = 0.11188306105968408.
DMRGSquared performed 1 sweeps.
=> <H> - E0 = 0.0921113058368519.

DMRGSquared sweep 2 ...
Orthogonality column 0:
- C leg dimensions: [(1, 1, 4, 4), (4, 1, 4, 16), (16, 1, 4, 24), (24, 1, 4, 24), (24, 1, 4, 24), (24, 1, 4, 24), (24, 1, 4, 24), (24, 1, 4, 24), (24, 1, 4, 16), (16, 1, 4, 4), (4, 1, 4, 1)].
- Rh leg dimensions: [(1, 4, 4, 16), (16, 4, 4, 150), (150, 4, 4, 150), (150, 4, 4, 150), (150, 4, 4, 150), (150, 4, 4, 150), (150, 4, 4, 150), (150, 4, 4, 150), (150, 4, 4, 150), (150, 4, 4, 16), (16, 4, 4, 1)].
-> E = <Lh|CC*> + <ALhAL*|CC*|ARhAR*> + <CC*|Rh> = None + None + 0.11188306105962151 = 0.11188306105962151.
ColumnDMRG performed 3 sweeps.
- C_updated leg dimensions: [(1, 1, 4, 4), (4, 1, 4, 16), (16, 1, 4, 24), (24, 1, 4, 24), (24, 1, 4, 24), (24, 1, 4, 24), (24, 1, 4, 24), (24, 1, 4, 24), (24, 1, 4, 16), (16, 1, 4, 4), (4, 1, 4, 1)].
- largest Hermiticity error: 5.398948484925471e-07.
- maximal number of matvec operations: 51.
-> E_updated = 0.11188306099296992.
Orthogonality column 1:
- C leg dimensions: [(1, 2, 4, 4), (4, 1, 4, 16), (16, 2, 4, 24), (24, 1, 4, 24), (24, 2, 4, 24), (24, 2, 4, 24), (24, 1, 4, 24), (24, 2, 4, 24), (24, 1, 4, 16), (16, 2, 4, 4), (4, 1, 4, 1)].
- Rh leg dimensions: [(1, 4, 4, 16), (16, 4, 4, 150), (150, 4, 4, 150), (150, 4, 4, 150), (150, 4, 4, 150), (150, 4, 4, 150), (150, 4, 4, 150), (150, 4, 4, 150), (150, 4, 4, 150), (150, 4, 4, 16), (16, 4, 4, 1)].
-> E = <Lh|CC*> + <ALhAL*|CC*|ARhAR*> + <CC*|Rh> = None + 0.3990886725932588 + -0.2735597456273212 = 0.1255289269659376.
ColumnDMRG performed 3 sweeps.
- C_updated leg dimensions: [(1, 2, 4, 8), (8, 1, 4, 24), (24, 2, 4, 24), (24, 1, 4, 24), (24, 2, 4, 24), (24, 2, 4, 24), (24, 1, 4, 24), (24, 2, 4, 24), (24, 1, 4, 24), (24, 2, 4, 4), (4, 1, 4, 1)].
- largest Hermiticity error: 4.224703151619422e-07.
- maximal number of matvec operations: 61.
-> E_updated = 0.1087832528113395.
BoundaryCompression performed 3 sweeps.
Orthogonality column 2:
- C leg dimensions: [(1, 2, 4, 8), (8, 2, 4, 24), (24, 2, 4, 24), (24, 2, 4, 24), (24, 2, 4, 24), (24, 4, 4, 24), (24, 2, 4, 24), (24, 2, 4, 24), (24, 2, 4, 24), (24, 2, 4, 4), (4, 2, 4, 1)].
- Lh leg dimensions: [(1, 2, 2, 4), (4, 2, 2, 3), (3, 2, 2, 8), (8, 2, 2, 3), (3, 2, 2, 9), (9, 4, 4, 3), (3, 2, 2, 8), (8, 2, 2, 3), (3, 2, 2, 8), (8, 2, 2, 3), (3, 2, 2, 1)].
- Rh leg dimensions: [(1, 4, 4, 16), (16, 4, 4, 150), (150, 4, 4, 150), (150, 4, 4, 150), (150, 4, 4, 150), (150, 4, 4, 150), (150, 4, 4, 150), (150, 4, 4, 150), (150, 4, 4, 150), (150, 4, 4, 16), (16, 4, 4, 1)].
-> E = <Lh|CC*> + <ALhAL*|CC*|ARhAR*> + <CC*|Rh> = 0.39593238799705166 + -0.16050506713757956 + -0.12444751599236409 = 0.11097980486710801.
ColumnDMRG performed 3 sweeps.
- C_updated leg dimensions: [(1, 2, 4, 8), (8, 2, 4, 24), (24, 2, 4, 24), (24, 2, 4, 24), (24, 2, 4, 24), (24, 4, 4, 24), (24, 2, 4, 24), (24, 2, 4, 24), (24, 2, 4, 24), (24, 2, 4, 8), (8, 2, 4, 1)].
- largest Hermiticity error: 3.2829753598346354e-07.
- maximal number of matvec operations: 61.
-> E_updated = 0.09363500394229031.
BoundaryCompression performed 3 sweeps.
Orthogonality column 3:
- C leg dimensions: [(1, 4, 4, 8), (8, 2, 4, 24), (24, 4, 4, 24), (24, 2, 4, 24), (24, 4, 4, 24), (24, 4, 4, 24), (24, 4, 4, 24), (24, 4, 4, 24), (24, 2, 4, 24), (24, 4, 4, 8), (8, 2, 4, 1)].
- Lh leg dimensions: [(1, 4, 4, 8), (8, 2, 2, 29), (29, 4, 4, 8), (8, 2, 2, 29), (29, 4, 4, 13), (13, 4, 4, 80), (80, 4, 4, 8), (8, 4, 4, 29), (29, 2, 2, 8), (8, 4, 4, 4), (4, 2, 2, 1)].
- Rh leg dimensions: [(1, 4, 4, 16), (16, 4, 4, 150), (150, 4, 4, 150), (150, 4, 4, 150), (150, 4, 4, 150), (150, 4, 4, 150), (150, 4, 4, 150), (150, 4, 4, 150), (150, 4, 4, 150), (150, 4, 4, 16), (16, 4, 4, 1)].
-> E = <Lh|CC*> + <ALhAL*|CC*|ARhAR*> + <CC*|Rh> = 0.23132096093424753 + -0.11254321704790539 + -0.03108135341574185 = 0.0876963904706003.
ColumnDMRG performed 3 sweeps.
- C_updated leg dimensions: [(1, 4, 4, 16), (16, 2, 4, 24), (24, 4, 4, 24), (24, 2, 4, 24), (24, 4, 4, 24), (24, 4, 4, 24), (24, 4, 4, 24), (24, 4, 4, 24), (24, 2, 4, 24), (24, 4, 4, 8), (8, 2, 4, 1)].
- largest Hermiticity error: 4.929709076405339e-09.
- maximal number of matvec operations: 71.
-> E_updated = 0.07049079306987194.
BoundaryCompression performed 3 sweeps.
Orthogonality column 4:
- C leg dimensions: [(1, 4, 4, 16), (16, 4, 4, 24), (24, 4, 4, 24), (24, 4, 4, 24), (24, 4, 4, 24), (24, 4, 4, 24), (24, 4, 4, 24), (24, 4, 4, 24), (24, 4, 4, 24), (24, 4, 4, 8), (8, 4, 4, 1)].
- Lh leg dimensions: [(1, 4, 4, 16), (16, 4, 4, 32), (32, 4, 4, 150), (150, 4, 4, 33), (33, 4, 4, 150), (150, 4, 4, 80), (80, 4, 4, 150), (150, 4, 4, 32), (32, 4, 4, 80), (80, 4, 4, 9), (9, 4, 4, 1)].
- Rh leg dimensions: [(1, 4, 4, 16), (16, 4, 4, 150), (150, 4, 4, 150), (150, 4, 4, 150), (150, 4, 4, 150), (150, 4, 4, 150), (150, 4, 4, 150), (150, 4, 4, 150), (150, 4, 4, 150), (150, 4, 4, 16), (16, 4, 4, 1)].
-> E = <Lh|CC*> + <ALhAL*|CC*|ARhAR*> + <CC*|Rh> = 0.1154085580193592 + -0.0959504686073409 + 0.04291174812481086 = 0.06236983753682917.
ColumnDMRG performed 3 sweeps.
- C_updated leg dimensions: [(1, 4, 4, 16), (16, 4, 4, 24), (24, 4, 4, 24), (24, 4, 4, 24), (24, 4, 4, 24), (24, 4, 4, 24), (24, 4, 4, 24), (24, 4, 4, 24), (24, 4, 4, 24), (24, 4, 4, 16), (16, 4, 4, 1)].
- largest Hermiticity error: 4.463184350437184e-09.
- maximal number of matvec operations: 71.
-> E_updated = 0.045795174685197115.
BoundaryCompression performed 3 sweeps.
Orthogonality column 5:
- C leg dimensions: [(1, 4, 4, 16), (16, 4, 4, 24), (24, 4, 4, 24), (24, 4, 4, 24), (24, 4, 4, 24), (24, 4, 4, 24), (24, 4, 4, 24), (24, 4, 4, 24), (24, 4, 4, 24), (24, 4, 4, 16), (16, 4, 4, 1)].
- Lh leg dimensions: [(1, 4, 4, 16), (16, 4, 4, 150), (150, 4, 4, 150), (150, 4, 4, 150), (150, 4, 4, 150), (150, 4, 4, 150), (150, 4, 4, 150), (150, 4, 4, 150), (150, 4, 4, 84), (84, 4, 4, 16), (16, 4, 4, 1)].
- Rh leg dimensions: [(1, 4, 4, 16), (16, 4, 4, 150), (150, 4, 4, 150), (150, 4, 4, 150), (150, 4, 4, 150), (150, 4, 4, 150), (150, 4, 4, 150), (150, 4, 4, 150), (150, 4, 4, 150), (150, 4, 4, 16), (16, 4, 4, 1)].
-> E = <Lh|CC*> + <ALhAL*|CC*|ARhAR*> + <CC*|Rh> = 0.018145695539402474 + -0.09093836297939989 + 0.12207183584818998 = 0.04927916840819256.
ColumnDMRG performed 3 sweeps.
- C_updated leg dimensions: [(1, 4, 4, 16), (16, 4, 4, 24), (24, 4, 4, 24), (24, 4, 4, 24), (24, 4, 4, 24), (24, 4, 4, 24), (24, 4, 4, 24), (24, 4, 4, 24), (24, 4, 4, 24), (24, 4, 4, 16), (16, 4, 4, 1)].
- largest Hermiticity error: 8.183638062821358e-09.
- maximal number of matvec operations: 71.
-> E_updated = 0.03564526031104305.
BoundaryCompression performed 3 sweeps.
Orthogonality column 6:
- C leg dimensions: [(1, 4, 4, 16), (16, 4, 4, 24), (24, 4, 4, 24), (24, 4, 4, 24), (24, 4, 4, 24), (24, 4, 4, 24), (24, 4, 4, 24), (24, 4, 4, 24), (24, 4, 4, 24), (24, 4, 4, 16), (16, 4, 4, 1)].
- Lh leg dimensions: [(1, 4, 4, 16), (16, 4, 4, 150), (150, 4, 4, 150), (150, 4, 4, 150), (150, 4, 4, 150), (150, 4, 4, 150), (150, 4, 4, 150), (150, 4, 4, 150), (150, 4, 4, 150), (150, 4, 4, 16), (16, 4, 4, 1)].
- Rh leg dimensions: [(1, 4, 4, 16), (16, 4, 4, 150), (150, 4, 4, 150), (150, 4, 4, 150), (150, 4, 4, 150), (150, 4, 4, 150), (150, 4, 4, 150), (150, 4, 4, 150), (150, 4, 4, 150), (150, 4, 4, 16), (16, 4, 4, 1)].
-> E = <Lh|CC*> + <ALhAL*|CC*|ARhAR*> + <CC*|Rh> = -0.07064964891592133 + -0.07822150200805061 + 0.18674144226522554 = 0.03787029134125358.
ColumnDMRG performed 3 sweeps.
- C_updated leg dimensions: [(1, 4, 4, 16), (16, 4, 4, 24), (24, 4, 4, 24), (24, 4, 4, 24), (24, 4, 4, 24), (24, 4, 4, 24), (24, 4, 4, 24), (24, 4, 4, 24), (24, 4, 4, 24), (24, 4, 4, 16), (16, 4, 4, 1)].
- largest Hermiticity error: 1.4905708650435403e-08.
- maximal number of matvec operations: 71.
-> E_updated = 0.019053883714600227.
BoundaryCompression performed 3 sweeps.
Orthogonality column 7:
- C leg dimensions: [(1, 4, 4, 16), (16, 4, 4, 24), (24, 4, 4, 24), (24, 4, 4, 24), (24, 4, 4, 24), (24, 4, 4, 24), (24, 4, 4, 24), (24, 4, 4, 24), (24, 4, 4, 24), (24, 4, 4, 16), (16, 4, 4, 1)].
- Lh leg dimensions: [(1, 4, 4, 16), (16, 4, 4, 150), (150, 4, 4, 150), (150, 4, 4, 150), (150, 4, 4, 150), (150, 4, 4, 150), (150, 4, 4, 150), (150, 4, 4, 150), (150, 4, 4, 150), (150, 4, 4, 16), (16, 4, 4, 1)].
- Rh leg dimensions: [(1, 4, 4, 16), (16, 4, 4, 94), (94, 4, 4, 150), (150, 4, 4, 150), (150, 4, 4, 150), (150, 4, 4, 150), (150, 4, 4, 150), (150, 4, 4, 150), (150, 4, 4, 150), (150, 4, 4, 16), (16, 4, 4, 1)].
-> E = <Lh|CC*> + <ALhAL*|CC*|ARhAR*> + <CC*|Rh> = -0.14985475060585443 + -0.08264958322316926 + 0.25851983761939723 = 0.02601550379037354.
ColumnDMRG performed 3 sweeps.
- C_updated leg dimensions: [(1, 4, 4, 16), (16, 4, 4, 24), (24, 4, 4, 24), (24, 4, 4, 24), (24, 4, 4, 24), (24, 4, 4, 24), (24, 4, 4, 24), (24, 4, 4, 24), (24, 4, 4, 24), (24, 4, 4, 16), (16, 4, 4, 1)].
- largest Hermiticity error: 1.2642604035767835e-13.
- maximal number of matvec operations: 81.
-> E_updated = 0.019275055497590097.
BoundaryCompression performed 3 sweeps.
Orthogonality column 8:
- C leg dimensions: [(1, 4, 4, 16), (16, 4, 4, 24), (24, 4, 4, 24), (24, 4, 4, 24), (24, 4, 4, 24), (24, 4, 4, 24), (24, 4, 4, 24), (24, 4, 4, 24), (24, 4, 4, 24), (24, 4, 4, 16), (16, 4, 4, 1)].
- Lh leg dimensions: [(1, 4, 4, 16), (16, 4, 4, 150), (150, 4, 4, 150), (150, 4, 4, 150), (150, 4, 4, 150), (150, 4, 4, 150), (150, 4, 4, 150), (150, 4, 4, 150), (150, 4, 4, 150), (150, 4, 4, 16), (16, 4, 4, 1)].
- Rh leg dimensions: [(1, 4, 4, 9), (9, 4, 4, 80), (80, 4, 4, 32), (32, 4, 4, 150), (150, 4, 4, 81), (81, 4, 4, 150), (150, 4, 4, 33), (33, 4, 4, 150), (150, 4, 4, 32), (32, 4, 4, 16), (16, 4, 4, 1)].
-> E = <Lh|CC*> + <ALhAL*|CC*|ARhAR*> + <CC*|Rh> = -0.22699277778269752 + -0.08630265372702207 + 0.3411444096136209 = 0.0278489781039013.
ColumnDMRG performed 3 sweeps.
- C_updated leg dimensions: [(1, 4, 4, 16), (16, 4, 4, 24), (24, 4, 4, 24), (24, 4, 4, 24), (24, 4, 4, 24), (24, 4, 4, 24), (24, 4, 4, 24), (24, 4, 4, 24), (24, 4, 4, 24), (24, 4, 4, 16), (16, 4, 4, 1)].
- largest Hermiticity error: 9.247794411609286e-12.
- maximal number of matvec operations: 71.
-> E_updated = 0.022966392002804016.
BoundaryCompression performed 3 sweeps.
Orthogonality column 9:
- C leg dimensions: [(1, 4, 2, 16), (16, 4, 4, 24), (24, 4, 2, 24), (24, 4, 4, 24), (24, 4, 4, 24), (24, 4, 4, 24), (24, 4, 4, 24), (24, 4, 2, 24), (24, 4, 4, 24), (24, 4, 2, 16), (16, 4, 4, 1)].
- Lh leg dimensions: [(1, 4, 4, 16), (16, 4, 4, 150), (150, 4, 4, 150), (150, 4, 4, 150), (150, 4, 4, 150), (150, 4, 4, 150), (150, 4, 4, 150), (150, 4, 4, 150), (150, 4, 4, 150), (150, 4, 4, 16), (16, 4, 4, 1)].
- Rh leg dimensions: [(1, 2, 2, 4), (4, 4, 4, 8), (8, 2, 2, 29), (29, 4, 4, 8), (8, 4, 4, 80), (80, 4, 4, 13), (13, 4, 4, 29), (29, 2, 2, 8), (8, 4, 4, 29), (29, 2, 2, 8), (8, 4, 4, 1)].
-> E = <Lh|CC*> + <ALhAL*|CC*|ARhAR*> + <CC*|Rh> = -0.30489607770799554 + -0.09261787000652173 + 0.43209605776566445 = 0.0345821100511472.
ColumnDMRG performed 3 sweeps.
- C_updated leg dimensions: [(1, 4, 2, 8), (8, 4, 4, 24), (24, 4, 2, 24), (24, 4, 4, 24), (24, 4, 4, 24), (24, 4, 4, 24), (24, 4, 4, 24), (24, 4, 2, 24), (24, 4, 4, 24), (24, 4, 2, 16), (16, 4, 4, 1)].
- largest Hermiticity error: 2.2166368271347552e-10.
- maximal number of matvec operations: 71.
-> E_updated = 0.030105953294276393.
BoundaryCompression performed 3 sweeps.
Orthogonality column 10:
- C leg dimensions: [(1, 4, 2, 8), (8, 4, 2, 24), (24, 4, 2, 24), (24, 4, 2, 24), (24, 4, 2, 24), (24, 4, 4, 24), (24, 4, 2, 24), (24, 4, 2, 24), (24, 4, 2, 24), (24, 4, 2, 16), (16, 4, 2, 1)].
- Lh leg dimensions: [(1, 4, 4, 16), (16, 4, 4, 150), (150, 4, 4, 150), (150, 4, 4, 150), (150, 4, 4, 150), (150, 4, 4, 150), (150, 4, 4, 150), (150, 4, 4, 150), (150, 4, 4, 150), (150, 4, 4, 16), (16, 4, 4, 1)].
- Rh leg dimensions: [(1, 2, 2, 3), (3, 2, 2, 8), (8, 2, 2, 3), (3, 2, 2, 8), (8, 2, 2, 3), (3, 4, 4, 9), (9, 2, 2, 3), (3, 2, 2, 8), (8, 2, 2, 3), (3, 2, 2, 4), (4, 2, 2, 1)].
-> E = <Lh|CC*> + <ALhAL*|CC*|ARhAR*> + <CC*|Rh> = -0.3814995326653379 + -0.09933056058347081 + 0.5316192171732687 = 0.05078912392445989.
ColumnDMRG performed 3 sweeps.
- C_updated leg dimensions: [(1, 4, 2, 8), (8, 4, 2, 24), (24, 4, 2, 24), (24, 4, 2, 24), (24, 4, 2, 24), (24, 4, 4, 24), (24, 4, 2, 24), (24, 4, 2, 24), (24, 4, 2, 24), (24, 4, 2, 8), (8, 4, 2, 1)].
- largest Hermiticity error: 1.9085067383347438e-10.
- maximal number of matvec operations: 71.
-> E_updated = 0.04589342551038739.
BoundaryCompression performed 3 sweeps.
Orthogonality column 11:
- C leg dimensions: [(1, 4, 1, 8), (8, 4, 2, 24), (24, 4, 1, 24), (24, 4, 2, 24), (24, 4, 1, 24), (24, 4, 2, 24), (24, 4, 2, 24), (24, 4, 1, 24), (24, 4, 2, 24), (24, 4, 1, 8), (8, 4, 2, 1)].
- Lh leg dimensions: [(1, 4, 4, 16), (16, 4, 4, 150), (150, 4, 4, 150), (150, 4, 4, 150), (150, 4, 4, 150), (150, 4, 4, 150), (150, 4, 4, 150), (150, 4, 4, 150), (150, 4, 4, 150), (150, 4, 4, 16), (16, 4, 4, 1)].
-> E = <Lh|CC*> + <ALhAL*|CC*|ARhAR*> + <CC*|Rh> = -0.4598419244268855 + 0.5320839345458618 + None = 0.0722420101189763.
ColumnDMRG performed 3 sweeps.
- C_updated leg dimensions: [(1, 4, 1, 4), (4, 4, 2, 24), (24, 4, 1, 24), (24, 4, 2, 24), (24, 4, 1, 24), (24, 4, 2, 24), (24, 4, 2, 24), (24, 4, 1, 24), (24, 4, 2, 24), (24, 4, 1, 8), (8, 4, 2, 1)].
- largest Hermiticity error: 1.4686765882253352e-08.
- maximal number of matvec operations: 61.
-> E_updated = 0.06481619738994972.
BoundaryCompression performed 3 sweeps.
Orthogonality column 12:
- C leg dimensions: [(1, 4, 1, 4), (4, 4, 1, 16), (16, 4, 1, 24), (24, 4, 1, 24), (24, 4, 1, 24), (24, 4, 1, 24), (24, 4, 1, 24), (24, 4, 1, 24), (24, 4, 1, 24), (24, 4, 1, 8), (8, 4, 1, 1)].
- Lh leg dimensions: [(1, 4, 4, 16), (16, 4, 4, 150), (150, 4, 4, 150), (150, 4, 4, 150), (150, 4, 4, 150), (150, 4, 4, 150), (150, 4, 4, 150), (150, 4, 4, 150), (150, 4, 4, 150), (150, 4, 4, 16), (16, 4, 4, 1)].
-> E = <Lh|CC*> + <ALhAL*|CC*|ARhAR*> + <CC*|Rh> = 0.09669053192529078 + None + None = 0.09669053192529078.
ColumnDMRG performed 3 sweeps.
- C_updated leg dimensions: [(1, 4, 1, 4), (4, 4, 1, 16), (16, 4, 1, 24), (24, 4, 1, 24), (24, 4, 1, 24), (24, 4, 1, 24), (24, 4, 1, 24), (24, 4, 1, 24), (24, 4, 1, 16), (16, 4, 1, 4), (4, 4, 1, 1)].
- largest Hermiticity error: 1.1719647798185667e-08.
- maximal number of matvec operations: 51.
-> E_updated = 0.0874157214522106.
Orthogonality column 11:
- C leg dimensions: [(1, 4, 1, 4), (4, 4, 2, 16), (16, 4, 1, 24), (24, 4, 2, 24), (24, 4, 1, 24), (24, 4, 2, 24), (24, 4, 2, 24), (24, 4, 1, 24), (24, 4, 2, 16), (16, 4, 1, 4), (4, 4, 2, 1)].
- Lh leg dimensions: [(1, 4, 4, 16), (16, 4, 4, 150), (150, 4, 4, 150), (150, 4, 4, 150), (150, 4, 4, 150), (150, 4, 4, 150), (150, 4, 4, 150), (150, 4, 4, 150), (150, 4, 4, 150), (150, 4, 4, 16), (16, 4, 4, 1)].
-> E = <Lh|CC*> + <ALhAL*|CC*|ARhAR*> + <CC*|Rh> = -0.45203486027529216 + 0.5344687582311373 + None = 0.0824338979558451.
ColumnDMRG performed 3 sweeps.
- C_updated leg dimensions: [(1, 4, 1, 4), (4, 4, 2, 24), (24, 4, 1, 24), (24, 4, 2, 24), (24, 4, 1, 24), (24, 4, 2, 24), (24, 4, 2, 24), (24, 4, 1, 24), (24, 4, 2, 24), (24, 4, 1, 8), (8, 4, 2, 1)].
- largest Hermiticity error: 1.5197562639369034e-08.
- maximal number of matvec operations: 61.
-> E_updated = 0.06481619646322875.
BoundaryCompression performed 3 sweeps.
Orthogonality column 10:
- C leg dimensions: [(1, 4, 2, 4), (4, 4, 2, 24), (24, 4, 2, 24), (24, 4, 2, 24), (24, 4, 2, 24), (24, 4, 4, 24), (24, 4, 2, 24), (24, 4, 2, 24), (24, 4, 2, 24), (24, 4, 2, 8), (8, 4, 2, 1)].
- Lh leg dimensions: [(1, 4, 4, 16), (16, 4, 4, 150), (150, 4, 4, 150), (150, 4, 4, 150), (150, 4, 4, 150), (150, 4, 4, 150), (150, 4, 4, 150), (150, 4, 4, 150), (150, 4, 4, 150), (150, 4, 4, 16), (16, 4, 4, 1)].
- Rh leg dimensions: [(1, 2, 2, 3), (3, 2, 2, 8), (8, 2, 2, 3), (3, 2, 2, 8), (8, 2, 2, 3), (3, 4, 4, 9), (9, 2, 2, 3), (3, 2, 2, 8), (8, 2, 2, 3), (3, 2, 2, 4), (4, 2, 2, 1)].
-> E = <Lh|CC*> + <ALhAL*|CC*|ARhAR*> + <CC*|Rh> = -0.3696639104882106 + -0.0951621712404446 + 0.5309405276653459 = 0.06611444593669069.
ColumnDMRG performed 3 sweeps.
- C_updated leg dimensions: [(1, 4, 2, 8), (8, 4, 2, 24), (24, 4, 2, 24), (24, 4, 2, 24), (24, 4, 2, 24), (24, 4, 4, 24), (24, 4, 2, 24), (24, 4, 2, 24), (24, 4, 2, 24), (24, 4, 2, 8), (8, 4, 2, 1)].
- largest Hermiticity error: 1.2740460322128327e-10.
- maximal number of matvec operations: 71.
-> E_updated = 0.04588544150605619.
BoundaryCompression performed 3 sweeps.
Orthogonality column 9:
- C leg dimensions: [(1, 4, 2, 8), (8, 4, 4, 24), (24, 4, 2, 24), (24, 4, 4, 24), (24, 4, 4, 24), (24, 4, 4, 24), (24, 4, 4, 24), (24, 4, 2, 24), (24, 4, 4, 24), (24, 4, 2, 8), (8, 4, 4, 1)].
- Lh leg dimensions: [(1, 4, 4, 16), (16, 4, 4, 150), (150, 4, 4, 150), (150, 4, 4, 150), (150, 4, 4, 150), (150, 4, 4, 150), (150, 4, 4, 150), (150, 4, 4, 150), (150, 4, 4, 150), (150, 4, 4, 16), (16, 4, 4, 1)].
- Rh leg dimensions: [(1, 2, 2, 4), (4, 4, 4, 8), (8, 2, 2, 29), (29, 4, 4, 8), (8, 4, 4, 80), (80, 4, 4, 13), (13, 4, 4, 29), (29, 2, 2, 8), (8, 4, 4, 29), (29, 2, 2, 8), (8, 4, 4, 1)].
-> E = <Lh|CC*> + <ALhAL*|CC*|ARhAR*> + <CC*|Rh> = -0.2964772332364336 + -0.08918335311799346 + 0.4313392165248793 = 0.045678630170452206.
ColumnDMRG performed 3 sweeps.
- C_updated leg dimensions: [(1, 4, 2, 8), (8, 4, 4, 24), (24, 4, 2, 24), (24, 4, 4, 24), (24, 4, 4, 24), (24, 4, 4, 24), (24, 4, 4, 24), (24, 4, 2, 24), (24, 4, 4, 24), (24, 4, 2, 16), (16, 4, 4, 1)].
- largest Hermiticity error: 2.1632937474387875e-10.
- maximal number of matvec operations: 71.
-> E_updated = 0.030022805266392283.
BoundaryCompression performed 3 sweeps.
Orthogonality column 8:
- C leg dimensions: [(1, 4, 4, 8), (8, 4, 4, 24), (24, 4, 4, 24), (24, 4, 4, 24), (24, 4, 4, 24), (24, 4, 4, 24), (24, 4, 4, 24), (24, 4, 4, 24), (24, 4, 4, 24), (24, 4, 4, 16), (16, 4, 4, 1)].
- Lh leg dimensions: [(1, 4, 4, 16), (16, 4, 4, 150), (150, 4, 4, 150), (150, 4, 4, 150), (150, 4, 4, 150), (150, 4, 4, 150), (150, 4, 4, 150), (150, 4, 4, 150), (150, 4, 4, 150), (150, 4, 4, 16), (16, 4, 4, 1)].
- Rh leg dimensions: [(1, 4, 4, 9), (9, 4, 4, 80), (80, 4, 4, 32), (32, 4, 4, 150), (150, 4, 4, 80), (80, 4, 4, 150), (150, 4, 4, 32), (32, 4, 4, 150), (150, 4, 4, 32), (32, 4, 4, 16), (16, 4, 4, 1)].
-> E = <Lh|CC*> + <ALhAL*|CC*|ARhAR*> + <CC*|Rh> = -0.21859141236971827 + -0.08397285215072957 + 0.33840236686229885 = 0.03583810234185103.
ColumnDMRG performed 3 sweeps.
- C_updated leg dimensions: [(1, 4, 4, 16), (16, 4, 4, 24), (24, 4, 4, 24), (24, 4, 4, 24), (24, 4, 4, 24), (24, 4, 4, 24), (24, 4, 4, 24), (24, 4, 4, 24), (24, 4, 4, 24), (24, 4, 4, 16), (16, 4, 4, 1)].
- largest Hermiticity error: 1.3083823464921408e-11.
- maximal number of matvec operations: 71.
-> E_updated = 0.022370918891904325.
BoundaryCompression performed 3 sweeps.
Orthogonality column 7:
- C leg dimensions: [(1, 4, 4, 16), (16, 4, 4, 24), (24, 4, 4, 24), (24, 4, 4, 24), (24, 4, 4, 24), (24, 4, 4, 24), (24, 4, 4, 24), (24, 4, 4, 24), (24, 4, 4, 24), (24, 4, 4, 16), (16, 4, 4, 1)].
- Lh leg dimensions: [(1, 4, 4, 16), (16, 4, 4, 150), (150, 4, 4, 150), (150, 4, 4, 150), (150, 4, 4, 150), (150, 4, 4, 150), (150, 4, 4, 150), (150, 4, 4, 150), (150, 4, 4, 150), (150, 4, 4, 16), (16, 4, 4, 1)].
- Rh leg dimensions: [(1, 4, 4, 16), (16, 4, 4, 94), (94, 4, 4, 150), (150, 4, 4, 150), (150, 4, 4, 150), (150, 4, 4, 150), (150, 4, 4, 150), (150, 4, 4, 150), (150, 4, 4, 150), (150, 4, 4, 16), (16, 4, 4, 1)].
-> E = <Lh|CC*> + <ALhAL*|CC*|ARhAR*> + <CC*|Rh> = -0.14250561994668093 + -0.08288702376941656 + 0.25204434833755923 = 0.02665170462146174.
ColumnDMRG performed 3 sweeps.
- C_updated leg dimensions: [(1, 4, 4, 16), (16, 4, 4, 24), (24, 4, 4, 24), (24, 4, 4, 24), (24, 4, 4, 24), (24, 4, 4, 24), (24, 4, 4, 24), (24, 4, 4, 24), (24, 4, 4, 24), (24, 4, 4, 16), (16, 4, 4, 1)].
- largest Hermiticity error: 1.7498404119970651e-13.
- maximal number of matvec operations: 71.
-> E_updated = 0.01771379012794528.
BoundaryCompression performed 3 sweeps.
Orthogonality column 6:
- C leg dimensions: [(1, 4, 4, 16), (16, 4, 4, 24), (24, 4, 4, 24), (24, 4, 4, 24), (24, 4, 4, 24), (24, 4, 4, 24), (24, 4, 4, 24), (24, 4, 4, 24), (24, 4, 4, 24), (24, 4, 4, 16), (16, 4, 4, 1)].
- Lh leg dimensions: [(1, 4, 4, 16), (16, 4, 4, 150), (150, 4, 4, 150), (150, 4, 4, 150), (150, 4, 4, 150), (150, 4, 4, 150), (150, 4, 4, 150), (150, 4, 4, 150), (150, 4, 4, 150), (150, 4, 4, 16), (16, 4, 4, 1)].
- Rh leg dimensions: [(1, 4, 4, 16), (16, 4, 4, 150), (150, 4, 4, 150), (150, 4, 4, 150), (150, 4, 4, 150), (150, 4, 4, 150), (150, 4, 4, 150), (150, 4, 4, 150), (150, 4, 4, 150), (150, 4, 4, 16), (16, 4, 4, 1)].
-> E = <Lh|CC*> + <ALhAL*|CC*|ARhAR*> + <CC*|Rh> = -0.06413734778950744 + -0.08654302933592917 + 0.16787539190270867 = 0.01719501477727206.
ColumnDMRG performed 3 sweeps.
- C_updated leg dimensions: [(1, 4, 4, 16), (16, 4, 4, 24), (24, 4, 4, 24), (24, 4, 4, 24), (24, 4, 4, 24), (24, 4, 4, 24), (24, 4, 4, 24), (24, 4, 4, 24), (24, 4, 4, 24), (24, 4, 4, 16), (16, 4, 4, 1)].
- largest Hermiticity error: 4.483791644658334e-14.
- maximal number of matvec operations: 71.
-> E_updated = 0.011414210320908209.
BoundaryCompression performed 3 sweeps.
Orthogonality column 5:
- C leg dimensions: [(1, 4, 4, 16), (16, 4, 4, 24), (24, 4, 4, 24), (24, 4, 4, 24), (24, 4, 4, 24), (24, 4, 4, 24), (24, 4, 4, 24), (24, 4, 4, 24), (24, 4, 4, 24), (24, 4, 4, 16), (16, 4, 4, 1)].
- Lh leg dimensions: [(1, 4, 4, 16), (16, 4, 4, 150), (150, 4, 4, 150), (150, 4, 4, 150), (150, 4, 4, 150), (150, 4, 4, 150), (150, 4, 4, 150), (150, 4, 4, 150), (150, 4, 4, 84), (84, 4, 4, 16), (16, 4, 4, 1)].
- Rh leg dimensions: [(1, 4, 4, 16), (16, 4, 4, 150), (150, 4, 4, 150), (150, 4, 4, 150), (150, 4, 4, 150), (150, 4, 4, 150), (150, 4, 4, 150), (150, 4, 4, 150), (150, 4, 4, 150), (150, 4, 4, 16), (16, 4, 4, 1)].
-> E = <Lh|CC*> + <ALhAL*|CC*|ARhAR*> + <CC*|Rh> = 0.02212839381088677 + -0.09170158273560758 + 0.08192453614856582 = 0.01235134722384501.
ColumnDMRG performed 3 sweeps.
- C_updated leg dimensions: [(1, 4, 4, 16), (16, 4, 4, 24), (24, 4, 4, 24), (24, 4, 4, 24), (24, 4, 4, 24), (24, 4, 4, 24), (24, 4, 4, 24), (24, 4, 4, 24), (24, 4, 4, 24), (24, 4, 4, 16), (16, 4, 4, 1)].
- largest Hermiticity error: 7.86695592949576e-12.
- maximal number of matvec operations: 81.
-> E_updated = 0.00936932288503466.
BoundaryCompression performed 3 sweeps.
Orthogonality column 4:
- C leg dimensions: [(1, 4, 4, 16), (16, 4, 4, 24), (24, 4, 4, 24), (24, 4, 4, 24), (24, 4, 4, 24), (24, 4, 4, 24), (24, 4, 4, 24), (24, 4, 4, 24), (24, 4, 4, 24), (24, 4, 4, 16), (16, 4, 4, 1)].
- Lh leg dimensions: [(1, 4, 4, 16), (16, 4, 4, 32), (32, 4, 4, 150), (150, 4, 4, 33), (33, 4, 4, 150), (150, 4, 4, 80), (80, 4, 4, 150), (150, 4, 4, 32), (32, 4, 4, 80), (80, 4, 4, 9), (9, 4, 4, 1)].
- Rh leg dimensions: [(1, 4, 4, 16), (16, 4, 4, 150), (150, 4, 4, 150), (150, 4, 4, 150), (150, 4, 4, 150), (150, 4, 4, 150), (150, 4, 4, 150), (150, 4, 4, 150), (150, 4, 4, 150), (150, 4, 4, 16), (16, 4, 4, 1)].
-> E = <Lh|CC*> + <ALhAL*|CC*|ARhAR*> + <CC*|Rh> = 0.11792220979650318 + -0.09772154372607691 + 0.000638979417746292 = 0.020839645488172562.
ColumnDMRG performed 3 sweeps.
- C_updated leg dimensions: [(1, 4, 4, 16), (16, 4, 4, 24), (24, 4, 4, 24), (24, 4, 4, 24), (24, 4, 4, 24), (24, 4, 4, 24), (24, 4, 4, 24), (24, 4, 4, 24), (24, 4, 4, 24), (24, 4, 4, 16), (16, 4, 4, 1)].
- largest Hermiticity error: 1.4579639806835179e-09.
- maximal number of matvec operations: 71.
-> E_updated = 0.01715012117901418.
BoundaryCompression performed 3 sweeps.
Orthogonality column 3:
- C leg dimensions: [(1, 4, 4, 16), (16, 2, 4, 24), (24, 4, 4, 24), (24, 2, 4, 24), (24, 4, 4, 24), (24, 4, 4, 24), (24, 4, 4, 24), (24, 4, 4, 24), (24, 2, 4, 24), (24, 4, 4, 8), (8, 2, 4, 1)].
- Lh leg dimensions: [(1, 4, 4, 8), (8, 2, 2, 29), (29, 4, 4, 8), (8, 2, 2, 29), (29, 4, 4, 13), (13, 4, 4, 80), (80, 4, 4, 8), (8, 4, 4, 29), (29, 2, 2, 8), (8, 4, 4, 4), (4, 2, 2, 1)].
- Rh leg dimensions: [(1, 4, 4, 16), (16, 4, 4, 150), (150, 4, 4, 150), (150, 4, 4, 150), (150, 4, 4, 150), (150, 4, 4, 150), (150, 4, 4, 150), (150, 4, 4, 150), (150, 4, 4, 150), (150, 4, 4, 16), (16, 4, 4, 1)].
-> E = <Lh|CC*> + <ALhAL*|CC*|ARhAR*> + <CC*|Rh> = 0.23228222223408163 + -0.11496772486058557 + -0.08871761258045274 = 0.028596884793043315.
ColumnDMRG performed 3 sweeps.
- C_updated leg dimensions: [(1, 4, 4, 16), (16, 2, 4, 24), (24, 4, 4, 24), (24, 2, 4, 24), (24, 4, 4, 24), (24, 4, 4, 24), (24, 4, 4, 24), (24, 4, 4, 24), (24, 2, 4, 24), (24, 4, 4, 8), (8, 2, 4, 1)].
- largest Hermiticity error: 1.4526950084377127e-09.
- maximal number of matvec operations: 71.
-> E_updated = 0.024491223425829614.
BoundaryCompression performed 3 sweeps.
Orthogonality column 2:
- C leg dimensions: [(1, 2, 4, 8), (8, 2, 4, 24), (24, 2, 4, 24), (24, 2, 4, 24), (24, 2, 4, 24), (24, 4, 4, 24), (24, 2, 4, 24), (24, 2, 4, 24), (24, 2, 4, 24), (24, 2, 4, 8), (8, 2, 4, 1)].
- Lh leg dimensions: [(1, 2, 2, 4), (4, 2, 2, 3), (3, 2, 2, 8), (8, 2, 2, 3), (3, 2, 2, 9), (9, 4, 4, 3), (3, 2, 2, 8), (8, 2, 2, 3), (3, 2, 2, 8), (8, 2, 2, 3), (3, 2, 2, 1)].
- Rh leg dimensions: [(1, 4, 4, 16), (16, 4, 4, 150), (150, 4, 4, 150), (150, 4, 4, 150), (150, 4, 4, 150), (150, 4, 4, 150), (150, 4, 4, 150), (150, 4, 4, 150), (150, 4, 4, 150), (150, 4, 4, 16), (16, 4, 4, 1)].
-> E = <Lh|CC*> + <ALhAL*|CC*|ARhAR*> + <CC*|Rh> = 0.39654586249286244 + -0.16381348392974335 + -0.1802073633981791 = 0.05252501516493999.
ColumnDMRG performed 3 sweeps.
- C_updated leg dimensions: [(1, 2, 4, 8), (8, 2, 4, 24), (24, 2, 4, 24), (24, 2, 4, 24), (24, 2, 4, 24), (24, 4, 4, 24), (24, 2, 4, 24), (24, 2, 4, 24), (24, 2, 4, 24), (24, 2, 4, 8), (8, 2, 4, 1)].
- largest Hermiticity error: 3.100322569730349e-09.
- maximal number of matvec operations: 71.
-> E_updated = 0.04782547332208685.
BoundaryCompression performed 3 sweeps.
Orthogonality column 1:
- C leg dimensions: [(1, 2, 4, 8), (8, 1, 4, 24), (24, 2, 4, 24), (24, 1, 4, 24), (24, 2, 4, 24), (24, 2, 4, 24), (24, 1, 4, 24), (24, 2, 4, 24), (24, 1, 4, 24), (24, 2, 4, 4), (4, 1, 4, 1)].
- Rh leg dimensions: [(1, 4, 4, 16), (16, 4, 4, 150), (150, 4, 4, 150), (150, 4, 4, 150), (150, 4, 4, 150), (150, 4, 4, 150), (150, 4, 4, 150), (150, 4, 4, 150), (150, 4, 4, 150), (150, 4, 4, 16), (16, 4, 4, 1)].
-> E = <Lh|CC*> + <ALhAL*|CC*|ARhAR*> + <CC*|Rh> = None + 0.3969633540990582 + -0.32909742355722116 = 0.06786593054183704.
ColumnDMRG performed 3 sweeps.
- C_updated leg dimensions: [(1, 2, 4, 8), (8, 1, 4, 24), (24, 2, 4, 24), (24, 1, 4, 24), (24, 2, 4, 24), (24, 2, 4, 24), (24, 1, 4, 24), (24, 2, 4, 24), (24, 1, 4, 24), (24, 2, 4, 4), (4, 1, 4, 1)].
- largest Hermiticity error: 1.6897329416654876e-09.
- maximal number of matvec operations: 61.
-> E_updated = 0.061505523832488175.
BoundaryCompression performed 3 sweeps.
Orthogonality column 0:
- C leg dimensions: [(1, 1, 4, 4), (4, 1, 4, 16), (16, 1, 4, 24), (24, 1, 4, 24), (24, 1, 4, 24), (24, 1, 4, 24), (24, 1, 4, 24), (24, 1, 4, 24), (24, 1, 4, 24), (24, 1, 4, 4), (4, 1, 4, 1)].
- Rh leg dimensions: [(1, 4, 4, 16), (16, 4, 4, 150), (150, 4, 4, 150), (150, 4, 4, 150), (150, 4, 4, 150), (150, 4, 4, 150), (150, 4, 4, 150), (150, 4, 4, 150), (150, 4, 4, 150), (150, 4, 4, 16), (16, 4, 4, 1)].
-> E = <Lh|CC*> + <ALhAL*|CC*|ARhAR*> + <CC*|Rh> = None + None + 0.07597269554124052 = 0.07597269554124052.
ColumnDMRG performed 3 sweeps.
- C_updated leg dimensions: [(1, 1, 4, 4), (4, 1, 4, 16), (16, 1, 4, 24), (24, 1, 4, 24), (24, 1, 4, 24), (24, 1, 4, 24), (24, 1, 4, 24), (24, 1, 4, 24), (24, 1, 4, 16), (16, 1, 4, 4), (4, 1, 4, 1)].
- largest Hermiticity error: 3.109104543762783e-09.
- maximal number of matvec operations: 61.
-> E_updated = 0.06759651154664613.
DMRGSquared performed 1 sweeps.
=> <H> - E0 = 0.06704403243602997.

DMRGSquared sweep 3 ...
Orthogonality column 0:
- C leg dimensions: [(1, 1, 4, 4), (4, 1, 4, 16), (16, 1, 4, 24), (24, 1, 4, 24), (24, 1, 4, 24), (24, 1, 4, 24), (24, 1, 4, 24), (24, 1, 4, 24), (24, 1, 4, 16), (16, 1, 4, 4), (4, 1, 4, 1)].
- Rh leg dimensions: [(1, 4, 4, 16), (16, 4, 4, 150), (150, 4, 4, 150), (150, 4, 4, 150), (150, 4, 4, 150), (150, 4, 4, 150), (150, 4, 4, 150), (150, 4, 4, 150), (150, 4, 4, 150), (150, 4, 4, 16), (16, 4, 4, 1)].
-> E = <Lh|CC*> + <ALhAL*|CC*|ARhAR*> + <CC*|Rh> = None + None + 0.06759651154661787 = 0.06759651154661787.
ColumnDMRG performed 3 sweeps.
- C_updated leg dimensions: [(1, 1, 4, 4), (4, 1, 4, 16), (16, 1, 4, 24), (24, 1, 4, 24), (24, 1, 4, 24), (24, 1, 4, 24), (24, 1, 4, 24), (24, 1, 4, 24), (24, 1, 4, 16), (16, 1, 4, 4), (4, 1, 4, 1)].
- largest Hermiticity error: 3.944133834455719e-09.
- maximal number of matvec operations: 51.
-> E_updated = 0.06759651118610971.
Orthogonality column 1:
- C leg dimensions: [(1, 2, 4, 4), (4, 1, 4, 16), (16, 2, 4, 24), (24, 1, 4, 24), (24, 2, 4, 24), (24, 2, 4, 24), (24, 1, 4, 24), (24, 2, 4, 24), (24, 1, 4, 16), (16, 2, 4, 4), (4, 1, 4, 1)].
- Rh leg dimensions: [(1, 4, 4, 16), (16, 4, 4, 150), (150, 4, 4, 150), (150, 4, 4, 150), (150, 4, 4, 150), (150, 4, 4, 150), (150, 4, 4, 150), (150, 4, 4, 150), (150, 4, 4, 150), (150, 4, 4, 16), (16, 4, 4, 1)].
-> E = <Lh|CC*> + <ALhAL*|CC*|ARhAR*> + <CC*|Rh> = None + 0.40031307016588713 + -0.3217297005503684 = 0.0785833696155187.
ColumnDMRG performed 3 sweeps.
- C_updated leg dimensions: [(1, 2, 4, 8), (8, 1, 4, 24), (24, 2, 4, 24), (24, 1, 4, 24), (24, 2, 4, 24), (24, 2, 4, 24), (24, 1, 4, 24), (24, 2, 4, 24), (24, 1, 4, 24), (24, 2, 4, 4), (4, 1, 4, 1)].
- largest Hermiticity error: 2.550540869738224e-09.
- maximal number of matvec operations: 61.
-> E_updated = 0.0615055261687304.
BoundaryCompression performed 3 sweeps.
Orthogonality column 2:
- C leg dimensions: [(1, 2, 4, 8), (8, 2, 4, 24), (24, 2, 4, 24), (24, 2, 4, 24), (24, 2, 4, 24), (24, 4, 4, 24), (24, 2, 4, 24), (24, 2, 4, 24), (24, 2, 4, 24), (24, 2, 4, 4), (4, 2, 4, 1)].
- Lh leg dimensions: [(1, 2, 2, 4), (4, 2, 2, 3), (3, 2, 2, 8), (8, 2, 2, 3), (3, 2, 2, 9), (9, 4, 4, 3), (3, 2, 2, 8), (8, 2, 2, 3), (3, 2, 2, 8), (8, 2, 2, 3), (3, 2, 2, 1)].
- Rh leg dimensions: [(1, 4, 4, 16), (16, 4, 4, 150), (150, 4, 4, 150), (150, 4, 4, 150), (150, 4, 4, 150), (150, 4, 4, 150), (150, 4, 4, 150), (150, 4, 4, 150), (150, 4, 4, 150), (150, 4, 4, 16), (16, 4, 4, 1)].
-> E = <Lh|CC*> + <ALhAL*|CC*|ARhAR*> + <CC*|Rh> = 0.39605963067668093 + -0.15981885986808875 + -0.17056379017994 = 0.06567698062865218.
ColumnDMRG performed 3 sweeps.
- C_updated leg dimensions: [(1, 2, 4, 8), (8, 2, 4, 24), (24, 2, 4, 24), (24, 2, 4, 24), (24, 2, 4, 24), (24, 4, 4, 24), (24, 2, 4, 24), (24, 2, 4, 24), (24, 2, 4, 24), (24, 2, 4, 8), (8, 2, 4, 1)].
- largest Hermiticity error: 2.3821516143504163e-09.
- maximal number of matvec operations: 71.
-> E_updated = 0.047834930096671356.
BoundaryCompression performed 3 sweeps.
Orthogonality column 3:
- C leg dimensions: [(1, 4, 4, 8), (8, 2, 4, 24), (24, 4, 4, 24), (24, 2, 4, 24), (24, 4, 4, 24), (24, 4, 4, 24), (24, 4, 4, 24), (24, 4, 4, 24), (24, 2, 4, 24), (24, 4, 4, 8), (8, 2, 4, 1)].
- Lh leg dimensions: [(1, 4, 4, 8), (8, 2, 2, 29), (29, 4, 4, 8), (8, 2, 2, 29), (29, 4, 4, 13), (13, 4, 4, 80), (80, 4, 4, 8), (8, 4, 4, 29), (29, 2, 2, 8), (8, 4, 4, 4), (4, 2, 2, 1)].
- Rh leg dimensions: [(1, 4, 4, 16), (16, 4, 4, 150), (150, 4, 4, 150), (150, 4, 4, 150), (150, 4, 4, 150), (150, 4, 4, 150), (150, 4, 4, 150), (150, 4, 4, 150), (150, 4, 4, 150), (150, 4, 4, 16), (16, 4, 4, 1)].
-> E = <Lh|CC*> + <ALhAL*|CC*|ARhAR*> + <CC*|Rh> = 0.23180791261567874 + -0.11122361276729709 + -0.07997088913548742 = 0.04061341071289423.
ColumnDMRG performed 3 sweeps.
- C_updated leg dimensions: [(1, 4, 4, 16), (16, 2, 4, 24), (24, 4, 4, 24), (24, 2, 4, 24), (24, 4, 4, 24), (24, 4, 4, 24), (24, 4, 4, 24), (24, 4, 4, 24), (24, 2, 4, 24), (24, 4, 4, 8), (8, 2, 4, 1)].
- largest Hermiticity error: 2.8803021354407737e-09.
- maximal number of matvec operations: 71.
-> E_updated = 0.0245453922848633.
BoundaryCompression performed 3 sweeps.
Orthogonality column 4:
- C leg dimensions: [(1, 4, 4, 16), (16, 4, 4, 24), (24, 4, 4, 24), (24, 4, 4, 24), (24, 4, 4, 24), (24, 4, 4, 24), (24, 4, 4, 24), (24, 4, 4, 24), (24, 4, 4, 24), (24, 4, 4, 8), (8, 4, 4, 1)].
- Lh leg dimensions: [(1, 4, 4, 16), (16, 4, 4, 32), (32, 4, 4, 150), (150, 4, 4, 32), (32, 4, 4, 150), (150, 4, 4, 80), (80, 4, 4, 150), (150, 4, 4, 33), (33, 4, 4, 80), (80, 4, 4, 9), (9, 4, 4, 1)].
- Rh leg dimensions: [(1, 4, 4, 16), (16, 4, 4, 150), (150, 4, 4, 150), (150, 4, 4, 150), (150, 4, 4, 150), (150, 4, 4, 150), (150, 4, 4, 150), (150, 4, 4, 150), (150, 4, 4, 150), (150, 4, 4, 16), (16, 4, 4, 1)].
-> E = <Lh|CC*> + <ALhAL*|CC*|ARhAR*> + <CC*|Rh> = 0.11637535876210642 + -0.0955858777645542 + 0.0084916968986745 = 0.02928117789622672.
ColumnDMRG performed 3 sweeps.
- C_updated leg dimensions: [(1, 4, 4, 16), (16, 4, 4, 24), (24, 4, 4, 24), (24, 4, 4, 24), (24, 4, 4, 24), (24, 4, 4, 24), (24, 4, 4, 24), (24, 4, 4, 24), (24, 4, 4, 24), (24, 4, 4, 16), (16, 4, 4, 1)].
- largest Hermiticity error: 2.414707126519921e-09.
- maximal number of matvec operations: 71.
-> E_updated = 0.017199183279838135.
BoundaryCompression performed 3 sweeps.
Orthogonality column 5:
- C leg dimensions: [(1, 4, 4, 16), (16, 4, 4, 24), (24, 4, 4, 24), (24, 4, 4, 24), (24, 4, 4, 24), (24, 4, 4, 24), (24, 4, 4, 24), (24, 4, 4, 24), (24, 4, 4, 24), (24, 4, 4, 16), (16, 4, 4, 1)].
- Lh leg dimensions: [(1, 4, 4, 16), (16, 4, 4, 150), (150, 4, 4, 150), (150, 4, 4, 150), (150, 4, 4, 150), (150, 4, 4, 150), (150, 4, 4, 150), (150, 4, 4, 150), (150, 4, 4, 85), (85, 4, 4, 16), (16, 4, 4, 1)].
- Rh leg dimensions: [(1, 4, 4, 16), (16, 4, 4, 150), (150, 4, 4, 150), (150, 4, 4, 150), (150, 4, 4, 150), (150, 4, 4, 150), (150, 4, 4, 150), (150, 4, 4, 150), (150, 4, 4, 150), (150, 4, 4, 16), (16, 4, 4, 1)].
-> E = <Lh|CC*> + <ALhAL*|CC*|ARhAR*> + <CC*|Rh> = 0.01859269608566908 + -0.08998659128470667 + 0.08814866989805507 = 0.016754774699017483.
ColumnDMRG performed 3 sweeps.
- C_updated leg dimensions: [(1, 4, 4, 16), (16, 4, 4, 24), (24, 4, 4, 24), (24, 4, 4, 24), (24, 4, 4, 24), (24, 4, 4, 24), (24, 4, 4, 24), (24, 4, 4, 24), (24, 4, 4, 24), (24, 4, 4, 16), (16, 4, 4, 1)].
- largest Hermiticity error: 6.055959582842852e-12.
- maximal number of matvec operations: 81.
-> E_updated = 0.008203809037598979.
BoundaryCompression performed 3 sweeps.
Orthogonality column 6:
- C leg dimensions: [(1, 4, 4, 16), (16, 4, 4, 24), (24, 4, 4, 24), (24, 4, 4, 24), (24, 4, 4, 24), (24, 4, 4, 24), (24, 4, 4, 24), (24, 4, 4, 24), (24, 4, 4, 24), (24, 4, 4, 16), (16, 4, 4, 1)].
- Lh leg dimensions: [(1, 4, 4, 16), (16, 4, 4, 150), (150, 4, 4, 150), (150, 4, 4, 150), (150, 4, 4, 150), (150, 4, 4, 150), (150, 4, 4, 150), (150, 4, 4, 150), (150, 4, 4, 150), (150, 4, 4, 16), (16, 4, 4, 1)].
- Rh leg dimensions: [(1, 4, 4, 16), (16, 4, 4, 150), (150, 4, 4, 150), (150, 4, 4, 150), (150, 4, 4, 150), (150, 4, 4, 150), (150, 4, 4, 150), (150, 4, 4, 150), (150, 4, 4, 150), (150, 4, 4, 16), (16, 4, 4, 1)].
-> E = <Lh|CC*> + <ALhAL*|CC*|ARhAR*> + <CC*|Rh> = -0.07041790601725542 + -0.08730050414708865 + 0.1718964722392601 = 0.014178062074916037.
ColumnDMRG performed 3 sweeps.
- C_updated leg dimensions: [(1, 4, 4, 16), (16, 4, 4, 24), (24, 4, 4, 24), (24, 4, 4, 24), (24, 4, 4, 24), (24, 4, 4, 24), (24, 4, 4, 24), (24, 4, 4, 24), (24, 4, 4, 24), (24, 4, 4, 16), (16, 4, 4, 1)].
- largest Hermiticity error: 4.247071553390052e-12.
- maximal number of matvec operations: 81.
-> E_updated = 0.009341223948355064.
BoundaryCompression performed 3 sweeps.
Orthogonality column 7:
- C leg dimensions: [(1, 4, 4, 16), (16, 4, 4, 24), (24, 4, 4, 24), (24, 4, 4, 24), (24, 4, 4, 24), (24, 4, 4, 24), (24, 4, 4, 24), (24, 4, 4, 24), (24, 4, 4, 24), (24, 4, 4, 16), (16, 4, 4, 1)].
- Lh leg dimensions: [(1, 4, 4, 16), (16, 4, 4, 150), (150, 4, 4, 150), (150, 4, 4, 150), (150, 4, 4, 150), (150, 4, 4, 150), (150, 4, 4, 150), (150, 4, 4, 150), (150, 4, 4, 150), (150, 4, 4, 16), (16, 4, 4, 1)].
- Rh leg dimensions: [(1, 4, 4, 16), (16, 4, 4, 94), (94, 4, 4, 150), (150, 4, 4, 150), (150, 4, 4, 150), (150, 4, 4, 150), (150, 4, 4, 150), (150, 4, 4, 150), (150, 4, 4, 150), (150, 4, 4, 16), (16, 4, 4, 1)].
-> E = <Lh|CC*> + <ALhAL*|CC*|ARhAR*> + <CC*|Rh> = -0.15429997703929557 + -0.08441771794312147 + 0.2546857635530405 = 0.015968068570623467.
ColumnDMRG performed 3 sweeps.
- C_updated leg dimensions: [(1, 4, 4, 16), (16, 4, 4, 24), (24, 4, 4, 24), (24, 4, 4, 24), (24, 4, 4, 24), (24, 4, 4, 24), (24, 4, 4, 24), (24, 4, 4, 24), (24, 4, 4, 24), (24, 4, 4, 16), (16, 4, 4, 1)].
- largest Hermiticity error: 1.710374754927501e-12.
- maximal number of matvec operations: 71.
-> E_updated = 0.012890259228520122.
BoundaryCompression performed 3 sweeps.
Orthogonality column 8:
- C leg dimensions: [(1, 4, 4, 16), (16, 4, 4, 24), (24, 4, 4, 24), (24, 4, 4, 24), (24, 4, 4, 24), (24, 4, 4, 24), (24, 4, 4, 24), (24, 4, 4, 24), (24, 4, 4, 24), (24, 4, 4, 16), (16, 4, 4, 1)].
- Lh leg dimensions: [(1, 4, 4, 16), (16, 4, 4, 150), (150, 4, 4, 150), (150, 4, 4, 150), (150, 4, 4, 150), (150, 4, 4, 150), (150, 4, 4, 150), (150, 4, 4, 150), (150, 4, 4, 150), (150, 4, 4, 16), (16, 4, 4, 1)].
- Rh leg dimensions: [(1, 4, 4, 9), (9, 4, 4, 80), (80, 4, 4, 32), (32, 4, 4, 150), (150, 4, 4, 80), (80, 4, 4, 150), (150, 4, 4, 32), (32, 4, 4, 150), (150, 4, 4, 32), (32, 4, 4, 16), (16, 4, 4, 1)].
-> E = <Lh|CC*> + <ALhAL*|CC*|ARhAR*> + <CC*|Rh> = -0.2368184794940565 + -0.08666776229903007 + 0.3395271061938461 = 0.016040864400759525.
ColumnDMRG performed 3 sweeps.
- C_updated leg dimensions: [(1, 4, 4, 16), (16, 4, 4, 24), (24, 4, 4, 24), (24, 4, 4, 24), (24, 4, 4, 24), (24, 4, 4, 24), (24, 4, 4, 24), (24, 4, 4, 24), (24, 4, 4, 24), (24, 4, 4, 16), (16, 4, 4, 1)].
- largest Hermiticity error: 7.312181695355675e-11.
- maximal number of matvec operations: 71.
-> E_updated = 0.013187419126615517.
BoundaryCompression performed 3 sweeps.
Orthogonality column 9:
- C leg dimensions: [(1, 4, 2, 16), (16, 4, 4, 24), (24, 4, 2, 24), (24, 4, 4, 24), (24, 4, 4, 24), (24, 4, 4, 24), (24, 4, 4, 24), (24, 4, 2, 24), (24, 4, 4, 24), (24, 4, 2, 16), (16, 4, 4, 1)].
- Lh leg dimensions: [(1, 4, 4, 16), (16, 4, 4, 150), (150, 4, 4, 150), (150, 4, 4, 150), (150, 4, 4, 150), (150, 4, 4, 150), (150, 4, 4, 150), (150, 4, 4, 150), (150, 4, 4, 150), (150, 4, 4, 16), (16, 4, 4, 1)].
- Rh leg dimensions: [(1, 2, 2, 4), (4, 4, 4, 8), (8, 2, 2, 29), (29, 4, 4, 8), (8, 4, 4, 80), (80, 4, 4, 13), (13, 4, 4, 29), (29, 2, 2, 8), (8, 4, 4, 29), (29, 2, 2, 8), (8, 4, 4, 1)].
-> E = <Lh|CC*> + <ALhAL*|CC*|ARhAR*> + <CC*|Rh> = -0.31996037645526826 + -0.09254088235687609 + 0.4318578170032954 = 0.019356558191151063.
ColumnDMRG performed 3 sweeps.
- C_updated leg dimensions: [(1, 4, 2, 8), (8, 4, 4, 24), (24, 4, 2, 24), (24, 4, 4, 24), (24, 4, 4, 24), (24, 4, 4, 24), (24, 4, 4, 24), (24, 4, 2, 24), (24, 4, 4, 24), (24, 4, 2, 16), (16, 4, 4, 1)].
- largest Hermiticity error: 4.560460383493716e-09.
- maximal number of matvec operations: 81.
-> E_updated = 0.014842135856242866.
BoundaryCompression performed 3 sweeps.
Orthogonality column 10:
- C leg dimensions: [(1, 4, 2, 8), (8, 4, 2, 24), (24, 4, 2, 24), (24, 4, 2, 24), (24, 4, 2, 24), (24, 4, 4, 24), (24, 4, 2, 24), (24, 4, 2, 24), (24, 4, 2, 24), (24, 4, 2, 16), (16, 4, 2, 1)].
- Lh leg dimensions: [(1, 4, 4, 16), (16, 4, 4, 150), (150, 4, 4, 150), (150, 4, 4, 150), (150, 4, 4, 150), (150, 4, 4, 150), (150, 4, 4, 150), (150, 4, 4, 150), (150, 4, 4, 150), (150, 4, 4, 16), (16, 4, 4, 1)].
- Rh leg dimensions: [(1, 2, 2, 3), (3, 2, 2, 8), (8, 2, 2, 3), (3, 2, 2, 8), (8, 2, 2, 3), (3, 4, 4, 9), (9, 2, 2, 3), (3, 2, 2, 8), (8, 2, 2, 3), (3, 2, 2, 4), (4, 2, 2, 1)].
-> E = <Lh|CC*> + <ALhAL*|CC*|ARhAR*> + <CC*|Rh> = -0.3955730620938871 + -0.09900913014727583 + 0.5316787537980108 = 0.03709656155684782.
ColumnDMRG performed 3 sweeps.
- C_updated leg dimensions: [(1, 4, 2, 8), (8, 4, 2, 24), (24, 4, 2, 24), (24, 4, 2, 24), (24, 4, 2, 24), (24, 4, 4, 24), (24, 4, 2, 24), (24, 4, 2, 24), (24, 4, 2, 24), (24, 4, 2, 8), (8, 4, 2, 1)].
- largest Hermiticity error: 1.4740273443497163e-09.
- maximal number of matvec operations: 71.
-> E_updated = 0.031776087781158965.
BoundaryCompression performed 3 sweeps.
Orthogonality column 11:
- C leg dimensions: [(1, 4, 1, 8), (8, 4, 2, 24), (24, 4, 1, 24), (24, 4, 2, 24), (24, 4, 1, 24), (24, 4, 2, 24), (24, 4, 2, 24), (24, 4, 1, 24), (24, 4, 2, 24), (24, 4, 1, 8), (8, 4, 2, 1)].
- Lh leg dimensions: [(1, 4, 4, 16), (16, 4, 4, 150), (150, 4, 4, 150), (150, 4, 4, 150), (150, 4, 4, 150), (150, 4, 4, 150), (150, 4, 4, 150), (150, 4, 4, 150), (150, 4, 4, 150), (150, 4, 4, 16), (16, 4, 4, 1)].
-> E = <Lh|CC*> + <ALhAL*|CC*|ARhAR*> + <CC*|Rh> = -0.47824658951474996 + 0.5322373679079586 + None = 0.05399077839320865.
ColumnDMRG performed 3 sweeps.
- C_updated leg dimensions: [(1, 4, 1, 4), (4, 4, 2, 24), (24, 4, 1, 24), (24, 4, 2, 24), (24, 4, 1, 24), (24, 4, 2, 24), (24, 4, 2, 24), (24, 4, 1, 24), (24, 4, 2, 24), (24, 4, 1, 8), (8, 4, 2, 1)].
- largest Hermiticity error: 2.135594802113523e-09.
- maximal number of matvec operations: 61.
-> E_updated = 0.048322957683086025.
BoundaryCompression performed 3 sweeps.
Orthogonality column 12:
- C leg dimensions: [(1, 4, 1, 4), (4, 4, 1, 16), (16, 4, 1, 24), (24, 4, 1, 24), (24, 4, 1, 24), (24, 4, 1, 24), (24, 4, 1, 24), (24, 4, 1, 24), (24, 4, 1, 24), (24, 4, 1, 8), (8, 4, 1, 1)].
- Lh leg dimensions: [(1, 4, 4, 16), (16, 4, 4, 150), (150, 4, 4, 150), (150, 4, 4, 150), (150, 4, 4, 150), (150, 4, 4, 150), (150, 4, 4, 150), (150, 4, 4, 150), (150, 4, 4, 150), (150, 4, 4, 16), (16, 4, 4, 1)].
-> E = <Lh|CC*> + <ALhAL*|CC*|ARhAR*> + <CC*|Rh> = 0.07359720426489763 + None + None = 0.07359720426489763.
ColumnDMRG performed 3 sweeps.
- C_updated leg dimensions: [(1, 4, 1, 4), (4, 4, 1, 16), (16, 4, 1, 24), (24, 4, 1, 24), (24, 4, 1, 24), (24, 4, 1, 24), (24, 4, 1, 24), (24, 4, 1, 24), (24, 4, 1, 16), (16, 4, 1, 4), (4, 4, 1, 1)].
- largest Hermiticity error: 1.4140144419234376e-09.
- maximal number of matvec operations: 61.
-> E_updated = 0.06209373504894786.
Orthogonality column 11:
- C leg dimensions: [(1, 4, 1, 4), (4, 4, 2, 16), (16, 4, 1, 24), (24, 4, 2, 24), (24, 4, 1, 24), (24, 4, 2, 24), (24, 4, 2, 24), (24, 4, 1, 24), (24, 4, 2, 16), (16, 4, 1, 4), (4, 4, 2, 1)].
- Lh leg dimensions: [(1, 4, 4, 16), (16, 4, 4, 150), (150, 4, 4, 150), (150, 4, 4, 150), (150, 4, 4, 150), (150, 4, 4, 150), (150, 4, 4, 150), (150, 4, 4, 150), (150, 4, 4, 150), (150, 4, 4, 16), (16, 4, 4, 1)].
-> E = <Lh|CC*> + <ALhAL*|CC*|ARhAR*> + <CC*|Rh> = -0.46794967221093414 + 0.5359490258340188 + None = 0.06799935362308468.
ColumnDMRG performed 3 sweeps.
- C_updated leg dimensions: [(1, 4, 1, 4), (4, 4, 2, 24), (24, 4, 1, 24), (24, 4, 2, 24), (24, 4, 1, 24), (24, 4, 2, 24), (24, 4, 2, 24), (24, 4, 1, 24), (24, 4, 2, 24), (24, 4, 1, 8), (8, 4, 2, 1)].
- largest Hermiticity error: 2.5504462282529904e-09.
- maximal number of matvec operations: 61.
-> E_updated = 0.0483229576352308.
BoundaryCompression performed 3 sweeps.
Orthogonality column 10:
- C leg dimensions: [(1, 4, 2, 4), (4, 4, 2, 24), (24, 4, 2, 24), (24, 4, 2, 24), (24, 4, 2, 24), (24, 4, 4, 24), (24, 4, 2, 24), (24, 4, 2, 24), (24, 4, 2, 24), (24, 4, 2, 8), (8, 4, 2, 1)].
- Lh leg dimensions: [(1, 4, 4, 16), (16, 4, 4, 150), (150, 4, 4, 150), (150, 4, 4, 150), (150, 4, 4, 150), (150, 4, 4, 150), (150, 4, 4, 150), (150, 4, 4, 150), (150, 4, 4, 150), (150, 4, 4, 16), (16, 4, 4, 1)].
- Rh leg dimensions: [(1, 2, 2, 3), (3, 2, 2, 8), (8, 2, 2, 3), (3, 2, 2, 8), (8, 2, 2, 3), (3, 4, 4, 9), (9, 2, 2, 3), (3, 2, 2, 8), (8, 2, 2, 3), (3, 2, 2, 4), (4, 2, 2, 1)].
-> E = <Lh|CC*> + <ALhAL*|CC*|ARhAR*> + <CC*|Rh> = -0.3850139041255201 + -0.0960025955214242 + 0.5313250144463105 = 0.05030851479936621.
ColumnDMRG performed 3 sweeps.
- C_updated leg dimensions: [(1, 4, 2, 8), (8, 4, 2, 24), (24, 4, 2, 24), (24, 4, 2, 24), (24, 4, 2, 24), (24, 4, 4, 24), (24, 4, 2, 24), (24, 4, 2, 24), (24, 4, 2, 24), (24, 4, 2, 8), (8, 4, 2, 1)].
- largest Hermiticity error: 2.2790104272764313e-09.
- maximal number of matvec operations: 71.
-> E_updated = 0.03177732451367501.
BoundaryCompression performed 3 sweeps.
Orthogonality column 9:
- C leg dimensions: [(1, 4, 2, 8), (8, 4, 4, 24), (24, 4, 2, 24), (24, 4, 4, 24), (24, 4, 4, 24), (24, 4, 4, 24), (24, 4, 4, 24), (24, 4, 2, 24), (24, 4, 4, 24), (24, 4, 2, 8), (8, 4, 4, 1)].
- Lh leg dimensions: [(1, 4, 4, 16), (16, 4, 4, 150), (150, 4, 4, 150), (150, 4, 4, 150), (150, 4, 4, 150), (150, 4, 4, 150), (150, 4, 4, 150), (150, 4, 4, 150), (150, 4, 4, 150), (150, 4, 4, 16), (16, 4, 4, 1)].
- Rh leg dimensions: [(1, 2, 2, 4), (4, 4, 4, 8), (8, 2, 2, 29), (29, 4, 4, 8), (8, 4, 4, 80), (80, 4, 4, 13), (13, 4, 4, 29), (29, 2, 2, 8), (8, 4, 4, 29), (29, 2, 2, 8), (8, 4, 4, 1)].
-> E = <Lh|CC*> + <ALhAL*|CC*|ARhAR*> + <CC*|Rh> = -0.309841124193968 + -0.09003927737125544 + 0.4313587125677311 = 0.0314783110025077.
ColumnDMRG performed 3 sweeps.
- C_updated leg dimensions: [(1, 4, 2, 8), (8, 4, 4, 24), (24, 4, 2, 24), (24, 4, 4, 24), (24, 4, 4, 24), (24, 4, 4, 24), (24, 4, 4, 24), (24, 4, 2, 24), (24, 4, 4, 24), (24, 4, 2, 16), (16, 4, 4, 1)].
- largest Hermiticity error: 4.0917304412049645e-09.
- maximal number of matvec operations: 81.
-> E_updated = 0.014841671488443795.
BoundaryCompression performed 3 sweeps.
Orthogonality column 8:
- C leg dimensions: [(1, 4, 4, 8), (8, 4, 4, 24), (24, 4, 4, 24), (24, 4, 4, 24), (24, 4, 4, 24), (24, 4, 4, 24), (24, 4, 4, 24), (24, 4, 4, 24), (24, 4, 4, 24), (24, 4, 4, 16), (16, 4, 4, 1)].
- Lh leg dimensions: [(1, 4, 4, 16), (16, 4, 4, 150), (150, 4, 4, 150), (150, 4, 4, 150), (150, 4, 4, 150), (150, 4, 4, 150), (150, 4, 4, 150), (150, 4, 4, 150), (150, 4, 4, 150), (150, 4, 4, 16), (16, 4, 4, 1)].
- Rh leg dimensions: [(1, 4, 4, 9), (9, 4, 4, 80), (80, 4, 4, 32), (32, 4, 4, 150), (150, 4, 4, 80), (80, 4, 4, 150), (150, 4, 4, 32), (32, 4, 4, 150), (150, 4, 4, 32), (32, 4, 4, 16), (16, 4, 4, 1)].
-> E = <Lh|CC*> + <ALhAL*|CC*|ARhAR*> + <CC*|Rh> = -0.22777257591161706 + -0.08308583050359453 + 0.3378868849815652 = 0.027028478566353653.
ColumnDMRG performed 3 sweeps.
- C_updated leg dimensions: [(1, 4, 4, 16), (16, 4, 4, 24), (24, 4, 4, 24), (24, 4, 4, 24), (24, 4, 4, 24), (24, 4, 4, 24), (24, 4, 4, 24), (24, 4, 4, 24), (24, 4, 4, 24), (24, 4, 4, 16), (16, 4, 4, 1)].
- largest Hermiticity error: 6.427125302900524e-11.
- maximal number of matvec operations: 71.
-> E_updated = 0.01312178554481331.
BoundaryCompression performed 3 sweeps.
Orthogonality column 7:
- C leg dimensions: [(1, 4, 4, 16), (16, 4, 4, 24), (24, 4, 4, 24), (24, 4, 4, 24), (24, 4, 4, 24), (24, 4, 4, 24), (24, 4, 4, 24), (24, 4, 4, 24), (24, 4, 4, 24), (24, 4, 4, 16), (16, 4, 4, 1)].
- Lh leg dimensions: [(1, 4, 4, 16), (16, 4, 4, 150), (150, 4, 4, 150), (150, 4, 4, 150), (150, 4, 4, 150), (150, 4, 4, 150), (150, 4, 4, 150), (150, 4, 4, 150), (150, 4, 4, 150), (150, 4, 4, 16), (16, 4, 4, 1)].
- Rh leg dimensions: [(1, 4, 4, 16), (16, 4, 4, 85), (85, 4, 4, 150), (150, 4, 4, 150), (150, 4, 4, 150), (150, 4, 4, 150), (150, 4, 4, 150), (150, 4, 4, 150), (150, 4, 4, 150), (150, 4, 4, 16), (16, 4, 4, 1)].
-> E = <Lh|CC*> + <ALhAL*|CC*|ARhAR*> + <CC*|Rh> = -0.1481118531934976 + -0.08338562370009521 + 0.2519706849691998 = 0.020473208075606986.
ColumnDMRG performed 3 sweeps.
- C_updated leg dimensions: [(1, 4, 4, 16), (16, 4, 4, 24), (24, 4, 4, 24), (24, 4, 4, 24), (24, 4, 4, 24), (24, 4, 4, 24), (24, 4, 4, 24), (24, 4, 4, 24), (24, 4, 4, 24), (24, 4, 4, 16), (16, 4, 4, 1)].
- largest Hermiticity error: 1.4416548158858693e-12.
- maximal number of matvec operations: 71.
-> E_updated = 0.012925949078781881.
BoundaryCompression performed 3 sweeps.
Orthogonality column 6:
- C leg dimensions: [(1, 4, 4, 16), (16, 4, 4, 24), (24, 4, 4, 24), (24, 4, 4, 24), (24, 4, 4, 24), (24, 4, 4, 24), (24, 4, 4, 24), (24, 4, 4, 24), (24, 4, 4, 24), (24, 4, 4, 16), (16, 4, 4, 1)].
- Lh leg dimensions: [(1, 4, 4, 16), (16, 4, 4, 150), (150, 4, 4, 150), (150, 4, 4, 150), (150, 4, 4, 150), (150, 4, 4, 150), (150, 4, 4, 150), (150, 4, 4, 150), (150, 4, 4, 150), (150, 4, 4, 16), (16, 4, 4, 1)].
- Rh leg dimensions: [(1, 4, 4, 16), (16, 4, 4, 150), (150, 4, 4, 150), (150, 4, 4, 150), (150, 4, 4, 150), (150, 4, 4, 150), (150, 4, 4, 150), (150, 4, 4, 150), (150, 4, 4, 150), (150, 4, 4, 16), (16, 4, 4, 1)].
-> E = <Lh|CC*> + <ALhAL*|CC*|ARhAR*> + <CC*|Rh> = -0.0663004054377313 + -0.08729511659237606 + 0.16536498728203136 = 0.011769465251924016.
ColumnDMRG performed 3 sweeps.
- C_updated leg dimensions: [(1, 4, 4, 16), (16, 4, 4, 24), (24, 4, 4, 24), (24, 4, 4, 24), (24, 4, 4, 24), (24, 4, 4, 24), (24, 4, 4, 24), (24, 4, 4, 24), (24, 4, 4, 24), (24, 4, 4, 16), (16, 4, 4, 1)].
- largest Hermiticity error: 4.930628176474665e-12.
- maximal number of matvec operations: 81.
-> E_updated = 0.006531613003473541.
BoundaryCompression performed 3 sweeps.
Orthogonality column 5:
- C leg dimensions: [(1, 4, 4, 16), (16, 4, 4, 24), (24, 4, 4, 24), (24, 4, 4, 24), (24, 4, 4, 24), (24, 4, 4, 24), (24, 4, 4, 24), (24, 4, 4, 24), (24, 4, 4, 24), (24, 4, 4, 16), (16, 4, 4, 1)].
- Lh leg dimensions: [(1, 4, 4, 16), (16, 4, 4, 150), (150, 4, 4, 150), (150, 4, 4, 150), (150, 4, 4, 150), (150, 4, 4, 150), (150, 4, 4, 150), (150, 4, 4, 150), (150, 4, 4, 85), (85, 4, 4, 16), (16, 4, 4, 1)].
- Rh leg dimensions: [(1, 4, 4, 16), (16, 4, 4, 150), (150, 4, 4, 150), (150, 4, 4, 150), (150, 4, 4, 150), (150, 4, 4, 150), (150, 4, 4, 150), (150, 4, 4, 150), (150, 4, 4, 150), (150, 4, 4, 16), (16, 4, 4, 1)].
-> E = <Lh|CC*> + <ALhAL*|CC*|ARhAR*> + <CC*|Rh> = 0.02104614001078733 + -0.09185129872393324 + 0.08124206895969674 = 0.010436910246550829.
ColumnDMRG performed 3 sweeps.
- C_updated leg dimensions: [(1, 4, 4, 16), (16, 4, 4, 24), (24, 4, 4, 24), (24, 4, 4, 24), (24, 4, 4, 24), (24, 4, 4, 24), (24, 4, 4, 24), (24, 4, 4, 24), (24, 4, 4, 24), (24, 4, 4, 16), (16, 4, 4, 1)].
- largest Hermiticity error: 3.087133961496203e-11.
- maximal number of matvec operations: 81.
-> E_updated = 0.007092497383968014.
BoundaryCompression performed 3 sweeps.
Orthogonality column 4:
- C leg dimensions: [(1, 4, 4, 16), (16, 4, 4, 24), (24, 4, 4, 24), (24, 4, 4, 24), (24, 4, 4, 24), (24, 4, 4, 24), (24, 4, 4, 24), (24, 4, 4, 24), (24, 4, 4, 24), (24, 4, 4, 16), (16, 4, 4, 1)].
- Lh leg dimensions: [(1, 4, 4, 16), (16, 4, 4, 32), (32, 4, 4, 150), (150, 4, 4, 32), (32, 4, 4, 150), (150, 4, 4, 80), (80, 4, 4, 150), (150, 4, 4, 33), (33, 4, 4, 80), (80, 4, 4, 9), (9, 4, 4, 1)].
- Rh leg dimensions: [(1, 4, 4, 16), (16, 4, 4, 150), (150, 4, 4, 150), (150, 4, 4, 150), (150, 4, 4, 150), (150, 4, 4, 150), (150, 4, 4, 150), (150, 4, 4, 150), (150, 4, 4, 150), (150, 4, 4, 16), (16, 4, 4, 1)].
-> E = <Lh|CC*> + <ALhAL*|CC*|ARhAR*> + <CC*|Rh> = 0.1182791890644995 + -0.09821106049920758 + -0.006647383772327352 = 0.013420744792964564.
ColumnDMRG performed 3 sweeps.
- C_updated leg dimensions: [(1, 4, 4, 16), (16, 4, 4, 24), (24, 4, 4, 24), (24, 4, 4, 24), (24, 4, 4, 24), (24, 4, 4, 24), (24, 4, 4, 24), (24, 4, 4, 24), (24, 4, 4, 24), (24, 4, 4, 16), (16, 4, 4, 1)].
- largest Hermiticity error: 1.5416336901203068e-11.
- maximal number of matvec operations: 81.
-> E_updated = 0.010123897549111407.
BoundaryCompression performed 3 sweeps.
Orthogonality column 3:
- C leg dimensions: [(1, 4, 4, 16), (16, 2, 4, 24), (24, 4, 4, 24), (24, 2, 4, 24), (24, 4, 4, 24), (24, 4, 4, 24), (24, 4, 4, 24), (24, 4, 4, 24), (24, 2, 4, 24), (24, 4, 4, 8), (8, 2, 4, 1)].
- Lh leg dimensions: [(1, 4, 4, 8), (8, 2, 2, 29), (29, 4, 4, 8), (8, 2, 2, 29), (29, 4, 4, 13), (13, 4, 4, 80), (80, 4, 4, 8), (8, 4, 4, 29), (29, 2, 2, 8), (8, 4, 4, 4), (4, 2, 2, 1)].
- Rh leg dimensions: [(1, 4, 4, 16), (16, 4, 4, 150), (150, 4, 4, 150), (150, 4, 4, 150), (150, 4, 4, 150), (150, 4, 4, 150), (150, 4, 4, 150), (150, 4, 4, 150), (150, 4, 4, 150), (150, 4, 4, 16), (16, 4, 4, 1)].
-> E = <Lh|CC*> + <ALhAL*|CC*|ARhAR*> + <CC*|Rh> = 0.2323218585508829 + -0.11509627542816717 + -0.08387460399317467 = 0.03335097912954105.
ColumnDMRG performed 3 sweeps.
- C_updated leg dimensions: [(1, 4, 4, 16), (16, 2, 4, 24), (24, 4, 4, 24), (24, 2, 4, 24), (24, 4, 4, 24), (24, 4, 4, 24), (24, 4, 4, 24), (24, 4, 4, 24), (24, 2, 4, 24), (24, 4, 4, 8), (8, 2, 4, 1)].
- largest Hermiticity error: 5.392219971294719e-11.
- maximal number of matvec operations: 71.
-> E_updated = 0.03001165042443036.
BoundaryCompression performed 3 sweeps.
Orthogonality column 2:
- C leg dimensions: [(1, 2, 4, 8), (8, 2, 4, 24), (24, 2, 4, 24), (24, 2, 4, 24), (24, 2, 4, 24), (24, 4, 4, 24), (24, 2, 4, 24), (24, 2, 4, 24), (24, 2, 4, 24), (24, 2, 4, 8), (8, 2, 4, 1)].
- Lh leg dimensions: [(1, 2, 2, 4), (4, 2, 2, 3), (3, 2, 2, 8), (8, 2, 2, 3), (3, 2, 2, 9), (9, 4, 4, 3), (3, 2, 2, 8), (8, 2, 2, 3), (3, 2, 2, 8), (8, 2, 2, 3), (3, 2, 2, 1)].
- Rh leg dimensions: [(1, 4, 4, 16), (16, 4, 4, 150), (150, 4, 4, 150), (150, 4, 4, 150), (150, 4, 4, 150), (150, 4, 4, 150), (150, 4, 4, 150), (150, 4, 4, 150), (150, 4, 4, 150), (150, 4, 4, 16), (16, 4, 4, 1)].
-> E = <Lh|CC*> + <ALhAL*|CC*|ARhAR*> + <CC*|Rh> = 0.39658258688433784 + -0.16358291036504988 + -0.1857321904548473 = 0.04726748606444067.
ColumnDMRG performed 3 sweeps.
- C_updated leg dimensions: [(1, 2, 4, 8), (8, 2, 4, 24), (24, 2, 4, 24), (24, 2, 4, 24), (24, 2, 4, 24), (24, 4, 4, 24), (24, 2, 4, 24), (24, 2, 4, 24), (24, 2, 4, 24), (24, 2, 4, 8), (8, 2, 4, 1)].
- largest Hermiticity error: 4.82788186740573e-11.
- maximal number of matvec operations: 71.
-> E_updated = 0.04270312723534499.
BoundaryCompression performed 3 sweeps.
Orthogonality column 1:
- C leg dimensions: [(1, 2, 4, 8), (8, 1, 4, 24), (24, 2, 4, 24), (24, 1, 4, 24), (24, 2, 4, 24), (24, 2, 4, 24), (24, 1, 4, 24), (24, 2, 4, 24), (24, 1, 4, 24), (24, 2, 4, 4), (4, 1, 4, 1)].
- Rh leg dimensions: [(1, 4, 4, 16), (16, 4, 4, 150), (150, 4, 4, 150), (150, 4, 4, 150), (150, 4, 4, 150), (150, 4, 4, 150), (150, 4, 4, 150), (150, 4, 4, 150), (150, 4, 4, 150), (150, 4, 4, 16), (16, 4, 4, 1)].
-> E = <Lh|CC*> + <ALhAL*|CC*|ARhAR*> + <CC*|Rh> = None + 0.396867784073509 + -0.3300492791851812 = 0.0668185048883278.
ColumnDMRG performed 3 sweeps.
- C_updated leg dimensions: [(1, 2, 4, 8), (8, 1, 4, 24), (24, 2, 4, 24), (24, 1, 4, 24), (24, 2, 4, 24), (24, 2, 4, 24), (24, 1, 4, 24), (24, 2, 4, 24), (24, 1, 4, 24), (24, 2, 4, 4), (4, 1, 4, 1)].
- largest Hermiticity error: 3.236062667602258e-11.
- maximal number of matvec operations: 61.
-> E_updated = 0.06164832707546461.
BoundaryCompression performed 3 sweeps.
Orthogonality column 0:
- C leg dimensions: [(1, 1, 4, 4), (4, 1, 4, 16), (16, 1, 4, 24), (24, 1, 4, 24), (24, 1, 4, 24), (24, 1, 4, 24), (24, 1, 4, 24), (24, 1, 4, 24), (24, 1, 4, 24), (24, 1, 4, 4), (4, 1, 4, 1)].
- Rh leg dimensions: [(1, 4, 4, 16), (16, 4, 4, 150), (150, 4, 4, 150), (150, 4, 4, 150), (150, 4, 4, 150), (150, 4, 4, 150), (150, 4, 4, 150), (150, 4, 4, 150), (150, 4, 4, 150), (150, 4, 4, 16), (16, 4, 4, 1)].
-> E = <Lh|CC*> + <ALhAL*|CC*|ARhAR*> + <CC*|Rh> = None + None + 0.0957579930368127 = 0.0957579930368127.
ColumnDMRG performed 3 sweeps.
- C_updated leg dimensions: [(1, 1, 4, 4), (4, 1, 4, 16), (16, 1, 4, 24), (24, 1, 4, 24), (24, 1, 4, 24), (24, 1, 4, 24), (24, 1, 4, 24), (24, 1, 4, 24), (24, 1, 4, 16), (16, 1, 4, 4), (4, 1, 4, 1)].
- largest Hermiticity error: 2.7206151517222843e-10.
- maximal number of matvec operations: 51.
-> E_updated = 0.08662467027047611.
DMRGSquared performed 1 sweeps.
=> <H> - E0 = 0.0663103345663103.

<H>s - E0 = [0.09211131 0.06704403 0.06631033]
