Lx = 6, Ly = 6, g = 3.0, D_max = 6, chi_max_c = 36, chi_max_b = 216. 

E0_exact = -227.308603832. 

es = [-26.73594705 -17.90800613 -17.96759821 -17.9827655  -17.99673118
 -17.99541967 -17.99800835 -17.99798307 -17.99788207 -18.00125715
 -26.99048378].
E = -215.57208215641958.
E - E0 = 11.736521675580406.
subtract energy E0_exact evenly from all columns.


DMRGSquared sweep 1 ...
Orthogonality column 0:
- C leg dimensions: [(1, 1, 6, 6), (6, 1, 6, 36), (36, 1, 6, 36), (36, 1, 6, 36), (36, 1, 6, 36), (36, 1, 6, 36), (36, 1, 6, 36), (36, 1, 6, 36), (36, 1, 6, 36), (36, 1, 6, 6), (6, 1, 6, 1)].
- Rh leg dimensions: [(1, 6, 6, 36), (36, 6, 6, 216), (216, 6, 6, 216), (216, 6, 6, 216), (216, 6, 6, 216), (216, 6, 6, 216), (216, 6, 6, 216), (216, 6, 6, 216), (216, 6, 6, 216), (216, 6, 6, 36), (36, 6, 6, 1)].
-> E = <Lh|CC*> + <ALhAL*|CC*|ARhAR*> + <CC*|Rh> = None + None + -20.645670396606427 = -20.645670396606427.
- C_updated leg dimensions: [(1, 1, 6, 6), (6, 1, 6, 36), (36, 1, 6, 36), (36, 1, 6, 36), (36, 1, 6, 36), (36, 1, 6, 36), (36, 1, 6, 36), (36, 1, 6, 36), (36, 1, 6, 36), (36, 1, 6, 6), (6, 1, 6, 1)].
- largest Hermiticity error: 2.723314877258396e-08.
- maximal number of matvec operations: 21.
-> E_updated = -27.82951699587456.
Orthogonality column 1:
- C leg dimensions: [(1, 2, 6, 6), (6, 1, 6, 36), (36, 2, 6, 36), (36, 1, 6, 36), (36, 2, 6, 36), (36, 2, 6, 36), (36, 1, 6, 36), (36, 2, 6, 36), (36, 1, 6, 36), (36, 2, 6, 6), (6, 1, 6, 1)].
- Rh leg dimensions: [(1, 6, 6, 36), (36, 6, 6, 216), (216, 6, 6, 216), (216, 6, 6, 216), (216, 6, 6, 216), (216, 6, 6, 216), (216, 6, 6, 216), (216, 6, 6, 216), (216, 6, 6, 216), (216, 6, 6, 36), (36, 6, 6, 1)].
-> E = <Lh|CC*> + <ALhAL*|CC*|ARhAR*> + <CC*|Rh> = None + 1.1749990404239468 + -31.34443622041015 = -30.1694371799862.
- C_updated leg dimensions: [(1, 2, 6, 12), (12, 1, 6, 36), (36, 2, 6, 36), (36, 1, 6, 36), (36, 2, 6, 36), (36, 2, 6, 36), (36, 1, 6, 36), (36, 2, 6, 36), (36, 1, 6, 36), (36, 2, 6, 6), (6, 1, 6, 1)].
- largest Hermiticity error: 6.783966516839e-08.
- maximal number of matvec operations: 31.
-> E_updated = -30.445262349475968.
Orthogonality column 2:
- C leg dimensions: [(1, 2, 6, 12), (12, 2, 6, 36), (36, 2, 6, 36), (36, 2, 6, 36), (36, 2, 6, 36), (36, 4, 6, 36), (36, 2, 6, 36), (36, 2, 6, 36), (36, 2, 6, 36), (36, 2, 6, 6), (6, 2, 6, 1)].
- Lh leg dimensions: [(1, 2, 2, 4), (4, 2, 2, 3), (3, 2, 2, 8), (8, 2, 2, 3), (3, 2, 2, 9), (9, 4, 4, 3), (3, 2, 2, 8), (8, 2, 2, 3), (3, 2, 2, 8), (8, 2, 2, 3), (3, 2, 2, 1)].
- Rh leg dimensions: [(1, 6, 6, 36), (36, 6, 6, 216), (216, 6, 6, 216), (216, 6, 6, 216), (216, 6, 6, 216), (216, 6, 6, 216), (216, 6, 6, 216), (216, 6, 6, 216), (216, 6, 6, 216), (216, 6, 6, 36), (36, 6, 6, 1)].
-> E = <Lh|CC*> + <ALhAL*|CC*|ARhAR*> + <CC*|Rh> = 1.0584121644351425 + 0.8696215069041731 + -32.455200652089346 = -30.52716698075003.
- C_updated leg dimensions: [(1, 2, 6, 12), (12, 2, 6, 36), (36, 2, 6, 36), (36, 2, 6, 36), (36, 2, 6, 36), (36, 4, 6, 36), (36, 2, 6, 36), (36, 2, 6, 36), (36, 2, 6, 36), (36, 2, 6, 12), (12, 2, 6, 1)].
- largest Hermiticity error: 4.504548192423695e-07.
- maximal number of matvec operations: 51.
-> E_updated = -31.675890532581267.
Orthogonality column 3:
- C leg dimensions: [(1, 4, 6, 12), (12, 2, 6, 36), (36, 4, 6, 36), (36, 2, 6, 36), (36, 4, 6, 36), (36, 4, 6, 36), (36, 4, 6, 36), (36, 4, 6, 36), (36, 2, 6, 36), (36, 4, 6, 12), (12, 2, 6, 1)].
- Lh leg dimensions: [(1, 4, 4, 8), (8, 2, 2, 29), (29, 4, 4, 8), (8, 2, 2, 29), (29, 4, 4, 13), (13, 4, 4, 80), (80, 4, 4, 8), (8, 4, 4, 29), (29, 2, 2, 8), (8, 4, 4, 4), (4, 2, 2, 1)].
- Rh leg dimensions: [(1, 6, 6, 36), (36, 6, 6, 216), (216, 6, 6, 216), (216, 6, 6, 216), (216, 6, 6, 216), (216, 6, 6, 216), (216, 6, 6, 216), (216, 6, 6, 216), (216, 6, 6, 216), (216, 6, 6, 36), (36, 6, 6, 1)].
-> E = <Lh|CC*> + <ALhAL*|CC*|ARhAR*> + <CC*|Rh> = 0.9920875090702386 + 0.9243597100396764 + -20.769632489403733 = -18.853185270293817.
- C_updated leg dimensions: [(1, 4, 6, 24), (24, 2, 6, 36), (36, 4, 6, 36), (36, 2, 6, 36), (36, 4, 6, 36), (36, 4, 6, 36), (36, 4, 6, 36), (36, 4, 6, 36), (36, 2, 6, 36), (36, 4, 6, 12), (12, 2, 6, 1)].
- largest Hermiticity error: 1.297373274680886e-07.
- maximal number of matvec operations: 61.
-> E_updated = -20.01458042721784.
Orthogonality column 4:
- C leg dimensions: [(1, 4, 6, 24), (24, 4, 6, 36), (36, 4, 6, 36), (36, 4, 6, 36), (36, 5, 6, 36), (36, 6, 6, 36), (36, 6, 6, 36), (36, 5, 6, 36), (36, 4, 6, 36), (36, 4, 6, 12), (12, 4, 6, 1)].
- Lh leg dimensions: [(1, 4, 4, 16), (16, 4, 4, 32), (32, 4, 4, 216), (216, 4, 4, 33), (33, 5, 5, 216), (216, 6, 6, 81), (81, 6, 6, 216), (216, 5, 5, 32), (32, 4, 4, 80), (80, 4, 4, 9), (9, 4, 4, 1)].
- Rh leg dimensions: [(1, 6, 6, 36), (36, 6, 6, 216), (216, 6, 6, 216), (216, 6, 6, 216), (216, 6, 6, 216), (216, 6, 6, 216), (216, 6, 6, 216), (216, 6, 6, 216), (216, 6, 6, 216), (216, 6, 6, 36), (36, 6, 6, 1)].
-> E = <Lh|CC*> + <ALhAL*|CC*|ARhAR*> + <CC*|Rh> = 0.9196951489856814 + 0.9323734001840123 + -8.561250536182358 = -6.7091819870126645.
- C_updated leg dimensions: [(1, 4, 6, 24), (24, 4, 6, 36), (36, 4, 6, 36), (36, 4, 6, 36), (36, 5, 6, 36), (36, 6, 6, 36), (36, 6, 6, 36), (36, 5, 6, 36), (36, 4, 6, 36), (36, 4, 6, 24), (24, 4, 6, 1)].
- largest Hermiticity error: 2.244071539470108e-07.
- maximal number of matvec operations: 61.
-> E_updated = -7.917567944285326.
Orthogonality column 5:
- C leg dimensions: [(1, 6, 6, 24), (24, 5, 6, 36), (36, 6, 6, 36), (36, 6, 6, 36), (36, 6, 6, 36), (36, 6, 6, 36), (36, 6, 6, 36), (36, 6, 6, 36), (36, 6, 6, 36), (36, 6, 6, 30), (30, 5, 6, 1)].
- Lh leg dimensions: [(1, 6, 6, 29), (29, 5, 5, 216), (216, 6, 6, 216), (216, 6, 6, 216), (216, 6, 6, 216), (216, 6, 6, 216), (216, 6, 6, 216), (216, 6, 6, 216), (216, 6, 6, 96), (96, 6, 6, 25), (25, 5, 5, 1)].
- Rh leg dimensions: [(1, 6, 6, 36), (36, 6, 6, 216), (216, 6, 6, 216), (216, 6, 6, 216), (216, 6, 6, 216), (216, 6, 6, 216), (216, 6, 6, 216), (216, 6, 6, 216), (216, 6, 6, 216), (216, 6, 6, 36), (36, 6, 6, 1)].
-> E = <Lh|CC*> + <ALhAL*|CC*|ARhAR*> + <CC*|Rh> = 0.7831251240523274 + 0.9350809646613094 + 2.9447883587017327 = 4.66299444741537.
- C_updated leg dimensions: [(1, 6, 6, 36), (36, 5, 6, 36), (36, 6, 6, 36), (36, 6, 6, 36), (36, 6, 6, 36), (36, 6, 6, 36), (36, 6, 6, 36), (36, 6, 6, 36), (36, 6, 6, 36), (36, 6, 6, 30), (30, 5, 6, 1)].
- largest Hermiticity error: 5.311511896420171e-07.
- maximal number of matvec operations: 71.
-> E_updated = 3.360285932579609.
Orthogonality column 6:
- C leg dimensions: [(1, 6, 6, 36), (36, 6, 6, 36), (36, 6, 6, 36), (36, 6, 6, 36), (36, 6, 6, 36), (36, 6, 6, 36), (36, 6, 6, 36), (36, 6, 6, 36), (36, 6, 6, 36), (36, 6, 6, 30), (30, 6, 6, 1)].
- Lh leg dimensions: [(1, 6, 6, 36), (36, 6, 6, 216), (216, 6, 6, 216), (216, 6, 6, 216), (216, 6, 6, 216), (216, 6, 6, 216), (216, 6, 6, 216), (216, 6, 6, 216), (216, 6, 6, 216), (216, 6, 6, 35), (35, 6, 6, 1)].
- Rh leg dimensions: [(1, 6, 6, 35), (35, 6, 6, 216), (216, 6, 6, 216), (216, 6, 6, 216), (216, 6, 6, 216), (216, 6, 6, 216), (216, 6, 6, 216), (216, 6, 6, 216), (216, 6, 6, 216), (216, 6, 6, 36), (36, 6, 6, 1)].
-> E = <Lh|CC*> + <ALhAL*|CC*|ARhAR*> + <CC*|Rh> = 0.6009880650905338 + 0.9091423112641004 + 5.059148940228956 = 6.569279316583589.
- C_updated leg dimensions: [(1, 6, 6, 36), (36, 6, 6, 36), (36, 6, 6, 36), (36, 6, 6, 36), (36, 6, 6, 36), (36, 6, 6, 36), (36, 6, 6, 36), (36, 6, 6, 36), (36, 6, 6, 36), (36, 6, 6, 36), (36, 6, 6, 1)].
- largest Hermiticity error: 1.054803493602823e-08.
- maximal number of matvec operations: 61.
-> E_updated = 5.077203458645805.
Orthogonality column 7:
- C leg dimensions: [(1, 6, 5, 36), (36, 6, 6, 36), (36, 6, 5, 36), (36, 6, 6, 36), (36, 6, 5, 36), (36, 6, 6, 36), (36, 6, 5, 36), (36, 6, 6, 36), (36, 6, 6, 36), (36, 6, 6, 36), (36, 6, 6, 1)].
- Lh leg dimensions: [(1, 6, 6, 36), (36, 6, 6, 216), (216, 6, 6, 216), (216, 6, 6, 216), (216, 6, 6, 216), (216, 6, 6, 216), (216, 6, 6, 216), (216, 6, 6, 216), (216, 6, 6, 216), (216, 6, 6, 36), (36, 6, 6, 1)].
- Rh leg dimensions: [(1, 5, 5, 25), (25, 6, 6, 96), (96, 5, 5, 216), (216, 6, 6, 216), (216, 5, 5, 216), (216, 6, 6, 216), (216, 5, 5, 216), (216, 6, 6, 216), (216, 6, 6, 216), (216, 6, 6, 36), (36, 6, 6, 1)].
-> E = <Lh|CC*> + <ALhAL*|CC*|ARhAR*> + <CC*|Rh> = 0.6593026745668774 + 0.839401843300374 + 4.6547637566141695 = 6.153468274481421.
- C_updated leg dimensions: [(1, 6, 5, 30), (30, 6, 6, 36), (36, 6, 5, 36), (36, 6, 6, 36), (36, 6, 5, 36), (36, 6, 6, 36), (36, 6, 5, 36), (36, 6, 6, 36), (36, 6, 6, 36), (36, 6, 6, 36), (36, 6, 6, 1)].
- largest Hermiticity error: 2.5791014859142317e-09.
- maximal number of matvec operations: 61.
-> E_updated = 3.1121602722802524.
Orthogonality column 8:
- C leg dimensions: [(1, 6, 4, 24), (24, 6, 4, 36), (36, 6, 4, 36), (36, 6, 4, 36), (36, 6, 4, 36), (36, 6, 4, 36), (36, 6, 4, 36), (36, 6, 4, 36), (36, 6, 4, 36), (36, 6, 6, 36), (36, 6, 6, 1)].
- Lh leg dimensions: [(1, 6, 6, 36), (36, 6, 6, 216), (216, 6, 6, 216), (216, 6, 6, 216), (216, 6, 6, 216), (216, 6, 6, 216), (216, 6, 6, 216), (216, 6, 6, 216), (216, 6, 6, 216), (216, 6, 6, 36), (36, 6, 6, 1)].
- Rh leg dimensions: [(1, 4, 4, 9), (9, 4, 4, 80), (80, 4, 4, 32), (32, 4, 4, 216), (216, 4, 4, 33), (33, 4, 4, 216), (216, 4, 4, 32), (32, 4, 4, 216), (216, 4, 4, 32), (32, 6, 6, 36), (36, 6, 6, 1)].
-> E = <Lh|CC*> + <ALhAL*|CC*|ARhAR*> + <CC*|Rh> = 0.31510217542708596 + 0.3150075246962574 + 2.671787069592151 = 3.301896769715494.
- C_updated leg dimensions: [(1, 6, 4, 24), (24, 6, 4, 36), (36, 6, 4, 36), (36, 6, 4, 36), (36, 6, 4, 36), (36, 6, 4, 36), (36, 6, 4, 36), (36, 6, 4, 36), (36, 6, 4, 36), (36, 6, 6, 36), (36, 6, 6, 1)].
- largest Hermiticity error: 1.9094824386019817e-10.
- maximal number of matvec operations: 61.
-> E_updated = 1.1219779866048265.
Orthogonality column 9:
- C leg dimensions: [(1, 6, 2, 24), (24, 6, 4, 36), (36, 6, 2, 36), (36, 6, 4, 36), (36, 6, 2, 36), (36, 6, 4, 36), (36, 6, 2, 36), (36, 6, 4, 36), (36, 6, 2, 36), (36, 6, 4, 36), (36, 6, 6, 1)].
- Lh leg dimensions: [(1, 6, 6, 36), (36, 6, 6, 216), (216, 6, 6, 216), (216, 6, 6, 216), (216, 6, 6, 216), (216, 6, 6, 216), (216, 6, 6, 216), (216, 6, 6, 216), (216, 6, 6, 216), (216, 6, 6, 36), (36, 6, 6, 1)].
- Rh leg dimensions: [(1, 2, 2, 4), (4, 4, 4, 8), (8, 2, 2, 29), (29, 4, 4, 8), (8, 2, 2, 29), (29, 4, 4, 8), (8, 2, 2, 29), (29, 4, 4, 8), (8, 2, 2, 29), (29, 4, 4, 13), (13, 6, 6, 1)].
-> E = <Lh|CC*> + <ALhAL*|CC*|ARhAR*> + <CC*|Rh> = 0.4044047187663354 + 0.019483380418221806 + 0.8251905714147535 = 1.2490786705993107.
- C_updated leg dimensions: [(1, 6, 2, 12), (12, 6, 4, 36), (36, 6, 2, 36), (36, 6, 4, 36), (36, 6, 2, 36), (36, 6, 4, 36), (36, 6, 2, 36), (36, 6, 4, 36), (36, 6, 2, 36), (36, 6, 4, 36), (36, 6, 6, 1)].
- largest Hermiticity error: 3.3419249691178656e-10.
- maximal number of matvec operations: 61.
-> E_updated = 0.6887933551520917.
Orthogonality column 10:
- C leg dimensions: [(1, 6, 2, 12), (12, 6, 2, 36), (36, 6, 2, 36), (36, 6, 2, 36), (36, 6, 2, 36), (36, 6, 2, 36), (36, 6, 2, 36), (36, 6, 2, 36), (36, 6, 2, 36), (36, 6, 2, 36), (36, 6, 4, 1)].
- Lh leg dimensions: [(1, 6, 6, 36), (36, 6, 6, 216), (216, 6, 6, 216), (216, 6, 6, 216), (216, 6, 6, 216), (216, 6, 6, 216), (216, 6, 6, 216), (216, 6, 6, 216), (216, 6, 6, 216), (216, 6, 6, 36), (36, 6, 6, 1)].
- Rh leg dimensions: [(1, 2, 2, 3), (3, 2, 2, 8), (8, 2, 2, 3), (3, 2, 2, 8), (8, 2, 2, 3), (3, 2, 2, 8), (8, 2, 2, 3), (3, 2, 2, 8), (8, 2, 2, 3), (3, 2, 2, 9), (9, 4, 4, 1)].
-> E = <Lh|CC*> + <ALhAL*|CC*|ARhAR*> + <CC*|Rh> = 0.26051322781610836 + -0.035440191641164256 + 0.5734462454460177 = 0.7985192816209619.
- C_updated leg dimensions: [(1, 6, 2, 12), (12, 6, 2, 36), (36, 6, 2, 36), (36, 6, 2, 36), (36, 6, 2, 36), (36, 6, 2, 36), (36, 6, 2, 36), (36, 6, 2, 36), (36, 6, 2, 36), (36, 6, 2, 24), (24, 6, 4, 1)].
- largest Hermiticity error: 2.4993137816363157e-10.
- maximal number of matvec operations: 61.
-> E_updated = 0.5897954636692061.
Orthogonality column 11:
- C leg dimensions: [(1, 6, 1, 12), (12, 6, 2, 36), (36, 6, 1, 36), (36, 6, 2, 36), (36, 6, 1, 36), (36, 6, 2, 36), (36, 6, 1, 36), (36, 6, 2, 36), (36, 6, 1, 36), (36, 6, 2, 12), (12, 6, 2, 1)].
- Lh leg dimensions: [(1, 6, 6, 36), (36, 6, 6, 216), (216, 6, 6, 216), (216, 6, 6, 216), (216, 6, 6, 216), (216, 6, 6, 216), (216, 6, 6, 216), (216, 6, 6, 216), (216, 6, 6, 216), (216, 6, 6, 36), (36, 6, 6, 1)].
-> E = <Lh|CC*> + <ALhAL*|CC*|ARhAR*> + <CC*|Rh> = 0.27300646387650107 + 0.5483079795172875 + None = 0.8213144433937886.
- C_updated leg dimensions: [(1, 6, 1, 6), (6, 6, 2, 36), (36, 6, 1, 36), (36, 6, 2, 36), (36, 6, 1, 36), (36, 6, 2, 36), (36, 6, 1, 36), (36, 6, 2, 36), (36, 6, 1, 36), (36, 6, 2, 12), (12, 6, 2, 1)].
- largest Hermiticity error: 4.120652393342875e-09.
- maximal number of matvec operations: 51.
-> E_updated = 0.6892469261792814.
Orthogonality column 12:
- C leg dimensions: [(1, 6, 1, 6), (6, 6, 1, 36), (36, 6, 1, 36), (36, 6, 1, 36), (36, 6, 1, 36), (36, 6, 1, 36), (36, 6, 1, 36), (36, 6, 1, 36), (36, 6, 1, 36), (36, 6, 1, 12), (12, 6, 1, 1)].
- Lh leg dimensions: [(1, 6, 6, 36), (36, 6, 6, 216), (216, 6, 6, 216), (216, 6, 6, 216), (216, 6, 6, 216), (216, 6, 6, 216), (216, 6, 6, 216), (216, 6, 6, 216), (216, 6, 6, 216), (216, 6, 6, 36), (36, 6, 6, 1)].
-> E = <Lh|CC*> + <ALhAL*|CC*|ARhAR*> + <CC*|Rh> = 0.8410412081146263 + None + None = 0.8410412081146263.
- C_updated leg dimensions: [(1, 6, 1, 6), (6, 6, 1, 36), (36, 6, 1, 36), (36, 6, 1, 36), (36, 6, 1, 36), (36, 6, 1, 36), (36, 6, 1, 36), (36, 6, 1, 36), (36, 6, 1, 36), (36, 6, 1, 6), (6, 6, 1, 1)].
- largest Hermiticity error: 3.898596617020748e-07.
- maximal number of matvec operations: 51.
-> E_updated = 0.7051711653587578.
Orthogonality column 11:
- C leg dimensions: [(1, 6, 1, 6), (6, 6, 2, 36), (36, 6, 1, 36), (36, 6, 2, 36), (36, 6, 1, 36), (36, 6, 2, 36), (36, 6, 2, 36), (36, 6, 1, 36), (36, 6, 2, 36), (36, 6, 1, 6), (6, 6, 2, 1)].
- Lh leg dimensions: [(1, 6, 6, 36), (36, 6, 6, 216), (216, 6, 6, 216), (216, 6, 6, 216), (216, 6, 6, 216), (216, 6, 6, 216), (216, 6, 6, 216), (216, 6, 6, 216), (216, 6, 6, 216), (216, 6, 6, 36), (36, 6, 6, 1)].
-> E = <Lh|CC*> + <ALhAL*|CC*|ARhAR*> + <CC*|Rh> = 0.2750732392532206 + 0.5587394869335855 + None = 0.8338127261868061.
- C_updated leg dimensions: [(1, 6, 1, 6), (6, 6, 2, 36), (36, 6, 1, 36), (36, 6, 2, 36), (36, 6, 1, 36), (36, 6, 2, 36), (36, 6, 2, 36), (36, 6, 1, 36), (36, 6, 2, 36), (36, 6, 1, 12), (12, 6, 2, 1)].
- largest Hermiticity error: 6.427123239550505e-09.
- maximal number of matvec operations: 51.
-> E_updated = 0.6892050586110586.
Orthogonality column 10:
- C leg dimensions: [(1, 6, 2, 6), (6, 6, 2, 36), (36, 6, 2, 36), (36, 6, 2, 36), (36, 6, 2, 36), (36, 6, 4, 36), (36, 6, 2, 36), (36, 6, 2, 36), (36, 6, 2, 36), (36, 6, 2, 12), (12, 6, 2, 1)].
- Lh leg dimensions: [(1, 6, 6, 36), (36, 6, 6, 216), (216, 6, 6, 216), (216, 6, 6, 216), (216, 6, 6, 216), (216, 6, 6, 216), (216, 6, 6, 216), (216, 6, 6, 216), (216, 6, 6, 216), (216, 6, 6, 36), (36, 6, 6, 1)].
- Rh leg dimensions: [(1, 2, 2, 3), (3, 2, 2, 8), (8, 2, 2, 3), (3, 2, 2, 8), (8, 2, 2, 3), (3, 4, 4, 9), (9, 2, 2, 3), (3, 2, 2, 8), (8, 2, 2, 3), (3, 2, 2, 4), (4, 2, 2, 1)].
-> E = <Lh|CC*> + <ALhAL*|CC*|ARhAR*> + <CC*|Rh> = 0.26186632090544926 + -0.07669119459967695 + 0.5485133994342701 = 0.7336885257400425.
- C_updated leg dimensions: [(1, 6, 2, 12), (12, 6, 2, 36), (36, 6, 2, 36), (36, 6, 2, 36), (36, 6, 2, 36), (36, 6, 4, 36), (36, 6, 2, 36), (36, 6, 2, 36), (36, 6, 2, 36), (36, 6, 2, 12), (12, 6, 2, 1)].
- largest Hermiticity error: 3.5806890526439925e-10.
- maximal number of matvec operations: 61.
-> E_updated = 0.5857004751736474.
Orthogonality column 9:
- C leg dimensions: [(1, 6, 2, 12), (12, 6, 4, 36), (36, 6, 2, 36), (36, 6, 4, 36), (36, 6, 4, 36), (36, 6, 4, 36), (36, 6, 4, 36), (36, 6, 2, 36), (36, 6, 4, 36), (36, 6, 2, 12), (12, 6, 4, 1)].
- Lh leg dimensions: [(1, 6, 6, 36), (36, 6, 6, 216), (216, 6, 6, 216), (216, 6, 6, 216), (216, 6, 6, 216), (216, 6, 6, 216), (216, 6, 6, 216), (216, 6, 6, 216), (216, 6, 6, 216), (216, 6, 6, 36), (36, 6, 6, 1)].
- Rh leg dimensions: [(1, 2, 2, 4), (4, 4, 4, 8), (8, 2, 2, 29), (29, 4, 4, 8), (8, 4, 4, 80), (80, 4, 4, 13), (13, 4, 4, 29), (29, 2, 2, 8), (8, 4, 4, 29), (29, 2, 2, 8), (8, 4, 4, 1)].
-> E = <Lh|CC*> + <ALhAL*|CC*|ARhAR*> + <CC*|Rh> = 0.34757538686831035 + -0.07251554822035473 + 0.4590803051533433 = 0.7341401438012989.
- C_updated leg dimensions: [(1, 6, 2, 12), (12, 6, 4, 36), (36, 6, 2, 36), (36, 6, 4, 36), (36, 6, 4, 36), (36, 6, 4, 36), (36, 6, 4, 36), (36, 6, 2, 36), (36, 6, 4, 36), (36, 6, 2, 24), (24, 6, 4, 1)].
- largest Hermiticity error: 2.4902049817131324e-10.
- maximal number of matvec operations: 61.
-> E_updated = 0.5758742115685501.
Orthogonality column 8:
- C leg dimensions: [(1, 6, 4, 12), (12, 6, 4, 36), (36, 6, 4, 36), (36, 6, 5, 36), (36, 6, 6, 36), (36, 6, 6, 36), (36, 6, 5, 36), (36, 6, 4, 36), (36, 6, 4, 36), (36, 6, 4, 24), (24, 6, 4, 1)].
- Lh leg dimensions: [(1, 6, 6, 36), (36, 6, 6, 216), (216, 6, 6, 216), (216, 6, 6, 216), (216, 6, 6, 216), (216, 6, 6, 216), (216, 6, 6, 216), (216, 6, 6, 216), (216, 6, 6, 216), (216, 6, 6, 36), (36, 6, 6, 1)].
- Rh leg dimensions: [(1, 4, 4, 9), (9, 4, 4, 80), (80, 4, 4, 32), (32, 5, 5, 216), (216, 6, 6, 81), (81, 6, 6, 216), (216, 5, 5, 32), (32, 4, 4, 216), (216, 4, 4, 32), (32, 4, 4, 16), (16, 4, 4, 1)].
-> E = <Lh|CC*> + <ALhAL*|CC*|ARhAR*> + <CC*|Rh> = 0.30873459127597047 + -0.06573548060354702 + 0.3784565370939145 = 0.621455647766338.
- C_updated leg dimensions: [(1, 6, 4, 24), (24, 6, 4, 36), (36, 6, 4, 36), (36, 6, 5, 36), (36, 6, 6, 36), (36, 6, 6, 36), (36, 6, 5, 36), (36, 6, 4, 36), (36, 6, 4, 36), (36, 6, 4, 24), (24, 6, 4, 1)].
- largest Hermiticity error: 2.402721752212114e-10.
- maximal number of matvec operations: 61.
-> E_updated = 0.4621235113584797.
Orthogonality column 7:
- C leg dimensions: [(1, 6, 5, 30), (30, 6, 6, 36), (36, 6, 6, 36), (36, 6, 6, 36), (36, 6, 6, 36), (36, 6, 6, 36), (36, 6, 6, 36), (36, 6, 6, 36), (36, 6, 6, 36), (36, 6, 5, 24), (24, 6, 6, 1)].
- Lh leg dimensions: [(1, 6, 6, 36), (36, 6, 6, 216), (216, 6, 6, 216), (216, 6, 6, 216), (216, 6, 6, 216), (216, 6, 6, 216), (216, 6, 6, 216), (216, 6, 6, 216), (216, 6, 6, 216), (216, 6, 6, 36), (36, 6, 6, 1)].
- Rh leg dimensions: [(1, 5, 5, 25), (25, 6, 6, 97), (97, 6, 6, 216), (216, 6, 6, 216), (216, 6, 6, 216), (216, 6, 6, 216), (216, 6, 6, 216), (216, 6, 6, 216), (216, 6, 6, 216), (216, 5, 5, 29), (29, 6, 6, 1)].
-> E = <Lh|CC*> + <ALhAL*|CC*|ARhAR*> + <CC*|Rh> = 0.2893555934152107 + -0.06896088967727454 + 0.3040014632133485 = 0.5243961669512847.
- C_updated leg dimensions: [(1, 6, 5, 30), (30, 6, 6, 36), (36, 6, 6, 36), (36, 6, 6, 36), (36, 6, 6, 36), (36, 6, 6, 36), (36, 6, 6, 36), (36, 6, 6, 36), (36, 6, 6, 36), (36, 6, 5, 36), (36, 6, 6, 1)].
- largest Hermiticity error: 3.220111703370308e-10.
- maximal number of matvec operations: 71.
-> E_updated = 0.3546929205294648.
Orthogonality column 6:
- C leg dimensions: [(1, 6, 6, 30), (30, 6, 6, 36), (36, 6, 6, 36), (36, 6, 6, 36), (36, 6, 6, 36), (36, 6, 6, 36), (36, 6, 6, 36), (36, 6, 6, 36), (36, 6, 6, 36), (36, 6, 6, 36), (36, 6, 6, 1)].
- Lh leg dimensions: [(1, 6, 6, 36), (36, 6, 6, 216), (216, 6, 6, 216), (216, 6, 6, 216), (216, 6, 6, 216), (216, 6, 6, 216), (216, 6, 6, 216), (216, 6, 6, 216), (216, 6, 6, 216), (216, 6, 6, 35), (35, 6, 6, 1)].
- Rh leg dimensions: [(1, 6, 6, 35), (35, 6, 6, 216), (216, 6, 6, 216), (216, 6, 6, 216), (216, 6, 6, 216), (216, 6, 6, 216), (216, 6, 6, 216), (216, 6, 6, 216), (216, 6, 6, 216), (216, 6, 6, 36), (36, 6, 6, 1)].
-> E = <Lh|CC*> + <ALhAL*|CC*|ARhAR*> + <CC*|Rh> = 0.04103713309201477 + 0.08528111205739294 + 0.24860423453562966 = 0.37492247968503734.
- C_updated leg dimensions: [(1, 6, 6, 36), (36, 6, 6, 36), (36, 6, 6, 36), (36, 6, 6, 36), (36, 6, 6, 36), (36, 6, 6, 36), (36, 6, 6, 36), (36, 6, 6, 36), (36, 6, 6, 36), (36, 6, 6, 36), (36, 6, 6, 1)].
- largest Hermiticity error: 2.7694536268526674e-12.
- maximal number of matvec operations: 71.
-> E_updated = 0.110372474399386.
Orthogonality column 5:
- C leg dimensions: [(1, 6, 6, 36), (36, 5, 6, 36), (36, 6, 6, 36), (36, 6, 6, 36), (36, 6, 6, 36), (36, 6, 6, 36), (36, 6, 6, 36), (36, 6, 6, 36), (36, 6, 6, 36), (36, 6, 6, 30), (30, 5, 6, 1)].
- Lh leg dimensions: [(1, 6, 6, 29), (29, 5, 5, 216), (216, 6, 6, 216), (216, 6, 6, 216), (216, 6, 6, 216), (216, 6, 6, 216), (216, 6, 6, 216), (216, 6, 6, 216), (216, 6, 6, 96), (96, 6, 6, 25), (25, 5, 5, 1)].
- Rh leg dimensions: [(1, 6, 6, 36), (36, 6, 6, 216), (216, 6, 6, 216), (216, 6, 6, 216), (216, 6, 6, 216), (216, 6, 6, 216), (216, 6, 6, 216), (216, 6, 6, 216), (216, 6, 6, 216), (216, 6, 6, 36), (36, 6, 6, 1)].
-> E = <Lh|CC*> + <ALhAL*|CC*|ARhAR*> + <CC*|Rh> = -0.04705620835915956 + -0.01201427026150726 + 0.24284294995462355 = 0.18377247133395674.
- C_updated leg dimensions: [(1, 6, 6, 36), (36, 5, 6, 36), (36, 6, 6, 36), (36, 6, 6, 36), (36, 6, 6, 36), (36, 6, 6, 36), (36, 6, 6, 36), (36, 6, 6, 36), (36, 6, 6, 36), (36, 6, 6, 30), (30, 5, 6, 1)].
- largest Hermiticity error: 5.927800817926617e-07.
- maximal number of matvec operations: 81.
-> E_updated = 0.04278366817349488.
Orthogonality column 4:
- C leg dimensions: [(1, 4, 6, 24), (24, 4, 6, 36), (36, 4, 6, 36), (36, 4, 6, 36), (36, 5, 6, 36), (36, 6, 6, 36), (36, 6, 6, 36), (36, 5, 6, 36), (36, 4, 6, 36), (36, 4, 6, 24), (24, 4, 6, 1)].
- Lh leg dimensions: [(1, 4, 4, 16), (16, 4, 4, 32), (32, 4, 4, 216), (216, 4, 4, 33), (33, 5, 5, 216), (216, 6, 6, 81), (81, 6, 6, 216), (216, 5, 5, 32), (32, 4, 4, 80), (80, 4, 4, 9), (9, 4, 4, 1)].
- Rh leg dimensions: [(1, 6, 6, 36), (36, 6, 6, 216), (216, 6, 6, 216), (216, 6, 6, 216), (216, 6, 6, 216), (216, 6, 6, 216), (216, 6, 6, 216), (216, 6, 6, 216), (216, 6, 6, 216), (216, 6, 6, 36), (36, 6, 6, 1)].
-> E = <Lh|CC*> + <ALhAL*|CC*|ARhAR*> + <CC*|Rh> = 0.005850854715383585 + -0.08241294659811157 + 0.2354355087911139 = 0.1588734169083859.
- C_updated leg dimensions: [(1, 4, 6, 24), (24, 4, 6, 36), (36, 4, 6, 36), (36, 4, 6, 36), (36, 5, 6, 36), (36, 6, 6, 36), (36, 6, 6, 36), (36, 5, 6, 36), (36, 4, 6, 36), (36, 4, 6, 24), (24, 4, 6, 1)].
- largest Hermiticity error: 1.005927504521729e-06.
- maximal number of matvec operations: 81.
-> E_updated = 0.0963333098417255.
Orthogonality column 3:
- C leg dimensions: [(1, 4, 6, 24), (24, 2, 6, 36), (36, 4, 6, 36), (36, 2, 6, 36), (36, 4, 6, 36), (36, 4, 6, 36), (36, 4, 6, 36), (36, 4, 6, 36), (36, 2, 6, 36), (36, 4, 6, 12), (12, 2, 6, 1)].
- Lh leg dimensions: [(1, 4, 4, 8), (8, 2, 2, 29), (29, 4, 4, 8), (8, 2, 2, 29), (29, 4, 4, 13), (13, 4, 4, 80), (80, 4, 4, 8), (8, 4, 4, 29), (29, 2, 2, 8), (8, 4, 4, 4), (4, 2, 2, 1)].
- Rh leg dimensions: [(1, 6, 6, 36), (36, 6, 6, 216), (216, 6, 6, 216), (216, 6, 6, 216), (216, 6, 6, 216), (216, 6, 6, 216), (216, 6, 6, 216), (216, 6, 6, 216), (216, 6, 6, 216), (216, 6, 6, 36), (36, 6, 6, 1)].
-> E = <Lh|CC*> + <ALhAL*|CC*|ARhAR*> + <CC*|Rh> = 0.0962785008613361 + -0.10547820351646722 + 0.17733392095023667 = 0.16813421829510555.
- C_updated leg dimensions: [(1, 4, 6, 24), (24, 2, 6, 36), (36, 4, 6, 36), (36, 2, 6, 36), (36, 4, 6, 36), (36, 4, 6, 36), (36, 4, 6, 36), (36, 4, 6, 36), (36, 2, 6, 36), (36, 4, 6, 12), (12, 2, 6, 1)].
- largest Hermiticity error: 5.383431603954607e-07.
- maximal number of matvec operations: 71.
-> E_updated = 0.11010259726826596.
Orthogonality column 2:
- C leg dimensions: [(1, 2, 6, 12), (12, 2, 6, 36), (36, 2, 6, 36), (36, 2, 6, 36), (36, 2, 6, 36), (36, 4, 6, 36), (36, 2, 6, 36), (36, 2, 6, 36), (36, 2, 6, 36), (36, 2, 6, 12), (12, 2, 6, 1)].
- Lh leg dimensions: [(1, 2, 2, 4), (4, 2, 2, 3), (3, 2, 2, 8), (8, 2, 2, 3), (3, 2, 2, 9), (9, 4, 4, 3), (3, 2, 2, 8), (8, 2, 2, 3), (3, 2, 2, 8), (8, 2, 2, 3), (3, 2, 2, 1)].
- Rh leg dimensions: [(1, 6, 6, 36), (36, 6, 6, 216), (216, 6, 6, 216), (216, 6, 6, 216), (216, 6, 6, 216), (216, 6, 6, 216), (216, 6, 6, 216), (216, 6, 6, 216), (216, 6, 6, 216), (216, 6, 6, 36), (36, 6, 6, 1)].
-> E = <Lh|CC*> + <ALhAL*|CC*|ARhAR*> + <CC*|Rh> = 0.28490786983669586 + -0.18812213699680777 + 0.2918016656036768 = 0.38858739844356494.
- C_updated leg dimensions: [(1, 2, 6, 12), (12, 2, 6, 36), (36, 2, 6, 36), (36, 2, 6, 36), (36, 2, 6, 36), (36, 4, 6, 36), (36, 2, 6, 36), (36, 2, 6, 36), (36, 2, 6, 36), (36, 2, 6, 12), (12, 2, 6, 1)].
- largest Hermiticity error: 8.400122479918226e-07.
- maximal number of matvec operations: 61.
-> E_updated = 0.32245777487551197.
Orthogonality column 1:
- C leg dimensions: [(1, 2, 6, 12), (12, 1, 6, 36), (36, 2, 6, 36), (36, 1, 6, 36), (36, 2, 6, 36), (36, 2, 6, 36), (36, 1, 6, 36), (36, 2, 6, 36), (36, 1, 6, 36), (36, 2, 6, 6), (6, 1, 6, 1)].
- Rh leg dimensions: [(1, 6, 6, 36), (36, 6, 6, 216), (216, 6, 6, 216), (216, 6, 6, 216), (216, 6, 6, 216), (216, 6, 6, 216), (216, 6, 6, 216), (216, 6, 6, 216), (216, 6, 6, 216), (216, 6, 6, 36), (36, 6, 6, 1)].
-> E = <Lh|CC*> + <ALhAL*|CC*|ARhAR*> + <CC*|Rh> = None + 0.288983051056445 + 0.21010217270847872 = 0.4990852237649237.
- C_updated leg dimensions: [(1, 2, 6, 12), (12, 1, 6, 36), (36, 2, 6, 36), (36, 1, 6, 36), (36, 2, 6, 36), (36, 2, 6, 36), (36, 1, 6, 36), (36, 2, 6, 36), (36, 1, 6, 36), (36, 2, 6, 6), (6, 1, 6, 1)].
- largest Hermiticity error: 4.6973742787292416e-07.
- maximal number of matvec operations: 61.
-> E_updated = 0.42969925053161634.
Orthogonality column 0:
- C leg dimensions: [(1, 1, 6, 6), (6, 1, 6, 36), (36, 1, 6, 36), (36, 1, 6, 36), (36, 1, 6, 36), (36, 1, 6, 36), (36, 1, 6, 36), (36, 1, 6, 36), (36, 1, 6, 36), (36, 1, 6, 6), (6, 1, 6, 1)].
- Rh leg dimensions: [(1, 6, 6, 36), (36, 6, 6, 216), (216, 6, 6, 216), (216, 6, 6, 216), (216, 6, 6, 216), (216, 6, 6, 216), (216, 6, 6, 216), (216, 6, 6, 216), (216, 6, 6, 216), (216, 6, 6, 36), (36, 6, 6, 1)].
-> E = <Lh|CC*> + <ALhAL*|CC*|ARhAR*> + <CC*|Rh> = None + None + 0.6130104545288361 = 0.6130104545288361.
- C_updated leg dimensions: [(1, 1, 6, 6), (6, 1, 6, 36), (36, 1, 6, 36), (36, 1, 6, 36), (36, 1, 6, 36), (36, 1, 6, 36), (36, 1, 6, 36), (36, 1, 6, 36), (36, 1, 6, 36), (36, 1, 6, 6), (6, 1, 6, 1)].
- largest Hermiticity error: 5.456018812468926e-07.
- maximal number of matvec operations: 61.
-> E_updated = 0.5251776275574772.
=> <H> - E0 = 0.12052764055945886.

DMRGSquared sweep 2 ...
Orthogonality column 0:
- C leg dimensions: [(1, 1, 6, 6), (6, 1, 6, 36), (36, 1, 6, 36), (36, 1, 6, 36), (36, 1, 6, 36), (36, 1, 6, 36), (36, 1, 6, 36), (36, 1, 6, 36), (36, 1, 6, 36), (36, 1, 6, 6), (6, 1, 6, 1)].
- Rh leg dimensions: [(1, 6, 6, 36), (36, 6, 6, 216), (216, 6, 6, 216), (216, 6, 6, 216), (216, 6, 6, 216), (216, 6, 6, 216), (216, 6, 6, 216), (216, 6, 6, 216), (216, 6, 6, 216), (216, 6, 6, 36), (36, 6, 6, 1)].
-> E = <Lh|CC*> + <ALhAL*|CC*|ARhAR*> + <CC*|Rh> = None + None + 0.5251776275574838 = 0.5251776275574838.
- C_updated leg dimensions: [(1, 1, 6, 6), (6, 1, 6, 36), (36, 1, 6, 36), (36, 1, 6, 36), (36, 1, 6, 36), (36, 1, 6, 36), (36, 1, 6, 36), (36, 1, 6, 36), (36, 1, 6, 36), (36, 1, 6, 6), (6, 1, 6, 1)].
- largest Hermiticity error: 4.74598962398131e-07.
- maximal number of matvec operations: 51.
-> E_updated = 0.5251776274645925.
Orthogonality column 1:
- C leg dimensions: [(1, 2, 6, 6), (6, 1, 6, 36), (36, 2, 6, 36), (36, 1, 6, 36), (36, 2, 6, 36), (36, 2, 6, 36), (36, 1, 6, 36), (36, 2, 6, 36), (36, 1, 6, 36), (36, 2, 6, 6), (6, 1, 6, 1)].
- Rh leg dimensions: [(1, 6, 6, 36), (36, 6, 6, 216), (216, 6, 6, 216), (216, 6, 6, 216), (216, 6, 6, 216), (216, 6, 6, 216), (216, 6, 6, 216), (216, 6, 6, 216), (216, 6, 6, 216), (216, 6, 6, 36), (36, 6, 6, 1)].
-> E = <Lh|CC*> + <ALhAL*|CC*|ARhAR*> + <CC*|Rh> = None + 0.2904085159954475 + 0.23382077332071344 = 0.5242292893161609.
- C_updated leg dimensions: [(1, 2, 6, 12), (12, 1, 6, 36), (36, 2, 6, 36), (36, 1, 6, 36), (36, 2, 6, 36), (36, 2, 6, 36), (36, 1, 6, 36), (36, 2, 6, 36), (36, 1, 6, 36), (36, 2, 6, 6), (6, 1, 6, 1)].
- largest Hermiticity error: 5.258439534996697e-07.
- maximal number of matvec operations: 61.
-> E_updated = 0.4296992544183336.
Orthogonality column 2:
- C leg dimensions: [(1, 2, 6, 12), (12, 2, 6, 36), (36, 2, 6, 36), (36, 2, 6, 36), (36, 2, 6, 36), (36, 4, 6, 36), (36, 2, 6, 36), (36, 2, 6, 36), (36, 2, 6, 36), (36, 2, 6, 6), (6, 2, 6, 1)].
- Lh leg dimensions: [(1, 2, 2, 4), (4, 2, 2, 3), (3, 2, 2, 8), (8, 2, 2, 3), (3, 2, 2, 9), (9, 4, 4, 3), (3, 2, 2, 8), (8, 2, 2, 3), (3, 2, 2, 8), (8, 2, 2, 3), (3, 2, 2, 1)].
- Rh leg dimensions: [(1, 6, 6, 36), (36, 6, 6, 216), (216, 6, 6, 216), (216, 6, 6, 216), (216, 6, 6, 216), (216, 6, 6, 216), (216, 6, 6, 216), (216, 6, 6, 216), (216, 6, 6, 216), (216, 6, 6, 36), (36, 6, 6, 1)].
-> E = <Lh|CC*> + <ALhAL*|CC*|ARhAR*> + <CC*|Rh> = 0.2874449171259865 + -0.18271123622515842 + 0.29572013019099025 = 0.4004538110918183.
- C_updated leg dimensions: [(1, 2, 6, 12), (12, 2, 6, 36), (36, 2, 6, 36), (36, 2, 6, 36), (36, 2, 6, 36), (36, 4, 6, 36), (36, 2, 6, 36), (36, 2, 6, 36), (36, 2, 6, 36), (36, 2, 6, 12), (12, 2, 6, 1)].
- largest Hermiticity error: 1.0412371148260693e-06.
- maximal number of matvec operations: 71.
-> E_updated = 0.32183966384699536.
Orthogonality column 3:
- C leg dimensions: [(1, 4, 6, 12), (12, 2, 6, 36), (36, 4, 6, 36), (36, 2, 6, 36), (36, 4, 6, 36), (36, 4, 6, 36), (36, 4, 6, 36), (36, 4, 6, 36), (36, 2, 6, 36), (36, 4, 6, 12), (12, 2, 6, 1)].
- Lh leg dimensions: [(1, 4, 4, 8), (8, 2, 2, 29), (29, 4, 4, 8), (8, 2, 2, 29), (29, 4, 4, 13), (13, 4, 4, 80), (80, 4, 4, 8), (8, 4, 4, 29), (29, 2, 2, 8), (8, 4, 4, 4), (4, 2, 2, 1)].
- Rh leg dimensions: [(1, 6, 6, 36), (36, 6, 6, 216), (216, 6, 6, 216), (216, 6, 6, 216), (216, 6, 6, 216), (216, 6, 6, 216), (216, 6, 6, 216), (216, 6, 6, 216), (216, 6, 6, 216), (216, 6, 6, 36), (36, 6, 6, 1)].
-> E = <Lh|CC*> + <ALhAL*|CC*|ARhAR*> + <CC*|Rh> = 0.09506478875539201 + -0.09236471123325278 + 0.1798090300628297 = 0.1825091075849689.
- C_updated leg dimensions: [(1, 4, 6, 24), (24, 2, 6, 36), (36, 4, 6, 36), (36, 2, 6, 36), (36, 4, 6, 36), (36, 4, 6, 36), (36, 4, 6, 36), (36, 4, 6, 36), (36, 2, 6, 36), (36, 4, 6, 12), (12, 2, 6, 1)].
- largest Hermiticity error: 3.7491962076869635e-07.
- maximal number of matvec operations: 71.
-> E_updated = 0.1075007433214837.
Orthogonality column 4:
- C leg dimensions: [(1, 4, 6, 24), (24, 4, 6, 36), (36, 4, 6, 36), (36, 4, 6, 36), (36, 5, 6, 36), (36, 6, 6, 36), (36, 6, 6, 36), (36, 5, 6, 36), (36, 4, 6, 36), (36, 4, 6, 12), (12, 4, 6, 1)].
- Lh leg dimensions: [(1, 4, 4, 16), (16, 4, 4, 32), (32, 4, 4, 216), (216, 4, 4, 33), (33, 5, 5, 216), (216, 6, 6, 81), (81, 6, 6, 216), (216, 5, 5, 32), (32, 4, 4, 80), (80, 4, 4, 9), (9, 4, 4, 1)].
- Rh leg dimensions: [(1, 6, 6, 36), (36, 6, 6, 216), (216, 6, 6, 216), (216, 6, 6, 216), (216, 6, 6, 216), (216, 6, 6, 216), (216, 6, 6, 216), (216, 6, 6, 216), (216, 6, 6, 216), (216, 6, 6, 36), (36, 6, 6, 1)].
-> E = <Lh|CC*> + <ALhAL*|CC*|ARhAR*> + <CC*|Rh> = -0.0120314748801257 + -0.07883150170265037 + 0.2457514196543185 = 0.15488844307154243.
- C_updated leg dimensions: [(1, 4, 6, 24), (24, 4, 6, 36), (36, 4, 6, 36), (36, 4, 6, 36), (36, 5, 6, 36), (36, 6, 6, 36), (36, 6, 6, 36), (36, 5, 6, 36), (36, 4, 6, 36), (36, 4, 6, 24), (24, 4, 6, 1)].
- largest Hermiticity error: 7.099186923769377e-07.
- maximal number of matvec operations: 81.
-> E_updated = 0.08968642753614507.
Orthogonality column 5:
- C leg dimensions: [(1, 6, 6, 24), (24, 5, 6, 36), (36, 6, 6, 36), (36, 6, 6, 36), (36, 6, 6, 36), (36, 6, 6, 36), (36, 6, 6, 36), (36, 6, 6, 36), (36, 6, 6, 36), (36, 6, 6, 30), (30, 5, 6, 1)].
- Lh leg dimensions: [(1, 6, 6, 29), (29, 5, 5, 216), (216, 6, 6, 216), (216, 6, 6, 216), (216, 6, 6, 216), (216, 6, 6, 216), (216, 6, 6, 216), (216, 6, 6, 216), (216, 6, 6, 96), (96, 6, 6, 25), (25, 5, 5, 1)].
- Rh leg dimensions: [(1, 6, 6, 36), (36, 6, 6, 216), (216, 6, 6, 216), (216, 6, 6, 216), (216, 6, 6, 216), (216, 6, 6, 216), (216, 6, 6, 216), (216, 6, 6, 216), (216, 6, 6, 216), (216, 6, 6, 36), (36, 6, 6, 1)].
-> E = <Lh|CC*> + <ALhAL*|CC*|ARhAR*> + <CC*|Rh> = -0.08779241874555557 + -0.06023995761063346 + 0.26450815860507015 = 0.11647578224888111.
- C_updated leg dimensions: [(1, 6, 6, 36), (36, 5, 6, 36), (36, 6, 6, 36), (36, 6, 6, 36), (36, 6, 6, 36), (36, 6, 6, 36), (36, 6, 6, 36), (36, 6, 6, 36), (36, 6, 6, 36), (36, 6, 6, 30), (30, 5, 6, 1)].
- largest Hermiticity error: 7.047753861460488e-07.
- maximal number of matvec operations: 81.
-> E_updated = 0.05963621521418437.
Orthogonality column 6:
- C leg dimensions: [(1, 6, 6, 36), (36, 6, 6, 36), (36, 6, 6, 36), (36, 6, 6, 36), (36, 6, 6, 36), (36, 6, 6, 36), (36, 6, 6, 36), (36, 6, 6, 36), (36, 6, 6, 36), (36, 6, 6, 30), (30, 6, 6, 1)].
- Lh leg dimensions: [(1, 6, 6, 36), (36, 6, 6, 216), (216, 6, 6, 216), (216, 6, 6, 216), (216, 6, 6, 216), (216, 6, 6, 216), (216, 6, 6, 216), (216, 6, 6, 216), (216, 6, 6, 216), (216, 6, 6, 35), (35, 6, 6, 1)].
- Rh leg dimensions: [(1, 6, 6, 35), (35, 6, 6, 216), (216, 6, 6, 216), (216, 6, 6, 216), (216, 6, 6, 216), (216, 6, 6, 216), (216, 6, 6, 216), (216, 6, 6, 216), (216, 6, 6, 216), (216, 6, 6, 36), (36, 6, 6, 1)].
-> E = <Lh|CC*> + <ALhAL*|CC*|ARhAR*> + <CC*|Rh> = -0.15138482871448403 + -0.07029391190699326 + 0.28664562688716944 = 0.06496688626569214.
- C_updated leg dimensions: [(1, 6, 6, 36), (36, 6, 6, 36), (36, 6, 6, 36), (36, 6, 6, 36), (36, 6, 6, 36), (36, 6, 6, 36), (36, 6, 6, 36), (36, 6, 6, 36), (36, 6, 6, 36), (36, 6, 6, 36), (36, 6, 6, 1)].
- largest Hermiticity error: 9.488473171007007e-11.
- maximal number of matvec operations: 91.
-> E_updated = 0.029243211616538763.
Orthogonality column 7:
- C leg dimensions: [(1, 6, 5, 36), (36, 6, 6, 36), (36, 6, 6, 36), (36, 6, 6, 36), (36, 6, 6, 36), (36, 6, 6, 36), (36, 6, 6, 36), (36, 6, 6, 36), (36, 6, 6, 36), (36, 6, 5, 36), (36, 6, 6, 1)].
- Lh leg dimensions: [(1, 6, 6, 36), (36, 6, 6, 216), (216, 6, 6, 216), (216, 6, 6, 216), (216, 6, 6, 216), (216, 6, 6, 216), (216, 6, 6, 216), (216, 6, 6, 216), (216, 6, 6, 216), (216, 6, 6, 36), (36, 6, 6, 1)].
- Rh leg dimensions: [(1, 5, 5, 25), (25, 6, 6, 97), (97, 6, 6, 216), (216, 6, 6, 216), (216, 6, 6, 216), (216, 6, 6, 216), (216, 6, 6, 216), (216, 6, 6, 216), (216, 6, 6, 216), (216, 5, 5, 29), (29, 6, 6, 1)].
-> E = <Lh|CC*> + <ALhAL*|CC*|ARhAR*> + <CC*|Rh> = -0.19901131110482062 + -0.06468632179502762 + 0.32166429058709833 = 0.05796665768725007.
- C_updated leg dimensions: [(1, 6, 5, 30), (30, 6, 6, 36), (36, 6, 6, 36), (36, 6, 6, 36), (36, 6, 6, 36), (36, 6, 6, 36), (36, 6, 6, 36), (36, 6, 6, 36), (36, 6, 6, 36), (36, 6, 5, 36), (36, 6, 6, 1)].
- largest Hermiticity error: 1.8032639751318784e-08.
- maximal number of matvec operations: 91.
-> E_updated = 0.020080630457288227.
Orthogonality column 8:
- C leg dimensions: [(1, 6, 4, 24), (24, 6, 4, 36), (36, 6, 4, 36), (36, 6, 5, 36), (36, 6, 6, 36), (36, 6, 6, 36), (36, 6, 5, 36), (36, 6, 4, 36), (36, 6, 4, 36), (36, 6, 4, 36), (36, 6, 4, 1)].
- Lh leg dimensions: [(1, 6, 6, 36), (36, 6, 6, 216), (216, 6, 6, 216), (216, 6, 6, 216), (216, 6, 6, 216), (216, 6, 6, 216), (216, 6, 6, 216), (216, 6, 6, 216), (216, 6, 6, 216), (216, 6, 6, 36), (36, 6, 6, 1)].
- Rh leg dimensions: [(1, 4, 4, 9), (9, 4, 4, 80), (80, 4, 4, 32), (32, 5, 5, 216), (216, 6, 6, 81), (81, 6, 6, 216), (216, 5, 5, 32), (32, 4, 4, 216), (216, 4, 4, 32), (32, 4, 4, 16), (16, 4, 4, 1)].
-> E = <Lh|CC*> + <ALhAL*|CC*|ARhAR*> + <CC*|Rh> = -0.21737215623964254 + -0.06910431946433997 + 0.3875175038629094 = 0.1010410281589269.
- C_updated leg dimensions: [(1, 6, 4, 24), (24, 6, 4, 36), (36, 6, 4, 36), (36, 6, 5, 36), (36, 6, 6, 36), (36, 6, 6, 36), (36, 6, 5, 36), (36, 6, 4, 36), (36, 6, 4, 36), (36, 6, 4, 24), (24, 6, 4, 1)].
- largest Hermiticity error: 3.5074143659864986e-08.
- maximal number of matvec operations: 81.
-> E_updated = 0.06366086338518012.
Orthogonality column 9:
- C leg dimensions: [(1, 6, 2, 24), (24, 6, 4, 36), (36, 6, 2, 36), (36, 6, 4, 36), (36, 6, 4, 36), (36, 6, 4, 36), (36, 6, 4, 36), (36, 6, 2, 36), (36, 6, 4, 36), (36, 6, 2, 24), (24, 6, 4, 1)].
- Lh leg dimensions: [(1, 6, 6, 36), (36, 6, 6, 216), (216, 6, 6, 216), (216, 6, 6, 216), (216, 6, 6, 216), (216, 6, 6, 216), (216, 6, 6, 216), (216, 6, 6, 216), (216, 6, 6, 216), (216, 6, 6, 36), (36, 6, 6, 1)].
- Rh leg dimensions: [(1, 2, 2, 4), (4, 4, 4, 8), (8, 2, 2, 29), (29, 4, 4, 8), (8, 4, 4, 80), (80, 4, 4, 13), (13, 4, 4, 29), (29, 2, 2, 8), (8, 4, 4, 29), (29, 2, 2, 8), (8, 4, 4, 1)].
-> E = <Lh|CC*> + <ALhAL*|CC*|ARhAR*> + <CC*|Rh> = -0.14662261041811878 + -0.07451312125353393 + 0.46259075322451865 = 0.24145502155286594.
- C_updated leg dimensions: [(1, 6, 2, 12), (12, 6, 4, 36), (36, 6, 2, 36), (36, 6, 4, 36), (36, 6, 4, 36), (36, 6, 4, 36), (36, 6, 4, 36), (36, 6, 2, 36), (36, 6, 4, 36), (36, 6, 2, 24), (24, 6, 4, 1)].
- largest Hermiticity error: 4.5463294868945864e-08.
- maximal number of matvec operations: 71.
-> E_updated = 0.19291763275225082.
Orthogonality column 10:
- C leg dimensions: [(1, 6, 2, 12), (12, 6, 2, 36), (36, 6, 2, 36), (36, 6, 2, 36), (36, 6, 2, 36), (36, 6, 4, 36), (36, 6, 2, 36), (36, 6, 2, 36), (36, 6, 2, 36), (36, 6, 2, 24), (24, 6, 2, 1)].
- Lh leg dimensions: [(1, 6, 6, 36), (36, 6, 6, 216), (216, 6, 6, 216), (216, 6, 6, 216), (216, 6, 6, 216), (216, 6, 6, 216), (216, 6, 6, 216), (216, 6, 6, 216), (216, 6, 6, 216), (216, 6, 6, 36), (36, 6, 6, 1)].
- Rh leg dimensions: [(1, 2, 2, 3), (3, 2, 2, 8), (8, 2, 2, 3), (3, 2, 2, 8), (8, 2, 2, 3), (3, 4, 4, 9), (9, 2, 2, 3), (3, 2, 2, 8), (8, 2, 2, 3), (3, 2, 2, 4), (4, 2, 2, 1)].
-> E = <Lh|CC*> + <ALhAL*|CC*|ARhAR*> + <CC*|Rh> = -0.06959485631285421 + -0.0894655015390621 + 0.5536550999722392 = 0.39459474212032286.
- C_updated leg dimensions: [(1, 6, 2, 12), (12, 6, 2, 36), (36, 6, 2, 36), (36, 6, 2, 36), (36, 6, 2, 36), (36, 6, 4, 36), (36, 6, 2, 36), (36, 6, 2, 36), (36, 6, 2, 36), (36, 6, 2, 12), (12, 6, 2, 1)].
- largest Hermiticity error: 2.939454367707725e-08.
- maximal number of matvec operations: 61.
-> E_updated = 0.34309131358145534.
Orthogonality column 11:
- C leg dimensions: [(1, 6, 1, 12), (12, 6, 2, 36), (36, 6, 1, 36), (36, 6, 2, 36), (36, 6, 1, 36), (36, 6, 2, 36), (36, 6, 2, 36), (36, 6, 1, 36), (36, 6, 2, 36), (36, 6, 1, 12), (12, 6, 2, 1)].
- Lh leg dimensions: [(1, 6, 6, 36), (36, 6, 6, 216), (216, 6, 6, 216), (216, 6, 6, 216), (216, 6, 6, 216), (216, 6, 6, 216), (216, 6, 6, 216), (216, 6, 6, 216), (216, 6, 6, 216), (216, 6, 6, 36), (36, 6, 6, 1)].
-> E = <Lh|CC*> + <ALhAL*|CC*|ARhAR*> + <CC*|Rh> = -0.017511221807305667 + 0.5559229850214373 + None = 0.5384117632141316.
- C_updated leg dimensions: [(1, 6, 1, 6), (6, 6, 2, 36), (36, 6, 1, 36), (36, 6, 2, 36), (36, 6, 1, 36), (36, 6, 2, 36), (36, 6, 2, 36), (36, 6, 1, 36), (36, 6, 2, 36), (36, 6, 1, 12), (12, 6, 2, 1)].
- largest Hermiticity error: 4.624096650707074e-08.
- maximal number of matvec operations: 61.
-> E_updated = 0.47264295138704177.
Orthogonality column 12:
- C leg dimensions: [(1, 6, 1, 6), (6, 6, 1, 36), (36, 6, 1, 36), (36, 6, 1, 36), (36, 6, 1, 36), (36, 6, 1, 36), (36, 6, 1, 36), (36, 6, 1, 36), (36, 6, 1, 36), (36, 6, 1, 12), (12, 6, 1, 1)].
- Lh leg dimensions: [(1, 6, 6, 36), (36, 6, 6, 216), (216, 6, 6, 216), (216, 6, 6, 216), (216, 6, 6, 216), (216, 6, 6, 216), (216, 6, 6, 216), (216, 6, 6, 216), (216, 6, 6, 216), (216, 6, 6, 36), (36, 6, 6, 1)].
-> E = <Lh|CC*> + <ALhAL*|CC*|ARhAR*> + <CC*|Rh> = 0.5853074552536435 + None + None = 0.5853074552536435.
- C_updated leg dimensions: [(1, 6, 1, 6), (6, 6, 1, 36), (36, 6, 1, 36), (36, 6, 1, 36), (36, 6, 1, 36), (36, 6, 1, 36), (36, 6, 1, 36), (36, 6, 1, 36), (36, 6, 1, 36), (36, 6, 1, 6), (6, 6, 1, 1)].
- largest Hermiticity error: 3.5727401985986073e-08.
- maximal number of matvec operations: 51.
-> E_updated = 0.5028718398227909.
Orthogonality column 11:
- C leg dimensions: [(1, 6, 1, 6), (6, 6, 2, 36), (36, 6, 1, 36), (36, 6, 2, 36), (36, 6, 1, 36), (36, 6, 2, 36), (36, 6, 2, 36), (36, 6, 1, 36), (36, 6, 2, 36), (36, 6, 1, 6), (6, 6, 2, 1)].
- Lh leg dimensions: [(1, 6, 6, 36), (36, 6, 6, 216), (216, 6, 6, 216), (216, 6, 6, 216), (216, 6, 6, 216), (216, 6, 6, 216), (216, 6, 6, 216), (216, 6, 6, 216), (216, 6, 6, 216), (216, 6, 6, 36), (36, 6, 6, 1)].
-> E = <Lh|CC*> + <ALhAL*|CC*|ARhAR*> + <CC*|Rh> = -0.0015651868077249716 + 0.5622772856145803 + None = 0.5607120988068554.
- C_updated leg dimensions: [(1, 6, 1, 6), (6, 6, 2, 36), (36, 6, 1, 36), (36, 6, 2, 36), (36, 6, 1, 36), (36, 6, 2, 36), (36, 6, 2, 36), (36, 6, 1, 36), (36, 6, 2, 36), (36, 6, 1, 12), (12, 6, 2, 1)].
- largest Hermiticity error: 2.245055308548659e-08.
- maximal number of matvec operations: 61.
-> E_updated = 0.4726429514954052.
Orthogonality column 10:
- C leg dimensions: [(1, 6, 2, 6), (6, 6, 2, 36), (36, 6, 2, 36), (36, 6, 2, 36), (36, 6, 2, 36), (36, 6, 4, 36), (36, 6, 2, 36), (36, 6, 2, 36), (36, 6, 2, 36), (36, 6, 2, 12), (12, 6, 2, 1)].
- Lh leg dimensions: [(1, 6, 6, 36), (36, 6, 6, 216), (216, 6, 6, 216), (216, 6, 6, 216), (216, 6, 6, 216), (216, 6, 6, 216), (216, 6, 6, 216), (216, 6, 6, 216), (216, 6, 6, 216), (216, 6, 6, 36), (36, 6, 6, 1)].
- Rh leg dimensions: [(1, 2, 2, 3), (3, 2, 2, 8), (8, 2, 2, 3), (3, 2, 2, 8), (8, 2, 2, 3), (3, 4, 4, 9), (9, 2, 2, 3), (3, 2, 2, 8), (8, 2, 2, 3), (3, 2, 2, 4), (4, 2, 2, 1)].
-> E = <Lh|CC*> + <ALhAL*|CC*|ARhAR*> + <CC*|Rh> = -0.05975720929492959 + -0.07981293401869405 + 0.5552181003583844 = 0.41564795704476076.
- C_updated leg dimensions: [(1, 6, 2, 12), (12, 6, 2, 36), (36, 6, 2, 36), (36, 6, 2, 36), (36, 6, 2, 36), (36, 6, 4, 36), (36, 6, 2, 36), (36, 6, 2, 36), (36, 6, 2, 36), (36, 6, 2, 12), (12, 6, 2, 1)].
- largest Hermiticity error: 2.401598226940784e-08.
- maximal number of matvec operations: 61.
-> E_updated = 0.3431053978314019.
Orthogonality column 9:
- C leg dimensions: [(1, 6, 2, 12), (12, 6, 4, 36), (36, 6, 2, 36), (36, 6, 4, 36), (36, 6, 4, 36), (36, 6, 4, 36), (36, 6, 4, 36), (36, 6, 2, 36), (36, 6, 4, 36), (36, 6, 2, 12), (12, 6, 4, 1)].
- Lh leg dimensions: [(1, 6, 6, 36), (36, 6, 6, 216), (216, 6, 6, 216), (216, 6, 6, 216), (216, 6, 6, 216), (216, 6, 6, 216), (216, 6, 6, 216), (216, 6, 6, 216), (216, 6, 6, 216), (216, 6, 6, 36), (36, 6, 6, 1)].
- Rh leg dimensions: [(1, 2, 2, 4), (4, 4, 4, 8), (8, 2, 2, 29), (29, 4, 4, 8), (8, 4, 4, 80), (80, 4, 4, 13), (13, 4, 4, 29), (29, 2, 2, 8), (8, 4, 4, 29), (29, 2, 2, 8), (8, 4, 4, 1)].
-> E = <Lh|CC*> + <ALhAL*|CC*|ARhAR*> + <CC*|Rh> = -0.142412763639074 + -0.0725094950993502 + 0.46542640207747954 = 0.25050414333905535.
- C_updated leg dimensions: [(1, 6, 2, 12), (12, 6, 4, 36), (36, 6, 2, 36), (36, 6, 4, 36), (36, 6, 4, 36), (36, 6, 4, 36), (36, 6, 4, 36), (36, 6, 2, 36), (36, 6, 4, 36), (36, 6, 2, 24), (24, 6, 4, 1)].
- largest Hermiticity error: 4.791052062519227e-08.
- maximal number of matvec operations: 71.
-> E_updated = 0.19286297847831002.
Orthogonality column 8:
- C leg dimensions: [(1, 6, 4, 12), (12, 6, 4, 36), (36, 6, 4, 36), (36, 6, 5, 36), (36, 6, 6, 36), (36, 6, 6, 36), (36, 6, 5, 36), (36, 6, 4, 36), (36, 6, 4, 36), (36, 6, 4, 24), (24, 6, 4, 1)].
- Lh leg dimensions: [(1, 6, 6, 36), (36, 6, 6, 216), (216, 6, 6, 216), (216, 6, 6, 216), (216, 6, 6, 216), (216, 6, 6, 216), (216, 6, 6, 216), (216, 6, 6, 216), (216, 6, 6, 216), (216, 6, 6, 36), (36, 6, 6, 1)].
- Rh leg dimensions: [(1, 4, 4, 9), (9, 4, 4, 80), (80, 4, 4, 32), (32, 5, 5, 216), (216, 6, 6, 80), (80, 6, 6, 216), (216, 5, 5, 32), (32, 4, 4, 216), (216, 4, 4, 32), (32, 4, 4, 16), (16, 4, 4, 1)].
-> E = <Lh|CC*> + <ALhAL*|CC*|ARhAR*> + <CC*|Rh> = -0.2071744121239359 + -0.06123252197347454 + 0.3851707055379159 = 0.11676377144050543.
- C_updated leg dimensions: [(1, 6, 4, 24), (24, 6, 4, 36), (36, 6, 4, 36), (36, 6, 5, 36), (36, 6, 6, 36), (36, 6, 6, 36), (36, 6, 5, 36), (36, 6, 4, 36), (36, 6, 4, 36), (36, 6, 4, 24), (24, 6, 4, 1)].
- largest Hermiticity error: 4.244622922878199e-08.
- maximal number of matvec operations: 81.
-> E_updated = 0.06347882107765096.
Orthogonality column 7:
- C leg dimensions: [(1, 6, 5, 30), (30, 6, 6, 36), (36, 6, 6, 36), (36, 6, 6, 36), (36, 6, 6, 36), (36, 6, 6, 36), (36, 6, 6, 36), (36, 6, 6, 36), (36, 6, 6, 36), (36, 6, 5, 24), (24, 6, 6, 1)].
- Lh leg dimensions: [(1, 6, 6, 36), (36, 6, 6, 216), (216, 6, 6, 216), (216, 6, 6, 216), (216, 6, 6, 216), (216, 6, 6, 216), (216, 6, 6, 216), (216, 6, 6, 216), (216, 6, 6, 216), (216, 6, 6, 36), (36, 6, 6, 1)].
- Rh leg dimensions: [(1, 5, 5, 25), (25, 6, 6, 97), (97, 6, 6, 216), (216, 6, 6, 216), (216, 6, 6, 216), (216, 6, 6, 216), (216, 6, 6, 216), (216, 6, 6, 216), (216, 6, 6, 216), (216, 5, 5, 29), (29, 6, 6, 1)].
-> E = <Lh|CC*> + <ALhAL*|CC*|ARhAR*> + <CC*|Rh> = -0.1974093523096484 + -0.05766372862040784 + 0.3080411492300497 = 0.052968068299993454.
- C_updated leg dimensions: [(1, 6, 5, 30), (30, 6, 6, 36), (36, 6, 6, 36), (36, 6, 6, 36), (36, 6, 6, 36), (36, 6, 6, 36), (36, 6, 6, 36), (36, 6, 6, 36), (36, 6, 6, 36), (36, 6, 5, 36), (36, 6, 6, 1)].
- largest Hermiticity error: 2.3683958808403836e-08.
- maximal number of matvec operations: 91.
-> E_updated = 0.012647986273131058.
Orthogonality column 6:
- C leg dimensions: [(1, 6, 6, 30), (30, 6, 6, 36), (36, 6, 6, 36), (36, 6, 6, 36), (36, 6, 6, 36), (36, 6, 6, 36), (36, 6, 6, 36), (36, 6, 6, 36), (36, 6, 6, 36), (36, 6, 6, 36), (36, 6, 6, 1)].
- Lh leg dimensions: [(1, 6, 6, 36), (36, 6, 6, 216), (216, 6, 6, 216), (216, 6, 6, 216), (216, 6, 6, 216), (216, 6, 6, 216), (216, 6, 6, 216), (216, 6, 6, 216), (216, 6, 6, 216), (216, 6, 6, 35), (35, 6, 6, 1)].
- Rh leg dimensions: [(1, 6, 6, 35), (35, 6, 6, 216), (216, 6, 6, 216), (216, 6, 6, 216), (216, 6, 6, 216), (216, 6, 6, 216), (216, 6, 6, 216), (216, 6, 6, 216), (216, 6, 6, 216), (216, 6, 6, 36), (36, 6, 6, 1)].
-> E = <Lh|CC*> + <ALhAL*|CC*|ARhAR*> + <CC*|Rh> = -0.1335958067179849 + -0.07157871669904564 + 0.2080924011930062 = 0.002917877775975658.
- C_updated leg dimensions: [(1, 6, 6, 36), (36, 6, 6, 36), (36, 6, 6, 36), (36, 6, 6, 36), (36, 6, 6, 36), (36, 6, 6, 36), (36, 6, 6, 36), (36, 6, 6, 36), (36, 6, 6, 36), (36, 6, 6, 36), (36, 6, 6, 1)].
- largest Hermiticity error: 6.424704559136854e-11.
- maximal number of matvec operations: 91.
-> E_updated = -0.03346314400639655.
Orthogonality column 5:
- C leg dimensions: [(1, 6, 6, 36), (36, 5, 6, 36), (36, 6, 6, 36), (36, 6, 6, 36), (36, 6, 6, 36), (36, 6, 6, 36), (36, 6, 6, 36), (36, 6, 6, 36), (36, 6, 6, 36), (36, 6, 6, 30), (30, 5, 6, 1)].
- Lh leg dimensions: [(1, 6, 6, 29), (29, 5, 5, 216), (216, 6, 6, 216), (216, 6, 6, 216), (216, 6, 6, 216), (216, 6, 6, 216), (216, 6, 6, 216), (216, 6, 6, 216), (216, 6, 6, 96), (96, 6, 6, 25), (25, 5, 5, 1)].
- Rh leg dimensions: [(1, 6, 6, 36), (36, 6, 6, 216), (216, 6, 6, 216), (216, 6, 6, 216), (216, 6, 6, 216), (216, 6, 6, 216), (216, 6, 6, 216), (216, 6, 6, 216), (216, 6, 6, 216), (216, 6, 6, 36), (36, 6, 6, 1)].
-> E = <Lh|CC*> + <ALhAL*|CC*|ARhAR*> + <CC*|Rh> = -0.0875238168763742 + -0.06585094897240804 + 0.14343870228037672 = -0.009936063568405512.
- C_updated leg dimensions: [(1, 6, 6, 36), (36, 5, 6, 36), (36, 6, 6, 36), (36, 6, 6, 36), (36, 6, 6, 36), (36, 6, 6, 36), (36, 6, 6, 36), (36, 6, 6, 36), (36, 6, 6, 36), (36, 6, 6, 30), (30, 5, 6, 1)].
- largest Hermiticity error: 1.5016785886474969e-09.
- maximal number of matvec operations: 91.
-> E_updated = -0.043659655448757294.
Orthogonality column 4:
- C leg dimensions: [(1, 4, 6, 24), (24, 4, 6, 36), (36, 4, 6, 36), (36, 4, 6, 36), (36, 5, 6, 36), (36, 6, 6, 36), (36, 6, 6, 36), (36, 5, 6, 36), (36, 4, 6, 36), (36, 4, 6, 24), (24, 4, 6, 1)].
- Lh leg dimensions: [(1, 4, 4, 16), (16, 4, 4, 32), (32, 4, 4, 216), (216, 4, 4, 33), (33, 5, 5, 216), (216, 6, 6, 81), (81, 6, 6, 216), (216, 5, 5, 32), (32, 4, 4, 80), (80, 4, 4, 9), (9, 4, 4, 1)].
- Rh leg dimensions: [(1, 6, 6, 36), (36, 6, 6, 216), (216, 6, 6, 216), (216, 6, 6, 216), (216, 6, 6, 216), (216, 6, 6, 216), (216, 6, 6, 216), (216, 6, 6, 216), (216, 6, 6, 216), (216, 6, 6, 36), (36, 6, 6, 1)].
-> E = <Lh|CC*> + <ALhAL*|CC*|ARhAR*> + <CC*|Rh> = -0.006907578207383241 + -0.08718153395915063 + 0.10596010540411507 = 0.011870993237581201.
- C_updated leg dimensions: [(1, 4, 6, 24), (24, 4, 6, 36), (36, 4, 6, 36), (36, 4, 6, 36), (36, 5, 6, 36), (36, 6, 6, 36), (36, 6, 6, 36), (36, 5, 6, 36), (36, 4, 6, 36), (36, 4, 6, 24), (24, 4, 6, 1)].
- largest Hermiticity error: 1.498891948073343e-09.
- maximal number of matvec operations: 91.
-> E_updated = -0.03270018603803012.
Orthogonality column 3:
- C leg dimensions: [(1, 4, 6, 24), (24, 2, 6, 36), (36, 4, 6, 36), (36, 2, 6, 36), (36, 4, 6, 36), (36, 4, 6, 36), (36, 4, 6, 36), (36, 4, 6, 36), (36, 2, 6, 36), (36, 4, 6, 12), (12, 2, 6, 1)].
- Lh leg dimensions: [(1, 4, 4, 8), (8, 2, 2, 29), (29, 4, 4, 8), (8, 2, 2, 29), (29, 4, 4, 13), (13, 4, 4, 80), (80, 4, 4, 8), (8, 4, 4, 29), (29, 2, 2, 8), (8, 4, 4, 4), (4, 2, 2, 1)].
- Rh leg dimensions: [(1, 6, 6, 36), (36, 6, 6, 216), (216, 6, 6, 216), (216, 6, 6, 216), (216, 6, 6, 216), (216, 6, 6, 216), (216, 6, 6, 216), (216, 6, 6, 216), (216, 6, 6, 216), (216, 6, 6, 36), (36, 6, 6, 1)].
-> E = <Lh|CC*> + <ALhAL*|CC*|ARhAR*> + <CC*|Rh> = 0.09518311357605246 + -0.10704828900045749 + 0.10592391236676077 = 0.09405873694235574.
- C_updated leg dimensions: [(1, 4, 6, 24), (24, 2, 6, 36), (36, 4, 6, 36), (36, 2, 6, 36), (36, 4, 6, 36), (36, 4, 6, 36), (36, 4, 6, 36), (36, 4, 6, 36), (36, 2, 6, 36), (36, 4, 6, 12), (12, 2, 6, 1)].
- largest Hermiticity error: 3.048569966172882e-09.
- maximal number of matvec operations: 81.
-> E_updated = 0.047360220783051236.
Orthogonality column 2:
- C leg dimensions: [(1, 2, 6, 12), (12, 2, 6, 36), (36, 2, 6, 36), (36, 2, 6, 36), (36, 2, 6, 36), (36, 4, 6, 36), (36, 2, 6, 36), (36, 2, 6, 36), (36, 2, 6, 36), (36, 2, 6, 12), (12, 2, 6, 1)].
- Lh leg dimensions: [(1, 2, 2, 4), (4, 2, 2, 3), (3, 2, 2, 8), (8, 2, 2, 3), (3, 2, 2, 9), (9, 4, 4, 3), (3, 2, 2, 8), (8, 2, 2, 3), (3, 2, 2, 8), (8, 2, 2, 3), (3, 2, 2, 1)].
- Rh leg dimensions: [(1, 6, 6, 36), (36, 6, 6, 216), (216, 6, 6, 216), (216, 6, 6, 216), (216, 6, 6, 216), (216, 6, 6, 216), (216, 6, 6, 216), (216, 6, 6, 216), (216, 6, 6, 216), (216, 6, 6, 36), (36, 6, 6, 1)].
-> E = <Lh|CC*> + <ALhAL*|CC*|ARhAR*> + <CC*|Rh> = 0.28490907360149026 + -0.1880788984356543 + 0.11263235863781816 = 0.2094625338036541.
- C_updated leg dimensions: [(1, 2, 6, 12), (12, 2, 6, 36), (36, 2, 6, 36), (36, 2, 6, 36), (36, 2, 6, 36), (36, 4, 6, 36), (36, 2, 6, 36), (36, 2, 6, 36), (36, 2, 6, 36), (36, 2, 6, 12), (12, 2, 6, 1)].
- largest Hermiticity error: 4.56200442375439e-09.
- maximal number of matvec operations: 71.
-> E_updated = 0.15310888703574363.
Orthogonality column 1:
- C leg dimensions: [(1, 2, 6, 12), (12, 1, 6, 36), (36, 2, 6, 36), (36, 1, 6, 36), (36, 2, 6, 36), (36, 2, 6, 36), (36, 1, 6, 36), (36, 2, 6, 36), (36, 1, 6, 36), (36, 2, 6, 6), (6, 1, 6, 1)].
- Rh leg dimensions: [(1, 6, 6, 36), (36, 6, 6, 216), (216, 6, 6, 216), (216, 6, 6, 216), (216, 6, 6, 216), (216, 6, 6, 216), (216, 6, 6, 216), (216, 6, 6, 216), (216, 6, 6, 216), (216, 6, 6, 36), (36, 6, 6, 1)].
-> E = <Lh|CC*> + <ALhAL*|CC*|ARhAR*> + <CC*|Rh> = None + 0.28703747052099166 + 0.03384462693334797 = 0.3208820974543396.
- C_updated leg dimensions: [(1, 2, 6, 12), (12, 1, 6, 36), (36, 2, 6, 36), (36, 1, 6, 36), (36, 2, 6, 36), (36, 2, 6, 36), (36, 1, 6, 36), (36, 2, 6, 36), (36, 1, 6, 36), (36, 2, 6, 6), (6, 1, 6, 1)].
- largest Hermiticity error: 4.943610219651484e-09.
- maximal number of matvec operations: 61.
-> E_updated = 0.2563092859233992.
Orthogonality column 0:
- C leg dimensions: [(1, 1, 6, 6), (6, 1, 6, 36), (36, 1, 6, 36), (36, 1, 6, 36), (36, 1, 6, 36), (36, 1, 6, 36), (36, 1, 6, 36), (36, 1, 6, 36), (36, 1, 6, 36), (36, 1, 6, 6), (6, 1, 6, 1)].
- Rh leg dimensions: [(1, 6, 6, 36), (36, 6, 6, 216), (216, 6, 6, 216), (216, 6, 6, 216), (216, 6, 6, 216), (216, 6, 6, 216), (216, 6, 6, 216), (216, 6, 6, 216), (216, 6, 6, 216), (216, 6, 6, 36), (36, 6, 6, 1)].
-> E = <Lh|CC*> + <ALhAL*|CC*|ARhAR*> + <CC*|Rh> = None + None + 0.45820390585959725 = 0.45820390585959725.
- C_updated leg dimensions: [(1, 1, 6, 6), (6, 1, 6, 36), (36, 1, 6, 36), (36, 1, 6, 36), (36, 1, 6, 36), (36, 1, 6, 36), (36, 1, 6, 36), (36, 1, 6, 36), (36, 1, 6, 36), (36, 1, 6, 6), (6, 1, 6, 1)].
- largest Hermiticity error: 4.003341397985698e-08.
- maximal number of matvec operations: 51.
-> E_updated = 0.37579859121508835.
=> <H> - E0 = 0.1070026448982162.

DMRGSquared sweep 3 ...
Orthogonality column 0:
- C leg dimensions: [(1, 1, 6, 6), (6, 1, 6, 36), (36, 1, 6, 36), (36, 1, 6, 36), (36, 1, 6, 36), (36, 1, 6, 36), (36, 1, 6, 36), (36, 1, 6, 36), (36, 1, 6, 36), (36, 1, 6, 6), (6, 1, 6, 1)].
- Rh leg dimensions: [(1, 6, 6, 36), (36, 6, 6, 216), (216, 6, 6, 216), (216, 6, 6, 216), (216, 6, 6, 216), (216, 6, 6, 216), (216, 6, 6, 216), (216, 6, 6, 216), (216, 6, 6, 216), (216, 6, 6, 36), (36, 6, 6, 1)].
-> E = <Lh|CC*> + <ALhAL*|CC*|ARhAR*> + <CC*|Rh> = None + None + 0.3757985912150969 = 0.3757985912150969.
- C_updated leg dimensions: [(1, 1, 6, 6), (6, 1, 6, 36), (36, 1, 6, 36), (36, 1, 6, 36), (36, 1, 6, 36), (36, 1, 6, 36), (36, 1, 6, 36), (36, 1, 6, 36), (36, 1, 6, 36), (36, 1, 6, 6), (6, 1, 6, 1)].
- largest Hermiticity error: 3.3356184683879694e-08.
- maximal number of matvec operations: 51.
-> E_updated = 0.37579859062672843.
Orthogonality column 1:
- C leg dimensions: [(1, 2, 6, 6), (6, 1, 6, 36), (36, 2, 6, 36), (36, 1, 6, 36), (36, 2, 6, 36), (36, 2, 6, 36), (36, 1, 6, 36), (36, 2, 6, 36), (36, 1, 6, 36), (36, 2, 6, 6), (6, 1, 6, 1)].
- Rh leg dimensions: [(1, 6, 6, 36), (36, 6, 6, 216), (216, 6, 6, 216), (216, 6, 6, 216), (216, 6, 6, 216), (216, 6, 6, 216), (216, 6, 6, 216), (216, 6, 6, 216), (216, 6, 6, 216), (216, 6, 6, 36), (36, 6, 6, 1)].
-> E = <Lh|CC*> + <ALhAL*|CC*|ARhAR*> + <CC*|Rh> = None + 0.286403055827231 + 0.05765823191551587 = 0.3440612877427469.
- C_updated leg dimensions: [(1, 2, 6, 12), (12, 1, 6, 36), (36, 2, 6, 36), (36, 1, 6, 36), (36, 2, 6, 36), (36, 2, 6, 36), (36, 1, 6, 36), (36, 2, 6, 36), (36, 1, 6, 36), (36, 2, 6, 6), (6, 1, 6, 1)].
- largest Hermiticity error: 5.601325065558815e-09.
- maximal number of matvec operations: 61.
-> E_updated = 0.2563092860553697.
Orthogonality column 2:
- C leg dimensions: [(1, 2, 6, 12), (12, 2, 6, 36), (36, 2, 6, 36), (36, 2, 6, 36), (36, 2, 6, 36), (36, 4, 6, 36), (36, 2, 6, 36), (36, 2, 6, 36), (36, 2, 6, 36), (36, 2, 6, 6), (6, 2, 6, 1)].
- Lh leg dimensions: [(1, 2, 2, 4), (4, 2, 2, 3), (3, 2, 2, 8), (8, 2, 2, 3), (3, 2, 2, 9), (9, 4, 4, 3), (3, 2, 2, 8), (8, 2, 2, 3), (3, 2, 2, 8), (8, 2, 2, 3), (3, 2, 2, 1)].
- Rh leg dimensions: [(1, 6, 6, 36), (36, 6, 6, 216), (216, 6, 6, 216), (216, 6, 6, 216), (216, 6, 6, 216), (216, 6, 6, 216), (216, 6, 6, 216), (216, 6, 6, 216), (216, 6, 6, 216), (216, 6, 6, 36), (36, 6, 6, 1)].
-> E = <Lh|CC*> + <ALhAL*|CC*|ARhAR*> + <CC*|Rh> = 0.2869424421876296 + -0.1805555691727579 + 0.11844777760476383 = 0.22483465061963553.
- C_updated leg dimensions: [(1, 2, 6, 12), (12, 2, 6, 36), (36, 2, 6, 36), (36, 2, 6, 36), (36, 2, 6, 36), (36, 4, 6, 36), (36, 2, 6, 36), (36, 2, 6, 36), (36, 2, 6, 36), (36, 2, 6, 12), (12, 2, 6, 1)].
- largest Hermiticity error: 4.831758246592989e-09.
- maximal number of matvec operations: 71.
-> E_updated = 0.15310789723239285.
Orthogonality column 3:
- C leg dimensions: [(1, 4, 6, 12), (12, 2, 6, 36), (36, 4, 6, 36), (36, 2, 6, 36), (36, 4, 6, 36), (36, 4, 6, 36), (36, 4, 6, 36), (36, 4, 6, 36), (36, 2, 6, 36), (36, 4, 6, 12), (12, 2, 6, 1)].
- Lh leg dimensions: [(1, 4, 4, 8), (8, 2, 2, 29), (29, 4, 4, 8), (8, 2, 2, 29), (29, 4, 4, 13), (13, 4, 4, 80), (80, 4, 4, 8), (8, 4, 4, 29), (29, 2, 2, 8), (8, 4, 4, 4), (4, 2, 2, 1)].
- Rh leg dimensions: [(1, 6, 6, 36), (36, 6, 6, 216), (216, 6, 6, 216), (216, 6, 6, 216), (216, 6, 6, 216), (216, 6, 6, 216), (216, 6, 6, 216), (216, 6, 6, 216), (216, 6, 6, 216), (216, 6, 6, 36), (36, 6, 6, 1)].
-> E = <Lh|CC*> + <ALhAL*|CC*|ARhAR*> + <CC*|Rh> = 0.09584786812479197 + -0.10181082780411609 + 0.1159519530768399 = 0.10998899339751579.
- C_updated leg dimensions: [(1, 4, 6, 24), (24, 2, 6, 36), (36, 4, 6, 36), (36, 2, 6, 36), (36, 4, 6, 36), (36, 4, 6, 36), (36, 4, 6, 36), (36, 4, 6, 36), (36, 2, 6, 36), (36, 4, 6, 12), (12, 2, 6, 1)].
- largest Hermiticity error: 2.914935899304898e-09.
- maximal number of matvec operations: 81.
-> E_updated = 0.04738575159314302.
Orthogonality column 4:
- C leg dimensions: [(1, 4, 6, 24), (24, 4, 6, 36), (36, 4, 6, 36), (36, 4, 6, 36), (36, 5, 6, 36), (36, 6, 6, 36), (36, 6, 6, 36), (36, 5, 6, 36), (36, 4, 6, 36), (36, 4, 6, 12), (12, 4, 6, 1)].
- Lh leg dimensions: [(1, 4, 4, 16), (16, 4, 4, 32), (32, 4, 4, 216), (216, 4, 4, 33), (33, 5, 5, 216), (216, 6, 6, 81), (81, 6, 6, 216), (216, 5, 5, 32), (32, 4, 4, 80), (80, 4, 4, 9), (9, 4, 4, 1)].
- Rh leg dimensions: [(1, 6, 6, 36), (36, 6, 6, 216), (216, 6, 6, 216), (216, 6, 6, 216), (216, 6, 6, 216), (216, 6, 6, 216), (216, 6, 6, 216), (216, 6, 6, 216), (216, 6, 6, 216), (216, 6, 6, 36), (36, 6, 6, 1)].
-> E = <Lh|CC*> + <ALhAL*|CC*|ARhAR*> + <CC*|Rh> = -0.011275045562043487 + -0.08424515028761739 + 0.11454775328321207 = 0.01902755743355118.
- C_updated leg dimensions: [(1, 4, 6, 24), (24, 4, 6, 36), (36, 4, 6, 36), (36, 4, 6, 36), (36, 5, 6, 36), (36, 6, 6, 36), (36, 6, 6, 36), (36, 5, 6, 36), (36, 4, 6, 36), (36, 4, 6, 24), (24, 4, 6, 1)].
- largest Hermiticity error: 2.4485094608742785e-09.
- maximal number of matvec operations: 91.
-> E_updated = -0.032691428399555654.
Orthogonality column 5:
- C leg dimensions: [(1, 6, 6, 24), (24, 5, 6, 36), (36, 6, 6, 36), (36, 6, 6, 36), (36, 6, 6, 36), (36, 6, 6, 36), (36, 6, 6, 36), (36, 6, 6, 36), (36, 6, 6, 36), (36, 6, 6, 30), (30, 5, 6, 1)].
- Lh leg dimensions: [(1, 6, 6, 29), (29, 5, 5, 216), (216, 6, 6, 216), (216, 6, 6, 216), (216, 6, 6, 216), (216, 6, 6, 216), (216, 6, 6, 216), (216, 6, 6, 216), (216, 6, 6, 97), (97, 6, 6, 25), (25, 5, 5, 1)].
- Rh leg dimensions: [(1, 6, 6, 36), (36, 6, 6, 216), (216, 6, 6, 216), (216, 6, 6, 216), (216, 6, 6, 216), (216, 6, 6, 216), (216, 6, 6, 216), (216, 6, 6, 216), (216, 6, 6, 216), (216, 6, 6, 36), (36, 6, 6, 1)].
-> E = <Lh|CC*> + <ALhAL*|CC*|ARhAR*> + <CC*|Rh> = -0.09429327711342139 + -0.0625190825255754 + 0.15391000167376218 = -0.0029023579652346365.
- C_updated leg dimensions: [(1, 6, 6, 36), (36, 5, 6, 36), (36, 6, 6, 36), (36, 6, 6, 36), (36, 6, 6, 36), (36, 6, 6, 36), (36, 6, 6, 36), (36, 6, 6, 36), (36, 6, 6, 36), (36, 6, 6, 30), (30, 5, 6, 1)].
- largest Hermiticity error: 1.8614133351767817e-09.
- maximal number of matvec operations: 81.
-> E_updated = -0.04935381707642901.
Orthogonality column 6:
- C leg dimensions: [(1, 6, 6, 36), (36, 6, 6, 36), (36, 6, 6, 36), (36, 6, 6, 36), (36, 6, 6, 36), (36, 6, 6, 36), (36, 6, 6, 36), (36, 6, 6, 36), (36, 6, 6, 36), (36, 6, 6, 30), (30, 6, 6, 1)].
- Lh leg dimensions: [(1, 6, 6, 36), (36, 6, 6, 216), (216, 6, 6, 216), (216, 6, 6, 216), (216, 6, 6, 216), (216, 6, 6, 216), (216, 6, 6, 216), (216, 6, 6, 216), (216, 6, 6, 216), (216, 6, 6, 35), (35, 6, 6, 1)].
- Rh leg dimensions: [(1, 6, 6, 35), (35, 6, 6, 216), (216, 6, 6, 216), (216, 6, 6, 216), (216, 6, 6, 216), (216, 6, 6, 216), (216, 6, 6, 216), (216, 6, 6, 216), (216, 6, 6, 216), (216, 6, 6, 36), (36, 6, 6, 1)].
-> E = <Lh|CC*> + <ALhAL*|CC*|ARhAR*> + <CC*|Rh> = -0.18334530968965082 + -0.06795610908551585 + 0.22036985704799136 = -0.03093156172717529.
- C_updated leg dimensions: [(1, 6, 6, 36), (36, 6, 6, 36), (36, 6, 6, 36), (36, 6, 6, 36), (36, 6, 6, 36), (36, 6, 6, 36), (36, 6, 6, 36), (36, 6, 6, 36), (36, 6, 6, 36), (36, 6, 6, 36), (36, 6, 6, 1)].
- largest Hermiticity error: 2.0903819554917805e-08.
- maximal number of matvec operations: 81.
-> E_updated = -0.06559753698161772.
Orthogonality column 7:
- C leg dimensions: [(1, 6, 5, 36), (36, 6, 6, 36), (36, 6, 6, 36), (36, 6, 6, 36), (36, 6, 6, 36), (36, 6, 6, 36), (36, 6, 6, 36), (36, 6, 6, 36), (36, 6, 6, 36), (36, 6, 5, 36), (36, 6, 6, 1)].
- Lh leg dimensions: [(1, 6, 6, 36), (36, 6, 6, 216), (216, 6, 6, 216), (216, 6, 6, 216), (216, 6, 6, 216), (216, 6, 6, 216), (216, 6, 6, 216), (216, 6, 6, 216), (216, 6, 6, 216), (216, 6, 6, 36), (36, 6, 6, 1)].
- Rh leg dimensions: [(1, 5, 5, 25), (25, 6, 6, 97), (97, 6, 6, 216), (216, 6, 6, 216), (216, 6, 6, 216), (216, 6, 6, 216), (216, 6, 6, 216), (216, 6, 6, 216), (216, 6, 6, 216), (216, 5, 5, 29), (29, 6, 6, 1)].
-> E = <Lh|CC*> + <ALhAL*|CC*|ARhAR*> + <CC*|Rh> = -0.2208977170463661 + -0.06528321755408174 + 0.3116320483399554 = 0.025451113739507536.
- C_updated leg dimensions: [(1, 6, 5, 30), (30, 6, 6, 36), (36, 6, 6, 36), (36, 6, 6, 36), (36, 6, 6, 36), (36, 6, 6, 36), (36, 6, 6, 36), (36, 6, 6, 36), (36, 6, 6, 36), (36, 6, 5, 36), (36, 6, 6, 1)].
- largest Hermiticity error: 9.393943956205017e-09.
- maximal number of matvec operations: 111.
-> E_updated = -0.004143577944202425.
Orthogonality column 8:
- C leg dimensions: [(1, 6, 4, 24), (24, 6, 4, 36), (36, 6, 4, 36), (36, 6, 5, 36), (36, 6, 6, 36), (36, 6, 6, 36), (36, 6, 5, 36), (36, 6, 4, 36), (36, 6, 4, 36), (36, 6, 4, 36), (36, 6, 4, 1)].
- Lh leg dimensions: [(1, 6, 6, 36), (36, 6, 6, 216), (216, 6, 6, 216), (216, 6, 6, 216), (216, 6, 6, 216), (216, 6, 6, 216), (216, 6, 6, 216), (216, 6, 6, 216), (216, 6, 6, 216), (216, 6, 6, 36), (36, 6, 6, 1)].
- Rh leg dimensions: [(1, 4, 4, 9), (9, 4, 4, 80), (80, 4, 4, 32), (32, 5, 5, 216), (216, 6, 6, 80), (80, 6, 6, 216), (216, 5, 5, 32), (32, 4, 4, 216), (216, 4, 4, 32), (32, 4, 4, 16), (16, 4, 4, 1)].
-> E = <Lh|CC*> + <ALhAL*|CC*|ARhAR*> + <CC*|Rh> = -0.21601756637193692 + -0.07125757766757863 + 0.3892057169466061 = 0.10193057290709057.
- C_updated leg dimensions: [(1, 6, 4, 24), (24, 6, 4, 36), (36, 6, 4, 36), (36, 6, 5, 36), (36, 6, 6, 36), (36, 6, 6, 36), (36, 6, 5, 36), (36, 6, 4, 36), (36, 6, 4, 36), (36, 6, 4, 24), (24, 6, 4, 1)].
- largest Hermiticity error: 5.70348836828865e-09.
- maximal number of matvec operations: 81.
-> E_updated = 0.06953431520171245.
Orthogonality column 9:
- C leg dimensions: [(1, 6, 2, 24), (24, 6, 4, 36), (36, 6, 2, 36), (36, 6, 4, 36), (36, 6, 4, 36), (36, 6, 4, 36), (36, 6, 4, 36), (36, 6, 2, 36), (36, 6, 4, 36), (36, 6, 2, 24), (24, 6, 4, 1)].
- Lh leg dimensions: [(1, 6, 6, 36), (36, 6, 6, 216), (216, 6, 6, 216), (216, 6, 6, 216), (216, 6, 6, 216), (216, 6, 6, 216), (216, 6, 6, 216), (216, 6, 6, 216), (216, 6, 6, 216), (216, 6, 6, 36), (36, 6, 6, 1)].
- Rh leg dimensions: [(1, 2, 2, 4), (4, 4, 4, 8), (8, 2, 2, 29), (29, 4, 4, 8), (8, 4, 4, 80), (80, 4, 4, 13), (13, 4, 4, 29), (29, 2, 2, 8), (8, 4, 4, 29), (29, 2, 2, 8), (8, 4, 4, 1)].
-> E = <Lh|CC*> + <ALhAL*|CC*|ARhAR*> + <CC*|Rh> = -0.1940562530432539 + -0.07468885096447916 + 0.4623982217299324 = 0.19365311772219929.
- C_updated leg dimensions: [(1, 6, 2, 12), (12, 6, 4, 36), (36, 6, 2, 36), (36, 6, 4, 36), (36, 6, 4, 36), (36, 6, 4, 36), (36, 6, 4, 36), (36, 6, 2, 36), (36, 6, 4, 36), (36, 6, 2, 24), (24, 6, 4, 1)].
- largest Hermiticity error: 2.4466666520557347e-07.
- maximal number of matvec operations: 71.
-> E_updated = 0.14619811576691713.
Orthogonality column 10:
- C leg dimensions: [(1, 6, 2, 12), (12, 6, 2, 36), (36, 6, 2, 36), (36, 6, 2, 36), (36, 6, 2, 36), (36, 6, 4, 36), (36, 6, 2, 36), (36, 6, 2, 36), (36, 6, 2, 36), (36, 6, 2, 24), (24, 6, 2, 1)].
- Lh leg dimensions: [(1, 6, 6, 36), (36, 6, 6, 216), (216, 6, 6, 216), (216, 6, 6, 216), (216, 6, 6, 216), (216, 6, 6, 216), (216, 6, 6, 216), (216, 6, 6, 216), (216, 6, 6, 216), (216, 6, 6, 36), (36, 6, 6, 1)].
- Rh leg dimensions: [(1, 2, 2, 3), (3, 2, 2, 8), (8, 2, 2, 3), (3, 2, 2, 8), (8, 2, 2, 3), (3, 4, 4, 9), (9, 2, 2, 3), (3, 2, 2, 8), (8, 2, 2, 3), (3, 2, 2, 4), (4, 2, 2, 1)].
-> E = <Lh|CC*> + <ALhAL*|CC*|ARhAR*> + <CC*|Rh> = -0.20658012347355478 + -0.09004289405495043 + 0.5528047772561966 = 0.25618175972769136.
- C_updated leg dimensions: [(1, 6, 2, 12), (12, 6, 2, 36), (36, 6, 2, 36), (36, 6, 2, 36), (36, 6, 2, 36), (36, 6, 4, 36), (36, 6, 2, 36), (36, 6, 2, 36), (36, 6, 2, 36), (36, 6, 2, 12), (12, 6, 2, 1)].
- largest Hermiticity error: 2.620007410844086e-07.
- maximal number of matvec operations: 71.
-> E_updated = 0.20868587754588733.
Orthogonality column 11:
- C leg dimensions: [(1, 6, 1, 12), (12, 6, 2, 36), (36, 6, 1, 36), (36, 6, 2, 36), (36, 6, 1, 36), (36, 6, 2, 36), (36, 6, 2, 36), (36, 6, 1, 36), (36, 6, 2, 36), (36, 6, 1, 12), (12, 6, 2, 1)].
- Lh leg dimensions: [(1, 6, 6, 36), (36, 6, 6, 216), (216, 6, 6, 216), (216, 6, 6, 216), (216, 6, 6, 216), (216, 6, 6, 216), (216, 6, 6, 216), (216, 6, 6, 216), (216, 6, 6, 216), (216, 6, 6, 36), (36, 6, 6, 1)].
-> E = <Lh|CC*> + <ALhAL*|CC*|ARhAR*> + <CC*|Rh> = -0.13743548322882668 + 0.5552901701609464 + None = 0.4178546869321197.
- C_updated leg dimensions: [(1, 6, 1, 6), (6, 6, 2, 36), (36, 6, 1, 36), (36, 6, 2, 36), (36, 6, 1, 36), (36, 6, 2, 36), (36, 6, 2, 36), (36, 6, 1, 36), (36, 6, 2, 36), (36, 6, 1, 12), (12, 6, 2, 1)].
- largest Hermiticity error: 1.844646742174842e-07.
- maximal number of matvec operations: 61.
-> E_updated = 0.3556629597552.
Orthogonality column 12:
- C leg dimensions: [(1, 6, 1, 6), (6, 6, 1, 36), (36, 6, 1, 36), (36, 6, 1, 36), (36, 6, 1, 36), (36, 6, 1, 36), (36, 6, 1, 36), (36, 6, 1, 36), (36, 6, 1, 36), (36, 6, 1, 12), (12, 6, 1, 1)].
- Lh leg dimensions: [(1, 6, 6, 36), (36, 6, 6, 216), (216, 6, 6, 216), (216, 6, 6, 216), (216, 6, 6, 216), (216, 6, 6, 216), (216, 6, 6, 216), (216, 6, 6, 216), (216, 6, 6, 216), (216, 6, 6, 36), (36, 6, 6, 1)].
-> E = <Lh|CC*> + <ALhAL*|CC*|ARhAR*> + <CC*|Rh> = 0.5231448492498086 + None + None = 0.5231448492498086.
- C_updated leg dimensions: [(1, 6, 1, 6), (6, 6, 1, 36), (36, 6, 1, 36), (36, 6, 1, 36), (36, 6, 1, 36), (36, 6, 1, 36), (36, 6, 1, 36), (36, 6, 1, 36), (36, 6, 1, 36), (36, 6, 1, 6), (6, 6, 1, 1)].
- largest Hermiticity error: 4.254319409772761e-06.
- maximal number of matvec operations: 51.
-> E_updated = 0.44772373647427216.
Orthogonality column 11:
- C leg dimensions: [(1, 6, 1, 6), (6, 6, 2, 36), (36, 6, 1, 36), (36, 6, 2, 36), (36, 6, 1, 36), (36, 6, 2, 36), (36, 6, 2, 36), (36, 6, 1, 36), (36, 6, 2, 36), (36, 6, 1, 6), (6, 6, 2, 1)].
- Lh leg dimensions: [(1, 6, 6, 36), (36, 6, 6, 216), (216, 6, 6, 216), (216, 6, 6, 216), (216, 6, 6, 216), (216, 6, 6, 216), (216, 6, 6, 216), (216, 6, 6, 216), (216, 6, 6, 216), (216, 6, 6, 36), (36, 6, 6, 1)].
-> E = <Lh|CC*> + <ALhAL*|CC*|ARhAR*> + <CC*|Rh> = -0.12682111159206616 + 0.5627174940446377 + None = 0.4358963824525715.
- C_updated leg dimensions: [(1, 6, 1, 6), (6, 6, 2, 36), (36, 6, 1, 36), (36, 6, 2, 36), (36, 6, 1, 36), (36, 6, 2, 36), (36, 6, 2, 36), (36, 6, 1, 36), (36, 6, 2, 36), (36, 6, 1, 12), (12, 6, 2, 1)].
- largest Hermiticity error: 1.8696726043716252e-07.
- maximal number of matvec operations: 61.
-> E_updated = 0.3556629593128642.
Orthogonality column 10:
- C leg dimensions: [(1, 6, 2, 6), (6, 6, 2, 36), (36, 6, 2, 36), (36, 6, 2, 36), (36, 6, 2, 36), (36, 6, 4, 36), (36, 6, 2, 36), (36, 6, 2, 36), (36, 6, 2, 36), (36, 6, 2, 12), (12, 6, 2, 1)].
- Lh leg dimensions: [(1, 6, 6, 36), (36, 6, 6, 216), (216, 6, 6, 216), (216, 6, 6, 216), (216, 6, 6, 216), (216, 6, 6, 216), (216, 6, 6, 216), (216, 6, 6, 216), (216, 6, 6, 216), (216, 6, 6, 36), (36, 6, 6, 1)].
- Rh leg dimensions: [(1, 2, 2, 3), (3, 2, 2, 8), (8, 2, 2, 3), (3, 2, 2, 8), (8, 2, 2, 3), (3, 4, 4, 9), (9, 2, 2, 3), (3, 2, 2, 8), (8, 2, 2, 3), (3, 2, 2, 4), (4, 2, 2, 1)].
-> E = <Lh|CC*> + <ALhAL*|CC*|ARhAR*> + <CC*|Rh> = -0.1921705681688179 + -0.08532260301213968 + 0.5540316508966621 = 0.2765384797157045.
- C_updated leg dimensions: [(1, 6, 2, 12), (12, 6, 2, 36), (36, 6, 2, 36), (36, 6, 2, 36), (36, 6, 2, 36), (36, 6, 4, 36), (36, 6, 2, 36), (36, 6, 2, 36), (36, 6, 2, 36), (36, 6, 2, 12), (12, 6, 2, 1)].
- largest Hermiticity error: 3.1558609267657476e-07.
- maximal number of matvec operations: 71.
-> E_updated = 0.2086578064424017.
Orthogonality column 9:
- C leg dimensions: [(1, 6, 2, 12), (12, 6, 4, 36), (36, 6, 2, 36), (36, 6, 4, 36), (36, 6, 4, 36), (36, 6, 4, 36), (36, 6, 4, 36), (36, 6, 2, 36), (36, 6, 4, 36), (36, 6, 2, 12), (12, 6, 4, 1)].
- Lh leg dimensions: [(1, 6, 6, 36), (36, 6, 6, 216), (216, 6, 6, 216), (216, 6, 6, 216), (216, 6, 6, 216), (216, 6, 6, 216), (216, 6, 6, 216), (216, 6, 6, 216), (216, 6, 6, 216), (216, 6, 6, 36), (36, 6, 6, 1)].
- Rh leg dimensions: [(1, 2, 2, 4), (4, 4, 4, 8), (8, 2, 2, 29), (29, 4, 4, 8), (8, 4, 4, 80), (80, 4, 4, 13), (13, 4, 4, 29), (29, 2, 2, 8), (8, 4, 4, 29), (29, 2, 2, 8), (8, 4, 4, 1)].
-> E = <Lh|CC*> + <ALhAL*|CC*|ARhAR*> + <CC*|Rh> = -0.19578815054111745 + -0.06851347946185238 + 0.46390980080190874 = 0.19960817079893894.
- C_updated leg dimensions: [(1, 6, 2, 12), (12, 6, 4, 36), (36, 6, 2, 36), (36, 6, 4, 36), (36, 6, 4, 36), (36, 6, 4, 36), (36, 6, 4, 36), (36, 6, 2, 36), (36, 6, 4, 36), (36, 6, 2, 24), (24, 6, 4, 1)].
- largest Hermiticity error: 3.229556154776834e-07.
- maximal number of matvec operations: 71.
-> E_updated = 0.14613801322491257.
Orthogonality column 8:
- C leg dimensions: [(1, 6, 4, 12), (12, 6, 4, 36), (36, 6, 4, 36), (36, 6, 5, 36), (36, 6, 6, 36), (36, 6, 6, 36), (36, 6, 5, 36), (36, 6, 4, 36), (36, 6, 4, 36), (36, 6, 4, 24), (24, 6, 4, 1)].
- Lh leg dimensions: [(1, 6, 6, 36), (36, 6, 6, 216), (216, 6, 6, 216), (216, 6, 6, 216), (216, 6, 6, 216), (216, 6, 6, 216), (216, 6, 6, 216), (216, 6, 6, 216), (216, 6, 6, 216), (216, 6, 6, 36), (36, 6, 6, 1)].
- Rh leg dimensions: [(1, 4, 4, 9), (9, 4, 4, 80), (80, 4, 4, 32), (32, 5, 5, 216), (216, 6, 6, 81), (81, 6, 6, 216), (216, 5, 5, 32), (32, 4, 4, 216), (216, 4, 4, 32), (32, 4, 4, 16), (16, 4, 4, 1)].
-> E = <Lh|CC*> + <ALhAL*|CC*|ARhAR*> + <CC*|Rh> = -0.1955580175647078 + -0.07017873837980881 + 0.38655443302536957 = 0.12081767708085295.
- C_updated leg dimensions: [(1, 6, 4, 24), (24, 6, 4, 36), (36, 6, 4, 36), (36, 6, 5, 36), (36, 6, 6, 36), (36, 6, 6, 36), (36, 6, 5, 36), (36, 6, 4, 36), (36, 6, 4, 36), (36, 6, 4, 24), (24, 6, 4, 1)].
- largest Hermiticity error: 1.1665188894660327e-08.
- maximal number of matvec operations: 81.
-> E_updated = 0.0695030616042511.
Orthogonality column 7:
- C leg dimensions: [(1, 6, 5, 30), (30, 6, 6, 36), (36, 6, 6, 36), (36, 6, 6, 36), (36, 6, 6, 36), (36, 6, 6, 36), (36, 6, 6, 36), (36, 6, 6, 36), (36, 6, 6, 36), (36, 6, 5, 24), (24, 6, 6, 1)].
- Lh leg dimensions: [(1, 6, 6, 36), (36, 6, 6, 216), (216, 6, 6, 216), (216, 6, 6, 216), (216, 6, 6, 216), (216, 6, 6, 216), (216, 6, 6, 216), (216, 6, 6, 216), (216, 6, 6, 216), (216, 6, 6, 36), (36, 6, 6, 1)].
- Rh leg dimensions: [(1, 5, 5, 25), (25, 6, 6, 96), (96, 6, 6, 216), (216, 6, 6, 216), (216, 6, 6, 216), (216, 6, 6, 216), (216, 6, 6, 216), (216, 6, 6, 216), (216, 6, 6, 216), (216, 5, 5, 29), (29, 6, 6, 1)].
-> E = <Lh|CC*> + <ALhAL*|CC*|ARhAR*> + <CC*|Rh> = -0.20965960478810372 + -0.06874186451811252 + 0.33114764653252676 = 0.05274617722631053.
- C_updated leg dimensions: [(1, 6, 5, 30), (30, 6, 6, 36), (36, 6, 6, 36), (36, 6, 6, 36), (36, 6, 6, 36), (36, 6, 6, 36), (36, 6, 6, 36), (36, 6, 6, 36), (36, 6, 6, 36), (36, 6, 5, 36), (36, 6, 6, 1)].
- largest Hermiticity error: 1.2060574387310582e-08.
- maximal number of matvec operations: 81.
-> E_updated = 0.01907971287551396.
Orthogonality column 6:
- C leg dimensions: [(1, 6, 6, 30), (30, 6, 6, 36), (36, 6, 6, 36), (36, 6, 6, 36), (36, 6, 6, 36), (36, 6, 6, 36), (36, 6, 6, 36), (36, 6, 6, 36), (36, 6, 6, 36), (36, 6, 6, 36), (36, 6, 6, 1)].
- Lh leg dimensions: [(1, 6, 6, 36), (36, 6, 6, 216), (216, 6, 6, 216), (216, 6, 6, 216), (216, 6, 6, 216), (216, 6, 6, 216), (216, 6, 6, 216), (216, 6, 6, 216), (216, 6, 6, 216), (216, 6, 6, 35), (35, 6, 6, 1)].
- Rh leg dimensions: [(1, 6, 6, 35), (35, 6, 6, 216), (216, 6, 6, 216), (216, 6, 6, 216), (216, 6, 6, 216), (216, 6, 6, 216), (216, 6, 6, 216), (216, 6, 6, 216), (216, 6, 6, 216), (216, 6, 6, 36), (36, 6, 6, 1)].
-> E = <Lh|CC*> + <ALhAL*|CC*|ARhAR*> + <CC*|Rh> = -0.17251597450895315 + -0.06869303300144945 + 0.2590851064721412 = 0.01787609896173864.
- C_updated leg dimensions: [(1, 6, 6, 36), (36, 6, 6, 36), (36, 6, 6, 36), (36, 6, 6, 36), (36, 6, 6, 36), (36, 6, 6, 36), (36, 6, 6, 36), (36, 6, 6, 36), (36, 6, 6, 36), (36, 6, 6, 36), (36, 6, 6, 1)].
- largest Hermiticity error: 1.048288630489256e-08.
- maximal number of matvec operations: 101.
-> E_updated = -0.010565374606527332.
Orthogonality column 5:
- C leg dimensions: [(1, 6, 6, 36), (36, 5, 6, 36), (36, 6, 6, 36), (36, 6, 6, 36), (36, 6, 6, 36), (36, 6, 6, 36), (36, 6, 6, 36), (36, 6, 6, 36), (36, 6, 6, 36), (36, 6, 6, 30), (30, 5, 6, 1)].
- Lh leg dimensions: [(1, 6, 6, 29), (29, 5, 5, 216), (216, 6, 6, 216), (216, 6, 6, 216), (216, 6, 6, 216), (216, 6, 6, 216), (216, 6, 6, 216), (216, 6, 6, 216), (216, 6, 6, 97), (97, 6, 6, 25), (25, 5, 5, 1)].
- Rh leg dimensions: [(1, 6, 6, 36), (36, 6, 6, 216), (216, 6, 6, 216), (216, 6, 6, 216), (216, 6, 6, 216), (216, 6, 6, 216), (216, 6, 6, 216), (216, 6, 6, 216), (216, 6, 6, 216), (216, 6, 6, 36), (36, 6, 6, 1)].
-> E = <Lh|CC*> + <ALhAL*|CC*|ARhAR*> + <CC*|Rh> = -0.08971566273259154 + -0.07034093545098746 + 0.24831196602408795 = 0.08825536784050894.
- C_updated leg dimensions: [(1, 6, 6, 36), (36, 5, 6, 36), (36, 6, 6, 36), (36, 6, 6, 36), (36, 6, 6, 36), (36, 6, 6, 36), (36, 6, 6, 36), (36, 6, 6, 36), (36, 6, 6, 36), (36, 6, 6, 30), (30, 5, 6, 1)].
- largest Hermiticity error: 1.947805455720186e-08.
- maximal number of matvec operations: 81.
-> E_updated = 0.05703837857586362.
Orthogonality column 4:
- C leg dimensions: [(1, 4, 6, 24), (24, 4, 6, 36), (36, 4, 6, 36), (36, 4, 6, 36), (36, 5, 6, 36), (36, 6, 6, 36), (36, 6, 6, 36), (36, 5, 6, 36), (36, 4, 6, 36), (36, 4, 6, 24), (24, 4, 6, 1)].
- Lh leg dimensions: [(1, 4, 4, 16), (16, 4, 4, 32), (32, 4, 4, 216), (216, 4, 4, 33), (33, 5, 5, 216), (216, 6, 6, 81), (81, 6, 6, 216), (216, 5, 5, 32), (32, 4, 4, 80), (80, 4, 4, 9), (9, 4, 4, 1)].
- Rh leg dimensions: [(1, 6, 6, 36), (36, 6, 6, 216), (216, 6, 6, 216), (216, 6, 6, 216), (216, 6, 6, 216), (216, 6, 6, 216), (216, 6, 6, 216), (216, 6, 6, 216), (216, 6, 6, 216), (216, 6, 6, 36), (36, 6, 6, 1)].
-> E = <Lh|CC*> + <ALhAL*|CC*|ARhAR*> + <CC*|Rh> = -0.01028012107925803 + -0.08478393380251807 + 0.22965295331655056 = 0.13458889843477445.
- C_updated leg dimensions: [(1, 4, 6, 24), (24, 4, 6, 36), (36, 4, 6, 36), (36, 4, 6, 36), (36, 5, 6, 36), (36, 6, 6, 36), (36, 6, 6, 36), (36, 5, 6, 36), (36, 4, 6, 36), (36, 4, 6, 24), (24, 4, 6, 1)].
- largest Hermiticity error: 1.732440489855798e-08.
- maximal number of matvec operations: 81.
-> E_updated = 0.09691808145251665.
Orthogonality column 3:
- C leg dimensions: [(1, 4, 6, 24), (24, 2, 6, 36), (36, 4, 6, 36), (36, 2, 6, 36), (36, 4, 6, 36), (36, 4, 6, 36), (36, 4, 6, 36), (36, 4, 6, 36), (36, 2, 6, 36), (36, 4, 6, 12), (12, 2, 6, 1)].
- Lh leg dimensions: [(1, 4, 4, 8), (8, 2, 2, 29), (29, 4, 4, 8), (8, 2, 2, 29), (29, 4, 4, 13), (13, 4, 4, 80), (80, 4, 4, 8), (8, 4, 4, 29), (29, 2, 2, 8), (8, 4, 4, 4), (4, 2, 2, 1)].
- Rh leg dimensions: [(1, 6, 6, 36), (36, 6, 6, 216), (216, 6, 6, 216), (216, 6, 6, 216), (216, 6, 6, 216), (216, 6, 6, 216), (216, 6, 6, 216), (216, 6, 6, 216), (216, 6, 6, 216), (216, 6, 6, 36), (36, 6, 6, 1)].
-> E = <Lh|CC*> + <ALhAL*|CC*|ARhAR*> + <CC*|Rh> = 0.0953753141367463 + -0.10692609100947519 + 0.24132459243738896 = 0.2297738155646601.
- C_updated leg dimensions: [(1, 4, 6, 24), (24, 2, 6, 36), (36, 4, 6, 36), (36, 2, 6, 36), (36, 4, 6, 36), (36, 4, 6, 36), (36, 4, 6, 36), (36, 4, 6, 36), (36, 2, 6, 36), (36, 4, 6, 12), (12, 2, 6, 1)].
- largest Hermiticity error: 4.833490208394905e-09.
- maximal number of matvec operations: 71.
-> E_updated = 0.18133833707402358.
Orthogonality column 2:
- C leg dimensions: [(1, 2, 6, 12), (12, 2, 6, 36), (36, 2, 6, 36), (36, 2, 6, 36), (36, 2, 6, 36), (36, 4, 6, 36), (36, 2, 6, 36), (36, 2, 6, 36), (36, 2, 6, 36), (36, 2, 6, 12), (12, 2, 6, 1)].
- Lh leg dimensions: [(1, 2, 2, 4), (4, 2, 2, 3), (3, 2, 2, 8), (8, 2, 2, 3), (3, 2, 2, 9), (9, 4, 4, 3), (3, 2, 2, 8), (8, 2, 2, 3), (3, 2, 2, 8), (8, 2, 2, 3), (3, 2, 2, 1)].
- Rh leg dimensions: [(1, 6, 6, 36), (36, 6, 6, 216), (216, 6, 6, 216), (216, 6, 6, 216), (216, 6, 6, 216), (216, 6, 6, 216), (216, 6, 6, 216), (216, 6, 6, 216), (216, 6, 6, 216), (216, 6, 6, 36), (36, 6, 6, 1)].
-> E = <Lh|CC*> + <ALhAL*|CC*|ARhAR*> + <CC*|Rh> = 0.2851465747535273 + -0.1875729203062594 + 0.28350902772168773 = 0.3810826821689556.
- C_updated leg dimensions: [(1, 2, 6, 12), (12, 2, 6, 36), (36, 2, 6, 36), (36, 2, 6, 36), (36, 2, 6, 36), (36, 4, 6, 36), (36, 2, 6, 36), (36, 2, 6, 36), (36, 2, 6, 36), (36, 2, 6, 12), (12, 2, 6, 1)].
- largest Hermiticity error: 7.002929625457214e-07.
- maximal number of matvec operations: 61.
-> E_updated = 0.3268501745460218.
Orthogonality column 1:
- C leg dimensions: [(1, 2, 6, 12), (12, 1, 6, 36), (36, 2, 6, 36), (36, 1, 6, 36), (36, 2, 6, 36), (36, 2, 6, 36), (36, 1, 6, 36), (36, 2, 6, 36), (36, 1, 6, 36), (36, 2, 6, 6), (6, 1, 6, 1)].
- Rh leg dimensions: [(1, 6, 6, 36), (36, 6, 6, 216), (216, 6, 6, 216), (216, 6, 6, 216), (216, 6, 6, 216), (216, 6, 6, 216), (216, 6, 6, 216), (216, 6, 6, 216), (216, 6, 6, 216), (216, 6, 6, 36), (36, 6, 6, 1)].
-> E = <Lh|CC*> + <ALhAL*|CC*|ARhAR*> + <CC*|Rh> = None + 0.2877981287058531 + 0.18420715905383414 = 0.4720052877596872.
- C_updated leg dimensions: [(1, 2, 6, 12), (12, 1, 6, 36), (36, 2, 6, 36), (36, 1, 6, 36), (36, 2, 6, 36), (36, 2, 6, 36), (36, 1, 6, 36), (36, 2, 6, 36), (36, 1, 6, 36), (36, 2, 6, 6), (6, 1, 6, 1)].
- largest Hermiticity error: 3.202624205738554e-07.
- maximal number of matvec operations: 61.
-> E_updated = 0.4093051973956833.
Orthogonality column 0:
- C leg dimensions: [(1, 1, 6, 6), (6, 1, 6, 36), (36, 1, 6, 36), (36, 1, 6, 36), (36, 1, 6, 36), (36, 1, 6, 36), (36, 1, 6, 36), (36, 1, 6, 36), (36, 1, 6, 36), (36, 1, 6, 6), (6, 1, 6, 1)].
- Rh leg dimensions: [(1, 6, 6, 36), (36, 6, 6, 216), (216, 6, 6, 216), (216, 6, 6, 216), (216, 6, 6, 216), (216, 6, 6, 216), (216, 6, 6, 216), (216, 6, 6, 216), (216, 6, 6, 216), (216, 6, 6, 36), (36, 6, 6, 1)].
-> E = <Lh|CC*> + <ALhAL*|CC*|ARhAR*> + <CC*|Rh> = None + None + 0.4422320890267268 = 0.4422320890267268.
- C_updated leg dimensions: [(1, 1, 6, 6), (6, 1, 6, 36), (36, 1, 6, 36), (36, 1, 6, 36), (36, 1, 6, 36), (36, 1, 6, 36), (36, 1, 6, 36), (36, 1, 6, 36), (36, 1, 6, 36), (36, 1, 6, 6), (6, 1, 6, 1)].
- largest Hermiticity error: 4.5550844479775247e-07.
- maximal number of matvec operations: 61.
-> E_updated = 0.3724044550146742.
=> <H> - E0 = 0.10481799432150751.

<H>s - E0 = [0.12052764 0.10700264 0.10481799]
