Lx = 6, Ly = 6, g = 3.0, D_max = 4, chi_max_c = 24, chi_max_b = 48. 

E0_exact = -227.308603832. 

es = [-26.86622906 -17.94804911 -17.97662271 -17.98777767 -17.99228716
 -17.99505425 -17.99944357 -17.99879044 -17.9979307  -18.00916814
 -26.99470382].
E = -215.76605663605935.
E - E0 = 11.542547195940642.
subtract energy E0_exact evenly from all columns.


DMRGSquared sweep 1 ...
Orthogonality column 0:
- C leg dimensions: [(1, 1, 4, 4), (4, 1, 4, 16), (16, 1, 4, 24), (24, 1, 4, 24), (24, 1, 4, 24), (24, 1, 4, 24), (24, 1, 4, 24), (24, 1, 4, 24), (24, 1, 4, 16), (16, 1, 4, 4), (4, 1, 4, 1)].
- Rh leg dimensions: [(1, 4, 4, 16), (16, 4, 4, 48), (48, 4, 4, 48), (48, 4, 4, 48), (48, 4, 4, 48), (48, 4, 4, 48), (48, 4, 4, 48), (48, 4, 4, 48), (48, 4, 4, 48), (48, 4, 4, 16), (16, 4, 4, 1)].
-> E = <Lh|CC*> + <ALhAL*|CC*|ARhAR*> + <CC*|Rh> = None + None + -9.572453640975883 = -9.572453640975883.
- C_updated leg dimensions: [(1, 1, 4, 4), (4, 1, 4, 16), (16, 1, 4, 24), (24, 1, 4, 24), (24, 1, 4, 24), (24, 1, 4, 24), (24, 1, 4, 24), (24, 1, 4, 24), (24, 1, 4, 16), (16, 1, 4, 4), (4, 1, 4, 1)].
- largest Hermiticity error: 6.692697664117126e-08.
- maximal number of matvec operations: 21.
-> E_updated = -12.35507086677353.
Orthogonality column 1:
- C leg dimensions: [(1, 2, 4, 4), (4, 1, 4, 16), (16, 2, 4, 24), (24, 1, 4, 24), (24, 2, 4, 24), (24, 2, 4, 24), (24, 1, 4, 24), (24, 2, 4, 24), (24, 1, 4, 16), (16, 2, 4, 4), (4, 1, 4, 1)].
- Rh leg dimensions: [(1, 4, 4, 16), (16, 4, 4, 48), (48, 4, 4, 48), (48, 4, 4, 48), (48, 4, 4, 48), (48, 4, 4, 48), (48, 4, 4, 48), (48, 4, 4, 48), (48, 4, 4, 48), (48, 4, 4, 16), (16, 4, 4, 1)].
-> E = <Lh|CC*> + <ALhAL*|CC*|ARhAR*> + <CC*|Rh> = None + 1.2768127094811856 + -12.09821930129106 = -10.821406591809874.
- C_updated leg dimensions: [(1, 2, 4, 8), (8, 1, 4, 24), (24, 2, 4, 24), (24, 1, 4, 24), (24, 2, 4, 24), (24, 2, 4, 24), (24, 1, 4, 24), (24, 2, 4, 24), (24, 1, 4, 24), (24, 2, 4, 4), (4, 1, 4, 1)].
- largest Hermiticity error: 6.620965937005468e-08.
- maximal number of matvec operations: 31.
-> E_updated = -11.192233145609105.
Orthogonality column 2:
- C leg dimensions: [(1, 2, 4, 8), (8, 2, 4, 24), (24, 2, 4, 24), (24, 2, 4, 24), (24, 2, 4, 24), (24, 4, 4, 24), (24, 2, 4, 24), (24, 2, 4, 24), (24, 2, 4, 24), (24, 2, 4, 4), (4, 2, 4, 1)].
- Lh leg dimensions: [(1, 2, 2, 4), (4, 2, 2, 3), (3, 2, 2, 8), (8, 2, 2, 3), (3, 2, 2, 9), (9, 4, 4, 3), (3, 2, 2, 8), (8, 2, 2, 3), (3, 2, 2, 8), (8, 2, 2, 3), (3, 2, 2, 1)].
- Rh leg dimensions: [(1, 4, 4, 16), (16, 4, 4, 48), (48, 4, 4, 48), (48, 4, 4, 48), (48, 4, 4, 48), (48, 4, 4, 48), (48, 4, 4, 48), (48, 4, 4, 48), (48, 4, 4, 48), (48, 4, 4, 16), (16, 4, 4, 1)].
-> E = <Lh|CC*> + <ALhAL*|CC*|ARhAR*> + <CC*|Rh> = 1.1433159376926485 + 0.8817708380527818 + -9.407648279617012 = -7.382561503871582.
- C_updated leg dimensions: [(1, 2, 4, 8), (8, 2, 4, 24), (24, 2, 4, 24), (24, 2, 4, 24), (24, 2, 4, 24), (24, 4, 4, 24), (24, 2, 4, 24), (24, 2, 4, 24), (24, 2, 4, 24), (24, 2, 4, 8), (8, 2, 4, 1)].
- largest Hermiticity error: 5.0507641064278266e-08.
- maximal number of matvec operations: 51.
-> E_updated = -8.59045980147641.
Orthogonality column 3:
- C leg dimensions: [(1, 4, 4, 8), (8, 2, 4, 24), (24, 4, 4, 24), (24, 2, 4, 24), (24, 4, 4, 24), (24, 4, 4, 24), (24, 4, 4, 24), (24, 4, 4, 24), (24, 2, 4, 24), (24, 4, 4, 8), (8, 2, 4, 1)].
- Lh leg dimensions: [(1, 4, 4, 8), (8, 2, 2, 29), (29, 4, 4, 8), (8, 2, 2, 29), (29, 4, 4, 14), (14, 4, 4, 48), (48, 4, 4, 9), (9, 4, 4, 29), (29, 2, 2, 8), (8, 4, 4, 4), (4, 2, 2, 1)].
- Rh leg dimensions: [(1, 4, 4, 16), (16, 4, 4, 48), (48, 4, 4, 48), (48, 4, 4, 48), (48, 4, 4, 48), (48, 4, 4, 48), (48, 4, 4, 48), (48, 4, 4, 48), (48, 4, 4, 48), (48, 4, 4, 16), (16, 4, 4, 1)].
-> E = <Lh|CC*> + <ALhAL*|CC*|ARhAR*> + <CC*|Rh> = 1.069603222441361 + 0.8983993151212326 + -8.00522863357356 = -6.037226096010967.
- C_updated leg dimensions: [(1, 4, 4, 16), (16, 2, 4, 24), (24, 4, 4, 24), (24, 2, 4, 24), (24, 4, 4, 24), (24, 4, 4, 24), (24, 4, 4, 24), (24, 4, 4, 24), (24, 2, 4, 24), (24, 4, 4, 8), (8, 2, 4, 1)].
- largest Hermiticity error: 1.6287295384789387e-07.
- maximal number of matvec operations: 61.
-> E_updated = -7.231345129872187.
Orthogonality column 4:
- C leg dimensions: [(1, 4, 4, 16), (16, 4, 4, 24), (24, 4, 4, 24), (24, 4, 4, 24), (24, 4, 4, 24), (24, 4, 4, 24), (24, 4, 4, 24), (24, 4, 4, 24), (24, 4, 4, 24), (24, 4, 4, 8), (8, 4, 4, 1)].
- Lh leg dimensions: [(1, 4, 4, 16), (16, 4, 4, 34), (34, 4, 4, 48), (48, 4, 4, 34), (34, 4, 4, 48), (48, 4, 4, 48), (48, 4, 4, 48), (48, 4, 4, 34), (34, 4, 4, 48), (48, 4, 4, 9), (9, 4, 4, 1)].
- Rh leg dimensions: [(1, 4, 4, 16), (16, 4, 4, 48), (48, 4, 4, 48), (48, 4, 4, 48), (48, 4, 4, 48), (48, 4, 4, 48), (48, 4, 4, 48), (48, 4, 4, 48), (48, 4, 4, 48), (48, 4, 4, 16), (16, 4, 4, 1)].
-> E = <Lh|CC*> + <ALhAL*|CC*|ARhAR*> + <CC*|Rh> = 1.0340761883312117 + 0.9246581954442507 + -4.294868792185393 = -2.3361344084099307.
- C_updated leg dimensions: [(1, 4, 4, 16), (16, 4, 4, 24), (24, 4, 4, 24), (24, 4, 4, 24), (24, 4, 4, 24), (24, 4, 4, 24), (24, 4, 4, 24), (24, 4, 4, 24), (24, 4, 4, 24), (24, 4, 4, 16), (16, 4, 4, 1)].
- largest Hermiticity error: 2.644073863680919e-07.
- maximal number of matvec operations: 71.
-> E_updated = -3.508084842061682.
Orthogonality column 5:
- C leg dimensions: [(1, 4, 4, 16), (16, 4, 4, 24), (24, 4, 4, 24), (24, 4, 4, 24), (24, 4, 4, 24), (24, 4, 4, 24), (24, 4, 4, 24), (24, 4, 4, 24), (24, 4, 4, 24), (24, 4, 4, 16), (16, 4, 4, 1)].
- Lh leg dimensions: [(1, 4, 4, 16), (16, 4, 4, 48), (48, 4, 4, 48), (48, 4, 4, 48), (48, 4, 4, 48), (48, 4, 4, 48), (48, 4, 4, 48), (48, 4, 4, 48), (48, 4, 4, 48), (48, 4, 4, 16), (16, 4, 4, 1)].
- Rh leg dimensions: [(1, 4, 4, 16), (16, 4, 4, 48), (48, 4, 4, 48), (48, 4, 4, 48), (48, 4, 4, 48), (48, 4, 4, 48), (48, 4, 4, 48), (48, 4, 4, 48), (48, 4, 4, 48), (48, 4, 4, 16), (16, 4, 4, 1)].
-> E = <Lh|CC*> + <ALhAL*|CC*|ARhAR*> + <CC*|Rh> = 1.1047242830775297 + 0.9263200860103513 + 1.448350525803911 = 3.479394894891792.
- C_updated leg dimensions: [(1, 4, 4, 16), (16, 4, 4, 24), (24, 4, 4, 24), (24, 4, 4, 24), (24, 4, 4, 24), (24, 4, 4, 24), (24, 4, 4, 24), (24, 4, 4, 24), (24, 4, 4, 24), (24, 4, 4, 16), (16, 4, 4, 1)].
- largest Hermiticity error: 8.789904862384803e-07.
- maximal number of matvec operations: 61.
-> E_updated = 2.3069132623665745.
Orthogonality column 6:
- C leg dimensions: [(1, 4, 4, 16), (16, 4, 4, 24), (24, 4, 4, 24), (24, 4, 4, 24), (24, 4, 4, 24), (24, 4, 4, 24), (24, 4, 4, 24), (24, 4, 4, 24), (24, 4, 4, 24), (24, 4, 4, 16), (16, 4, 4, 1)].
- Lh leg dimensions: [(1, 4, 4, 16), (16, 4, 4, 48), (48, 4, 4, 48), (48, 4, 4, 48), (48, 4, 4, 48), (48, 4, 4, 48), (48, 4, 4, 48), (48, 4, 4, 48), (48, 4, 4, 48), (48, 4, 4, 16), (16, 4, 4, 1)].
- Rh leg dimensions: [(1, 4, 4, 16), (16, 4, 4, 48), (48, 4, 4, 48), (48, 4, 4, 48), (48, 4, 4, 48), (48, 4, 4, 48), (48, 4, 4, 48), (48, 4, 4, 48), (48, 4, 4, 48), (48, 4, 4, 16), (16, 4, 4, 1)].
-> E = <Lh|CC*> + <ALhAL*|CC*|ARhAR*> + <CC*|Rh> = 1.0863053817312678 + 0.9136604977577203 + 3.182247268917346 = 5.182213148406334.
- C_updated leg dimensions: [(1, 4, 4, 16), (16, 4, 4, 24), (24, 4, 4, 24), (24, 4, 4, 24), (24, 4, 4, 24), (24, 4, 4, 24), (24, 4, 4, 24), (24, 4, 4, 24), (24, 4, 4, 24), (24, 4, 4, 16), (16, 4, 4, 1)].
- largest Hermiticity error: 2.7394152156438823e-09.
- maximal number of matvec operations: 61.
-> E_updated = 4.125679978227289.
Orthogonality column 7:
- C leg dimensions: [(1, 4, 4, 16), (16, 4, 4, 24), (24, 4, 4, 24), (24, 4, 4, 24), (24, 4, 4, 24), (24, 4, 4, 24), (24, 4, 4, 24), (24, 4, 4, 24), (24, 4, 4, 24), (24, 4, 4, 16), (16, 4, 4, 1)].
- Lh leg dimensions: [(1, 4, 4, 16), (16, 4, 4, 48), (48, 4, 4, 48), (48, 4, 4, 48), (48, 4, 4, 48), (48, 4, 4, 48), (48, 4, 4, 48), (48, 4, 4, 48), (48, 4, 4, 48), (48, 4, 4, 16), (16, 4, 4, 1)].
- Rh leg dimensions: [(1, 4, 4, 16), (16, 4, 4, 48), (48, 4, 4, 48), (48, 4, 4, 48), (48, 4, 4, 48), (48, 4, 4, 48), (48, 4, 4, 48), (48, 4, 4, 48), (48, 4, 4, 48), (48, 4, 4, 16), (16, 4, 4, 1)].
-> E = <Lh|CC*> + <ALhAL*|CC*|ARhAR*> + <CC*|Rh> = 1.443467484598086 + 0.915949751995023 + 4.7570382763064245 = 7.116455512899534.
- C_updated leg dimensions: [(1, 4, 4, 16), (16, 4, 4, 24), (24, 4, 4, 24), (24, 4, 4, 24), (24, 4, 4, 24), (24, 4, 4, 24), (24, 4, 4, 24), (24, 4, 4, 24), (24, 4, 4, 24), (24, 4, 4, 16), (16, 4, 4, 1)].
- largest Hermiticity error: 1.539454939598652e-08.
- maximal number of matvec operations: 51.
-> E_updated = 5.88919090413203.
Orthogonality column 8:
- C leg dimensions: [(1, 4, 4, 16), (16, 4, 4, 24), (24, 4, 4, 24), (24, 4, 4, 24), (24, 4, 4, 24), (24, 4, 4, 24), (24, 4, 4, 24), (24, 4, 4, 24), (24, 4, 4, 24), (24, 4, 4, 16), (16, 4, 4, 1)].
- Lh leg dimensions: [(1, 4, 4, 16), (16, 4, 4, 48), (48, 4, 4, 48), (48, 4, 4, 48), (48, 4, 4, 48), (48, 4, 4, 48), (48, 4, 4, 48), (48, 4, 4, 48), (48, 4, 4, 48), (48, 4, 4, 16), (16, 4, 4, 1)].
- Rh leg dimensions: [(1, 4, 4, 9), (9, 4, 4, 48), (48, 4, 4, 32), (32, 4, 4, 48), (48, 4, 4, 32), (32, 4, 4, 48), (48, 4, 4, 32), (32, 4, 4, 48), (48, 4, 4, 32), (32, 4, 4, 16), (16, 4, 4, 1)].
-> E = <Lh|CC*> + <ALhAL*|CC*|ARhAR*> + <CC*|Rh> = 1.8703338633918247 + 0.7577965046466554 + 3.8954475500501995 = 6.52357791808868.
- C_updated leg dimensions: [(1, 4, 4, 16), (16, 4, 4, 24), (24, 4, 4, 24), (24, 4, 4, 24), (24, 4, 4, 24), (24, 4, 4, 24), (24, 4, 4, 24), (24, 4, 4, 24), (24, 4, 4, 24), (24, 4, 4, 16), (16, 4, 4, 1)].
- largest Hermiticity error: 4.258938598288654e-09.
- maximal number of matvec operations: 51.
-> E_updated = 3.4048909691590525.
Orthogonality column 9:
- C leg dimensions: [(1, 4, 2, 16), (16, 4, 4, 24), (24, 4, 2, 24), (24, 4, 4, 24), (24, 4, 2, 24), (24, 4, 4, 24), (24, 4, 2, 24), (24, 4, 4, 24), (24, 4, 2, 24), (24, 4, 4, 16), (16, 4, 4, 1)].
- Lh leg dimensions: [(1, 4, 4, 16), (16, 4, 4, 48), (48, 4, 4, 48), (48, 4, 4, 48), (48, 4, 4, 48), (48, 4, 4, 48), (48, 4, 4, 48), (48, 4, 4, 48), (48, 4, 4, 48), (48, 4, 4, 16), (16, 4, 4, 1)].
- Rh leg dimensions: [(1, 2, 2, 4), (4, 4, 4, 8), (8, 2, 2, 29), (29, 4, 4, 8), (8, 2, 2, 29), (29, 4, 4, 8), (8, 2, 2, 29), (29, 4, 4, 8), (8, 2, 2, 29), (29, 4, 4, 13), (13, 4, 4, 1)].
-> E = <Lh|CC*> + <ALhAL*|CC*|ARhAR*> + <CC*|Rh> = 2.0967260545722732 + 0.11434405963601824 + 1.346728623780344 = 3.5577987379886356.
- C_updated leg dimensions: [(1, 4, 2, 8), (8, 4, 4, 24), (24, 4, 2, 24), (24, 4, 4, 24), (24, 4, 2, 24), (24, 4, 4, 24), (24, 4, 2, 24), (24, 4, 4, 24), (24, 4, 2, 24), (24, 4, 4, 16), (16, 4, 4, 1)].
- largest Hermiticity error: 8.504510338813232e-09.
- maximal number of matvec operations: 51.
-> E_updated = 2.4993176807760746.
Orthogonality column 10:
- C leg dimensions: [(1, 4, 2, 8), (8, 4, 2, 24), (24, 4, 2, 24), (24, 4, 2, 24), (24, 4, 2, 24), (24, 4, 2, 24), (24, 4, 2, 24), (24, 4, 2, 24), (24, 4, 2, 24), (24, 4, 2, 16), (16, 4, 4, 1)].
- Lh leg dimensions: [(1, 4, 4, 16), (16, 4, 4, 48), (48, 4, 4, 48), (48, 4, 4, 48), (48, 4, 4, 48), (48, 4, 4, 48), (48, 4, 4, 48), (48, 4, 4, 48), (48, 4, 4, 48), (48, 4, 4, 16), (16, 4, 4, 1)].
- Rh leg dimensions: [(1, 2, 2, 3), (3, 2, 2, 8), (8, 2, 2, 3), (3, 2, 2, 8), (8, 2, 2, 3), (3, 2, 2, 8), (8, 2, 2, 3), (3, 2, 2, 8), (8, 2, 2, 3), (3, 2, 2, 9), (9, 4, 4, 1)].
-> E = <Lh|CC*> + <ALhAL*|CC*|ARhAR*> + <CC*|Rh> = 2.195022234614061 + -0.03168287022831005 + 0.7044965743571433 = 2.8678359387428944.
- C_updated leg dimensions: [(1, 4, 2, 8), (8, 4, 2, 24), (24, 4, 2, 24), (24, 4, 2, 24), (24, 4, 2, 24), (24, 4, 2, 24), (24, 4, 2, 24), (24, 4, 2, 24), (24, 4, 2, 24), (24, 4, 2, 16), (16, 4, 4, 1)].
- largest Hermiticity error: 1.2081849391743563e-07.
- maximal number of matvec operations: 41.
-> E_updated = 2.4222514837082323.
Orthogonality column 11:
- C leg dimensions: [(1, 4, 1, 8), (8, 4, 2, 24), (24, 4, 1, 24), (24, 4, 2, 24), (24, 4, 1, 24), (24, 4, 2, 24), (24, 4, 1, 24), (24, 4, 2, 24), (24, 4, 1, 24), (24, 4, 2, 8), (8, 4, 2, 1)].
- Lh leg dimensions: [(1, 4, 4, 16), (16, 4, 4, 48), (48, 4, 4, 48), (48, 4, 4, 48), (48, 4, 4, 48), (48, 4, 4, 48), (48, 4, 4, 48), (48, 4, 4, 48), (48, 4, 4, 48), (48, 4, 4, 16), (16, 4, 4, 1)].
-> E = <Lh|CC*> + <ALhAL*|CC*|ARhAR*> + <CC*|Rh> = 2.5964657027180205 + 0.5236267442680307 + None = 3.1200924469860514.
- C_updated leg dimensions: [(1, 4, 1, 4), (4, 4, 2, 24), (24, 4, 1, 24), (24, 4, 2, 24), (24, 4, 1, 24), (24, 4, 2, 24), (24, 4, 1, 24), (24, 4, 2, 24), (24, 4, 1, 24), (24, 4, 2, 8), (8, 4, 2, 1)].
- largest Hermiticity error: 8.366429980203346e-08.
- maximal number of matvec operations: 41.
-> E_updated = 3.035620167810353.
Orthogonality column 12:
- C leg dimensions: [(1, 4, 1, 4), (4, 4, 1, 16), (16, 4, 1, 24), (24, 4, 1, 24), (24, 4, 1, 24), (24, 4, 1, 24), (24, 4, 1, 24), (24, 4, 1, 24), (24, 4, 1, 24), (24, 4, 1, 8), (8, 4, 1, 1)].
- Lh leg dimensions: [(1, 4, 4, 16), (16, 4, 4, 48), (48, 4, 4, 48), (48, 4, 4, 48), (48, 4, 4, 48), (48, 4, 4, 48), (48, 4, 4, 48), (48, 4, 4, 48), (48, 4, 4, 48), (48, 4, 4, 16), (16, 4, 4, 1)].
-> E = <Lh|CC*> + <ALhAL*|CC*|ARhAR*> + <CC*|Rh> = 3.268370598651418 + None + None = 3.268370598651418.
- C_updated leg dimensions: [(1, 4, 1, 4), (4, 4, 1, 16), (16, 4, 1, 24), (24, 4, 1, 24), (24, 4, 1, 24), (24, 4, 1, 24), (24, 4, 1, 24), (24, 4, 1, 24), (24, 4, 1, 16), (16, 4, 1, 4), (4, 4, 1, 1)].
- largest Hermiticity error: 9.931256178923027e-06.
- maximal number of matvec operations: 41.
-> E_updated = 3.180302109781527.
Orthogonality column 11:
- C leg dimensions: [(1, 4, 1, 4), (4, 4, 2, 16), (16, 4, 1, 24), (24, 4, 2, 24), (24, 4, 1, 24), (24, 4, 2, 24), (24, 4, 2, 24), (24, 4, 1, 24), (24, 4, 2, 16), (16, 4, 1, 4), (4, 4, 2, 1)].
- Lh leg dimensions: [(1, 4, 4, 16), (16, 4, 4, 48), (48, 4, 4, 48), (48, 4, 4, 48), (48, 4, 4, 48), (48, 4, 4, 48), (48, 4, 4, 48), (48, 4, 4, 48), (48, 4, 4, 48), (48, 4, 4, 16), (16, 4, 4, 1)].
-> E = <Lh|CC*> + <ALhAL*|CC*|ARhAR*> + <CC*|Rh> = 2.6111821768821604 + 0.5184998127917098 + None = 3.12968198967387.
- C_updated leg dimensions: [(1, 4, 1, 4), (4, 4, 2, 24), (24, 4, 1, 24), (24, 4, 2, 24), (24, 4, 1, 24), (24, 4, 2, 24), (24, 4, 2, 24), (24, 4, 1, 24), (24, 4, 2, 24), (24, 4, 1, 8), (8, 4, 2, 1)].
- largest Hermiticity error: 1.0308572224642065e-07.
- maximal number of matvec operations: 41.
-> E_updated = 3.0356200691797004.
Orthogonality column 10:
- C leg dimensions: [(1, 4, 2, 4), (4, 4, 2, 24), (24, 4, 2, 24), (24, 4, 2, 24), (24, 4, 2, 24), (24, 4, 4, 24), (24, 4, 2, 24), (24, 4, 2, 24), (24, 4, 2, 24), (24, 4, 2, 8), (8, 4, 2, 1)].
- Lh leg dimensions: [(1, 4, 4, 16), (16, 4, 4, 48), (48, 4, 4, 48), (48, 4, 4, 48), (48, 4, 4, 48), (48, 4, 4, 48), (48, 4, 4, 48), (48, 4, 4, 48), (48, 4, 4, 48), (48, 4, 4, 16), (16, 4, 4, 1)].
- Rh leg dimensions: [(1, 2, 2, 3), (3, 2, 2, 8), (8, 2, 2, 3), (3, 2, 2, 8), (8, 2, 2, 3), (3, 4, 4, 9), (9, 2, 2, 3), (3, 2, 2, 8), (8, 2, 2, 3), (3, 2, 2, 4), (4, 2, 2, 1)].
-> E = <Lh|CC*> + <ALhAL*|CC*|ARhAR*> + <CC*|Rh> = 2.1085997262056386 + -0.09834958297849317 + 0.5167128116888666 = 2.526962954916012.
- C_updated leg dimensions: [(1, 4, 2, 8), (8, 4, 2, 24), (24, 4, 2, 24), (24, 4, 2, 24), (24, 4, 2, 24), (24, 4, 4, 24), (24, 4, 2, 24), (24, 4, 2, 24), (24, 4, 2, 24), (24, 4, 2, 8), (8, 4, 2, 1)].
- largest Hermiticity error: 1.1345839626846469e-07.
- maximal number of matvec operations: 51.
-> E_updated = 2.4206360200565475.
Orthogonality column 9:
- C leg dimensions: [(1, 4, 2, 8), (8, 4, 4, 24), (24, 4, 2, 24), (24, 4, 4, 24), (24, 4, 4, 24), (24, 4, 4, 24), (24, 4, 4, 24), (24, 4, 2, 24), (24, 4, 4, 24), (24, 4, 2, 8), (8, 4, 4, 1)].
- Lh leg dimensions: [(1, 4, 4, 16), (16, 4, 4, 48), (48, 4, 4, 48), (48, 4, 4, 48), (48, 4, 4, 48), (48, 4, 4, 48), (48, 4, 4, 48), (48, 4, 4, 48), (48, 4, 4, 48), (48, 4, 4, 16), (16, 4, 4, 1)].
- Rh leg dimensions: [(1, 2, 2, 4), (4, 4, 4, 8), (8, 2, 2, 29), (29, 4, 4, 8), (8, 4, 4, 48), (48, 4, 4, 14), (14, 4, 4, 29), (29, 2, 2, 8), (8, 4, 4, 29), (29, 2, 2, 8), (8, 4, 4, 1)].
-> E = <Lh|CC*> + <ALhAL*|CC*|ARhAR*> + <CC*|Rh> = 2.0176866423592674 + -0.10340012075615507 + 0.40695155561313545 = 2.3212380772162478.
- C_updated leg dimensions: [(1, 4, 2, 8), (8, 4, 4, 24), (24, 4, 2, 24), (24, 4, 4, 24), (24, 4, 4, 24), (24, 4, 4, 24), (24, 4, 4, 24), (24, 4, 2, 24), (24, 4, 4, 24), (24, 4, 2, 16), (16, 4, 4, 1)].
- largest Hermiticity error: 6.318478850189326e-09.
- maximal number of matvec operations: 51.
-> E_updated = 2.1455269292910213.
Orthogonality column 8:
- C leg dimensions: [(1, 4, 4, 8), (8, 4, 4, 24), (24, 4, 4, 24), (24, 4, 4, 24), (24, 4, 4, 24), (24, 4, 4, 24), (24, 4, 4, 24), (24, 4, 4, 24), (24, 4, 4, 24), (24, 4, 4, 16), (16, 4, 4, 1)].
- Lh leg dimensions: [(1, 4, 4, 16), (16, 4, 4, 48), (48, 4, 4, 48), (48, 4, 4, 48), (48, 4, 4, 48), (48, 4, 4, 48), (48, 4, 4, 48), (48, 4, 4, 48), (48, 4, 4, 48), (48, 4, 4, 16), (16, 4, 4, 1)].
- Rh leg dimensions: [(1, 4, 4, 9), (9, 4, 4, 48), (48, 4, 4, 33), (33, 4, 4, 48), (48, 4, 4, 48), (48, 4, 4, 48), (48, 4, 4, 33), (33, 4, 4, 48), (48, 4, 4, 33), (33, 4, 4, 16), (16, 4, 4, 1)].
-> E = <Lh|CC*> + <ALhAL*|CC*|ARhAR*> + <CC*|Rh> = 1.7640261200980287 + -0.11210335944081928 + 0.3055902932245422 = 1.9575130538817518.
- C_updated leg dimensions: [(1, 4, 4, 16), (16, 4, 4, 24), (24, 4, 4, 24), (24, 4, 4, 24), (24, 4, 4, 24), (24, 4, 4, 24), (24, 4, 4, 24), (24, 4, 4, 24), (24, 4, 4, 24), (24, 4, 4, 16), (16, 4, 4, 1)].
- largest Hermiticity error: 4.008204634238567e-09.
- maximal number of matvec operations: 51.
-> E_updated = 1.6708178479601465.
Orthogonality column 7:
- C leg dimensions: [(1, 4, 4, 16), (16, 4, 4, 24), (24, 4, 4, 24), (24, 4, 4, 24), (24, 4, 4, 24), (24, 4, 4, 24), (24, 4, 4, 24), (24, 4, 4, 24), (24, 4, 4, 24), (24, 4, 4, 16), (16, 4, 4, 1)].
- Lh leg dimensions: [(1, 4, 4, 16), (16, 4, 4, 48), (48, 4, 4, 48), (48, 4, 4, 48), (48, 4, 4, 48), (48, 4, 4, 48), (48, 4, 4, 48), (48, 4, 4, 48), (48, 4, 4, 48), (48, 4, 4, 16), (16, 4, 4, 1)].
- Rh leg dimensions: [(1, 4, 4, 16), (16, 4, 4, 48), (48, 4, 4, 48), (48, 4, 4, 48), (48, 4, 4, 48), (48, 4, 4, 48), (48, 4, 4, 48), (48, 4, 4, 48), (48, 4, 4, 48), (48, 4, 4, 16), (16, 4, 4, 1)].
-> E = <Lh|CC*> + <ALhAL*|CC*|ARhAR*> + <CC*|Rh> = 1.0945993076616443 + 0.48477445303488736 + 0.1836181744073333 = 1.762991935103865.
- C_updated leg dimensions: [(1, 4, 4, 16), (16, 4, 4, 24), (24, 4, 4, 24), (24, 4, 4, 24), (24, 4, 4, 24), (24, 4, 4, 24), (24, 4, 4, 24), (24, 4, 4, 24), (24, 4, 4, 24), (24, 4, 4, 16), (16, 4, 4, 1)].
- largest Hermiticity error: 1.2944360117123172e-09.
- maximal number of matvec operations: 51.
-> E_updated = 1.1647249688164942.
Orthogonality column 6:
- C leg dimensions: [(1, 4, 4, 16), (16, 4, 4, 24), (24, 4, 4, 24), (24, 4, 4, 24), (24, 4, 4, 24), (24, 4, 4, 24), (24, 4, 4, 24), (24, 4, 4, 24), (24, 4, 4, 24), (24, 4, 4, 16), (16, 4, 4, 1)].
- Lh leg dimensions: [(1, 4, 4, 16), (16, 4, 4, 48), (48, 4, 4, 48), (48, 4, 4, 48), (48, 4, 4, 48), (48, 4, 4, 48), (48, 4, 4, 48), (48, 4, 4, 48), (48, 4, 4, 48), (48, 4, 4, 16), (16, 4, 4, 1)].
- Rh leg dimensions: [(1, 4, 4, 16), (16, 4, 4, 48), (48, 4, 4, 48), (48, 4, 4, 48), (48, 4, 4, 48), (48, 4, 4, 48), (48, 4, 4, 48), (48, 4, 4, 48), (48, 4, 4, 48), (48, 4, 4, 16), (16, 4, 4, 1)].
-> E = <Lh|CC*> + <ALhAL*|CC*|ARhAR*> + <CC*|Rh> = 0.8159621760380699 + 0.24395588045501776 + 0.27125978482551305 = 1.3311778413186008.
- C_updated leg dimensions: [(1, 4, 4, 16), (16, 4, 4, 24), (24, 4, 4, 24), (24, 4, 4, 24), (24, 4, 4, 24), (24, 4, 4, 24), (24, 4, 4, 24), (24, 4, 4, 24), (24, 4, 4, 24), (24, 4, 4, 16), (16, 4, 4, 1)].
- largest Hermiticity error: 1.677495361151134e-07.
- maximal number of matvec operations: 51.
-> E_updated = 0.7109398022581993.
Orthogonality column 5:
- C leg dimensions: [(1, 4, 4, 16), (16, 4, 4, 24), (24, 4, 4, 24), (24, 4, 4, 24), (24, 4, 4, 24), (24, 4, 4, 24), (24, 4, 4, 24), (24, 4, 4, 24), (24, 4, 4, 24), (24, 4, 4, 16), (16, 4, 4, 1)].
- Lh leg dimensions: [(1, 4, 4, 16), (16, 4, 4, 48), (48, 4, 4, 48), (48, 4, 4, 48), (48, 4, 4, 48), (48, 4, 4, 48), (48, 4, 4, 48), (48, 4, 4, 48), (48, 4, 4, 48), (48, 4, 4, 16), (16, 4, 4, 1)].
- Rh leg dimensions: [(1, 4, 4, 16), (16, 4, 4, 48), (48, 4, 4, 48), (48, 4, 4, 48), (48, 4, 4, 48), (48, 4, 4, 48), (48, 4, 4, 48), (48, 4, 4, 48), (48, 4, 4, 48), (48, 4, 4, 16), (16, 4, 4, 1)].
-> E = <Lh|CC*> + <ALhAL*|CC*|ARhAR*> + <CC*|Rh> = 0.4033474206789255 + 0.3185284898990271 + 0.11914213479532178 = 0.8410180453732744.
- C_updated leg dimensions: [(1, 4, 4, 16), (16, 4, 4, 24), (24, 4, 4, 24), (24, 4, 4, 24), (24, 4, 4, 24), (24, 4, 4, 24), (24, 4, 4, 24), (24, 4, 4, 24), (24, 4, 4, 24), (24, 4, 4, 16), (16, 4, 4, 1)].
- largest Hermiticity error: 1.0116141818717821e-07.
- maximal number of matvec operations: 61.
-> E_updated = 0.38195681344411325.
Orthogonality column 4:
- C leg dimensions: [(1, 4, 4, 16), (16, 4, 4, 24), (24, 4, 4, 24), (24, 4, 4, 24), (24, 4, 4, 24), (24, 4, 4, 24), (24, 4, 4, 24), (24, 4, 4, 24), (24, 4, 4, 24), (24, 4, 4, 16), (16, 4, 4, 1)].
- Lh leg dimensions: [(1, 4, 4, 16), (16, 4, 4, 34), (34, 4, 4, 48), (48, 4, 4, 34), (34, 4, 4, 48), (48, 4, 4, 48), (48, 4, 4, 48), (48, 4, 4, 34), (34, 4, 4, 48), (48, 4, 4, 9), (9, 4, 4, 1)].
- Rh leg dimensions: [(1, 4, 4, 16), (16, 4, 4, 48), (48, 4, 4, 48), (48, 4, 4, 48), (48, 4, 4, 48), (48, 4, 4, 48), (48, 4, 4, 48), (48, 4, 4, 48), (48, 4, 4, 48), (48, 4, 4, 16), (16, 4, 4, 1)].
-> E = <Lh|CC*> + <ALhAL*|CC*|ARhAR*> + <CC*|Rh> = 0.26227534225974475 + 0.0007509121328156398 + 0.1468190638900863 = 0.4098453182826467.
- C_updated leg dimensions: [(1, 4, 4, 16), (16, 4, 4, 24), (24, 4, 4, 24), (24, 4, 4, 24), (24, 4, 4, 24), (24, 4, 4, 24), (24, 4, 4, 24), (24, 4, 4, 24), (24, 4, 4, 24), (24, 4, 4, 16), (16, 4, 4, 1)].
- largest Hermiticity error: 4.96031594623221e-08.
- maximal number of matvec operations: 61.
-> E_updated = 0.18693894941843534.
Orthogonality column 3:
- C leg dimensions: [(1, 4, 4, 16), (16, 2, 4, 24), (24, 4, 4, 24), (24, 2, 4, 24), (24, 4, 4, 24), (24, 4, 4, 24), (24, 4, 4, 24), (24, 4, 4, 24), (24, 2, 4, 24), (24, 4, 4, 8), (8, 2, 4, 1)].
- Lh leg dimensions: [(1, 4, 4, 8), (8, 2, 2, 29), (29, 4, 4, 8), (8, 2, 2, 29), (29, 4, 4, 14), (14, 4, 4, 48), (48, 4, 4, 9), (9, 4, 4, 29), (29, 2, 2, 8), (8, 4, 4, 4), (4, 2, 2, 1)].
- Rh leg dimensions: [(1, 4, 4, 16), (16, 4, 4, 48), (48, 4, 4, 48), (48, 4, 4, 48), (48, 4, 4, 48), (48, 4, 4, 48), (48, 4, 4, 48), (48, 4, 4, 48), (48, 4, 4, 48), (48, 4, 4, 16), (16, 4, 4, 1)].
-> E = <Lh|CC*> + <ALhAL*|CC*|ARhAR*> + <CC*|Rh> = 0.24130921571238043 + -0.08828109567590306 + 0.054564695616454585 = 0.20759281565293194.
- C_updated leg dimensions: [(1, 4, 4, 16), (16, 2, 4, 24), (24, 4, 4, 24), (24, 2, 4, 24), (24, 4, 4, 24), (24, 4, 4, 24), (24, 4, 4, 24), (24, 4, 4, 24), (24, 2, 4, 24), (24, 4, 4, 8), (8, 2, 4, 1)].
- largest Hermiticity error: 7.310605405899022e-08.
- maximal number of matvec operations: 61.
-> E_updated = 0.1396692898916701.
Orthogonality column 2:
- C leg dimensions: [(1, 2, 4, 8), (8, 2, 4, 24), (24, 2, 4, 24), (24, 2, 4, 24), (24, 2, 4, 24), (24, 4, 4, 24), (24, 2, 4, 24), (24, 2, 4, 24), (24, 2, 4, 24), (24, 2, 4, 8), (8, 2, 4, 1)].
- Lh leg dimensions: [(1, 2, 2, 4), (4, 2, 2, 3), (3, 2, 2, 8), (8, 2, 2, 3), (3, 2, 2, 9), (9, 4, 4, 3), (3, 2, 2, 8), (8, 2, 2, 3), (3, 2, 2, 8), (8, 2, 2, 3), (3, 2, 2, 1)].
- Rh leg dimensions: [(1, 4, 4, 16), (16, 4, 4, 48), (48, 4, 4, 48), (48, 4, 4, 48), (48, 4, 4, 48), (48, 4, 4, 48), (48, 4, 4, 48), (48, 4, 4, 48), (48, 4, 4, 48), (48, 4, 4, 16), (16, 4, 4, 1)].
-> E = <Lh|CC*> + <ALhAL*|CC*|ARhAR*> + <CC*|Rh> = 0.3966210774081459 + -0.1628077707461286 + 0.09206357135665771 = 0.32587687801867504.
- C_updated leg dimensions: [(1, 2, 4, 8), (8, 2, 4, 24), (24, 2, 4, 24), (24, 2, 4, 24), (24, 2, 4, 24), (24, 4, 4, 24), (24, 2, 4, 24), (24, 2, 4, 24), (24, 2, 4, 24), (24, 2, 4, 8), (8, 2, 4, 1)].
- largest Hermiticity error: 1.1631377768746833e-07.
- maximal number of matvec operations: 61.
-> E_updated = 0.28317950379073004.
Orthogonality column 1:
- C leg dimensions: [(1, 2, 4, 8), (8, 1, 4, 24), (24, 2, 4, 24), (24, 1, 4, 24), (24, 2, 4, 24), (24, 2, 4, 24), (24, 1, 4, 24), (24, 2, 4, 24), (24, 1, 4, 24), (24, 2, 4, 4), (4, 1, 4, 1)].
- Rh leg dimensions: [(1, 4, 4, 16), (16, 4, 4, 48), (48, 4, 4, 48), (48, 4, 4, 48), (48, 4, 4, 48), (48, 4, 4, 48), (48, 4, 4, 48), (48, 4, 4, 48), (48, 4, 4, 48), (48, 4, 4, 16), (16, 4, 4, 1)].
-> E = <Lh|CC*> + <ALhAL*|CC*|ARhAR*> + <CC*|Rh> = None + 0.39846004205304947 + 0.04258314619511487 = 0.44104318824816435.
- C_updated leg dimensions: [(1, 2, 4, 8), (8, 1, 4, 24), (24, 2, 4, 24), (24, 1, 4, 24), (24, 2, 4, 24), (24, 2, 4, 24), (24, 1, 4, 24), (24, 2, 4, 24), (24, 1, 4, 24), (24, 2, 4, 4), (4, 1, 4, 1)].
- largest Hermiticity error: 1.9453015607630607e-07.
- maximal number of matvec operations: 51.
-> E_updated = 0.3886579909202564.
Orthogonality column 0:
- C leg dimensions: [(1, 1, 4, 4), (4, 1, 4, 16), (16, 1, 4, 24), (24, 1, 4, 24), (24, 1, 4, 24), (24, 1, 4, 24), (24, 1, 4, 24), (24, 1, 4, 24), (24, 1, 4, 24), (24, 1, 4, 4), (4, 1, 4, 1)].
- Rh leg dimensions: [(1, 4, 4, 16), (16, 4, 4, 48), (48, 4, 4, 48), (48, 4, 4, 48), (48, 4, 4, 48), (48, 4, 4, 48), (48, 4, 4, 48), (48, 4, 4, 48), (48, 4, 4, 48), (48, 4, 4, 16), (16, 4, 4, 1)].
-> E = <Lh|CC*> + <ALhAL*|CC*|ARhAR*> + <CC*|Rh> = None + None + 0.5958279592660038 = 0.5958279592660038.
- C_updated leg dimensions: [(1, 1, 4, 4), (4, 1, 4, 16), (16, 1, 4, 24), (24, 1, 4, 24), (24, 1, 4, 24), (24, 1, 4, 24), (24, 1, 4, 24), (24, 1, 4, 24), (24, 1, 4, 16), (16, 1, 4, 4), (4, 1, 4, 1)].
- largest Hermiticity error: 1.0114656367335708e-06.
- maximal number of matvec operations: 51.
-> E_updated = 0.5376684828008643.
=> <H> - E0 = 0.18241932181743437.

DMRGSquared sweep 2 ...
Orthogonality column 0:
- C leg dimensions: [(1, 1, 4, 4), (4, 1, 4, 16), (16, 1, 4, 24), (24, 1, 4, 24), (24, 1, 4, 24), (24, 1, 4, 24), (24, 1, 4, 24), (24, 1, 4, 24), (24, 1, 4, 16), (16, 1, 4, 4), (4, 1, 4, 1)].
- Rh leg dimensions: [(1, 4, 4, 16), (16, 4, 4, 48), (48, 4, 4, 48), (48, 4, 4, 48), (48, 4, 4, 48), (48, 4, 4, 48), (48, 4, 4, 48), (48, 4, 4, 48), (48, 4, 4, 48), (48, 4, 4, 16), (16, 4, 4, 1)].
-> E = <Lh|CC*> + <ALhAL*|CC*|ARhAR*> + <CC*|Rh> = None + None + 0.5376684828008348 = 0.5376684828008348.
- C_updated leg dimensions: [(1, 1, 4, 4), (4, 1, 4, 16), (16, 1, 4, 24), (24, 1, 4, 24), (24, 1, 4, 24), (24, 1, 4, 24), (24, 1, 4, 24), (24, 1, 4, 24), (24, 1, 4, 16), (16, 1, 4, 4), (4, 1, 4, 1)].
- largest Hermiticity error: 8.973488660336573e-07.
- maximal number of matvec operations: 41.
-> E_updated = 0.5376684827869727.
Orthogonality column 1:
- C leg dimensions: [(1, 2, 4, 4), (4, 1, 4, 16), (16, 2, 4, 24), (24, 1, 4, 24), (24, 2, 4, 24), (24, 2, 4, 24), (24, 1, 4, 24), (24, 2, 4, 24), (24, 1, 4, 16), (16, 2, 4, 4), (4, 1, 4, 1)].
- Rh leg dimensions: [(1, 4, 4, 16), (16, 4, 4, 48), (48, 4, 4, 48), (48, 4, 4, 48), (48, 4, 4, 48), (48, 4, 4, 48), (48, 4, 4, 48), (48, 4, 4, 48), (48, 4, 4, 48), (48, 4, 4, 16), (16, 4, 4, 1)].
-> E = <Lh|CC*> + <ALhAL*|CC*|ARhAR*> + <CC*|Rh> = None + 0.40502458713944484 + 0.04890306280368252 = 0.45392764994312734.
- C_updated leg dimensions: [(1, 2, 4, 8), (8, 1, 4, 24), (24, 2, 4, 24), (24, 1, 4, 24), (24, 2, 4, 24), (24, 2, 4, 24), (24, 1, 4, 24), (24, 2, 4, 24), (24, 1, 4, 24), (24, 2, 4, 4), (4, 1, 4, 1)].
- largest Hermiticity error: 2.7085814117275386e-07.
- maximal number of matvec operations: 51.
-> E_updated = 0.38865799158500586.
Orthogonality column 2:
- C leg dimensions: [(1, 2, 4, 8), (8, 2, 4, 24), (24, 2, 4, 24), (24, 2, 4, 24), (24, 2, 4, 24), (24, 4, 4, 24), (24, 2, 4, 24), (24, 2, 4, 24), (24, 2, 4, 24), (24, 2, 4, 4), (4, 2, 4, 1)].
- Lh leg dimensions: [(1, 2, 2, 4), (4, 2, 2, 3), (3, 2, 2, 8), (8, 2, 2, 3), (3, 2, 2, 9), (9, 4, 4, 3), (3, 2, 2, 8), (8, 2, 2, 3), (3, 2, 2, 8), (8, 2, 2, 3), (3, 2, 2, 1)].
- Rh leg dimensions: [(1, 4, 4, 16), (16, 4, 4, 48), (48, 4, 4, 48), (48, 4, 4, 48), (48, 4, 4, 48), (48, 4, 4, 48), (48, 4, 4, 48), (48, 4, 4, 48), (48, 4, 4, 48), (48, 4, 4, 16), (16, 4, 4, 1)].
-> E = <Lh|CC*> + <ALhAL*|CC*|ARhAR*> + <CC*|Rh> = 0.39912339427845617 + -0.16449737237474196 + 0.11195040792834221 = 0.3465764298320564.
- C_updated leg dimensions: [(1, 2, 4, 8), (8, 2, 4, 24), (24, 2, 4, 24), (24, 2, 4, 24), (24, 2, 4, 24), (24, 4, 4, 24), (24, 2, 4, 24), (24, 2, 4, 24), (24, 2, 4, 24), (24, 2, 4, 8), (8, 2, 4, 1)].
- largest Hermiticity error: 1.5878982100819792e-07.
- maximal number of matvec operations: 61.
-> E_updated = 0.28300920096530524.
Orthogonality column 3:
- C leg dimensions: [(1, 4, 4, 8), (8, 2, 4, 24), (24, 4, 4, 24), (24, 2, 4, 24), (24, 4, 4, 24), (24, 4, 4, 24), (24, 4, 4, 24), (24, 4, 4, 24), (24, 2, 4, 24), (24, 4, 4, 8), (8, 2, 4, 1)].
- Lh leg dimensions: [(1, 4, 4, 8), (8, 2, 2, 29), (29, 4, 4, 8), (8, 2, 2, 29), (29, 4, 4, 14), (14, 4, 4, 48), (48, 4, 4, 9), (9, 4, 4, 29), (29, 2, 2, 8), (8, 4, 4, 4), (4, 2, 2, 1)].
- Rh leg dimensions: [(1, 4, 4, 16), (16, 4, 4, 48), (48, 4, 4, 48), (48, 4, 4, 48), (48, 4, 4, 48), (48, 4, 4, 48), (48, 4, 4, 48), (48, 4, 4, 48), (48, 4, 4, 48), (48, 4, 4, 16), (16, 4, 4, 1)].
-> E = <Lh|CC*> + <ALhAL*|CC*|ARhAR*> + <CC*|Rh> = 0.22790344112241584 + -0.10809279158495716 + 0.073201721062431 = 0.19301237059988968.
- C_updated leg dimensions: [(1, 4, 4, 16), (16, 2, 4, 24), (24, 4, 4, 24), (24, 2, 4, 24), (24, 4, 4, 24), (24, 4, 4, 24), (24, 4, 4, 24), (24, 4, 4, 24), (24, 2, 4, 24), (24, 4, 4, 8), (8, 2, 4, 1)].
- largest Hermiticity error: 5.4832541828891925e-08.
- maximal number of matvec operations: 61.
-> E_updated = 0.1379390212610404.
Orthogonality column 4:
- C leg dimensions: [(1, 4, 4, 16), (16, 4, 4, 24), (24, 4, 4, 24), (24, 4, 4, 24), (24, 4, 4, 24), (24, 4, 4, 24), (24, 4, 4, 24), (24, 4, 4, 24), (24, 4, 4, 24), (24, 4, 4, 8), (8, 4, 4, 1)].
- Lh leg dimensions: [(1, 4, 4, 16), (16, 4, 4, 34), (34, 4, 4, 48), (48, 4, 4, 34), (34, 4, 4, 48), (48, 4, 4, 48), (48, 4, 4, 48), (48, 4, 4, 33), (33, 4, 4, 48), (48, 4, 4, 9), (9, 4, 4, 1)].
- Rh leg dimensions: [(1, 4, 4, 16), (16, 4, 4, 48), (48, 4, 4, 48), (48, 4, 4, 48), (48, 4, 4, 48), (48, 4, 4, 48), (48, 4, 4, 48), (48, 4, 4, 48), (48, 4, 4, 48), (48, 4, 4, 16), (16, 4, 4, 1)].
-> E = <Lh|CC*> + <ALhAL*|CC*|ARhAR*> + <CC*|Rh> = 0.12261683121721913 + -0.09674504234308134 + 0.17553708252670858 = 0.20140887140084635.
- C_updated leg dimensions: [(1, 4, 4, 16), (16, 4, 4, 24), (24, 4, 4, 24), (24, 4, 4, 24), (24, 4, 4, 24), (24, 4, 4, 24), (24, 4, 4, 24), (24, 4, 4, 24), (24, 4, 4, 24), (24, 4, 4, 16), (16, 4, 4, 1)].
- largest Hermiticity error: 4.300588626062396e-08.
- maximal number of matvec operations: 71.
-> E_updated = 0.1495816102067911.
Orthogonality column 5:
- C leg dimensions: [(1, 4, 4, 16), (16, 4, 4, 24), (24, 4, 4, 24), (24, 4, 4, 24), (24, 4, 4, 24), (24, 4, 4, 24), (24, 4, 4, 24), (24, 4, 4, 24), (24, 4, 4, 24), (24, 4, 4, 16), (16, 4, 4, 1)].
- Lh leg dimensions: [(1, 4, 4, 16), (16, 4, 4, 48), (48, 4, 4, 48), (48, 4, 4, 48), (48, 4, 4, 48), (48, 4, 4, 48), (48, 4, 4, 48), (48, 4, 4, 48), (48, 4, 4, 48), (48, 4, 4, 16), (16, 4, 4, 1)].
- Rh leg dimensions: [(1, 4, 4, 16), (16, 4, 4, 48), (48, 4, 4, 48), (48, 4, 4, 48), (48, 4, 4, 48), (48, 4, 4, 48), (48, 4, 4, 48), (48, 4, 4, 48), (48, 4, 4, 48), (48, 4, 4, 16), (16, 4, 4, 1)].
-> E = <Lh|CC*> + <ALhAL*|CC*|ARhAR*> + <CC*|Rh> = 0.037242089015750955 + -0.08234487663010856 + 0.1871468119534801 = 0.1420440243391225.
- C_updated leg dimensions: [(1, 4, 4, 16), (16, 4, 4, 24), (24, 4, 4, 24), (24, 4, 4, 24), (24, 4, 4, 24), (24, 4, 4, 24), (24, 4, 4, 24), (24, 4, 4, 24), (24, 4, 4, 24), (24, 4, 4, 16), (16, 4, 4, 1)].
- largest Hermiticity error: 1.02320694912357e-07.
- maximal number of matvec operations: 71.
-> E_updated = 0.09199374842983518.
Orthogonality column 6:
- C leg dimensions: [(1, 4, 4, 16), (16, 4, 4, 24), (24, 4, 4, 24), (24, 4, 4, 24), (24, 4, 4, 24), (24, 4, 4, 24), (24, 4, 4, 24), (24, 4, 4, 24), (24, 4, 4, 24), (24, 4, 4, 16), (16, 4, 4, 1)].
- Lh leg dimensions: [(1, 4, 4, 16), (16, 4, 4, 48), (48, 4, 4, 48), (48, 4, 4, 48), (48, 4, 4, 48), (48, 4, 4, 48), (48, 4, 4, 48), (48, 4, 4, 48), (48, 4, 4, 48), (48, 4, 4, 16), (16, 4, 4, 1)].
- Rh leg dimensions: [(1, 4, 4, 16), (16, 4, 4, 48), (48, 4, 4, 48), (48, 4, 4, 48), (48, 4, 4, 48), (48, 4, 4, 48), (48, 4, 4, 48), (48, 4, 4, 48), (48, 4, 4, 48), (48, 4, 4, 16), (16, 4, 4, 1)].
-> E = <Lh|CC*> + <ALhAL*|CC*|ARhAR*> + <CC*|Rh> = -0.05892993216137313 + -0.08775926196513902 + 0.24414263998556865 = 0.09745344585905649.
- C_updated leg dimensions: [(1, 4, 4, 16), (16, 4, 4, 24), (24, 4, 4, 24), (24, 4, 4, 24), (24, 4, 4, 24), (24, 4, 4, 24), (24, 4, 4, 24), (24, 4, 4, 24), (24, 4, 4, 24), (24, 4, 4, 16), (16, 4, 4, 1)].
- largest Hermiticity error: 2.0829065688205103e-07.
- maximal number of matvec operations: 71.
-> E_updated = 0.062334177691296726.
Orthogonality column 7:
- C leg dimensions: [(1, 4, 4, 16), (16, 4, 4, 24), (24, 4, 4, 24), (24, 4, 4, 24), (24, 4, 4, 24), (24, 4, 4, 24), (24, 4, 4, 24), (24, 4, 4, 24), (24, 4, 4, 24), (24, 4, 4, 16), (16, 4, 4, 1)].
- Lh leg dimensions: [(1, 4, 4, 16), (16, 4, 4, 48), (48, 4, 4, 48), (48, 4, 4, 48), (48, 4, 4, 48), (48, 4, 4, 48), (48, 4, 4, 48), (48, 4, 4, 48), (48, 4, 4, 48), (48, 4, 4, 16), (16, 4, 4, 1)].
- Rh leg dimensions: [(1, 4, 4, 16), (16, 4, 4, 48), (48, 4, 4, 48), (48, 4, 4, 48), (48, 4, 4, 48), (48, 4, 4, 48), (48, 4, 4, 48), (48, 4, 4, 48), (48, 4, 4, 48), (48, 4, 4, 16), (16, 4, 4, 1)].
-> E = <Lh|CC*> + <ALhAL*|CC*|ARhAR*> + <CC*|Rh> = -0.12820483351029807 + -0.07829857965308716 + 0.28669431942867735 = 0.08019090626529213.
- C_updated leg dimensions: [(1, 4, 4, 16), (16, 4, 4, 24), (24, 4, 4, 24), (24, 4, 4, 24), (24, 4, 4, 24), (24, 4, 4, 24), (24, 4, 4, 24), (24, 4, 4, 24), (24, 4, 4, 24), (24, 4, 4, 16), (16, 4, 4, 1)].
- largest Hermiticity error: 5.931818230751888e-08.
- maximal number of matvec operations: 71.
-> E_updated = 0.04721503370664778.
Orthogonality column 8:
- C leg dimensions: [(1, 4, 4, 16), (16, 4, 4, 24), (24, 4, 4, 24), (24, 4, 4, 24), (24, 4, 4, 24), (24, 4, 4, 24), (24, 4, 4, 24), (24, 4, 4, 24), (24, 4, 4, 24), (24, 4, 4, 16), (16, 4, 4, 1)].
- Lh leg dimensions: [(1, 4, 4, 16), (16, 4, 4, 48), (48, 4, 4, 48), (48, 4, 4, 48), (48, 4, 4, 48), (48, 4, 4, 48), (48, 4, 4, 48), (48, 4, 4, 48), (48, 4, 4, 48), (48, 4, 4, 16), (16, 4, 4, 1)].
- Rh leg dimensions: [(1, 4, 4, 9), (9, 4, 4, 48), (48, 4, 4, 33), (33, 4, 4, 48), (48, 4, 4, 48), (48, 4, 4, 48), (48, 4, 4, 33), (33, 4, 4, 48), (48, 4, 4, 33), (33, 4, 4, 16), (16, 4, 4, 1)].
-> E = <Lh|CC*> + <ALhAL*|CC*|ARhAR*> + <CC*|Rh> = -0.17858315399442592 + -0.08346767740890508 + 0.34315065559586067 = 0.08109982419252965.
- C_updated leg dimensions: [(1, 4, 4, 16), (16, 4, 4, 24), (24, 4, 4, 24), (24, 4, 4, 24), (24, 4, 4, 24), (24, 4, 4, 24), (24, 4, 4, 24), (24, 4, 4, 24), (24, 4, 4, 24), (24, 4, 4, 16), (16, 4, 4, 1)].
- largest Hermiticity error: 1.3844948354213987e-08.
- maximal number of matvec operations: 71.
-> E_updated = 0.04329820176895865.
Orthogonality column 9:
- C leg dimensions: [(1, 4, 2, 16), (16, 4, 4, 24), (24, 4, 2, 24), (24, 4, 4, 24), (24, 4, 4, 24), (24, 4, 4, 24), (24, 4, 4, 24), (24, 4, 2, 24), (24, 4, 4, 24), (24, 4, 2, 16), (16, 4, 4, 1)].
- Lh leg dimensions: [(1, 4, 4, 16), (16, 4, 4, 48), (48, 4, 4, 48), (48, 4, 4, 48), (48, 4, 4, 48), (48, 4, 4, 48), (48, 4, 4, 48), (48, 4, 4, 48), (48, 4, 4, 48), (48, 4, 4, 16), (16, 4, 4, 1)].
- Rh leg dimensions: [(1, 2, 2, 4), (4, 4, 4, 8), (8, 2, 2, 29), (29, 4, 4, 8), (8, 4, 4, 48), (48, 4, 4, 14), (14, 4, 4, 29), (29, 2, 2, 8), (8, 4, 4, 29), (29, 2, 2, 8), (8, 4, 4, 1)].
-> E = <Lh|CC*> + <ALhAL*|CC*|ARhAR*> + <CC*|Rh> = -0.18583253566475397 + -0.09057557374357711 + 0.4316102719551378 = 0.15520216254680674.
- C_updated leg dimensions: [(1, 4, 2, 8), (8, 4, 4, 24), (24, 4, 2, 24), (24, 4, 4, 24), (24, 4, 4, 24), (24, 4, 4, 24), (24, 4, 4, 24), (24, 4, 2, 24), (24, 4, 4, 24), (24, 4, 2, 16), (16, 4, 4, 1)].
- largest Hermiticity error: 2.06682020828408e-08.
- maximal number of matvec operations: 71.
-> E_updated = 0.11737062159451261.
Orthogonality column 10:
- C leg dimensions: [(1, 4, 2, 8), (8, 4, 2, 24), (24, 4, 2, 24), (24, 4, 2, 24), (24, 4, 2, 24), (24, 4, 4, 24), (24, 4, 2, 24), (24, 4, 2, 24), (24, 4, 2, 24), (24, 4, 2, 16), (16, 4, 2, 1)].
- Lh leg dimensions: [(1, 4, 4, 16), (16, 4, 4, 48), (48, 4, 4, 48), (48, 4, 4, 48), (48, 4, 4, 48), (48, 4, 4, 48), (48, 4, 4, 48), (48, 4, 4, 48), (48, 4, 4, 48), (48, 4, 4, 16), (16, 4, 4, 1)].
- Rh leg dimensions: [(1, 2, 2, 3), (3, 2, 2, 8), (8, 2, 2, 3), (3, 2, 2, 8), (8, 2, 2, 3), (3, 4, 4, 9), (9, 2, 2, 3), (3, 2, 2, 8), (8, 2, 2, 3), (3, 2, 2, 4), (4, 2, 2, 1)].
-> E = <Lh|CC*> + <ALhAL*|CC*|ARhAR*> + <CC*|Rh> = -0.21430090158914036 + -0.09804003163024451 + 0.5318067272376542 = 0.21946579401826932.
- C_updated leg dimensions: [(1, 4, 2, 8), (8, 4, 2, 24), (24, 4, 2, 24), (24, 4, 2, 24), (24, 4, 2, 24), (24, 4, 4, 24), (24, 4, 2, 24), (24, 4, 2, 24), (24, 4, 2, 24), (24, 4, 2, 8), (8, 4, 2, 1)].
- largest Hermiticity error: 1.2219539260553736e-06.
- maximal number of matvec operations: 61.
-> E_updated = 0.1803451437604605.
Orthogonality column 11:
- C leg dimensions: [(1, 4, 1, 8), (8, 4, 2, 24), (24, 4, 1, 24), (24, 4, 2, 24), (24, 4, 1, 24), (24, 4, 2, 24), (24, 4, 2, 24), (24, 4, 1, 24), (24, 4, 2, 24), (24, 4, 1, 8), (8, 4, 2, 1)].
- Lh leg dimensions: [(1, 4, 4, 16), (16, 4, 4, 48), (48, 4, 4, 48), (48, 4, 4, 48), (48, 4, 4, 48), (48, 4, 4, 48), (48, 4, 4, 48), (48, 4, 4, 48), (48, 4, 4, 48), (48, 4, 4, 16), (16, 4, 4, 1)].
-> E = <Lh|CC*> + <ALhAL*|CC*|ARhAR*> + <CC*|Rh> = -0.21239340712901428 + 0.5344051266116873 + None = 0.322011719482673.
- C_updated leg dimensions: [(1, 4, 1, 4), (4, 4, 2, 24), (24, 4, 1, 24), (24, 4, 2, 24), (24, 4, 1, 24), (24, 4, 2, 24), (24, 4, 2, 24), (24, 4, 1, 24), (24, 4, 2, 24), (24, 4, 1, 8), (8, 4, 2, 1)].
- largest Hermiticity error: 2.0201633960164667e-06.
- maximal number of matvec operations: 51.
-> E_updated = 0.2776231959388703.
Orthogonality column 12:
- C leg dimensions: [(1, 4, 1, 4), (4, 4, 1, 16), (16, 4, 1, 24), (24, 4, 1, 24), (24, 4, 1, 24), (24, 4, 1, 24), (24, 4, 1, 24), (24, 4, 1, 24), (24, 4, 1, 24), (24, 4, 1, 8), (8, 4, 1, 1)].
- Lh leg dimensions: [(1, 4, 4, 16), (16, 4, 4, 48), (48, 4, 4, 48), (48, 4, 4, 48), (48, 4, 4, 48), (48, 4, 4, 48), (48, 4, 4, 48), (48, 4, 4, 48), (48, 4, 4, 48), (48, 4, 4, 16), (16, 4, 4, 1)].
-> E = <Lh|CC*> + <ALhAL*|CC*|ARhAR*> + <CC*|Rh> = 0.2725218472640483 + None + None = 0.2725218472640483.
- C_updated leg dimensions: [(1, 4, 1, 4), (4, 4, 1, 16), (16, 4, 1, 24), (24, 4, 1, 24), (24, 4, 1, 24), (24, 4, 1, 24), (24, 4, 1, 24), (24, 4, 1, 24), (24, 4, 1, 16), (16, 4, 1, 4), (4, 4, 1, 1)].
- largest Hermiticity error: 1.1579905788710183e-06.
- maximal number of matvec operations: 51.
-> E_updated = 0.22209663364375723.
Orthogonality column 11:
- C leg dimensions: [(1, 4, 1, 4), (4, 4, 2, 16), (16, 4, 1, 24), (24, 4, 2, 24), (24, 4, 1, 24), (24, 4, 2, 24), (24, 4, 2, 24), (24, 4, 1, 24), (24, 4, 2, 16), (16, 4, 1, 4), (4, 4, 2, 1)].
- Lh leg dimensions: [(1, 4, 4, 16), (16, 4, 4, 48), (48, 4, 4, 48), (48, 4, 4, 48), (48, 4, 4, 48), (48, 4, 4, 48), (48, 4, 4, 48), (48, 4, 4, 48), (48, 4, 4, 48), (48, 4, 4, 16), (16, 4, 4, 1)].
-> E = <Lh|CC*> + <ALhAL*|CC*|ARhAR*> + <CC*|Rh> = -0.1995020085476761 + 0.5334540021003159 + None = 0.3339519935526398.
- C_updated leg dimensions: [(1, 4, 1, 4), (4, 4, 2, 24), (24, 4, 1, 24), (24, 4, 2, 24), (24, 4, 1, 24), (24, 4, 2, 24), (24, 4, 2, 24), (24, 4, 1, 24), (24, 4, 2, 24), (24, 4, 1, 8), (8, 4, 2, 1)].
- largest Hermiticity error: 1.7209443771671487e-06.
- maximal number of matvec operations: 51.
-> E_updated = 0.27762319598585705.
Orthogonality column 10:
- C leg dimensions: [(1, 4, 2, 4), (4, 4, 2, 24), (24, 4, 2, 24), (24, 4, 2, 24), (24, 4, 2, 24), (24, 4, 4, 24), (24, 4, 2, 24), (24, 4, 2, 24), (24, 4, 2, 24), (24, 4, 2, 8), (8, 4, 2, 1)].
- Lh leg dimensions: [(1, 4, 4, 16), (16, 4, 4, 48), (48, 4, 4, 48), (48, 4, 4, 48), (48, 4, 4, 48), (48, 4, 4, 48), (48, 4, 4, 48), (48, 4, 4, 48), (48, 4, 4, 48), (48, 4, 4, 16), (16, 4, 4, 1)].
- Rh leg dimensions: [(1, 2, 2, 3), (3, 2, 2, 8), (8, 2, 2, 3), (3, 2, 2, 8), (8, 2, 2, 3), (3, 4, 4, 9), (9, 2, 2, 3), (3, 2, 2, 8), (8, 2, 2, 3), (3, 2, 2, 4), (4, 2, 2, 1)].
-> E = <Lh|CC*> + <ALhAL*|CC*|ARhAR*> + <CC*|Rh> = -0.21121503250869156 + -0.08600189071692119 + 0.5321988181777734 = 0.2349818949521606.
- C_updated leg dimensions: [(1, 4, 2, 8), (8, 4, 2, 24), (24, 4, 2, 24), (24, 4, 2, 24), (24, 4, 2, 24), (24, 4, 4, 24), (24, 4, 2, 24), (24, 4, 2, 24), (24, 4, 2, 24), (24, 4, 2, 8), (8, 4, 2, 1)].
- largest Hermiticity error: 1.133995116607835e-06.
- maximal number of matvec operations: 61.
-> E_updated = 0.18034874771543685.
Orthogonality column 9:
- C leg dimensions: [(1, 4, 2, 8), (8, 4, 4, 24), (24, 4, 2, 24), (24, 4, 4, 24), (24, 4, 4, 24), (24, 4, 4, 24), (24, 4, 4, 24), (24, 4, 2, 24), (24, 4, 4, 24), (24, 4, 2, 8), (8, 4, 4, 1)].
- Lh leg dimensions: [(1, 4, 4, 16), (16, 4, 4, 48), (48, 4, 4, 48), (48, 4, 4, 48), (48, 4, 4, 48), (48, 4, 4, 48), (48, 4, 4, 48), (48, 4, 4, 48), (48, 4, 4, 48), (48, 4, 4, 16), (16, 4, 4, 1)].
- Rh leg dimensions: [(1, 2, 2, 4), (4, 4, 4, 8), (8, 2, 2, 29), (29, 4, 4, 9), (9, 4, 4, 48), (48, 4, 4, 14), (14, 4, 4, 29), (29, 2, 2, 8), (8, 4, 4, 29), (29, 2, 2, 8), (8, 4, 4, 1)].
-> E = <Lh|CC*> + <ALhAL*|CC*|ARhAR*> + <CC*|Rh> = -0.17095856197144338 + -0.09605936743231987 + 0.434178912703849 = 0.16716098330008577.
- C_updated leg dimensions: [(1, 4, 2, 8), (8, 4, 4, 24), (24, 4, 2, 24), (24, 4, 4, 24), (24, 4, 4, 24), (24, 4, 4, 24), (24, 4, 4, 24), (24, 4, 2, 24), (24, 4, 4, 24), (24, 4, 2, 16), (16, 4, 4, 1)].
- largest Hermiticity error: 1.4138992977093206e-08.
- maximal number of matvec operations: 71.
-> E_updated = 0.11731717623827534.
Orthogonality column 8:
- C leg dimensions: [(1, 4, 4, 8), (8, 4, 4, 24), (24, 4, 4, 24), (24, 4, 4, 24), (24, 4, 4, 24), (24, 4, 4, 24), (24, 4, 4, 24), (24, 4, 4, 24), (24, 4, 4, 24), (24, 4, 4, 16), (16, 4, 4, 1)].
- Lh leg dimensions: [(1, 4, 4, 16), (16, 4, 4, 48), (48, 4, 4, 48), (48, 4, 4, 48), (48, 4, 4, 48), (48, 4, 4, 48), (48, 4, 4, 48), (48, 4, 4, 48), (48, 4, 4, 48), (48, 4, 4, 16), (16, 4, 4, 1)].
- Rh leg dimensions: [(1, 4, 4, 9), (9, 4, 4, 48), (48, 4, 4, 34), (34, 4, 4, 48), (48, 4, 4, 48), (48, 4, 4, 48), (48, 4, 4, 33), (33, 4, 4, 48), (48, 4, 4, 33), (33, 4, 4, 16), (16, 4, 4, 1)].
-> E = <Lh|CC*> + <ALhAL*|CC*|ARhAR*> + <CC*|Rh> = -0.16672206085802752 + -0.08172833557069582 + 0.3362419278535549 = 0.08779153142483154.
- C_updated leg dimensions: [(1, 4, 4, 16), (16, 4, 4, 24), (24, 4, 4, 24), (24, 4, 4, 24), (24, 4, 4, 24), (24, 4, 4, 24), (24, 4, 4, 24), (24, 4, 4, 24), (24, 4, 4, 24), (24, 4, 4, 16), (16, 4, 4, 1)].
- largest Hermiticity error: 1.645621207303787e-08.
- maximal number of matvec operations: 71.
-> E_updated = 0.04089483030215386.
Orthogonality column 7:
- C leg dimensions: [(1, 4, 4, 16), (16, 4, 4, 24), (24, 4, 4, 24), (24, 4, 4, 24), (24, 4, 4, 24), (24, 4, 4, 24), (24, 4, 4, 24), (24, 4, 4, 24), (24, 4, 4, 24), (24, 4, 4, 16), (16, 4, 4, 1)].
- Lh leg dimensions: [(1, 4, 4, 16), (16, 4, 4, 48), (48, 4, 4, 48), (48, 4, 4, 48), (48, 4, 4, 48), (48, 4, 4, 48), (48, 4, 4, 48), (48, 4, 4, 48), (48, 4, 4, 48), (48, 4, 4, 16), (16, 4, 4, 1)].
- Rh leg dimensions: [(1, 4, 4, 16), (16, 4, 4, 48), (48, 4, 4, 48), (48, 4, 4, 48), (48, 4, 4, 48), (48, 4, 4, 48), (48, 4, 4, 48), (48, 4, 4, 48), (48, 4, 4, 48), (48, 4, 4, 16), (16, 4, 4, 1)].
-> E = <Lh|CC*> + <ALhAL*|CC*|ARhAR*> + <CC*|Rh> = -0.10332383966064657 + -0.0838613676746904 + 0.2554887426612826 = 0.0683035353259456.
- C_updated leg dimensions: [(1, 4, 4, 16), (16, 4, 4, 24), (24, 4, 4, 24), (24, 4, 4, 24), (24, 4, 4, 24), (24, 4, 4, 24), (24, 4, 4, 24), (24, 4, 4, 24), (24, 4, 4, 24), (24, 4, 4, 16), (16, 4, 4, 1)].
- largest Hermiticity error: 2.6638623374557142e-08.
- maximal number of matvec operations: 71.
-> E_updated = 0.027613331715229325.
Orthogonality column 6:
- C leg dimensions: [(1, 4, 4, 16), (16, 4, 4, 24), (24, 4, 4, 24), (24, 4, 4, 24), (24, 4, 4, 24), (24, 4, 4, 24), (24, 4, 4, 24), (24, 4, 4, 24), (24, 4, 4, 24), (24, 4, 4, 16), (16, 4, 4, 1)].
- Lh leg dimensions: [(1, 4, 4, 16), (16, 4, 4, 48), (48, 4, 4, 48), (48, 4, 4, 48), (48, 4, 4, 48), (48, 4, 4, 48), (48, 4, 4, 48), (48, 4, 4, 48), (48, 4, 4, 48), (48, 4, 4, 16), (16, 4, 4, 1)].
- Rh leg dimensions: [(1, 4, 4, 16), (16, 4, 4, 48), (48, 4, 4, 48), (48, 4, 4, 48), (48, 4, 4, 48), (48, 4, 4, 48), (48, 4, 4, 48), (48, 4, 4, 48), (48, 4, 4, 48), (48, 4, 4, 16), (16, 4, 4, 1)].
-> E = <Lh|CC*> + <ALhAL*|CC*|ARhAR*> + <CC*|Rh> = -0.04793299662546048 + -0.08822037168118128 + 0.17243827959992933 = 0.036284911293287564.
- C_updated leg dimensions: [(1, 4, 4, 16), (16, 4, 4, 24), (24, 4, 4, 24), (24, 4, 4, 24), (24, 4, 4, 24), (24, 4, 4, 24), (24, 4, 4, 24), (24, 4, 4, 24), (24, 4, 4, 24), (24, 4, 4, 16), (16, 4, 4, 1)].
- largest Hermiticity error: 1.0386276308264067e-08.
- maximal number of matvec operations: 81.
-> E_updated = 0.011397059795416244.
Orthogonality column 5:
- C leg dimensions: [(1, 4, 4, 16), (16, 4, 4, 24), (24, 4, 4, 24), (24, 4, 4, 24), (24, 4, 4, 24), (24, 4, 4, 24), (24, 4, 4, 24), (24, 4, 4, 24), (24, 4, 4, 24), (24, 4, 4, 16), (16, 4, 4, 1)].
- Lh leg dimensions: [(1, 4, 4, 16), (16, 4, 4, 48), (48, 4, 4, 48), (48, 4, 4, 48), (48, 4, 4, 48), (48, 4, 4, 48), (48, 4, 4, 48), (48, 4, 4, 48), (48, 4, 4, 48), (48, 4, 4, 16), (16, 4, 4, 1)].
- Rh leg dimensions: [(1, 4, 4, 16), (16, 4, 4, 48), (48, 4, 4, 48), (48, 4, 4, 48), (48, 4, 4, 48), (48, 4, 4, 48), (48, 4, 4, 48), (48, 4, 4, 48), (48, 4, 4, 48), (48, 4, 4, 16), (16, 4, 4, 1)].
-> E = <Lh|CC*> + <ALhAL*|CC*|ARhAR*> + <CC*|Rh> = 0.04096380487936221 + -0.08728952989087405 + 0.10918587834042663 = 0.06286015332891479.
- C_updated leg dimensions: [(1, 4, 4, 16), (16, 4, 4, 24), (24, 4, 4, 24), (24, 4, 4, 24), (24, 4, 4, 24), (24, 4, 4, 24), (24, 4, 4, 24), (24, 4, 4, 24), (24, 4, 4, 24), (24, 4, 4, 16), (16, 4, 4, 1)].
- largest Hermiticity error: 1.9765189508238386e-09.
- maximal number of matvec operations: 71.
-> E_updated = 0.036637078122019856.
Orthogonality column 4:
- C leg dimensions: [(1, 4, 4, 16), (16, 4, 4, 24), (24, 4, 4, 24), (24, 4, 4, 24), (24, 4, 4, 24), (24, 4, 4, 24), (24, 4, 4, 24), (24, 4, 4, 24), (24, 4, 4, 24), (24, 4, 4, 16), (16, 4, 4, 1)].
- Lh leg dimensions: [(1, 4, 4, 16), (16, 4, 4, 34), (34, 4, 4, 48), (48, 4, 4, 34), (34, 4, 4, 48), (48, 4, 4, 48), (48, 4, 4, 48), (48, 4, 4, 33), (33, 4, 4, 48), (48, 4, 4, 9), (9, 4, 4, 1)].
- Rh leg dimensions: [(1, 4, 4, 16), (16, 4, 4, 48), (48, 4, 4, 48), (48, 4, 4, 48), (48, 4, 4, 48), (48, 4, 4, 48), (48, 4, 4, 48), (48, 4, 4, 48), (48, 4, 4, 48), (48, 4, 4, 16), (16, 4, 4, 1)].
-> E = <Lh|CC*> + <ALhAL*|CC*|ARhAR*> + <CC*|Rh> = 0.12421898180665752 + -0.09329279643219474 + 0.10958058611232896 = 0.14050677148679175.
- C_updated leg dimensions: [(1, 4, 4, 16), (16, 4, 4, 24), (24, 4, 4, 24), (24, 4, 4, 24), (24, 4, 4, 24), (24, 4, 4, 24), (24, 4, 4, 24), (24, 4, 4, 24), (24, 4, 4, 24), (24, 4, 4, 16), (16, 4, 4, 1)].
- largest Hermiticity error: 9.226832219470063e-09.
- maximal number of matvec operations: 71.
-> E_updated = 0.10468739517735222.
Orthogonality column 3:
- C leg dimensions: [(1, 4, 4, 16), (16, 2, 4, 24), (24, 4, 4, 24), (24, 2, 4, 24), (24, 4, 4, 24), (24, 4, 4, 24), (24, 4, 4, 24), (24, 4, 4, 24), (24, 2, 4, 24), (24, 4, 4, 8), (8, 2, 4, 1)].
- Lh leg dimensions: [(1, 4, 4, 8), (8, 2, 2, 29), (29, 4, 4, 8), (8, 2, 2, 29), (29, 4, 4, 14), (14, 4, 4, 48), (48, 4, 4, 9), (9, 4, 4, 29), (29, 2, 2, 8), (8, 4, 4, 4), (4, 2, 2, 1)].
- Rh leg dimensions: [(1, 4, 4, 16), (16, 4, 4, 48), (48, 4, 4, 48), (48, 4, 4, 48), (48, 4, 4, 48), (48, 4, 4, 48), (48, 4, 4, 48), (48, 4, 4, 48), (48, 4, 4, 48), (48, 4, 4, 16), (16, 4, 4, 1)].
-> E = <Lh|CC*> + <ALhAL*|CC*|ARhAR*> + <CC*|Rh> = 0.23262358706336295 + -0.11363903443218808 + 0.11160597006674257 = 0.23059052269791744.
- C_updated leg dimensions: [(1, 4, 4, 16), (16, 2, 4, 24), (24, 4, 4, 24), (24, 2, 4, 24), (24, 4, 4, 24), (24, 4, 4, 24), (24, 4, 4, 24), (24, 4, 4, 24), (24, 2, 4, 24), (24, 4, 4, 8), (8, 2, 4, 1)].
- largest Hermiticity error: 3.291463530234433e-07.
- maximal number of matvec operations: 61.
-> E_updated = 0.1859149699361573.
Orthogonality column 2:
- C leg dimensions: [(1, 2, 4, 8), (8, 2, 4, 24), (24, 2, 4, 24), (24, 2, 4, 24), (24, 2, 4, 24), (24, 4, 4, 24), (24, 2, 4, 24), (24, 2, 4, 24), (24, 2, 4, 24), (24, 2, 4, 8), (8, 2, 4, 1)].
- Lh leg dimensions: [(1, 2, 2, 4), (4, 2, 2, 3), (3, 2, 2, 8), (8, 2, 2, 3), (3, 2, 2, 9), (9, 4, 4, 3), (3, 2, 2, 8), (8, 2, 2, 3), (3, 2, 2, 8), (8, 2, 2, 3), (3, 2, 2, 1)].
- Rh leg dimensions: [(1, 4, 4, 16), (16, 4, 4, 48), (48, 4, 4, 48), (48, 4, 4, 48), (48, 4, 4, 48), (48, 4, 4, 48), (48, 4, 4, 48), (48, 4, 4, 48), (48, 4, 4, 48), (48, 4, 4, 16), (16, 4, 4, 1)].
-> E = <Lh|CC*> + <ALhAL*|CC*|ARhAR*> + <CC*|Rh> = 0.3966109671629152 + -0.16211621001378762 + 0.08090878747699785 = 0.31540354462612546.
- C_updated leg dimensions: [(1, 2, 4, 8), (8, 2, 4, 24), (24, 2, 4, 24), (24, 2, 4, 24), (24, 2, 4, 24), (24, 4, 4, 24), (24, 2, 4, 24), (24, 2, 4, 24), (24, 2, 4, 24), (24, 2, 4, 8), (8, 2, 4, 1)].
- largest Hermiticity error: 5.076724574467498e-07.
- maximal number of matvec operations: 61.
-> E_updated = 0.2699935343703334.
Orthogonality column 1:
- C leg dimensions: [(1, 2, 4, 8), (8, 1, 4, 24), (24, 2, 4, 24), (24, 1, 4, 24), (24, 2, 4, 24), (24, 2, 4, 24), (24, 1, 4, 24), (24, 2, 4, 24), (24, 1, 4, 24), (24, 2, 4, 4), (4, 1, 4, 1)].
- Rh leg dimensions: [(1, 4, 4, 16), (16, 4, 4, 48), (48, 4, 4, 48), (48, 4, 4, 48), (48, 4, 4, 48), (48, 4, 4, 48), (48, 4, 4, 48), (48, 4, 4, 48), (48, 4, 4, 48), (48, 4, 4, 16), (16, 4, 4, 1)].
-> E = <Lh|CC*> + <ALhAL*|CC*|ARhAR*> + <CC*|Rh> = None + 0.39981809060824924 + -0.08859804569833157 = 0.31122004490991767.
- C_updated leg dimensions: [(1, 2, 4, 8), (8, 1, 4, 24), (24, 2, 4, 24), (24, 1, 4, 24), (24, 2, 4, 24), (24, 2, 4, 24), (24, 1, 4, 24), (24, 2, 4, 24), (24, 1, 4, 24), (24, 2, 4, 4), (4, 1, 4, 1)].
- largest Hermiticity error: 2.8820678857652944e-07.
- maximal number of matvec operations: 61.
-> E_updated = 0.2713349952879025.
Orthogonality column 0:
- C leg dimensions: [(1, 1, 4, 4), (4, 1, 4, 16), (16, 1, 4, 24), (24, 1, 4, 24), (24, 1, 4, 24), (24, 1, 4, 24), (24, 1, 4, 24), (24, 1, 4, 24), (24, 1, 4, 24), (24, 1, 4, 4), (4, 1, 4, 1)].
- Rh leg dimensions: [(1, 4, 4, 16), (16, 4, 4, 48), (48, 4, 4, 48), (48, 4, 4, 48), (48, 4, 4, 48), (48, 4, 4, 48), (48, 4, 4, 48), (48, 4, 4, 48), (48, 4, 4, 48), (48, 4, 4, 16), (16, 4, 4, 1)].
-> E = <Lh|CC*> + <ALhAL*|CC*|ARhAR*> + <CC*|Rh> = None + None + 0.37971671997384243 = 0.37971671997384243.
- C_updated leg dimensions: [(1, 1, 4, 4), (4, 1, 4, 16), (16, 1, 4, 24), (24, 1, 4, 24), (24, 1, 4, 24), (24, 1, 4, 24), (24, 1, 4, 24), (24, 1, 4, 24), (24, 1, 4, 16), (16, 1, 4, 4), (4, 1, 4, 1)].
- largest Hermiticity error: 3.233811635276494e-07.
- maximal number of matvec operations: 51.
-> E_updated = 0.3274587009233941.
=> <H> - E0 = 0.1389895782305075.

DMRGSquared sweep 3 ...
Orthogonality column 0:
- C leg dimensions: [(1, 1, 4, 4), (4, 1, 4, 16), (16, 1, 4, 24), (24, 1, 4, 24), (24, 1, 4, 24), (24, 1, 4, 24), (24, 1, 4, 24), (24, 1, 4, 24), (24, 1, 4, 16), (16, 1, 4, 4), (4, 1, 4, 1)].
- Rh leg dimensions: [(1, 4, 4, 16), (16, 4, 4, 48), (48, 4, 4, 48), (48, 4, 4, 48), (48, 4, 4, 48), (48, 4, 4, 48), (48, 4, 4, 48), (48, 4, 4, 48), (48, 4, 4, 48), (48, 4, 4, 16), (16, 4, 4, 1)].
-> E = <Lh|CC*> + <ALhAL*|CC*|ARhAR*> + <CC*|Rh> = None + None + 0.3274587009234078 = 0.3274587009234078.
- C_updated leg dimensions: [(1, 1, 4, 4), (4, 1, 4, 16), (16, 1, 4, 24), (24, 1, 4, 24), (24, 1, 4, 24), (24, 1, 4, 24), (24, 1, 4, 24), (24, 1, 4, 24), (24, 1, 4, 16), (16, 1, 4, 4), (4, 1, 4, 1)].
- largest Hermiticity error: 2.387492541158824e-07.
- maximal number of matvec operations: 41.
-> E_updated = 0.32745870090291623.
Orthogonality column 1:
- C leg dimensions: [(1, 2, 4, 4), (4, 1, 4, 16), (16, 2, 4, 24), (24, 1, 4, 24), (24, 2, 4, 24), (24, 2, 4, 24), (24, 1, 4, 24), (24, 2, 4, 24), (24, 1, 4, 16), (16, 2, 4, 4), (4, 1, 4, 1)].
- Rh leg dimensions: [(1, 4, 4, 16), (16, 4, 4, 48), (48, 4, 4, 48), (48, 4, 4, 48), (48, 4, 4, 48), (48, 4, 4, 48), (48, 4, 4, 48), (48, 4, 4, 48), (48, 4, 4, 48), (48, 4, 4, 16), (16, 4, 4, 1)].
-> E = <Lh|CC*> + <ALhAL*|CC*|ARhAR*> + <CC*|Rh> = None + 0.4025651600463214 + -0.07304077292041493 = 0.3295243871259065.
- C_updated leg dimensions: [(1, 2, 4, 8), (8, 1, 4, 24), (24, 2, 4, 24), (24, 1, 4, 24), (24, 2, 4, 24), (24, 2, 4, 24), (24, 1, 4, 24), (24, 2, 4, 24), (24, 1, 4, 24), (24, 2, 4, 4), (4, 1, 4, 1)].
- largest Hermiticity error: 3.1096707505504916e-07.
- maximal number of matvec operations: 61.
-> E_updated = 0.2713350705780262.
Orthogonality column 2:
- C leg dimensions: [(1, 2, 4, 8), (8, 2, 4, 24), (24, 2, 4, 24), (24, 2, 4, 24), (24, 2, 4, 24), (24, 4, 4, 24), (24, 2, 4, 24), (24, 2, 4, 24), (24, 2, 4, 24), (24, 2, 4, 4), (4, 2, 4, 1)].
- Lh leg dimensions: [(1, 2, 2, 4), (4, 2, 2, 3), (3, 2, 2, 8), (8, 2, 2, 3), (3, 2, 2, 9), (9, 4, 4, 3), (3, 2, 2, 8), (8, 2, 2, 3), (3, 2, 2, 8), (8, 2, 2, 3), (3, 2, 2, 1)].
- Rh leg dimensions: [(1, 4, 4, 16), (16, 4, 4, 48), (48, 4, 4, 48), (48, 4, 4, 48), (48, 4, 4, 48), (48, 4, 4, 48), (48, 4, 4, 48), (48, 4, 4, 48), (48, 4, 4, 48), (48, 4, 4, 16), (16, 4, 4, 1)].
-> E = <Lh|CC*> + <ALhAL*|CC*|ARhAR*> + <CC*|Rh> = 0.4007731446493841 + -0.16313217869886326 + 0.08412302459225374 = 0.3217639905427746.
- C_updated leg dimensions: [(1, 2, 4, 8), (8, 2, 4, 24), (24, 2, 4, 24), (24, 2, 4, 24), (24, 2, 4, 24), (24, 4, 4, 24), (24, 2, 4, 24), (24, 2, 4, 24), (24, 2, 4, 24), (24, 2, 4, 8), (8, 2, 4, 1)].
- largest Hermiticity error: 5.897280632130177e-07.
- maximal number of matvec operations: 61.
-> E_updated = 0.2699914370573795.
Orthogonality column 3:
- C leg dimensions: [(1, 4, 4, 8), (8, 2, 4, 24), (24, 4, 4, 24), (24, 2, 4, 24), (24, 4, 4, 24), (24, 4, 4, 24), (24, 4, 4, 24), (24, 4, 4, 24), (24, 2, 4, 24), (24, 4, 4, 8), (8, 2, 4, 1)].
- Lh leg dimensions: [(1, 4, 4, 8), (8, 2, 2, 29), (29, 4, 4, 8), (8, 2, 2, 29), (29, 4, 4, 13), (13, 4, 4, 48), (48, 4, 4, 8), (8, 4, 4, 29), (29, 2, 2, 8), (8, 4, 4, 4), (4, 2, 2, 1)].
- Rh leg dimensions: [(1, 4, 4, 16), (16, 4, 4, 48), (48, 4, 4, 48), (48, 4, 4, 48), (48, 4, 4, 48), (48, 4, 4, 48), (48, 4, 4, 48), (48, 4, 4, 48), (48, 4, 4, 48), (48, 4, 4, 16), (16, 4, 4, 1)].
-> E = <Lh|CC*> + <ALhAL*|CC*|ARhAR*> + <CC*|Rh> = 0.2349438475098028 + -0.10743053186899368 + 0.11607512892879053 = 0.24358844456959966.
- C_updated leg dimensions: [(1, 4, 4, 16), (16, 2, 4, 24), (24, 4, 4, 24), (24, 2, 4, 24), (24, 4, 4, 24), (24, 4, 4, 24), (24, 4, 4, 24), (24, 4, 4, 24), (24, 2, 4, 24), (24, 4, 4, 8), (8, 2, 4, 1)].
- largest Hermiticity error: 2.384895040524144e-07.
- maximal number of matvec operations: 61.
-> E_updated = 0.18597589929462136.
Orthogonality column 4:
- C leg dimensions: [(1, 4, 4, 16), (16, 4, 4, 24), (24, 4, 4, 24), (24, 4, 4, 24), (24, 4, 4, 24), (24, 4, 4, 24), (24, 4, 4, 24), (24, 4, 4, 24), (24, 4, 4, 24), (24, 4, 4, 8), (8, 4, 4, 1)].
- Lh leg dimensions: [(1, 4, 4, 16), (16, 4, 4, 34), (34, 4, 4, 48), (48, 4, 4, 34), (34, 4, 4, 48), (48, 4, 4, 48), (48, 4, 4, 48), (48, 4, 4, 34), (34, 4, 4, 48), (48, 4, 4, 9), (9, 4, 4, 1)].
- Rh leg dimensions: [(1, 4, 4, 16), (16, 4, 4, 48), (48, 4, 4, 48), (48, 4, 4, 48), (48, 4, 4, 48), (48, 4, 4, 48), (48, 4, 4, 48), (48, 4, 4, 48), (48, 4, 4, 48), (48, 4, 4, 16), (16, 4, 4, 1)].
-> E = <Lh|CC*> + <ALhAL*|CC*|ARhAR*> + <CC*|Rh> = 0.11755974711157907 + -0.0988021448789795 + 0.13854855461587576 = 0.15730615684847532.
- C_updated leg dimensions: [(1, 4, 4, 16), (16, 4, 4, 24), (24, 4, 4, 24), (24, 4, 4, 24), (24, 4, 4, 24), (24, 4, 4, 24), (24, 4, 4, 24), (24, 4, 4, 24), (24, 4, 4, 24), (24, 4, 4, 16), (16, 4, 4, 1)].
- largest Hermiticity error: 1.0093659945907517e-08.
- maximal number of matvec operations: 71.
-> E_updated = 0.1023746977455485.
Orthogonality column 5:
- C leg dimensions: [(1, 4, 4, 16), (16, 4, 4, 24), (24, 4, 4, 24), (24, 4, 4, 24), (24, 4, 4, 24), (24, 4, 4, 24), (24, 4, 4, 24), (24, 4, 4, 24), (24, 4, 4, 24), (24, 4, 4, 16), (16, 4, 4, 1)].
- Lh leg dimensions: [(1, 4, 4, 16), (16, 4, 4, 48), (48, 4, 4, 48), (48, 4, 4, 48), (48, 4, 4, 48), (48, 4, 4, 48), (48, 4, 4, 48), (48, 4, 4, 48), (48, 4, 4, 48), (48, 4, 4, 16), (16, 4, 4, 1)].
- Rh leg dimensions: [(1, 4, 4, 16), (16, 4, 4, 48), (48, 4, 4, 48), (48, 4, 4, 48), (48, 4, 4, 48), (48, 4, 4, 48), (48, 4, 4, 48), (48, 4, 4, 48), (48, 4, 4, 48), (48, 4, 4, 16), (16, 4, 4, 1)].
-> E = <Lh|CC*> + <ALhAL*|CC*|ARhAR*> + <CC*|Rh> = 0.02971140411572845 + -0.08963985180338828 + 0.12838046756187663 = 0.0684520198742168.
- C_updated leg dimensions: [(1, 4, 4, 16), (16, 4, 4, 24), (24, 4, 4, 24), (24, 4, 4, 24), (24, 4, 4, 24), (24, 4, 4, 24), (24, 4, 4, 24), (24, 4, 4, 24), (24, 4, 4, 24), (24, 4, 4, 16), (16, 4, 4, 1)].
- largest Hermiticity error: 1.2628932323045416e-09.
- maximal number of matvec operations: 71.
-> E_updated = 0.0312514485372345.
Orthogonality column 6:
- C leg dimensions: [(1, 4, 4, 16), (16, 4, 4, 24), (24, 4, 4, 24), (24, 4, 4, 24), (24, 4, 4, 24), (24, 4, 4, 24), (24, 4, 4, 24), (24, 4, 4, 24), (24, 4, 4, 24), (24, 4, 4, 16), (16, 4, 4, 1)].
- Lh leg dimensions: [(1, 4, 4, 16), (16, 4, 4, 48), (48, 4, 4, 48), (48, 4, 4, 48), (48, 4, 4, 48), (48, 4, 4, 48), (48, 4, 4, 48), (48, 4, 4, 48), (48, 4, 4, 48), (48, 4, 4, 16), (16, 4, 4, 1)].
- Rh leg dimensions: [(1, 4, 4, 16), (16, 4, 4, 48), (48, 4, 4, 48), (48, 4, 4, 48), (48, 4, 4, 48), (48, 4, 4, 48), (48, 4, 4, 48), (48, 4, 4, 48), (48, 4, 4, 48), (48, 4, 4, 16), (16, 4, 4, 1)].
-> E = <Lh|CC*> + <ALhAL*|CC*|ARhAR*> + <CC*|Rh> = -0.03629503488152781 + -0.0864838893855378 + 0.1821663572815136 = 0.059387433014447974.
- C_updated leg dimensions: [(1, 4, 4, 16), (16, 4, 4, 24), (24, 4, 4, 24), (24, 4, 4, 24), (24, 4, 4, 24), (24, 4, 4, 24), (24, 4, 4, 24), (24, 4, 4, 24), (24, 4, 4, 24), (24, 4, 4, 16), (16, 4, 4, 1)].
- largest Hermiticity error: 8.438454255322241e-11.
- maximal number of matvec operations: 71.
-> E_updated = 0.03444460391982933.
Orthogonality column 7:
- C leg dimensions: [(1, 4, 4, 16), (16, 4, 4, 24), (24, 4, 4, 24), (24, 4, 4, 24), (24, 4, 4, 24), (24, 4, 4, 24), (24, 4, 4, 24), (24, 4, 4, 24), (24, 4, 4, 24), (24, 4, 4, 16), (16, 4, 4, 1)].
- Lh leg dimensions: [(1, 4, 4, 16), (16, 4, 4, 48), (48, 4, 4, 48), (48, 4, 4, 48), (48, 4, 4, 48), (48, 4, 4, 48), (48, 4, 4, 48), (48, 4, 4, 48), (48, 4, 4, 48), (48, 4, 4, 16), (16, 4, 4, 1)].
- Rh leg dimensions: [(1, 4, 4, 16), (16, 4, 4, 48), (48, 4, 4, 48), (48, 4, 4, 48), (48, 4, 4, 48), (48, 4, 4, 48), (48, 4, 4, 48), (48, 4, 4, 48), (48, 4, 4, 48), (48, 4, 4, 16), (16, 4, 4, 1)].
-> E = <Lh|CC*> + <ALhAL*|CC*|ARhAR*> + <CC*|Rh> = -0.11003340608329536 + -0.08350090058146474 + 0.2597220986827512 = 0.0661877920179911.
- C_updated leg dimensions: [(1, 4, 4, 16), (16, 4, 4, 24), (24, 4, 4, 24), (24, 4, 4, 24), (24, 4, 4, 24), (24, 4, 4, 24), (24, 4, 4, 24), (24, 4, 4, 24), (24, 4, 4, 24), (24, 4, 4, 16), (16, 4, 4, 1)].
- largest Hermiticity error: 2.0172431109759945e-09.
- maximal number of matvec operations: 71.
-> E_updated = 0.04813532008585287.
Orthogonality column 8:
- C leg dimensions: [(1, 4, 4, 16), (16, 4, 4, 24), (24, 4, 4, 24), (24, 4, 4, 24), (24, 4, 4, 24), (24, 4, 4, 24), (24, 4, 4, 24), (24, 4, 4, 24), (24, 4, 4, 24), (24, 4, 4, 16), (16, 4, 4, 1)].
- Lh leg dimensions: [(1, 4, 4, 16), (16, 4, 4, 48), (48, 4, 4, 48), (48, 4, 4, 48), (48, 4, 4, 48), (48, 4, 4, 48), (48, 4, 4, 48), (48, 4, 4, 48), (48, 4, 4, 48), (48, 4, 4, 16), (16, 4, 4, 1)].
- Rh leg dimensions: [(1, 4, 4, 9), (9, 4, 4, 48), (48, 4, 4, 34), (34, 4, 4, 48), (48, 4, 4, 48), (48, 4, 4, 48), (48, 4, 4, 33), (33, 4, 4, 48), (48, 4, 4, 33), (33, 4, 4, 16), (16, 4, 4, 1)].
-> E = <Lh|CC*> + <ALhAL*|CC*|ARhAR*> + <CC*|Rh> = -0.1652433879050949 + -0.08385763736919646 + 0.3383179251860299 = 0.0892168999117385.
- C_updated leg dimensions: [(1, 4, 4, 16), (16, 4, 4, 24), (24, 4, 4, 24), (24, 4, 4, 24), (24, 4, 4, 24), (24, 4, 4, 24), (24, 4, 4, 24), (24, 4, 4, 24), (24, 4, 4, 24), (24, 4, 4, 16), (16, 4, 4, 1)].
- largest Hermiticity error: 1.9672125804918443e-09.
- maximal number of matvec operations: 71.
-> E_updated = 0.07039638455627083.
Orthogonality column 9:
- C leg dimensions: [(1, 4, 2, 16), (16, 4, 4, 24), (24, 4, 2, 24), (24, 4, 4, 24), (24, 4, 4, 24), (24, 4, 4, 24), (24, 4, 4, 24), (24, 4, 2, 24), (24, 4, 4, 24), (24, 4, 2, 16), (16, 4, 4, 1)].
- Lh leg dimensions: [(1, 4, 4, 16), (16, 4, 4, 48), (48, 4, 4, 48), (48, 4, 4, 48), (48, 4, 4, 48), (48, 4, 4, 48), (48, 4, 4, 48), (48, 4, 4, 48), (48, 4, 4, 48), (48, 4, 4, 16), (16, 4, 4, 1)].
- Rh leg dimensions: [(1, 2, 2, 4), (4, 4, 4, 8), (8, 2, 2, 29), (29, 4, 4, 9), (9, 4, 4, 48), (48, 4, 4, 14), (14, 4, 4, 29), (29, 2, 2, 8), (8, 4, 4, 29), (29, 2, 2, 8), (8, 4, 4, 1)].
-> E = <Lh|CC*> + <ALhAL*|CC*|ARhAR*> + <CC*|Rh> = -0.17548808754747627 + -0.09229648870001879 + 0.432217466205229 = 0.16443288995773392.
- C_updated leg dimensions: [(1, 4, 2, 8), (8, 4, 4, 24), (24, 4, 2, 24), (24, 4, 4, 24), (24, 4, 4, 24), (24, 4, 4, 24), (24, 4, 4, 24), (24, 4, 2, 24), (24, 4, 4, 24), (24, 4, 2, 16), (16, 4, 4, 1)].
- largest Hermiticity error: 2.0141033870249496e-05.
- maximal number of matvec operations: 71.
-> E_updated = 0.1319791200942798.
Orthogonality column 10:
- C leg dimensions: [(1, 4, 2, 8), (8, 4, 2, 24), (24, 4, 2, 24), (24, 4, 2, 24), (24, 4, 2, 24), (24, 4, 4, 24), (24, 4, 2, 24), (24, 4, 2, 24), (24, 4, 2, 24), (24, 4, 2, 16), (16, 4, 2, 1)].
- Lh leg dimensions: [(1, 4, 4, 16), (16, 4, 4, 48), (48, 4, 4, 48), (48, 4, 4, 48), (48, 4, 4, 48), (48, 4, 4, 48), (48, 4, 4, 48), (48, 4, 4, 48), (48, 4, 4, 48), (48, 4, 4, 16), (16, 4, 4, 1)].
- Rh leg dimensions: [(1, 2, 2, 3), (3, 2, 2, 8), (8, 2, 2, 3), (3, 2, 2, 8), (8, 2, 2, 3), (3, 4, 4, 9), (9, 2, 2, 3), (3, 2, 2, 8), (8, 2, 2, 3), (3, 2, 2, 4), (4, 2, 2, 1)].
-> E = <Lh|CC*> + <ALhAL*|CC*|ARhAR*> + <CC*|Rh> = -0.2435517507104483 + -0.09902174433014074 + 0.5314387139588144 = 0.18886521891822533.
- C_updated leg dimensions: [(1, 4, 2, 8), (8, 4, 2, 24), (24, 4, 2, 24), (24, 4, 2, 24), (24, 4, 2, 24), (24, 4, 4, 24), (24, 4, 2, 24), (24, 4, 2, 24), (24, 4, 2, 24), (24, 4, 2, 8), (8, 4, 2, 1)].
- largest Hermiticity error: 1.9227960385598248e-05.
- maximal number of matvec operations: 61.
-> E_updated = 0.14674509275175177.
Orthogonality column 11:
- C leg dimensions: [(1, 4, 1, 8), (8, 4, 2, 24), (24, 4, 1, 24), (24, 4, 2, 24), (24, 4, 1, 24), (24, 4, 2, 24), (24, 4, 2, 24), (24, 4, 1, 24), (24, 4, 2, 24), (24, 4, 1, 8), (8, 4, 2, 1)].
- Lh leg dimensions: [(1, 4, 4, 16), (16, 4, 4, 48), (48, 4, 4, 48), (48, 4, 4, 48), (48, 4, 4, 48), (48, 4, 4, 48), (48, 4, 4, 48), (48, 4, 4, 48), (48, 4, 4, 48), (48, 4, 4, 16), (16, 4, 4, 1)].
-> E = <Lh|CC*> + <ALhAL*|CC*|ARhAR*> + <CC*|Rh> = -0.2611170627680173 + 0.5322728757117586 + None = 0.2711558129437413.
- C_updated leg dimensions: [(1, 4, 1, 4), (4, 4, 2, 24), (24, 4, 1, 24), (24, 4, 2, 24), (24, 4, 1, 24), (24, 4, 2, 24), (24, 4, 2, 24), (24, 4, 1, 24), (24, 4, 2, 24), (24, 4, 1, 8), (8, 4, 2, 1)].
- largest Hermiticity error: 6.4950576798529895e-06.
- maximal number of matvec operations: 61.
-> E_updated = 0.22919574762189632.
Orthogonality column 12:
- C leg dimensions: [(1, 4, 1, 4), (4, 4, 1, 16), (16, 4, 1, 24), (24, 4, 1, 24), (24, 4, 1, 24), (24, 4, 1, 24), (24, 4, 1, 24), (24, 4, 1, 24), (24, 4, 1, 24), (24, 4, 1, 8), (8, 4, 1, 1)].
- Lh leg dimensions: [(1, 4, 4, 16), (16, 4, 4, 48), (48, 4, 4, 48), (48, 4, 4, 48), (48, 4, 4, 48), (48, 4, 4, 48), (48, 4, 4, 48), (48, 4, 4, 48), (48, 4, 4, 48), (48, 4, 4, 16), (16, 4, 4, 1)].
-> E = <Lh|CC*> + <ALhAL*|CC*|ARhAR*> + <CC*|Rh> = 0.31592978542567274 + None + None = 0.31592978542567274.
- C_updated leg dimensions: [(1, 4, 1, 4), (4, 4, 1, 16), (16, 4, 1, 24), (24, 4, 1, 24), (24, 4, 1, 24), (24, 4, 1, 24), (24, 4, 1, 24), (24, 4, 1, 24), (24, 4, 1, 16), (16, 4, 1, 4), (4, 4, 1, 1)].
- largest Hermiticity error: 1.7210507686854392e-05.
- maximal number of matvec operations: 51.
-> E_updated = 0.2627960953140718.
Orthogonality column 11:
- C leg dimensions: [(1, 4, 1, 4), (4, 4, 2, 16), (16, 4, 1, 24), (24, 4, 2, 24), (24, 4, 1, 24), (24, 4, 2, 24), (24, 4, 2, 24), (24, 4, 1, 24), (24, 4, 2, 16), (16, 4, 1, 4), (4, 4, 2, 1)].
- Lh leg dimensions: [(1, 4, 4, 16), (16, 4, 4, 48), (48, 4, 4, 48), (48, 4, 4, 48), (48, 4, 4, 48), (48, 4, 4, 48), (48, 4, 4, 48), (48, 4, 4, 48), (48, 4, 4, 48), (48, 4, 4, 16), (16, 4, 4, 1)].
-> E = <Lh|CC*> + <ALhAL*|CC*|ARhAR*> + <CC*|Rh> = -0.24409971635554617 + 0.5328033741596426 + None = 0.28870365780409646.
- C_updated leg dimensions: [(1, 4, 1, 4), (4, 4, 2, 24), (24, 4, 1, 24), (24, 4, 2, 24), (24, 4, 1, 24), (24, 4, 2, 24), (24, 4, 2, 24), (24, 4, 1, 24), (24, 4, 2, 24), (24, 4, 1, 8), (8, 4, 2, 1)].
- largest Hermiticity error: 1.8181157146288987e-05.
- maximal number of matvec operations: 51.
-> E_updated = 0.229195747624984.
Orthogonality column 10:
- C leg dimensions: [(1, 4, 2, 4), (4, 4, 2, 24), (24, 4, 2, 24), (24, 4, 2, 24), (24, 4, 2, 24), (24, 4, 4, 24), (24, 4, 2, 24), (24, 4, 2, 24), (24, 4, 2, 24), (24, 4, 2, 8), (8, 4, 2, 1)].
- Lh leg dimensions: [(1, 4, 4, 16), (16, 4, 4, 48), (48, 4, 4, 48), (48, 4, 4, 48), (48, 4, 4, 48), (48, 4, 4, 48), (48, 4, 4, 48), (48, 4, 4, 48), (48, 4, 4, 48), (48, 4, 4, 16), (16, 4, 4, 1)].
- Rh leg dimensions: [(1, 2, 2, 3), (3, 2, 2, 8), (8, 2, 2, 3), (3, 2, 2, 8), (8, 2, 2, 3), (3, 4, 4, 9), (9, 2, 2, 3), (3, 2, 2, 8), (8, 2, 2, 3), (3, 2, 2, 4), (4, 2, 2, 1)].
-> E = <Lh|CC*> + <ALhAL*|CC*|ARhAR*> + <CC*|Rh> = -0.23185446628753317 + -0.09864406617675689 + 0.5310682371952289 = 0.20056970473093882.
- C_updated leg dimensions: [(1, 4, 2, 8), (8, 4, 2, 24), (24, 4, 2, 24), (24, 4, 2, 24), (24, 4, 2, 24), (24, 4, 4, 24), (24, 4, 2, 24), (24, 4, 2, 24), (24, 4, 2, 24), (24, 4, 2, 8), (8, 4, 2, 1)].
- largest Hermiticity error: 1.582678232821958e-05.
- maximal number of matvec operations: 61.
-> E_updated = 0.14673933852110294.
Orthogonality column 9:
- C leg dimensions: [(1, 4, 2, 8), (8, 4, 4, 24), (24, 4, 2, 24), (24, 4, 4, 24), (24, 4, 4, 24), (24, 4, 4, 24), (24, 4, 4, 24), (24, 4, 2, 24), (24, 4, 4, 24), (24, 4, 2, 8), (8, 4, 4, 1)].
- Lh leg dimensions: [(1, 4, 4, 16), (16, 4, 4, 48), (48, 4, 4, 48), (48, 4, 4, 48), (48, 4, 4, 48), (48, 4, 4, 48), (48, 4, 4, 48), (48, 4, 4, 48), (48, 4, 4, 48), (48, 4, 4, 16), (16, 4, 4, 1)].
- Rh leg dimensions: [(1, 2, 2, 4), (4, 4, 4, 8), (8, 2, 2, 29), (29, 4, 4, 9), (9, 4, 4, 48), (48, 4, 4, 14), (14, 4, 4, 29), (29, 2, 2, 8), (8, 4, 4, 29), (29, 2, 2, 8), (8, 4, 4, 1)].
-> E = <Lh|CC*> + <ALhAL*|CC*|ARhAR*> + <CC*|Rh> = -0.16172303591133688 + -0.08648415085771018 + 0.4316833623750134 = 0.18347617560596635.
- C_updated leg dimensions: [(1, 4, 2, 8), (8, 4, 4, 24), (24, 4, 2, 24), (24, 4, 4, 24), (24, 4, 4, 24), (24, 4, 4, 24), (24, 4, 4, 24), (24, 4, 2, 24), (24, 4, 4, 24), (24, 4, 2, 16), (16, 4, 4, 1)].
- largest Hermiticity error: 3.983534525721725e-05.
- maximal number of matvec operations: 71.
-> E_updated = 0.13197481519445678.
Orthogonality column 8:
- C leg dimensions: [(1, 4, 4, 8), (8, 4, 4, 24), (24, 4, 4, 24), (24, 4, 4, 24), (24, 4, 4, 24), (24, 4, 4, 24), (24, 4, 4, 24), (24, 4, 4, 24), (24, 4, 4, 24), (24, 4, 4, 16), (16, 4, 4, 1)].
- Lh leg dimensions: [(1, 4, 4, 16), (16, 4, 4, 48), (48, 4, 4, 48), (48, 4, 4, 48), (48, 4, 4, 48), (48, 4, 4, 48), (48, 4, 4, 48), (48, 4, 4, 48), (48, 4, 4, 48), (48, 4, 4, 16), (16, 4, 4, 1)].
- Rh leg dimensions: [(1, 4, 4, 9), (9, 4, 4, 48), (48, 4, 4, 34), (34, 4, 4, 48), (48, 4, 4, 48), (48, 4, 4, 48), (48, 4, 4, 33), (33, 4, 4, 48), (48, 4, 4, 33), (33, 4, 4, 16), (16, 4, 4, 1)].
-> E = <Lh|CC*> + <ALhAL*|CC*|ARhAR*> + <CC*|Rh> = -0.14280329131481195 + -0.08570622882450411 + 0.3404782947137003 = 0.1119687745743842.
- C_updated leg dimensions: [(1, 4, 4, 16), (16, 4, 4, 24), (24, 4, 4, 24), (24, 4, 4, 24), (24, 4, 4, 24), (24, 4, 4, 24), (24, 4, 4, 24), (24, 4, 4, 24), (24, 4, 4, 24), (24, 4, 4, 16), (16, 4, 4, 1)].
- largest Hermiticity error: 4.142754179031201e-09.
- maximal number of matvec operations: 71.
-> E_updated = 0.07164073053414496.
Orthogonality column 7:
- C leg dimensions: [(1, 4, 4, 16), (16, 4, 4, 24), (24, 4, 4, 24), (24, 4, 4, 24), (24, 4, 4, 24), (24, 4, 4, 24), (24, 4, 4, 24), (24, 4, 4, 24), (24, 4, 4, 24), (24, 4, 4, 16), (16, 4, 4, 1)].
- Lh leg dimensions: [(1, 4, 4, 16), (16, 4, 4, 48), (48, 4, 4, 48), (48, 4, 4, 48), (48, 4, 4, 48), (48, 4, 4, 48), (48, 4, 4, 48), (48, 4, 4, 48), (48, 4, 4, 48), (48, 4, 4, 16), (16, 4, 4, 1)].
- Rh leg dimensions: [(1, 4, 4, 16), (16, 4, 4, 48), (48, 4, 4, 48), (48, 4, 4, 48), (48, 4, 4, 48), (48, 4, 4, 48), (48, 4, 4, 48), (48, 4, 4, 48), (48, 4, 4, 48), (48, 4, 4, 16), (16, 4, 4, 1)].
-> E = <Lh|CC*> + <ALhAL*|CC*|ARhAR*> + <CC*|Rh> = -0.09765216210224001 + -0.08537284849884057 + 0.2687980558469105 = 0.08577304524582996.
- C_updated leg dimensions: [(1, 4, 4, 16), (16, 4, 4, 24), (24, 4, 4, 24), (24, 4, 4, 24), (24, 4, 4, 24), (24, 4, 4, 24), (24, 4, 4, 24), (24, 4, 4, 24), (24, 4, 4, 24), (24, 4, 4, 16), (16, 4, 4, 1)].
- largest Hermiticity error: 2.8197635965102546e-09.
- maximal number of matvec operations: 71.
-> E_updated = 0.06284446113465514.
Orthogonality column 6:
- C leg dimensions: [(1, 4, 4, 16), (16, 4, 4, 24), (24, 4, 4, 24), (24, 4, 4, 24), (24, 4, 4, 24), (24, 4, 4, 24), (24, 4, 4, 24), (24, 4, 4, 24), (24, 4, 4, 24), (24, 4, 4, 16), (16, 4, 4, 1)].
- Lh leg dimensions: [(1, 4, 4, 16), (16, 4, 4, 48), (48, 4, 4, 48), (48, 4, 4, 48), (48, 4, 4, 48), (48, 4, 4, 48), (48, 4, 4, 48), (48, 4, 4, 48), (48, 4, 4, 48), (48, 4, 4, 16), (16, 4, 4, 1)].
- Rh leg dimensions: [(1, 4, 4, 16), (16, 4, 4, 48), (48, 4, 4, 48), (48, 4, 4, 48), (48, 4, 4, 48), (48, 4, 4, 48), (48, 4, 4, 48), (48, 4, 4, 48), (48, 4, 4, 48), (48, 4, 4, 16), (16, 4, 4, 1)].
-> E = <Lh|CC*> + <ALhAL*|CC*|ARhAR*> + <CC*|Rh> = -0.03222652167039941 + -0.0821652181331413 + 0.19870262969170066 = 0.08431088988815995.
- C_updated leg dimensions: [(1, 4, 4, 16), (16, 4, 4, 24), (24, 4, 4, 24), (24, 4, 4, 24), (24, 4, 4, 24), (24, 4, 4, 24), (24, 4, 4, 24), (24, 4, 4, 24), (24, 4, 4, 24), (24, 4, 4, 16), (16, 4, 4, 1)].
- largest Hermiticity error: 2.571177251670725e-07.
- maximal number of matvec operations: 71.
-> E_updated = 0.063271558507889.
Orthogonality column 5:
- C leg dimensions: [(1, 4, 4, 16), (16, 4, 4, 24), (24, 4, 4, 24), (24, 4, 4, 24), (24, 4, 4, 24), (24, 4, 4, 24), (24, 4, 4, 24), (24, 4, 4, 24), (24, 4, 4, 24), (24, 4, 4, 16), (16, 4, 4, 1)].
- Lh leg dimensions: [(1, 4, 4, 16), (16, 4, 4, 48), (48, 4, 4, 48), (48, 4, 4, 48), (48, 4, 4, 48), (48, 4, 4, 48), (48, 4, 4, 48), (48, 4, 4, 48), (48, 4, 4, 48), (48, 4, 4, 16), (16, 4, 4, 1)].
- Rh leg dimensions: [(1, 4, 4, 16), (16, 4, 4, 48), (48, 4, 4, 48), (48, 4, 4, 48), (48, 4, 4, 48), (48, 4, 4, 48), (48, 4, 4, 48), (48, 4, 4, 48), (48, 4, 4, 48), (48, 4, 4, 16), (16, 4, 4, 1)].
-> E = <Lh|CC*> + <ALhAL*|CC*|ARhAR*> + <CC*|Rh> = 0.03365573091220858 + -0.08940883972789207 + 0.1360657757361576 = 0.08031266692047412.
- C_updated leg dimensions: [(1, 4, 4, 16), (16, 4, 4, 24), (24, 4, 4, 24), (24, 4, 4, 24), (24, 4, 4, 24), (24, 4, 4, 24), (24, 4, 4, 24), (24, 4, 4, 24), (24, 4, 4, 24), (24, 4, 4, 16), (16, 4, 4, 1)].
- largest Hermiticity error: 4.8478648212668076e-08.
- maximal number of matvec operations: 71.
-> E_updated = 0.0594939855952923.
Orthogonality column 4:
- C leg dimensions: [(1, 4, 4, 16), (16, 4, 4, 24), (24, 4, 4, 24), (24, 4, 4, 24), (24, 4, 4, 24), (24, 4, 4, 24), (24, 4, 4, 24), (24, 4, 4, 24), (24, 4, 4, 24), (24, 4, 4, 16), (16, 4, 4, 1)].
- Lh leg dimensions: [(1, 4, 4, 16), (16, 4, 4, 34), (34, 4, 4, 48), (48, 4, 4, 34), (34, 4, 4, 48), (48, 4, 4, 48), (48, 4, 4, 48), (48, 4, 4, 34), (34, 4, 4, 48), (48, 4, 4, 9), (9, 4, 4, 1)].
- Rh leg dimensions: [(1, 4, 4, 16), (16, 4, 4, 48), (48, 4, 4, 48), (48, 4, 4, 48), (48, 4, 4, 48), (48, 4, 4, 48), (48, 4, 4, 48), (48, 4, 4, 48), (48, 4, 4, 48), (48, 4, 4, 16), (16, 4, 4, 1)].
-> E = <Lh|CC*> + <ALhAL*|CC*|ARhAR*> + <CC*|Rh> = 0.1201445052609225 + -0.09569463620291492 + 0.12430314865585457 = 0.14875301771386215.
- C_updated leg dimensions: [(1, 4, 4, 16), (16, 4, 4, 24), (24, 4, 4, 24), (24, 4, 4, 24), (24, 4, 4, 24), (24, 4, 4, 24), (24, 4, 4, 24), (24, 4, 4, 24), (24, 4, 4, 24), (24, 4, 4, 16), (16, 4, 4, 1)].
- largest Hermiticity error: 8.11059674186829e-08.
- maximal number of matvec operations: 71.
-> E_updated = 0.117454071595203.
Orthogonality column 3:
- C leg dimensions: [(1, 4, 4, 16), (16, 2, 4, 24), (24, 4, 4, 24), (24, 2, 4, 24), (24, 4, 4, 24), (24, 4, 4, 24), (24, 4, 4, 24), (24, 4, 4, 24), (24, 2, 4, 24), (24, 4, 4, 8), (8, 2, 4, 1)].
- Lh leg dimensions: [(1, 4, 4, 8), (8, 2, 2, 29), (29, 4, 4, 8), (8, 2, 2, 29), (29, 4, 4, 13), (13, 4, 4, 48), (48, 4, 4, 8), (8, 4, 4, 29), (29, 2, 2, 8), (8, 4, 4, 4), (4, 2, 2, 1)].
- Rh leg dimensions: [(1, 4, 4, 16), (16, 4, 4, 48), (48, 4, 4, 48), (48, 4, 4, 48), (48, 4, 4, 48), (48, 4, 4, 48), (48, 4, 4, 48), (48, 4, 4, 48), (48, 4, 4, 48), (48, 4, 4, 16), (16, 4, 4, 1)].
-> E = <Lh|CC*> + <ALhAL*|CC*|ARhAR*> + <CC*|Rh> = 0.23209611462940086 + -0.11446263600493067 + 0.04113968101750415 = 0.15877315964197433.
- C_updated leg dimensions: [(1, 4, 4, 16), (16, 2, 4, 24), (24, 4, 4, 24), (24, 2, 4, 24), (24, 4, 4, 24), (24, 4, 4, 24), (24, 4, 4, 24), (24, 4, 4, 24), (24, 2, 4, 24), (24, 4, 4, 8), (8, 2, 4, 1)].
- largest Hermiticity error: 4.208010093509766e-08.
- maximal number of matvec operations: 71.
-> E_updated = 0.12460052663708805.
Orthogonality column 2:
- C leg dimensions: [(1, 2, 4, 8), (8, 2, 4, 24), (24, 2, 4, 24), (24, 2, 4, 24), (24, 2, 4, 24), (24, 4, 4, 24), (24, 2, 4, 24), (24, 2, 4, 24), (24, 2, 4, 24), (24, 2, 4, 8), (8, 2, 4, 1)].
- Lh leg dimensions: [(1, 2, 2, 4), (4, 2, 2, 3), (3, 2, 2, 8), (8, 2, 2, 3), (3, 2, 2, 9), (9, 4, 4, 3), (3, 2, 2, 8), (8, 2, 2, 3), (3, 2, 2, 8), (8, 2, 2, 3), (3, 2, 2, 1)].
- Rh leg dimensions: [(1, 4, 4, 16), (16, 4, 4, 48), (48, 4, 4, 48), (48, 4, 4, 48), (48, 4, 4, 48), (48, 4, 4, 48), (48, 4, 4, 48), (48, 4, 4, 48), (48, 4, 4, 48), (48, 4, 4, 16), (16, 4, 4, 1)].
-> E = <Lh|CC*> + <ALhAL*|CC*|ARhAR*> + <CC*|Rh> = 0.39650004610356115 + -0.16260537718328094 + -0.03132487994130661 = 0.2025697889789736.
- C_updated leg dimensions: [(1, 2, 4, 8), (8, 2, 4, 24), (24, 2, 4, 24), (24, 2, 4, 24), (24, 2, 4, 24), (24, 4, 4, 24), (24, 2, 4, 24), (24, 2, 4, 24), (24, 2, 4, 24), (24, 2, 4, 8), (8, 2, 4, 1)].
- largest Hermiticity error: 4.7173193985948554e-08.
- maximal number of matvec operations: 61.
-> E_updated = 0.16579728779078318.
Orthogonality column 1:
- C leg dimensions: [(1, 2, 4, 8), (8, 1, 4, 24), (24, 2, 4, 24), (24, 1, 4, 24), (24, 2, 4, 24), (24, 2, 4, 24), (24, 1, 4, 24), (24, 2, 4, 24), (24, 1, 4, 24), (24, 2, 4, 4), (4, 1, 4, 1)].
- Rh leg dimensions: [(1, 4, 4, 16), (16, 4, 4, 48), (48, 4, 4, 48), (48, 4, 4, 48), (48, 4, 4, 48), (48, 4, 4, 48), (48, 4, 4, 48), (48, 4, 4, 48), (48, 4, 4, 48), (48, 4, 4, 16), (16, 4, 4, 1)].
-> E = <Lh|CC*> + <ALhAL*|CC*|ARhAR*> + <CC*|Rh> = None + 0.3982488887886429 + -0.1474326992667872 = 0.2508161895218557.
- C_updated leg dimensions: [(1, 2, 4, 8), (8, 1, 4, 24), (24, 2, 4, 24), (24, 1, 4, 24), (24, 2, 4, 24), (24, 2, 4, 24), (24, 1, 4, 24), (24, 2, 4, 24), (24, 1, 4, 24), (24, 2, 4, 4), (4, 1, 4, 1)].
- largest Hermiticity error: 6.941674775864093e-08.
- maximal number of matvec operations: 61.
-> E_updated = 0.20657550287404536.
Orthogonality column 0:
- C leg dimensions: [(1, 1, 4, 4), (4, 1, 4, 16), (16, 1, 4, 24), (24, 1, 4, 24), (24, 1, 4, 24), (24, 1, 4, 24), (24, 1, 4, 24), (24, 1, 4, 24), (24, 1, 4, 24), (24, 1, 4, 4), (4, 1, 4, 1)].
- Rh leg dimensions: [(1, 4, 4, 16), (16, 4, 4, 48), (48, 4, 4, 48), (48, 4, 4, 48), (48, 4, 4, 48), (48, 4, 4, 48), (48, 4, 4, 48), (48, 4, 4, 48), (48, 4, 4, 48), (48, 4, 4, 16), (16, 4, 4, 1)].
-> E = <Lh|CC*> + <ALhAL*|CC*|ARhAR*> + <CC*|Rh> = None + None + 0.241732206625633 = 0.241732206625633.
- C_updated leg dimensions: [(1, 1, 4, 4), (4, 1, 4, 16), (16, 1, 4, 24), (24, 1, 4, 24), (24, 1, 4, 24), (24, 1, 4, 24), (24, 1, 4, 24), (24, 1, 4, 24), (24, 1, 4, 16), (16, 1, 4, 4), (4, 1, 4, 1)].
- largest Hermiticity error: 3.4577663196755967e-07.
- maximal number of matvec operations: 51.
-> E_updated = 0.19128849806605558.
=> <H> - E0 = 0.14030095044952873.

<H>s - E0 = [0.18241932 0.13898958 0.14030095]
