Lx = 6, Ly = 6, g = 3.0, D_max = 2, chi_max_c = 12, chi_max_b = 12. 

E0_exact = -227.308603832. 

es = [-26.98209988 -17.98476015 -17.99774995 -17.99523284 -18.00175819
 -17.99673046 -17.99829775 -17.99946642 -18.00275761 -18.00555616
 -27.00523869].
E = -215.96964810797758.
E - E0 = 11.338955724022412.
subtract energy E0_exact evenly from all columns.


DMRGSquared sweep 1 ...
Orthogonality column 0:
- C leg dimensions: [(1, 1, 2, 2), (2, 1, 2, 4), (4, 1, 2, 8), (8, 1, 2, 12), (12, 1, 2, 12), (12, 1, 2, 12), (12, 1, 2, 12), (12, 1, 2, 8), (8, 1, 2, 4), (4, 1, 2, 2), (2, 1, 2, 1)].
- Rh leg dimensions: [(1, 2, 2, 4), (4, 2, 2, 12), (12, 2, 2, 12), (12, 2, 2, 12), (12, 2, 2, 12), (12, 2, 2, 12), (12, 2, 2, 12), (12, 2, 2, 12), (12, 2, 2, 12), (12, 2, 2, 4), (4, 2, 2, 1)].
-> E = <Lh|CC*> + <ALhAL*|CC*|ARhAR*> + <CC*|Rh> = None + None + 10.587200491834524 = 10.587200491834524.
- C_updated leg dimensions: [(1, 1, 2, 2), (2, 1, 2, 4), (4, 1, 2, 8), (8, 1, 2, 12), (12, 1, 2, 12), (12, 1, 2, 12), (12, 1, 2, 12), (12, 1, 2, 8), (8, 1, 2, 4), (4, 1, 2, 2), (2, 1, 2, 1)].
- largest Hermiticity error: 1.6621441237072276e-07.
- maximal number of matvec operations: 31.
-> E_updated = 10.33033524786528.
Orthogonality column 1:
- C leg dimensions: [(1, 2, 2, 2), (2, 1, 2, 4), (4, 2, 2, 8), (8, 1, 2, 12), (12, 2, 2, 12), (12, 2, 2, 12), (12, 1, 2, 12), (12, 2, 2, 8), (8, 1, 2, 4), (4, 2, 2, 2), (2, 1, 2, 1)].
- Rh leg dimensions: [(1, 2, 2, 4), (4, 2, 2, 12), (12, 2, 2, 12), (12, 2, 2, 12), (12, 2, 2, 12), (12, 2, 2, 12), (12, 2, 2, 12), (12, 2, 2, 12), (12, 2, 2, 12), (12, 2, 2, 4), (4, 2, 2, 1)].
-> E = <Lh|CC*> + <ALhAL*|CC*|ARhAR*> + <CC*|Rh> = None + 1.3379429692319866 + 9.116005502627841 = 10.453948471859828.
- C_updated leg dimensions: [(1, 2, 2, 4), (4, 1, 2, 8), (8, 2, 2, 12), (12, 1, 2, 12), (12, 2, 2, 12), (12, 2, 2, 12), (12, 1, 2, 12), (12, 2, 2, 12), (12, 1, 2, 8), (8, 2, 2, 2), (2, 1, 2, 1)].
- largest Hermiticity error: 2.1408550506576605e-07.
- maximal number of matvec operations: 41.
-> E_updated = 10.22342272677204.
Orthogonality column 2:
- C leg dimensions: [(1, 2, 2, 4), (4, 2, 2, 8), (8, 2, 2, 12), (12, 2, 2, 12), (12, 2, 2, 12), (12, 2, 2, 12), (12, 2, 2, 12), (12, 2, 2, 12), (12, 2, 2, 8), (8, 2, 2, 2), (2, 2, 2, 1)].
- Lh leg dimensions: [(1, 2, 2, 4), (4, 2, 2, 3), (3, 2, 2, 8), (8, 2, 2, 3), (3, 2, 2, 8), (8, 2, 2, 3), (3, 2, 2, 8), (8, 2, 2, 3), (3, 2, 2, 8), (8, 2, 2, 3), (3, 2, 2, 1)].
- Rh leg dimensions: [(1, 2, 2, 4), (4, 2, 2, 12), (12, 2, 2, 12), (12, 2, 2, 12), (12, 2, 2, 12), (12, 2, 2, 12), (12, 2, 2, 12), (12, 2, 2, 12), (12, 2, 2, 12), (12, 2, 2, 4), (4, 2, 2, 1)].
-> E = <Lh|CC*> + <ALhAL*|CC*|ARhAR*> + <CC*|Rh> = 1.095236246355327 + 0.885332363598123 + 8.416341594273637 = 10.396910204227087.
- C_updated leg dimensions: [(1, 2, 2, 4), (4, 2, 2, 12), (12, 2, 2, 12), (12, 2, 2, 12), (12, 2, 2, 12), (12, 2, 2, 12), (12, 2, 2, 12), (12, 2, 2, 12), (12, 2, 2, 12), (12, 2, 2, 4), (4, 2, 2, 1)].
- largest Hermiticity error: 2.094813978497346e-08.
- maximal number of matvec operations: 51.
-> E_updated = 9.600523863800392.
Orthogonality column 3:
- C leg dimensions: [(1, 2, 2, 4), (4, 2, 2, 12), (12, 2, 2, 12), (12, 2, 2, 12), (12, 2, 2, 12), (12, 2, 2, 12), (12, 2, 2, 12), (12, 2, 2, 12), (12, 2, 2, 12), (12, 2, 2, 4), (4, 2, 2, 1)].
- Lh leg dimensions: [(1, 2, 2, 4), (4, 2, 2, 12), (12, 2, 2, 8), (8, 2, 2, 12), (12, 2, 2, 8), (8, 2, 2, 12), (12, 2, 2, 8), (8, 2, 2, 12), (12, 2, 2, 8), (8, 2, 2, 4), (4, 2, 2, 1)].
- Rh leg dimensions: [(1, 2, 2, 4), (4, 2, 2, 12), (12, 2, 2, 12), (12, 2, 2, 12), (12, 2, 2, 12), (12, 2, 2, 12), (12, 2, 2, 12), (12, 2, 2, 12), (12, 2, 2, 12), (12, 2, 2, 4), (4, 2, 2, 1)].
-> E = <Lh|CC*> + <ALhAL*|CC*|ARhAR*> + <CC*|Rh> = 1.241277743798094 + 0.8590386127278659 + 7.742369815955707 = 9.842686172481667.
- C_updated leg dimensions: [(1, 2, 2, 4), (4, 2, 2, 12), (12, 2, 2, 12), (12, 2, 2, 12), (12, 2, 2, 12), (12, 2, 2, 12), (12, 2, 2, 12), (12, 2, 2, 12), (12, 2, 2, 12), (12, 2, 2, 4), (4, 2, 2, 1)].
- largest Hermiticity error: 7.662624779300344e-08.
- maximal number of matvec operations: 51.
-> E_updated = 9.163748511096214.
Orthogonality column 4:
- C leg dimensions: [(1, 2, 2, 4), (4, 2, 2, 12), (12, 2, 2, 12), (12, 2, 2, 12), (12, 2, 2, 12), (12, 2, 2, 12), (12, 2, 2, 12), (12, 2, 2, 12), (12, 2, 2, 12), (12, 2, 2, 4), (4, 2, 2, 1)].
- Lh leg dimensions: [(1, 2, 2, 4), (4, 2, 2, 12), (12, 2, 2, 12), (12, 2, 2, 12), (12, 2, 2, 12), (12, 2, 2, 12), (12, 2, 2, 12), (12, 2, 2, 12), (12, 2, 2, 12), (12, 2, 2, 4), (4, 2, 2, 1)].
- Rh leg dimensions: [(1, 2, 2, 4), (4, 2, 2, 12), (12, 2, 2, 12), (12, 2, 2, 12), (12, 2, 2, 12), (12, 2, 2, 12), (12, 2, 2, 12), (12, 2, 2, 12), (12, 2, 2, 12), (12, 2, 2, 4), (4, 2, 2, 1)].
-> E = <Lh|CC*> + <ALhAL*|CC*|ARhAR*> + <CC*|Rh> = 1.4994340808057611 + 0.9314106253652052 + 6.785722972426579 = 9.216567678597546.
- C_updated leg dimensions: [(1, 2, 2, 4), (4, 2, 2, 12), (12, 2, 2, 12), (12, 2, 2, 12), (12, 2, 2, 12), (12, 2, 2, 12), (12, 2, 2, 12), (12, 2, 2, 12), (12, 2, 2, 12), (12, 2, 2, 4), (4, 2, 2, 1)].
- largest Hermiticity error: 2.035472192089758e-07.
- maximal number of matvec operations: 51.
-> E_updated = 8.91511095519314.
Orthogonality column 5:
- C leg dimensions: [(1, 2, 2, 4), (4, 2, 2, 12), (12, 2, 2, 12), (12, 2, 2, 12), (12, 2, 2, 12), (12, 2, 2, 12), (12, 2, 2, 12), (12, 2, 2, 12), (12, 2, 2, 12), (12, 2, 2, 4), (4, 2, 2, 1)].
- Lh leg dimensions: [(1, 2, 2, 4), (4, 2, 2, 12), (12, 2, 2, 12), (12, 2, 2, 12), (12, 2, 2, 12), (12, 2, 2, 12), (12, 2, 2, 12), (12, 2, 2, 12), (12, 2, 2, 12), (12, 2, 2, 4), (4, 2, 2, 1)].
- Rh leg dimensions: [(1, 2, 2, 4), (4, 2, 2, 12), (12, 2, 2, 12), (12, 2, 2, 12), (12, 2, 2, 12), (12, 2, 2, 12), (12, 2, 2, 12), (12, 2, 2, 12), (12, 2, 2, 12), (12, 2, 2, 4), (4, 2, 2, 1)].
-> E = <Lh|CC*> + <ALhAL*|CC*|ARhAR*> + <CC*|Rh> = 2.2298400632265967 + 0.9377284343557934 + 5.9366568781227445 = 9.104225375705134.
- C_updated leg dimensions: [(1, 2, 2, 4), (4, 2, 2, 12), (12, 2, 2, 12), (12, 2, 2, 12), (12, 2, 2, 12), (12, 2, 2, 12), (12, 2, 2, 12), (12, 2, 2, 12), (12, 2, 2, 12), (12, 2, 2, 4), (4, 2, 2, 1)].
- largest Hermiticity error: 1.6741954624535188e-07.
- maximal number of matvec operations: 41.
-> E_updated = 8.973613462281003.
Orthogonality column 6:
- C leg dimensions: [(1, 2, 2, 4), (4, 2, 2, 12), (12, 2, 2, 12), (12, 2, 2, 12), (12, 2, 2, 12), (12, 2, 2, 12), (12, 2, 2, 12), (12, 2, 2, 12), (12, 2, 2, 12), (12, 2, 2, 4), (4, 2, 2, 1)].
- Lh leg dimensions: [(1, 2, 2, 4), (4, 2, 2, 12), (12, 2, 2, 12), (12, 2, 2, 12), (12, 2, 2, 12), (12, 2, 2, 12), (12, 2, 2, 12), (12, 2, 2, 12), (12, 2, 2, 12), (12, 2, 2, 4), (4, 2, 2, 1)].
- Rh leg dimensions: [(1, 2, 2, 4), (4, 2, 2, 12), (12, 2, 2, 12), (12, 2, 2, 12), (12, 2, 2, 12), (12, 2, 2, 12), (12, 2, 2, 12), (12, 2, 2, 12), (12, 2, 2, 12), (12, 2, 2, 4), (4, 2, 2, 1)].
-> E = <Lh|CC*> + <ALhAL*|CC*|ARhAR*> + <CC*|Rh> = 3.0894836801077483 + 0.9255957979422147 + 5.072199485919954 = 9.087278963969919.
- C_updated leg dimensions: [(1, 2, 2, 4), (4, 2, 2, 12), (12, 2, 2, 12), (12, 2, 2, 12), (12, 2, 2, 12), (12, 2, 2, 12), (12, 2, 2, 12), (12, 2, 2, 12), (12, 2, 2, 12), (12, 2, 2, 4), (4, 2, 2, 1)].
- largest Hermiticity error: 5.134893305924584e-07.
- maximal number of matvec operations: 41.
-> E_updated = 8.875070916952414.
Orthogonality column 7:
- C leg dimensions: [(1, 2, 2, 4), (4, 2, 2, 12), (12, 2, 2, 12), (12, 2, 2, 12), (12, 2, 2, 12), (12, 2, 2, 12), (12, 2, 2, 12), (12, 2, 2, 12), (12, 2, 2, 12), (12, 2, 2, 4), (4, 2, 2, 1)].
- Lh leg dimensions: [(1, 2, 2, 4), (4, 2, 2, 12), (12, 2, 2, 12), (12, 2, 2, 12), (12, 2, 2, 12), (12, 2, 2, 12), (12, 2, 2, 12), (12, 2, 2, 12), (12, 2, 2, 12), (12, 2, 2, 4), (4, 2, 2, 1)].
- Rh leg dimensions: [(1, 2, 2, 4), (4, 2, 2, 12), (12, 2, 2, 12), (12, 2, 2, 12), (12, 2, 2, 12), (12, 2, 2, 12), (12, 2, 2, 12), (12, 2, 2, 12), (12, 2, 2, 12), (12, 2, 2, 4), (4, 2, 2, 1)].
-> E = <Lh|CC*> + <ALhAL*|CC*|ARhAR*> + <CC*|Rh> = 3.883144065850582 + 0.9161985461146505 + 4.2237265986641335 = 9.023069210629366.
- C_updated leg dimensions: [(1, 2, 2, 4), (4, 2, 2, 12), (12, 2, 2, 12), (12, 2, 2, 12), (12, 2, 2, 12), (12, 2, 2, 12), (12, 2, 2, 12), (12, 2, 2, 12), (12, 2, 2, 12), (12, 2, 2, 4), (4, 2, 2, 1)].
- largest Hermiticity error: 1.8034355989693637e-07.
- maximal number of matvec operations: 31.
-> E_updated = 8.714613186102165.
Orthogonality column 8:
- C leg dimensions: [(1, 2, 2, 4), (4, 2, 2, 12), (12, 2, 2, 12), (12, 2, 2, 12), (12, 2, 2, 12), (12, 2, 2, 12), (12, 2, 2, 12), (12, 2, 2, 12), (12, 2, 2, 12), (12, 2, 2, 4), (4, 2, 2, 1)].
- Lh leg dimensions: [(1, 2, 2, 4), (4, 2, 2, 12), (12, 2, 2, 12), (12, 2, 2, 12), (12, 2, 2, 12), (12, 2, 2, 12), (12, 2, 2, 12), (12, 2, 2, 12), (12, 2, 2, 12), (12, 2, 2, 4), (4, 2, 2, 1)].
- Rh leg dimensions: [(1, 2, 2, 4), (4, 2, 2, 12), (12, 2, 2, 12), (12, 2, 2, 12), (12, 2, 2, 12), (12, 2, 2, 12), (12, 2, 2, 12), (12, 2, 2, 12), (12, 2, 2, 12), (12, 2, 2, 4), (4, 2, 2, 1)].
-> E = <Lh|CC*> + <ALhAL*|CC*|ARhAR*> + <CC*|Rh> = 4.5734868703062785 + 0.8708271376361916 + 3.306977376760948 = 8.751291384703418.
- C_updated leg dimensions: [(1, 2, 2, 4), (4, 2, 2, 12), (12, 2, 2, 12), (12, 2, 2, 12), (12, 2, 2, 12), (12, 2, 2, 12), (12, 2, 2, 12), (12, 2, 2, 12), (12, 2, 2, 12), (12, 2, 2, 4), (4, 2, 2, 1)].
- largest Hermiticity error: 1.2404462996728218e-08.
- maximal number of matvec operations: 41.
-> E_updated = 8.201024107756476.
Orthogonality column 9:
- C leg dimensions: [(1, 2, 2, 4), (4, 2, 2, 12), (12, 2, 2, 12), (12, 2, 2, 12), (12, 2, 2, 12), (12, 2, 2, 12), (12, 2, 2, 12), (12, 2, 2, 12), (12, 2, 2, 12), (12, 2, 2, 4), (4, 2, 2, 1)].
- Lh leg dimensions: [(1, 2, 2, 4), (4, 2, 2, 12), (12, 2, 2, 12), (12, 2, 2, 12), (12, 2, 2, 12), (12, 2, 2, 12), (12, 2, 2, 12), (12, 2, 2, 12), (12, 2, 2, 12), (12, 2, 2, 4), (4, 2, 2, 1)].
- Rh leg dimensions: [(1, 2, 2, 4), (4, 2, 2, 8), (8, 2, 2, 12), (12, 2, 2, 8), (8, 2, 2, 12), (12, 2, 2, 8), (8, 2, 2, 12), (12, 2, 2, 8), (8, 2, 2, 12), (12, 2, 2, 4), (4, 2, 2, 1)].
-> E = <Lh|CC*> + <ALhAL*|CC*|ARhAR*> + <CC*|Rh> = 5.130749492605173 + 0.8388770035641798 + 2.262300357987277 = 8.23192685415663.
- C_updated leg dimensions: [(1, 2, 2, 4), (4, 2, 2, 12), (12, 2, 2, 12), (12, 2, 2, 12), (12, 2, 2, 12), (12, 2, 2, 12), (12, 2, 2, 12), (12, 2, 2, 12), (12, 2, 2, 12), (12, 2, 2, 4), (4, 2, 2, 1)].
- largest Hermiticity error: 1.0765128026656797e-08.
- maximal number of matvec operations: 41.
-> E_updated = 7.450609726192267.
Orthogonality column 10:
- C leg dimensions: [(1, 2, 2, 4), (4, 2, 2, 12), (12, 2, 2, 12), (12, 2, 2, 12), (12, 2, 2, 12), (12, 2, 2, 12), (12, 2, 2, 12), (12, 2, 2, 12), (12, 2, 2, 12), (12, 2, 2, 4), (4, 2, 2, 1)].
- Lh leg dimensions: [(1, 2, 2, 4), (4, 2, 2, 12), (12, 2, 2, 12), (12, 2, 2, 12), (12, 2, 2, 12), (12, 2, 2, 12), (12, 2, 2, 12), (12, 2, 2, 12), (12, 2, 2, 12), (12, 2, 2, 4), (4, 2, 2, 1)].
- Rh leg dimensions: [(1, 2, 2, 3), (3, 2, 2, 8), (8, 2, 2, 3), (3, 2, 2, 8), (8, 2, 2, 3), (3, 2, 2, 8), (8, 2, 2, 3), (3, 2, 2, 8), (8, 2, 2, 3), (3, 2, 2, 4), (4, 2, 2, 1)].
-> E = <Lh|CC*> + <ALhAL*|CC*|ARhAR*> + <CC*|Rh> = 5.535095643486007 + 0.7070336759819652 + 1.2078648889996295 = 7.449994208467602.
- C_updated leg dimensions: [(1, 2, 2, 4), (4, 2, 2, 12), (12, 2, 2, 12), (12, 2, 2, 12), (12, 2, 2, 12), (12, 2, 2, 12), (12, 2, 2, 12), (12, 2, 2, 12), (12, 2, 2, 12), (12, 2, 2, 4), (4, 2, 2, 1)].
- largest Hermiticity error: 8.77923525395418e-09.
- maximal number of matvec operations: 41.
-> E_updated = 6.0405696309595385.
Orthogonality column 11:
- C leg dimensions: [(1, 2, 1, 4), (4, 2, 2, 12), (12, 2, 1, 12), (12, 2, 2, 12), (12, 2, 1, 12), (12, 2, 2, 12), (12, 2, 1, 12), (12, 2, 2, 12), (12, 2, 1, 12), (12, 2, 2, 4), (4, 2, 2, 1)].
- Lh leg dimensions: [(1, 2, 2, 4), (4, 2, 2, 12), (12, 2, 2, 12), (12, 2, 2, 12), (12, 2, 2, 12), (12, 2, 2, 12), (12, 2, 2, 12), (12, 2, 2, 12), (12, 2, 2, 12), (12, 2, 2, 4), (4, 2, 2, 1)].
-> E = <Lh|CC*> + <ALhAL*|CC*|ARhAR*> + <CC*|Rh> = 5.763312711853455 + 0.628202425372779 + None = 6.391515137226234.
- C_updated leg dimensions: [(1, 2, 1, 2), (2, 2, 2, 8), (8, 2, 1, 12), (12, 2, 2, 12), (12, 2, 1, 12), (12, 2, 2, 12), (12, 2, 1, 12), (12, 2, 2, 12), (12, 2, 1, 12), (12, 2, 2, 4), (4, 2, 2, 1)].
- largest Hermiticity error: 5.003612075206202e-09.
- maximal number of matvec operations: 41.
-> E_updated = 6.17956448680519.
Orthogonality column 12:
- C leg dimensions: [(1, 2, 1, 2), (2, 2, 1, 4), (4, 2, 1, 8), (8, 2, 1, 12), (12, 2, 1, 12), (12, 2, 1, 12), (12, 2, 1, 12), (12, 2, 1, 12), (12, 2, 1, 8), (8, 2, 1, 4), (4, 2, 1, 1)].
- Lh leg dimensions: [(1, 2, 2, 4), (4, 2, 2, 12), (12, 2, 2, 12), (12, 2, 2, 12), (12, 2, 2, 12), (12, 2, 2, 12), (12, 2, 2, 12), (12, 2, 2, 12), (12, 2, 2, 12), (12, 2, 2, 4), (4, 2, 2, 1)].
-> E = <Lh|CC*> + <ALhAL*|CC*|ARhAR*> + <CC*|Rh> = 6.256509025681533 + None + None = 6.256509025681533.
- C_updated leg dimensions: [(1, 2, 1, 2), (2, 2, 1, 4), (4, 2, 1, 8), (8, 2, 1, 12), (12, 2, 1, 12), (12, 2, 1, 12), (12, 2, 1, 12), (12, 2, 1, 8), (8, 2, 1, 4), (4, 2, 1, 2), (2, 2, 1, 1)].
- largest Hermiticity error: 6.227382224115164e-09.
- maximal number of matvec operations: 31.
-> E_updated = 6.252995999614945.
Orthogonality column 11:
- C leg dimensions: [(1, 2, 1, 2), (2, 2, 2, 4), (4, 2, 1, 8), (8, 2, 2, 12), (12, 2, 1, 12), (12, 2, 2, 12), (12, 2, 2, 12), (12, 2, 1, 8), (8, 2, 2, 4), (4, 2, 1, 2), (2, 2, 2, 1)].
- Lh leg dimensions: [(1, 2, 2, 4), (4, 2, 2, 12), (12, 2, 2, 12), (12, 2, 2, 12), (12, 2, 2, 12), (12, 2, 2, 12), (12, 2, 2, 12), (12, 2, 2, 12), (12, 2, 2, 12), (12, 2, 2, 4), (4, 2, 2, 1)].
-> E = <Lh|CC*> + <ALhAL*|CC*|ARhAR*> + <CC*|Rh> = 5.742795892533606 + 0.5117126715059992 + None = 6.254508564039606.
- C_updated leg dimensions: [(1, 2, 1, 2), (2, 2, 2, 8), (8, 2, 1, 12), (12, 2, 2, 12), (12, 2, 1, 12), (12, 2, 2, 12), (12, 2, 2, 12), (12, 2, 1, 12), (12, 2, 2, 8), (8, 2, 1, 4), (4, 2, 2, 1)].
- largest Hermiticity error: 3.6149547885177774e-09.
- maximal number of matvec operations: 41.
-> E_updated = 6.179564504699288.
Orthogonality column 10:
- C leg dimensions: [(1, 2, 2, 2), (2, 2, 2, 8), (8, 2, 2, 12), (12, 2, 2, 12), (12, 2, 2, 12), (12, 2, 2, 12), (12, 2, 2, 12), (12, 2, 2, 12), (12, 2, 2, 8), (8, 2, 2, 4), (4, 2, 2, 1)].
- Lh leg dimensions: [(1, 2, 2, 4), (4, 2, 2, 12), (12, 2, 2, 12), (12, 2, 2, 12), (12, 2, 2, 12), (12, 2, 2, 12), (12, 2, 2, 12), (12, 2, 2, 12), (12, 2, 2, 12), (12, 2, 2, 4), (4, 2, 2, 1)].
- Rh leg dimensions: [(1, 2, 2, 3), (3, 2, 2, 8), (8, 2, 2, 3), (3, 2, 2, 8), (8, 2, 2, 3), (3, 2, 2, 8), (8, 2, 2, 3), (3, 2, 2, 8), (8, 2, 2, 3), (3, 2, 2, 4), (4, 2, 2, 1)].
-> E = <Lh|CC*> + <ALhAL*|CC*|ARhAR*> + <CC*|Rh> = 5.592542478567941 + 0.12905625913998958 + 0.46004393301977575 = 6.181642670727706.
- C_updated leg dimensions: [(1, 2, 2, 4), (4, 2, 2, 12), (12, 2, 2, 12), (12, 2, 2, 12), (12, 2, 2, 12), (12, 2, 2, 12), (12, 2, 2, 12), (12, 2, 2, 12), (12, 2, 2, 12), (12, 2, 2, 4), (4, 2, 2, 1)].
- largest Hermiticity error: 4.297913136974268e-09.
- maximal number of matvec operations: 41.
-> E_updated = 5.836778071786863.
Orthogonality column 9:
- C leg dimensions: [(1, 2, 2, 4), (4, 2, 2, 12), (12, 2, 2, 12), (12, 2, 2, 12), (12, 2, 2, 12), (12, 2, 2, 12), (12, 2, 2, 12), (12, 2, 2, 12), (12, 2, 2, 12), (12, 2, 2, 4), (4, 2, 2, 1)].
- Lh leg dimensions: [(1, 2, 2, 4), (4, 2, 2, 12), (12, 2, 2, 12), (12, 2, 2, 12), (12, 2, 2, 12), (12, 2, 2, 12), (12, 2, 2, 12), (12, 2, 2, 12), (12, 2, 2, 12), (12, 2, 2, 4), (4, 2, 2, 1)].
- Rh leg dimensions: [(1, 2, 2, 4), (4, 2, 2, 8), (8, 2, 2, 12), (12, 2, 2, 8), (8, 2, 2, 12), (12, 2, 2, 8), (8, 2, 2, 12), (12, 2, 2, 8), (8, 2, 2, 12), (12, 2, 2, 4), (4, 2, 2, 1)].
-> E = <Lh|CC*> + <ALhAL*|CC*|ARhAR*> + <CC*|Rh> = 5.077352000069521 + 0.33101389262483544 + 0.4883072266573045 = 5.896673119351661.
- C_updated leg dimensions: [(1, 2, 2, 4), (4, 2, 2, 12), (12, 2, 2, 12), (12, 2, 2, 12), (12, 2, 2, 12), (12, 2, 2, 12), (12, 2, 2, 12), (12, 2, 2, 12), (12, 2, 2, 12), (12, 2, 2, 4), (4, 2, 2, 1)].
- largest Hermiticity error: 1.5315101309917643e-08.
- maximal number of matvec operations: 41.
-> E_updated = 5.538611565333879.
Orthogonality column 8:
- C leg dimensions: [(1, 2, 2, 4), (4, 2, 2, 12), (12, 2, 2, 12), (12, 2, 2, 12), (12, 2, 2, 12), (12, 2, 2, 12), (12, 2, 2, 12), (12, 2, 2, 12), (12, 2, 2, 12), (12, 2, 2, 4), (4, 2, 2, 1)].
- Lh leg dimensions: [(1, 2, 2, 4), (4, 2, 2, 12), (12, 2, 2, 12), (12, 2, 2, 12), (12, 2, 2, 12), (12, 2, 2, 12), (12, 2, 2, 12), (12, 2, 2, 12), (12, 2, 2, 12), (12, 2, 2, 4), (4, 2, 2, 1)].
- Rh leg dimensions: [(1, 2, 2, 4), (4, 2, 2, 12), (12, 2, 2, 12), (12, 2, 2, 12), (12, 2, 2, 12), (12, 2, 2, 12), (12, 2, 2, 12), (12, 2, 2, 12), (12, 2, 2, 12), (12, 2, 2, 4), (4, 2, 2, 1)].
-> E = <Lh|CC*> + <ALhAL*|CC*|ARhAR*> + <CC*|Rh> = 4.36307458968751 + 0.7506650179249472 + 0.5124320768903425 = 5.6261716845028.
- C_updated leg dimensions: [(1, 2, 2, 4), (4, 2, 2, 12), (12, 2, 2, 12), (12, 2, 2, 12), (12, 2, 2, 12), (12, 2, 2, 12), (12, 2, 2, 12), (12, 2, 2, 12), (12, 2, 2, 12), (12, 2, 2, 4), (4, 2, 2, 1)].
- largest Hermiticity error: 2.7166955065127414e-09.
- maximal number of matvec operations: 41.
-> E_updated = 5.3572109035781565.
Orthogonality column 7:
- C leg dimensions: [(1, 2, 2, 4), (4, 2, 2, 12), (12, 2, 2, 12), (12, 2, 2, 12), (12, 2, 2, 12), (12, 2, 2, 12), (12, 2, 2, 12), (12, 2, 2, 12), (12, 2, 2, 12), (12, 2, 2, 4), (4, 2, 2, 1)].
- Lh leg dimensions: [(1, 2, 2, 4), (4, 2, 2, 12), (12, 2, 2, 12), (12, 2, 2, 12), (12, 2, 2, 12), (12, 2, 2, 12), (12, 2, 2, 12), (12, 2, 2, 12), (12, 2, 2, 12), (12, 2, 2, 4), (4, 2, 2, 1)].
- Rh leg dimensions: [(1, 2, 2, 4), (4, 2, 2, 12), (12, 2, 2, 12), (12, 2, 2, 12), (12, 2, 2, 12), (12, 2, 2, 12), (12, 2, 2, 12), (12, 2, 2, 12), (12, 2, 2, 12), (12, 2, 2, 4), (4, 2, 2, 1)].
-> E = <Lh|CC*> + <ALhAL*|CC*|ARhAR*> + <CC*|Rh> = 3.880359255437659 + 0.5359169014036022 + 0.9820996486912507 = 5.3983758055325115.
- C_updated leg dimensions: [(1, 2, 2, 4), (4, 2, 2, 12), (12, 2, 2, 12), (12, 2, 2, 12), (12, 2, 2, 12), (12, 2, 2, 12), (12, 2, 2, 12), (12, 2, 2, 12), (12, 2, 2, 12), (12, 2, 2, 4), (4, 2, 2, 1)].
- largest Hermiticity error: 4.422323292215216e-09.
- maximal number of matvec operations: 41.
-> E_updated = 5.179918210934255.
Orthogonality column 6:
- C leg dimensions: [(1, 2, 2, 4), (4, 2, 2, 12), (12, 2, 2, 12), (12, 2, 2, 12), (12, 2, 2, 12), (12, 2, 2, 12), (12, 2, 2, 12), (12, 2, 2, 12), (12, 2, 2, 12), (12, 2, 2, 4), (4, 2, 2, 1)].
- Lh leg dimensions: [(1, 2, 2, 4), (4, 2, 2, 12), (12, 2, 2, 12), (12, 2, 2, 12), (12, 2, 2, 12), (12, 2, 2, 12), (12, 2, 2, 12), (12, 2, 2, 12), (12, 2, 2, 12), (12, 2, 2, 4), (4, 2, 2, 1)].
- Rh leg dimensions: [(1, 2, 2, 4), (4, 2, 2, 12), (12, 2, 2, 12), (12, 2, 2, 12), (12, 2, 2, 12), (12, 2, 2, 12), (12, 2, 2, 12), (12, 2, 2, 12), (12, 2, 2, 12), (12, 2, 2, 4), (4, 2, 2, 1)].
-> E = <Lh|CC*> + <ALhAL*|CC*|ARhAR*> + <CC*|Rh> = 2.9938389909428915 + 0.9444406343729304 + 1.286463677934788 = 5.22474330325061.
- C_updated leg dimensions: [(1, 2, 2, 4), (4, 2, 2, 12), (12, 2, 2, 12), (12, 2, 2, 12), (12, 2, 2, 12), (12, 2, 2, 12), (12, 2, 2, 12), (12, 2, 2, 12), (12, 2, 2, 12), (12, 2, 2, 4), (4, 2, 2, 1)].
- largest Hermiticity error: 5.670309082757566e-09.
- maximal number of matvec operations: 41.
-> E_updated = 5.165410198963992.
Orthogonality column 5:
- C leg dimensions: [(1, 2, 2, 4), (4, 2, 2, 12), (12, 2, 2, 12), (12, 2, 2, 12), (12, 2, 2, 12), (12, 2, 2, 12), (12, 2, 2, 12), (12, 2, 2, 12), (12, 2, 2, 12), (12, 2, 2, 4), (4, 2, 2, 1)].
- Lh leg dimensions: [(1, 2, 2, 4), (4, 2, 2, 12), (12, 2, 2, 12), (12, 2, 2, 12), (12, 2, 2, 12), (12, 2, 2, 12), (12, 2, 2, 12), (12, 2, 2, 12), (12, 2, 2, 12), (12, 2, 2, 4), (4, 2, 2, 1)].
- Rh leg dimensions: [(1, 2, 2, 4), (4, 2, 2, 12), (12, 2, 2, 12), (12, 2, 2, 12), (12, 2, 2, 12), (12, 2, 2, 12), (12, 2, 2, 12), (12, 2, 2, 12), (12, 2, 2, 12), (12, 2, 2, 4), (4, 2, 2, 1)].
-> E = <Lh|CC*> + <ALhAL*|CC*|ARhAR*> + <CC*|Rh> = 2.245686515519944 + 0.7580812946095321 + 2.20662392600061 = 5.210391736130086.
- C_updated leg dimensions: [(1, 2, 2, 4), (4, 2, 2, 12), (12, 2, 2, 12), (12, 2, 2, 12), (12, 2, 2, 12), (12, 2, 2, 12), (12, 2, 2, 12), (12, 2, 2, 12), (12, 2, 2, 12), (12, 2, 2, 4), (4, 2, 2, 1)].
- largest Hermiticity error: 2.089771710621273e-09.
- maximal number of matvec operations: 41.
-> E_updated = 5.167189880816904.
Orthogonality column 4:
- C leg dimensions: [(1, 2, 2, 4), (4, 2, 2, 12), (12, 2, 2, 12), (12, 2, 2, 12), (12, 2, 2, 12), (12, 2, 2, 12), (12, 2, 2, 12), (12, 2, 2, 12), (12, 2, 2, 12), (12, 2, 2, 4), (4, 2, 2, 1)].
- Lh leg dimensions: [(1, 2, 2, 4), (4, 2, 2, 12), (12, 2, 2, 12), (12, 2, 2, 12), (12, 2, 2, 12), (12, 2, 2, 12), (12, 2, 2, 12), (12, 2, 2, 12), (12, 2, 2, 12), (12, 2, 2, 4), (4, 2, 2, 1)].
- Rh leg dimensions: [(1, 2, 2, 4), (4, 2, 2, 12), (12, 2, 2, 12), (12, 2, 2, 12), (12, 2, 2, 12), (12, 2, 2, 12), (12, 2, 2, 12), (12, 2, 2, 12), (12, 2, 2, 12), (12, 2, 2, 4), (4, 2, 2, 1)].
-> E = <Lh|CC*> + <ALhAL*|CC*|ARhAR*> + <CC*|Rh> = 1.2971289652186762 + 0.9442140449353488 + 2.944518898755283 = 5.185861908909308.
- C_updated leg dimensions: [(1, 2, 2, 4), (4, 2, 2, 12), (12, 2, 2, 12), (12, 2, 2, 12), (12, 2, 2, 12), (12, 2, 2, 12), (12, 2, 2, 12), (12, 2, 2, 12), (12, 2, 2, 12), (12, 2, 2, 4), (4, 2, 2, 1)].
- largest Hermiticity error: 1.1161836874592898e-09.
- maximal number of matvec operations: 31.
-> E_updated = 4.857802263864938.
Orthogonality column 3:
- C leg dimensions: [(1, 2, 2, 4), (4, 2, 2, 12), (12, 2, 2, 12), (12, 2, 2, 12), (12, 2, 2, 12), (12, 2, 2, 12), (12, 2, 2, 12), (12, 2, 2, 12), (12, 2, 2, 12), (12, 2, 2, 4), (4, 2, 2, 1)].
- Lh leg dimensions: [(1, 2, 2, 4), (4, 2, 2, 12), (12, 2, 2, 8), (8, 2, 2, 12), (12, 2, 2, 8), (8, 2, 2, 12), (12, 2, 2, 8), (8, 2, 2, 12), (12, 2, 2, 8), (8, 2, 2, 4), (4, 2, 2, 1)].
- Rh leg dimensions: [(1, 2, 2, 4), (4, 2, 2, 12), (12, 2, 2, 12), (12, 2, 2, 12), (12, 2, 2, 12), (12, 2, 2, 12), (12, 2, 2, 12), (12, 2, 2, 12), (12, 2, 2, 12), (12, 2, 2, 4), (4, 2, 2, 1)].
-> E = <Lh|CC*> + <ALhAL*|CC*|ARhAR*> + <CC*|Rh> = 0.8002318423317683 + 0.6371375993003666 + 3.5335851292041074 = 4.970954570836242.
- C_updated leg dimensions: [(1, 2, 2, 4), (4, 2, 2, 12), (12, 2, 2, 12), (12, 2, 2, 12), (12, 2, 2, 12), (12, 2, 2, 12), (12, 2, 2, 12), (12, 2, 2, 12), (12, 2, 2, 12), (12, 2, 2, 4), (4, 2, 2, 1)].
- largest Hermiticity error: 1.0687193195798016e-09.
- maximal number of matvec operations: 41.
-> E_updated = 4.7465349055026715.
Orthogonality column 2:
- C leg dimensions: [(1, 2, 2, 4), (4, 2, 2, 12), (12, 2, 2, 12), (12, 2, 2, 12), (12, 2, 2, 12), (12, 2, 2, 12), (12, 2, 2, 12), (12, 2, 2, 12), (12, 2, 2, 12), (12, 2, 2, 4), (4, 2, 2, 1)].
- Lh leg dimensions: [(1, 2, 2, 4), (4, 2, 2, 3), (3, 2, 2, 8), (8, 2, 2, 3), (3, 2, 2, 8), (8, 2, 2, 3), (3, 2, 2, 8), (8, 2, 2, 3), (3, 2, 2, 8), (8, 2, 2, 3), (3, 2, 2, 1)].
- Rh leg dimensions: [(1, 2, 2, 4), (4, 2, 2, 12), (12, 2, 2, 12), (12, 2, 2, 12), (12, 2, 2, 12), (12, 2, 2, 12), (12, 2, 2, 12), (12, 2, 2, 12), (12, 2, 2, 12), (12, 2, 2, 4), (4, 2, 2, 1)].
-> E = <Lh|CC*> + <ALhAL*|CC*|ARhAR*> + <CC*|Rh> = 0.6077875333291912 + 0.29331333147212685 + 3.943015803648143 = 4.844116668449461.
- C_updated leg dimensions: [(1, 2, 2, 4), (4, 2, 2, 12), (12, 2, 2, 12), (12, 2, 2, 12), (12, 2, 2, 12), (12, 2, 2, 12), (12, 2, 2, 12), (12, 2, 2, 12), (12, 2, 2, 12), (12, 2, 2, 4), (4, 2, 2, 1)].
- largest Hermiticity error: 1.189195993218878e-08.
- maximal number of matvec operations: 41.
-> E_updated = 4.576524363618085.
Orthogonality column 1:
- C leg dimensions: [(1, 2, 2, 4), (4, 1, 2, 12), (12, 2, 2, 12), (12, 1, 2, 12), (12, 2, 2, 12), (12, 2, 2, 12), (12, 1, 2, 12), (12, 2, 2, 12), (12, 1, 2, 8), (8, 2, 2, 2), (2, 1, 2, 1)].
- Rh leg dimensions: [(1, 2, 2, 4), (4, 2, 2, 12), (12, 2, 2, 12), (12, 2, 2, 12), (12, 2, 2, 12), (12, 2, 2, 12), (12, 2, 2, 12), (12, 2, 2, 12), (12, 2, 2, 12), (12, 2, 2, 4), (4, 2, 2, 1)].
-> E = <Lh|CC*> + <ALhAL*|CC*|ARhAR*> + <CC*|Rh> = None + 0.6009091056589994 + 4.118930555553632 = 4.719839661212632.
- C_updated leg dimensions: [(1, 2, 2, 4), (4, 1, 2, 8), (8, 2, 2, 12), (12, 1, 2, 12), (12, 2, 2, 12), (12, 2, 2, 12), (12, 1, 2, 12), (12, 2, 2, 12), (12, 1, 2, 8), (8, 2, 2, 2), (2, 1, 2, 1)].
- largest Hermiticity error: 3.538174852023996e-07.
- maximal number of matvec operations: 31.
-> E_updated = 4.681605822741749.
Orthogonality column 0:
- C leg dimensions: [(1, 1, 2, 2), (2, 1, 2, 4), (4, 1, 2, 8), (8, 1, 2, 12), (12, 1, 2, 12), (12, 1, 2, 12), (12, 1, 2, 12), (12, 1, 2, 12), (12, 1, 2, 8), (8, 1, 2, 2), (2, 1, 2, 1)].
- Rh leg dimensions: [(1, 2, 2, 4), (4, 2, 2, 12), (12, 2, 2, 12), (12, 2, 2, 12), (12, 2, 2, 12), (12, 2, 2, 12), (12, 2, 2, 12), (12, 2, 2, 12), (12, 2, 2, 12), (12, 2, 2, 4), (4, 2, 2, 1)].
-> E = <Lh|CC*> + <ALhAL*|CC*|ARhAR*> + <CC*|Rh> = None + None + 4.745527390134838 = 4.745527390134838.
- C_updated leg dimensions: [(1, 1, 2, 2), (2, 1, 2, 4), (4, 1, 2, 8), (8, 1, 2, 12), (12, 1, 2, 12), (12, 1, 2, 12), (12, 1, 2, 12), (12, 1, 2, 8), (8, 1, 2, 4), (4, 1, 2, 2), (2, 1, 2, 1)].
- largest Hermiticity error: 1.0470404644462001e-07.
- maximal number of matvec operations: 31.
-> E_updated = 4.742925315830613.
=> <H> - E0 = 4.688915112651301.

DMRGSquared sweep 2 ...
Orthogonality column 0:
- C leg dimensions: [(1, 1, 2, 2), (2, 1, 2, 4), (4, 1, 2, 8), (8, 1, 2, 12), (12, 1, 2, 12), (12, 1, 2, 12), (12, 1, 2, 12), (12, 1, 2, 8), (8, 1, 2, 4), (4, 1, 2, 2), (2, 1, 2, 1)].
- Rh leg dimensions: [(1, 2, 2, 4), (4, 2, 2, 12), (12, 2, 2, 12), (12, 2, 2, 12), (12, 2, 2, 12), (12, 2, 2, 12), (12, 2, 2, 12), (12, 2, 2, 12), (12, 2, 2, 12), (12, 2, 2, 4), (4, 2, 2, 1)].
-> E = <Lh|CC*> + <ALhAL*|CC*|ARhAR*> + <CC*|Rh> = None + None + 4.742925315381031 = 4.742925315381031.
- C_updated leg dimensions: [(1, 1, 2, 2), (2, 1, 2, 4), (4, 1, 2, 8), (8, 1, 2, 12), (12, 1, 2, 12), (12, 1, 2, 12), (12, 1, 2, 12), (12, 1, 2, 8), (8, 1, 2, 4), (4, 1, 2, 2), (2, 1, 2, 1)].
- largest Hermiticity error: 1.3992601398651505e-07.
- maximal number of matvec operations: 21.
-> E_updated = 4.742925315830612.
Orthogonality column 1:
- C leg dimensions: [(1, 2, 2, 2), (2, 1, 2, 4), (4, 2, 2, 8), (8, 1, 2, 12), (12, 2, 2, 12), (12, 2, 2, 12), (12, 1, 2, 12), (12, 2, 2, 8), (8, 1, 2, 4), (4, 2, 2, 2), (2, 1, 2, 1)].
- Rh leg dimensions: [(1, 2, 2, 4), (4, 2, 2, 12), (12, 2, 2, 12), (12, 2, 2, 12), (12, 2, 2, 12), (12, 2, 2, 12), (12, 2, 2, 12), (12, 2, 2, 12), (12, 2, 2, 12), (12, 2, 2, 4), (4, 2, 2, 1)].
-> E = <Lh|CC*> + <ALhAL*|CC*|ARhAR*> + <CC*|Rh> = None + 0.5719308289373062 + 4.162052174940496 = 4.733983003877802.
- C_updated leg dimensions: [(1, 2, 2, 4), (4, 1, 2, 8), (8, 2, 2, 12), (12, 1, 2, 12), (12, 2, 2, 12), (12, 2, 2, 12), (12, 1, 2, 12), (12, 2, 2, 12), (12, 1, 2, 8), (8, 2, 2, 2), (2, 1, 2, 1)].
- largest Hermiticity error: 2.6847630018704357e-07.
- maximal number of matvec operations: 41.
-> E_updated = 4.681605822742825.
Orthogonality column 2:
- C leg dimensions: [(1, 2, 2, 4), (4, 2, 2, 8), (8, 2, 2, 12), (12, 2, 2, 12), (12, 2, 2, 12), (12, 2, 2, 12), (12, 2, 2, 12), (12, 2, 2, 12), (12, 2, 2, 8), (8, 2, 2, 2), (2, 2, 2, 1)].
- Lh leg dimensions: [(1, 2, 2, 4), (4, 2, 2, 3), (3, 2, 2, 8), (8, 2, 2, 3), (3, 2, 2, 8), (8, 2, 2, 3), (3, 2, 2, 8), (8, 2, 2, 3), (3, 2, 2, 8), (8, 2, 2, 3), (3, 2, 2, 1)].
- Rh leg dimensions: [(1, 2, 2, 4), (4, 2, 2, 12), (12, 2, 2, 12), (12, 2, 2, 12), (12, 2, 2, 12), (12, 2, 2, 12), (12, 2, 2, 12), (12, 2, 2, 12), (12, 2, 2, 12), (12, 2, 2, 4), (4, 2, 2, 1)].
-> E = <Lh|CC*> + <ALhAL*|CC*|ARhAR*> + <CC*|Rh> = 0.5555476819419006 + 0.16136985614412042 + 3.953342372539727 = 4.670259910625749.
- C_updated leg dimensions: [(1, 2, 2, 4), (4, 2, 2, 12), (12, 2, 2, 12), (12, 2, 2, 12), (12, 2, 2, 12), (12, 2, 2, 12), (12, 2, 2, 12), (12, 2, 2, 12), (12, 2, 2, 12), (12, 2, 2, 4), (4, 2, 2, 1)].
- largest Hermiticity error: 1.0787315284052152e-08.
- maximal number of matvec operations: 41.
-> E_updated = 4.525115632002326.
Orthogonality column 3:
- C leg dimensions: [(1, 2, 2, 4), (4, 2, 2, 12), (12, 2, 2, 12), (12, 2, 2, 12), (12, 2, 2, 12), (12, 2, 2, 12), (12, 2, 2, 12), (12, 2, 2, 12), (12, 2, 2, 12), (12, 2, 2, 4), (4, 2, 2, 1)].
- Lh leg dimensions: [(1, 2, 2, 4), (4, 2, 2, 12), (12, 2, 2, 8), (8, 2, 2, 12), (12, 2, 2, 8), (8, 2, 2, 12), (12, 2, 2, 8), (8, 2, 2, 12), (12, 2, 2, 8), (8, 2, 2, 4), (4, 2, 2, 1)].
- Rh leg dimensions: [(1, 2, 2, 4), (4, 2, 2, 12), (12, 2, 2, 12), (12, 2, 2, 12), (12, 2, 2, 12), (12, 2, 2, 12), (12, 2, 2, 12), (12, 2, 2, 12), (12, 2, 2, 12), (12, 2, 2, 4), (4, 2, 2, 1)].
-> E = <Lh|CC*> + <ALhAL*|CC*|ARhAR*> + <CC*|Rh> = 0.6874836328333358 + 0.32387226756152687 + 3.5282275637918863 = 4.539583464186749.
- C_updated leg dimensions: [(1, 2, 2, 4), (4, 2, 2, 12), (12, 2, 2, 12), (12, 2, 2, 12), (12, 2, 2, 12), (12, 2, 2, 12), (12, 2, 2, 12), (12, 2, 2, 12), (12, 2, 2, 12), (12, 2, 2, 4), (4, 2, 2, 1)].
- largest Hermiticity error: 8.429765796445925e-10.
- maximal number of matvec operations: 41.
-> E_updated = 4.443010545561781.
Orthogonality column 4:
- C leg dimensions: [(1, 2, 2, 4), (4, 2, 2, 12), (12, 2, 2, 12), (12, 2, 2, 12), (12, 2, 2, 12), (12, 2, 2, 12), (12, 2, 2, 12), (12, 2, 2, 12), (12, 2, 2, 12), (12, 2, 2, 4), (4, 2, 2, 1)].
- Lh leg dimensions: [(1, 2, 2, 4), (4, 2, 2, 12), (12, 2, 2, 12), (12, 2, 2, 12), (12, 2, 2, 12), (12, 2, 2, 12), (12, 2, 2, 12), (12, 2, 2, 12), (12, 2, 2, 12), (12, 2, 2, 4), (4, 2, 2, 1)].
- Rh leg dimensions: [(1, 2, 2, 4), (4, 2, 2, 12), (12, 2, 2, 12), (12, 2, 2, 12), (12, 2, 2, 12), (12, 2, 2, 12), (12, 2, 2, 12), (12, 2, 2, 12), (12, 2, 2, 12), (12, 2, 2, 4), (4, 2, 2, 1)].
-> E = <Lh|CC*> + <ALhAL*|CC*|ARhAR*> + <CC*|Rh> = 0.9578815218707306 + 0.675837750315899 + 2.825570253305486 = 4.459289525492116.
- C_updated leg dimensions: [(1, 2, 2, 4), (4, 2, 2, 12), (12, 2, 2, 12), (12, 2, 2, 12), (12, 2, 2, 12), (12, 2, 2, 12), (12, 2, 2, 12), (12, 2, 2, 12), (12, 2, 2, 12), (12, 2, 2, 4), (4, 2, 2, 1)].
- largest Hermiticity error: 1.2714309816479256e-09.
- maximal number of matvec operations: 41.
-> E_updated = 4.324491574270272.
Orthogonality column 5:
- C leg dimensions: [(1, 2, 2, 4), (4, 2, 2, 12), (12, 2, 2, 12), (12, 2, 2, 12), (12, 2, 2, 12), (12, 2, 2, 12), (12, 2, 2, 12), (12, 2, 2, 12), (12, 2, 2, 12), (12, 2, 2, 4), (4, 2, 2, 1)].
- Lh leg dimensions: [(1, 2, 2, 4), (4, 2, 2, 12), (12, 2, 2, 12), (12, 2, 2, 12), (12, 2, 2, 12), (12, 2, 2, 12), (12, 2, 2, 12), (12, 2, 2, 12), (12, 2, 2, 12), (12, 2, 2, 4), (4, 2, 2, 1)].
- Rh leg dimensions: [(1, 2, 2, 4), (4, 2, 2, 12), (12, 2, 2, 12), (12, 2, 2, 12), (12, 2, 2, 12), (12, 2, 2, 12), (12, 2, 2, 12), (12, 2, 2, 12), (12, 2, 2, 12), (12, 2, 2, 4), (4, 2, 2, 1)].
-> E = <Lh|CC*> + <ALhAL*|CC*|ARhAR*> + <CC*|Rh> = 1.5488289734680467 + 0.5845626765895745 + 2.2366421869861757 = 4.370033837043797.
- C_updated leg dimensions: [(1, 2, 2, 4), (4, 2, 2, 12), (12, 2, 2, 12), (12, 2, 2, 12), (12, 2, 2, 12), (12, 2, 2, 12), (12, 2, 2, 12), (12, 2, 2, 12), (12, 2, 2, 12), (12, 2, 2, 4), (4, 2, 2, 1)].
- largest Hermiticity error: 1.652519106699402e-09.
- maximal number of matvec operations: 41.
-> E_updated = 4.2982685275820005.
Orthogonality column 6:
- C leg dimensions: [(1, 2, 2, 4), (4, 2, 2, 12), (12, 2, 2, 12), (12, 2, 2, 12), (12, 2, 2, 12), (12, 2, 2, 12), (12, 2, 2, 12), (12, 2, 2, 12), (12, 2, 2, 12), (12, 2, 2, 4), (4, 2, 2, 1)].
- Lh leg dimensions: [(1, 2, 2, 4), (4, 2, 2, 12), (12, 2, 2, 12), (12, 2, 2, 12), (12, 2, 2, 12), (12, 2, 2, 12), (12, 2, 2, 12), (12, 2, 2, 12), (12, 2, 2, 12), (12, 2, 2, 4), (4, 2, 2, 1)].
- Rh leg dimensions: [(1, 2, 2, 4), (4, 2, 2, 12), (12, 2, 2, 12), (12, 2, 2, 12), (12, 2, 2, 12), (12, 2, 2, 12), (12, 2, 2, 12), (12, 2, 2, 12), (12, 2, 2, 12), (12, 2, 2, 4), (4, 2, 2, 1)].
-> E = <Lh|CC*> + <ALhAL*|CC*|ARhAR*> + <CC*|Rh> = 2.103022779050492 + 0.9035179620020117 + 1.3181896849131596 = 4.324730425965663.
- C_updated leg dimensions: [(1, 2, 2, 4), (4, 2, 2, 12), (12, 2, 2, 12), (12, 2, 2, 12), (12, 2, 2, 12), (12, 2, 2, 12), (12, 2, 2, 12), (12, 2, 2, 12), (12, 2, 2, 12), (12, 2, 2, 4), (4, 2, 2, 1)].
- largest Hermiticity error: 9.865174007571232e-09.
- maximal number of matvec operations: 41.
-> E_updated = 4.126165431231945.
Orthogonality column 7:
- C leg dimensions: [(1, 2, 2, 4), (4, 2, 2, 12), (12, 2, 2, 12), (12, 2, 2, 12), (12, 2, 2, 12), (12, 2, 2, 12), (12, 2, 2, 12), (12, 2, 2, 12), (12, 2, 2, 12), (12, 2, 2, 4), (4, 2, 2, 1)].
- Lh leg dimensions: [(1, 2, 2, 4), (4, 2, 2, 12), (12, 2, 2, 12), (12, 2, 2, 12), (12, 2, 2, 12), (12, 2, 2, 12), (12, 2, 2, 12), (12, 2, 2, 12), (12, 2, 2, 12), (12, 2, 2, 4), (4, 2, 2, 1)].
- Rh leg dimensions: [(1, 2, 2, 4), (4, 2, 2, 12), (12, 2, 2, 12), (12, 2, 2, 12), (12, 2, 2, 12), (12, 2, 2, 12), (12, 2, 2, 12), (12, 2, 2, 12), (12, 2, 2, 12), (12, 2, 2, 4), (4, 2, 2, 1)].
-> E = <Lh|CC*> + <ALhAL*|CC*|ARhAR*> + <CC*|Rh> = 2.843138582988031 + 0.2643008578440642 + 1.0612158251419581 = 4.168655265974053.
- C_updated leg dimensions: [(1, 2, 2, 4), (4, 2, 2, 12), (12, 2, 2, 12), (12, 2, 2, 12), (12, 2, 2, 12), (12, 2, 2, 12), (12, 2, 2, 12), (12, 2, 2, 12), (12, 2, 2, 12), (12, 2, 2, 4), (4, 2, 2, 1)].
- largest Hermiticity error: 2.1731929452106896e-06.
- maximal number of matvec operations: 41.
-> E_updated = 4.031900214141205.
Orthogonality column 8:
- C leg dimensions: [(1, 2, 2, 4), (4, 2, 2, 12), (12, 2, 2, 12), (12, 2, 2, 12), (12, 2, 2, 12), (12, 2, 2, 12), (12, 2, 2, 12), (12, 2, 2, 12), (12, 2, 2, 12), (12, 2, 2, 4), (4, 2, 2, 1)].
- Lh leg dimensions: [(1, 2, 2, 4), (4, 2, 2, 12), (12, 2, 2, 12), (12, 2, 2, 12), (12, 2, 2, 12), (12, 2, 2, 12), (12, 2, 2, 12), (12, 2, 2, 12), (12, 2, 2, 12), (12, 2, 2, 4), (4, 2, 2, 1)].
- Rh leg dimensions: [(1, 2, 2, 4), (4, 2, 2, 12), (12, 2, 2, 12), (12, 2, 2, 12), (12, 2, 2, 12), (12, 2, 2, 12), (12, 2, 2, 12), (12, 2, 2, 12), (12, 2, 2, 12), (12, 2, 2, 4), (4, 2, 2, 1)].
-> E = <Lh|CC*> + <ALhAL*|CC*|ARhAR*> + <CC*|Rh> = 3.048821586565677 + 0.4302098191333646 + 0.5955538333153731 = 4.074585239014415.
- C_updated leg dimensions: [(1, 2, 2, 4), (4, 2, 2, 12), (12, 2, 2, 12), (12, 2, 2, 12), (12, 2, 2, 12), (12, 2, 2, 12), (12, 2, 2, 12), (12, 2, 2, 12), (12, 2, 2, 12), (12, 2, 2, 4), (4, 2, 2, 1)].
- largest Hermiticity error: 1.0643474061824108e-06.
- maximal number of matvec operations: 41.
-> E_updated = 3.844549995476104.
Orthogonality column 9:
- C leg dimensions: [(1, 2, 2, 4), (4, 2, 2, 12), (12, 2, 2, 12), (12, 2, 2, 12), (12, 2, 2, 12), (12, 2, 2, 12), (12, 2, 2, 12), (12, 2, 2, 12), (12, 2, 2, 12), (12, 2, 2, 4), (4, 2, 2, 1)].
- Lh leg dimensions: [(1, 2, 2, 4), (4, 2, 2, 12), (12, 2, 2, 12), (12, 2, 2, 12), (12, 2, 2, 12), (12, 2, 2, 12), (12, 2, 2, 12), (12, 2, 2, 12), (12, 2, 2, 12), (12, 2, 2, 4), (4, 2, 2, 1)].
- Rh leg dimensions: [(1, 2, 2, 4), (4, 2, 2, 8), (8, 2, 2, 12), (12, 2, 2, 8), (8, 2, 2, 12), (12, 2, 2, 8), (8, 2, 2, 12), (12, 2, 2, 8), (8, 2, 2, 12), (12, 2, 2, 4), (4, 2, 2, 1)].
-> E = <Lh|CC*> + <ALhAL*|CC*|ARhAR*> + <CC*|Rh> = 3.2916340053069106 + 0.06003797002271009 + 0.5571908101574184 = 3.908862785487039.
- C_updated leg dimensions: [(1, 2, 2, 4), (4, 2, 2, 12), (12, 2, 2, 12), (12, 2, 2, 12), (12, 2, 2, 12), (12, 2, 2, 12), (12, 2, 2, 12), (12, 2, 2, 12), (12, 2, 2, 12), (12, 2, 2, 4), (4, 2, 2, 1)].
- largest Hermiticity error: 3.258442076671991e-07.
- maximal number of matvec operations: 41.
-> E_updated = 3.766909593447857.
Orthogonality column 10:
- C leg dimensions: [(1, 2, 2, 4), (4, 2, 2, 12), (12, 2, 2, 12), (12, 2, 2, 12), (12, 2, 2, 12), (12, 2, 2, 12), (12, 2, 2, 12), (12, 2, 2, 12), (12, 2, 2, 12), (12, 2, 2, 4), (4, 2, 2, 1)].
- Lh leg dimensions: [(1, 2, 2, 4), (4, 2, 2, 12), (12, 2, 2, 12), (12, 2, 2, 12), (12, 2, 2, 12), (12, 2, 2, 12), (12, 2, 2, 12), (12, 2, 2, 12), (12, 2, 2, 12), (12, 2, 2, 4), (4, 2, 2, 1)].
- Rh leg dimensions: [(1, 2, 2, 3), (3, 2, 2, 8), (8, 2, 2, 3), (3, 2, 2, 8), (8, 2, 2, 3), (3, 2, 2, 8), (8, 2, 2, 3), (3, 2, 2, 8), (8, 2, 2, 3), (3, 2, 2, 4), (4, 2, 2, 1)].
-> E = <Lh|CC*> + <ALhAL*|CC*|ARhAR*> + <CC*|Rh> = 3.3466495743345988 + 0.011559216468045598 + 0.5005726406679707 = 3.8587814314706153.
- C_updated leg dimensions: [(1, 2, 2, 4), (4, 2, 2, 12), (12, 2, 2, 12), (12, 2, 2, 12), (12, 2, 2, 12), (12, 2, 2, 12), (12, 2, 2, 12), (12, 2, 2, 12), (12, 2, 2, 12), (12, 2, 2, 4), (4, 2, 2, 1)].
- largest Hermiticity error: 1.2479956133096606e-07.
- maximal number of matvec operations: 41.
-> E_updated = 3.790000506461145.
Orthogonality column 11:
- C leg dimensions: [(1, 2, 1, 4), (4, 2, 2, 12), (12, 2, 1, 12), (12, 2, 2, 12), (12, 2, 1, 12), (12, 2, 2, 12), (12, 2, 2, 12), (12, 2, 1, 12), (12, 2, 2, 8), (8, 2, 1, 4), (4, 2, 2, 1)].
- Lh leg dimensions: [(1, 2, 2, 4), (4, 2, 2, 12), (12, 2, 2, 12), (12, 2, 2, 12), (12, 2, 2, 12), (12, 2, 2, 12), (12, 2, 2, 12), (12, 2, 2, 12), (12, 2, 2, 12), (12, 2, 2, 4), (4, 2, 2, 1)].
-> E = <Lh|CC*> + <ALhAL*|CC*|ARhAR*> + <CC*|Rh> = 3.387008909169389 + 0.5046128268245472 + None = 3.8916217359939362.
- C_updated leg dimensions: [(1, 2, 1, 2), (2, 2, 2, 8), (8, 2, 1, 12), (12, 2, 2, 12), (12, 2, 1, 12), (12, 2, 2, 12), (12, 2, 2, 12), (12, 2, 1, 12), (12, 2, 2, 8), (8, 2, 1, 4), (4, 2, 2, 1)].
- largest Hermiticity error: 2.535407384624342e-07.
- maximal number of matvec operations: 31.
-> E_updated = 3.8862329813811294.
Orthogonality column 12:
- C leg dimensions: [(1, 2, 1, 2), (2, 2, 1, 4), (4, 2, 1, 8), (8, 2, 1, 12), (12, 2, 1, 12), (12, 2, 1, 12), (12, 2, 1, 12), (12, 2, 1, 12), (12, 2, 1, 8), (8, 2, 1, 4), (4, 2, 1, 1)].
- Lh leg dimensions: [(1, 2, 2, 4), (4, 2, 2, 12), (12, 2, 2, 12), (12, 2, 2, 12), (12, 2, 2, 12), (12, 2, 2, 12), (12, 2, 2, 12), (12, 2, 2, 12), (12, 2, 2, 12), (12, 2, 2, 4), (4, 2, 2, 1)].
-> E = <Lh|CC*> + <ALhAL*|CC*|ARhAR*> + <CC*|Rh> = 3.9738498573234184 + None + None = 3.9738498573234184.
- C_updated leg dimensions: [(1, 2, 1, 2), (2, 2, 1, 4), (4, 2, 1, 8), (8, 2, 1, 12), (12, 2, 1, 12), (12, 2, 1, 12), (12, 2, 1, 12), (12, 2, 1, 8), (8, 2, 1, 4), (4, 2, 1, 2), (2, 2, 1, 1)].
- largest Hermiticity error: 2.324134261132238e-07.
- maximal number of matvec operations: 31.
-> E_updated = 3.9714510537617302.
Orthogonality column 11:
- C leg dimensions: [(1, 2, 1, 2), (2, 2, 2, 4), (4, 2, 1, 8), (8, 2, 2, 12), (12, 2, 1, 12), (12, 2, 2, 12), (12, 2, 2, 12), (12, 2, 1, 8), (8, 2, 2, 4), (4, 2, 1, 2), (2, 2, 2, 1)].
- Lh leg dimensions: [(1, 2, 2, 4), (4, 2, 2, 12), (12, 2, 2, 12), (12, 2, 2, 12), (12, 2, 2, 12), (12, 2, 2, 12), (12, 2, 2, 12), (12, 2, 2, 12), (12, 2, 2, 12), (12, 2, 2, 4), (4, 2, 2, 1)].
-> E = <Lh|CC*> + <ALhAL*|CC*|ARhAR*> + <CC*|Rh> = 3.4319970904947135 + 0.5273782660383636 + None = 3.959375356533077.
- C_updated leg dimensions: [(1, 2, 1, 2), (2, 2, 2, 8), (8, 2, 1, 12), (12, 2, 2, 12), (12, 2, 1, 12), (12, 2, 2, 12), (12, 2, 2, 12), (12, 2, 1, 12), (12, 2, 2, 8), (8, 2, 1, 4), (4, 2, 2, 1)].
- largest Hermiticity error: 1.3084596275330843e-07.
- maximal number of matvec operations: 31.
-> E_updated = 3.8862329813854437.
Orthogonality column 10:
- C leg dimensions: [(1, 2, 2, 2), (2, 2, 2, 8), (8, 2, 2, 12), (12, 2, 2, 12), (12, 2, 2, 12), (12, 2, 2, 12), (12, 2, 2, 12), (12, 2, 2, 12), (12, 2, 2, 8), (8, 2, 2, 4), (4, 2, 2, 1)].
- Lh leg dimensions: [(1, 2, 2, 4), (4, 2, 2, 12), (12, 2, 2, 12), (12, 2, 2, 12), (12, 2, 2, 12), (12, 2, 2, 12), (12, 2, 2, 12), (12, 2, 2, 12), (12, 2, 2, 12), (12, 2, 2, 4), (4, 2, 2, 1)].
- Rh leg dimensions: [(1, 2, 2, 3), (3, 2, 2, 8), (8, 2, 2, 3), (3, 2, 2, 8), (8, 2, 2, 3), (3, 2, 2, 8), (8, 2, 2, 3), (3, 2, 2, 8), (8, 2, 2, 3), (3, 2, 2, 4), (4, 2, 2, 1)].
-> E = <Lh|CC*> + <ALhAL*|CC*|ARhAR*> + <CC*|Rh> = 3.423302604372659 + -0.03187520571334045 + 0.4959489888348366 = 3.887376387494155.
- C_updated leg dimensions: [(1, 2, 2, 4), (4, 2, 2, 12), (12, 2, 2, 12), (12, 2, 2, 12), (12, 2, 2, 12), (12, 2, 2, 12), (12, 2, 2, 12), (12, 2, 2, 12), (12, 2, 2, 12), (12, 2, 2, 4), (4, 2, 2, 1)].
- largest Hermiticity error: 1.0316970447138495e-07.
- maximal number of matvec operations: 41.
-> E_updated = 3.789386910209136.
Orthogonality column 9:
- C leg dimensions: [(1, 2, 2, 4), (4, 2, 2, 12), (12, 2, 2, 12), (12, 2, 2, 12), (12, 2, 2, 12), (12, 2, 2, 12), (12, 2, 2, 12), (12, 2, 2, 12), (12, 2, 2, 12), (12, 2, 2, 4), (4, 2, 2, 1)].
- Lh leg dimensions: [(1, 2, 2, 4), (4, 2, 2, 12), (12, 2, 2, 12), (12, 2, 2, 12), (12, 2, 2, 12), (12, 2, 2, 12), (12, 2, 2, 12), (12, 2, 2, 12), (12, 2, 2, 12), (12, 2, 2, 4), (4, 2, 2, 1)].
- Rh leg dimensions: [(1, 2, 2, 4), (4, 2, 2, 8), (8, 2, 2, 12), (12, 2, 2, 8), (8, 2, 2, 12), (12, 2, 2, 8), (8, 2, 2, 12), (12, 2, 2, 8), (8, 2, 2, 12), (12, 2, 2, 4), (4, 2, 2, 1)].
-> E = <Lh|CC*> + <ALhAL*|CC*|ARhAR*> + <CC*|Rh> = 3.320694758568693 + 0.06110588603843866 + 0.45204905888298635 = 3.8338497034901176.
- C_updated leg dimensions: [(1, 2, 2, 4), (4, 2, 2, 12), (12, 2, 2, 12), (12, 2, 2, 12), (12, 2, 2, 12), (12, 2, 2, 12), (12, 2, 2, 12), (12, 2, 2, 12), (12, 2, 2, 12), (12, 2, 2, 4), (4, 2, 2, 1)].
- largest Hermiticity error: 3.1943458246840747e-07.
- maximal number of matvec operations: 41.
-> E_updated = 3.7469628108242157.
Orthogonality column 8:
- C leg dimensions: [(1, 2, 2, 4), (4, 2, 2, 12), (12, 2, 2, 12), (12, 2, 2, 12), (12, 2, 2, 12), (12, 2, 2, 12), (12, 2, 2, 12), (12, 2, 2, 12), (12, 2, 2, 12), (12, 2, 2, 4), (4, 2, 2, 1)].
- Lh leg dimensions: [(1, 2, 2, 4), (4, 2, 2, 12), (12, 2, 2, 12), (12, 2, 2, 12), (12, 2, 2, 12), (12, 2, 2, 12), (12, 2, 2, 12), (12, 2, 2, 12), (12, 2, 2, 12), (12, 2, 2, 4), (4, 2, 2, 1)].
- Rh leg dimensions: [(1, 2, 2, 4), (4, 2, 2, 12), (12, 2, 2, 12), (12, 2, 2, 12), (12, 2, 2, 12), (12, 2, 2, 12), (12, 2, 2, 12), (12, 2, 2, 12), (12, 2, 2, 12), (12, 2, 2, 4), (4, 2, 2, 1)].
-> E = <Lh|CC*> + <ALhAL*|CC*|ARhAR*> + <CC*|Rh> = 3.0602471937811604 + 0.211629028112587 + 0.5304558718710646 = 3.802332093764812.
- C_updated leg dimensions: [(1, 2, 2, 4), (4, 2, 2, 12), (12, 2, 2, 12), (12, 2, 2, 12), (12, 2, 2, 12), (12, 2, 2, 12), (12, 2, 2, 12), (12, 2, 2, 12), (12, 2, 2, 12), (12, 2, 2, 4), (4, 2, 2, 1)].
- largest Hermiticity error: 7.370479464966222e-07.
- maximal number of matvec operations: 41.
-> E_updated = 3.7578144197918304.
Orthogonality column 7:
- C leg dimensions: [(1, 2, 2, 4), (4, 2, 2, 12), (12, 2, 2, 12), (12, 2, 2, 12), (12, 2, 2, 12), (12, 2, 2, 12), (12, 2, 2, 12), (12, 2, 2, 12), (12, 2, 2, 12), (12, 2, 2, 4), (4, 2, 2, 1)].
- Lh leg dimensions: [(1, 2, 2, 4), (4, 2, 2, 12), (12, 2, 2, 12), (12, 2, 2, 12), (12, 2, 2, 12), (12, 2, 2, 12), (12, 2, 2, 12), (12, 2, 2, 12), (12, 2, 2, 12), (12, 2, 2, 4), (4, 2, 2, 1)].
- Rh leg dimensions: [(1, 2, 2, 4), (4, 2, 2, 12), (12, 2, 2, 12), (12, 2, 2, 12), (12, 2, 2, 12), (12, 2, 2, 12), (12, 2, 2, 12), (12, 2, 2, 12), (12, 2, 2, 12), (12, 2, 2, 4), (4, 2, 2, 1)].
-> E = <Lh|CC*> + <ALhAL*|CC*|ARhAR*> + <CC*|Rh> = 2.8444560083188 + 0.2710234263752239 + 0.7547901910437698 = 3.8702696257377935.
- C_updated leg dimensions: [(1, 2, 2, 4), (4, 2, 2, 12), (12, 2, 2, 12), (12, 2, 2, 12), (12, 2, 2, 12), (12, 2, 2, 12), (12, 2, 2, 12), (12, 2, 2, 12), (12, 2, 2, 12), (12, 2, 2, 4), (4, 2, 2, 1)].
- largest Hermiticity error: 2.5705585689380746e-06.
- maximal number of matvec operations: 41.
-> E_updated = 3.8205642110006246.
Orthogonality column 6:
- C leg dimensions: [(1, 2, 2, 4), (4, 2, 2, 12), (12, 2, 2, 12), (12, 2, 2, 12), (12, 2, 2, 12), (12, 2, 2, 12), (12, 2, 2, 12), (12, 2, 2, 12), (12, 2, 2, 12), (12, 2, 2, 4), (4, 2, 2, 1)].
- Lh leg dimensions: [(1, 2, 2, 4), (4, 2, 2, 12), (12, 2, 2, 12), (12, 2, 2, 12), (12, 2, 2, 12), (12, 2, 2, 12), (12, 2, 2, 12), (12, 2, 2, 12), (12, 2, 2, 12), (12, 2, 2, 4), (4, 2, 2, 1)].
- Rh leg dimensions: [(1, 2, 2, 4), (4, 2, 2, 12), (12, 2, 2, 12), (12, 2, 2, 12), (12, 2, 2, 12), (12, 2, 2, 12), (12, 2, 2, 12), (12, 2, 2, 12), (12, 2, 2, 12), (12, 2, 2, 4), (4, 2, 2, 1)].
-> E = <Lh|CC*> + <ALhAL*|CC*|ARhAR*> + <CC*|Rh> = 2.1052218131079243 + 0.7167376632285091 + 1.0957851241565815 = 3.917744600493015.
- C_updated leg dimensions: [(1, 2, 2, 4), (4, 2, 2, 12), (12, 2, 2, 12), (12, 2, 2, 12), (12, 2, 2, 12), (12, 2, 2, 12), (12, 2, 2, 12), (12, 2, 2, 12), (12, 2, 2, 12), (12, 2, 2, 4), (4, 2, 2, 1)].
- largest Hermiticity error: 1.1960633693214592e-08.
- maximal number of matvec operations: 41.
-> E_updated = 3.8700861863456653.
Orthogonality column 5:
- C leg dimensions: [(1, 2, 2, 4), (4, 2, 2, 12), (12, 2, 2, 12), (12, 2, 2, 12), (12, 2, 2, 12), (12, 2, 2, 12), (12, 2, 2, 12), (12, 2, 2, 12), (12, 2, 2, 12), (12, 2, 2, 4), (4, 2, 2, 1)].
- Lh leg dimensions: [(1, 2, 2, 4), (4, 2, 2, 12), (12, 2, 2, 12), (12, 2, 2, 12), (12, 2, 2, 12), (12, 2, 2, 12), (12, 2, 2, 12), (12, 2, 2, 12), (12, 2, 2, 12), (12, 2, 2, 4), (4, 2, 2, 1)].
- Rh leg dimensions: [(1, 2, 2, 4), (4, 2, 2, 12), (12, 2, 2, 12), (12, 2, 2, 12), (12, 2, 2, 12), (12, 2, 2, 12), (12, 2, 2, 12), (12, 2, 2, 12), (12, 2, 2, 12), (12, 2, 2, 4), (4, 2, 2, 1)].
-> E = <Lh|CC*> + <ALhAL*|CC*|ARhAR*> + <CC*|Rh> = 1.5701468855542353 + 0.5180567944067667 + 1.8358773021855102 = 3.9240809821465126.
- C_updated leg dimensions: [(1, 2, 2, 4), (4, 2, 2, 12), (12, 2, 2, 12), (12, 2, 2, 12), (12, 2, 2, 12), (12, 2, 2, 12), (12, 2, 2, 12), (12, 2, 2, 12), (12, 2, 2, 12), (12, 2, 2, 4), (4, 2, 2, 1)].
- largest Hermiticity error: 4.0707156929590745e-07.
- maximal number of matvec operations: 41.
-> E_updated = 3.888522153654537.
Orthogonality column 4:
- C leg dimensions: [(1, 2, 2, 4), (4, 2, 2, 12), (12, 2, 2, 12), (12, 2, 2, 12), (12, 2, 2, 12), (12, 2, 2, 12), (12, 2, 2, 12), (12, 2, 2, 12), (12, 2, 2, 12), (12, 2, 2, 4), (4, 2, 2, 1)].
- Lh leg dimensions: [(1, 2, 2, 4), (4, 2, 2, 12), (12, 2, 2, 12), (12, 2, 2, 12), (12, 2, 2, 12), (12, 2, 2, 12), (12, 2, 2, 12), (12, 2, 2, 12), (12, 2, 2, 12), (12, 2, 2, 4), (4, 2, 2, 1)].
- Rh leg dimensions: [(1, 2, 2, 4), (4, 2, 2, 12), (12, 2, 2, 12), (12, 2, 2, 12), (12, 2, 2, 12), (12, 2, 2, 12), (12, 2, 2, 12), (12, 2, 2, 12), (12, 2, 2, 12), (12, 2, 2, 4), (4, 2, 2, 1)].
-> E = <Lh|CC*> + <ALhAL*|CC*|ARhAR*> + <CC*|Rh> = 0.9646509466760211 + 0.5907688692207308 + 2.3905952045763468 = 3.946015020473099.
- C_updated leg dimensions: [(1, 2, 2, 4), (4, 2, 2, 12), (12, 2, 2, 12), (12, 2, 2, 12), (12, 2, 2, 12), (12, 2, 2, 12), (12, 2, 2, 12), (12, 2, 2, 12), (12, 2, 2, 12), (12, 2, 2, 4), (4, 2, 2, 1)].
- largest Hermiticity error: 3.1856671396912134e-06.
- maximal number of matvec operations: 41.
-> E_updated = 3.7717887399501313.
Orthogonality column 3:
- C leg dimensions: [(1, 2, 2, 4), (4, 2, 2, 12), (12, 2, 2, 12), (12, 2, 2, 12), (12, 2, 2, 12), (12, 2, 2, 12), (12, 2, 2, 12), (12, 2, 2, 12), (12, 2, 2, 12), (12, 2, 2, 4), (4, 2, 2, 1)].
- Lh leg dimensions: [(1, 2, 2, 4), (4, 2, 2, 12), (12, 2, 2, 8), (8, 2, 2, 12), (12, 2, 2, 8), (8, 2, 2, 12), (12, 2, 2, 8), (8, 2, 2, 12), (12, 2, 2, 8), (8, 2, 2, 4), (4, 2, 2, 1)].
- Rh leg dimensions: [(1, 2, 2, 4), (4, 2, 2, 12), (12, 2, 2, 12), (12, 2, 2, 12), (12, 2, 2, 12), (12, 2, 2, 12), (12, 2, 2, 12), (12, 2, 2, 12), (12, 2, 2, 12), (12, 2, 2, 4), (4, 2, 2, 1)].
-> E = <Lh|CC*> + <ALhAL*|CC*|ARhAR*> + <CC*|Rh> = 0.7251680014894482 + 0.25321491048594663 + 2.888011935046341 = 3.866394847021736.
- C_updated leg dimensions: [(1, 2, 2, 4), (4, 2, 2, 12), (12, 2, 2, 12), (12, 2, 2, 12), (12, 2, 2, 12), (12, 2, 2, 12), (12, 2, 2, 12), (12, 2, 2, 12), (12, 2, 2, 12), (12, 2, 2, 4), (4, 2, 2, 1)].
- largest Hermiticity error: 4.139740087283816e-06.
- maximal number of matvec operations: 41.
-> E_updated = 3.7492089911846804.
Orthogonality column 2:
- C leg dimensions: [(1, 2, 2, 4), (4, 2, 2, 12), (12, 2, 2, 12), (12, 2, 2, 12), (12, 2, 2, 12), (12, 2, 2, 12), (12, 2, 2, 12), (12, 2, 2, 12), (12, 2, 2, 12), (12, 2, 2, 4), (4, 2, 2, 1)].
- Lh leg dimensions: [(1, 2, 2, 4), (4, 2, 2, 3), (3, 2, 2, 8), (8, 2, 2, 3), (3, 2, 2, 8), (8, 2, 2, 3), (3, 2, 2, 8), (8, 2, 2, 3), (3, 2, 2, 8), (8, 2, 2, 3), (3, 2, 2, 1)].
- Rh leg dimensions: [(1, 2, 2, 4), (4, 2, 2, 12), (12, 2, 2, 12), (12, 2, 2, 12), (12, 2, 2, 12), (12, 2, 2, 12), (12, 2, 2, 12), (12, 2, 2, 12), (12, 2, 2, 12), (12, 2, 2, 4), (4, 2, 2, 1)].
-> E = <Lh|CC*> + <ALhAL*|CC*|ARhAR*> + <CC*|Rh> = 0.5451740003367241 + 0.1977764504504055 + 3.0886509679795666 = 3.831601418766696.
- C_updated leg dimensions: [(1, 2, 2, 4), (4, 2, 2, 12), (12, 2, 2, 12), (12, 2, 2, 12), (12, 2, 2, 12), (12, 2, 2, 12), (12, 2, 2, 12), (12, 2, 2, 12), (12, 2, 2, 12), (12, 2, 2, 4), (4, 2, 2, 1)].
- largest Hermiticity error: 2.6977349887035023e-06.
- maximal number of matvec operations: 41.
-> E_updated = 3.670880989218797.
Orthogonality column 1:
- C leg dimensions: [(1, 2, 2, 4), (4, 1, 2, 12), (12, 2, 2, 12), (12, 1, 2, 12), (12, 2, 2, 12), (12, 2, 2, 12), (12, 1, 2, 12), (12, 2, 2, 12), (12, 1, 2, 8), (8, 2, 2, 2), (2, 1, 2, 1)].
- Rh leg dimensions: [(1, 2, 2, 4), (4, 2, 2, 12), (12, 2, 2, 12), (12, 2, 2, 12), (12, 2, 2, 12), (12, 2, 2, 12), (12, 2, 2, 12), (12, 2, 2, 12), (12, 2, 2, 12), (12, 2, 2, 4), (4, 2, 2, 1)].
-> E = <Lh|CC*> + <ALhAL*|CC*|ARhAR*> + <CC*|Rh> = None + 0.5895014592612122 + 3.189655776629642 = 3.779157235890854.
- C_updated leg dimensions: [(1, 2, 2, 4), (4, 1, 2, 8), (8, 2, 2, 12), (12, 1, 2, 12), (12, 2, 2, 12), (12, 2, 2, 12), (12, 1, 2, 12), (12, 2, 2, 12), (12, 1, 2, 8), (8, 2, 2, 2), (2, 1, 2, 1)].
- largest Hermiticity error: 1.1287480162560295e-05.
- maximal number of matvec operations: 41.
-> E_updated = 3.665492796643257.
Orthogonality column 0:
- C leg dimensions: [(1, 1, 2, 2), (2, 1, 2, 4), (4, 1, 2, 8), (8, 1, 2, 12), (12, 1, 2, 12), (12, 1, 2, 12), (12, 1, 2, 12), (12, 1, 2, 12), (12, 1, 2, 8), (8, 1, 2, 2), (2, 1, 2, 1)].
- Rh leg dimensions: [(1, 2, 2, 4), (4, 2, 2, 12), (12, 2, 2, 12), (12, 2, 2, 12), (12, 2, 2, 12), (12, 2, 2, 12), (12, 2, 2, 12), (12, 2, 2, 12), (12, 2, 2, 12), (12, 2, 2, 4), (4, 2, 2, 1)].
-> E = <Lh|CC*> + <ALhAL*|CC*|ARhAR*> + <CC*|Rh> = None + None + 3.7998642196469823 = 3.7998642196469823.
- C_updated leg dimensions: [(1, 1, 2, 2), (2, 1, 2, 4), (4, 1, 2, 8), (8, 1, 2, 12), (12, 1, 2, 12), (12, 1, 2, 12), (12, 1, 2, 12), (12, 1, 2, 8), (8, 1, 2, 4), (4, 1, 2, 2), (2, 1, 2, 1)].
- largest Hermiticity error: 5.55681078945204e-07.
- maximal number of matvec operations: 31.
-> E_updated = 3.780764569148235.
=> <H> - E0 = 3.7483112653762305.

DMRGSquared sweep 3 ...
Orthogonality column 0:
- C leg dimensions: [(1, 1, 2, 2), (2, 1, 2, 4), (4, 1, 2, 8), (8, 1, 2, 12), (12, 1, 2, 12), (12, 1, 2, 12), (12, 1, 2, 12), (12, 1, 2, 8), (8, 1, 2, 4), (4, 1, 2, 2), (2, 1, 2, 1)].
- Rh leg dimensions: [(1, 2, 2, 4), (4, 2, 2, 12), (12, 2, 2, 12), (12, 2, 2, 12), (12, 2, 2, 12), (12, 2, 2, 12), (12, 2, 2, 12), (12, 2, 2, 12), (12, 2, 2, 12), (12, 2, 2, 4), (4, 2, 2, 1)].
-> E = <Lh|CC*> + <ALhAL*|CC*|ARhAR*> + <CC*|Rh> = None + None + 3.780764563590956 = 3.780764563590956.
- C_updated leg dimensions: [(1, 1, 2, 2), (2, 1, 2, 4), (4, 1, 2, 8), (8, 1, 2, 12), (12, 1, 2, 12), (12, 1, 2, 12), (12, 1, 2, 12), (12, 1, 2, 8), (8, 1, 2, 4), (4, 1, 2, 2), (2, 1, 2, 1)].
- largest Hermiticity error: 4.508640178911882e-07.
- maximal number of matvec operations: 21.
-> E_updated = 3.780764569148229.
Orthogonality column 1:
- C leg dimensions: [(1, 2, 2, 2), (2, 1, 2, 4), (4, 2, 2, 8), (8, 1, 2, 12), (12, 2, 2, 12), (12, 2, 2, 12), (12, 1, 2, 12), (12, 2, 2, 8), (8, 1, 2, 4), (4, 2, 2, 2), (2, 1, 2, 1)].
- Rh leg dimensions: [(1, 2, 2, 4), (4, 2, 2, 12), (12, 2, 2, 12), (12, 2, 2, 12), (12, 2, 2, 12), (12, 2, 2, 12), (12, 2, 2, 12), (12, 2, 2, 12), (12, 2, 2, 12), (12, 2, 2, 4), (4, 2, 2, 1)].
-> E = <Lh|CC*> + <ALhAL*|CC*|ARhAR*> + <CC*|Rh> = None + 0.4682295441174428 + 3.305274631459864 = 3.773504175577307.
- C_updated leg dimensions: [(1, 2, 2, 4), (4, 1, 2, 8), (8, 2, 2, 12), (12, 1, 2, 12), (12, 2, 2, 12), (12, 2, 2, 12), (12, 1, 2, 12), (12, 2, 2, 12), (12, 1, 2, 8), (8, 2, 2, 2), (2, 1, 2, 1)].
- largest Hermiticity error: 3.497824315206075e-06.
- maximal number of matvec operations: 41.
-> E_updated = 3.6654927966115336.
Orthogonality column 2:
- C leg dimensions: [(1, 2, 2, 4), (4, 2, 2, 8), (8, 2, 2, 12), (12, 2, 2, 12), (12, 2, 2, 12), (12, 2, 2, 12), (12, 2, 2, 12), (12, 2, 2, 12), (12, 2, 2, 8), (8, 2, 2, 2), (2, 2, 2, 1)].
- Lh leg dimensions: [(1, 2, 2, 4), (4, 2, 2, 3), (3, 2, 2, 8), (8, 2, 2, 3), (3, 2, 2, 8), (8, 2, 2, 3), (3, 2, 2, 8), (8, 2, 2, 3), (3, 2, 2, 8), (8, 2, 2, 3), (3, 2, 2, 1)].
- Rh leg dimensions: [(1, 2, 2, 4), (4, 2, 2, 12), (12, 2, 2, 12), (12, 2, 2, 12), (12, 2, 2, 12), (12, 2, 2, 12), (12, 2, 2, 12), (12, 2, 2, 12), (12, 2, 2, 12), (12, 2, 2, 4), (4, 2, 2, 1)].
-> E = <Lh|CC*> + <ALhAL*|CC*|ARhAR*> + <CC*|Rh> = 0.44384828533758147 + 0.05212469307449969 + 3.166035184675764 = 3.662008163087845.
- C_updated leg dimensions: [(1, 2, 2, 4), (4, 2, 2, 12), (12, 2, 2, 12), (12, 2, 2, 12), (12, 2, 2, 12), (12, 2, 2, 12), (12, 2, 2, 12), (12, 2, 2, 12), (12, 2, 2, 12), (12, 2, 2, 4), (4, 2, 2, 1)].
- largest Hermiticity error: 4.034279783719244e-06.
- maximal number of matvec operations: 41.
-> E_updated = 3.559087628783242.
Orthogonality column 3:
- C leg dimensions: [(1, 2, 2, 4), (4, 2, 2, 12), (12, 2, 2, 12), (12, 2, 2, 12), (12, 2, 2, 12), (12, 2, 2, 12), (12, 2, 2, 12), (12, 2, 2, 12), (12, 2, 2, 12), (12, 2, 2, 4), (4, 2, 2, 1)].
- Lh leg dimensions: [(1, 2, 2, 4), (4, 2, 2, 12), (12, 2, 2, 8), (8, 2, 2, 12), (12, 2, 2, 8), (8, 2, 2, 12), (12, 2, 2, 8), (8, 2, 2, 12), (12, 2, 2, 8), (8, 2, 2, 4), (4, 2, 2, 1)].
- Rh leg dimensions: [(1, 2, 2, 4), (4, 2, 2, 12), (12, 2, 2, 12), (12, 2, 2, 12), (12, 2, 2, 12), (12, 2, 2, 12), (12, 2, 2, 12), (12, 2, 2, 12), (12, 2, 2, 12), (12, 2, 2, 4), (4, 2, 2, 1)].
-> E = <Lh|CC*> + <ALhAL*|CC*|ARhAR*> + <CC*|Rh> = 0.45314086485123484 + 0.29297489951864725 + 2.864096426981041 = 3.6102121913509233.
- C_updated leg dimensions: [(1, 2, 2, 4), (4, 2, 2, 12), (12, 2, 2, 12), (12, 2, 2, 12), (12, 2, 2, 12), (12, 2, 2, 12), (12, 2, 2, 12), (12, 2, 2, 12), (12, 2, 2, 12), (12, 2, 2, 4), (4, 2, 2, 1)].
- largest Hermiticity error: 4.776737406479978e-06.
- maximal number of matvec operations: 41.
-> E_updated = 3.543573533938444.
Orthogonality column 4:
- C leg dimensions: [(1, 2, 2, 4), (4, 2, 2, 12), (12, 2, 2, 12), (12, 2, 2, 12), (12, 2, 2, 12), (12, 2, 2, 12), (12, 2, 2, 12), (12, 2, 2, 12), (12, 2, 2, 12), (12, 2, 2, 4), (4, 2, 2, 1)].
- Lh leg dimensions: [(1, 2, 2, 4), (4, 2, 2, 12), (12, 2, 2, 12), (12, 2, 2, 12), (12, 2, 2, 12), (12, 2, 2, 12), (12, 2, 2, 12), (12, 2, 2, 12), (12, 2, 2, 12), (12, 2, 2, 4), (4, 2, 2, 1)].
- Rh leg dimensions: [(1, 2, 2, 4), (4, 2, 2, 12), (12, 2, 2, 12), (12, 2, 2, 12), (12, 2, 2, 12), (12, 2, 2, 12), (12, 2, 2, 12), (12, 2, 2, 12), (12, 2, 2, 12), (12, 2, 2, 4), (4, 2, 2, 1)].
-> E = <Lh|CC*> + <ALhAL*|CC*|ARhAR*> + <CC*|Rh> = 0.7380258146606214 + 0.4194846258725741 + 2.4291621735240647 = 3.5866726140572602.
- C_updated leg dimensions: [(1, 2, 2, 4), (4, 2, 2, 12), (12, 2, 2, 12), (12, 2, 2, 12), (12, 2, 2, 12), (12, 2, 2, 12), (12, 2, 2, 12), (12, 2, 2, 12), (12, 2, 2, 12), (12, 2, 2, 4), (4, 2, 2, 1)].
- largest Hermiticity error: 4.144274869595801e-06.
- maximal number of matvec operations: 41.
-> E_updated = 3.48273109883821.
Orthogonality column 5:
- C leg dimensions: [(1, 2, 2, 4), (4, 2, 2, 12), (12, 2, 2, 12), (12, 2, 2, 12), (12, 2, 2, 12), (12, 2, 2, 12), (12, 2, 2, 12), (12, 2, 2, 12), (12, 2, 2, 12), (12, 2, 2, 4), (4, 2, 2, 1)].
- Lh leg dimensions: [(1, 2, 2, 4), (4, 2, 2, 12), (12, 2, 2, 12), (12, 2, 2, 12), (12, 2, 2, 12), (12, 2, 2, 12), (12, 2, 2, 12), (12, 2, 2, 12), (12, 2, 2, 12), (12, 2, 2, 4), (4, 2, 2, 1)].
- Rh leg dimensions: [(1, 2, 2, 4), (4, 2, 2, 12), (12, 2, 2, 12), (12, 2, 2, 12), (12, 2, 2, 12), (12, 2, 2, 12), (12, 2, 2, 12), (12, 2, 2, 12), (12, 2, 2, 12), (12, 2, 2, 4), (4, 2, 2, 1)].
-> E = <Lh|CC*> + <ALhAL*|CC*|ARhAR*> + <CC*|Rh> = 1.1407347128278098 + 0.5567453956779869 + 1.8655662590322493 = 3.563046367538046.
- C_updated leg dimensions: [(1, 2, 2, 4), (4, 2, 2, 12), (12, 2, 2, 12), (12, 2, 2, 12), (12, 2, 2, 12), (12, 2, 2, 12), (12, 2, 2, 12), (12, 2, 2, 12), (12, 2, 2, 12), (12, 2, 2, 4), (4, 2, 2, 1)].
- largest Hermiticity error: 3.3906151272618204e-07.
- maximal number of matvec operations: 41.
-> E_updated = 3.5016099773228744.
Orthogonality column 6:
- C leg dimensions: [(1, 2, 2, 4), (4, 2, 2, 12), (12, 2, 2, 12), (12, 2, 2, 12), (12, 2, 2, 12), (12, 2, 2, 12), (12, 2, 2, 12), (12, 2, 2, 12), (12, 2, 2, 12), (12, 2, 2, 4), (4, 2, 2, 1)].
- Lh leg dimensions: [(1, 2, 2, 4), (4, 2, 2, 12), (12, 2, 2, 12), (12, 2, 2, 12), (12, 2, 2, 12), (12, 2, 2, 12), (12, 2, 2, 12), (12, 2, 2, 12), (12, 2, 2, 12), (12, 2, 2, 4), (4, 2, 2, 1)].
- Rh leg dimensions: [(1, 2, 2, 4), (4, 2, 2, 12), (12, 2, 2, 12), (12, 2, 2, 12), (12, 2, 2, 12), (12, 2, 2, 12), (12, 2, 2, 12), (12, 2, 2, 12), (12, 2, 2, 12), (12, 2, 2, 4), (4, 2, 2, 1)].
-> E = <Lh|CC*> + <ALhAL*|CC*|ARhAR*> + <CC*|Rh> = 1.7357980131168969 + 0.6623186970997721 + 1.1545307335302009 = 3.55264744374687.
- C_updated leg dimensions: [(1, 2, 2, 4), (4, 2, 2, 12), (12, 2, 2, 12), (12, 2, 2, 12), (12, 2, 2, 12), (12, 2, 2, 12), (12, 2, 2, 12), (12, 2, 2, 12), (12, 2, 2, 12), (12, 2, 2, 4), (4, 2, 2, 1)].
- largest Hermiticity error: 8.802738159872467e-10.
- maximal number of matvec operations: 41.
-> E_updated = 3.4824780936890534.
Orthogonality column 7:
- C leg dimensions: [(1, 2, 2, 4), (4, 2, 2, 12), (12, 2, 2, 12), (12, 2, 2, 12), (12, 2, 2, 12), (12, 2, 2, 12), (12, 2, 2, 12), (12, 2, 2, 12), (12, 2, 2, 12), (12, 2, 2, 4), (4, 2, 2, 1)].
- Lh leg dimensions: [(1, 2, 2, 4), (4, 2, 2, 12), (12, 2, 2, 12), (12, 2, 2, 12), (12, 2, 2, 12), (12, 2, 2, 12), (12, 2, 2, 12), (12, 2, 2, 12), (12, 2, 2, 12), (12, 2, 2, 4), (4, 2, 2, 1)].
- Rh leg dimensions: [(1, 2, 2, 4), (4, 2, 2, 12), (12, 2, 2, 12), (12, 2, 2, 12), (12, 2, 2, 12), (12, 2, 2, 12), (12, 2, 2, 12), (12, 2, 2, 12), (12, 2, 2, 12), (12, 2, 2, 4), (4, 2, 2, 1)].
-> E = <Lh|CC*> + <ALhAL*|CC*|ARhAR*> + <CC*|Rh> = 2.5032746721126578 + 0.2839636665860118 + 0.8060693751901706 = 3.59330771388884.
- C_updated leg dimensions: [(1, 2, 2, 4), (4, 2, 2, 12), (12, 2, 2, 12), (12, 2, 2, 12), (12, 2, 2, 12), (12, 2, 2, 12), (12, 2, 2, 12), (12, 2, 2, 12), (12, 2, 2, 12), (12, 2, 2, 4), (4, 2, 2, 1)].
- largest Hermiticity error: 9.416040551306931e-08.
- maximal number of matvec operations: 41.
-> E_updated = 3.4622836798721766.
Orthogonality column 8:
- C leg dimensions: [(1, 2, 2, 4), (4, 2, 2, 12), (12, 2, 2, 12), (12, 2, 2, 12), (12, 2, 2, 12), (12, 2, 2, 12), (12, 2, 2, 12), (12, 2, 2, 12), (12, 2, 2, 12), (12, 2, 2, 4), (4, 2, 2, 1)].
- Lh leg dimensions: [(1, 2, 2, 4), (4, 2, 2, 12), (12, 2, 2, 12), (12, 2, 2, 12), (12, 2, 2, 12), (12, 2, 2, 12), (12, 2, 2, 12), (12, 2, 2, 12), (12, 2, 2, 12), (12, 2, 2, 4), (4, 2, 2, 1)].
- Rh leg dimensions: [(1, 2, 2, 4), (4, 2, 2, 12), (12, 2, 2, 12), (12, 2, 2, 12), (12, 2, 2, 12), (12, 2, 2, 12), (12, 2, 2, 12), (12, 2, 2, 12), (12, 2, 2, 12), (12, 2, 2, 4), (4, 2, 2, 1)].
-> E = <Lh|CC*> + <ALhAL*|CC*|ARhAR*> + <CC*|Rh> = 2.717500941252593 + 0.1666100877644644 + 0.5890396201802907 = 3.4731506491973483.
- C_updated leg dimensions: [(1, 2, 2, 4), (4, 2, 2, 12), (12, 2, 2, 12), (12, 2, 2, 12), (12, 2, 2, 12), (12, 2, 2, 12), (12, 2, 2, 12), (12, 2, 2, 12), (12, 2, 2, 12), (12, 2, 2, 4), (4, 2, 2, 1)].
- largest Hermiticity error: 0.000340236654470556.
- maximal number of matvec operations: 41.
-> E_updated = 3.36162484709414.
Orthogonality column 9:
- C leg dimensions: [(1, 2, 2, 4), (4, 2, 2, 12), (12, 2, 2, 12), (12, 2, 2, 12), (12, 2, 2, 12), (12, 2, 2, 12), (12, 2, 2, 12), (12, 2, 2, 12), (12, 2, 2, 12), (12, 2, 2, 4), (4, 2, 2, 1)].
- Lh leg dimensions: [(1, 2, 2, 4), (4, 2, 2, 12), (12, 2, 2, 12), (12, 2, 2, 12), (12, 2, 2, 12), (12, 2, 2, 12), (12, 2, 2, 12), (12, 2, 2, 12), (12, 2, 2, 12), (12, 2, 2, 4), (4, 2, 2, 1)].
- Rh leg dimensions: [(1, 2, 2, 4), (4, 2, 2, 8), (8, 2, 2, 12), (12, 2, 2, 8), (8, 2, 2, 12), (12, 2, 2, 8), (8, 2, 2, 12), (12, 2, 2, 8), (8, 2, 2, 12), (12, 2, 2, 4), (4, 2, 2, 1)].
-> E = <Lh|CC*> + <ALhAL*|CC*|ARhAR*> + <CC*|Rh> = 2.907255225632539 + 0.06652781053166741 + 0.5006472898546628 = 3.474430326018869.
- C_updated leg dimensions: [(1, 2, 2, 4), (4, 2, 2, 12), (12, 2, 2, 12), (12, 2, 2, 12), (12, 2, 2, 12), (12, 2, 2, 12), (12, 2, 2, 12), (12, 2, 2, 12), (12, 2, 2, 12), (12, 2, 2, 4), (4, 2, 2, 1)].
- largest Hermiticity error: 5.958428367001087e-05.
- maximal number of matvec operations: 41.
-> E_updated = 3.385621133740761.
Orthogonality column 10:
- C leg dimensions: [(1, 2, 2, 4), (4, 2, 2, 12), (12, 2, 2, 12), (12, 2, 2, 12), (12, 2, 2, 12), (12, 2, 2, 12), (12, 2, 2, 12), (12, 2, 2, 12), (12, 2, 2, 12), (12, 2, 2, 4), (4, 2, 2, 1)].
- Lh leg dimensions: [(1, 2, 2, 4), (4, 2, 2, 12), (12, 2, 2, 12), (12, 2, 2, 12), (12, 2, 2, 12), (12, 2, 2, 12), (12, 2, 2, 12), (12, 2, 2, 12), (12, 2, 2, 12), (12, 2, 2, 4), (4, 2, 2, 1)].
- Rh leg dimensions: [(1, 2, 2, 3), (3, 2, 2, 8), (8, 2, 2, 3), (3, 2, 2, 8), (8, 2, 2, 3), (3, 2, 2, 8), (8, 2, 2, 3), (3, 2, 2, 8), (8, 2, 2, 3), (3, 2, 2, 4), (4, 2, 2, 1)].
-> E = <Lh|CC*> + <ALhAL*|CC*|ARhAR*> + <CC*|Rh> = 3.0408151961395324 + -0.012476622102852187 + 0.5053957155234801 = 3.5337342895601602.
- C_updated leg dimensions: [(1, 2, 2, 4), (4, 2, 2, 12), (12, 2, 2, 12), (12, 2, 2, 12), (12, 2, 2, 12), (12, 2, 2, 12), (12, 2, 2, 12), (12, 2, 2, 12), (12, 2, 2, 12), (12, 2, 2, 4), (4, 2, 2, 1)].
- largest Hermiticity error: 8.816375877894827e-06.
- maximal number of matvec operations: 41.
-> E_updated = 3.4527624129538097.
Orthogonality column 11:
- C leg dimensions: [(1, 2, 1, 4), (4, 2, 2, 12), (12, 2, 1, 12), (12, 2, 2, 12), (12, 2, 1, 12), (12, 2, 2, 12), (12, 2, 2, 12), (12, 2, 1, 12), (12, 2, 2, 8), (8, 2, 1, 4), (4, 2, 2, 1)].
- Lh leg dimensions: [(1, 2, 2, 4), (4, 2, 2, 12), (12, 2, 2, 12), (12, 2, 2, 12), (12, 2, 2, 12), (12, 2, 2, 12), (12, 2, 2, 12), (12, 2, 2, 12), (12, 2, 2, 12), (12, 2, 2, 4), (4, 2, 2, 1)].
-> E = <Lh|CC*> + <ALhAL*|CC*|ARhAR*> + <CC*|Rh> = 3.03586855149803 + 0.507512196684837 + None = 3.543380748182867.
- C_updated leg dimensions: [(1, 2, 1, 2), (2, 2, 2, 8), (8, 2, 1, 12), (12, 2, 2, 12), (12, 2, 1, 12), (12, 2, 2, 12), (12, 2, 2, 12), (12, 2, 1, 12), (12, 2, 2, 8), (8, 2, 1, 4), (4, 2, 2, 1)].
- largest Hermiticity error: 1.682973317209152e-05.
- maximal number of matvec operations: 31.
-> E_updated = 3.53909767951494.
Orthogonality column 12:
- C leg dimensions: [(1, 2, 1, 2), (2, 2, 1, 4), (4, 2, 1, 8), (8, 2, 1, 12), (12, 2, 1, 12), (12, 2, 1, 12), (12, 2, 1, 12), (12, 2, 1, 12), (12, 2, 1, 8), (8, 2, 1, 4), (4, 2, 1, 1)].
- Lh leg dimensions: [(1, 2, 2, 4), (4, 2, 2, 12), (12, 2, 2, 12), (12, 2, 2, 12), (12, 2, 2, 12), (12, 2, 2, 12), (12, 2, 2, 12), (12, 2, 2, 12), (12, 2, 2, 12), (12, 2, 2, 4), (4, 2, 2, 1)].
-> E = <Lh|CC*> + <ALhAL*|CC*|ARhAR*> + <CC*|Rh> = 3.589623186941189 + None + None = 3.589623186941189.
- C_updated leg dimensions: [(1, 2, 1, 2), (2, 2, 1, 4), (4, 2, 1, 8), (8, 2, 1, 12), (12, 2, 1, 12), (12, 2, 1, 12), (12, 2, 1, 12), (12, 2, 1, 8), (8, 2, 1, 4), (4, 2, 1, 2), (2, 2, 1, 1)].
- largest Hermiticity error: 4.240336426951333e-06.
- maximal number of matvec operations: 31.
-> E_updated = 3.5880739575348453.
Orthogonality column 11:
- C leg dimensions: [(1, 2, 1, 2), (2, 2, 2, 4), (4, 2, 1, 8), (8, 2, 2, 12), (12, 2, 1, 12), (12, 2, 2, 12), (12, 2, 2, 12), (12, 2, 1, 8), (8, 2, 2, 4), (4, 2, 1, 2), (2, 2, 2, 1)].
- Lh leg dimensions: [(1, 2, 2, 4), (4, 2, 2, 12), (12, 2, 2, 12), (12, 2, 2, 12), (12, 2, 2, 12), (12, 2, 2, 12), (12, 2, 2, 12), (12, 2, 2, 12), (12, 2, 2, 12), (12, 2, 2, 4), (4, 2, 2, 1)].
-> E = <Lh|CC*> + <ALhAL*|CC*|ARhAR*> + <CC*|Rh> = 3.060159020919614 + 0.5253908575937615 + None = 3.5855498785133757.
- C_updated leg dimensions: [(1, 2, 1, 2), (2, 2, 2, 8), (8, 2, 1, 12), (12, 2, 2, 12), (12, 2, 1, 12), (12, 2, 2, 12), (12, 2, 2, 12), (12, 2, 1, 12), (12, 2, 2, 8), (8, 2, 1, 4), (4, 2, 2, 1)].
- largest Hermiticity error: 1.049165177789207e-05.
- maximal number of matvec operations: 41.
-> E_updated = 3.5390976795149336.
Orthogonality column 10:
- C leg dimensions: [(1, 2, 2, 2), (2, 2, 2, 8), (8, 2, 2, 12), (12, 2, 2, 12), (12, 2, 2, 12), (12, 2, 2, 12), (12, 2, 2, 12), (12, 2, 2, 12), (12, 2, 2, 8), (8, 2, 2, 4), (4, 2, 2, 1)].
- Lh leg dimensions: [(1, 2, 2, 4), (4, 2, 2, 12), (12, 2, 2, 12), (12, 2, 2, 12), (12, 2, 2, 12), (12, 2, 2, 12), (12, 2, 2, 12), (12, 2, 2, 12), (12, 2, 2, 12), (12, 2, 2, 4), (4, 2, 2, 1)].
- Rh leg dimensions: [(1, 2, 2, 3), (3, 2, 2, 8), (8, 2, 2, 3), (3, 2, 2, 8), (8, 2, 2, 3), (3, 2, 2, 8), (8, 2, 2, 3), (3, 2, 2, 8), (8, 2, 2, 3), (3, 2, 2, 4), (4, 2, 2, 1)].
-> E = <Lh|CC*> + <ALhAL*|CC*|ARhAR*> + <CC*|Rh> = 3.1090285106599196 + -0.06839464744866783 + 0.4997648969124465 = 3.5403987601236984.
- C_updated leg dimensions: [(1, 2, 2, 4), (4, 2, 2, 12), (12, 2, 2, 12), (12, 2, 2, 12), (12, 2, 2, 12), (12, 2, 2, 12), (12, 2, 2, 12), (12, 2, 2, 12), (12, 2, 2, 12), (12, 2, 2, 4), (4, 2, 2, 1)].
- largest Hermiticity error: 1.3646339099038479e-05.
- maximal number of matvec operations: 41.
-> E_updated = 3.4524889204150364.
Orthogonality column 9:
- C leg dimensions: [(1, 2, 2, 4), (4, 2, 2, 12), (12, 2, 2, 12), (12, 2, 2, 12), (12, 2, 2, 12), (12, 2, 2, 12), (12, 2, 2, 12), (12, 2, 2, 12), (12, 2, 2, 12), (12, 2, 2, 4), (4, 2, 2, 1)].
- Lh leg dimensions: [(1, 2, 2, 4), (4, 2, 2, 12), (12, 2, 2, 12), (12, 2, 2, 12), (12, 2, 2, 12), (12, 2, 2, 12), (12, 2, 2, 12), (12, 2, 2, 12), (12, 2, 2, 12), (12, 2, 2, 4), (4, 2, 2, 1)].
- Rh leg dimensions: [(1, 2, 2, 4), (4, 2, 2, 8), (8, 2, 2, 12), (12, 2, 2, 8), (8, 2, 2, 12), (12, 2, 2, 8), (8, 2, 2, 12), (12, 2, 2, 8), (8, 2, 2, 12), (12, 2, 2, 4), (4, 2, 2, 1)].
-> E = <Lh|CC*> + <ALhAL*|CC*|ARhAR*> + <CC*|Rh> = 2.9531464319886904 + 0.11198516641239545 + 0.43536699610322693 = 3.5004985945043128.
- C_updated leg dimensions: [(1, 2, 2, 4), (4, 2, 2, 12), (12, 2, 2, 12), (12, 2, 2, 12), (12, 2, 2, 12), (12, 2, 2, 12), (12, 2, 2, 12), (12, 2, 2, 12), (12, 2, 2, 12), (12, 2, 2, 4), (4, 2, 2, 1)].
- largest Hermiticity error: 4.9061055204162635e-05.
- maximal number of matvec operations: 41.
-> E_updated = 3.3597685351089215.
Orthogonality column 8:
- C leg dimensions: [(1, 2, 2, 4), (4, 2, 2, 12), (12, 2, 2, 12), (12, 2, 2, 12), (12, 2, 2, 12), (12, 2, 2, 12), (12, 2, 2, 12), (12, 2, 2, 12), (12, 2, 2, 12), (12, 2, 2, 4), (4, 2, 2, 1)].
- Lh leg dimensions: [(1, 2, 2, 4), (4, 2, 2, 12), (12, 2, 2, 12), (12, 2, 2, 12), (12, 2, 2, 12), (12, 2, 2, 12), (12, 2, 2, 12), (12, 2, 2, 12), (12, 2, 2, 12), (12, 2, 2, 4), (4, 2, 2, 1)].
- Rh leg dimensions: [(1, 2, 2, 4), (4, 2, 2, 12), (12, 2, 2, 12), (12, 2, 2, 12), (12, 2, 2, 12), (12, 2, 2, 12), (12, 2, 2, 12), (12, 2, 2, 12), (12, 2, 2, 12), (12, 2, 2, 4), (4, 2, 2, 1)].
-> E = <Lh|CC*> + <ALhAL*|CC*|ARhAR*> + <CC*|Rh> = 2.715844792082384 + 0.16222774406603413 + 0.5383788938491867 = 3.416451429997605.
- C_updated leg dimensions: [(1, 2, 2, 4), (4, 2, 2, 12), (12, 2, 2, 12), (12, 2, 2, 12), (12, 2, 2, 12), (12, 2, 2, 12), (12, 2, 2, 12), (12, 2, 2, 12), (12, 2, 2, 12), (12, 2, 2, 4), (4, 2, 2, 1)].
- largest Hermiticity error: 0.0003051788832636813.
- maximal number of matvec operations: 41.
-> E_updated = 3.340061024566962.
Orthogonality column 7:
- C leg dimensions: [(1, 2, 2, 4), (4, 2, 2, 12), (12, 2, 2, 12), (12, 2, 2, 12), (12, 2, 2, 12), (12, 2, 2, 12), (12, 2, 2, 12), (12, 2, 2, 12), (12, 2, 2, 12), (12, 2, 2, 4), (4, 2, 2, 1)].
- Lh leg dimensions: [(1, 2, 2, 4), (4, 2, 2, 12), (12, 2, 2, 12), (12, 2, 2, 12), (12, 2, 2, 12), (12, 2, 2, 12), (12, 2, 2, 12), (12, 2, 2, 12), (12, 2, 2, 12), (12, 2, 2, 4), (4, 2, 2, 1)].
- Rh leg dimensions: [(1, 2, 2, 4), (4, 2, 2, 12), (12, 2, 2, 12), (12, 2, 2, 12), (12, 2, 2, 12), (12, 2, 2, 12), (12, 2, 2, 12), (12, 2, 2, 12), (12, 2, 2, 12), (12, 2, 2, 4), (4, 2, 2, 1)].
-> E = <Lh|CC*> + <ALhAL*|CC*|ARhAR*> + <CC*|Rh> = 2.469606093283049 + 0.220606838541457 + 0.7596625514741472 = 3.449875483298653.
- C_updated leg dimensions: [(1, 2, 2, 4), (4, 2, 2, 12), (12, 2, 2, 12), (12, 2, 2, 12), (12, 2, 2, 12), (12, 2, 2, 12), (12, 2, 2, 12), (12, 2, 2, 12), (12, 2, 2, 12), (12, 2, 2, 4), (4, 2, 2, 1)].
- largest Hermiticity error: 9.483468066663358e-08.
- maximal number of matvec operations: 41.
-> E_updated = 3.4134192632418907.
Orthogonality column 6:
- C leg dimensions: [(1, 2, 2, 4), (4, 2, 2, 12), (12, 2, 2, 12), (12, 2, 2, 12), (12, 2, 2, 12), (12, 2, 2, 12), (12, 2, 2, 12), (12, 2, 2, 12), (12, 2, 2, 12), (12, 2, 2, 4), (4, 2, 2, 1)].
- Lh leg dimensions: [(1, 2, 2, 4), (4, 2, 2, 12), (12, 2, 2, 12), (12, 2, 2, 12), (12, 2, 2, 12), (12, 2, 2, 12), (12, 2, 2, 12), (12, 2, 2, 12), (12, 2, 2, 12), (12, 2, 2, 4), (4, 2, 2, 1)].
- Rh leg dimensions: [(1, 2, 2, 4), (4, 2, 2, 12), (12, 2, 2, 12), (12, 2, 2, 12), (12, 2, 2, 12), (12, 2, 2, 12), (12, 2, 2, 12), (12, 2, 2, 12), (12, 2, 2, 12), (12, 2, 2, 4), (4, 2, 2, 1)].
-> E = <Lh|CC*> + <ALhAL*|CC*|ARhAR*> + <CC*|Rh> = 1.851728922831176 + 0.6066117535803278 + 1.0398419952881335 = 3.498182671699637.
- C_updated leg dimensions: [(1, 2, 2, 4), (4, 2, 2, 12), (12, 2, 2, 12), (12, 2, 2, 12), (12, 2, 2, 12), (12, 2, 2, 12), (12, 2, 2, 12), (12, 2, 2, 12), (12, 2, 2, 12), (12, 2, 2, 4), (4, 2, 2, 1)].
- largest Hermiticity error: 5.409528046296835e-10.
- maximal number of matvec operations: 41.
-> E_updated = 3.3690961400524237.
Orthogonality column 5:
- C leg dimensions: [(1, 2, 2, 4), (4, 2, 2, 12), (12, 2, 2, 12), (12, 2, 2, 12), (12, 2, 2, 12), (12, 2, 2, 12), (12, 2, 2, 12), (12, 2, 2, 12), (12, 2, 2, 12), (12, 2, 2, 4), (4, 2, 2, 1)].
- Lh leg dimensions: [(1, 2, 2, 4), (4, 2, 2, 12), (12, 2, 2, 12), (12, 2, 2, 12), (12, 2, 2, 12), (12, 2, 2, 12), (12, 2, 2, 12), (12, 2, 2, 12), (12, 2, 2, 12), (12, 2, 2, 4), (4, 2, 2, 1)].
- Rh leg dimensions: [(1, 2, 2, 4), (4, 2, 2, 12), (12, 2, 2, 12), (12, 2, 2, 12), (12, 2, 2, 12), (12, 2, 2, 12), (12, 2, 2, 12), (12, 2, 2, 12), (12, 2, 2, 12), (12, 2, 2, 4), (4, 2, 2, 1)].
-> E = <Lh|CC*> + <ALhAL*|CC*|ARhAR*> + <CC*|Rh> = 1.1504414754486665 + 0.5880808139488117 + 1.6711858464090703 = 3.4097081358065484.
- C_updated leg dimensions: [(1, 2, 2, 4), (4, 2, 2, 12), (12, 2, 2, 12), (12, 2, 2, 12), (12, 2, 2, 12), (12, 2, 2, 12), (12, 2, 2, 12), (12, 2, 2, 12), (12, 2, 2, 12), (12, 2, 2, 4), (4, 2, 2, 1)].
- largest Hermiticity error: 3.113004725429153e-08.
- maximal number of matvec operations: 41.
-> E_updated = 3.356823723562825.
Orthogonality column 4:
- C leg dimensions: [(1, 2, 2, 4), (4, 2, 2, 12), (12, 2, 2, 12), (12, 2, 2, 12), (12, 2, 2, 12), (12, 2, 2, 12), (12, 2, 2, 12), (12, 2, 2, 12), (12, 2, 2, 12), (12, 2, 2, 4), (4, 2, 2, 1)].
- Lh leg dimensions: [(1, 2, 2, 4), (4, 2, 2, 12), (12, 2, 2, 12), (12, 2, 2, 12), (12, 2, 2, 12), (12, 2, 2, 12), (12, 2, 2, 12), (12, 2, 2, 12), (12, 2, 2, 12), (12, 2, 2, 4), (4, 2, 2, 1)].
- Rh leg dimensions: [(1, 2, 2, 4), (4, 2, 2, 12), (12, 2, 2, 12), (12, 2, 2, 12), (12, 2, 2, 12), (12, 2, 2, 12), (12, 2, 2, 12), (12, 2, 2, 12), (12, 2, 2, 12), (12, 2, 2, 4), (4, 2, 2, 1)].
-> E = <Lh|CC*> + <ALhAL*|CC*|ARhAR*> + <CC*|Rh> = 0.805239186763536 + 0.30538473562568025 + 2.2709721508035083 = 3.381596073192725.
- C_updated leg dimensions: [(1, 2, 2, 4), (4, 2, 2, 12), (12, 2, 2, 12), (12, 2, 2, 12), (12, 2, 2, 12), (12, 2, 2, 12), (12, 2, 2, 12), (12, 2, 2, 12), (12, 2, 2, 12), (12, 2, 2, 4), (4, 2, 2, 1)].
- largest Hermiticity error: 1.0460021937717384e-08.
- maximal number of matvec operations: 41.
-> E_updated = 3.2631557597236176.
Orthogonality column 3:
- C leg dimensions: [(1, 2, 2, 4), (4, 2, 2, 12), (12, 2, 2, 12), (12, 2, 2, 12), (12, 2, 2, 12), (12, 2, 2, 12), (12, 2, 2, 12), (12, 2, 2, 12), (12, 2, 2, 12), (12, 2, 2, 4), (4, 2, 2, 1)].
- Lh leg dimensions: [(1, 2, 2, 4), (4, 2, 2, 12), (12, 2, 2, 8), (8, 2, 2, 12), (12, 2, 2, 8), (8, 2, 2, 12), (12, 2, 2, 8), (8, 2, 2, 12), (12, 2, 2, 8), (8, 2, 2, 4), (4, 2, 2, 1)].
- Rh leg dimensions: [(1, 2, 2, 4), (4, 2, 2, 12), (12, 2, 2, 12), (12, 2, 2, 12), (12, 2, 2, 12), (12, 2, 2, 12), (12, 2, 2, 12), (12, 2, 2, 12), (12, 2, 2, 12), (12, 2, 2, 4), (4, 2, 2, 1)].
-> E = <Lh|CC*> + <ALhAL*|CC*|ARhAR*> + <CC*|Rh> = 0.47704259754023415 + 0.29444475074034443 + 2.5263624936673064 = 3.297849841947885.
- C_updated leg dimensions: [(1, 2, 2, 4), (4, 2, 2, 12), (12, 2, 2, 12), (12, 2, 2, 12), (12, 2, 2, 12), (12, 2, 2, 12), (12, 2, 2, 12), (12, 2, 2, 12), (12, 2, 2, 12), (12, 2, 2, 4), (4, 2, 2, 1)].
- largest Hermiticity error: 4.315534902033101e-09.
- maximal number of matvec operations: 41.
-> E_updated = 3.2340470045325738.
Orthogonality column 2:
- C leg dimensions: [(1, 2, 2, 4), (4, 2, 2, 12), (12, 2, 2, 12), (12, 2, 2, 12), (12, 2, 2, 12), (12, 2, 2, 12), (12, 2, 2, 12), (12, 2, 2, 12), (12, 2, 2, 12), (12, 2, 2, 4), (4, 2, 2, 1)].
- Lh leg dimensions: [(1, 2, 2, 4), (4, 2, 2, 3), (3, 2, 2, 8), (8, 2, 2, 3), (3, 2, 2, 8), (8, 2, 2, 3), (3, 2, 2, 8), (8, 2, 2, 3), (3, 2, 2, 8), (8, 2, 2, 3), (3, 2, 2, 1)].
- Rh leg dimensions: [(1, 2, 2, 4), (4, 2, 2, 12), (12, 2, 2, 12), (12, 2, 2, 12), (12, 2, 2, 12), (12, 2, 2, 12), (12, 2, 2, 12), (12, 2, 2, 12), (12, 2, 2, 12), (12, 2, 2, 4), (4, 2, 2, 1)].
-> E = <Lh|CC*> + <ALhAL*|CC*|ARhAR*> + <CC*|Rh> = 0.44869914840014885 + 0.013846649783667076 + 2.840530195129227 = 3.303075993313043.
- C_updated leg dimensions: [(1, 2, 2, 4), (4, 2, 2, 12), (12, 2, 2, 12), (12, 2, 2, 12), (12, 2, 2, 12), (12, 2, 2, 12), (12, 2, 2, 12), (12, 2, 2, 12), (12, 2, 2, 12), (12, 2, 2, 4), (4, 2, 2, 1)].
- largest Hermiticity error: 3.662906999203397e-08.
- maximal number of matvec operations: 41.
-> E_updated = 3.240991878483048.
Orthogonality column 1:
- C leg dimensions: [(1, 2, 2, 4), (4, 1, 2, 12), (12, 2, 2, 12), (12, 1, 2, 12), (12, 2, 2, 12), (12, 2, 2, 12), (12, 1, 2, 12), (12, 2, 2, 12), (12, 1, 2, 8), (8, 2, 2, 2), (2, 1, 2, 1)].
- Rh leg dimensions: [(1, 2, 2, 4), (4, 2, 2, 12), (12, 2, 2, 12), (12, 2, 2, 12), (12, 2, 2, 12), (12, 2, 2, 12), (12, 2, 2, 12), (12, 2, 2, 12), (12, 2, 2, 12), (12, 2, 2, 4), (4, 2, 2, 1)].
-> E = <Lh|CC*> + <ALhAL*|CC*|ARhAR*> + <CC*|Rh> = None + 0.4525062894807574 + 2.9146177516718637 = 3.367124041152621.
- C_updated leg dimensions: [(1, 2, 2, 4), (4, 1, 2, 8), (8, 2, 2, 12), (12, 1, 2, 12), (12, 2, 2, 12), (12, 2, 2, 12), (12, 1, 2, 12), (12, 2, 2, 12), (12, 1, 2, 8), (8, 2, 2, 2), (2, 1, 2, 1)].
- largest Hermiticity error: 7.056275323769047e-08.
- maximal number of matvec operations: 31.
-> E_updated = 3.362561888357249.
Orthogonality column 0:
- C leg dimensions: [(1, 1, 2, 2), (2, 1, 2, 4), (4, 1, 2, 8), (8, 1, 2, 12), (12, 1, 2, 12), (12, 1, 2, 12), (12, 1, 2, 12), (12, 1, 2, 12), (12, 1, 2, 8), (8, 1, 2, 2), (2, 1, 2, 1)].
- Rh leg dimensions: [(1, 2, 2, 4), (4, 2, 2, 12), (12, 2, 2, 12), (12, 2, 2, 12), (12, 2, 2, 12), (12, 2, 2, 12), (12, 2, 2, 12), (12, 2, 2, 12), (12, 2, 2, 12), (12, 2, 2, 4), (4, 2, 2, 1)].
-> E = <Lh|CC*> + <ALhAL*|CC*|ARhAR*> + <CC*|Rh> = None + None + 3.4075985543061065 = 3.4075985543061065.
- C_updated leg dimensions: [(1, 1, 2, 2), (2, 1, 2, 4), (4, 1, 2, 8), (8, 1, 2, 12), (12, 1, 2, 12), (12, 1, 2, 12), (12, 1, 2, 12), (12, 1, 2, 8), (8, 1, 2, 4), (4, 1, 2, 2), (2, 1, 2, 1)].
- largest Hermiticity error: 2.1143485413276585e-08.
- maximal number of matvec operations: 31.
-> E_updated = 3.406323269027371.
=> <H> - E0 = 3.39106436336138.

<H>s - E0 = [4.68891511 3.74831127 3.39106436]
