Lx = 6, Ly = 6, g = 3.0, D_max = 3, chi_max_c = 18, chi_max_b = 27. 

E0_exact = -227.308603832. 

es = [-26.90018015 -17.97395998 -17.98746445 -17.9906608  -17.99421894
 -17.98732637 -17.99951248 -17.99619083 -18.00245213 -17.99088046
 -27.00536397].
E = -215.8282105643848.
E - E0 = 11.480393267615199.
subtract energy E0_exact evenly from all columns.


DMRGSquared sweep 1 ...
Orthogonality column 0:
- C leg dimensions: [(1, 1, 3, 3), (3, 1, 3, 9), (9, 1, 3, 18), (18, 1, 3, 18), (18, 1, 3, 18), (18, 1, 3, 18), (18, 1, 3, 18), (18, 1, 3, 18), (18, 1, 3, 9), (9, 1, 3, 3), (3, 1, 3, 1)].
- Rh leg dimensions: [(1, 3, 3, 9), (9, 3, 3, 27), (27, 3, 3, 27), (27, 3, 3, 27), (27, 3, 3, 27), (27, 3, 3, 27), (27, 3, 3, 27), (27, 3, 3, 27), (27, 3, 3, 27), (27, 3, 3, 9), (9, 3, 3, 1)].
-> E = <Lh|CC*> + <ALhAL*|CC*|ARhAR*> + <CC*|Rh> = None + None + 3.2541358037550627 = 3.2541358037550627.
- C_updated leg dimensions: [(1, 1, 3, 3), (3, 1, 3, 9), (9, 1, 3, 18), (18, 1, 3, 18), (18, 1, 3, 18), (18, 1, 3, 18), (18, 1, 3, 18), (18, 1, 3, 18), (18, 1, 3, 9), (9, 1, 3, 3), (3, 1, 3, 1)].
- largest Hermiticity error: 1.2270193364043557e-05.
- maximal number of matvec operations: 31.
-> E_updated = 1.967296311361074.
Orthogonality column 1:
- C leg dimensions: [(1, 2, 3, 3), (3, 1, 3, 9), (9, 2, 3, 18), (18, 1, 3, 18), (18, 2, 3, 18), (18, 2, 3, 18), (18, 1, 3, 18), (18, 2, 3, 18), (18, 1, 3, 9), (9, 2, 3, 3), (3, 1, 3, 1)].
- Rh leg dimensions: [(1, 3, 3, 9), (9, 3, 3, 27), (27, 3, 3, 27), (27, 3, 3, 27), (27, 3, 3, 27), (27, 3, 3, 27), (27, 3, 3, 27), (27, 3, 3, 27), (27, 3, 3, 27), (27, 3, 3, 9), (9, 3, 3, 1)].
-> E = <Lh|CC*> + <ALhAL*|CC*|ARhAR*> + <CC*|Rh> = None + 1.3084961111810975 + 2.8474591598737464 = 4.155955271054844.
- C_updated leg dimensions: [(1, 2, 3, 6), (6, 1, 3, 18), (18, 2, 3, 18), (18, 1, 3, 18), (18, 2, 3, 18), (18, 2, 3, 18), (18, 1, 3, 18), (18, 2, 3, 18), (18, 1, 3, 18), (18, 2, 3, 3), (3, 1, 3, 1)].
- largest Hermiticity error: 1.1839493579132076e-05.
- maximal number of matvec operations: 41.
-> E_updated = 3.892986286016667.
Orthogonality column 2:
- C leg dimensions: [(1, 2, 3, 6), (6, 2, 3, 18), (18, 2, 3, 18), (18, 2, 3, 18), (18, 2, 3, 18), (18, 3, 3, 18), (18, 2, 3, 18), (18, 2, 3, 18), (18, 2, 3, 18), (18, 2, 3, 3), (3, 2, 3, 1)].
- Lh leg dimensions: [(1, 2, 2, 4), (4, 2, 2, 3), (3, 2, 2, 8), (8, 2, 2, 3), (3, 2, 2, 9), (9, 3, 3, 3), (3, 2, 2, 8), (8, 2, 2, 3), (3, 2, 2, 8), (8, 2, 2, 3), (3, 2, 2, 1)].
- Rh leg dimensions: [(1, 3, 3, 9), (9, 3, 3, 27), (27, 3, 3, 27), (27, 3, 3, 27), (27, 3, 3, 27), (27, 3, 3, 27), (27, 3, 3, 27), (27, 3, 3, 27), (27, 3, 3, 27), (27, 3, 3, 9), (9, 3, 3, 1)].
-> E = <Lh|CC*> + <ALhAL*|CC*|ARhAR*> + <CC*|Rh> = 1.1494556034713388 + 0.8992114466142626 + 4.323211279064173 = 6.371878329149775.
- C_updated leg dimensions: [(1, 2, 3, 6), (6, 2, 3, 18), (18, 2, 3, 18), (18, 2, 3, 18), (18, 2, 3, 18), (18, 3, 3, 18), (18, 2, 3, 18), (18, 2, 3, 18), (18, 2, 3, 18), (18, 2, 3, 6), (6, 2, 3, 1)].
- largest Hermiticity error: 3.601326385680821e-05.
- maximal number of matvec operations: 61.
-> E_updated = 5.193397416033382.
Orthogonality column 3:
- C leg dimensions: [(1, 3, 3, 6), (6, 2, 3, 18), (18, 3, 3, 18), (18, 2, 3, 18), (18, 3, 3, 18), (18, 3, 3, 18), (18, 3, 3, 18), (18, 3, 3, 18), (18, 2, 3, 18), (18, 3, 3, 6), (6, 2, 3, 1)].
- Lh leg dimensions: [(1, 3, 3, 8), (8, 2, 2, 25), (25, 3, 3, 8), (8, 2, 2, 25), (25, 3, 3, 12), (12, 3, 3, 27), (27, 3, 3, 8), (8, 3, 3, 25), (25, 2, 2, 8), (8, 3, 3, 4), (4, 2, 2, 1)].
- Rh leg dimensions: [(1, 3, 3, 9), (9, 3, 3, 27), (27, 3, 3, 27), (27, 3, 3, 27), (27, 3, 3, 27), (27, 3, 3, 27), (27, 3, 3, 27), (27, 3, 3, 27), (27, 3, 3, 27), (27, 3, 3, 9), (9, 3, 3, 1)].
-> E = <Lh|CC*> + <ALhAL*|CC*|ARhAR*> + <CC*|Rh> = 1.0091865508182616 + 0.9086318772803879 + 3.069833374667428 = 4.987651802766077.
- C_updated leg dimensions: [(1, 3, 3, 9), (9, 2, 3, 18), (18, 3, 3, 18), (18, 2, 3, 18), (18, 3, 3, 18), (18, 3, 3, 18), (18, 3, 3, 18), (18, 3, 3, 18), (18, 2, 3, 18), (18, 3, 3, 6), (6, 2, 3, 1)].
- largest Hermiticity error: 8.07151681812417e-06.
- maximal number of matvec operations: 61.
-> E_updated = 3.8912019646326663.
Orthogonality column 4:
- C leg dimensions: [(1, 3, 3, 9), (9, 3, 3, 18), (18, 3, 3, 18), (18, 3, 3, 18), (18, 3, 3, 18), (18, 3, 3, 18), (18, 3, 3, 18), (18, 3, 3, 18), (18, 3, 3, 18), (18, 3, 3, 6), (6, 3, 3, 1)].
- Lh leg dimensions: [(1, 3, 3, 9), (9, 3, 3, 27), (27, 3, 3, 27), (27, 3, 3, 27), (27, 3, 3, 27), (27, 3, 3, 27), (27, 3, 3, 27), (27, 3, 3, 27), (27, 3, 3, 27), (27, 3, 3, 8), (8, 3, 3, 1)].
- Rh leg dimensions: [(1, 3, 3, 9), (9, 3, 3, 27), (27, 3, 3, 27), (27, 3, 3, 27), (27, 3, 3, 27), (27, 3, 3, 27), (27, 3, 3, 27), (27, 3, 3, 27), (27, 3, 3, 27), (27, 3, 3, 9), (9, 3, 3, 1)].
-> E = <Lh|CC*> + <ALhAL*|CC*|ARhAR*> + <CC*|Rh> = 1.0124789927240971 + 0.9003894689581257 + 2.944146971694538 = 4.857015433376761.
- C_updated leg dimensions: [(1, 3, 3, 9), (9, 3, 3, 18), (18, 3, 3, 18), (18, 3, 3, 18), (18, 3, 3, 18), (18, 3, 3, 18), (18, 3, 3, 18), (18, 3, 3, 18), (18, 3, 3, 18), (18, 3, 3, 9), (9, 3, 3, 1)].
- largest Hermiticity error: 9.280967662487105e-06.
- maximal number of matvec operations: 61.
-> E_updated = 3.790495742489661.
Orthogonality column 5:
- C leg dimensions: [(1, 3, 3, 9), (9, 3, 3, 18), (18, 3, 3, 18), (18, 3, 3, 18), (18, 3, 3, 18), (18, 3, 3, 18), (18, 3, 3, 18), (18, 3, 3, 18), (18, 3, 3, 18), (18, 3, 3, 9), (9, 3, 3, 1)].
- Lh leg dimensions: [(1, 3, 3, 9), (9, 3, 3, 27), (27, 3, 3, 27), (27, 3, 3, 27), (27, 3, 3, 27), (27, 3, 3, 27), (27, 3, 3, 27), (27, 3, 3, 27), (27, 3, 3, 27), (27, 3, 3, 9), (9, 3, 3, 1)].
- Rh leg dimensions: [(1, 3, 3, 9), (9, 3, 3, 27), (27, 3, 3, 27), (27, 3, 3, 27), (27, 3, 3, 27), (27, 3, 3, 27), (27, 3, 3, 27), (27, 3, 3, 27), (27, 3, 3, 27), (27, 3, 3, 9), (9, 3, 3, 1)].
-> E = <Lh|CC*> + <ALhAL*|CC*|ARhAR*> + <CC*|Rh> = 1.0669614428424163 + 0.8467557993608876 + 4.4799567038591315 = 6.393673946062435.
- C_updated leg dimensions: [(1, 3, 3, 9), (9, 3, 3, 18), (18, 3, 3, 18), (18, 3, 3, 18), (18, 3, 3, 18), (18, 3, 3, 18), (18, 3, 3, 18), (18, 3, 3, 18), (18, 3, 3, 18), (18, 3, 3, 9), (9, 3, 3, 1)].
- largest Hermiticity error: 2.3261839828722726e-05.
- maximal number of matvec operations: 61.
-> E_updated = 5.33919441064832.
Orthogonality column 6:
- C leg dimensions: [(1, 3, 3, 9), (9, 3, 3, 18), (18, 3, 3, 18), (18, 3, 3, 18), (18, 3, 3, 18), (18, 3, 3, 18), (18, 3, 3, 18), (18, 3, 3, 18), (18, 3, 3, 18), (18, 3, 3, 9), (9, 3, 3, 1)].
- Lh leg dimensions: [(1, 3, 3, 9), (9, 3, 3, 27), (27, 3, 3, 27), (27, 3, 3, 27), (27, 3, 3, 27), (27, 3, 3, 27), (27, 3, 3, 27), (27, 3, 3, 27), (27, 3, 3, 27), (27, 3, 3, 9), (9, 3, 3, 1)].
- Rh leg dimensions: [(1, 3, 3, 9), (9, 3, 3, 27), (27, 3, 3, 27), (27, 3, 3, 27), (27, 3, 3, 27), (27, 3, 3, 27), (27, 3, 3, 27), (27, 3, 3, 27), (27, 3, 3, 27), (27, 3, 3, 9), (9, 3, 3, 1)].
-> E = <Lh|CC*> + <ALhAL*|CC*|ARhAR*> + <CC*|Rh> = 0.9891811586532011 + 0.9089531703219395 + 4.395181673534366 = 6.293316002509506.
- C_updated leg dimensions: [(1, 3, 3, 9), (9, 3, 3, 18), (18, 3, 3, 18), (18, 3, 3, 18), (18, 3, 3, 18), (18, 3, 3, 18), (18, 3, 3, 18), (18, 3, 3, 18), (18, 3, 3, 18), (18, 3, 3, 9), (9, 3, 3, 1)].
- largest Hermiticity error: 5.4420291140368206e-08.
- maximal number of matvec operations: 51.
-> E_updated = 5.57813311817188.
Orthogonality column 7:
- C leg dimensions: [(1, 3, 3, 9), (9, 3, 3, 18), (18, 3, 3, 18), (18, 3, 3, 18), (18, 3, 3, 18), (18, 3, 3, 18), (18, 3, 3, 18), (18, 3, 3, 18), (18, 3, 3, 18), (18, 3, 3, 9), (9, 3, 3, 1)].
- Lh leg dimensions: [(1, 3, 3, 9), (9, 3, 3, 27), (27, 3, 3, 27), (27, 3, 3, 27), (27, 3, 3, 27), (27, 3, 3, 27), (27, 3, 3, 27), (27, 3, 3, 27), (27, 3, 3, 27), (27, 3, 3, 9), (9, 3, 3, 1)].
- Rh leg dimensions: [(1, 3, 3, 9), (9, 3, 3, 27), (27, 3, 3, 27), (27, 3, 3, 27), (27, 3, 3, 27), (27, 3, 3, 27), (27, 3, 3, 27), (27, 3, 3, 27), (27, 3, 3, 27), (27, 3, 3, 9), (9, 3, 3, 1)].
-> E = <Lh|CC*> + <ALhAL*|CC*|ARhAR*> + <CC*|Rh> = 1.3728934211267494 + 0.9155174465860475 + 4.0183851744454335 = 6.306796042158231.
- C_updated leg dimensions: [(1, 3, 3, 9), (9, 3, 3, 18), (18, 3, 3, 18), (18, 3, 3, 18), (18, 3, 3, 18), (18, 3, 3, 18), (18, 3, 3, 18), (18, 3, 3, 18), (18, 3, 3, 18), (18, 3, 3, 9), (9, 3, 3, 1)].
- largest Hermiticity error: 4.21584056781639e-08.
- maximal number of matvec operations: 51.
-> E_updated = 5.583724763295919.
Orthogonality column 8:
- C leg dimensions: [(1, 3, 3, 9), (9, 3, 3, 18), (18, 3, 3, 18), (18, 3, 3, 18), (18, 3, 3, 18), (18, 3, 3, 18), (18, 3, 3, 18), (18, 3, 3, 18), (18, 3, 3, 18), (18, 3, 3, 9), (9, 3, 3, 1)].
- Lh leg dimensions: [(1, 3, 3, 9), (9, 3, 3, 27), (27, 3, 3, 27), (27, 3, 3, 27), (27, 3, 3, 27), (27, 3, 3, 27), (27, 3, 3, 27), (27, 3, 3, 27), (27, 3, 3, 27), (27, 3, 3, 9), (9, 3, 3, 1)].
- Rh leg dimensions: [(1, 3, 3, 8), (8, 3, 3, 27), (27, 3, 3, 25), (25, 3, 3, 27), (27, 3, 3, 25), (25, 3, 3, 27), (27, 3, 3, 25), (25, 3, 3, 27), (27, 3, 3, 25), (25, 3, 3, 9), (9, 3, 3, 1)].
-> E = <Lh|CC*> + <ALhAL*|CC*|ARhAR*> + <CC*|Rh> = 1.928926920150716 + 0.8258248752117753 + 3.1945138120857877 = 5.949265607448279.
- C_updated leg dimensions: [(1, 3, 3, 9), (9, 3, 3, 18), (18, 3, 3, 18), (18, 3, 3, 18), (18, 3, 3, 18), (18, 3, 3, 18), (18, 3, 3, 18), (18, 3, 3, 18), (18, 3, 3, 18), (18, 3, 3, 9), (9, 3, 3, 1)].
- largest Hermiticity error: 8.227381481578255e-08.
- maximal number of matvec operations: 51.
-> E_updated = 4.665026072345014.
Orthogonality column 9:
- C leg dimensions: [(1, 3, 2, 9), (9, 3, 3, 18), (18, 3, 2, 18), (18, 3, 3, 18), (18, 3, 2, 18), (18, 3, 3, 18), (18, 3, 2, 18), (18, 3, 3, 18), (18, 3, 2, 18), (18, 3, 3, 9), (9, 3, 3, 1)].
- Lh leg dimensions: [(1, 3, 3, 9), (9, 3, 3, 27), (27, 3, 3, 27), (27, 3, 3, 27), (27, 3, 3, 27), (27, 3, 3, 27), (27, 3, 3, 27), (27, 3, 3, 27), (27, 3, 3, 27), (27, 3, 3, 9), (9, 3, 3, 1)].
- Rh leg dimensions: [(1, 2, 2, 4), (4, 3, 3, 8), (8, 2, 2, 25), (25, 3, 3, 8), (8, 2, 2, 25), (25, 3, 3, 8), (8, 2, 2, 25), (25, 3, 3, 8), (8, 2, 2, 25), (25, 3, 3, 9), (9, 3, 3, 1)].
-> E = <Lh|CC*> + <ALhAL*|CC*|ARhAR*> + <CC*|Rh> = 2.2744589298216273 + 0.608198252716617 + 2.240822069653579 = 5.123479252191823.
- C_updated leg dimensions: [(1, 3, 2, 6), (6, 3, 3, 18), (18, 3, 2, 18), (18, 3, 3, 18), (18, 3, 2, 18), (18, 3, 3, 18), (18, 3, 2, 18), (18, 3, 3, 18), (18, 3, 2, 18), (18, 3, 3, 9), (9, 3, 3, 1)].
- largest Hermiticity error: 5.7752931321899435e-08.
- maximal number of matvec operations: 41.
-> E_updated = 3.954600344237938.
Orthogonality column 10:
- C leg dimensions: [(1, 3, 2, 6), (6, 3, 2, 18), (18, 3, 2, 18), (18, 3, 2, 18), (18, 3, 2, 18), (18, 3, 2, 18), (18, 3, 2, 18), (18, 3, 2, 18), (18, 3, 2, 18), (18, 3, 2, 9), (9, 3, 3, 1)].
- Lh leg dimensions: [(1, 3, 3, 9), (9, 3, 3, 27), (27, 3, 3, 27), (27, 3, 3, 27), (27, 3, 3, 27), (27, 3, 3, 27), (27, 3, 3, 27), (27, 3, 3, 27), (27, 3, 3, 27), (27, 3, 3, 9), (9, 3, 3, 1)].
- Rh leg dimensions: [(1, 2, 2, 3), (3, 2, 2, 8), (8, 2, 2, 3), (3, 2, 2, 8), (8, 2, 2, 3), (3, 2, 2, 8), (8, 2, 2, 3), (3, 2, 2, 8), (8, 2, 2, 3), (3, 2, 2, 8), (8, 3, 3, 1)].
-> E = <Lh|CC*> + <ALhAL*|CC*|ARhAR*> + <CC*|Rh> = 2.4707610197637995 + 0.3897500181722255 + 1.1995371315635366 = 4.060048169499561.
- C_updated leg dimensions: [(1, 3, 2, 6), (6, 3, 2, 18), (18, 3, 2, 18), (18, 3, 2, 18), (18, 3, 2, 18), (18, 3, 2, 18), (18, 3, 2, 18), (18, 3, 2, 18), (18, 3, 2, 18), (18, 3, 2, 9), (9, 3, 3, 1)].
- largest Hermiticity error: 8.153849760430409e-05.
- maximal number of matvec operations: 41.
-> E_updated = 2.7629978846088408.
Orthogonality column 11:
- C leg dimensions: [(1, 3, 1, 6), (6, 3, 2, 18), (18, 3, 1, 18), (18, 3, 2, 18), (18, 3, 1, 18), (18, 3, 2, 18), (18, 3, 1, 18), (18, 3, 2, 18), (18, 3, 1, 18), (18, 3, 2, 6), (6, 3, 2, 1)].
- Lh leg dimensions: [(1, 3, 3, 9), (9, 3, 3, 27), (27, 3, 3, 27), (27, 3, 3, 27), (27, 3, 3, 27), (27, 3, 3, 27), (27, 3, 3, 27), (27, 3, 3, 27), (27, 3, 3, 27), (27, 3, 3, 9), (9, 3, 3, 1)].
-> E = <Lh|CC*> + <ALhAL*|CC*|ARhAR*> + <CC*|Rh> = 2.300049765488746 + 0.5535164522670717 + None = 2.8535662177558176.
- C_updated leg dimensions: [(1, 3, 1, 3), (3, 3, 2, 18), (18, 3, 1, 18), (18, 3, 2, 18), (18, 3, 1, 18), (18, 3, 2, 18), (18, 3, 1, 18), (18, 3, 2, 18), (18, 3, 1, 18), (18, 3, 2, 6), (6, 3, 2, 1)].
- largest Hermiticity error: 5.5142462616887054e-05.
- maximal number of matvec operations: 41.
-> E_updated = 2.7190173306754644.
Orthogonality column 12:
- C leg dimensions: [(1, 3, 1, 3), (3, 3, 1, 9), (9, 3, 1, 18), (18, 3, 1, 18), (18, 3, 1, 18), (18, 3, 1, 18), (18, 3, 1, 18), (18, 3, 1, 18), (18, 3, 1, 18), (18, 3, 1, 6), (6, 3, 1, 1)].
- Lh leg dimensions: [(1, 3, 3, 9), (9, 3, 3, 27), (27, 3, 3, 27), (27, 3, 3, 27), (27, 3, 3, 27), (27, 3, 3, 27), (27, 3, 3, 27), (27, 3, 3, 27), (27, 3, 3, 27), (27, 3, 3, 9), (9, 3, 3, 1)].
-> E = <Lh|CC*> + <ALhAL*|CC*|ARhAR*> + <CC*|Rh> = 2.7714039453852313 + None + None = 2.7714039453852313.
- C_updated leg dimensions: [(1, 3, 1, 3), (3, 3, 1, 9), (9, 3, 1, 18), (18, 3, 1, 18), (18, 3, 1, 18), (18, 3, 1, 18), (18, 3, 1, 18), (18, 3, 1, 18), (18, 3, 1, 9), (9, 3, 1, 3), (3, 3, 1, 1)].
- largest Hermiticity error: 4.523057160926004e-05.
- maximal number of matvec operations: 41.
-> E_updated = 2.7442104727183207.
Orthogonality column 11:
- C leg dimensions: [(1, 3, 1, 3), (3, 3, 2, 9), (9, 3, 1, 18), (18, 3, 2, 18), (18, 3, 1, 18), (18, 3, 2, 18), (18, 3, 2, 18), (18, 3, 1, 18), (18, 3, 2, 9), (9, 3, 1, 3), (3, 3, 2, 1)].
- Lh leg dimensions: [(1, 3, 3, 9), (9, 3, 3, 27), (27, 3, 3, 27), (27, 3, 3, 27), (27, 3, 3, 27), (27, 3, 3, 27), (27, 3, 3, 27), (27, 3, 3, 27), (27, 3, 3, 27), (27, 3, 3, 9), (9, 3, 3, 1)].
-> E = <Lh|CC*> + <ALhAL*|CC*|ARhAR*> + <CC*|Rh> = 2.2496565806058806 + 0.5089982154629059 + None = 2.7586547960687864.
- C_updated leg dimensions: [(1, 3, 1, 3), (3, 3, 2, 18), (18, 3, 1, 18), (18, 3, 2, 18), (18, 3, 1, 18), (18, 3, 2, 18), (18, 3, 2, 18), (18, 3, 1, 18), (18, 3, 2, 18), (18, 3, 1, 6), (6, 3, 2, 1)].
- largest Hermiticity error: 6.431099967170025e-05.
- maximal number of matvec operations: 41.
-> E_updated = 2.7190149646587334.
Orthogonality column 10:
- C leg dimensions: [(1, 3, 2, 3), (3, 3, 2, 18), (18, 3, 2, 18), (18, 3, 2, 18), (18, 3, 2, 18), (18, 3, 3, 18), (18, 3, 2, 18), (18, 3, 2, 18), (18, 3, 2, 18), (18, 3, 2, 6), (6, 3, 2, 1)].
- Lh leg dimensions: [(1, 3, 3, 9), (9, 3, 3, 27), (27, 3, 3, 27), (27, 3, 3, 27), (27, 3, 3, 27), (27, 3, 3, 27), (27, 3, 3, 27), (27, 3, 3, 27), (27, 3, 3, 27), (27, 3, 3, 9), (9, 3, 3, 1)].
- Rh leg dimensions: [(1, 2, 2, 3), (3, 2, 2, 8), (8, 2, 2, 3), (3, 2, 2, 8), (8, 2, 2, 3), (3, 3, 3, 9), (9, 2, 2, 3), (3, 2, 2, 8), (8, 2, 2, 3), (3, 2, 2, 4), (4, 2, 2, 1)].
-> E = <Lh|CC*> + <ALhAL*|CC*|ARhAR*> + <CC*|Rh> = 2.2963416865536446 + -0.07703566167249333 + 0.5068610546867824 = 2.726167079567934.
- C_updated leg dimensions: [(1, 3, 2, 6), (6, 3, 2, 18), (18, 3, 2, 18), (18, 3, 2, 18), (18, 3, 2, 18), (18, 3, 3, 18), (18, 3, 2, 18), (18, 3, 2, 18), (18, 3, 2, 18), (18, 3, 2, 6), (6, 3, 2, 1)].
- largest Hermiticity error: 7.290326320412495e-05.
- maximal number of matvec operations: 41.
-> E_updated = 2.6511682477851313.
Orthogonality column 9:
- C leg dimensions: [(1, 3, 2, 6), (6, 3, 3, 18), (18, 3, 2, 18), (18, 3, 3, 18), (18, 3, 3, 18), (18, 3, 3, 18), (18, 3, 3, 18), (18, 3, 2, 18), (18, 3, 3, 18), (18, 3, 2, 6), (6, 3, 3, 1)].
- Lh leg dimensions: [(1, 3, 3, 9), (9, 3, 3, 27), (27, 3, 3, 27), (27, 3, 3, 27), (27, 3, 3, 27), (27, 3, 3, 27), (27, 3, 3, 27), (27, 3, 3, 27), (27, 3, 3, 27), (27, 3, 3, 9), (9, 3, 3, 1)].
- Rh leg dimensions: [(1, 2, 2, 4), (4, 3, 3, 8), (8, 2, 2, 25), (25, 3, 3, 8), (8, 3, 3, 27), (27, 3, 3, 12), (12, 3, 3, 25), (25, 2, 2, 8), (8, 3, 3, 25), (25, 2, 2, 8), (8, 3, 3, 1)].
-> E = <Lh|CC*> + <ALhAL*|CC*|ARhAR*> + <CC*|Rh> = 2.288615233058061 + -0.0538905198596599 + 0.41052607108579936 = 2.6452507842842006.
- C_updated leg dimensions: [(1, 3, 2, 6), (6, 3, 3, 18), (18, 3, 2, 18), (18, 3, 3, 18), (18, 3, 3, 18), (18, 3, 3, 18), (18, 3, 3, 18), (18, 3, 2, 18), (18, 3, 3, 18), (18, 3, 2, 9), (9, 3, 3, 1)].
- largest Hermiticity error: 5.636408761786391e-08.
- maximal number of matvec operations: 51.
-> E_updated = 2.4536249039679126.
Orthogonality column 8:
- C leg dimensions: [(1, 3, 3, 6), (6, 3, 3, 18), (18, 3, 3, 18), (18, 3, 3, 18), (18, 3, 3, 18), (18, 3, 3, 18), (18, 3, 3, 18), (18, 3, 3, 18), (18, 3, 3, 18), (18, 3, 3, 9), (9, 3, 3, 1)].
- Lh leg dimensions: [(1, 3, 3, 9), (9, 3, 3, 27), (27, 3, 3, 27), (27, 3, 3, 27), (27, 3, 3, 27), (27, 3, 3, 27), (27, 3, 3, 27), (27, 3, 3, 27), (27, 3, 3, 27), (27, 3, 3, 9), (9, 3, 3, 1)].
- Rh leg dimensions: [(1, 3, 3, 8), (8, 3, 3, 27), (27, 3, 3, 27), (27, 3, 3, 27), (27, 3, 3, 27), (27, 3, 3, 27), (27, 3, 3, 27), (27, 3, 3, 27), (27, 3, 3, 27), (27, 3, 3, 9), (9, 3, 3, 1)].
-> E = <Lh|CC*> + <ALhAL*|CC*|ARhAR*> + <CC*|Rh> = 1.8531977635490893 + 0.3131674134641959 + 0.23099522077226603 = 2.397360397785551.
- C_updated leg dimensions: [(1, 3, 3, 9), (9, 3, 3, 18), (18, 3, 3, 18), (18, 3, 3, 18), (18, 3, 3, 18), (18, 3, 3, 18), (18, 3, 3, 18), (18, 3, 3, 18), (18, 3, 3, 18), (18, 3, 3, 9), (9, 3, 3, 1)].
- largest Hermiticity error: 5.8813844726502954e-08.
- maximal number of matvec operations: 51.
-> E_updated = 2.11279655519114.
Orthogonality column 7:
- C leg dimensions: [(1, 3, 3, 9), (9, 3, 3, 18), (18, 3, 3, 18), (18, 3, 3, 18), (18, 3, 3, 18), (18, 3, 3, 18), (18, 3, 3, 18), (18, 3, 3, 18), (18, 3, 3, 18), (18, 3, 3, 9), (9, 3, 3, 1)].
- Lh leg dimensions: [(1, 3, 3, 9), (9, 3, 3, 27), (27, 3, 3, 27), (27, 3, 3, 27), (27, 3, 3, 27), (27, 3, 3, 27), (27, 3, 3, 27), (27, 3, 3, 27), (27, 3, 3, 27), (27, 3, 3, 9), (9, 3, 3, 1)].
- Rh leg dimensions: [(1, 3, 3, 9), (9, 3, 3, 27), (27, 3, 3, 27), (27, 3, 3, 27), (27, 3, 3, 27), (27, 3, 3, 27), (27, 3, 3, 27), (27, 3, 3, 27), (27, 3, 3, 27), (27, 3, 3, 9), (9, 3, 3, 1)].
-> E = <Lh|CC*> + <ALhAL*|CC*|ARhAR*> + <CC*|Rh> = 1.2516837654165285 + 0.526424925209886 + 0.3656021913383255 = 2.14371088196474.
- C_updated leg dimensions: [(1, 3, 3, 9), (9, 3, 3, 18), (18, 3, 3, 18), (18, 3, 3, 18), (18, 3, 3, 18), (18, 3, 3, 18), (18, 3, 3, 18), (18, 3, 3, 18), (18, 3, 3, 18), (18, 3, 3, 9), (9, 3, 3, 1)].
- largest Hermiticity error: 3.722953378177948e-08.
- maximal number of matvec operations: 51.
-> E_updated = 1.4072444456807562.
Orthogonality column 6:
- C leg dimensions: [(1, 3, 3, 9), (9, 3, 3, 18), (18, 3, 3, 18), (18, 3, 3, 18), (18, 3, 3, 18), (18, 3, 3, 18), (18, 3, 3, 18), (18, 3, 3, 18), (18, 3, 3, 18), (18, 3, 3, 9), (9, 3, 3, 1)].
- Lh leg dimensions: [(1, 3, 3, 9), (9, 3, 3, 27), (27, 3, 3, 27), (27, 3, 3, 27), (27, 3, 3, 27), (27, 3, 3, 27), (27, 3, 3, 27), (27, 3, 3, 27), (27, 3, 3, 27), (27, 3, 3, 9), (9, 3, 3, 1)].
- Rh leg dimensions: [(1, 3, 3, 9), (9, 3, 3, 27), (27, 3, 3, 27), (27, 3, 3, 27), (27, 3, 3, 27), (27, 3, 3, 27), (27, 3, 3, 27), (27, 3, 3, 27), (27, 3, 3, 27), (27, 3, 3, 9), (9, 3, 3, 1)].
-> E = <Lh|CC*> + <ALhAL*|CC*|ARhAR*> + <CC*|Rh> = 0.7216659091112254 + 0.5385061704377696 + 0.2418833450803676 = 1.5020554246293627.
- C_updated leg dimensions: [(1, 3, 3, 9), (9, 3, 3, 18), (18, 3, 3, 18), (18, 3, 3, 18), (18, 3, 3, 18), (18, 3, 3, 18), (18, 3, 3, 18), (18, 3, 3, 18), (18, 3, 3, 18), (18, 3, 3, 9), (9, 3, 3, 1)].
- largest Hermiticity error: 3.5088183282081313e-09.
- maximal number of matvec operations: 51.
-> E_updated = 0.8891073894764746.
Orthogonality column 5:
- C leg dimensions: [(1, 3, 3, 9), (9, 3, 3, 18), (18, 3, 3, 18), (18, 3, 3, 18), (18, 3, 3, 18), (18, 3, 3, 18), (18, 3, 3, 18), (18, 3, 3, 18), (18, 3, 3, 18), (18, 3, 3, 9), (9, 3, 3, 1)].
- Lh leg dimensions: [(1, 3, 3, 9), (9, 3, 3, 27), (27, 3, 3, 27), (27, 3, 3, 27), (27, 3, 3, 27), (27, 3, 3, 27), (27, 3, 3, 27), (27, 3, 3, 27), (27, 3, 3, 27), (27, 3, 3, 9), (9, 3, 3, 1)].
- Rh leg dimensions: [(1, 3, 3, 9), (9, 3, 3, 27), (27, 3, 3, 27), (27, 3, 3, 27), (27, 3, 3, 27), (27, 3, 3, 27), (27, 3, 3, 27), (27, 3, 3, 27), (27, 3, 3, 27), (27, 3, 3, 9), (9, 3, 3, 1)].
-> E = <Lh|CC*> + <ALhAL*|CC*|ARhAR*> + <CC*|Rh> = 0.5064329175185192 + 0.25587712784225697 + 0.19574320020049543 = 0.9580532455612715.
- C_updated leg dimensions: [(1, 3, 3, 9), (9, 3, 3, 18), (18, 3, 3, 18), (18, 3, 3, 18), (18, 3, 3, 18), (18, 3, 3, 18), (18, 3, 3, 18), (18, 3, 3, 18), (18, 3, 3, 18), (18, 3, 3, 9), (9, 3, 3, 1)].
- largest Hermiticity error: 2.2689375799863783e-08.
- maximal number of matvec operations: 51.
-> E_updated = 0.5862388064552193.
Orthogonality column 4:
- C leg dimensions: [(1, 3, 3, 9), (9, 3, 3, 18), (18, 3, 3, 18), (18, 3, 3, 18), (18, 3, 3, 18), (18, 3, 3, 18), (18, 3, 3, 18), (18, 3, 3, 18), (18, 3, 3, 18), (18, 3, 3, 9), (9, 3, 3, 1)].
- Lh leg dimensions: [(1, 3, 3, 9), (9, 3, 3, 27), (27, 3, 3, 27), (27, 3, 3, 27), (27, 3, 3, 27), (27, 3, 3, 27), (27, 3, 3, 27), (27, 3, 3, 27), (27, 3, 3, 27), (27, 3, 3, 8), (8, 3, 3, 1)].
- Rh leg dimensions: [(1, 3, 3, 9), (9, 3, 3, 27), (27, 3, 3, 27), (27, 3, 3, 27), (27, 3, 3, 27), (27, 3, 3, 27), (27, 3, 3, 27), (27, 3, 3, 27), (27, 3, 3, 27), (27, 3, 3, 9), (9, 3, 3, 1)].
-> E = <Lh|CC*> + <ALhAL*|CC*|ARhAR*> + <CC*|Rh> = 0.42667953210481113 + 0.05308828207267192 + 0.13767071700060549 = 0.6174385311780886.
- C_updated leg dimensions: [(1, 3, 3, 9), (9, 3, 3, 18), (18, 3, 3, 18), (18, 3, 3, 18), (18, 3, 3, 18), (18, 3, 3, 18), (18, 3, 3, 18), (18, 3, 3, 18), (18, 3, 3, 18), (18, 3, 3, 9), (9, 3, 3, 1)].
- largest Hermiticity error: 1.2965029526543822e-07.
- maximal number of matvec operations: 61.
-> E_updated = 0.3639133690472333.
Orthogonality column 3:
- C leg dimensions: [(1, 3, 3, 9), (9, 2, 3, 18), (18, 3, 3, 18), (18, 2, 3, 18), (18, 3, 3, 18), (18, 3, 3, 18), (18, 3, 3, 18), (18, 3, 3, 18), (18, 2, 3, 18), (18, 3, 3, 6), (6, 2, 3, 1)].
- Lh leg dimensions: [(1, 3, 3, 8), (8, 2, 2, 25), (25, 3, 3, 8), (8, 2, 2, 25), (25, 3, 3, 12), (12, 3, 3, 27), (27, 3, 3, 8), (8, 3, 3, 25), (25, 2, 2, 8), (8, 3, 3, 4), (4, 2, 2, 1)].
- Rh leg dimensions: [(1, 3, 3, 9), (9, 3, 3, 27), (27, 3, 3, 27), (27, 3, 3, 27), (27, 3, 3, 27), (27, 3, 3, 27), (27, 3, 3, 27), (27, 3, 3, 27), (27, 3, 3, 27), (27, 3, 3, 9), (9, 3, 3, 1)].
-> E = <Lh|CC*> + <ALhAL*|CC*|ARhAR*> + <CC*|Rh> = 0.3705451827131865 + 0.013852340661326673 + 0.034277251525084554 = 0.4186747748995977.
- C_updated leg dimensions: [(1, 3, 3, 9), (9, 2, 3, 18), (18, 3, 3, 18), (18, 2, 3, 18), (18, 3, 3, 18), (18, 3, 3, 18), (18, 3, 3, 18), (18, 3, 3, 18), (18, 2, 3, 18), (18, 3, 3, 6), (6, 2, 3, 1)].
- largest Hermiticity error: 2.3639188569295712e-07.
- maximal number of matvec operations: 51.
-> E_updated = 0.35009185538825094.
Orthogonality column 2:
- C leg dimensions: [(1, 2, 3, 6), (6, 2, 3, 18), (18, 2, 3, 18), (18, 2, 3, 18), (18, 2, 3, 18), (18, 3, 3, 18), (18, 2, 3, 18), (18, 2, 3, 18), (18, 2, 3, 18), (18, 2, 3, 6), (6, 2, 3, 1)].
- Lh leg dimensions: [(1, 2, 2, 4), (4, 2, 2, 3), (3, 2, 2, 8), (8, 2, 2, 3), (3, 2, 2, 9), (9, 3, 3, 3), (3, 2, 2, 8), (8, 2, 2, 3), (3, 2, 2, 8), (8, 2, 2, 3), (3, 2, 2, 1)].
- Rh leg dimensions: [(1, 3, 3, 9), (9, 3, 3, 27), (27, 3, 3, 27), (27, 3, 3, 27), (27, 3, 3, 27), (27, 3, 3, 27), (27, 3, 3, 27), (27, 3, 3, 27), (27, 3, 3, 27), (27, 3, 3, 9), (9, 3, 3, 1)].
-> E = <Lh|CC*> + <ALhAL*|CC*|ARhAR*> + <CC*|Rh> = 0.4584722548425346 + -0.1074786395128219 + 0.02004802650714821 = 0.37104164183686095.
- C_updated leg dimensions: [(1, 2, 3, 6), (6, 2, 3, 18), (18, 2, 3, 18), (18, 2, 3, 18), (18, 2, 3, 18), (18, 3, 3, 18), (18, 2, 3, 18), (18, 2, 3, 18), (18, 2, 3, 18), (18, 2, 3, 6), (6, 2, 3, 1)].
- largest Hermiticity error: 5.325437177365377e-07.
- maximal number of matvec operations: 51.
-> E_updated = 0.2404195078318216.
Orthogonality column 1:
- C leg dimensions: [(1, 2, 3, 6), (6, 1, 3, 18), (18, 2, 3, 18), (18, 1, 3, 18), (18, 2, 3, 18), (18, 2, 3, 18), (18, 1, 3, 18), (18, 2, 3, 18), (18, 1, 3, 18), (18, 2, 3, 3), (3, 1, 3, 1)].
- Rh leg dimensions: [(1, 3, 3, 9), (9, 3, 3, 27), (27, 3, 3, 27), (27, 3, 3, 27), (27, 3, 3, 27), (27, 3, 3, 27), (27, 3, 3, 27), (27, 3, 3, 27), (27, 3, 3, 27), (27, 3, 3, 9), (9, 3, 3, 1)].
-> E = <Lh|CC*> + <ALhAL*|CC*|ARhAR*> + <CC*|Rh> = None + 0.433910113349867 + -0.1509074143256467 = 0.2830026990242203.
- C_updated leg dimensions: [(1, 2, 3, 6), (6, 1, 3, 18), (18, 2, 3, 18), (18, 1, 3, 18), (18, 2, 3, 18), (18, 2, 3, 18), (18, 1, 3, 18), (18, 2, 3, 18), (18, 1, 3, 18), (18, 2, 3, 3), (3, 1, 3, 1)].
- largest Hermiticity error: 8.599444225907058e-07.
- maximal number of matvec operations: 51.
-> E_updated = 0.26404271776078864.
Orthogonality column 0:
- C leg dimensions: [(1, 1, 3, 3), (3, 1, 3, 9), (9, 1, 3, 18), (18, 1, 3, 18), (18, 1, 3, 18), (18, 1, 3, 18), (18, 1, 3, 18), (18, 1, 3, 18), (18, 1, 3, 18), (18, 1, 3, 3), (3, 1, 3, 1)].
- Rh leg dimensions: [(1, 3, 3, 9), (9, 3, 3, 27), (27, 3, 3, 27), (27, 3, 3, 27), (27, 3, 3, 27), (27, 3, 3, 27), (27, 3, 3, 27), (27, 3, 3, 27), (27, 3, 3, 27), (27, 3, 3, 9), (9, 3, 3, 1)].
-> E = <Lh|CC*> + <ALhAL*|CC*|ARhAR*> + <CC*|Rh> = None + None + 0.3313925531593418 = 0.3313925531593418.
- C_updated leg dimensions: [(1, 1, 3, 3), (3, 1, 3, 9), (9, 1, 3, 18), (18, 1, 3, 18), (18, 1, 3, 18), (18, 1, 3, 18), (18, 1, 3, 18), (18, 1, 3, 18), (18, 1, 3, 9), (9, 1, 3, 3), (3, 1, 3, 1)].
- largest Hermiticity error: 4.2771077274887274e-07.
- maximal number of matvec operations: 41.
-> E_updated = 0.30727188954317863.
=> <H> - E0 = 0.26667120440595227.

DMRGSquared sweep 2 ...
Orthogonality column 0:
- C leg dimensions: [(1, 1, 3, 3), (3, 1, 3, 9), (9, 1, 3, 18), (18, 1, 3, 18), (18, 1, 3, 18), (18, 1, 3, 18), (18, 1, 3, 18), (18, 1, 3, 18), (18, 1, 3, 9), (9, 1, 3, 3), (3, 1, 3, 1)].
- Rh leg dimensions: [(1, 3, 3, 9), (9, 3, 3, 27), (27, 3, 3, 27), (27, 3, 3, 27), (27, 3, 3, 27), (27, 3, 3, 27), (27, 3, 3, 27), (27, 3, 3, 27), (27, 3, 3, 27), (27, 3, 3, 9), (9, 3, 3, 1)].
-> E = <Lh|CC*> + <ALhAL*|CC*|ARhAR*> + <CC*|Rh> = None + None + 0.3072718904266586 = 0.3072718904266586.
- C_updated leg dimensions: [(1, 1, 3, 3), (3, 1, 3, 9), (9, 1, 3, 18), (18, 1, 3, 18), (18, 1, 3, 18), (18, 1, 3, 18), (18, 1, 3, 18), (18, 1, 3, 18), (18, 1, 3, 9), (9, 1, 3, 3), (3, 1, 3, 1)].
- largest Hermiticity error: 4.999746428021662e-07.
- maximal number of matvec operations: 31.
-> E_updated = 0.307271889543417.
Orthogonality column 1:
- C leg dimensions: [(1, 2, 3, 3), (3, 1, 3, 9), (9, 2, 3, 18), (18, 1, 3, 18), (18, 2, 3, 18), (18, 2, 3, 18), (18, 1, 3, 18), (18, 2, 3, 18), (18, 1, 3, 9), (9, 2, 3, 3), (3, 1, 3, 1)].
- Rh leg dimensions: [(1, 3, 3, 9), (9, 3, 3, 27), (27, 3, 3, 27), (27, 3, 3, 27), (27, 3, 3, 27), (27, 3, 3, 27), (27, 3, 3, 27), (27, 3, 3, 27), (27, 3, 3, 27), (27, 3, 3, 9), (9, 3, 3, 1)].
-> E = <Lh|CC*> + <ALhAL*|CC*|ARhAR*> + <CC*|Rh> = None + 0.4304764126124045 + -0.12767933125604597 = 0.3027970813563585.
- C_updated leg dimensions: [(1, 2, 3, 6), (6, 1, 3, 18), (18, 2, 3, 18), (18, 1, 3, 18), (18, 2, 3, 18), (18, 2, 3, 18), (18, 1, 3, 18), (18, 2, 3, 18), (18, 1, 3, 18), (18, 2, 3, 3), (3, 1, 3, 1)].
- largest Hermiticity error: 6.715311967710227e-07.
- maximal number of matvec operations: 51.
-> E_updated = 0.26404271777496435.
Orthogonality column 2:
- C leg dimensions: [(1, 2, 3, 6), (6, 2, 3, 18), (18, 2, 3, 18), (18, 2, 3, 18), (18, 2, 3, 18), (18, 3, 3, 18), (18, 2, 3, 18), (18, 2, 3, 18), (18, 2, 3, 18), (18, 2, 3, 3), (3, 2, 3, 1)].
- Lh leg dimensions: [(1, 2, 2, 4), (4, 2, 2, 3), (3, 2, 2, 8), (8, 2, 2, 3), (3, 2, 2, 9), (9, 3, 3, 3), (3, 2, 2, 8), (8, 2, 2, 3), (3, 2, 2, 8), (8, 2, 2, 3), (3, 2, 2, 1)].
- Rh leg dimensions: [(1, 3, 3, 9), (9, 3, 3, 27), (27, 3, 3, 27), (27, 3, 3, 27), (27, 3, 3, 27), (27, 3, 3, 27), (27, 3, 3, 27), (27, 3, 3, 27), (27, 3, 3, 27), (27, 3, 3, 9), (9, 3, 3, 1)].
-> E = <Lh|CC*> + <ALhAL*|CC*|ARhAR*> + <CC*|Rh> = 0.42418547552456976 + -0.13627111847321433 + -0.015161294674251532 = 0.2727530623771039.
- C_updated leg dimensions: [(1, 2, 3, 6), (6, 2, 3, 18), (18, 2, 3, 18), (18, 2, 3, 18), (18, 2, 3, 18), (18, 3, 3, 18), (18, 2, 3, 18), (18, 2, 3, 18), (18, 2, 3, 18), (18, 2, 3, 6), (6, 2, 3, 1)].
- largest Hermiticity error: 4.466179910956856e-07.
- maximal number of matvec operations: 51.
-> E_updated = 0.23349366754944076.
Orthogonality column 3:
- C leg dimensions: [(1, 3, 3, 6), (6, 2, 3, 18), (18, 3, 3, 18), (18, 2, 3, 18), (18, 3, 3, 18), (18, 3, 3, 18), (18, 3, 3, 18), (18, 3, 3, 18), (18, 2, 3, 18), (18, 3, 3, 6), (6, 2, 3, 1)].
- Lh leg dimensions: [(1, 3, 3, 8), (8, 2, 2, 25), (25, 3, 3, 8), (8, 2, 2, 25), (25, 3, 3, 12), (12, 3, 3, 27), (27, 3, 3, 8), (8, 3, 3, 25), (25, 2, 2, 8), (8, 3, 3, 4), (4, 2, 2, 1)].
- Rh leg dimensions: [(1, 3, 3, 9), (9, 3, 3, 27), (27, 3, 3, 27), (27, 3, 3, 27), (27, 3, 3, 27), (27, 3, 3, 27), (27, 3, 3, 27), (27, 3, 3, 27), (27, 3, 3, 27), (27, 3, 3, 9), (9, 3, 3, 1)].
-> E = <Lh|CC*> + <ALhAL*|CC*|ARhAR*> + <CC*|Rh> = 0.28441506852475107 + -0.07300753493918938 + 0.06967461656198523 = 0.2810821501475469.
- C_updated leg dimensions: [(1, 3, 3, 9), (9, 2, 3, 18), (18, 3, 3, 18), (18, 2, 3, 18), (18, 3, 3, 18), (18, 3, 3, 18), (18, 3, 3, 18), (18, 3, 3, 18), (18, 2, 3, 18), (18, 3, 3, 6), (6, 2, 3, 1)].
- largest Hermiticity error: 1.52204277855093e-07.
- maximal number of matvec operations: 51.
-> E_updated = 0.24303168455608584.
Orthogonality column 4:
- C leg dimensions: [(1, 3, 3, 9), (9, 3, 3, 18), (18, 3, 3, 18), (18, 3, 3, 18), (18, 3, 3, 18), (18, 3, 3, 18), (18, 3, 3, 18), (18, 3, 3, 18), (18, 3, 3, 18), (18, 3, 3, 6), (6, 3, 3, 1)].
- Lh leg dimensions: [(1, 3, 3, 9), (9, 3, 3, 27), (27, 3, 3, 27), (27, 3, 3, 27), (27, 3, 3, 27), (27, 3, 3, 27), (27, 3, 3, 27), (27, 3, 3, 27), (27, 3, 3, 27), (27, 3, 3, 8), (8, 3, 3, 1)].
- Rh leg dimensions: [(1, 3, 3, 9), (9, 3, 3, 27), (27, 3, 3, 27), (27, 3, 3, 27), (27, 3, 3, 27), (27, 3, 3, 27), (27, 3, 3, 27), (27, 3, 3, 27), (27, 3, 3, 27), (27, 3, 3, 9), (9, 3, 3, 1)].
-> E = <Lh|CC*> + <ALhAL*|CC*|ARhAR*> + <CC*|Rh> = 0.20296869291348862 + -0.09808195051432934 + 0.13012949441843852 = 0.2350162368175978.
- C_updated leg dimensions: [(1, 3, 3, 9), (9, 3, 3, 18), (18, 3, 3, 18), (18, 3, 3, 18), (18, 3, 3, 18), (18, 3, 3, 18), (18, 3, 3, 18), (18, 3, 3, 18), (18, 3, 3, 18), (18, 3, 3, 9), (9, 3, 3, 1)].
- largest Hermiticity error: 3.4838219545200047e-07.
- maximal number of matvec operations: 51.
-> E_updated = 0.1991022954121873.
Orthogonality column 5:
- C leg dimensions: [(1, 3, 3, 9), (9, 3, 3, 18), (18, 3, 3, 18), (18, 3, 3, 18), (18, 3, 3, 18), (18, 3, 3, 18), (18, 3, 3, 18), (18, 3, 3, 18), (18, 3, 3, 18), (18, 3, 3, 9), (9, 3, 3, 1)].
- Lh leg dimensions: [(1, 3, 3, 9), (9, 3, 3, 27), (27, 3, 3, 27), (27, 3, 3, 27), (27, 3, 3, 27), (27, 3, 3, 27), (27, 3, 3, 27), (27, 3, 3, 27), (27, 3, 3, 27), (27, 3, 3, 9), (9, 3, 3, 1)].
- Rh leg dimensions: [(1, 3, 3, 9), (9, 3, 3, 27), (27, 3, 3, 27), (27, 3, 3, 27), (27, 3, 3, 27), (27, 3, 3, 27), (27, 3, 3, 27), (27, 3, 3, 27), (27, 3, 3, 27), (27, 3, 3, 9), (9, 3, 3, 1)].
-> E = <Lh|CC*> + <ALhAL*|CC*|ARhAR*> + <CC*|Rh> = 0.11426088651163371 + -0.08695726463983312 + 0.21467786065341185 = 0.24198148252521245.
- C_updated leg dimensions: [(1, 3, 3, 9), (9, 3, 3, 18), (18, 3, 3, 18), (18, 3, 3, 18), (18, 3, 3, 18), (18, 3, 3, 18), (18, 3, 3, 18), (18, 3, 3, 18), (18, 3, 3, 18), (18, 3, 3, 9), (9, 3, 3, 1)].
- largest Hermiticity error: 2.0040866965443916e-08.
- maximal number of matvec operations: 51.
-> E_updated = 0.20128045563687974.
Orthogonality column 6:
- C leg dimensions: [(1, 3, 3, 9), (9, 3, 3, 18), (18, 3, 3, 18), (18, 3, 3, 18), (18, 3, 3, 18), (18, 3, 3, 18), (18, 3, 3, 18), (18, 3, 3, 18), (18, 3, 3, 18), (18, 3, 3, 9), (9, 3, 3, 1)].
- Lh leg dimensions: [(1, 3, 3, 9), (9, 3, 3, 27), (27, 3, 3, 27), (27, 3, 3, 27), (27, 3, 3, 27), (27, 3, 3, 27), (27, 3, 3, 27), (27, 3, 3, 27), (27, 3, 3, 27), (27, 3, 3, 9), (9, 3, 3, 1)].
- Rh leg dimensions: [(1, 3, 3, 9), (9, 3, 3, 27), (27, 3, 3, 27), (27, 3, 3, 27), (27, 3, 3, 27), (27, 3, 3, 27), (27, 3, 3, 27), (27, 3, 3, 27), (27, 3, 3, 27), (27, 3, 3, 9), (9, 3, 3, 1)].
-> E = <Lh|CC*> + <ALhAL*|CC*|ARhAR*> + <CC*|Rh> = 0.03215264005614155 + -0.08500086227792863 + 0.26708281600444556 = 0.21423459378265847.
- C_updated leg dimensions: [(1, 3, 3, 9), (9, 3, 3, 18), (18, 3, 3, 18), (18, 3, 3, 18), (18, 3, 3, 18), (18, 3, 3, 18), (18, 3, 3, 18), (18, 3, 3, 18), (18, 3, 3, 18), (18, 3, 3, 9), (9, 3, 3, 1)].
- largest Hermiticity error: 1.1822697074393915e-09.
- maximal number of matvec operations: 61.
-> E_updated = 0.1602499069600007.
Orthogonality column 7:
- C leg dimensions: [(1, 3, 3, 9), (9, 3, 3, 18), (18, 3, 3, 18), (18, 3, 3, 18), (18, 3, 3, 18), (18, 3, 3, 18), (18, 3, 3, 18), (18, 3, 3, 18), (18, 3, 3, 18), (18, 3, 3, 9), (9, 3, 3, 1)].
- Lh leg dimensions: [(1, 3, 3, 9), (9, 3, 3, 27), (27, 3, 3, 27), (27, 3, 3, 27), (27, 3, 3, 27), (27, 3, 3, 27), (27, 3, 3, 27), (27, 3, 3, 27), (27, 3, 3, 27), (27, 3, 3, 9), (9, 3, 3, 1)].
- Rh leg dimensions: [(1, 3, 3, 9), (9, 3, 3, 27), (27, 3, 3, 27), (27, 3, 3, 27), (27, 3, 3, 27), (27, 3, 3, 27), (27, 3, 3, 27), (27, 3, 3, 27), (27, 3, 3, 27), (27, 3, 3, 9), (9, 3, 3, 1)].
-> E = <Lh|CC*> + <ALhAL*|CC*|ARhAR*> + <CC*|Rh> = -0.047018786552067274 + -0.07193062338188111 + 0.2730875927667846 = 0.15413818283283626.
- C_updated leg dimensions: [(1, 3, 3, 9), (9, 3, 3, 18), (18, 3, 3, 18), (18, 3, 3, 18), (18, 3, 3, 18), (18, 3, 3, 18), (18, 3, 3, 18), (18, 3, 3, 18), (18, 3, 3, 18), (18, 3, 3, 9), (9, 3, 3, 1)].
- largest Hermiticity error: 1.3211595351096973e-08.
- maximal number of matvec operations: 61.
-> E_updated = 0.11557447757508445.
Orthogonality column 8:
- C leg dimensions: [(1, 3, 3, 9), (9, 3, 3, 18), (18, 3, 3, 18), (18, 3, 3, 18), (18, 3, 3, 18), (18, 3, 3, 18), (18, 3, 3, 18), (18, 3, 3, 18), (18, 3, 3, 18), (18, 3, 3, 9), (9, 3, 3, 1)].
- Lh leg dimensions: [(1, 3, 3, 9), (9, 3, 3, 27), (27, 3, 3, 27), (27, 3, 3, 27), (27, 3, 3, 27), (27, 3, 3, 27), (27, 3, 3, 27), (27, 3, 3, 27), (27, 3, 3, 27), (27, 3, 3, 9), (9, 3, 3, 1)].
- Rh leg dimensions: [(1, 3, 3, 8), (8, 3, 3, 27), (27, 3, 3, 27), (27, 3, 3, 27), (27, 3, 3, 27), (27, 3, 3, 27), (27, 3, 3, 27), (27, 3, 3, 27), (27, 3, 3, 27), (27, 3, 3, 9), (9, 3, 3, 1)].
-> E = <Lh|CC*> + <ALhAL*|CC*|ARhAR*> + <CC*|Rh> = -0.1021476520768264 + -0.08467904575594294 + 0.340011574841759 = 0.15318487700898964.
- C_updated leg dimensions: [(1, 3, 3, 9), (9, 3, 3, 18), (18, 3, 3, 18), (18, 3, 3, 18), (18, 3, 3, 18), (18, 3, 3, 18), (18, 3, 3, 18), (18, 3, 3, 18), (18, 3, 3, 18), (18, 3, 3, 9), (9, 3, 3, 1)].
- largest Hermiticity error: 5.368405122618639e-09.
- maximal number of matvec operations: 61.
-> E_updated = 0.12198738610459416.
Orthogonality column 9:
- C leg dimensions: [(1, 3, 2, 9), (9, 3, 3, 18), (18, 3, 2, 18), (18, 3, 3, 18), (18, 3, 3, 18), (18, 3, 3, 18), (18, 3, 3, 18), (18, 3, 2, 18), (18, 3, 3, 18), (18, 3, 2, 9), (9, 3, 3, 1)].
- Lh leg dimensions: [(1, 3, 3, 9), (9, 3, 3, 27), (27, 3, 3, 27), (27, 3, 3, 27), (27, 3, 3, 27), (27, 3, 3, 27), (27, 3, 3, 27), (27, 3, 3, 27), (27, 3, 3, 27), (27, 3, 3, 9), (9, 3, 3, 1)].
- Rh leg dimensions: [(1, 2, 2, 4), (4, 3, 3, 8), (8, 2, 2, 25), (25, 3, 3, 8), (8, 3, 3, 27), (27, 3, 3, 12), (12, 3, 3, 25), (25, 2, 2, 8), (8, 3, 3, 25), (25, 2, 2, 8), (8, 3, 3, 1)].
-> E = <Lh|CC*> + <ALhAL*|CC*|ARhAR*> + <CC*|Rh> = -0.14901037057808655 + -0.08846906579336279 + 0.41566025942307944 = 0.17818082305163008.
- C_updated leg dimensions: [(1, 3, 2, 6), (6, 3, 3, 18), (18, 3, 2, 18), (18, 3, 3, 18), (18, 3, 3, 18), (18, 3, 3, 18), (18, 3, 3, 18), (18, 3, 2, 18), (18, 3, 3, 18), (18, 3, 2, 9), (9, 3, 3, 1)].
- largest Hermiticity error: 1.4745680546271791e-08.
- maximal number of matvec operations: 61.
-> E_updated = 0.15656430506012756.
Orthogonality column 10:
- C leg dimensions: [(1, 3, 2, 6), (6, 3, 2, 18), (18, 3, 2, 18), (18, 3, 2, 18), (18, 3, 2, 18), (18, 3, 3, 18), (18, 3, 2, 18), (18, 3, 2, 18), (18, 3, 2, 18), (18, 3, 2, 9), (9, 3, 2, 1)].
- Lh leg dimensions: [(1, 3, 3, 9), (9, 3, 3, 27), (27, 3, 3, 27), (27, 3, 3, 27), (27, 3, 3, 27), (27, 3, 3, 27), (27, 3, 3, 27), (27, 3, 3, 27), (27, 3, 3, 27), (27, 3, 3, 9), (9, 3, 3, 1)].
- Rh leg dimensions: [(1, 2, 2, 3), (3, 2, 2, 8), (8, 2, 2, 3), (3, 2, 2, 8), (8, 2, 2, 3), (3, 3, 3, 9), (9, 2, 2, 3), (3, 2, 2, 8), (8, 2, 2, 3), (3, 2, 2, 4), (4, 2, 2, 1)].
-> E = <Lh|CC*> + <ALhAL*|CC*|ARhAR*> + <CC*|Rh> = -0.18864922555912225 + -0.12073257138788955 + 0.5364349403774683 = 0.22705314343045652.
- C_updated leg dimensions: [(1, 3, 2, 6), (6, 3, 2, 18), (18, 3, 2, 18), (18, 3, 2, 18), (18, 3, 2, 18), (18, 3, 3, 18), (18, 3, 2, 18), (18, 3, 2, 18), (18, 3, 2, 18), (18, 3, 2, 6), (6, 3, 2, 1)].
- largest Hermiticity error: 8.836908395038024e-09.
- maximal number of matvec operations: 51.
-> E_updated = 0.21162090074948625.
Orthogonality column 11:
- C leg dimensions: [(1, 3, 1, 6), (6, 3, 2, 18), (18, 3, 1, 18), (18, 3, 2, 18), (18, 3, 1, 18), (18, 3, 2, 18), (18, 3, 2, 18), (18, 3, 1, 18), (18, 3, 2, 18), (18, 3, 1, 6), (6, 3, 2, 1)].
- Lh leg dimensions: [(1, 3, 3, 9), (9, 3, 3, 27), (27, 3, 3, 27), (27, 3, 3, 27), (27, 3, 3, 27), (27, 3, 3, 27), (27, 3, 3, 27), (27, 3, 3, 27), (27, 3, 3, 27), (27, 3, 3, 9), (9, 3, 3, 1)].
-> E = <Lh|CC*> + <ALhAL*|CC*|ARhAR*> + <CC*|Rh> = -0.26707268155320857 + 0.5395294022179661 + None = 0.2724567206647575.
- C_updated leg dimensions: [(1, 3, 1, 3), (3, 3, 2, 18), (18, 3, 1, 18), (18, 3, 2, 18), (18, 3, 1, 18), (18, 3, 2, 18), (18, 3, 2, 18), (18, 3, 1, 18), (18, 3, 2, 18), (18, 3, 1, 6), (6, 3, 2, 1)].
- largest Hermiticity error: 6.4450617996925666e-09.
- maximal number of matvec operations: 51.
-> E_updated = 0.25494452228613296.
Orthogonality column 12:
- C leg dimensions: [(1, 3, 1, 3), (3, 3, 1, 9), (9, 3, 1, 18), (18, 3, 1, 18), (18, 3, 1, 18), (18, 3, 1, 18), (18, 3, 1, 18), (18, 3, 1, 18), (18, 3, 1, 18), (18, 3, 1, 6), (6, 3, 1, 1)].
- Lh leg dimensions: [(1, 3, 3, 9), (9, 3, 3, 27), (27, 3, 3, 27), (27, 3, 3, 27), (27, 3, 3, 27), (27, 3, 3, 27), (27, 3, 3, 27), (27, 3, 3, 27), (27, 3, 3, 27), (27, 3, 3, 9), (9, 3, 3, 1)].
-> E = <Lh|CC*> + <ALhAL*|CC*|ARhAR*> + <CC*|Rh> = 0.29924013088085394 + None + None = 0.29924013088085394.
- C_updated leg dimensions: [(1, 3, 1, 3), (3, 3, 1, 9), (9, 3, 1, 18), (18, 3, 1, 18), (18, 3, 1, 18), (18, 3, 1, 18), (18, 3, 1, 18), (18, 3, 1, 18), (18, 3, 1, 9), (9, 3, 1, 3), (3, 3, 1, 1)].
- largest Hermiticity error: 1.3888943609074646e-08.
- maximal number of matvec operations: 41.
-> E_updated = 0.2814315087524129.
Orthogonality column 11:
- C leg dimensions: [(1, 3, 1, 3), (3, 3, 2, 9), (9, 3, 1, 18), (18, 3, 2, 18), (18, 3, 1, 18), (18, 3, 2, 18), (18, 3, 2, 18), (18, 3, 1, 18), (18, 3, 2, 9), (9, 3, 1, 3), (3, 3, 2, 1)].
- Lh leg dimensions: [(1, 3, 3, 9), (9, 3, 3, 27), (27, 3, 3, 27), (27, 3, 3, 27), (27, 3, 3, 27), (27, 3, 3, 27), (27, 3, 3, 27), (27, 3, 3, 27), (27, 3, 3, 27), (27, 3, 3, 9), (9, 3, 3, 1)].
-> E = <Lh|CC*> + <ALhAL*|CC*|ARhAR*> + <CC*|Rh> = -0.2537298034000247 + 0.5401938640205642 + None = 0.28646406062053953.
- C_updated leg dimensions: [(1, 3, 1, 3), (3, 3, 2, 18), (18, 3, 1, 18), (18, 3, 2, 18), (18, 3, 1, 18), (18, 3, 2, 18), (18, 3, 2, 18), (18, 3, 1, 18), (18, 3, 2, 18), (18, 3, 1, 6), (6, 3, 2, 1)].
- largest Hermiticity error: 8.412539702873463e-09.
- maximal number of matvec operations: 51.
-> E_updated = 0.25494452228337905.
Orthogonality column 10:
- C leg dimensions: [(1, 3, 2, 3), (3, 3, 2, 18), (18, 3, 2, 18), (18, 3, 2, 18), (18, 3, 2, 18), (18, 3, 3, 18), (18, 3, 2, 18), (18, 3, 2, 18), (18, 3, 2, 18), (18, 3, 2, 6), (6, 3, 2, 1)].
- Lh leg dimensions: [(1, 3, 3, 9), (9, 3, 3, 27), (27, 3, 3, 27), (27, 3, 3, 27), (27, 3, 3, 27), (27, 3, 3, 27), (27, 3, 3, 27), (27, 3, 3, 27), (27, 3, 3, 27), (27, 3, 3, 9), (9, 3, 3, 1)].
- Rh leg dimensions: [(1, 2, 2, 3), (3, 2, 2, 8), (8, 2, 2, 3), (3, 2, 2, 8), (8, 2, 2, 3), (3, 3, 3, 9), (9, 2, 2, 3), (3, 2, 2, 8), (8, 2, 2, 3), (3, 2, 2, 4), (4, 2, 2, 1)].
-> E = <Lh|CC*> + <ALhAL*|CC*|ARhAR*> + <CC*|Rh> = -0.1748492630347946 + -0.11164456651130998 + 0.5372450850937613 = 0.25075125554765676.
- C_updated leg dimensions: [(1, 3, 2, 6), (6, 3, 2, 18), (18, 3, 2, 18), (18, 3, 2, 18), (18, 3, 2, 18), (18, 3, 3, 18), (18, 3, 2, 18), (18, 3, 2, 18), (18, 3, 2, 18), (18, 3, 2, 6), (6, 3, 2, 1)].
- largest Hermiticity error: 6.272889422221732e-09.
- maximal number of matvec operations: 51.
-> E_updated = 0.211583506472533.
Orthogonality column 9:
- C leg dimensions: [(1, 3, 2, 6), (6, 3, 3, 18), (18, 3, 2, 18), (18, 3, 3, 18), (18, 3, 3, 18), (18, 3, 3, 18), (18, 3, 3, 18), (18, 3, 2, 18), (18, 3, 3, 18), (18, 3, 2, 6), (6, 3, 3, 1)].
- Lh leg dimensions: [(1, 3, 3, 9), (9, 3, 3, 27), (27, 3, 3, 27), (27, 3, 3, 27), (27, 3, 3, 27), (27, 3, 3, 27), (27, 3, 3, 27), (27, 3, 3, 27), (27, 3, 3, 27), (27, 3, 3, 9), (9, 3, 3, 1)].
- Rh leg dimensions: [(1, 2, 2, 4), (4, 3, 3, 8), (8, 2, 2, 25), (25, 3, 3, 8), (8, 3, 3, 27), (27, 3, 3, 12), (12, 3, 3, 25), (25, 2, 2, 8), (8, 3, 3, 25), (25, 2, 2, 8), (8, 3, 3, 1)].
-> E = <Lh|CC*> + <ALhAL*|CC*|ARhAR*> + <CC*|Rh> = -0.13834719069835186 + -0.07983308253016182 + 0.41518598119516725 = 0.19700570796665356.
- C_updated leg dimensions: [(1, 3, 2, 6), (6, 3, 3, 18), (18, 3, 2, 18), (18, 3, 3, 18), (18, 3, 3, 18), (18, 3, 3, 18), (18, 3, 3, 18), (18, 3, 2, 18), (18, 3, 3, 18), (18, 3, 2, 9), (9, 3, 3, 1)].
- largest Hermiticity error: 1.1105031799306491e-08.
- maximal number of matvec operations: 61.
-> E_updated = 0.1564728750417654.
Orthogonality column 8:
- C leg dimensions: [(1, 3, 3, 6), (6, 3, 3, 18), (18, 3, 3, 18), (18, 3, 3, 18), (18, 3, 3, 18), (18, 3, 3, 18), (18, 3, 3, 18), (18, 3, 3, 18), (18, 3, 3, 18), (18, 3, 3, 9), (9, 3, 3, 1)].
- Lh leg dimensions: [(1, 3, 3, 9), (9, 3, 3, 27), (27, 3, 3, 27), (27, 3, 3, 27), (27, 3, 3, 27), (27, 3, 3, 27), (27, 3, 3, 27), (27, 3, 3, 27), (27, 3, 3, 27), (27, 3, 3, 9), (9, 3, 3, 1)].
- Rh leg dimensions: [(1, 3, 3, 8), (8, 3, 3, 27), (27, 3, 3, 27), (27, 3, 3, 27), (27, 3, 3, 27), (27, 3, 3, 27), (27, 3, 3, 27), (27, 3, 3, 27), (27, 3, 3, 27), (27, 3, 3, 9), (9, 3, 3, 1)].
-> E = <Lh|CC*> + <ALhAL*|CC*|ARhAR*> + <CC*|Rh> = -0.08438327419552176 + -0.08952236989836489 + 0.32734350211492236 = 0.1534378580210357.
- C_updated leg dimensions: [(1, 3, 3, 9), (9, 3, 3, 18), (18, 3, 3, 18), (18, 3, 3, 18), (18, 3, 3, 18), (18, 3, 3, 18), (18, 3, 3, 18), (18, 3, 3, 18), (18, 3, 3, 18), (18, 3, 3, 9), (9, 3, 3, 1)].
- largest Hermiticity error: 4.142372824746131e-09.
- maximal number of matvec operations: 61.
-> E_updated = 0.1169856275618225.
Orthogonality column 7:
- C leg dimensions: [(1, 3, 3, 9), (9, 3, 3, 18), (18, 3, 3, 18), (18, 3, 3, 18), (18, 3, 3, 18), (18, 3, 3, 18), (18, 3, 3, 18), (18, 3, 3, 18), (18, 3, 3, 18), (18, 3, 3, 9), (9, 3, 3, 1)].
- Lh leg dimensions: [(1, 3, 3, 9), (9, 3, 3, 27), (27, 3, 3, 27), (27, 3, 3, 27), (27, 3, 3, 27), (27, 3, 3, 27), (27, 3, 3, 27), (27, 3, 3, 27), (27, 3, 3, 27), (27, 3, 3, 9), (9, 3, 3, 1)].
- Rh leg dimensions: [(1, 3, 3, 9), (9, 3, 3, 27), (27, 3, 3, 27), (27, 3, 3, 27), (27, 3, 3, 27), (27, 3, 3, 27), (27, 3, 3, 27), (27, 3, 3, 27), (27, 3, 3, 27), (27, 3, 3, 9), (9, 3, 3, 1)].
-> E = <Lh|CC*> + <ALhAL*|CC*|ARhAR*> + <CC*|Rh> = -0.027194695950073924 + -0.08507971993189421 + 0.247010842506532 = 0.13473642662456387.
- C_updated leg dimensions: [(1, 3, 3, 9), (9, 3, 3, 18), (18, 3, 3, 18), (18, 3, 3, 18), (18, 3, 3, 18), (18, 3, 3, 18), (18, 3, 3, 18), (18, 3, 3, 18), (18, 3, 3, 18), (18, 3, 3, 9), (9, 3, 3, 1)].
- largest Hermiticity error: 1.87867914209459e-08.
- maximal number of matvec operations: 61.
-> E_updated = 0.10480876696152176.
Orthogonality column 6:
- C leg dimensions: [(1, 3, 3, 9), (9, 3, 3, 18), (18, 3, 3, 18), (18, 3, 3, 18), (18, 3, 3, 18), (18, 3, 3, 18), (18, 3, 3, 18), (18, 3, 3, 18), (18, 3, 3, 18), (18, 3, 3, 9), (9, 3, 3, 1)].
- Lh leg dimensions: [(1, 3, 3, 9), (9, 3, 3, 27), (27, 3, 3, 27), (27, 3, 3, 27), (27, 3, 3, 27), (27, 3, 3, 27), (27, 3, 3, 27), (27, 3, 3, 27), (27, 3, 3, 27), (27, 3, 3, 9), (9, 3, 3, 1)].
- Rh leg dimensions: [(1, 3, 3, 9), (9, 3, 3, 27), (27, 3, 3, 27), (27, 3, 3, 27), (27, 3, 3, 27), (27, 3, 3, 27), (27, 3, 3, 27), (27, 3, 3, 27), (27, 3, 3, 27), (27, 3, 3, 9), (9, 3, 3, 1)].
-> E = <Lh|CC*> + <ALhAL*|CC*|ARhAR*> + <CC*|Rh> = 0.052938481360629494 + -0.09683735910513774 + 0.19372492096025737 = 0.1498260432157491.
- C_updated leg dimensions: [(1, 3, 3, 9), (9, 3, 3, 18), (18, 3, 3, 18), (18, 3, 3, 18), (18, 3, 3, 18), (18, 3, 3, 18), (18, 3, 3, 18), (18, 3, 3, 18), (18, 3, 3, 18), (18, 3, 3, 9), (9, 3, 3, 1)].
- largest Hermiticity error: 3.307951202673092e-08.
- maximal number of matvec operations: 61.
-> E_updated = 0.12183370915000966.
Orthogonality column 5:
- C leg dimensions: [(1, 3, 3, 9), (9, 3, 3, 18), (18, 3, 3, 18), (18, 3, 3, 18), (18, 3, 3, 18), (18, 3, 3, 18), (18, 3, 3, 18), (18, 3, 3, 18), (18, 3, 3, 18), (18, 3, 3, 9), (9, 3, 3, 1)].
- Lh leg dimensions: [(1, 3, 3, 9), (9, 3, 3, 27), (27, 3, 3, 27), (27, 3, 3, 27), (27, 3, 3, 27), (27, 3, 3, 27), (27, 3, 3, 27), (27, 3, 3, 27), (27, 3, 3, 27), (27, 3, 3, 9), (9, 3, 3, 1)].
- Rh leg dimensions: [(1, 3, 3, 9), (9, 3, 3, 27), (27, 3, 3, 27), (27, 3, 3, 27), (27, 3, 3, 27), (27, 3, 3, 27), (27, 3, 3, 27), (27, 3, 3, 27), (27, 3, 3, 27), (27, 3, 3, 9), (9, 3, 3, 1)].
-> E = <Lh|CC*> + <ALhAL*|CC*|ARhAR*> + <CC*|Rh> = 0.12772859488153657 + -0.08961396187373921 + 0.12073163305116028 = 0.15884626605895763.
- C_updated leg dimensions: [(1, 3, 3, 9), (9, 3, 3, 18), (18, 3, 3, 18), (18, 3, 3, 18), (18, 3, 3, 18), (18, 3, 3, 18), (18, 3, 3, 18), (18, 3, 3, 18), (18, 3, 3, 18), (18, 3, 3, 9), (9, 3, 3, 1)].
- largest Hermiticity error: 5.084929250766854e-08.
- maximal number of matvec operations: 61.
-> E_updated = 0.13817676884650967.
Orthogonality column 4:
- C leg dimensions: [(1, 3, 3, 9), (9, 3, 3, 18), (18, 3, 3, 18), (18, 3, 3, 18), (18, 3, 3, 18), (18, 3, 3, 18), (18, 3, 3, 18), (18, 3, 3, 18), (18, 3, 3, 18), (18, 3, 3, 9), (9, 3, 3, 1)].
- Lh leg dimensions: [(1, 3, 3, 9), (9, 3, 3, 27), (27, 3, 3, 27), (27, 3, 3, 27), (27, 3, 3, 27), (27, 3, 3, 27), (27, 3, 3, 27), (27, 3, 3, 27), (27, 3, 3, 27), (27, 3, 3, 8), (8, 3, 3, 1)].
- Rh leg dimensions: [(1, 3, 3, 9), (9, 3, 3, 27), (27, 3, 3, 27), (27, 3, 3, 27), (27, 3, 3, 27), (27, 3, 3, 27), (27, 3, 3, 27), (27, 3, 3, 27), (27, 3, 3, 27), (27, 3, 3, 9), (9, 3, 3, 1)].
-> E = <Lh|CC*> + <ALhAL*|CC*|ARhAR*> + <CC*|Rh> = 0.20941079628739812 + -0.1020080308208013 + 0.05841989760212455 = 0.16582266306872137.
- C_updated leg dimensions: [(1, 3, 3, 9), (9, 3, 3, 18), (18, 3, 3, 18), (18, 3, 3, 18), (18, 3, 3, 18), (18, 3, 3, 18), (18, 3, 3, 18), (18, 3, 3, 18), (18, 3, 3, 18), (18, 3, 3, 9), (9, 3, 3, 1)].
- largest Hermiticity error: 2.0741696511275483e-08.
- maximal number of matvec operations: 61.
-> E_updated = 0.14663035238596106.
Orthogonality column 3:
- C leg dimensions: [(1, 3, 3, 9), (9, 2, 3, 18), (18, 3, 3, 18), (18, 2, 3, 18), (18, 3, 3, 18), (18, 3, 3, 18), (18, 3, 3, 18), (18, 3, 3, 18), (18, 2, 3, 18), (18, 3, 3, 6), (6, 2, 3, 1)].
- Lh leg dimensions: [(1, 3, 3, 8), (8, 2, 2, 25), (25, 3, 3, 8), (8, 2, 2, 25), (25, 3, 3, 12), (12, 3, 3, 27), (27, 3, 3, 8), (8, 3, 3, 25), (25, 2, 2, 8), (8, 3, 3, 4), (4, 2, 2, 1)].
- Rh leg dimensions: [(1, 3, 3, 9), (9, 3, 3, 27), (27, 3, 3, 27), (27, 3, 3, 27), (27, 3, 3, 27), (27, 3, 3, 27), (27, 3, 3, 27), (27, 3, 3, 27), (27, 3, 3, 27), (27, 3, 3, 9), (9, 3, 3, 1)].
-> E = <Lh|CC*> + <ALhAL*|CC*|ARhAR*> + <CC*|Rh> = 0.2879927480280679 + -0.08122979822588332 + 0.007828113034387846 = 0.21459106283657242.
- C_updated leg dimensions: [(1, 3, 3, 9), (9, 2, 3, 18), (18, 3, 3, 18), (18, 2, 3, 18), (18, 3, 3, 18), (18, 3, 3, 18), (18, 3, 3, 18), (18, 3, 3, 18), (18, 2, 3, 18), (18, 3, 3, 6), (6, 2, 3, 1)].
- largest Hermiticity error: 2.6779698054544348e-08.
- maximal number of matvec operations: 51.
-> E_updated = 0.20397797578586302.
Orthogonality column 2:
- C leg dimensions: [(1, 2, 3, 6), (6, 2, 3, 18), (18, 2, 3, 18), (18, 2, 3, 18), (18, 2, 3, 18), (18, 3, 3, 18), (18, 2, 3, 18), (18, 2, 3, 18), (18, 2, 3, 18), (18, 2, 3, 6), (6, 2, 3, 1)].
- Lh leg dimensions: [(1, 2, 2, 4), (4, 2, 2, 3), (3, 2, 2, 8), (8, 2, 2, 3), (3, 2, 2, 9), (9, 3, 3, 3), (3, 2, 2, 8), (8, 2, 2, 3), (3, 2, 2, 8), (8, 2, 2, 3), (3, 2, 2, 1)].
- Rh leg dimensions: [(1, 3, 3, 9), (9, 3, 3, 27), (27, 3, 3, 27), (27, 3, 3, 27), (27, 3, 3, 27), (27, 3, 3, 27), (27, 3, 3, 27), (27, 3, 3, 27), (27, 3, 3, 27), (27, 3, 3, 9), (9, 3, 3, 1)].
-> E = <Lh|CC*> + <ALhAL*|CC*|ARhAR*> + <CC*|Rh> = 0.43361328858284715 + -0.1432074695033013 + -0.02907047654650834 = 0.26133534253303753.
- C_updated leg dimensions: [(1, 2, 3, 6), (6, 2, 3, 18), (18, 2, 3, 18), (18, 2, 3, 18), (18, 2, 3, 18), (18, 3, 3, 18), (18, 2, 3, 18), (18, 2, 3, 18), (18, 2, 3, 18), (18, 2, 3, 6), (6, 2, 3, 1)].
- largest Hermiticity error: 8.259154016343946e-08.
- maximal number of matvec operations: 51.
-> E_updated = 0.2224014716870635.
Orthogonality column 1:
- C leg dimensions: [(1, 2, 3, 6), (6, 1, 3, 18), (18, 2, 3, 18), (18, 1, 3, 18), (18, 2, 3, 18), (18, 2, 3, 18), (18, 1, 3, 18), (18, 2, 3, 18), (18, 1, 3, 18), (18, 2, 3, 3), (3, 1, 3, 1)].
- Rh leg dimensions: [(1, 3, 3, 9), (9, 3, 3, 27), (27, 3, 3, 27), (27, 3, 3, 27), (27, 3, 3, 27), (27, 3, 3, 27), (27, 3, 3, 27), (27, 3, 3, 27), (27, 3, 3, 27), (27, 3, 3, 9), (9, 3, 3, 1)].
-> E = <Lh|CC*> + <ALhAL*|CC*|ARhAR*> + <CC*|Rh> = None + 0.42947108813607215 + -0.1410963423652052 = 0.28837474577086697.
- C_updated leg dimensions: [(1, 2, 3, 6), (6, 1, 3, 18), (18, 2, 3, 18), (18, 1, 3, 18), (18, 2, 3, 18), (18, 2, 3, 18), (18, 1, 3, 18), (18, 2, 3, 18), (18, 1, 3, 18), (18, 2, 3, 3), (3, 1, 3, 1)].
- largest Hermiticity error: 9.131844917539536e-08.
- maximal number of matvec operations: 51.
-> E_updated = 0.2728906336803815.
Orthogonality column 0:
- C leg dimensions: [(1, 1, 3, 3), (3, 1, 3, 9), (9, 1, 3, 18), (18, 1, 3, 18), (18, 1, 3, 18), (18, 1, 3, 18), (18, 1, 3, 18), (18, 1, 3, 18), (18, 1, 3, 18), (18, 1, 3, 3), (3, 1, 3, 1)].
- Rh leg dimensions: [(1, 3, 3, 9), (9, 3, 3, 27), (27, 3, 3, 27), (27, 3, 3, 27), (27, 3, 3, 27), (27, 3, 3, 27), (27, 3, 3, 27), (27, 3, 3, 27), (27, 3, 3, 27), (27, 3, 3, 9), (9, 3, 3, 1)].
-> E = <Lh|CC*> + <ALhAL*|CC*|ARhAR*> + <CC*|Rh> = None + None + 0.3313879221017119 = 0.3313879221017119.
- C_updated leg dimensions: [(1, 1, 3, 3), (3, 1, 3, 9), (9, 1, 3, 18), (18, 1, 3, 18), (18, 1, 3, 18), (18, 1, 3, 18), (18, 1, 3, 18), (18, 1, 3, 18), (18, 1, 3, 9), (9, 1, 3, 3), (3, 1, 3, 1)].
- largest Hermiticity error: 1.1209910384626444e-07.
- maximal number of matvec operations: 41.
-> E_updated = 0.3077834109947467.
=> <H> - E0 = 0.20630727205551125.

DMRGSquared sweep 3 ...
Orthogonality column 0:
- C leg dimensions: [(1, 1, 3, 3), (3, 1, 3, 9), (9, 1, 3, 18), (18, 1, 3, 18), (18, 1, 3, 18), (18, 1, 3, 18), (18, 1, 3, 18), (18, 1, 3, 18), (18, 1, 3, 9), (9, 1, 3, 3), (3, 1, 3, 1)].
- Rh leg dimensions: [(1, 3, 3, 9), (9, 3, 3, 27), (27, 3, 3, 27), (27, 3, 3, 27), (27, 3, 3, 27), (27, 3, 3, 27), (27, 3, 3, 27), (27, 3, 3, 27), (27, 3, 3, 27), (27, 3, 3, 9), (9, 3, 3, 1)].
-> E = <Lh|CC*> + <ALhAL*|CC*|ARhAR*> + <CC*|Rh> = None + None + 0.30778341140292603 = 0.30778341140292603.
- C_updated leg dimensions: [(1, 1, 3, 3), (3, 1, 3, 9), (9, 1, 3, 18), (18, 1, 3, 18), (18, 1, 3, 18), (18, 1, 3, 18), (18, 1, 3, 18), (18, 1, 3, 18), (18, 1, 3, 9), (9, 1, 3, 3), (3, 1, 3, 1)].
- largest Hermiticity error: 6.572656242355866e-08.
- maximal number of matvec operations: 41.
-> E_updated = 0.3077834109956231.
Orthogonality column 1:
- C leg dimensions: [(1, 2, 3, 3), (3, 1, 3, 9), (9, 2, 3, 18), (18, 1, 3, 18), (18, 2, 3, 18), (18, 2, 3, 18), (18, 1, 3, 18), (18, 2, 3, 18), (18, 1, 3, 9), (9, 2, 3, 3), (3, 1, 3, 1)].
- Rh leg dimensions: [(1, 3, 3, 9), (9, 3, 3, 27), (27, 3, 3, 27), (27, 3, 3, 27), (27, 3, 3, 27), (27, 3, 3, 27), (27, 3, 3, 27), (27, 3, 3, 27), (27, 3, 3, 27), (27, 3, 3, 9), (9, 3, 3, 1)].
-> E = <Lh|CC*> + <ALhAL*|CC*|ARhAR*> + <CC*|Rh> = None + 0.44213108773471926 + -0.13158255702087293 = 0.31054853071384636.
- C_updated leg dimensions: [(1, 2, 3, 6), (6, 1, 3, 18), (18, 2, 3, 18), (18, 1, 3, 18), (18, 2, 3, 18), (18, 2, 3, 18), (18, 1, 3, 18), (18, 2, 3, 18), (18, 1, 3, 18), (18, 2, 3, 3), (3, 1, 3, 1)].
- largest Hermiticity error: 1.3184867427878738e-07.
- maximal number of matvec operations: 51.
-> E_updated = 0.2728906337049145.
Orthogonality column 2:
- C leg dimensions: [(1, 2, 3, 6), (6, 2, 3, 18), (18, 2, 3, 18), (18, 2, 3, 18), (18, 2, 3, 18), (18, 3, 3, 18), (18, 2, 3, 18), (18, 2, 3, 18), (18, 2, 3, 18), (18, 2, 3, 3), (3, 2, 3, 1)].
- Lh leg dimensions: [(1, 2, 2, 4), (4, 2, 2, 3), (3, 2, 2, 8), (8, 2, 2, 3), (3, 2, 2, 9), (9, 3, 3, 3), (3, 2, 2, 8), (8, 2, 2, 3), (3, 2, 2, 8), (8, 2, 2, 3), (3, 2, 2, 1)].
- Rh leg dimensions: [(1, 3, 3, 9), (9, 3, 3, 27), (27, 3, 3, 27), (27, 3, 3, 27), (27, 3, 3, 27), (27, 3, 3, 27), (27, 3, 3, 27), (27, 3, 3, 27), (27, 3, 3, 27), (27, 3, 3, 9), (9, 3, 3, 1)].
-> E = <Lh|CC*> + <ALhAL*|CC*|ARhAR*> + <CC*|Rh> = 0.4278188568456732 + -0.13124051187663702 + -0.03450349561437655 = 0.2620748493546597.
- C_updated leg dimensions: [(1, 2, 3, 6), (6, 2, 3, 18), (18, 2, 3, 18), (18, 2, 3, 18), (18, 2, 3, 18), (18, 3, 3, 18), (18, 2, 3, 18), (18, 2, 3, 18), (18, 2, 3, 18), (18, 2, 3, 6), (6, 2, 3, 1)].
- largest Hermiticity error: 8.595246291646228e-08.
- maximal number of matvec operations: 51.
-> E_updated = 0.22243677203570295.
Orthogonality column 3:
- C leg dimensions: [(1, 3, 3, 6), (6, 2, 3, 18), (18, 3, 3, 18), (18, 2, 3, 18), (18, 3, 3, 18), (18, 3, 3, 18), (18, 3, 3, 18), (18, 3, 3, 18), (18, 2, 3, 18), (18, 3, 3, 6), (6, 2, 3, 1)].
- Lh leg dimensions: [(1, 3, 3, 8), (8, 2, 2, 25), (25, 3, 3, 8), (8, 2, 2, 25), (25, 3, 3, 12), (12, 3, 3, 27), (27, 3, 3, 8), (8, 3, 3, 25), (25, 2, 2, 8), (8, 3, 3, 4), (4, 2, 2, 1)].
- Rh leg dimensions: [(1, 3, 3, 9), (9, 3, 3, 27), (27, 3, 3, 27), (27, 3, 3, 27), (27, 3, 3, 27), (27, 3, 3, 27), (27, 3, 3, 27), (27, 3, 3, 27), (27, 3, 3, 27), (27, 3, 3, 9), (9, 3, 3, 1)].
-> E = <Lh|CC*> + <ALhAL*|CC*|ARhAR*> + <CC*|Rh> = 0.2855793305174464 + -0.09825171884087767 + 0.03308280150671025 = 0.22041041318327895.
- C_updated leg dimensions: [(1, 3, 3, 9), (9, 2, 3, 18), (18, 3, 3, 18), (18, 2, 3, 18), (18, 3, 3, 18), (18, 3, 3, 18), (18, 3, 3, 18), (18, 3, 3, 18), (18, 2, 3, 18), (18, 3, 3, 6), (6, 2, 3, 1)].
- largest Hermiticity error: 2.8453273530265966e-08.
- maximal number of matvec operations: 51.
-> E_updated = 0.1817138135394839.
Orthogonality column 4:
- C leg dimensions: [(1, 3, 3, 9), (9, 3, 3, 18), (18, 3, 3, 18), (18, 3, 3, 18), (18, 3, 3, 18), (18, 3, 3, 18), (18, 3, 3, 18), (18, 3, 3, 18), (18, 3, 3, 18), (18, 3, 3, 6), (6, 3, 3, 1)].
- Lh leg dimensions: [(1, 3, 3, 9), (9, 3, 3, 27), (27, 3, 3, 27), (27, 3, 3, 27), (27, 3, 3, 27), (27, 3, 3, 27), (27, 3, 3, 27), (27, 3, 3, 27), (27, 3, 3, 27), (27, 3, 3, 8), (8, 3, 3, 1)].
- Rh leg dimensions: [(1, 3, 3, 9), (9, 3, 3, 27), (27, 3, 3, 27), (27, 3, 3, 27), (27, 3, 3, 27), (27, 3, 3, 27), (27, 3, 3, 27), (27, 3, 3, 27), (27, 3, 3, 27), (27, 3, 3, 9), (9, 3, 3, 1)].
-> E = <Lh|CC*> + <ALhAL*|CC*|ARhAR*> + <CC*|Rh> = 0.1769475733738569 + -0.09232618583009955 + 0.06488411521911643 = 0.14950550276287378.
- C_updated leg dimensions: [(1, 3, 3, 9), (9, 3, 3, 18), (18, 3, 3, 18), (18, 3, 3, 18), (18, 3, 3, 18), (18, 3, 3, 18), (18, 3, 3, 18), (18, 3, 3, 18), (18, 3, 3, 18), (18, 3, 3, 9), (9, 3, 3, 1)].
- largest Hermiticity error: 2.9090750149476436e-08.
- maximal number of matvec operations: 61.
-> E_updated = 0.12467137504003165.
Orthogonality column 5:
- C leg dimensions: [(1, 3, 3, 9), (9, 3, 3, 18), (18, 3, 3, 18), (18, 3, 3, 18), (18, 3, 3, 18), (18, 3, 3, 18), (18, 3, 3, 18), (18, 3, 3, 18), (18, 3, 3, 18), (18, 3, 3, 9), (9, 3, 3, 1)].
- Lh leg dimensions: [(1, 3, 3, 9), (9, 3, 3, 27), (27, 3, 3, 27), (27, 3, 3, 27), (27, 3, 3, 27), (27, 3, 3, 27), (27, 3, 3, 27), (27, 3, 3, 27), (27, 3, 3, 27), (27, 3, 3, 9), (9, 3, 3, 1)].
- Rh leg dimensions: [(1, 3, 3, 9), (9, 3, 3, 27), (27, 3, 3, 27), (27, 3, 3, 27), (27, 3, 3, 27), (27, 3, 3, 27), (27, 3, 3, 27), (27, 3, 3, 27), (27, 3, 3, 27), (27, 3, 3, 9), (9, 3, 3, 1)].
-> E = <Lh|CC*> + <ALhAL*|CC*|ARhAR*> + <CC*|Rh> = 0.09623282364124 + -0.08813464603721727 + 0.1401610633966139 = 0.14825924100063664.
- C_updated leg dimensions: [(1, 3, 3, 9), (9, 3, 3, 18), (18, 3, 3, 18), (18, 3, 3, 18), (18, 3, 3, 18), (18, 3, 3, 18), (18, 3, 3, 18), (18, 3, 3, 18), (18, 3, 3, 18), (18, 3, 3, 9), (9, 3, 3, 1)].
- largest Hermiticity error: 4.391006997978074e-08.
- maximal number of matvec operations: 61.
-> E_updated = 0.1174017185186035.
Orthogonality column 6:
- C leg dimensions: [(1, 3, 3, 9), (9, 3, 3, 18), (18, 3, 3, 18), (18, 3, 3, 18), (18, 3, 3, 18), (18, 3, 3, 18), (18, 3, 3, 18), (18, 3, 3, 18), (18, 3, 3, 18), (18, 3, 3, 9), (9, 3, 3, 1)].
- Lh leg dimensions: [(1, 3, 3, 9), (9, 3, 3, 27), (27, 3, 3, 27), (27, 3, 3, 27), (27, 3, 3, 27), (27, 3, 3, 27), (27, 3, 3, 27), (27, 3, 3, 27), (27, 3, 3, 27), (27, 3, 3, 9), (9, 3, 3, 1)].
- Rh leg dimensions: [(1, 3, 3, 9), (9, 3, 3, 27), (27, 3, 3, 27), (27, 3, 3, 27), (27, 3, 3, 27), (27, 3, 3, 27), (27, 3, 3, 27), (27, 3, 3, 27), (27, 3, 3, 27), (27, 3, 3, 9), (9, 3, 3, 1)].
-> E = <Lh|CC*> + <ALhAL*|CC*|ARhAR*> + <CC*|Rh> = 0.0212768757243488 + -0.0976025127181004 + 0.2027963699476789 = 0.1264707329539273.
- C_updated leg dimensions: [(1, 3, 3, 9), (9, 3, 3, 18), (18, 3, 3, 18), (18, 3, 3, 18), (18, 3, 3, 18), (18, 3, 3, 18), (18, 3, 3, 18), (18, 3, 3, 18), (18, 3, 3, 18), (18, 3, 3, 9), (9, 3, 3, 1)].
- largest Hermiticity error: 1.7884347392417276e-08.
- maximal number of matvec operations: 61.
-> E_updated = 0.10575326589203471.
Orthogonality column 7:
- C leg dimensions: [(1, 3, 3, 9), (9, 3, 3, 18), (18, 3, 3, 18), (18, 3, 3, 18), (18, 3, 3, 18), (18, 3, 3, 18), (18, 3, 3, 18), (18, 3, 3, 18), (18, 3, 3, 18), (18, 3, 3, 9), (9, 3, 3, 1)].
- Lh leg dimensions: [(1, 3, 3, 9), (9, 3, 3, 27), (27, 3, 3, 27), (27, 3, 3, 27), (27, 3, 3, 27), (27, 3, 3, 27), (27, 3, 3, 27), (27, 3, 3, 27), (27, 3, 3, 27), (27, 3, 3, 9), (9, 3, 3, 1)].
- Rh leg dimensions: [(1, 3, 3, 9), (9, 3, 3, 27), (27, 3, 3, 27), (27, 3, 3, 27), (27, 3, 3, 27), (27, 3, 3, 27), (27, 3, 3, 27), (27, 3, 3, 27), (27, 3, 3, 27), (27, 3, 3, 9), (9, 3, 3, 1)].
-> E = <Lh|CC*> + <ALhAL*|CC*|ARhAR*> + <CC*|Rh> = -0.048445828538282866 + -0.08334066576395155 + 0.25864193047564027 = 0.12685543617340586.
- C_updated leg dimensions: [(1, 3, 3, 9), (9, 3, 3, 18), (18, 3, 3, 18), (18, 3, 3, 18), (18, 3, 3, 18), (18, 3, 3, 18), (18, 3, 3, 18), (18, 3, 3, 18), (18, 3, 3, 18), (18, 3, 3, 9), (9, 3, 3, 1)].
- largest Hermiticity error: 9.947542553669856e-09.
- maximal number of matvec operations: 61.
-> E_updated = 0.10201023579777334.
Orthogonality column 8:
- C leg dimensions: [(1, 3, 3, 9), (9, 3, 3, 18), (18, 3, 3, 18), (18, 3, 3, 18), (18, 3, 3, 18), (18, 3, 3, 18), (18, 3, 3, 18), (18, 3, 3, 18), (18, 3, 3, 18), (18, 3, 3, 9), (9, 3, 3, 1)].
- Lh leg dimensions: [(1, 3, 3, 9), (9, 3, 3, 27), (27, 3, 3, 27), (27, 3, 3, 27), (27, 3, 3, 27), (27, 3, 3, 27), (27, 3, 3, 27), (27, 3, 3, 27), (27, 3, 3, 27), (27, 3, 3, 9), (9, 3, 3, 1)].
- Rh leg dimensions: [(1, 3, 3, 8), (8, 3, 3, 27), (27, 3, 3, 27), (27, 3, 3, 27), (27, 3, 3, 27), (27, 3, 3, 27), (27, 3, 3, 27), (27, 3, 3, 27), (27, 3, 3, 27), (27, 3, 3, 9), (9, 3, 3, 1)].
-> E = <Lh|CC*> + <ALhAL*|CC*|ARhAR*> + <CC*|Rh> = -0.09784488027677236 + -0.09039022754520545 + 0.33208050832588054 = 0.1438454005039027.
- C_updated leg dimensions: [(1, 3, 3, 9), (9, 3, 3, 18), (18, 3, 3, 18), (18, 3, 3, 18), (18, 3, 3, 18), (18, 3, 3, 18), (18, 3, 3, 18), (18, 3, 3, 18), (18, 3, 3, 18), (18, 3, 3, 9), (9, 3, 3, 1)].
- largest Hermiticity error: 2.807282078990891e-08.
- maximal number of matvec operations: 61.
-> E_updated = 0.12236302282597124.
Orthogonality column 9:
- C leg dimensions: [(1, 3, 2, 9), (9, 3, 3, 18), (18, 3, 2, 18), (18, 3, 3, 18), (18, 3, 3, 18), (18, 3, 3, 18), (18, 3, 3, 18), (18, 3, 2, 18), (18, 3, 3, 18), (18, 3, 2, 9), (9, 3, 3, 1)].
- Lh leg dimensions: [(1, 3, 3, 9), (9, 3, 3, 27), (27, 3, 3, 27), (27, 3, 3, 27), (27, 3, 3, 27), (27, 3, 3, 27), (27, 3, 3, 27), (27, 3, 3, 27), (27, 3, 3, 27), (27, 3, 3, 9), (9, 3, 3, 1)].
- Rh leg dimensions: [(1, 2, 2, 4), (4, 3, 3, 8), (8, 2, 2, 25), (25, 3, 3, 8), (8, 3, 3, 27), (27, 3, 3, 12), (12, 3, 3, 25), (25, 2, 2, 8), (8, 3, 3, 25), (25, 2, 2, 8), (8, 3, 3, 1)].
-> E = <Lh|CC*> + <ALhAL*|CC*|ARhAR*> + <CC*|Rh> = -0.15111652976836473 + -0.08793338604977999 + 0.4137354739801249 = 0.17468555816198017.
- C_updated leg dimensions: [(1, 3, 2, 6), (6, 3, 3, 18), (18, 3, 2, 18), (18, 3, 3, 18), (18, 3, 3, 18), (18, 3, 3, 18), (18, 3, 3, 18), (18, 3, 2, 18), (18, 3, 3, 18), (18, 3, 2, 9), (9, 3, 3, 1)].
- largest Hermiticity error: 2.4018513759614312e-06.
- maximal number of matvec operations: 61.
-> E_updated = 0.15640583098060235.
Orthogonality column 10:
- C leg dimensions: [(1, 3, 2, 6), (6, 3, 2, 18), (18, 3, 2, 18), (18, 3, 2, 18), (18, 3, 2, 18), (18, 3, 3, 18), (18, 3, 2, 18), (18, 3, 2, 18), (18, 3, 2, 18), (18, 3, 2, 9), (9, 3, 2, 1)].
- Lh leg dimensions: [(1, 3, 3, 9), (9, 3, 3, 27), (27, 3, 3, 27), (27, 3, 3, 27), (27, 3, 3, 27), (27, 3, 3, 27), (27, 3, 3, 27), (27, 3, 3, 27), (27, 3, 3, 27), (27, 3, 3, 9), (9, 3, 3, 1)].
- Rh leg dimensions: [(1, 2, 2, 3), (3, 2, 2, 8), (8, 2, 2, 3), (3, 2, 2, 8), (8, 2, 2, 3), (3, 3, 3, 9), (9, 2, 2, 3), (3, 2, 2, 8), (8, 2, 2, 3), (3, 2, 2, 4), (4, 2, 2, 1)].
-> E = <Lh|CC*> + <ALhAL*|CC*|ARhAR*> + <CC*|Rh> = -0.21329693629987198 + -0.120894692321556 + 0.5355932802449531 = 0.20140165162352514.
- C_updated leg dimensions: [(1, 3, 2, 6), (6, 3, 2, 18), (18, 3, 2, 18), (18, 3, 2, 18), (18, 3, 2, 18), (18, 3, 3, 18), (18, 3, 2, 18), (18, 3, 2, 18), (18, 3, 2, 18), (18, 3, 2, 6), (6, 3, 2, 1)].
- largest Hermiticity error: 3.1281159129949332e-06.
- maximal number of matvec operations: 51.
-> E_updated = 0.1885335848282717.
Orthogonality column 11:
- C leg dimensions: [(1, 3, 1, 6), (6, 3, 2, 18), (18, 3, 1, 18), (18, 3, 2, 18), (18, 3, 1, 18), (18, 3, 2, 18), (18, 3, 2, 18), (18, 3, 1, 18), (18, 3, 2, 18), (18, 3, 1, 6), (6, 3, 2, 1)].
- Lh leg dimensions: [(1, 3, 3, 9), (9, 3, 3, 27), (27, 3, 3, 27), (27, 3, 3, 27), (27, 3, 3, 27), (27, 3, 3, 27), (27, 3, 3, 27), (27, 3, 3, 27), (27, 3, 3, 27), (27, 3, 3, 9), (9, 3, 3, 1)].
-> E = <Lh|CC*> + <ALhAL*|CC*|ARhAR*> + <CC*|Rh> = -0.2823270898191576 + 0.5395621819534706 + None = 0.257235092134313.
- C_updated leg dimensions: [(1, 3, 1, 3), (3, 3, 2, 18), (18, 3, 1, 18), (18, 3, 2, 18), (18, 3, 1, 18), (18, 3, 2, 18), (18, 3, 2, 18), (18, 3, 1, 18), (18, 3, 2, 18), (18, 3, 1, 6), (6, 3, 2, 1)].
- largest Hermiticity error: 4.4093159052731665e-05.
- maximal number of matvec operations: 51.
-> E_updated = 0.23666442133644622.
Orthogonality column 12:
- C leg dimensions: [(1, 3, 1, 3), (3, 3, 1, 9), (9, 3, 1, 18), (18, 3, 1, 18), (18, 3, 1, 18), (18, 3, 1, 18), (18, 3, 1, 18), (18, 3, 1, 18), (18, 3, 1, 18), (18, 3, 1, 6), (6, 3, 1, 1)].
- Lh leg dimensions: [(1, 3, 3, 9), (9, 3, 3, 27), (27, 3, 3, 27), (27, 3, 3, 27), (27, 3, 3, 27), (27, 3, 3, 27), (27, 3, 3, 27), (27, 3, 3, 27), (27, 3, 3, 27), (27, 3, 3, 9), (9, 3, 3, 1)].
-> E = <Lh|CC*> + <ALhAL*|CC*|ARhAR*> + <CC*|Rh> = 0.2587277605487813 + None + None = 0.2587277605487813.
- C_updated leg dimensions: [(1, 3, 1, 3), (3, 3, 1, 9), (9, 3, 1, 18), (18, 3, 1, 18), (18, 3, 1, 18), (18, 3, 1, 18), (18, 3, 1, 18), (18, 3, 1, 18), (18, 3, 1, 9), (9, 3, 1, 3), (3, 3, 1, 1)].
- largest Hermiticity error: 6.033147124264719e-05.
- maximal number of matvec operations: 41.
-> E_updated = 0.23941420444760633.
Orthogonality column 11:
- C leg dimensions: [(1, 3, 1, 3), (3, 3, 2, 9), (9, 3, 1, 18), (18, 3, 2, 18), (18, 3, 1, 18), (18, 3, 2, 18), (18, 3, 2, 18), (18, 3, 1, 18), (18, 3, 2, 9), (9, 3, 1, 3), (3, 3, 2, 1)].
- Lh leg dimensions: [(1, 3, 3, 9), (9, 3, 3, 27), (27, 3, 3, 27), (27, 3, 3, 27), (27, 3, 3, 27), (27, 3, 3, 27), (27, 3, 3, 27), (27, 3, 3, 27), (27, 3, 3, 27), (27, 3, 3, 9), (9, 3, 3, 1)].
-> E = <Lh|CC*> + <ALhAL*|CC*|ARhAR*> + <CC*|Rh> = -0.27308907500950863 + 0.5417884288239879 + None = 0.2686993538144793.
- C_updated leg dimensions: [(1, 3, 1, 3), (3, 3, 2, 18), (18, 3, 1, 18), (18, 3, 2, 18), (18, 3, 1, 18), (18, 3, 2, 18), (18, 3, 2, 18), (18, 3, 1, 18), (18, 3, 2, 18), (18, 3, 1, 6), (6, 3, 2, 1)].
- largest Hermiticity error: 6.184620033358391e-05.
- maximal number of matvec operations: 51.
-> E_updated = 0.23666442134356847.
Orthogonality column 10:
- C leg dimensions: [(1, 3, 2, 3), (3, 3, 2, 18), (18, 3, 2, 18), (18, 3, 2, 18), (18, 3, 2, 18), (18, 3, 3, 18), (18, 3, 2, 18), (18, 3, 2, 18), (18, 3, 2, 18), (18, 3, 2, 6), (6, 3, 2, 1)].
- Lh leg dimensions: [(1, 3, 3, 9), (9, 3, 3, 27), (27, 3, 3, 27), (27, 3, 3, 27), (27, 3, 3, 27), (27, 3, 3, 27), (27, 3, 3, 27), (27, 3, 3, 27), (27, 3, 3, 27), (27, 3, 3, 9), (9, 3, 3, 1)].
- Rh leg dimensions: [(1, 2, 2, 3), (3, 2, 2, 8), (8, 2, 2, 3), (3, 2, 2, 8), (8, 2, 2, 3), (3, 3, 3, 9), (9, 2, 2, 3), (3, 2, 2, 8), (8, 2, 2, 3), (3, 2, 2, 4), (4, 2, 2, 1)].
-> E = <Lh|CC*> + <ALhAL*|CC*|ARhAR*> + <CC*|Rh> = -0.19555091976154387 + -0.11381502093163147 + 0.5363234084002385 = 0.22695746770706315.
- C_updated leg dimensions: [(1, 3, 2, 6), (6, 3, 2, 18), (18, 3, 2, 18), (18, 3, 2, 18), (18, 3, 2, 18), (18, 3, 3, 18), (18, 3, 2, 18), (18, 3, 2, 18), (18, 3, 2, 18), (18, 3, 2, 6), (6, 3, 2, 1)].
- largest Hermiticity error: 1.7653942000716984e-06.
- maximal number of matvec operations: 51.
-> E_updated = 0.18852347296267577.
Orthogonality column 9:
- C leg dimensions: [(1, 3, 2, 6), (6, 3, 3, 18), (18, 3, 2, 18), (18, 3, 3, 18), (18, 3, 3, 18), (18, 3, 3, 18), (18, 3, 3, 18), (18, 3, 2, 18), (18, 3, 3, 18), (18, 3, 2, 6), (6, 3, 3, 1)].
- Lh leg dimensions: [(1, 3, 3, 9), (9, 3, 3, 27), (27, 3, 3, 27), (27, 3, 3, 27), (27, 3, 3, 27), (27, 3, 3, 27), (27, 3, 3, 27), (27, 3, 3, 27), (27, 3, 3, 27), (27, 3, 3, 9), (9, 3, 3, 1)].
- Rh leg dimensions: [(1, 2, 2, 4), (4, 3, 3, 8), (8, 2, 2, 25), (25, 3, 3, 8), (8, 3, 3, 27), (27, 3, 3, 12), (12, 3, 3, 25), (25, 2, 2, 8), (8, 3, 3, 25), (25, 2, 2, 8), (8, 3, 3, 1)].
-> E = <Lh|CC*> + <ALhAL*|CC*|ARhAR*> + <CC*|Rh> = -0.13683458219746836 + -0.08438890408602422 + 0.41228285635064127 = 0.19105937006714868.
- C_updated leg dimensions: [(1, 3, 2, 6), (6, 3, 3, 18), (18, 3, 2, 18), (18, 3, 3, 18), (18, 3, 3, 18), (18, 3, 3, 18), (18, 3, 3, 18), (18, 3, 2, 18), (18, 3, 3, 18), (18, 3, 2, 9), (9, 3, 3, 1)].
- largest Hermiticity error: 3.099762444724805e-06.
- maximal number of matvec operations: 61.
-> E_updated = 0.15656331317858574.
Orthogonality column 8:
- C leg dimensions: [(1, 3, 3, 6), (6, 3, 3, 18), (18, 3, 3, 18), (18, 3, 3, 18), (18, 3, 3, 18), (18, 3, 3, 18), (18, 3, 3, 18), (18, 3, 3, 18), (18, 3, 3, 18), (18, 3, 3, 9), (9, 3, 3, 1)].
- Lh leg dimensions: [(1, 3, 3, 9), (9, 3, 3, 27), (27, 3, 3, 27), (27, 3, 3, 27), (27, 3, 3, 27), (27, 3, 3, 27), (27, 3, 3, 27), (27, 3, 3, 27), (27, 3, 3, 27), (27, 3, 3, 9), (9, 3, 3, 1)].
- Rh leg dimensions: [(1, 3, 3, 8), (8, 3, 3, 27), (27, 3, 3, 27), (27, 3, 3, 27), (27, 3, 3, 27), (27, 3, 3, 27), (27, 3, 3, 27), (27, 3, 3, 27), (27, 3, 3, 27), (27, 3, 3, 9), (9, 3, 3, 1)].
-> E = <Lh|CC*> + <ALhAL*|CC*|ARhAR*> + <CC*|Rh> = -0.08662074892576652 + -0.08528240263849343 + 0.3246599164400561 = 0.15275676487579615.
- C_updated leg dimensions: [(1, 3, 3, 9), (9, 3, 3, 18), (18, 3, 3, 18), (18, 3, 3, 18), (18, 3, 3, 18), (18, 3, 3, 18), (18, 3, 3, 18), (18, 3, 3, 18), (18, 3, 3, 18), (18, 3, 3, 9), (9, 3, 3, 1)].
- largest Hermiticity error: 3.070737192181134e-08.
- maximal number of matvec operations: 61.
-> E_updated = 0.12278779062501823.
Orthogonality column 7:
- C leg dimensions: [(1, 3, 3, 9), (9, 3, 3, 18), (18, 3, 3, 18), (18, 3, 3, 18), (18, 3, 3, 18), (18, 3, 3, 18), (18, 3, 3, 18), (18, 3, 3, 18), (18, 3, 3, 18), (18, 3, 3, 9), (9, 3, 3, 1)].
- Lh leg dimensions: [(1, 3, 3, 9), (9, 3, 3, 27), (27, 3, 3, 27), (27, 3, 3, 27), (27, 3, 3, 27), (27, 3, 3, 27), (27, 3, 3, 27), (27, 3, 3, 27), (27, 3, 3, 27), (27, 3, 3, 9), (9, 3, 3, 1)].
- Rh leg dimensions: [(1, 3, 3, 9), (9, 3, 3, 27), (27, 3, 3, 27), (27, 3, 3, 27), (27, 3, 3, 27), (27, 3, 3, 27), (27, 3, 3, 27), (27, 3, 3, 27), (27, 3, 3, 27), (27, 3, 3, 9), (9, 3, 3, 1)].
-> E = <Lh|CC*> + <ALhAL*|CC*|ARhAR*> + <CC*|Rh> = -0.028659815093154746 + -0.08541095145966685 + 0.24165070924342605 = 0.12757994269060446.
- C_updated leg dimensions: [(1, 3, 3, 9), (9, 3, 3, 18), (18, 3, 3, 18), (18, 3, 3, 18), (18, 3, 3, 18), (18, 3, 3, 18), (18, 3, 3, 18), (18, 3, 3, 18), (18, 3, 3, 18), (18, 3, 3, 9), (9, 3, 3, 1)].
- largest Hermiticity error: 6.3958947816303206e-09.
- maximal number of matvec operations: 61.
-> E_updated = 0.09650575797220083.
Orthogonality column 6:
- C leg dimensions: [(1, 3, 3, 9), (9, 3, 3, 18), (18, 3, 3, 18), (18, 3, 3, 18), (18, 3, 3, 18), (18, 3, 3, 18), (18, 3, 3, 18), (18, 3, 3, 18), (18, 3, 3, 18), (18, 3, 3, 9), (9, 3, 3, 1)].
- Lh leg dimensions: [(1, 3, 3, 9), (9, 3, 3, 27), (27, 3, 3, 27), (27, 3, 3, 27), (27, 3, 3, 27), (27, 3, 3, 27), (27, 3, 3, 27), (27, 3, 3, 27), (27, 3, 3, 27), (27, 3, 3, 9), (9, 3, 3, 1)].
- Rh leg dimensions: [(1, 3, 3, 9), (9, 3, 3, 27), (27, 3, 3, 27), (27, 3, 3, 27), (27, 3, 3, 27), (27, 3, 3, 27), (27, 3, 3, 27), (27, 3, 3, 27), (27, 3, 3, 27), (27, 3, 3, 9), (9, 3, 3, 1)].
-> E = <Lh|CC*> + <ALhAL*|CC*|ARhAR*> + <CC*|Rh> = 0.03322330993797812 + -0.0956352406253864 + 0.1717408535628251 = 0.1093289228754168.
- C_updated leg dimensions: [(1, 3, 3, 9), (9, 3, 3, 18), (18, 3, 3, 18), (18, 3, 3, 18), (18, 3, 3, 18), (18, 3, 3, 18), (18, 3, 3, 18), (18, 3, 3, 18), (18, 3, 3, 18), (18, 3, 3, 9), (9, 3, 3, 1)].
- largest Hermiticity error: 1.7144841558079649e-09.
- maximal number of matvec operations: 61.
-> E_updated = 0.08650170040113356.
Orthogonality column 5:
- C leg dimensions: [(1, 3, 3, 9), (9, 3, 3, 18), (18, 3, 3, 18), (18, 3, 3, 18), (18, 3, 3, 18), (18, 3, 3, 18), (18, 3, 3, 18), (18, 3, 3, 18), (18, 3, 3, 18), (18, 3, 3, 9), (9, 3, 3, 1)].
- Lh leg dimensions: [(1, 3, 3, 9), (9, 3, 3, 27), (27, 3, 3, 27), (27, 3, 3, 27), (27, 3, 3, 27), (27, 3, 3, 27), (27, 3, 3, 27), (27, 3, 3, 27), (27, 3, 3, 27), (27, 3, 3, 9), (9, 3, 3, 1)].
- Rh leg dimensions: [(1, 3, 3, 9), (9, 3, 3, 27), (27, 3, 3, 27), (27, 3, 3, 27), (27, 3, 3, 27), (27, 3, 3, 27), (27, 3, 3, 27), (27, 3, 3, 27), (27, 3, 3, 27), (27, 3, 3, 9), (9, 3, 3, 1)].
-> E = <Lh|CC*> + <ALhAL*|CC*|ARhAR*> + <CC*|Rh> = 0.1045438806598337 + -0.09170459794917452 + 0.10008576655430468 = 0.11292504926496386.
- C_updated leg dimensions: [(1, 3, 3, 9), (9, 3, 3, 18), (18, 3, 3, 18), (18, 3, 3, 18), (18, 3, 3, 18), (18, 3, 3, 18), (18, 3, 3, 18), (18, 3, 3, 18), (18, 3, 3, 18), (18, 3, 3, 9), (9, 3, 3, 1)].
- largest Hermiticity error: 1.1186617429183952e-07.
- maximal number of matvec operations: 61.
-> E_updated = 0.09583123677372989.
Orthogonality column 4:
- C leg dimensions: [(1, 3, 3, 9), (9, 3, 3, 18), (18, 3, 3, 18), (18, 3, 3, 18), (18, 3, 3, 18), (18, 3, 3, 18), (18, 3, 3, 18), (18, 3, 3, 18), (18, 3, 3, 18), (18, 3, 3, 9), (9, 3, 3, 1)].
- Lh leg dimensions: [(1, 3, 3, 9), (9, 3, 3, 27), (27, 3, 3, 27), (27, 3, 3, 27), (27, 3, 3, 27), (27, 3, 3, 27), (27, 3, 3, 27), (27, 3, 3, 27), (27, 3, 3, 27), (27, 3, 3, 8), (8, 3, 3, 1)].
- Rh leg dimensions: [(1, 3, 3, 9), (9, 3, 3, 27), (27, 3, 3, 27), (27, 3, 3, 27), (27, 3, 3, 27), (27, 3, 3, 27), (27, 3, 3, 27), (27, 3, 3, 27), (27, 3, 3, 27), (27, 3, 3, 9), (9, 3, 3, 1)].
-> E = <Lh|CC*> + <ALhAL*|CC*|ARhAR*> + <CC*|Rh> = 0.18083216566667415 + -0.0944217137515505 + 0.03607017901624171 = 0.12248063093136535.
- C_updated leg dimensions: [(1, 3, 3, 9), (9, 3, 3, 18), (18, 3, 3, 18), (18, 3, 3, 18), (18, 3, 3, 18), (18, 3, 3, 18), (18, 3, 3, 18), (18, 3, 3, 18), (18, 3, 3, 18), (18, 3, 3, 9), (9, 3, 3, 1)].
- largest Hermiticity error: 2.8946942151279243e-08.
- maximal number of matvec operations: 61.
-> E_updated = 0.1059088913659369.
Orthogonality column 3:
- C leg dimensions: [(1, 3, 3, 9), (9, 2, 3, 18), (18, 3, 3, 18), (18, 2, 3, 18), (18, 3, 3, 18), (18, 3, 3, 18), (18, 3, 3, 18), (18, 3, 3, 18), (18, 2, 3, 18), (18, 3, 3, 6), (6, 2, 3, 1)].
- Lh leg dimensions: [(1, 3, 3, 8), (8, 2, 2, 25), (25, 3, 3, 8), (8, 2, 2, 25), (25, 3, 3, 12), (12, 3, 3, 27), (27, 3, 3, 8), (8, 3, 3, 25), (25, 2, 2, 8), (8, 3, 3, 4), (4, 2, 2, 1)].
- Rh leg dimensions: [(1, 3, 3, 9), (9, 3, 3, 27), (27, 3, 3, 27), (27, 3, 3, 27), (27, 3, 3, 27), (27, 3, 3, 27), (27, 3, 3, 27), (27, 3, 3, 27), (27, 3, 3, 27), (27, 3, 3, 9), (9, 3, 3, 1)].
-> E = <Lh|CC*> + <ALhAL*|CC*|ARhAR*> + <CC*|Rh> = 0.28495164082509705 + -0.10711972543093636 + -0.02730641774599034 = 0.15052549764817036.
- C_updated leg dimensions: [(1, 3, 3, 9), (9, 2, 3, 18), (18, 3, 3, 18), (18, 2, 3, 18), (18, 3, 3, 18), (18, 3, 3, 18), (18, 3, 3, 18), (18, 3, 3, 18), (18, 2, 3, 18), (18, 3, 3, 6), (6, 2, 3, 1)].
- largest Hermiticity error: 2.8314573500812116e-08.
- maximal number of matvec operations: 61.
-> E_updated = 0.13860295711798415.
Orthogonality column 2:
- C leg dimensions: [(1, 2, 3, 6), (6, 2, 3, 18), (18, 2, 3, 18), (18, 2, 3, 18), (18, 2, 3, 18), (18, 3, 3, 18), (18, 2, 3, 18), (18, 2, 3, 18), (18, 2, 3, 18), (18, 2, 3, 6), (6, 2, 3, 1)].
- Lh leg dimensions: [(1, 2, 2, 4), (4, 2, 2, 3), (3, 2, 2, 8), (8, 2, 2, 3), (3, 2, 2, 9), (9, 3, 3, 3), (3, 2, 2, 8), (8, 2, 2, 3), (3, 2, 2, 8), (8, 2, 2, 3), (3, 2, 2, 1)].
- Rh leg dimensions: [(1, 3, 3, 9), (9, 3, 3, 27), (27, 3, 3, 27), (27, 3, 3, 27), (27, 3, 3, 27), (27, 3, 3, 27), (27, 3, 3, 27), (27, 3, 3, 27), (27, 3, 3, 27), (27, 3, 3, 9), (9, 3, 3, 1)].
-> E = <Lh|CC*> + <ALhAL*|CC*|ARhAR*> + <CC*|Rh> = 0.4250481161728575 + -0.13819568506007207 + -0.09447880977759202 = 0.1923736213351934.
- C_updated leg dimensions: [(1, 2, 3, 6), (6, 2, 3, 18), (18, 2, 3, 18), (18, 2, 3, 18), (18, 2, 3, 18), (18, 3, 3, 18), (18, 2, 3, 18), (18, 2, 3, 18), (18, 2, 3, 18), (18, 2, 3, 6), (6, 2, 3, 1)].
- largest Hermiticity error: 9.87058094933354e-07.
- maximal number of matvec operations: 51.
-> E_updated = 0.17069687464253674.
Orthogonality column 1:
- C leg dimensions: [(1, 2, 3, 6), (6, 1, 3, 18), (18, 2, 3, 18), (18, 1, 3, 18), (18, 2, 3, 18), (18, 2, 3, 18), (18, 1, 3, 18), (18, 2, 3, 18), (18, 1, 3, 18), (18, 2, 3, 3), (3, 1, 3, 1)].
- Rh leg dimensions: [(1, 3, 3, 9), (9, 3, 3, 27), (27, 3, 3, 27), (27, 3, 3, 27), (27, 3, 3, 27), (27, 3, 3, 27), (27, 3, 3, 27), (27, 3, 3, 27), (27, 3, 3, 27), (27, 3, 3, 9), (9, 3, 3, 1)].
-> E = <Lh|CC*> + <ALhAL*|CC*|ARhAR*> + <CC*|Rh> = None + 0.42801004096216777 + -0.18869674100402706 = 0.2393132999581407.
- C_updated leg dimensions: [(1, 2, 3, 6), (6, 1, 3, 18), (18, 2, 3, 18), (18, 1, 3, 18), (18, 2, 3, 18), (18, 2, 3, 18), (18, 1, 3, 18), (18, 2, 3, 18), (18, 1, 3, 18), (18, 2, 3, 3), (3, 1, 3, 1)].
- largest Hermiticity error: 6.952656952090254e-07.
- maximal number of matvec operations: 51.
-> E_updated = 0.22199941107774673.
Orthogonality column 0:
- C leg dimensions: [(1, 1, 3, 3), (3, 1, 3, 9), (9, 1, 3, 18), (18, 1, 3, 18), (18, 1, 3, 18), (18, 1, 3, 18), (18, 1, 3, 18), (18, 1, 3, 18), (18, 1, 3, 18), (18, 1, 3, 3), (3, 1, 3, 1)].
- Rh leg dimensions: [(1, 3, 3, 9), (9, 3, 3, 27), (27, 3, 3, 27), (27, 3, 3, 27), (27, 3, 3, 27), (27, 3, 3, 27), (27, 3, 3, 27), (27, 3, 3, 27), (27, 3, 3, 27), (27, 3, 3, 9), (9, 3, 3, 1)].
-> E = <Lh|CC*> + <ALhAL*|CC*|ARhAR*> + <CC*|Rh> = None + None + 0.26527250765088733 = 0.26527250765088733.
- C_updated leg dimensions: [(1, 1, 3, 3), (3, 1, 3, 9), (9, 1, 3, 18), (18, 1, 3, 18), (18, 1, 3, 18), (18, 1, 3, 18), (18, 1, 3, 18), (18, 1, 3, 18), (18, 1, 3, 9), (9, 1, 3, 3), (3, 1, 3, 1)].
- largest Hermiticity error: 2.518148679809712e-06.
- maximal number of matvec operations: 41.
-> E_updated = 0.24398634320231283.
=> <H> - E0 = 0.20449029828802168.

<H>s - E0 = [0.2666712  0.20630727 0.2044903 ]
