Lx = 6, Ly = 6, g = 3.5, D_max = 2, chi_max_c = 6, chi_max_b = 24. 

E0_exact = -261.32772977. 

es = [-31.4939308  -20.99265183 -20.99698638 -20.99726299 -21.00052957
 -20.99647664 -20.99862158 -21.00028804 -21.00337484 -21.00484655
 -31.50347284].
E = -251.98844206821965.
E - E0 = 9.339287701780364.
subtract energy E0_exact evenly from all columns.


DMRGSquared sweep 1 ...
Orthogonality column 0:
- C leg dimensions: [(1, 1, 2, 2), (2, 1, 2, 4), (4, 1, 2, 6), (6, 1, 2, 6), (6, 1, 2, 6), (6, 1, 2, 6), (6, 1, 2, 6), (6, 1, 2, 6), (6, 1, 2, 4), (4, 1, 2, 2), (2, 1, 2, 1)].
- Rh leg dimensions: [(1, 2, 2, 4), (4, 2, 2, 16), (16, 2, 2, 24), (24, 2, 2, 24), (24, 2, 2, 24), (24, 2, 2, 24), (24, 2, 2, 24), (24, 2, 2, 24), (24, 2, 2, 16), (16, 2, 2, 4), (4, 2, 2, 1)].
-> E = <Lh|CC*> + <ALhAL*|CC*|ARhAR*> + <CC*|Rh> = None + None + 9.317975103420471 = 9.317975103420471.
- C_updated leg dimensions: [(1, 1, 2, 2), (2, 1, 2, 4), (4, 1, 2, 6), (6, 1, 2, 6), (6, 1, 2, 6), (6, 1, 2, 6), (6, 1, 2, 6), (6, 1, 2, 6), (6, 1, 2, 4), (4, 1, 2, 2), (2, 1, 2, 1)].
- largest Hermiticity error: 1.016728075564197e-06.
- maximal number of matvec operations: 21.
-> E_updated = 9.207004482656368.
Orthogonality column 1:
- C leg dimensions: [(1, 2, 2, 2), (2, 1, 2, 4), (4, 2, 2, 6), (6, 1, 2, 6), (6, 2, 2, 6), (6, 2, 2, 6), (6, 1, 2, 6), (6, 2, 2, 6), (6, 1, 2, 4), (4, 2, 2, 2), (2, 1, 2, 1)].
- Rh leg dimensions: [(1, 2, 2, 4), (4, 2, 2, 16), (16, 2, 2, 24), (24, 2, 2, 24), (24, 2, 2, 24), (24, 2, 2, 24), (24, 2, 2, 24), (24, 2, 2, 24), (24, 2, 2, 16), (16, 2, 2, 4), (4, 2, 2, 1)].
-> E = <Lh|CC*> + <ALhAL*|CC*|ARhAR*> + <CC*|Rh> = None + 1.1101661478630462 + 8.142224043998201 = 9.252390191861247.
- C_updated leg dimensions: [(1, 2, 2, 4), (4, 1, 2, 6), (6, 2, 2, 6), (6, 1, 2, 6), (6, 2, 2, 6), (6, 2, 2, 6), (6, 1, 2, 6), (6, 2, 2, 6), (6, 1, 2, 6), (6, 2, 2, 2), (2, 1, 2, 1)].
- largest Hermiticity error: 1.2854318124813241e-06.
- maximal number of matvec operations: 41.
-> E_updated = 9.068381485098323.
Orthogonality column 2:
- C leg dimensions: [(1, 2, 2, 4), (4, 2, 2, 6), (6, 2, 2, 6), (6, 2, 2, 6), (6, 2, 2, 6), (6, 2, 2, 6), (6, 2, 2, 6), (6, 2, 2, 6), (6, 2, 2, 6), (6, 2, 2, 2), (2, 2, 2, 1)].
- Lh leg dimensions: [(1, 2, 2, 4), (4, 2, 2, 3), (3, 2, 2, 8), (8, 2, 2, 3), (3, 2, 2, 8), (8, 2, 2, 3), (3, 2, 2, 8), (8, 2, 2, 3), (3, 2, 2, 8), (8, 2, 2, 3), (3, 2, 2, 1)].
- Rh leg dimensions: [(1, 2, 2, 4), (4, 2, 2, 16), (16, 2, 2, 24), (24, 2, 2, 24), (24, 2, 2, 24), (24, 2, 2, 24), (24, 2, 2, 24), (24, 2, 2, 24), (24, 2, 2, 16), (16, 2, 2, 4), (4, 2, 2, 1)].
-> E = <Lh|CC*> + <ALhAL*|CC*|ARhAR*> + <CC*|Rh> = 0.8991985392474954 + 0.7401495907939812 + 7.4464110163790895 = 9.085759146420566.
- C_updated leg dimensions: [(1, 2, 2, 4), (4, 2, 2, 6), (6, 2, 2, 6), (6, 2, 2, 6), (6, 2, 2, 6), (6, 2, 2, 6), (6, 2, 2, 6), (6, 2, 2, 6), (6, 2, 2, 6), (6, 2, 2, 4), (4, 2, 2, 1)].
- largest Hermiticity error: 1.97136346960853e-06.
- maximal number of matvec operations: 51.
-> E_updated = 8.331962841360651.
Orthogonality column 3:
- C leg dimensions: [(1, 2, 2, 4), (4, 2, 2, 6), (6, 2, 2, 6), (6, 2, 2, 6), (6, 2, 2, 6), (6, 2, 2, 6), (6, 2, 2, 6), (6, 2, 2, 6), (6, 2, 2, 6), (6, 2, 2, 4), (4, 2, 2, 1)].
- Lh leg dimensions: [(1, 2, 2, 4), (4, 2, 2, 16), (16, 2, 2, 8), (8, 2, 2, 20), (20, 2, 2, 8), (8, 2, 2, 20), (20, 2, 2, 8), (8, 2, 2, 20), (20, 2, 2, 8), (8, 2, 2, 4), (4, 2, 2, 1)].
- Rh leg dimensions: [(1, 2, 2, 4), (4, 2, 2, 16), (16, 2, 2, 24), (24, 2, 2, 24), (24, 2, 2, 24), (24, 2, 2, 24), (24, 2, 2, 24), (24, 2, 2, 24), (24, 2, 2, 16), (16, 2, 2, 4), (4, 2, 2, 1)].
-> E = <Lh|CC*> + <ALhAL*|CC*|ARhAR*> + <CC*|Rh> = 0.9238243427736771 + 0.7091829756276568 + 6.6859976298415305 = 8.319004948242863.
- C_updated leg dimensions: [(1, 2, 2, 4), (4, 2, 2, 6), (6, 2, 2, 6), (6, 2, 2, 6), (6, 2, 2, 6), (6, 2, 2, 6), (6, 2, 2, 6), (6, 2, 2, 6), (6, 2, 2, 6), (6, 2, 2, 4), (4, 2, 2, 1)].
- largest Hermiticity error: 4.288568322186035e-06.
- maximal number of matvec operations: 41.
-> E_updated = 7.781760636088061.
Orthogonality column 4:
- C leg dimensions: [(1, 2, 2, 4), (4, 2, 2, 6), (6, 2, 2, 6), (6, 2, 2, 6), (6, 2, 2, 6), (6, 2, 2, 6), (6, 2, 2, 6), (6, 2, 2, 6), (6, 2, 2, 6), (6, 2, 2, 4), (4, 2, 2, 1)].
- Lh leg dimensions: [(1, 2, 2, 4), (4, 2, 2, 16), (16, 2, 2, 24), (24, 2, 2, 20), (20, 2, 2, 24), (24, 2, 2, 20), (20, 2, 2, 24), (24, 2, 2, 20), (20, 2, 2, 16), (16, 2, 2, 4), (4, 2, 2, 1)].
- Rh leg dimensions: [(1, 2, 2, 4), (4, 2, 2, 16), (16, 2, 2, 24), (24, 2, 2, 24), (24, 2, 2, 24), (24, 2, 2, 24), (24, 2, 2, 24), (24, 2, 2, 24), (24, 2, 2, 16), (16, 2, 2, 4), (4, 2, 2, 1)].
-> E = <Lh|CC*> + <ALhAL*|CC*|ARhAR*> + <CC*|Rh> = 1.1549235449209359 + 0.7670320118923221 + 5.8535149280107674 = 7.775470484824025.
- C_updated leg dimensions: [(1, 2, 2, 4), (4, 2, 2, 6), (6, 2, 2, 6), (6, 2, 2, 6), (6, 2, 2, 6), (6, 2, 2, 6), (6, 2, 2, 6), (6, 2, 2, 6), (6, 2, 2, 6), (6, 2, 2, 4), (4, 2, 2, 1)].
- largest Hermiticity error: 7.697833064003417e-06.
- maximal number of matvec operations: 41.
-> E_updated = 7.538560134463917.
Orthogonality column 5:
- C leg dimensions: [(1, 2, 2, 4), (4, 2, 2, 6), (6, 2, 2, 6), (6, 2, 2, 6), (6, 2, 2, 6), (6, 2, 2, 6), (6, 2, 2, 6), (6, 2, 2, 6), (6, 2, 2, 6), (6, 2, 2, 4), (4, 2, 2, 1)].
- Lh leg dimensions: [(1, 2, 2, 4), (4, 2, 2, 16), (16, 2, 2, 24), (24, 2, 2, 24), (24, 2, 2, 24), (24, 2, 2, 24), (24, 2, 2, 24), (24, 2, 2, 24), (24, 2, 2, 16), (16, 2, 2, 4), (4, 2, 2, 1)].
- Rh leg dimensions: [(1, 2, 2, 4), (4, 2, 2, 16), (16, 2, 2, 24), (24, 2, 2, 24), (24, 2, 2, 24), (24, 2, 2, 24), (24, 2, 2, 24), (24, 2, 2, 24), (24, 2, 2, 16), (16, 2, 2, 4), (4, 2, 2, 1)].
-> E = <Lh|CC*> + <ALhAL*|CC*|ARhAR*> + <CC*|Rh> = 1.7588704279577718 + 0.784436850214495 + 5.063963762047581 = 7.607271040219848.
- C_updated leg dimensions: [(1, 2, 2, 4), (4, 2, 2, 6), (6, 2, 2, 6), (6, 2, 2, 6), (6, 2, 2, 6), (6, 2, 2, 6), (6, 2, 2, 6), (6, 2, 2, 6), (6, 2, 2, 6), (6, 2, 2, 4), (4, 2, 2, 1)].
- largest Hermiticity error: 1.5740039039080676e-05.
- maximal number of matvec operations: 41.
-> E_updated = 7.505702274163597.
Orthogonality column 6:
- C leg dimensions: [(1, 2, 2, 4), (4, 2, 2, 6), (6, 2, 2, 6), (6, 2, 2, 6), (6, 2, 2, 6), (6, 2, 2, 6), (6, 2, 2, 6), (6, 2, 2, 6), (6, 2, 2, 6), (6, 2, 2, 4), (4, 2, 2, 1)].
- Lh leg dimensions: [(1, 2, 2, 4), (4, 2, 2, 16), (16, 2, 2, 24), (24, 2, 2, 24), (24, 2, 2, 24), (24, 2, 2, 24), (24, 2, 2, 24), (24, 2, 2, 24), (24, 2, 2, 16), (16, 2, 2, 4), (4, 2, 2, 1)].
- Rh leg dimensions: [(1, 2, 2, 4), (4, 2, 2, 16), (16, 2, 2, 24), (24, 2, 2, 24), (24, 2, 2, 24), (24, 2, 2, 24), (24, 2, 2, 24), (24, 2, 2, 24), (24, 2, 2, 16), (16, 2, 2, 4), (4, 2, 2, 1)].
-> E = <Lh|CC*> + <ALhAL*|CC*|ARhAR*> + <CC*|Rh> = 2.505422513823772 + 0.7732297620025811 + 4.2549363428785085 = 7.5335886187048615.
- C_updated leg dimensions: [(1, 2, 2, 4), (4, 2, 2, 6), (6, 2, 2, 6), (6, 2, 2, 6), (6, 2, 2, 6), (6, 2, 2, 6), (6, 2, 2, 6), (6, 2, 2, 6), (6, 2, 2, 6), (6, 2, 2, 4), (4, 2, 2, 1)].
- largest Hermiticity error: 3.164510053622324e-05.
- maximal number of matvec operations: 31.
-> E_updated = 7.466852169483077.
Orthogonality column 7:
- C leg dimensions: [(1, 2, 2, 4), (4, 2, 2, 6), (6, 2, 2, 6), (6, 2, 2, 6), (6, 2, 2, 6), (6, 2, 2, 6), (6, 2, 2, 6), (6, 2, 2, 6), (6, 2, 2, 6), (6, 2, 2, 4), (4, 2, 2, 1)].
- Lh leg dimensions: [(1, 2, 2, 4), (4, 2, 2, 16), (16, 2, 2, 24), (24, 2, 2, 24), (24, 2, 2, 24), (24, 2, 2, 24), (24, 2, 2, 24), (24, 2, 2, 24), (24, 2, 2, 16), (16, 2, 2, 4), (4, 2, 2, 1)].
- Rh leg dimensions: [(1, 2, 2, 4), (4, 2, 2, 16), (16, 2, 2, 24), (24, 2, 2, 24), (24, 2, 2, 24), (24, 2, 2, 24), (24, 2, 2, 24), (24, 2, 2, 24), (24, 2, 2, 16), (16, 2, 2, 4), (4, 2, 2, 1)].
-> E = <Lh|CC*> + <ALhAL*|CC*|ARhAR*> + <CC*|Rh> = 3.2730180764695187 + 0.7607880265891164 + 3.472322535692829 = 7.506128638751464.
- C_updated leg dimensions: [(1, 2, 2, 4), (4, 2, 2, 6), (6, 2, 2, 6), (6, 2, 2, 6), (6, 2, 2, 6), (6, 2, 2, 6), (6, 2, 2, 6), (6, 2, 2, 6), (6, 2, 2, 6), (6, 2, 2, 4), (4, 2, 2, 1)].
- largest Hermiticity error: 0.0001804197169672467.
- maximal number of matvec operations: 31.
-> E_updated = 7.21599463054442.
Orthogonality column 8:
- C leg dimensions: [(1, 2, 2, 4), (4, 2, 2, 6), (6, 2, 2, 6), (6, 2, 2, 6), (6, 2, 2, 6), (6, 2, 2, 6), (6, 2, 2, 6), (6, 2, 2, 6), (6, 2, 2, 6), (6, 2, 2, 4), (4, 2, 2, 1)].
- Lh leg dimensions: [(1, 2, 2, 4), (4, 2, 2, 16), (16, 2, 2, 24), (24, 2, 2, 24), (24, 2, 2, 24), (24, 2, 2, 24), (24, 2, 2, 24), (24, 2, 2, 24), (24, 2, 2, 16), (16, 2, 2, 4), (4, 2, 2, 1)].
- Rh leg dimensions: [(1, 2, 2, 4), (4, 2, 2, 16), (16, 2, 2, 20), (20, 2, 2, 24), (24, 2, 2, 20), (20, 2, 2, 24), (24, 2, 2, 20), (20, 2, 2, 24), (24, 2, 2, 16), (16, 2, 2, 4), (4, 2, 2, 1)].
-> E = <Lh|CC*> + <ALhAL*|CC*|ARhAR*> + <CC*|Rh> = 3.811969688977772 + 0.723559666950267 + 2.7085725890745658 = 7.244101945002605.
- C_updated leg dimensions: [(1, 2, 2, 4), (4, 2, 2, 6), (6, 2, 2, 6), (6, 2, 2, 6), (6, 2, 2, 6), (6, 2, 2, 6), (6, 2, 2, 6), (6, 2, 2, 6), (6, 2, 2, 6), (6, 2, 2, 4), (4, 2, 2, 1)].
- largest Hermiticity error: 1.0933875942176715e-10.
- maximal number of matvec operations: 31.
-> E_updated = 6.719998857272332.
Orthogonality column 9:
- C leg dimensions: [(1, 2, 2, 4), (4, 2, 2, 6), (6, 2, 2, 6), (6, 2, 2, 6), (6, 2, 2, 6), (6, 2, 2, 6), (6, 2, 2, 6), (6, 2, 2, 6), (6, 2, 2, 6), (6, 2, 2, 4), (4, 2, 2, 1)].
- Lh leg dimensions: [(1, 2, 2, 4), (4, 2, 2, 16), (16, 2, 2, 24), (24, 2, 2, 24), (24, 2, 2, 24), (24, 2, 2, 24), (24, 2, 2, 24), (24, 2, 2, 24), (24, 2, 2, 16), (16, 2, 2, 4), (4, 2, 2, 1)].
- Rh leg dimensions: [(1, 2, 2, 4), (4, 2, 2, 8), (8, 2, 2, 20), (20, 2, 2, 8), (8, 2, 2, 20), (20, 2, 2, 8), (8, 2, 2, 20), (20, 2, 2, 8), (8, 2, 2, 16), (16, 2, 2, 4), (4, 2, 2, 1)].
-> E = <Lh|CC*> + <ALhAL*|CC*|ARhAR*> + <CC*|Rh> = 4.196031843722556 + 0.6816361171951567 + 1.8546246365523977 = 6.732292597470111.
- C_updated leg dimensions: [(1, 2, 2, 4), (4, 2, 2, 6), (6, 2, 2, 6), (6, 2, 2, 6), (6, 2, 2, 6), (6, 2, 2, 6), (6, 2, 2, 6), (6, 2, 2, 6), (6, 2, 2, 6), (6, 2, 2, 4), (4, 2, 2, 1)].
- largest Hermiticity error: 4.04891131566128e-11.
- maximal number of matvec operations: 31.
-> E_updated = 6.059622168958565.
Orthogonality column 10:
- C leg dimensions: [(1, 2, 2, 4), (4, 2, 2, 6), (6, 2, 2, 6), (6, 2, 2, 6), (6, 2, 2, 6), (6, 2, 2, 6), (6, 2, 2, 6), (6, 2, 2, 6), (6, 2, 2, 6), (6, 2, 2, 4), (4, 2, 2, 1)].
- Lh leg dimensions: [(1, 2, 2, 4), (4, 2, 2, 16), (16, 2, 2, 24), (24, 2, 2, 24), (24, 2, 2, 24), (24, 2, 2, 24), (24, 2, 2, 24), (24, 2, 2, 24), (24, 2, 2, 16), (16, 2, 2, 4), (4, 2, 2, 1)].
- Rh leg dimensions: [(1, 2, 2, 3), (3, 2, 2, 8), (8, 2, 2, 3), (3, 2, 2, 8), (8, 2, 2, 3), (3, 2, 2, 8), (8, 2, 2, 3), (3, 2, 2, 8), (8, 2, 2, 3), (3, 2, 2, 4), (4, 2, 2, 1)].
-> E = <Lh|CC*> + <ALhAL*|CC*|ARhAR*> + <CC*|Rh> = 4.533173408200204 + 0.5824297259620747 + 0.9761627973253798 = 6.091765931487658.
- C_updated leg dimensions: [(1, 2, 2, 4), (4, 2, 2, 6), (6, 2, 2, 6), (6, 2, 2, 6), (6, 2, 2, 6), (6, 2, 2, 6), (6, 2, 2, 6), (6, 2, 2, 6), (6, 2, 2, 6), (6, 2, 2, 4), (4, 2, 2, 1)].
- largest Hermiticity error: 6.018843461937864e-11.
- maximal number of matvec operations: 31.
-> E_updated = 4.950059586307057.
Orthogonality column 11:
- C leg dimensions: [(1, 2, 1, 4), (4, 2, 2, 6), (6, 2, 1, 6), (6, 2, 2, 6), (6, 2, 1, 6), (6, 2, 2, 6), (6, 2, 1, 6), (6, 2, 2, 6), (6, 2, 1, 6), (6, 2, 2, 4), (4, 2, 2, 1)].
- Lh leg dimensions: [(1, 2, 2, 4), (4, 2, 2, 16), (16, 2, 2, 24), (24, 2, 2, 24), (24, 2, 2, 24), (24, 2, 2, 24), (24, 2, 2, 24), (24, 2, 2, 24), (24, 2, 2, 16), (16, 2, 2, 4), (4, 2, 2, 1)].
-> E = <Lh|CC*> + <ALhAL*|CC*|ARhAR*> + <CC*|Rh> = 4.809401330600428 + 0.4765313849464017 + None = 5.28593271554683.
- C_updated leg dimensions: [(1, 2, 1, 2), (2, 2, 2, 6), (6, 2, 1, 6), (6, 2, 2, 6), (6, 2, 1, 6), (6, 2, 2, 6), (6, 2, 1, 6), (6, 2, 2, 6), (6, 2, 1, 6), (6, 2, 2, 4), (4, 2, 2, 1)].
- largest Hermiticity error: 4.78919307526556e-11.
- maximal number of matvec operations: 31.
-> E_updated = 5.151318187796503.
Orthogonality column 12:
- C leg dimensions: [(1, 2, 1, 2), (2, 2, 1, 4), (4, 2, 1, 6), (6, 2, 1, 6), (6, 2, 1, 6), (6, 2, 1, 6), (6, 2, 1, 6), (6, 2, 1, 6), (6, 2, 1, 6), (6, 2, 1, 4), (4, 2, 1, 1)].
- Lh leg dimensions: [(1, 2, 2, 4), (4, 2, 2, 16), (16, 2, 2, 24), (24, 2, 2, 24), (24, 2, 2, 24), (24, 2, 2, 24), (24, 2, 2, 24), (24, 2, 2, 24), (24, 2, 2, 16), (16, 2, 2, 4), (4, 2, 2, 1)].
-> E = <Lh|CC*> + <ALhAL*|CC*|ARhAR*> + <CC*|Rh> = 5.1882914781515606 + None + None = 5.1882914781515606.
- C_updated leg dimensions: [(1, 2, 1, 2), (2, 2, 1, 4), (4, 2, 1, 6), (6, 2, 1, 6), (6, 2, 1, 6), (6, 2, 1, 6), (6, 2, 1, 6), (6, 2, 1, 6), (6, 2, 1, 4), (4, 2, 1, 2), (2, 2, 1, 1)].
- largest Hermiticity error: 1.1430266211858581e-10.
- maximal number of matvec operations: 31.
-> E_updated = 5.187813166007076.
Orthogonality column 11:
- C leg dimensions: [(1, 2, 1, 2), (2, 2, 2, 4), (4, 2, 1, 6), (6, 2, 2, 6), (6, 2, 1, 6), (6, 2, 2, 6), (6, 2, 2, 6), (6, 2, 1, 6), (6, 2, 2, 4), (4, 2, 1, 2), (2, 2, 2, 1)].
- Lh leg dimensions: [(1, 2, 2, 4), (4, 2, 2, 16), (16, 2, 2, 24), (24, 2, 2, 24), (24, 2, 2, 24), (24, 2, 2, 24), (24, 2, 2, 24), (24, 2, 2, 24), (24, 2, 2, 16), (16, 2, 2, 4), (4, 2, 2, 1)].
-> E = <Lh|CC*> + <ALhAL*|CC*|ARhAR*> + <CC*|Rh> = 4.841617402391671 + 0.3461306803834807 + None = 5.187748082775152.
- C_updated leg dimensions: [(1, 2, 1, 2), (2, 2, 2, 6), (6, 2, 1, 6), (6, 2, 2, 6), (6, 2, 1, 6), (6, 2, 2, 6), (6, 2, 2, 6), (6, 2, 1, 6), (6, 2, 2, 6), (6, 2, 1, 4), (4, 2, 2, 1)].
- largest Hermiticity error: 5.2441458900409727e-11.
- maximal number of matvec operations: 31.
-> E_updated = 5.151321343750956.
Orthogonality column 10:
- C leg dimensions: [(1, 2, 2, 2), (2, 2, 2, 6), (6, 2, 2, 6), (6, 2, 2, 6), (6, 2, 2, 6), (6, 2, 2, 6), (6, 2, 2, 6), (6, 2, 2, 6), (6, 2, 2, 6), (6, 2, 2, 4), (4, 2, 2, 1)].
- Lh leg dimensions: [(1, 2, 2, 4), (4, 2, 2, 16), (16, 2, 2, 24), (24, 2, 2, 24), (24, 2, 2, 24), (24, 2, 2, 24), (24, 2, 2, 24), (24, 2, 2, 24), (24, 2, 2, 16), (16, 2, 2, 4), (4, 2, 2, 1)].
- Rh leg dimensions: [(1, 2, 2, 3), (3, 2, 2, 8), (8, 2, 2, 3), (3, 2, 2, 8), (8, 2, 2, 3), (3, 2, 2, 8), (8, 2, 2, 3), (3, 2, 2, 8), (8, 2, 2, 3), (3, 2, 2, 4), (4, 2, 2, 1)].
-> E = <Lh|CC*> + <ALhAL*|CC*|ARhAR*> + <CC*|Rh> = 4.547733654997101 + 0.27059624558960177 + 0.3321333342269229 = 5.150463234813626.
- C_updated leg dimensions: [(1, 2, 2, 4), (4, 2, 2, 6), (6, 2, 2, 6), (6, 2, 2, 6), (6, 2, 2, 6), (6, 2, 2, 6), (6, 2, 2, 6), (6, 2, 2, 6), (6, 2, 2, 6), (6, 2, 2, 4), (4, 2, 2, 1)].
- largest Hermiticity error: 2.5933731687696797e-11.
- maximal number of matvec operations: 31.
-> E_updated = 4.786436383331492.
Orthogonality column 9:
- C leg dimensions: [(1, 2, 2, 4), (4, 2, 2, 6), (6, 2, 2, 6), (6, 2, 2, 6), (6, 2, 2, 6), (6, 2, 2, 6), (6, 2, 2, 6), (6, 2, 2, 6), (6, 2, 2, 6), (6, 2, 2, 4), (4, 2, 2, 1)].
- Lh leg dimensions: [(1, 2, 2, 4), (4, 2, 2, 16), (16, 2, 2, 24), (24, 2, 2, 24), (24, 2, 2, 24), (24, 2, 2, 24), (24, 2, 2, 24), (24, 2, 2, 24), (24, 2, 2, 16), (16, 2, 2, 4), (4, 2, 2, 1)].
- Rh leg dimensions: [(1, 2, 2, 4), (4, 2, 2, 8), (8, 2, 2, 20), (20, 2, 2, 8), (8, 2, 2, 20), (20, 2, 2, 8), (8, 2, 2, 20), (20, 2, 2, 8), (8, 2, 2, 16), (16, 2, 2, 4), (4, 2, 2, 1)].
-> E = <Lh|CC*> + <ALhAL*|CC*|ARhAR*> + <CC*|Rh> = 4.093724052068591 + 0.3589021772014762 + 0.3847209767347132 = 4.837347206004781.
- C_updated leg dimensions: [(1, 2, 2, 4), (4, 2, 2, 6), (6, 2, 2, 6), (6, 2, 2, 6), (6, 2, 2, 6), (6, 2, 2, 6), (6, 2, 2, 6), (6, 2, 2, 6), (6, 2, 2, 6), (6, 2, 2, 4), (4, 2, 2, 1)].
- largest Hermiticity error: 4.8597240087331753e-11.
- maximal number of matvec operations: 31.
-> E_updated = 4.4642481983085895.
Orthogonality column 8:
- C leg dimensions: [(1, 2, 2, 4), (4, 2, 2, 6), (6, 2, 2, 6), (6, 2, 2, 6), (6, 2, 2, 6), (6, 2, 2, 6), (6, 2, 2, 6), (6, 2, 2, 6), (6, 2, 2, 6), (6, 2, 2, 4), (4, 2, 2, 1)].
- Lh leg dimensions: [(1, 2, 2, 4), (4, 2, 2, 16), (16, 2, 2, 24), (24, 2, 2, 24), (24, 2, 2, 24), (24, 2, 2, 24), (24, 2, 2, 24), (24, 2, 2, 24), (24, 2, 2, 16), (16, 2, 2, 4), (4, 2, 2, 1)].
- Rh leg dimensions: [(1, 2, 2, 4), (4, 2, 2, 16), (16, 2, 2, 19), (19, 2, 2, 24), (24, 2, 2, 20), (20, 2, 2, 24), (24, 2, 2, 20), (20, 2, 2, 24), (24, 2, 2, 16), (16, 2, 2, 4), (4, 2, 2, 1)].
-> E = <Lh|CC*> + <ALhAL*|CC*|ARhAR*> + <CC*|Rh> = 3.558254900731156 + 0.6073242234403676 + 0.37029689654719744 = 4.535876020718721.
- C_updated leg dimensions: [(1, 2, 2, 4), (4, 2, 2, 6), (6, 2, 2, 6), (6, 2, 2, 6), (6, 2, 2, 6), (6, 2, 2, 6), (6, 2, 2, 6), (6, 2, 2, 6), (6, 2, 2, 6), (6, 2, 2, 4), (4, 2, 2, 1)].
- largest Hermiticity error: 8.516115936559417e-11.
- maximal number of matvec operations: 31.
-> E_updated = 4.3192144048534695.
Orthogonality column 7:
- C leg dimensions: [(1, 2, 2, 4), (4, 2, 2, 6), (6, 2, 2, 6), (6, 2, 2, 6), (6, 2, 2, 6), (6, 2, 2, 6), (6, 2, 2, 6), (6, 2, 2, 6), (6, 2, 2, 6), (6, 2, 2, 4), (4, 2, 2, 1)].
- Lh leg dimensions: [(1, 2, 2, 4), (4, 2, 2, 16), (16, 2, 2, 24), (24, 2, 2, 24), (24, 2, 2, 24), (24, 2, 2, 24), (24, 2, 2, 24), (24, 2, 2, 24), (24, 2, 2, 16), (16, 2, 2, 4), (4, 2, 2, 1)].
- Rh leg dimensions: [(1, 2, 2, 4), (4, 2, 2, 16), (16, 2, 2, 24), (24, 2, 2, 24), (24, 2, 2, 24), (24, 2, 2, 24), (24, 2, 2, 24), (24, 2, 2, 24), (24, 2, 2, 16), (16, 2, 2, 4), (4, 2, 2, 1)].
-> E = <Lh|CC*> + <ALhAL*|CC*|ARhAR*> + <CC*|Rh> = 3.272639333685936 + 0.29934302777568356 + 0.7896462260359277 = 4.361628587497547.
- C_updated leg dimensions: [(1, 2, 2, 4), (4, 2, 2, 6), (6, 2, 2, 6), (6, 2, 2, 6), (6, 2, 2, 6), (6, 2, 2, 6), (6, 2, 2, 6), (6, 2, 2, 6), (6, 2, 2, 6), (6, 2, 2, 4), (4, 2, 2, 1)].
- largest Hermiticity error: 1.8266825101325674e-10.
- maximal number of matvec operations: 31.
-> E_updated = 4.226469072381524.
Orthogonality column 6:
- C leg dimensions: [(1, 2, 2, 4), (4, 2, 2, 6), (6, 2, 2, 6), (6, 2, 2, 6), (6, 2, 2, 6), (6, 2, 2, 6), (6, 2, 2, 6), (6, 2, 2, 6), (6, 2, 2, 6), (6, 2, 2, 4), (4, 2, 2, 1)].
- Lh leg dimensions: [(1, 2, 2, 4), (4, 2, 2, 16), (16, 2, 2, 24), (24, 2, 2, 24), (24, 2, 2, 24), (24, 2, 2, 24), (24, 2, 2, 24), (24, 2, 2, 24), (24, 2, 2, 16), (16, 2, 2, 4), (4, 2, 2, 1)].
- Rh leg dimensions: [(1, 2, 2, 4), (4, 2, 2, 16), (16, 2, 2, 24), (24, 2, 2, 24), (24, 2, 2, 24), (24, 2, 2, 24), (24, 2, 2, 24), (24, 2, 2, 24), (24, 2, 2, 16), (16, 2, 2, 4), (4, 2, 2, 1)].
-> E = <Lh|CC*> + <ALhAL*|CC*|ARhAR*> + <CC*|Rh> = 2.5522507684109366 + 0.7210207360788154 + 1.0203690667065495 = 4.293640571196302.
- C_updated leg dimensions: [(1, 2, 2, 4), (4, 2, 2, 6), (6, 2, 2, 6), (6, 2, 2, 6), (6, 2, 2, 6), (6, 2, 2, 6), (6, 2, 2, 6), (6, 2, 2, 6), (6, 2, 2, 6), (6, 2, 2, 4), (4, 2, 2, 1)].
- largest Hermiticity error: 2.3914935841127266e-15.
- maximal number of matvec operations: 31.
-> E_updated = 4.160616935709953.
Orthogonality column 5:
- C leg dimensions: [(1, 2, 2, 4), (4, 2, 2, 6), (6, 2, 2, 6), (6, 2, 2, 6), (6, 2, 2, 6), (6, 2, 2, 6), (6, 2, 2, 6), (6, 2, 2, 6), (6, 2, 2, 6), (6, 2, 2, 4), (4, 2, 2, 1)].
- Lh leg dimensions: [(1, 2, 2, 4), (4, 2, 2, 16), (16, 2, 2, 24), (24, 2, 2, 24), (24, 2, 2, 24), (24, 2, 2, 24), (24, 2, 2, 24), (24, 2, 2, 24), (24, 2, 2, 16), (16, 2, 2, 4), (4, 2, 2, 1)].
- Rh leg dimensions: [(1, 2, 2, 4), (4, 2, 2, 16), (16, 2, 2, 24), (24, 2, 2, 24), (24, 2, 2, 24), (24, 2, 2, 24), (24, 2, 2, 24), (24, 2, 2, 24), (24, 2, 2, 16), (16, 2, 2, 4), (4, 2, 2, 1)].
-> E = <Lh|CC*> + <ALhAL*|CC*|ARhAR*> + <CC*|Rh> = 1.7366414256989133 + 0.8340388883647214 + 1.6396962122911962 = 4.210376526354831.
- C_updated leg dimensions: [(1, 2, 2, 4), (4, 2, 2, 6), (6, 2, 2, 6), (6, 2, 2, 6), (6, 2, 2, 6), (6, 2, 2, 6), (6, 2, 2, 6), (6, 2, 2, 6), (6, 2, 2, 6), (6, 2, 2, 4), (4, 2, 2, 1)].
- largest Hermiticity error: 1.3135293037521321e-11.
- maximal number of matvec operations: 31.
-> E_updated = 4.110933196200378.
Orthogonality column 4:
- C leg dimensions: [(1, 2, 2, 4), (4, 2, 2, 6), (6, 2, 2, 6), (6, 2, 2, 6), (6, 2, 2, 6), (6, 2, 2, 6), (6, 2, 2, 6), (6, 2, 2, 6), (6, 2, 2, 6), (6, 2, 2, 4), (4, 2, 2, 1)].
- Lh leg dimensions: [(1, 2, 2, 4), (4, 2, 2, 16), (16, 2, 2, 24), (24, 2, 2, 20), (20, 2, 2, 24), (24, 2, 2, 20), (20, 2, 2, 24), (24, 2, 2, 20), (20, 2, 2, 16), (16, 2, 2, 4), (4, 2, 2, 1)].
- Rh leg dimensions: [(1, 2, 2, 4), (4, 2, 2, 16), (16, 2, 2, 24), (24, 2, 2, 24), (24, 2, 2, 24), (24, 2, 2, 24), (24, 2, 2, 24), (24, 2, 2, 24), (24, 2, 2, 16), (16, 2, 2, 4), (4, 2, 2, 1)].
-> E = <Lh|CC*> + <ALhAL*|CC*|ARhAR*> + <CC*|Rh> = 1.0010729118015376 + 0.7207022507955199 + 2.396219687172062 = 4.1179948497691194.
- C_updated leg dimensions: [(1, 2, 2, 4), (4, 2, 2, 6), (6, 2, 2, 6), (6, 2, 2, 6), (6, 2, 2, 6), (6, 2, 2, 6), (6, 2, 2, 6), (6, 2, 2, 6), (6, 2, 2, 6), (6, 2, 2, 4), (4, 2, 2, 1)].
- largest Hermiticity error: 1.469033802619629e-11.
- maximal number of matvec operations: 31.
-> E_updated = 4.008414162080722.
Orthogonality column 3:
- C leg dimensions: [(1, 2, 2, 4), (4, 2, 2, 6), (6, 2, 2, 6), (6, 2, 2, 6), (6, 2, 2, 6), (6, 2, 2, 6), (6, 2, 2, 6), (6, 2, 2, 6), (6, 2, 2, 6), (6, 2, 2, 4), (4, 2, 2, 1)].
- Lh leg dimensions: [(1, 2, 2, 4), (4, 2, 2, 16), (16, 2, 2, 8), (8, 2, 2, 20), (20, 2, 2, 8), (8, 2, 2, 20), (20, 2, 2, 8), (8, 2, 2, 20), (20, 2, 2, 8), (8, 2, 2, 4), (4, 2, 2, 1)].
- Rh leg dimensions: [(1, 2, 2, 4), (4, 2, 2, 16), (16, 2, 2, 24), (24, 2, 2, 24), (24, 2, 2, 24), (24, 2, 2, 24), (24, 2, 2, 24), (24, 2, 2, 24), (24, 2, 2, 16), (16, 2, 2, 4), (4, 2, 2, 1)].
-> E = <Lh|CC*> + <ALhAL*|CC*|ARhAR*> + <CC*|Rh> = 0.5901837399338997 + 0.5004421761322538 + 2.981036354558858 = 4.071662270625011.
- C_updated leg dimensions: [(1, 2, 2, 4), (4, 2, 2, 6), (6, 2, 2, 6), (6, 2, 2, 6), (6, 2, 2, 6), (6, 2, 2, 6), (6, 2, 2, 6), (6, 2, 2, 6), (6, 2, 2, 6), (6, 2, 2, 4), (4, 2, 2, 1)].
- largest Hermiticity error: 1.1220297371950299e-11.
- maximal number of matvec operations: 31.
-> E_updated = 3.829710646206848.
Orthogonality column 2:
- C leg dimensions: [(1, 2, 2, 4), (4, 2, 2, 6), (6, 2, 2, 6), (6, 2, 2, 6), (6, 2, 2, 6), (6, 2, 2, 6), (6, 2, 2, 6), (6, 2, 2, 6), (6, 2, 2, 6), (6, 2, 2, 4), (4, 2, 2, 1)].
- Lh leg dimensions: [(1, 2, 2, 4), (4, 2, 2, 3), (3, 2, 2, 8), (8, 2, 2, 3), (3, 2, 2, 8), (8, 2, 2, 3), (3, 2, 2, 8), (8, 2, 2, 3), (3, 2, 2, 8), (8, 2, 2, 3), (3, 2, 2, 1)].
- Rh leg dimensions: [(1, 2, 2, 4), (4, 2, 2, 16), (16, 2, 2, 24), (24, 2, 2, 24), (24, 2, 2, 24), (24, 2, 2, 24), (24, 2, 2, 24), (24, 2, 2, 24), (24, 2, 2, 16), (16, 2, 2, 4), (4, 2, 2, 1)].
-> E = <Lh|CC*> + <ALhAL*|CC*|ARhAR*> + <CC*|Rh> = 0.351374562606709 + 0.3586557618207597 + 3.1929222598882148 = 3.9029525843156834.
- C_updated leg dimensions: [(1, 2, 2, 4), (4, 2, 2, 6), (6, 2, 2, 6), (6, 2, 2, 6), (6, 2, 2, 6), (6, 2, 2, 6), (6, 2, 2, 6), (6, 2, 2, 6), (6, 2, 2, 6), (6, 2, 2, 4), (4, 2, 2, 1)].
- largest Hermiticity error: 2.5710576345016625e-09.
- maximal number of matvec operations: 41.
-> E_updated = 3.669809099726813.
Orthogonality column 1:
- C leg dimensions: [(1, 2, 2, 4), (4, 1, 2, 6), (6, 2, 2, 6), (6, 1, 2, 6), (6, 2, 2, 6), (6, 2, 2, 6), (6, 1, 2, 6), (6, 2, 2, 6), (6, 1, 2, 6), (6, 2, 2, 2), (2, 1, 2, 1)].
- Rh leg dimensions: [(1, 2, 2, 4), (4, 2, 2, 16), (16, 2, 2, 24), (24, 2, 2, 24), (24, 2, 2, 24), (24, 2, 2, 24), (24, 2, 2, 24), (24, 2, 2, 24), (24, 2, 2, 16), (16, 2, 2, 4), (4, 2, 2, 1)].
-> E = <Lh|CC*> + <ALhAL*|CC*|ARhAR*> + <CC*|Rh> = None + 0.365785438208944 + 3.4016204511936974 = 3.7674058894026414.
- C_updated leg dimensions: [(1, 2, 2, 4), (4, 1, 2, 6), (6, 2, 2, 6), (6, 1, 2, 6), (6, 2, 2, 6), (6, 2, 2, 6), (6, 1, 2, 6), (6, 2, 2, 6), (6, 1, 2, 6), (6, 2, 2, 2), (2, 1, 2, 1)].
- largest Hermiticity error: 1.4962222438072374e-09.
- maximal number of matvec operations: 31.
-> E_updated = 3.68908452697769.
Orthogonality column 0:
- C leg dimensions: [(1, 1, 2, 2), (2, 1, 2, 4), (4, 1, 2, 6), (6, 1, 2, 6), (6, 1, 2, 6), (6, 1, 2, 6), (6, 1, 2, 6), (6, 1, 2, 6), (6, 1, 2, 6), (6, 1, 2, 2), (2, 1, 2, 1)].
- Rh leg dimensions: [(1, 2, 2, 4), (4, 2, 2, 16), (16, 2, 2, 24), (24, 2, 2, 24), (24, 2, 2, 24), (24, 2, 2, 24), (24, 2, 2, 24), (24, 2, 2, 24), (24, 2, 2, 16), (16, 2, 2, 4), (4, 2, 2, 1)].
-> E = <Lh|CC*> + <ALhAL*|CC*|ARhAR*> + <CC*|Rh> = None + None + 3.7778310719876544 = 3.7778310719876544.
- C_updated leg dimensions: [(1, 1, 2, 2), (2, 1, 2, 4), (4, 1, 2, 6), (6, 1, 2, 6), (6, 1, 2, 6), (6, 1, 2, 6), (6, 1, 2, 6), (6, 1, 2, 6), (6, 1, 2, 4), (4, 1, 2, 2), (2, 1, 2, 1)].
- largest Hermiticity error: 1.6311516989482765e-09.
- maximal number of matvec operations: 31.
-> E_updated = 3.77684150874803.
=> <H> - E0 = 3.6882232917765236.

DMRGSquared sweep 2 ...
Orthogonality column 0:
- C leg dimensions: [(1, 1, 2, 2), (2, 1, 2, 4), (4, 1, 2, 6), (6, 1, 2, 6), (6, 1, 2, 6), (6, 1, 2, 6), (6, 1, 2, 6), (6, 1, 2, 6), (6, 1, 2, 4), (4, 1, 2, 2), (2, 1, 2, 1)].
- Rh leg dimensions: [(1, 2, 2, 4), (4, 2, 2, 16), (16, 2, 2, 24), (24, 2, 2, 24), (24, 2, 2, 24), (24, 2, 2, 24), (24, 2, 2, 24), (24, 2, 2, 24), (24, 2, 2, 16), (16, 2, 2, 4), (4, 2, 2, 1)].
-> E = <Lh|CC*> + <ALhAL*|CC*|ARhAR*> + <CC*|Rh> = None + None + 3.7768415088082623 = 3.7768415088082623.
- C_updated leg dimensions: [(1, 1, 2, 2), (2, 1, 2, 4), (4, 1, 2, 6), (6, 1, 2, 6), (6, 1, 2, 6), (6, 1, 2, 6), (6, 1, 2, 6), (6, 1, 2, 6), (6, 1, 2, 4), (4, 1, 2, 2), (2, 1, 2, 1)].
- largest Hermiticity error: 1.6537170197807838e-09.
- maximal number of matvec operations: 21.
-> E_updated = 3.7768415087480585.
Orthogonality column 1:
- C leg dimensions: [(1, 2, 2, 2), (2, 1, 2, 4), (4, 2, 2, 6), (6, 1, 2, 6), (6, 2, 2, 6), (6, 2, 2, 6), (6, 1, 2, 6), (6, 2, 2, 6), (6, 1, 2, 4), (4, 2, 2, 2), (2, 1, 2, 1)].
- Rh leg dimensions: [(1, 2, 2, 4), (4, 2, 2, 16), (16, 2, 2, 24), (24, 2, 2, 24), (24, 2, 2, 24), (24, 2, 2, 24), (24, 2, 2, 24), (24, 2, 2, 24), (24, 2, 2, 16), (16, 2, 2, 4), (4, 2, 2, 1)].
-> E = <Lh|CC*> + <ALhAL*|CC*|ARhAR*> + <CC*|Rh> = None + 0.38863007018622675 + 3.388085743564227 = 3.7767158137504535.
- C_updated leg dimensions: [(1, 2, 2, 4), (4, 1, 2, 6), (6, 2, 2, 6), (6, 1, 2, 6), (6, 2, 2, 6), (6, 2, 2, 6), (6, 1, 2, 6), (6, 2, 2, 6), (6, 1, 2, 6), (6, 2, 2, 2), (2, 1, 2, 1)].
- largest Hermiticity error: 1.4128680867966737e-09.
- maximal number of matvec operations: 31.
-> E_updated = 3.68908452668799.
Orthogonality column 2:
- C leg dimensions: [(1, 2, 2, 4), (4, 2, 2, 6), (6, 2, 2, 6), (6, 2, 2, 6), (6, 2, 2, 6), (6, 2, 2, 6), (6, 2, 2, 6), (6, 2, 2, 6), (6, 2, 2, 6), (6, 2, 2, 2), (2, 2, 2, 1)].
- Lh leg dimensions: [(1, 2, 2, 4), (4, 2, 2, 3), (3, 2, 2, 8), (8, 2, 2, 3), (3, 2, 2, 8), (8, 2, 2, 3), (3, 2, 2, 8), (8, 2, 2, 3), (3, 2, 2, 8), (8, 2, 2, 3), (3, 2, 2, 1)].
- Rh leg dimensions: [(1, 2, 2, 4), (4, 2, 2, 16), (16, 2, 2, 24), (24, 2, 2, 24), (24, 2, 2, 24), (24, 2, 2, 24), (24, 2, 2, 24), (24, 2, 2, 24), (24, 2, 2, 16), (16, 2, 2, 4), (4, 2, 2, 1)].
-> E = <Lh|CC*> + <ALhAL*|CC*|ARhAR*> + <CC*|Rh> = 0.32342467330651614 + 0.2355585197344714 + 3.1242059673718403 = 3.683189160412828.
- C_updated leg dimensions: [(1, 2, 2, 4), (4, 2, 2, 6), (6, 2, 2, 6), (6, 2, 2, 6), (6, 2, 2, 6), (6, 2, 2, 6), (6, 2, 2, 6), (6, 2, 2, 6), (6, 2, 2, 6), (6, 2, 2, 4), (4, 2, 2, 1)].
- largest Hermiticity error: 2.1167331504330292e-09.
- maximal number of matvec operations: 31.
-> E_updated = 3.572053648835678.
Orthogonality column 3:
- C leg dimensions: [(1, 2, 2, 4), (4, 2, 2, 6), (6, 2, 2, 6), (6, 2, 2, 6), (6, 2, 2, 6), (6, 2, 2, 6), (6, 2, 2, 6), (6, 2, 2, 6), (6, 2, 2, 6), (6, 2, 2, 4), (4, 2, 2, 1)].
- Lh leg dimensions: [(1, 2, 2, 4), (4, 2, 2, 16), (16, 2, 2, 8), (8, 2, 2, 20), (20, 2, 2, 8), (8, 2, 2, 20), (20, 2, 2, 8), (8, 2, 2, 20), (20, 2, 2, 8), (8, 2, 2, 4), (4, 2, 2, 1)].
- Rh leg dimensions: [(1, 2, 2, 4), (4, 2, 2, 16), (16, 2, 2, 24), (24, 2, 2, 24), (24, 2, 2, 24), (24, 2, 2, 24), (24, 2, 2, 24), (24, 2, 2, 24), (24, 2, 2, 16), (16, 2, 2, 4), (4, 2, 2, 1)].
-> E = <Lh|CC*> + <ALhAL*|CC*|ARhAR*> + <CC*|Rh> = 0.4815270172308342 + 0.07619723508570252 + 3.028621442278991 = 3.5863456945955274.
- C_updated leg dimensions: [(1, 2, 2, 4), (4, 2, 2, 6), (6, 2, 2, 6), (6, 2, 2, 6), (6, 2, 2, 6), (6, 2, 2, 6), (6, 2, 2, 6), (6, 2, 2, 6), (6, 2, 2, 6), (6, 2, 2, 4), (4, 2, 2, 1)].
- largest Hermiticity error: 7.599869182553784e-12.
- maximal number of matvec operations: 31.
-> E_updated = 3.3671235227196257.
Orthogonality column 4:
- C leg dimensions: [(1, 2, 2, 4), (4, 2, 2, 6), (6, 2, 2, 6), (6, 2, 2, 6), (6, 2, 2, 6), (6, 2, 2, 6), (6, 2, 2, 6), (6, 2, 2, 6), (6, 2, 2, 6), (6, 2, 2, 4), (4, 2, 2, 1)].
- Lh leg dimensions: [(1, 2, 2, 4), (4, 2, 2, 16), (16, 2, 2, 24), (24, 2, 2, 20), (20, 2, 2, 24), (24, 2, 2, 20), (20, 2, 2, 24), (24, 2, 2, 20), (20, 2, 2, 16), (16, 2, 2, 4), (4, 2, 2, 1)].
- Rh leg dimensions: [(1, 2, 2, 4), (4, 2, 2, 16), (16, 2, 2, 24), (24, 2, 2, 24), (24, 2, 2, 24), (24, 2, 2, 24), (24, 2, 2, 24), (24, 2, 2, 24), (24, 2, 2, 16), (16, 2, 2, 4), (4, 2, 2, 1)].
-> E = <Lh|CC*> + <ALhAL*|CC*|ARhAR*> + <CC*|Rh> = 0.363157893290266 + 0.5363026596201388 + 2.4886919174601525 = 3.3881524703705574.
- C_updated leg dimensions: [(1, 2, 2, 4), (4, 2, 2, 6), (6, 2, 2, 6), (6, 2, 2, 6), (6, 2, 2, 6), (6, 2, 2, 6), (6, 2, 2, 6), (6, 2, 2, 6), (6, 2, 2, 6), (6, 2, 2, 4), (4, 2, 2, 1)].
- largest Hermiticity error: 1.0532217456984872e-11.
- maximal number of matvec operations: 31.
-> E_updated = 3.1892347891410524.
Orthogonality column 5:
- C leg dimensions: [(1, 2, 2, 4), (4, 2, 2, 6), (6, 2, 2, 6), (6, 2, 2, 6), (6, 2, 2, 6), (6, 2, 2, 6), (6, 2, 2, 6), (6, 2, 2, 6), (6, 2, 2, 6), (6, 2, 2, 4), (4, 2, 2, 1)].
- Lh leg dimensions: [(1, 2, 2, 4), (4, 2, 2, 16), (16, 2, 2, 24), (24, 2, 2, 24), (24, 2, 2, 24), (24, 2, 2, 24), (24, 2, 2, 24), (24, 2, 2, 24), (24, 2, 2, 16), (16, 2, 2, 4), (4, 2, 2, 1)].
- Rh leg dimensions: [(1, 2, 2, 4), (4, 2, 2, 16), (16, 2, 2, 24), (24, 2, 2, 24), (24, 2, 2, 24), (24, 2, 2, 24), (24, 2, 2, 24), (24, 2, 2, 24), (24, 2, 2, 16), (16, 2, 2, 4), (4, 2, 2, 1)].
-> E = <Lh|CC*> + <ALhAL*|CC*|ARhAR*> + <CC*|Rh> = 0.7055834746119521 + 0.9455226412407068 + 1.5483732032310464 = 3.1994793190837054.
- C_updated leg dimensions: [(1, 2, 2, 4), (4, 2, 2, 6), (6, 2, 2, 6), (6, 2, 2, 6), (6, 2, 2, 6), (6, 2, 2, 6), (6, 2, 2, 6), (6, 2, 2, 6), (6, 2, 2, 6), (6, 2, 2, 4), (4, 2, 2, 1)].
- largest Hermiticity error: 1.4998410863056818e-11.
- maximal number of matvec operations: 41.
-> E_updated = 3.0748506927841612.
Orthogonality column 6:
- C leg dimensions: [(1, 2, 2, 4), (4, 2, 2, 6), (6, 2, 2, 6), (6, 2, 2, 6), (6, 2, 2, 6), (6, 2, 2, 6), (6, 2, 2, 6), (6, 2, 2, 6), (6, 2, 2, 6), (6, 2, 2, 4), (4, 2, 2, 1)].
- Lh leg dimensions: [(1, 2, 2, 4), (4, 2, 2, 16), (16, 2, 2, 24), (24, 2, 2, 24), (24, 2, 2, 24), (24, 2, 2, 24), (24, 2, 2, 24), (24, 2, 2, 24), (24, 2, 2, 16), (16, 2, 2, 4), (4, 2, 2, 1)].
- Rh leg dimensions: [(1, 2, 2, 4), (4, 2, 2, 16), (16, 2, 2, 24), (24, 2, 2, 24), (24, 2, 2, 24), (24, 2, 2, 24), (24, 2, 2, 24), (24, 2, 2, 24), (24, 2, 2, 16), (16, 2, 2, 4), (4, 2, 2, 1)].
-> E = <Lh|CC*> + <ALhAL*|CC*|ARhAR*> + <CC*|Rh> = 1.5345371338119 + 0.5216833584311323 + 1.0489570421456336 = 3.105177534388666.
- C_updated leg dimensions: [(1, 2, 2, 4), (4, 2, 2, 6), (6, 2, 2, 6), (6, 2, 2, 6), (6, 2, 2, 6), (6, 2, 2, 6), (6, 2, 2, 6), (6, 2, 2, 6), (6, 2, 2, 6), (6, 2, 2, 4), (4, 2, 2, 1)].
- largest Hermiticity error: 4.563260583366813e-15.
- maximal number of matvec operations: 31.
-> E_updated = 3.0125874251750373.
Orthogonality column 7:
- C leg dimensions: [(1, 2, 2, 4), (4, 2, 2, 6), (6, 2, 2, 6), (6, 2, 2, 6), (6, 2, 2, 6), (6, 2, 2, 6), (6, 2, 2, 6), (6, 2, 2, 6), (6, 2, 2, 6), (6, 2, 2, 4), (4, 2, 2, 1)].
- Lh leg dimensions: [(1, 2, 2, 4), (4, 2, 2, 16), (16, 2, 2, 24), (24, 2, 2, 24), (24, 2, 2, 24), (24, 2, 2, 24), (24, 2, 2, 24), (24, 2, 2, 24), (24, 2, 2, 16), (16, 2, 2, 4), (4, 2, 2, 1)].
- Rh leg dimensions: [(1, 2, 2, 4), (4, 2, 2, 16), (16, 2, 2, 24), (24, 2, 2, 24), (24, 2, 2, 24), (24, 2, 2, 24), (24, 2, 2, 24), (24, 2, 2, 24), (24, 2, 2, 16), (16, 2, 2, 4), (4, 2, 2, 1)].
-> E = <Lh|CC*> + <ALhAL*|CC*|ARhAR*> + <CC*|Rh> = 1.9837094474231594 + 0.21628892967604485 + 0.8320245949362084 = 3.0320229720354126.
- C_updated leg dimensions: [(1, 2, 2, 4), (4, 2, 2, 6), (6, 2, 2, 6), (6, 2, 2, 6), (6, 2, 2, 6), (6, 2, 2, 6), (6, 2, 2, 6), (6, 2, 2, 6), (6, 2, 2, 6), (6, 2, 2, 4), (4, 2, 2, 1)].
- largest Hermiticity error: 7.059637650366429e-11.
- maximal number of matvec operations: 31.
-> E_updated = 2.8308895830610252.
Orthogonality column 8:
- C leg dimensions: [(1, 2, 2, 4), (4, 2, 2, 6), (6, 2, 2, 6), (6, 2, 2, 6), (6, 2, 2, 6), (6, 2, 2, 6), (6, 2, 2, 6), (6, 2, 2, 6), (6, 2, 2, 6), (6, 2, 2, 4), (4, 2, 2, 1)].
- Lh leg dimensions: [(1, 2, 2, 4), (4, 2, 2, 16), (16, 2, 2, 24), (24, 2, 2, 24), (24, 2, 2, 24), (24, 2, 2, 24), (24, 2, 2, 24), (24, 2, 2, 24), (24, 2, 2, 16), (16, 2, 2, 4), (4, 2, 2, 1)].
- Rh leg dimensions: [(1, 2, 2, 4), (4, 2, 2, 16), (16, 2, 2, 19), (19, 2, 2, 24), (24, 2, 2, 20), (20, 2, 2, 24), (24, 2, 2, 20), (20, 2, 2, 24), (24, 2, 2, 16), (16, 2, 2, 4), (4, 2, 2, 1)].
-> E = <Lh|CC*> + <ALhAL*|CC*|ARhAR*> + <CC*|Rh> = 2.0666728576176894 + 0.42530166259223057 + 0.3899834536223518 = 2.8819579738322716.
- C_updated leg dimensions: [(1, 2, 2, 4), (4, 2, 2, 6), (6, 2, 2, 6), (6, 2, 2, 6), (6, 2, 2, 6), (6, 2, 2, 6), (6, 2, 2, 6), (6, 2, 2, 6), (6, 2, 2, 6), (6, 2, 2, 4), (4, 2, 2, 1)].
- largest Hermiticity error: 7.587927075659441e-09.
- maximal number of matvec operations: 31.
-> E_updated = 2.783607330654126.
Orthogonality column 9:
- C leg dimensions: [(1, 2, 2, 4), (4, 2, 2, 6), (6, 2, 2, 6), (6, 2, 2, 6), (6, 2, 2, 6), (6, 2, 2, 6), (6, 2, 2, 6), (6, 2, 2, 6), (6, 2, 2, 6), (6, 2, 2, 4), (4, 2, 2, 1)].
- Lh leg dimensions: [(1, 2, 2, 4), (4, 2, 2, 16), (16, 2, 2, 24), (24, 2, 2, 24), (24, 2, 2, 24), (24, 2, 2, 24), (24, 2, 2, 24), (24, 2, 2, 24), (24, 2, 2, 16), (16, 2, 2, 4), (4, 2, 2, 1)].
- Rh leg dimensions: [(1, 2, 2, 4), (4, 2, 2, 8), (8, 2, 2, 20), (20, 2, 2, 8), (8, 2, 2, 20), (20, 2, 2, 8), (8, 2, 2, 20), (20, 2, 2, 8), (8, 2, 2, 16), (16, 2, 2, 4), (4, 2, 2, 1)].
-> E = <Lh|CC*> + <ALhAL*|CC*|ARhAR*> + <CC*|Rh> = 2.462249891652216 + -0.04260909041136933 + 0.39309586363348087 = 2.8127366648743277.
- C_updated leg dimensions: [(1, 2, 2, 4), (4, 2, 2, 6), (6, 2, 2, 6), (6, 2, 2, 6), (6, 2, 2, 6), (6, 2, 2, 6), (6, 2, 2, 6), (6, 2, 2, 6), (6, 2, 2, 6), (6, 2, 2, 4), (4, 2, 2, 1)].
- largest Hermiticity error: 6.736276253771463e-10.
- maximal number of matvec operations: 31.
-> E_updated = 2.701416089810766.
Orthogonality column 10:
- C leg dimensions: [(1, 2, 2, 4), (4, 2, 2, 6), (6, 2, 2, 6), (6, 2, 2, 6), (6, 2, 2, 6), (6, 2, 2, 6), (6, 2, 2, 6), (6, 2, 2, 6), (6, 2, 2, 6), (6, 2, 2, 4), (4, 2, 2, 1)].
- Lh leg dimensions: [(1, 2, 2, 4), (4, 2, 2, 16), (16, 2, 2, 24), (24, 2, 2, 24), (24, 2, 2, 24), (24, 2, 2, 24), (24, 2, 2, 24), (24, 2, 2, 24), (24, 2, 2, 16), (16, 2, 2, 4), (4, 2, 2, 1)].
- Rh leg dimensions: [(1, 2, 2, 3), (3, 2, 2, 8), (8, 2, 2, 3), (3, 2, 2, 8), (8, 2, 2, 3), (3, 2, 2, 8), (8, 2, 2, 3), (3, 2, 2, 8), (8, 2, 2, 3), (3, 2, 2, 4), (4, 2, 2, 1)].
-> E = <Lh|CC*> + <ALhAL*|CC*|ARhAR*> + <CC*|Rh> = 2.433706696843564 + 0.011170863634924635 + 0.3705614488464403 = 2.8154390093249293.
- C_updated leg dimensions: [(1, 2, 2, 4), (4, 2, 2, 6), (6, 2, 2, 6), (6, 2, 2, 6), (6, 2, 2, 6), (6, 2, 2, 6), (6, 2, 2, 6), (6, 2, 2, 6), (6, 2, 2, 6), (6, 2, 2, 4), (4, 2, 2, 1)].
- largest Hermiticity error: 2.7988276809330046e-10.
- maximal number of matvec operations: 31.
-> E_updated = 2.728672281717148.
Orthogonality column 11:
- C leg dimensions: [(1, 2, 1, 4), (4, 2, 2, 6), (6, 2, 1, 6), (6, 2, 2, 6), (6, 2, 1, 6), (6, 2, 2, 6), (6, 2, 2, 6), (6, 2, 1, 6), (6, 2, 2, 6), (6, 2, 1, 4), (4, 2, 2, 1)].
- Lh leg dimensions: [(1, 2, 2, 4), (4, 2, 2, 16), (16, 2, 2, 24), (24, 2, 2, 24), (24, 2, 2, 24), (24, 2, 2, 24), (24, 2, 2, 24), (24, 2, 2, 24), (24, 2, 2, 16), (16, 2, 2, 4), (4, 2, 2, 1)].
-> E = <Lh|CC*> + <ALhAL*|CC*|ARhAR*> + <CC*|Rh> = 2.4240592541944936 + 0.38778146822811627 + None = 2.81184072242261.
- C_updated leg dimensions: [(1, 2, 1, 2), (2, 2, 2, 6), (6, 2, 1, 6), (6, 2, 2, 6), (6, 2, 1, 6), (6, 2, 2, 6), (6, 2, 2, 6), (6, 2, 1, 6), (6, 2, 2, 6), (6, 2, 1, 4), (4, 2, 2, 1)].
- largest Hermiticity error: 1.3946567447673483e-10.
- maximal number of matvec operations: 31.
-> E_updated = 2.8070846227106583.
Orthogonality column 12:
- C leg dimensions: [(1, 2, 1, 2), (2, 2, 1, 4), (4, 2, 1, 6), (6, 2, 1, 6), (6, 2, 1, 6), (6, 2, 1, 6), (6, 2, 1, 6), (6, 2, 1, 6), (6, 2, 1, 6), (6, 2, 1, 4), (4, 2, 1, 1)].
- Lh leg dimensions: [(1, 2, 2, 4), (4, 2, 2, 16), (16, 2, 2, 24), (24, 2, 2, 24), (24, 2, 2, 24), (24, 2, 2, 24), (24, 2, 2, 24), (24, 2, 2, 24), (24, 2, 2, 16), (16, 2, 2, 4), (4, 2, 2, 1)].
-> E = <Lh|CC*> + <ALhAL*|CC*|ARhAR*> + <CC*|Rh> = 2.8804025695688154 + None + None = 2.8804025695688154.
- C_updated leg dimensions: [(1, 2, 1, 2), (2, 2, 1, 4), (4, 2, 1, 6), (6, 2, 1, 6), (6, 2, 1, 6), (6, 2, 1, 6), (6, 2, 1, 6), (6, 2, 1, 6), (6, 2, 1, 4), (4, 2, 1, 2), (2, 2, 1, 1)].
- largest Hermiticity error: 9.36117545532847e-11.
- maximal number of matvec operations: 31.
-> E_updated = 2.879164432001744.
Orthogonality column 11:
- C leg dimensions: [(1, 2, 1, 2), (2, 2, 2, 4), (4, 2, 1, 6), (6, 2, 2, 6), (6, 2, 1, 6), (6, 2, 2, 6), (6, 2, 2, 6), (6, 2, 1, 6), (6, 2, 2, 4), (4, 2, 1, 2), (2, 2, 2, 1)].
- Lh leg dimensions: [(1, 2, 2, 4), (4, 2, 2, 16), (16, 2, 2, 24), (24, 2, 2, 24), (24, 2, 2, 24), (24, 2, 2, 24), (24, 2, 2, 24), (24, 2, 2, 24), (24, 2, 2, 16), (16, 2, 2, 4), (4, 2, 2, 1)].
-> E = <Lh|CC*> + <ALhAL*|CC*|ARhAR*> + <CC*|Rh> = 2.4809022791041877 + 0.39823875962492733 + None = 2.879141038729115.
- C_updated leg dimensions: [(1, 2, 1, 2), (2, 2, 2, 6), (6, 2, 1, 6), (6, 2, 2, 6), (6, 2, 1, 6), (6, 2, 2, 6), (6, 2, 2, 6), (6, 2, 1, 6), (6, 2, 2, 6), (6, 2, 1, 4), (4, 2, 2, 1)].
- largest Hermiticity error: 1.7129370820675962e-10.
- maximal number of matvec operations: 31.
-> E_updated = 2.807084622753446.
Orthogonality column 10:
- C leg dimensions: [(1, 2, 2, 2), (2, 2, 2, 6), (6, 2, 2, 6), (6, 2, 2, 6), (6, 2, 2, 6), (6, 2, 2, 6), (6, 2, 2, 6), (6, 2, 2, 6), (6, 2, 2, 6), (6, 2, 2, 4), (4, 2, 2, 1)].
- Lh leg dimensions: [(1, 2, 2, 4), (4, 2, 2, 16), (16, 2, 2, 24), (24, 2, 2, 24), (24, 2, 2, 24), (24, 2, 2, 24), (24, 2, 2, 24), (24, 2, 2, 24), (24, 2, 2, 16), (16, 2, 2, 4), (4, 2, 2, 1)].
- Rh leg dimensions: [(1, 2, 2, 3), (3, 2, 2, 8), (8, 2, 2, 3), (3, 2, 2, 8), (8, 2, 2, 3), (3, 2, 2, 8), (8, 2, 2, 3), (3, 2, 2, 8), (8, 2, 2, 3), (3, 2, 2, 4), (4, 2, 2, 1)].
-> E = <Lh|CC*> + <ALhAL*|CC*|ARhAR*> + <CC*|Rh> = 2.492299517556568 + -0.06877785093257298 + 0.3807770502929843 = 2.804298716916979.
- C_updated leg dimensions: [(1, 2, 2, 4), (4, 2, 2, 6), (6, 2, 2, 6), (6, 2, 2, 6), (6, 2, 2, 6), (6, 2, 2, 6), (6, 2, 2, 6), (6, 2, 2, 6), (6, 2, 2, 6), (6, 2, 2, 4), (4, 2, 2, 1)].
- largest Hermiticity error: 2.373597058715046e-10.
- maximal number of matvec operations: 31.
-> E_updated = 2.728382019861644.
Orthogonality column 9:
- C leg dimensions: [(1, 2, 2, 4), (4, 2, 2, 6), (6, 2, 2, 6), (6, 2, 2, 6), (6, 2, 2, 6), (6, 2, 2, 6), (6, 2, 2, 6), (6, 2, 2, 6), (6, 2, 2, 6), (6, 2, 2, 4), (4, 2, 2, 1)].
- Lh leg dimensions: [(1, 2, 2, 4), (4, 2, 2, 16), (16, 2, 2, 24), (24, 2, 2, 24), (24, 2, 2, 24), (24, 2, 2, 24), (24, 2, 2, 24), (24, 2, 2, 24), (24, 2, 2, 16), (16, 2, 2, 4), (4, 2, 2, 1)].
- Rh leg dimensions: [(1, 2, 2, 4), (4, 2, 2, 8), (8, 2, 2, 20), (20, 2, 2, 8), (8, 2, 2, 20), (20, 2, 2, 8), (8, 2, 2, 20), (20, 2, 2, 8), (8, 2, 2, 16), (16, 2, 2, 4), (4, 2, 2, 1)].
-> E = <Lh|CC*> + <ALhAL*|CC*|ARhAR*> + <CC*|Rh> = 2.517738934727551 + -0.06392526371849998 + 0.3208873263760598 = 2.7747009973851107.
- C_updated leg dimensions: [(1, 2, 2, 4), (4, 2, 2, 6), (6, 2, 2, 6), (6, 2, 2, 6), (6, 2, 2, 6), (6, 2, 2, 6), (6, 2, 2, 6), (6, 2, 2, 6), (6, 2, 2, 6), (6, 2, 2, 4), (4, 2, 2, 1)].
- largest Hermiticity error: 1.1093322544162805e-09.
- maximal number of matvec operations: 31.
-> E_updated = 2.6559393002369482.
Orthogonality column 8:
- C leg dimensions: [(1, 2, 2, 4), (4, 2, 2, 6), (6, 2, 2, 6), (6, 2, 2, 6), (6, 2, 2, 6), (6, 2, 2, 6), (6, 2, 2, 6), (6, 2, 2, 6), (6, 2, 2, 6), (6, 2, 2, 4), (4, 2, 2, 1)].
- Lh leg dimensions: [(1, 2, 2, 4), (4, 2, 2, 16), (16, 2, 2, 24), (24, 2, 2, 24), (24, 2, 2, 24), (24, 2, 2, 24), (24, 2, 2, 24), (24, 2, 2, 24), (24, 2, 2, 16), (16, 2, 2, 4), (4, 2, 2, 1)].
- Rh leg dimensions: [(1, 2, 2, 4), (4, 2, 2, 16), (16, 2, 2, 18), (18, 2, 2, 24), (24, 2, 2, 20), (20, 2, 2, 24), (24, 2, 2, 20), (20, 2, 2, 24), (24, 2, 2, 16), (16, 2, 2, 4), (4, 2, 2, 1)].
-> E = <Lh|CC*> + <ALhAL*|CC*|ARhAR*> + <CC*|Rh> = 2.101860383370822 + 0.3636380215806509 + 0.24318358799470796 = 2.7086819929461807.
- C_updated leg dimensions: [(1, 2, 2, 4), (4, 2, 2, 6), (6, 2, 2, 6), (6, 2, 2, 6), (6, 2, 2, 6), (6, 2, 2, 6), (6, 2, 2, 6), (6, 2, 2, 6), (6, 2, 2, 6), (6, 2, 2, 4), (4, 2, 2, 1)].
- largest Hermiticity error: 3.4614822459805398e-09.
- maximal number of matvec operations: 31.
-> E_updated = 2.642674279653206.
Orthogonality column 7:
- C leg dimensions: [(1, 2, 2, 4), (4, 2, 2, 6), (6, 2, 2, 6), (6, 2, 2, 6), (6, 2, 2, 6), (6, 2, 2, 6), (6, 2, 2, 6), (6, 2, 2, 6), (6, 2, 2, 6), (6, 2, 2, 4), (4, 2, 2, 1)].
- Lh leg dimensions: [(1, 2, 2, 4), (4, 2, 2, 16), (16, 2, 2, 24), (24, 2, 2, 24), (24, 2, 2, 24), (24, 2, 2, 24), (24, 2, 2, 24), (24, 2, 2, 24), (24, 2, 2, 16), (16, 2, 2, 4), (4, 2, 2, 1)].
- Rh leg dimensions: [(1, 2, 2, 4), (4, 2, 2, 16), (16, 2, 2, 24), (24, 2, 2, 24), (24, 2, 2, 24), (24, 2, 2, 24), (24, 2, 2, 24), (24, 2, 2, 24), (24, 2, 2, 16), (16, 2, 2, 4), (4, 2, 2, 1)].
-> E = <Lh|CC*> + <ALhAL*|CC*|ARhAR*> + <CC*|Rh> = 2.0582460136925365 + 0.030469379164416305 + 0.599658405070954 = 2.6883737979279068.
- C_updated leg dimensions: [(1, 2, 2, 4), (4, 2, 2, 6), (6, 2, 2, 6), (6, 2, 2, 6), (6, 2, 2, 6), (6, 2, 2, 6), (6, 2, 2, 6), (6, 2, 2, 6), (6, 2, 2, 6), (6, 2, 2, 4), (4, 2, 2, 1)].
- largest Hermiticity error: 2.614839138442742e-11.
- maximal number of matvec operations: 31.
-> E_updated = 2.6264676207955735.
Orthogonality column 6:
- C leg dimensions: [(1, 2, 2, 4), (4, 2, 2, 6), (6, 2, 2, 6), (6, 2, 2, 6), (6, 2, 2, 6), (6, 2, 2, 6), (6, 2, 2, 6), (6, 2, 2, 6), (6, 2, 2, 6), (6, 2, 2, 4), (4, 2, 2, 1)].
- Lh leg dimensions: [(1, 2, 2, 4), (4, 2, 2, 16), (16, 2, 2, 24), (24, 2, 2, 24), (24, 2, 2, 24), (24, 2, 2, 24), (24, 2, 2, 24), (24, 2, 2, 24), (24, 2, 2, 16), (16, 2, 2, 4), (4, 2, 2, 1)].
- Rh leg dimensions: [(1, 2, 2, 4), (4, 2, 2, 16), (16, 2, 2, 24), (24, 2, 2, 24), (24, 2, 2, 24), (24, 2, 2, 24), (24, 2, 2, 24), (24, 2, 2, 24), (24, 2, 2, 16), (16, 2, 2, 4), (4, 2, 2, 1)].
-> E = <Lh|CC*> + <ALhAL*|CC*|ARhAR*> + <CC*|Rh> = 1.6035641568879522 + 0.43954538968940976 + 0.6508295900962932 = 2.693939136673655.
- C_updated leg dimensions: [(1, 2, 2, 4), (4, 2, 2, 6), (6, 2, 2, 6), (6, 2, 2, 6), (6, 2, 2, 6), (6, 2, 2, 6), (6, 2, 2, 6), (6, 2, 2, 6), (6, 2, 2, 6), (6, 2, 2, 4), (4, 2, 2, 1)].
- largest Hermiticity error: 4.865070261007684e-15.
- maximal number of matvec operations: 31.
-> E_updated = 2.6526220675573944.
Orthogonality column 5:
- C leg dimensions: [(1, 2, 2, 4), (4, 2, 2, 6), (6, 2, 2, 6), (6, 2, 2, 6), (6, 2, 2, 6), (6, 2, 2, 6), (6, 2, 2, 6), (6, 2, 2, 6), (6, 2, 2, 6), (6, 2, 2, 4), (4, 2, 2, 1)].
- Lh leg dimensions: [(1, 2, 2, 4), (4, 2, 2, 16), (16, 2, 2, 24), (24, 2, 2, 24), (24, 2, 2, 24), (24, 2, 2, 24), (24, 2, 2, 24), (24, 2, 2, 24), (24, 2, 2, 16), (16, 2, 2, 4), (4, 2, 2, 1)].
- Rh leg dimensions: [(1, 2, 2, 4), (4, 2, 2, 16), (16, 2, 2, 24), (24, 2, 2, 24), (24, 2, 2, 24), (24, 2, 2, 24), (24, 2, 2, 24), (24, 2, 2, 24), (24, 2, 2, 16), (16, 2, 2, 4), (4, 2, 2, 1)].
-> E = <Lh|CC*> + <ALhAL*|CC*|ARhAR*> + <CC*|Rh> = 0.7649390510265789 + 0.7990881485002236 + 1.1179740282798118 = 2.682001227806614.
- C_updated leg dimensions: [(1, 2, 2, 4), (4, 2, 2, 6), (6, 2, 2, 6), (6, 2, 2, 6), (6, 2, 2, 6), (6, 2, 2, 6), (6, 2, 2, 6), (6, 2, 2, 6), (6, 2, 2, 6), (6, 2, 2, 4), (4, 2, 2, 1)].
- largest Hermiticity error: 3.854985102163507e-12.
- maximal number of matvec operations: 31.
-> E_updated = 2.6487950361587127.
Orthogonality column 4:
- C leg dimensions: [(1, 2, 2, 4), (4, 2, 2, 6), (6, 2, 2, 6), (6, 2, 2, 6), (6, 2, 2, 6), (6, 2, 2, 6), (6, 2, 2, 6), (6, 2, 2, 6), (6, 2, 2, 6), (6, 2, 2, 4), (4, 2, 2, 1)].
- Lh leg dimensions: [(1, 2, 2, 4), (4, 2, 2, 16), (16, 2, 2, 24), (24, 2, 2, 20), (20, 2, 2, 24), (24, 2, 2, 20), (20, 2, 2, 24), (24, 2, 2, 20), (20, 2, 2, 16), (16, 2, 2, 4), (4, 2, 2, 1)].
- Rh leg dimensions: [(1, 2, 2, 4), (4, 2, 2, 16), (16, 2, 2, 24), (24, 2, 2, 24), (24, 2, 2, 24), (24, 2, 2, 24), (24, 2, 2, 24), (24, 2, 2, 24), (24, 2, 2, 16), (16, 2, 2, 4), (4, 2, 2, 1)].
-> E = <Lh|CC*> + <ALhAL*|CC*|ARhAR*> + <CC*|Rh> = 0.34313351656786634 + 0.39806604807995444 + 1.916255852785908 = 2.6574554174337286.
- C_updated leg dimensions: [(1, 2, 2, 4), (4, 2, 2, 6), (6, 2, 2, 6), (6, 2, 2, 6), (6, 2, 2, 6), (6, 2, 2, 6), (6, 2, 2, 6), (6, 2, 2, 6), (6, 2, 2, 6), (6, 2, 2, 4), (4, 2, 2, 1)].
- largest Hermiticity error: 7.277923663146137e-11.
- maximal number of matvec operations: 31.
-> E_updated = 2.636159218100023.
Orthogonality column 3:
- C leg dimensions: [(1, 2, 2, 4), (4, 2, 2, 6), (6, 2, 2, 6), (6, 2, 2, 6), (6, 2, 2, 6), (6, 2, 2, 6), (6, 2, 2, 6), (6, 2, 2, 6), (6, 2, 2, 6), (6, 2, 2, 4), (4, 2, 2, 1)].
- Lh leg dimensions: [(1, 2, 2, 4), (4, 2, 2, 16), (16, 2, 2, 8), (8, 2, 2, 20), (20, 2, 2, 8), (8, 2, 2, 20), (20, 2, 2, 8), (8, 2, 2, 20), (20, 2, 2, 8), (8, 2, 2, 4), (4, 2, 2, 1)].
- Rh leg dimensions: [(1, 2, 2, 4), (4, 2, 2, 16), (16, 2, 2, 24), (24, 2, 2, 24), (24, 2, 2, 24), (24, 2, 2, 24), (24, 2, 2, 24), (24, 2, 2, 24), (24, 2, 2, 16), (16, 2, 2, 4), (4, 2, 2, 1)].
-> E = <Lh|CC*> + <ALhAL*|CC*|ARhAR*> + <CC*|Rh> = 0.45882353934657727 + -0.12561521551016616 + 2.3137464189651786 = 2.6469547428015896.
- C_updated leg dimensions: [(1, 2, 2, 4), (4, 2, 2, 6), (6, 2, 2, 6), (6, 2, 2, 6), (6, 2, 2, 6), (6, 2, 2, 6), (6, 2, 2, 6), (6, 2, 2, 6), (6, 2, 2, 6), (6, 2, 2, 4), (4, 2, 2, 1)].
- largest Hermiticity error: 2.8096041132854038e-11.
- maximal number of matvec operations: 31.
-> E_updated = 2.5630791556301977.
Orthogonality column 2:
- C leg dimensions: [(1, 2, 2, 4), (4, 2, 2, 6), (6, 2, 2, 6), (6, 2, 2, 6), (6, 2, 2, 6), (6, 2, 2, 6), (6, 2, 2, 6), (6, 2, 2, 6), (6, 2, 2, 6), (6, 2, 2, 4), (4, 2, 2, 1)].
- Lh leg dimensions: [(1, 2, 2, 4), (4, 2, 2, 3), (3, 2, 2, 8), (8, 2, 2, 3), (3, 2, 2, 8), (8, 2, 2, 3), (3, 2, 2, 8), (8, 2, 2, 3), (3, 2, 2, 8), (8, 2, 2, 3), (3, 2, 2, 1)].
- Rh leg dimensions: [(1, 2, 2, 4), (4, 2, 2, 16), (16, 2, 2, 24), (24, 2, 2, 24), (24, 2, 2, 24), (24, 2, 2, 24), (24, 2, 2, 24), (24, 2, 2, 24), (24, 2, 2, 16), (16, 2, 2, 4), (4, 2, 2, 1)].
-> E = <Lh|CC*> + <ALhAL*|CC*|ARhAR*> + <CC*|Rh> = 0.34420219866504315 + 0.1138771441161863 + 2.209683944575954 = 2.6677632873571833.
- C_updated leg dimensions: [(1, 2, 2, 4), (4, 2, 2, 6), (6, 2, 2, 6), (6, 2, 2, 6), (6, 2, 2, 6), (6, 2, 2, 6), (6, 2, 2, 6), (6, 2, 2, 6), (6, 2, 2, 6), (6, 2, 2, 4), (4, 2, 2, 1)].
- largest Hermiticity error: 4.960486765257663e-12.
- maximal number of matvec operations: 31.
-> E_updated = 2.5230843535382643.
Orthogonality column 1:
- C leg dimensions: [(1, 2, 2, 4), (4, 1, 2, 6), (6, 2, 2, 6), (6, 1, 2, 6), (6, 2, 2, 6), (6, 2, 2, 6), (6, 1, 2, 6), (6, 2, 2, 6), (6, 1, 2, 6), (6, 2, 2, 2), (2, 1, 2, 1)].
- Rh leg dimensions: [(1, 2, 2, 4), (4, 2, 2, 16), (16, 2, 2, 24), (24, 2, 2, 24), (24, 2, 2, 24), (24, 2, 2, 24), (24, 2, 2, 24), (24, 2, 2, 24), (24, 2, 2, 16), (16, 2, 2, 4), (4, 2, 2, 1)].
-> E = <Lh|CC*> + <ALhAL*|CC*|ARhAR*> + <CC*|Rh> = None + 0.3793515263969553 + 2.2907063323193744 = 2.6700578587163295.
- C_updated leg dimensions: [(1, 2, 2, 4), (4, 1, 2, 6), (6, 2, 2, 6), (6, 1, 2, 6), (6, 2, 2, 6), (6, 2, 2, 6), (6, 1, 2, 6), (6, 2, 2, 6), (6, 1, 2, 6), (6, 2, 2, 2), (2, 1, 2, 1)].
- largest Hermiticity error: 9.178200285613387e-13.
- maximal number of matvec operations: 31.
-> E_updated = 2.666909664759366.
Orthogonality column 0:
- C leg dimensions: [(1, 1, 2, 2), (2, 1, 2, 4), (4, 1, 2, 6), (6, 1, 2, 6), (6, 1, 2, 6), (6, 1, 2, 6), (6, 1, 2, 6), (6, 1, 2, 6), (6, 1, 2, 6), (6, 1, 2, 2), (2, 1, 2, 1)].
- Rh leg dimensions: [(1, 2, 2, 4), (4, 2, 2, 16), (16, 2, 2, 24), (24, 2, 2, 24), (24, 2, 2, 24), (24, 2, 2, 24), (24, 2, 2, 24), (24, 2, 2, 24), (24, 2, 2, 16), (16, 2, 2, 4), (4, 2, 2, 1)].
-> E = <Lh|CC*> + <ALhAL*|CC*|ARhAR*> + <CC*|Rh> = None + None + 2.7257079176572123 = 2.7257079176572123.
- C_updated leg dimensions: [(1, 1, 2, 2), (2, 1, 2, 4), (4, 1, 2, 6), (6, 1, 2, 6), (6, 1, 2, 6), (6, 1, 2, 6), (6, 1, 2, 6), (6, 1, 2, 6), (6, 1, 2, 4), (4, 1, 2, 2), (2, 1, 2, 1)].
- largest Hermiticity error: 1.1836397161794636e-12.
- maximal number of matvec operations: 31.
-> E_updated = 2.724370540855023.
=> <H> - E0 = 2.758935038548316.

DMRGSquared sweep 3 ...
Orthogonality column 0:
- C leg dimensions: [(1, 1, 2, 2), (2, 1, 2, 4), (4, 1, 2, 6), (6, 1, 2, 6), (6, 1, 2, 6), (6, 1, 2, 6), (6, 1, 2, 6), (6, 1, 2, 6), (6, 1, 2, 4), (4, 1, 2, 2), (2, 1, 2, 1)].
- Rh leg dimensions: [(1, 2, 2, 4), (4, 2, 2, 16), (16, 2, 2, 24), (24, 2, 2, 24), (24, 2, 2, 24), (24, 2, 2, 24), (24, 2, 2, 24), (24, 2, 2, 24), (24, 2, 2, 16), (16, 2, 2, 4), (4, 2, 2, 1)].
-> E = <Lh|CC*> + <ALhAL*|CC*|ARhAR*> + <CC*|Rh> = None + None + 2.7243705408550265 = 2.7243705408550265.
- C_updated leg dimensions: [(1, 1, 2, 2), (2, 1, 2, 4), (4, 1, 2, 6), (6, 1, 2, 6), (6, 1, 2, 6), (6, 1, 2, 6), (6, 1, 2, 6), (6, 1, 2, 6), (6, 1, 2, 4), (4, 1, 2, 2), (2, 1, 2, 1)].
- largest Hermiticity error: 1.811117814736942e-12.
- maximal number of matvec operations: 21.
-> E_updated = 2.7243705408550576.
Orthogonality column 1:
- C leg dimensions: [(1, 2, 2, 2), (2, 1, 2, 4), (4, 2, 2, 6), (6, 1, 2, 6), (6, 2, 2, 6), (6, 2, 2, 6), (6, 1, 2, 6), (6, 2, 2, 6), (6, 1, 2, 4), (4, 2, 2, 2), (2, 1, 2, 1)].
- Rh leg dimensions: [(1, 2, 2, 4), (4, 2, 2, 16), (16, 2, 2, 24), (24, 2, 2, 24), (24, 2, 2, 24), (24, 2, 2, 24), (24, 2, 2, 24), (24, 2, 2, 24), (24, 2, 2, 16), (16, 2, 2, 4), (4, 2, 2, 1)].
-> E = <Lh|CC*> + <ALhAL*|CC*|ARhAR*> + <CC*|Rh> = None + 0.40651442136299387 + 2.317823349897678 = 2.724337771260672.
- C_updated leg dimensions: [(1, 2, 2, 4), (4, 1, 2, 6), (6, 2, 2, 6), (6, 1, 2, 6), (6, 2, 2, 6), (6, 2, 2, 6), (6, 1, 2, 6), (6, 2, 2, 6), (6, 1, 2, 6), (6, 2, 2, 2), (2, 1, 2, 1)].
- largest Hermiticity error: 9.392524583079154e-13.
- maximal number of matvec operations: 31.
-> E_updated = 2.666893172327768.
Orthogonality column 2:
- C leg dimensions: [(1, 2, 2, 4), (4, 2, 2, 6), (6, 2, 2, 6), (6, 2, 2, 6), (6, 2, 2, 6), (6, 2, 2, 6), (6, 2, 2, 6), (6, 2, 2, 6), (6, 2, 2, 6), (6, 2, 2, 2), (2, 2, 2, 1)].
- Lh leg dimensions: [(1, 2, 2, 4), (4, 2, 2, 3), (3, 2, 2, 8), (8, 2, 2, 3), (3, 2, 2, 8), (8, 2, 2, 3), (3, 2, 2, 8), (8, 2, 2, 3), (3, 2, 2, 8), (8, 2, 2, 3), (3, 2, 2, 1)].
- Rh leg dimensions: [(1, 2, 2, 4), (4, 2, 2, 16), (16, 2, 2, 24), (24, 2, 2, 24), (24, 2, 2, 24), (24, 2, 2, 24), (24, 2, 2, 24), (24, 2, 2, 24), (24, 2, 2, 16), (16, 2, 2, 4), (4, 2, 2, 1)].
-> E = <Lh|CC*> + <ALhAL*|CC*|ARhAR*> + <CC*|Rh> = 0.3707399479158467 + -0.01607729362689598 + 2.3062626796855246 = 2.6609253339744754.
- C_updated leg dimensions: [(1, 2, 2, 4), (4, 2, 2, 6), (6, 2, 2, 6), (6, 2, 2, 6), (6, 2, 2, 6), (6, 2, 2, 6), (6, 2, 2, 6), (6, 2, 2, 6), (6, 2, 2, 6), (6, 2, 2, 4), (4, 2, 2, 1)].
- largest Hermiticity error: 5.699142232934964e-12.
- maximal number of matvec operations: 41.
-> E_updated = 2.527274620237163.
Orthogonality column 3:
- C leg dimensions: [(1, 2, 2, 4), (4, 2, 2, 6), (6, 2, 2, 6), (6, 2, 2, 6), (6, 2, 2, 6), (6, 2, 2, 6), (6, 2, 2, 6), (6, 2, 2, 6), (6, 2, 2, 6), (6, 2, 2, 4), (4, 2, 2, 1)].
- Lh leg dimensions: [(1, 2, 2, 4), (4, 2, 2, 16), (16, 2, 2, 8), (8, 2, 2, 20), (20, 2, 2, 8), (8, 2, 2, 20), (20, 2, 2, 8), (8, 2, 2, 20), (20, 2, 2, 8), (8, 2, 2, 4), (4, 2, 2, 1)].
- Rh leg dimensions: [(1, 2, 2, 4), (4, 2, 2, 16), (16, 2, 2, 24), (24, 2, 2, 24), (24, 2, 2, 24), (24, 2, 2, 24), (24, 2, 2, 24), (24, 2, 2, 24), (24, 2, 2, 16), (16, 2, 2, 4), (4, 2, 2, 1)].
-> E = <Lh|CC*> + <ALhAL*|CC*|ARhAR*> + <CC*|Rh> = 0.32601421607574677 + -0.13751001177312888 + 2.3932445440959875 = 2.5817487483986055.
- C_updated leg dimensions: [(1, 2, 2, 4), (4, 2, 2, 6), (6, 2, 2, 6), (6, 2, 2, 6), (6, 2, 2, 6), (6, 2, 2, 6), (6, 2, 2, 6), (6, 2, 2, 6), (6, 2, 2, 6), (6, 2, 2, 4), (4, 2, 2, 1)].
- largest Hermiticity error: 2.5150432432605362e-11.
- maximal number of matvec operations: 31.
-> E_updated = 2.473661558819445.
Orthogonality column 4:
- C leg dimensions: [(1, 2, 2, 4), (4, 2, 2, 6), (6, 2, 2, 6), (6, 2, 2, 6), (6, 2, 2, 6), (6, 2, 2, 6), (6, 2, 2, 6), (6, 2, 2, 6), (6, 2, 2, 6), (6, 2, 2, 4), (4, 2, 2, 1)].
- Lh leg dimensions: [(1, 2, 2, 4), (4, 2, 2, 16), (16, 2, 2, 24), (24, 2, 2, 20), (20, 2, 2, 24), (24, 2, 2, 20), (20, 2, 2, 24), (24, 2, 2, 20), (20, 2, 2, 16), (16, 2, 2, 4), (4, 2, 2, 1)].
- Rh leg dimensions: [(1, 2, 2, 4), (4, 2, 2, 16), (16, 2, 2, 24), (24, 2, 2, 24), (24, 2, 2, 24), (24, 2, 2, 24), (24, 2, 2, 24), (24, 2, 2, 24), (24, 2, 2, 16), (16, 2, 2, 4), (4, 2, 2, 1)].
-> E = <Lh|CC*> + <ALhAL*|CC*|ARhAR*> + <CC*|Rh> = 0.19777400046224908 + 0.3684082366611887 + 1.9313349526325463 = 2.497517189755984.
- C_updated leg dimensions: [(1, 2, 2, 4), (4, 2, 2, 6), (6, 2, 2, 6), (6, 2, 2, 6), (6, 2, 2, 6), (6, 2, 2, 6), (6, 2, 2, 6), (6, 2, 2, 6), (6, 2, 2, 6), (6, 2, 2, 4), (4, 2, 2, 1)].
- largest Hermiticity error: 4.425609330436769e-11.
- maximal number of matvec operations: 31.
-> E_updated = 2.481404271183396.
Orthogonality column 5:
- C leg dimensions: [(1, 2, 2, 4), (4, 2, 2, 6), (6, 2, 2, 6), (6, 2, 2, 6), (6, 2, 2, 6), (6, 2, 2, 6), (6, 2, 2, 6), (6, 2, 2, 6), (6, 2, 2, 6), (6, 2, 2, 4), (4, 2, 2, 1)].
- Lh leg dimensions: [(1, 2, 2, 4), (4, 2, 2, 16), (16, 2, 2, 24), (24, 2, 2, 24), (24, 2, 2, 24), (24, 2, 2, 24), (24, 2, 2, 24), (24, 2, 2, 24), (24, 2, 2, 16), (16, 2, 2, 4), (4, 2, 2, 1)].
- Rh leg dimensions: [(1, 2, 2, 4), (4, 2, 2, 16), (16, 2, 2, 24), (24, 2, 2, 24), (24, 2, 2, 24), (24, 2, 2, 24), (24, 2, 2, 24), (24, 2, 2, 24), (24, 2, 2, 16), (16, 2, 2, 4), (4, 2, 2, 1)].
-> E = <Lh|CC*> + <ALhAL*|CC*|ARhAR*> + <CC*|Rh> = 0.5891827038939965 + 0.7902241428329375 + 1.1400236579657548 = 2.519430504692689.
- C_updated leg dimensions: [(1, 2, 2, 4), (4, 2, 2, 6), (6, 2, 2, 6), (6, 2, 2, 6), (6, 2, 2, 6), (6, 2, 2, 6), (6, 2, 2, 6), (6, 2, 2, 6), (6, 2, 2, 6), (6, 2, 2, 4), (4, 2, 2, 1)].
- largest Hermiticity error: 4.03317277885018e-12.
- maximal number of matvec operations: 31.
-> E_updated = 2.506850624648165.
Orthogonality column 6:
- C leg dimensions: [(1, 2, 2, 4), (4, 2, 2, 6), (6, 2, 2, 6), (6, 2, 2, 6), (6, 2, 2, 6), (6, 2, 2, 6), (6, 2, 2, 6), (6, 2, 2, 6), (6, 2, 2, 6), (6, 2, 2, 4), (4, 2, 2, 1)].
- Lh leg dimensions: [(1, 2, 2, 4), (4, 2, 2, 16), (16, 2, 2, 24), (24, 2, 2, 24), (24, 2, 2, 24), (24, 2, 2, 24), (24, 2, 2, 24), (24, 2, 2, 24), (24, 2, 2, 16), (16, 2, 2, 4), (4, 2, 2, 1)].
- Rh leg dimensions: [(1, 2, 2, 4), (4, 2, 2, 16), (16, 2, 2, 24), (24, 2, 2, 24), (24, 2, 2, 24), (24, 2, 2, 24), (24, 2, 2, 24), (24, 2, 2, 24), (24, 2, 2, 16), (16, 2, 2, 4), (4, 2, 2, 1)].
-> E = <Lh|CC*> + <ALhAL*|CC*|ARhAR*> + <CC*|Rh> = 1.4173833971726568 + 0.43743024927173035 + 0.6905043232015944 = 2.5453179696459816.
- C_updated leg dimensions: [(1, 2, 2, 4), (4, 2, 2, 6), (6, 2, 2, 6), (6, 2, 2, 6), (6, 2, 2, 6), (6, 2, 2, 6), (6, 2, 2, 6), (6, 2, 2, 6), (6, 2, 2, 6), (6, 2, 2, 4), (4, 2, 2, 1)].
- largest Hermiticity error: 6.422282747512525e-15.
- maximal number of matvec operations: 31.
-> E_updated = 2.510914474175962.
Orthogonality column 7:
- C leg dimensions: [(1, 2, 2, 4), (4, 2, 2, 6), (6, 2, 2, 6), (6, 2, 2, 6), (6, 2, 2, 6), (6, 2, 2, 6), (6, 2, 2, 6), (6, 2, 2, 6), (6, 2, 2, 6), (6, 2, 2, 4), (4, 2, 2, 1)].
- Lh leg dimensions: [(1, 2, 2, 4), (4, 2, 2, 16), (16, 2, 2, 24), (24, 2, 2, 24), (24, 2, 2, 24), (24, 2, 2, 24), (24, 2, 2, 24), (24, 2, 2, 24), (24, 2, 2, 16), (16, 2, 2, 4), (4, 2, 2, 1)].
- Rh leg dimensions: [(1, 2, 2, 4), (4, 2, 2, 16), (16, 2, 2, 24), (24, 2, 2, 24), (24, 2, 2, 24), (24, 2, 2, 24), (24, 2, 2, 24), (24, 2, 2, 24), (24, 2, 2, 16), (16, 2, 2, 4), (4, 2, 2, 1)].
-> E = <Lh|CC*> + <ALhAL*|CC*|ARhAR*> + <CC*|Rh> = 1.893934814853525 + 0.022692370360504855 + 0.6324647734864329 = 2.549091958700463.
- C_updated leg dimensions: [(1, 2, 2, 4), (4, 2, 2, 6), (6, 2, 2, 6), (6, 2, 2, 6), (6, 2, 2, 6), (6, 2, 2, 6), (6, 2, 2, 6), (6, 2, 2, 6), (6, 2, 2, 6), (6, 2, 2, 4), (4, 2, 2, 1)].
- largest Hermiticity error: 7.420029133367796e-13.
- maximal number of matvec operations: 31.
-> E_updated = 2.4830073086851954.
Orthogonality column 8:
- C leg dimensions: [(1, 2, 2, 4), (4, 2, 2, 6), (6, 2, 2, 6), (6, 2, 2, 6), (6, 2, 2, 6), (6, 2, 2, 6), (6, 2, 2, 6), (6, 2, 2, 6), (6, 2, 2, 6), (6, 2, 2, 4), (4, 2, 2, 1)].
- Lh leg dimensions: [(1, 2, 2, 4), (4, 2, 2, 16), (16, 2, 2, 24), (24, 2, 2, 24), (24, 2, 2, 24), (24, 2, 2, 24), (24, 2, 2, 24), (24, 2, 2, 24), (24, 2, 2, 16), (16, 2, 2, 4), (4, 2, 2, 1)].
- Rh leg dimensions: [(1, 2, 2, 4), (4, 2, 2, 16), (16, 2, 2, 18), (18, 2, 2, 24), (24, 2, 2, 20), (20, 2, 2, 24), (24, 2, 2, 20), (20, 2, 2, 24), (24, 2, 2, 16), (16, 2, 2, 4), (4, 2, 2, 1)].
-> E = <Lh|CC*> + <ALhAL*|CC*|ARhAR*> + <CC*|Rh> = 1.911119820760988 + 0.27787652437291327 + 0.3017455373224894 = 2.490741882456391.
- C_updated leg dimensions: [(1, 2, 2, 4), (4, 2, 2, 6), (6, 2, 2, 6), (6, 2, 2, 6), (6, 2, 2, 6), (6, 2, 2, 6), (6, 2, 2, 6), (6, 2, 2, 6), (6, 2, 2, 6), (6, 2, 2, 4), (4, 2, 2, 1)].
- largest Hermiticity error: 6.557735798884606e-10.
- maximal number of matvec operations: 31.
-> E_updated = 2.340410536317314.
Orthogonality column 9:
- C leg dimensions: [(1, 2, 2, 4), (4, 2, 2, 6), (6, 2, 2, 6), (6, 2, 2, 6), (6, 2, 2, 6), (6, 2, 2, 6), (6, 2, 2, 6), (6, 2, 2, 6), (6, 2, 2, 6), (6, 2, 2, 4), (4, 2, 2, 1)].
- Lh leg dimensions: [(1, 2, 2, 4), (4, 2, 2, 16), (16, 2, 2, 24), (24, 2, 2, 24), (24, 2, 2, 24), (24, 2, 2, 24), (24, 2, 2, 24), (24, 2, 2, 24), (24, 2, 2, 16), (16, 2, 2, 4), (4, 2, 2, 1)].
- Rh leg dimensions: [(1, 2, 2, 4), (4, 2, 2, 8), (8, 2, 2, 20), (20, 2, 2, 8), (8, 2, 2, 20), (20, 2, 2, 8), (8, 2, 2, 20), (20, 2, 2, 8), (8, 2, 2, 16), (16, 2, 2, 4), (4, 2, 2, 1)].
-> E = <Lh|CC*> + <ALhAL*|CC*|ARhAR*> + <CC*|Rh> = 2.1066953515477898 + -0.04953074929447224 + 0.3513991607985385 = 2.4085637630518564.
- C_updated leg dimensions: [(1, 2, 2, 4), (4, 2, 2, 6), (6, 2, 2, 6), (6, 2, 2, 6), (6, 2, 2, 6), (6, 2, 2, 6), (6, 2, 2, 6), (6, 2, 2, 6), (6, 2, 2, 6), (6, 2, 2, 4), (4, 2, 2, 1)].
- largest Hermiticity error: 4.995500269971165e-10.
- maximal number of matvec operations: 31.
-> E_updated = 2.3512590475792776.
Orthogonality column 10:
- C leg dimensions: [(1, 2, 2, 4), (4, 2, 2, 6), (6, 2, 2, 6), (6, 2, 2, 6), (6, 2, 2, 6), (6, 2, 2, 6), (6, 2, 2, 6), (6, 2, 2, 6), (6, 2, 2, 6), (6, 2, 2, 4), (4, 2, 2, 1)].
- Lh leg dimensions: [(1, 2, 2, 4), (4, 2, 2, 16), (16, 2, 2, 24), (24, 2, 2, 24), (24, 2, 2, 24), (24, 2, 2, 24), (24, 2, 2, 24), (24, 2, 2, 24), (24, 2, 2, 16), (16, 2, 2, 4), (4, 2, 2, 1)].
- Rh leg dimensions: [(1, 2, 2, 3), (3, 2, 2, 8), (8, 2, 2, 3), (3, 2, 2, 8), (8, 2, 2, 3), (3, 2, 2, 8), (8, 2, 2, 3), (3, 2, 2, 8), (8, 2, 2, 3), (3, 2, 2, 4), (4, 2, 2, 1)].
-> E = <Lh|CC*> + <ALhAL*|CC*|ARhAR*> + <CC*|Rh> = 2.0631463853481535 + -0.07878527096239656 + 0.4143127071422271 = 2.398673821527984.
- C_updated leg dimensions: [(1, 2, 2, 4), (4, 2, 2, 6), (6, 2, 2, 6), (6, 2, 2, 6), (6, 2, 2, 6), (6, 2, 2, 6), (6, 2, 2, 6), (6, 2, 2, 6), (6, 2, 2, 6), (6, 2, 2, 4), (4, 2, 2, 1)].
- largest Hermiticity error: 7.556089451112014e-11.
- maximal number of matvec operations: 31.
-> E_updated = 2.3498993150221734.
Orthogonality column 11:
- C leg dimensions: [(1, 2, 1, 4), (4, 2, 2, 6), (6, 2, 1, 6), (6, 2, 2, 6), (6, 2, 1, 6), (6, 2, 2, 6), (6, 2, 2, 6), (6, 2, 1, 6), (6, 2, 2, 6), (6, 2, 1, 4), (4, 2, 2, 1)].
- Lh leg dimensions: [(1, 2, 2, 4), (4, 2, 2, 16), (16, 2, 2, 24), (24, 2, 2, 24), (24, 2, 2, 24), (24, 2, 2, 24), (24, 2, 2, 24), (24, 2, 2, 24), (24, 2, 2, 16), (16, 2, 2, 4), (4, 2, 2, 1)].
-> E = <Lh|CC*> + <ALhAL*|CC*|ARhAR*> + <CC*|Rh> = 2.075922934910676 + 0.3984710745319108 + None = 2.4743940094425865.
- C_updated leg dimensions: [(1, 2, 1, 2), (2, 2, 2, 6), (6, 2, 1, 6), (6, 2, 2, 6), (6, 2, 1, 6), (6, 2, 2, 6), (6, 2, 2, 6), (6, 2, 1, 6), (6, 2, 2, 6), (6, 2, 1, 4), (4, 2, 2, 1)].
- largest Hermiticity error: 1.5810735123296262e-11.
- maximal number of matvec operations: 31.
-> E_updated = 2.4708712441756853.
Orthogonality column 12:
- C leg dimensions: [(1, 2, 1, 2), (2, 2, 1, 4), (4, 2, 1, 6), (6, 2, 1, 6), (6, 2, 1, 6), (6, 2, 1, 6), (6, 2, 1, 6), (6, 2, 1, 6), (6, 2, 1, 6), (6, 2, 1, 4), (4, 2, 1, 1)].
- Lh leg dimensions: [(1, 2, 2, 4), (4, 2, 2, 16), (16, 2, 2, 24), (24, 2, 2, 24), (24, 2, 2, 24), (24, 2, 2, 24), (24, 2, 2, 24), (24, 2, 2, 24), (24, 2, 2, 16), (16, 2, 2, 4), (4, 2, 2, 1)].
-> E = <Lh|CC*> + <ALhAL*|CC*|ARhAR*> + <CC*|Rh> = 2.503256367801132 + None + None = 2.503256367801132.
- C_updated leg dimensions: [(1, 2, 1, 2), (2, 2, 1, 4), (4, 2, 1, 6), (6, 2, 1, 6), (6, 2, 1, 6), (6, 2, 1, 6), (6, 2, 1, 6), (6, 2, 1, 6), (6, 2, 1, 4), (4, 2, 1, 2), (2, 2, 1, 1)].
- largest Hermiticity error: 1.4581268976220133e-11.
- maximal number of matvec operations: 31.
-> E_updated = 2.5027859798566987.
Orthogonality column 11:
- C leg dimensions: [(1, 2, 1, 2), (2, 2, 2, 4), (4, 2, 1, 6), (6, 2, 2, 6), (6, 2, 1, 6), (6, 2, 2, 6), (6, 2, 2, 6), (6, 2, 1, 6), (6, 2, 2, 4), (4, 2, 1, 2), (2, 2, 2, 1)].
- Lh leg dimensions: [(1, 2, 2, 4), (4, 2, 2, 16), (16, 2, 2, 24), (24, 2, 2, 24), (24, 2, 2, 24), (24, 2, 2, 24), (24, 2, 2, 24), (24, 2, 2, 24), (24, 2, 2, 16), (16, 2, 2, 4), (4, 2, 2, 1)].
-> E = <Lh|CC*> + <ALhAL*|CC*|ARhAR*> + <CC*|Rh> = 2.090214752253765 + 0.41253587617019694 + None = 2.502750628423962.
- C_updated leg dimensions: [(1, 2, 1, 2), (2, 2, 2, 6), (6, 2, 1, 6), (6, 2, 2, 6), (6, 2, 1, 6), (6, 2, 2, 6), (6, 2, 2, 6), (6, 2, 1, 6), (6, 2, 2, 6), (6, 2, 1, 4), (4, 2, 2, 1)].
- largest Hermiticity error: 1.5060464367695305e-11.
- maximal number of matvec operations: 31.
-> E_updated = 2.4708712441758847.
Orthogonality column 10:
- C leg dimensions: [(1, 2, 2, 2), (2, 2, 2, 6), (6, 2, 2, 6), (6, 2, 2, 6), (6, 2, 2, 6), (6, 2, 2, 6), (6, 2, 2, 6), (6, 2, 2, 6), (6, 2, 2, 6), (6, 2, 2, 4), (4, 2, 2, 1)].
- Lh leg dimensions: [(1, 2, 2, 4), (4, 2, 2, 16), (16, 2, 2, 24), (24, 2, 2, 24), (24, 2, 2, 24), (24, 2, 2, 24), (24, 2, 2, 24), (24, 2, 2, 24), (24, 2, 2, 16), (16, 2, 2, 4), (4, 2, 2, 1)].
- Rh leg dimensions: [(1, 2, 2, 3), (3, 2, 2, 8), (8, 2, 2, 3), (3, 2, 2, 8), (8, 2, 2, 3), (3, 2, 2, 8), (8, 2, 2, 3), (3, 2, 2, 8), (8, 2, 2, 3), (3, 2, 2, 4), (4, 2, 2, 1)].
-> E = <Lh|CC*> + <ALhAL*|CC*|ARhAR*> + <CC*|Rh> = 2.1511289490972483 + -0.07544413341825523 + 0.3948293361666442 = 2.470514151845637.
- C_updated leg dimensions: [(1, 2, 2, 4), (4, 2, 2, 6), (6, 2, 2, 6), (6, 2, 2, 6), (6, 2, 2, 6), (6, 2, 2, 6), (6, 2, 2, 6), (6, 2, 2, 6), (6, 2, 2, 6), (6, 2, 2, 4), (4, 2, 2, 1)].
- largest Hermiticity error: 8.313245569347826e-11.
- maximal number of matvec operations: 31.
-> E_updated = 2.3520018611044016.
Orthogonality column 9:
- C leg dimensions: [(1, 2, 2, 4), (4, 2, 2, 6), (6, 2, 2, 6), (6, 2, 2, 6), (6, 2, 2, 6), (6, 2, 2, 6), (6, 2, 2, 6), (6, 2, 2, 6), (6, 2, 2, 6), (6, 2, 2, 4), (4, 2, 2, 1)].
- Lh leg dimensions: [(1, 2, 2, 4), (4, 2, 2, 16), (16, 2, 2, 24), (24, 2, 2, 24), (24, 2, 2, 24), (24, 2, 2, 24), (24, 2, 2, 24), (24, 2, 2, 24), (24, 2, 2, 16), (16, 2, 2, 4), (4, 2, 2, 1)].
- Rh leg dimensions: [(1, 2, 2, 4), (4, 2, 2, 8), (8, 2, 2, 20), (20, 2, 2, 8), (8, 2, 2, 20), (20, 2, 2, 8), (8, 2, 2, 20), (20, 2, 2, 8), (8, 2, 2, 16), (16, 2, 2, 4), (4, 2, 2, 1)].
-> E = <Lh|CC*> + <ALhAL*|CC*|ARhAR*> + <CC*|Rh> = 2.1283380414073125 + -0.05741405954414906 + 0.3296712275512633 = 2.4005952094144267.
- C_updated leg dimensions: [(1, 2, 2, 4), (4, 2, 2, 6), (6, 2, 2, 6), (6, 2, 2, 6), (6, 2, 2, 6), (6, 2, 2, 6), (6, 2, 2, 6), (6, 2, 2, 6), (6, 2, 2, 6), (6, 2, 2, 4), (4, 2, 2, 1)].
- largest Hermiticity error: 4.0420321709427103e-10.
- maximal number of matvec operations: 31.
-> E_updated = 2.3524401176758896.
Orthogonality column 8:
- C leg dimensions: [(1, 2, 2, 4), (4, 2, 2, 6), (6, 2, 2, 6), (6, 2, 2, 6), (6, 2, 2, 6), (6, 2, 2, 6), (6, 2, 2, 6), (6, 2, 2, 6), (6, 2, 2, 6), (6, 2, 2, 4), (4, 2, 2, 1)].
- Lh leg dimensions: [(1, 2, 2, 4), (4, 2, 2, 16), (16, 2, 2, 24), (24, 2, 2, 24), (24, 2, 2, 24), (24, 2, 2, 24), (24, 2, 2, 24), (24, 2, 2, 24), (24, 2, 2, 16), (16, 2, 2, 4), (4, 2, 2, 1)].
- Rh leg dimensions: [(1, 2, 2, 4), (4, 2, 2, 16), (16, 2, 2, 17), (17, 2, 2, 24), (24, 2, 2, 20), (20, 2, 2, 24), (24, 2, 2, 20), (20, 2, 2, 24), (24, 2, 2, 15), (15, 2, 2, 4), (4, 2, 2, 1)].
-> E = <Lh|CC*> + <ALhAL*|CC*|ARhAR*> + <CC*|Rh> = 1.9706381044273051 + 0.14780112325201183 + 0.27582668741445404 = 2.3942659150937713.
- C_updated leg dimensions: [(1, 2, 2, 4), (4, 2, 2, 6), (6, 2, 2, 6), (6, 2, 2, 6), (6, 2, 2, 6), (6, 2, 2, 6), (6, 2, 2, 6), (6, 2, 2, 6), (6, 2, 2, 6), (6, 2, 2, 4), (4, 2, 2, 1)].
- largest Hermiticity error: 7.093300913061322e-10.
- maximal number of matvec operations: 31.
-> E_updated = 2.318340082782116.
Orthogonality column 7:
- C leg dimensions: [(1, 2, 2, 4), (4, 2, 2, 6), (6, 2, 2, 6), (6, 2, 2, 6), (6, 2, 2, 6), (6, 2, 2, 6), (6, 2, 2, 6), (6, 2, 2, 6), (6, 2, 2, 6), (6, 2, 2, 4), (4, 2, 2, 1)].
- Lh leg dimensions: [(1, 2, 2, 4), (4, 2, 2, 16), (16, 2, 2, 24), (24, 2, 2, 24), (24, 2, 2, 24), (24, 2, 2, 24), (24, 2, 2, 24), (24, 2, 2, 24), (24, 2, 2, 16), (16, 2, 2, 4), (4, 2, 2, 1)].
- Rh leg dimensions: [(1, 2, 2, 4), (4, 2, 2, 16), (16, 2, 2, 24), (24, 2, 2, 24), (24, 2, 2, 24), (24, 2, 2, 24), (24, 2, 2, 24), (24, 2, 2, 24), (24, 2, 2, 16), (16, 2, 2, 4), (4, 2, 2, 1)].
-> E = <Lh|CC*> + <ALhAL*|CC*|ARhAR*> + <CC*|Rh> = 1.9041553561820255 + 0.061161830508065645 + 0.44579245033757664 = 2.4111096370276677.
- C_updated leg dimensions: [(1, 2, 2, 4), (4, 2, 2, 6), (6, 2, 2, 6), (6, 2, 2, 6), (6, 2, 2, 6), (6, 2, 2, 6), (6, 2, 2, 6), (6, 2, 2, 6), (6, 2, 2, 6), (6, 2, 2, 4), (4, 2, 2, 1)].
- largest Hermiticity error: 8.681918497525433e-13.
- maximal number of matvec operations: 31.
-> E_updated = 2.392335285538543.
Orthogonality column 6:
- C leg dimensions: [(1, 2, 2, 4), (4, 2, 2, 6), (6, 2, 2, 6), (6, 2, 2, 6), (6, 2, 2, 6), (6, 2, 2, 6), (6, 2, 2, 6), (6, 2, 2, 6), (6, 2, 2, 6), (6, 2, 2, 4), (4, 2, 2, 1)].
- Lh leg dimensions: [(1, 2, 2, 4), (4, 2, 2, 16), (16, 2, 2, 24), (24, 2, 2, 24), (24, 2, 2, 24), (24, 2, 2, 24), (24, 2, 2, 24), (24, 2, 2, 24), (24, 2, 2, 16), (16, 2, 2, 4), (4, 2, 2, 1)].
- Rh leg dimensions: [(1, 2, 2, 4), (4, 2, 2, 16), (16, 2, 2, 24), (24, 2, 2, 24), (24, 2, 2, 24), (24, 2, 2, 24), (24, 2, 2, 24), (24, 2, 2, 24), (24, 2, 2, 16), (16, 2, 2, 4), (4, 2, 2, 1)].
-> E = <Lh|CC*> + <ALhAL*|CC*|ARhAR*> + <CC*|Rh> = 1.4556365506625528 + 0.45955774763224644 + 0.5465559076856147 = 2.461750205980414.
- C_updated leg dimensions: [(1, 2, 2, 4), (4, 2, 2, 6), (6, 2, 2, 6), (6, 2, 2, 6), (6, 2, 2, 6), (6, 2, 2, 6), (6, 2, 2, 6), (6, 2, 2, 6), (6, 2, 2, 6), (6, 2, 2, 4), (4, 2, 2, 1)].
- largest Hermiticity error: 7.895083119518377e-15.
- maximal number of matvec operations: 31.
-> E_updated = 2.420860798219329.
Orthogonality column 5:
- C leg dimensions: [(1, 2, 2, 4), (4, 2, 2, 6), (6, 2, 2, 6), (6, 2, 2, 6), (6, 2, 2, 6), (6, 2, 2, 6), (6, 2, 2, 6), (6, 2, 2, 6), (6, 2, 2, 6), (6, 2, 2, 4), (4, 2, 2, 1)].
- Lh leg dimensions: [(1, 2, 2, 4), (4, 2, 2, 16), (16, 2, 2, 24), (24, 2, 2, 24), (24, 2, 2, 24), (24, 2, 2, 24), (24, 2, 2, 24), (24, 2, 2, 24), (24, 2, 2, 16), (16, 2, 2, 4), (4, 2, 2, 1)].
- Rh leg dimensions: [(1, 2, 2, 4), (4, 2, 2, 16), (16, 2, 2, 24), (24, 2, 2, 24), (24, 2, 2, 24), (24, 2, 2, 24), (24, 2, 2, 24), (24, 2, 2, 24), (24, 2, 2, 16), (16, 2, 2, 4), (4, 2, 2, 1)].
-> E = <Lh|CC*> + <ALhAL*|CC*|ARhAR*> + <CC*|Rh> = 0.6196843064101546 + 0.7945481596351831 + 1.0343616018908013 = 2.448594067936139.
- C_updated leg dimensions: [(1, 2, 2, 4), (4, 2, 2, 6), (6, 2, 2, 6), (6, 2, 2, 6), (6, 2, 2, 6), (6, 2, 2, 6), (6, 2, 2, 6), (6, 2, 2, 6), (6, 2, 2, 6), (6, 2, 2, 4), (4, 2, 2, 1)].
- largest Hermiticity error: 1.1432833263022057e-11.
- maximal number of matvec operations: 31.
-> E_updated = 2.4162331722577473.
Orthogonality column 4:
- C leg dimensions: [(1, 2, 2, 4), (4, 2, 2, 6), (6, 2, 2, 6), (6, 2, 2, 6), (6, 2, 2, 6), (6, 2, 2, 6), (6, 2, 2, 6), (6, 2, 2, 6), (6, 2, 2, 6), (6, 2, 2, 4), (4, 2, 2, 1)].
- Lh leg dimensions: [(1, 2, 2, 4), (4, 2, 2, 16), (16, 2, 2, 24), (24, 2, 2, 20), (20, 2, 2, 24), (24, 2, 2, 20), (20, 2, 2, 24), (24, 2, 2, 20), (20, 2, 2, 16), (16, 2, 2, 4), (4, 2, 2, 1)].
- Rh leg dimensions: [(1, 2, 2, 4), (4, 2, 2, 16), (16, 2, 2, 24), (24, 2, 2, 24), (24, 2, 2, 24), (24, 2, 2, 24), (24, 2, 2, 24), (24, 2, 2, 24), (24, 2, 2, 16), (16, 2, 2, 4), (4, 2, 2, 1)].
-> E = <Lh|CC*> + <ALhAL*|CC*|ARhAR*> + <CC*|Rh> = 0.21626999675519015 + 0.3717284224864653 + 1.8426116830300214 = 2.430610102271677.
- C_updated leg dimensions: [(1, 2, 2, 4), (4, 2, 2, 6), (6, 2, 2, 6), (6, 2, 2, 6), (6, 2, 2, 6), (6, 2, 2, 6), (6, 2, 2, 6), (6, 2, 2, 6), (6, 2, 2, 6), (6, 2, 2, 4), (4, 2, 2, 1)].
- largest Hermiticity error: 6.315707239453967e-12.
- maximal number of matvec operations: 31.
-> E_updated = 2.3931642505746633.
Orthogonality column 3:
- C leg dimensions: [(1, 2, 2, 4), (4, 2, 2, 6), (6, 2, 2, 6), (6, 2, 2, 6), (6, 2, 2, 6), (6, 2, 2, 6), (6, 2, 2, 6), (6, 2, 2, 6), (6, 2, 2, 6), (6, 2, 2, 4), (4, 2, 2, 1)].
- Lh leg dimensions: [(1, 2, 2, 4), (4, 2, 2, 16), (16, 2, 2, 8), (8, 2, 2, 20), (20, 2, 2, 8), (8, 2, 2, 20), (20, 2, 2, 8), (8, 2, 2, 20), (20, 2, 2, 8), (8, 2, 2, 4), (4, 2, 2, 1)].
- Rh leg dimensions: [(1, 2, 2, 4), (4, 2, 2, 16), (16, 2, 2, 24), (24, 2, 2, 24), (24, 2, 2, 24), (24, 2, 2, 24), (24, 2, 2, 24), (24, 2, 2, 24), (24, 2, 2, 16), (16, 2, 2, 4), (4, 2, 2, 1)].
-> E = <Lh|CC*> + <ALhAL*|CC*|ARhAR*> + <CC*|Rh> = 0.309904783711397 + -0.08214309953813285 + 2.2335462429523245 = 2.4613079271255884.
- C_updated leg dimensions: [(1, 2, 2, 4), (4, 2, 2, 6), (6, 2, 2, 6), (6, 2, 2, 6), (6, 2, 2, 6), (6, 2, 2, 6), (6, 2, 2, 6), (6, 2, 2, 6), (6, 2, 2, 6), (6, 2, 2, 4), (4, 2, 2, 1)].
- largest Hermiticity error: 3.220148805999633e-11.
- maximal number of matvec operations: 31.
-> E_updated = 2.4377617101420217.
Orthogonality column 2:
- C leg dimensions: [(1, 2, 2, 4), (4, 2, 2, 6), (6, 2, 2, 6), (6, 2, 2, 6), (6, 2, 2, 6), (6, 2, 2, 6), (6, 2, 2, 6), (6, 2, 2, 6), (6, 2, 2, 6), (6, 2, 2, 4), (4, 2, 2, 1)].
- Lh leg dimensions: [(1, 2, 2, 4), (4, 2, 2, 3), (3, 2, 2, 8), (8, 2, 2, 3), (3, 2, 2, 8), (8, 2, 2, 3), (3, 2, 2, 8), (8, 2, 2, 3), (3, 2, 2, 8), (8, 2, 2, 3), (3, 2, 2, 1)].
- Rh leg dimensions: [(1, 2, 2, 4), (4, 2, 2, 16), (16, 2, 2, 24), (24, 2, 2, 24), (24, 2, 2, 24), (24, 2, 2, 24), (24, 2, 2, 24), (24, 2, 2, 24), (24, 2, 2, 16), (16, 2, 2, 4), (4, 2, 2, 1)].
-> E = <Lh|CC*> + <ALhAL*|CC*|ARhAR*> + <CC*|Rh> = 0.4038958899068165 + -0.09327868625233048 + 2.1602785273395186 = 2.4708957309940045.
- C_updated leg dimensions: [(1, 2, 2, 4), (4, 2, 2, 6), (6, 2, 2, 6), (6, 2, 2, 6), (6, 2, 2, 6), (6, 2, 2, 6), (6, 2, 2, 6), (6, 2, 2, 6), (6, 2, 2, 6), (6, 2, 2, 4), (4, 2, 2, 1)].
- largest Hermiticity error: 1.4981479665195685e-11.
- maximal number of matvec operations: 31.
-> E_updated = 2.418079958209872.
Orthogonality column 1:
- C leg dimensions: [(1, 2, 2, 4), (4, 1, 2, 6), (6, 2, 2, 6), (6, 1, 2, 6), (6, 2, 2, 6), (6, 2, 2, 6), (6, 1, 2, 6), (6, 2, 2, 6), (6, 1, 2, 6), (6, 2, 2, 2), (2, 1, 2, 1)].
- Rh leg dimensions: [(1, 2, 2, 4), (4, 2, 2, 16), (16, 2, 2, 24), (24, 2, 2, 24), (24, 2, 2, 24), (24, 2, 2, 24), (24, 2, 2, 24), (24, 2, 2, 24), (24, 2, 2, 16), (16, 2, 2, 4), (4, 2, 2, 1)].
-> E = <Lh|CC*> + <ALhAL*|CC*|ARhAR*> + <CC*|Rh> = None + 0.40130580451656583 + 2.1394892647465658 = 2.5407950692631314.
- C_updated leg dimensions: [(1, 2, 2, 4), (4, 1, 2, 6), (6, 2, 2, 6), (6, 1, 2, 6), (6, 2, 2, 6), (6, 2, 2, 6), (6, 1, 2, 6), (6, 2, 2, 6), (6, 1, 2, 6), (6, 2, 2, 2), (2, 1, 2, 1)].
- largest Hermiticity error: 4.9627691948186905e-11.
- maximal number of matvec operations: 31.
-> E_updated = 2.5366110980882386.
Orthogonality column 0:
- C leg dimensions: [(1, 1, 2, 2), (2, 1, 2, 4), (4, 1, 2, 6), (6, 1, 2, 6), (6, 1, 2, 6), (6, 1, 2, 6), (6, 1, 2, 6), (6, 1, 2, 6), (6, 1, 2, 6), (6, 1, 2, 2), (2, 1, 2, 1)].
- Rh leg dimensions: [(1, 2, 2, 4), (4, 2, 2, 16), (16, 2, 2, 24), (24, 2, 2, 24), (24, 2, 2, 24), (24, 2, 2, 24), (24, 2, 2, 24), (24, 2, 2, 24), (24, 2, 2, 16), (16, 2, 2, 4), (4, 2, 2, 1)].
-> E = <Lh|CC*> + <ALhAL*|CC*|ARhAR*> + <CC*|Rh> = None + None + 2.5686985133287776 = 2.5686985133287776.
- C_updated leg dimensions: [(1, 1, 2, 2), (2, 1, 2, 4), (4, 1, 2, 6), (6, 1, 2, 6), (6, 1, 2, 6), (6, 1, 2, 6), (6, 1, 2, 6), (6, 1, 2, 6), (6, 1, 2, 4), (4, 1, 2, 2), (2, 1, 2, 1)].
- largest Hermiticity error: 2.243817847164634e-11.
- maximal number of matvec operations: 31.
-> E_updated = 2.568025530637868.
=> <H> - E0 = 2.595777130122201.

<H>s - E0 = [3.68822329 2.75893504 2.59577713]
