Lx = 6, Ly = 6, g = 3.0, D_max = 5, chi_max_c = 30, chi_max_b = 150. 

E0_exact = -227.308603832. 

es = [-26.77375631 -17.92520772 -17.96676698 -17.98540784 -17.99412933
 -17.9956481  -17.99781199 -17.99728019 -17.99982323 -17.99801134
 -27.00462662].
E = -215.63846964782965.
E - E0 = 11.670134184170337.
subtract energy E0_exact evenly from all columns.


DMRGSquared sweep 1 ...
Orthogonality column 0:
- C leg dimensions: [(1, 1, 5, 5), (5, 1, 5, 25), (25, 1, 5, 30), (30, 1, 5, 30), (30, 1, 5, 30), (30, 1, 5, 30), (30, 1, 5, 30), (30, 1, 5, 30), (30, 1, 5, 25), (25, 1, 5, 5), (5, 1, 5, 1)].
- Rh leg dimensions: [(1, 5, 5, 25), (25, 5, 5, 150), (150, 5, 5, 150), (150, 5, 5, 150), (150, 5, 5, 150), (150, 5, 5, 150), (150, 5, 5, 150), (150, 5, 5, 150), (150, 5, 5, 150), (150, 5, 5, 25), (25, 5, 5, 1)].
-> E = <Lh|CC*> + <ALhAL*|CC*|ARhAR*> + <CC*|Rh> = None + None + -11.056649824429973 = -11.056649824429973.
- C_updated leg dimensions: [(1, 1, 5, 5), (5, 1, 5, 25), (25, 1, 5, 30), (30, 1, 5, 30), (30, 1, 5, 30), (30, 1, 5, 30), (30, 1, 5, 30), (30, 1, 5, 30), (30, 1, 5, 25), (25, 1, 5, 5), (5, 1, 5, 1)].
- largest Hermiticity error: 1.1223718248227971e-06.
- maximal number of matvec operations: 21.
-> E_updated = -15.792501940077656.
Orthogonality column 1:
- C leg dimensions: [(1, 2, 5, 5), (5, 1, 5, 25), (25, 2, 5, 30), (30, 1, 5, 30), (30, 2, 5, 30), (30, 2, 5, 30), (30, 1, 5, 30), (30, 2, 5, 30), (30, 1, 5, 25), (25, 2, 5, 5), (5, 1, 5, 1)].
- Rh leg dimensions: [(1, 5, 5, 25), (25, 5, 5, 150), (150, 5, 5, 150), (150, 5, 5, 150), (150, 5, 5, 150), (150, 5, 5, 150), (150, 5, 5, 150), (150, 5, 5, 150), (150, 5, 5, 150), (150, 5, 5, 25), (25, 5, 5, 1)].
-> E = <Lh|CC*> + <ALhAL*|CC*|ARhAR*> + <CC*|Rh> = None + 1.1832906384166308 + -20.04565273637457 = -18.86236209795794.
- C_updated leg dimensions: [(1, 2, 5, 10), (10, 1, 5, 30), (30, 2, 5, 30), (30, 1, 5, 30), (30, 2, 5, 30), (30, 2, 5, 30), (30, 1, 5, 30), (30, 2, 5, 30), (30, 1, 5, 30), (30, 2, 5, 5), (5, 1, 5, 1)].
- largest Hermiticity error: 1.1871676210089432e-07.
- maximal number of matvec operations: 31.
-> E_updated = -19.137571451365815.
Orthogonality column 2:
- C leg dimensions: [(1, 2, 5, 10), (10, 2, 5, 30), (30, 2, 5, 30), (30, 2, 5, 30), (30, 2, 5, 30), (30, 4, 5, 30), (30, 2, 5, 30), (30, 2, 5, 30), (30, 2, 5, 30), (30, 2, 5, 5), (5, 2, 5, 1)].
- Lh leg dimensions: [(1, 2, 2, 4), (4, 2, 2, 3), (3, 2, 2, 8), (8, 2, 2, 3), (3, 2, 2, 9), (9, 4, 4, 3), (3, 2, 2, 8), (8, 2, 2, 3), (3, 2, 2, 8), (8, 2, 2, 3), (3, 2, 2, 1)].
- Rh leg dimensions: [(1, 5, 5, 25), (25, 5, 5, 150), (150, 5, 5, 150), (150, 5, 5, 150), (150, 5, 5, 150), (150, 5, 5, 150), (150, 5, 5, 150), (150, 5, 5, 150), (150, 5, 5, 150), (150, 5, 5, 25), (25, 5, 5, 1)].
-> E = <Lh|CC*> + <ALhAL*|CC*|ARhAR*> + <CC*|Rh> = 1.0415711668032226 + 0.8733994689667849 + -22.32616529452609 = -20.41119465875608.
- C_updated leg dimensions: [(1, 2, 5, 10), (10, 2, 5, 30), (30, 2, 5, 30), (30, 2, 5, 30), (30, 2, 5, 30), (30, 4, 5, 30), (30, 2, 5, 30), (30, 2, 5, 30), (30, 2, 5, 30), (30, 2, 5, 10), (10, 2, 5, 1)].
- largest Hermiticity error: 2.031209012211852e-07.
- maximal number of matvec operations: 51.
-> E_updated = -21.49650594175265.
Orthogonality column 3:
- C leg dimensions: [(1, 4, 5, 10), (10, 2, 5, 30), (30, 4, 5, 30), (30, 2, 5, 30), (30, 4, 5, 30), (30, 4, 5, 30), (30, 4, 5, 30), (30, 4, 5, 30), (30, 2, 5, 30), (30, 4, 5, 10), (10, 2, 5, 1)].
- Lh leg dimensions: [(1, 4, 4, 8), (8, 2, 2, 29), (29, 4, 4, 8), (8, 2, 2, 29), (29, 4, 4, 13), (13, 4, 4, 80), (80, 4, 4, 8), (8, 4, 4, 29), (29, 2, 2, 8), (8, 4, 4, 4), (4, 2, 2, 1)].
- Rh leg dimensions: [(1, 5, 5, 25), (25, 5, 5, 150), (150, 5, 5, 150), (150, 5, 5, 150), (150, 5, 5, 150), (150, 5, 5, 150), (150, 5, 5, 150), (150, 5, 5, 150), (150, 5, 5, 150), (150, 5, 5, 25), (25, 5, 5, 1)].
-> E = <Lh|CC*> + <ALhAL*|CC*|ARhAR*> + <CC*|Rh> = 1.018024730404658 + 0.9225928780219254 + -18.223734688177274 = -16.28311707975069.
- C_updated leg dimensions: [(1, 4, 5, 20), (20, 2, 5, 30), (30, 4, 5, 30), (30, 2, 5, 30), (30, 4, 5, 30), (30, 4, 5, 30), (30, 4, 5, 30), (30, 4, 5, 30), (30, 2, 5, 30), (30, 4, 5, 10), (10, 2, 5, 1)].
- largest Hermiticity error: 1.0637043925751816e-07.
- maximal number of matvec operations: 61.
-> E_updated = -17.43070991284108.
Orthogonality column 4:
- C leg dimensions: [(1, 4, 5, 20), (20, 4, 5, 30), (30, 4, 5, 30), (30, 4, 5, 30), (30, 5, 5, 30), (30, 5, 5, 30), (30, 5, 5, 30), (30, 5, 5, 30), (30, 4, 5, 30), (30, 4, 5, 10), (10, 4, 5, 1)].
- Lh leg dimensions: [(1, 4, 4, 16), (16, 4, 4, 32), (32, 4, 4, 150), (150, 4, 4, 33), (33, 5, 5, 150), (150, 5, 5, 81), (81, 5, 5, 150), (150, 5, 5, 32), (32, 4, 4, 80), (80, 4, 4, 9), (9, 4, 4, 1)].
- Rh leg dimensions: [(1, 5, 5, 25), (25, 5, 5, 150), (150, 5, 5, 150), (150, 5, 5, 150), (150, 5, 5, 150), (150, 5, 5, 150), (150, 5, 5, 150), (150, 5, 5, 150), (150, 5, 5, 150), (150, 5, 5, 25), (25, 5, 5, 1)].
-> E = <Lh|CC*> + <ALhAL*|CC*|ARhAR*> + <CC*|Rh> = 0.9819909420250938 + 0.928671682241411 + -7.289247106944838 = -5.378584482678334.
- C_updated leg dimensions: [(1, 4, 5, 20), (20, 4, 5, 30), (30, 4, 5, 30), (30, 4, 5, 30), (30, 5, 5, 30), (30, 5, 5, 30), (30, 5, 5, 30), (30, 5, 5, 30), (30, 4, 5, 30), (30, 4, 5, 20), (20, 4, 5, 1)].
- largest Hermiticity error: 1.8055287118124146e-07.
- maximal number of matvec operations: 61.
-> E_updated = -6.605527746259181.
Orthogonality column 5:
- C leg dimensions: [(1, 5, 5, 20), (20, 5, 5, 30), (30, 5, 5, 30), (30, 5, 5, 30), (30, 5, 5, 30), (30, 5, 5, 30), (30, 5, 5, 30), (30, 5, 5, 30), (30, 5, 5, 30), (30, 5, 5, 25), (25, 5, 5, 1)].
- Lh leg dimensions: [(1, 5, 5, 24), (24, 5, 5, 150), (150, 5, 5, 150), (150, 5, 5, 150), (150, 5, 5, 150), (150, 5, 5, 150), (150, 5, 5, 150), (150, 5, 5, 150), (150, 5, 5, 96), (96, 5, 5, 25), (25, 5, 5, 1)].
- Rh leg dimensions: [(1, 5, 5, 25), (25, 5, 5, 150), (150, 5, 5, 150), (150, 5, 5, 150), (150, 5, 5, 150), (150, 5, 5, 150), (150, 5, 5, 150), (150, 5, 5, 150), (150, 5, 5, 150), (150, 5, 5, 25), (25, 5, 5, 1)].
-> E = <Lh|CC*> + <ALhAL*|CC*|ARhAR*> + <CC*|Rh> = 0.8093626658396118 + 0.9332653958389074 + 1.9117170359043472 = 3.6543450975828664.
- C_updated leg dimensions: [(1, 5, 5, 25), (25, 5, 5, 30), (30, 5, 5, 30), (30, 5, 5, 30), (30, 5, 5, 30), (30, 5, 5, 30), (30, 5, 5, 30), (30, 5, 5, 30), (30, 5, 5, 30), (30, 5, 5, 25), (25, 5, 5, 1)].
- largest Hermiticity error: 2.0984987832638358e-07.
- maximal number of matvec operations: 71.
-> E_updated = 2.5030410706789565.
Orthogonality column 6:
- C leg dimensions: [(1, 5, 5, 25), (25, 5, 5, 30), (30, 5, 5, 30), (30, 5, 5, 30), (30, 5, 5, 30), (30, 5, 5, 30), (30, 5, 5, 30), (30, 5, 5, 30), (30, 5, 5, 30), (30, 5, 5, 25), (25, 5, 5, 1)].
- Lh leg dimensions: [(1, 5, 5, 25), (25, 5, 5, 150), (150, 5, 5, 150), (150, 5, 5, 150), (150, 5, 5, 150), (150, 5, 5, 150), (150, 5, 5, 150), (150, 5, 5, 150), (150, 5, 5, 150), (150, 5, 5, 25), (25, 5, 5, 1)].
- Rh leg dimensions: [(1, 5, 5, 25), (25, 5, 5, 150), (150, 5, 5, 150), (150, 5, 5, 150), (150, 5, 5, 150), (150, 5, 5, 150), (150, 5, 5, 150), (150, 5, 5, 150), (150, 5, 5, 150), (150, 5, 5, 25), (25, 5, 5, 1)].
-> E = <Lh|CC*> + <ALhAL*|CC*|ARhAR*> + <CC*|Rh> = 0.7381697909521745 + 0.9316143815774369 + 4.822401487735378 = 6.492185660264989.
- C_updated leg dimensions: [(1, 5, 5, 25), (25, 5, 5, 30), (30, 5, 5, 30), (30, 5, 5, 30), (30, 5, 5, 30), (30, 5, 5, 30), (30, 5, 5, 30), (30, 5, 5, 30), (30, 5, 5, 30), (30, 5, 5, 25), (25, 5, 5, 1)].
- largest Hermiticity error: 2.0995691089152526e-08.
- maximal number of matvec operations: 61.
-> E_updated = 5.287716365083235.
Orthogonality column 7:
- C leg dimensions: [(1, 5, 5, 25), (25, 5, 5, 30), (30, 5, 5, 30), (30, 5, 5, 30), (30, 5, 5, 30), (30, 5, 5, 30), (30, 5, 5, 30), (30, 5, 5, 30), (30, 5, 5, 30), (30, 5, 5, 25), (25, 5, 5, 1)].
- Lh leg dimensions: [(1, 5, 5, 25), (25, 5, 5, 150), (150, 5, 5, 150), (150, 5, 5, 150), (150, 5, 5, 150), (150, 5, 5, 150), (150, 5, 5, 150), (150, 5, 5, 150), (150, 5, 5, 150), (150, 5, 5, 25), (25, 5, 5, 1)].
- Rh leg dimensions: [(1, 5, 5, 25), (25, 5, 5, 96), (96, 5, 5, 150), (150, 5, 5, 150), (150, 5, 5, 150), (150, 5, 5, 150), (150, 5, 5, 150), (150, 5, 5, 150), (150, 5, 5, 150), (150, 5, 5, 25), (25, 5, 5, 1)].
-> E = <Lh|CC*> + <ALhAL*|CC*|ARhAR*> + <CC*|Rh> = 0.897180215650633 + 0.9107798693508002 + 4.4946064300274955 = 6.3025665150289285.
- C_updated leg dimensions: [(1, 5, 5, 25), (25, 5, 5, 30), (30, 5, 5, 30), (30, 5, 5, 30), (30, 5, 5, 30), (30, 5, 5, 30), (30, 5, 5, 30), (30, 5, 5, 30), (30, 5, 5, 30), (30, 5, 5, 25), (25, 5, 5, 1)].
- largest Hermiticity error: 7.090675488050326e-08.
- maximal number of matvec operations: 51.
-> E_updated = 4.375983442690569.
Orthogonality column 8:
- C leg dimensions: [(1, 5, 4, 20), (20, 5, 4, 30), (30, 5, 4, 30), (30, 5, 4, 30), (30, 5, 4, 30), (30, 5, 4, 30), (30, 5, 4, 30), (30, 5, 4, 30), (30, 5, 4, 30), (30, 5, 5, 25), (25, 5, 5, 1)].
- Lh leg dimensions: [(1, 5, 5, 25), (25, 5, 5, 150), (150, 5, 5, 150), (150, 5, 5, 150), (150, 5, 5, 150), (150, 5, 5, 150), (150, 5, 5, 150), (150, 5, 5, 150), (150, 5, 5, 150), (150, 5, 5, 25), (25, 5, 5, 1)].
- Rh leg dimensions: [(1, 4, 4, 9), (9, 4, 4, 80), (80, 4, 4, 32), (32, 4, 4, 150), (150, 4, 4, 32), (32, 4, 4, 150), (150, 4, 4, 33), (33, 4, 4, 150), (150, 4, 4, 32), (32, 5, 5, 25), (25, 5, 5, 1)].
-> E = <Lh|CC*> + <ALhAL*|CC*|ARhAR*> + <CC*|Rh> = 0.8438141137530744 + 0.6252160336461542 + 3.2149892549545145 = 4.6840194023537425.
- C_updated leg dimensions: [(1, 5, 4, 20), (20, 5, 4, 30), (30, 5, 4, 30), (30, 5, 4, 30), (30, 5, 4, 30), (30, 5, 4, 30), (30, 5, 4, 30), (30, 5, 4, 30), (30, 5, 4, 30), (30, 5, 5, 25), (25, 5, 5, 1)].
- largest Hermiticity error: 1.561170278108658e-09.
- maximal number of matvec operations: 61.
-> E_updated = 1.91273069336953.
Orthogonality column 9:
- C leg dimensions: [(1, 5, 2, 20), (20, 5, 4, 30), (30, 5, 2, 30), (30, 5, 4, 30), (30, 5, 2, 30), (30, 5, 4, 30), (30, 5, 2, 30), (30, 5, 4, 30), (30, 5, 2, 30), (30, 5, 4, 25), (25, 5, 5, 1)].
- Lh leg dimensions: [(1, 5, 5, 25), (25, 5, 5, 150), (150, 5, 5, 150), (150, 5, 5, 150), (150, 5, 5, 150), (150, 5, 5, 150), (150, 5, 5, 150), (150, 5, 5, 150), (150, 5, 5, 150), (150, 5, 5, 25), (25, 5, 5, 1)].
- Rh leg dimensions: [(1, 2, 2, 4), (4, 4, 4, 8), (8, 2, 2, 29), (29, 4, 4, 8), (8, 2, 2, 29), (29, 4, 4, 8), (8, 2, 2, 29), (29, 4, 4, 8), (8, 2, 2, 29), (29, 4, 4, 13), (13, 5, 5, 1)].
-> E = <Lh|CC*> + <ALhAL*|CC*|ARhAR*> + <CC*|Rh> = 0.9409977310908259 + 0.09951734540357775 + 1.0692415330020943 = 2.1097566094964977.
- C_updated leg dimensions: [(1, 5, 2, 10), (10, 5, 4, 30), (30, 5, 2, 30), (30, 5, 4, 30), (30, 5, 2, 30), (30, 5, 4, 30), (30, 5, 2, 30), (30, 5, 4, 30), (30, 5, 2, 30), (30, 5, 4, 25), (25, 5, 5, 1)].
- largest Hermiticity error: 1.8035743018243234e-08.
- maximal number of matvec operations: 61.
-> E_updated = 1.355296589150152.
Orthogonality column 10:
- C leg dimensions: [(1, 5, 2, 10), (10, 5, 2, 30), (30, 5, 2, 30), (30, 5, 2, 30), (30, 5, 2, 30), (30, 5, 2, 30), (30, 5, 2, 30), (30, 5, 2, 30), (30, 5, 2, 30), (30, 5, 2, 25), (25, 5, 4, 1)].
- Lh leg dimensions: [(1, 5, 5, 25), (25, 5, 5, 150), (150, 5, 5, 150), (150, 5, 5, 150), (150, 5, 5, 150), (150, 5, 5, 150), (150, 5, 5, 150), (150, 5, 5, 150), (150, 5, 5, 150), (150, 5, 5, 25), (25, 5, 5, 1)].
- Rh leg dimensions: [(1, 2, 2, 3), (3, 2, 2, 8), (8, 2, 2, 3), (3, 2, 2, 8), (8, 2, 2, 3), (3, 2, 2, 8), (8, 2, 2, 3), (3, 2, 2, 8), (8, 2, 2, 3), (3, 2, 2, 9), (9, 4, 4, 1)].
-> E = <Lh|CC*> + <ALhAL*|CC*|ARhAR*> + <CC*|Rh> = 0.9712291783080744 + -0.0261982900270414 + 0.5834706995459845 = 1.5285015878270176.
- C_updated leg dimensions: [(1, 5, 2, 10), (10, 5, 2, 30), (30, 5, 2, 30), (30, 5, 2, 30), (30, 5, 2, 30), (30, 5, 2, 30), (30, 5, 2, 30), (30, 5, 2, 30), (30, 5, 2, 30), (30, 5, 2, 20), (20, 5, 4, 1)].
- largest Hermiticity error: 4.4855646758605244e-07.
- maximal number of matvec operations: 51.
-> E_updated = 1.260173891914743.
Orthogonality column 11:
- C leg dimensions: [(1, 5, 1, 10), (10, 5, 2, 30), (30, 5, 1, 30), (30, 5, 2, 30), (30, 5, 1, 30), (30, 5, 2, 30), (30, 5, 1, 30), (30, 5, 2, 30), (30, 5, 1, 30), (30, 5, 2, 10), (10, 5, 2, 1)].
- Lh leg dimensions: [(1, 5, 5, 25), (25, 5, 5, 150), (150, 5, 5, 150), (150, 5, 5, 150), (150, 5, 5, 150), (150, 5, 5, 150), (150, 5, 5, 150), (150, 5, 5, 150), (150, 5, 5, 150), (150, 5, 5, 25), (25, 5, 5, 1)].
-> E = <Lh|CC*> + <ALhAL*|CC*|ARhAR*> + <CC*|Rh> = 0.8554221249807967 + 0.5490476610548243 + None = 1.404469786035621.
- C_updated leg dimensions: [(1, 5, 1, 5), (5, 5, 2, 30), (30, 5, 1, 30), (30, 5, 2, 30), (30, 5, 1, 30), (30, 5, 2, 30), (30, 5, 1, 30), (30, 5, 2, 30), (30, 5, 1, 30), (30, 5, 2, 10), (10, 5, 2, 1)].
- largest Hermiticity error: 1.006637911514123e-06.
- maximal number of matvec operations: 51.
-> E_updated = 1.3278351083543296.
Orthogonality column 12:
- C leg dimensions: [(1, 5, 1, 5), (5, 5, 1, 25), (25, 5, 1, 30), (30, 5, 1, 30), (30, 5, 1, 30), (30, 5, 1, 30), (30, 5, 1, 30), (30, 5, 1, 30), (30, 5, 1, 30), (30, 5, 1, 10), (10, 5, 1, 1)].
- Lh leg dimensions: [(1, 5, 5, 25), (25, 5, 5, 150), (150, 5, 5, 150), (150, 5, 5, 150), (150, 5, 5, 150), (150, 5, 5, 150), (150, 5, 5, 150), (150, 5, 5, 150), (150, 5, 5, 150), (150, 5, 5, 25), (25, 5, 5, 1)].
-> E = <Lh|CC*> + <ALhAL*|CC*|ARhAR*> + <CC*|Rh> = 1.4065647942827741 + None + None = 1.4065647942827741.
- C_updated leg dimensions: [(1, 5, 1, 5), (5, 5, 1, 25), (25, 5, 1, 30), (30, 5, 1, 30), (30, 5, 1, 30), (30, 5, 1, 30), (30, 5, 1, 30), (30, 5, 1, 30), (30, 5, 1, 25), (25, 5, 1, 5), (5, 5, 1, 1)].
- largest Hermiticity error: 4.2114430164923986e-07.
- maximal number of matvec operations: 41.
-> E_updated = 1.3040903971792337.
Orthogonality column 11:
- C leg dimensions: [(1, 5, 1, 5), (5, 5, 2, 25), (25, 5, 1, 30), (30, 5, 2, 30), (30, 5, 1, 30), (30, 5, 2, 30), (30, 5, 2, 30), (30, 5, 1, 30), (30, 5, 2, 25), (25, 5, 1, 5), (5, 5, 2, 1)].
- Lh leg dimensions: [(1, 5, 5, 25), (25, 5, 5, 150), (150, 5, 5, 150), (150, 5, 5, 150), (150, 5, 5, 150), (150, 5, 5, 150), (150, 5, 5, 150), (150, 5, 5, 150), (150, 5, 5, 150), (150, 5, 5, 25), (25, 5, 5, 1)].
-> E = <Lh|CC*> + <ALhAL*|CC*|ARhAR*> + <CC*|Rh> = 0.8746891014062886 + 0.5630233177862995 + None = 1.437712419192588.
- C_updated leg dimensions: [(1, 5, 1, 5), (5, 5, 2, 30), (30, 5, 1, 30), (30, 5, 2, 30), (30, 5, 1, 30), (30, 5, 2, 30), (30, 5, 2, 30), (30, 5, 1, 30), (30, 5, 2, 30), (30, 5, 1, 10), (10, 5, 2, 1)].
- largest Hermiticity error: 7.32696048417227e-07.
- maximal number of matvec operations: 51.
-> E_updated = 1.3278239516714114.
Orthogonality column 10:
- C leg dimensions: [(1, 5, 2, 5), (5, 5, 2, 30), (30, 5, 2, 30), (30, 5, 2, 30), (30, 5, 2, 30), (30, 5, 4, 30), (30, 5, 2, 30), (30, 5, 2, 30), (30, 5, 2, 30), (30, 5, 2, 10), (10, 5, 2, 1)].
- Lh leg dimensions: [(1, 5, 5, 25), (25, 5, 5, 150), (150, 5, 5, 150), (150, 5, 5, 150), (150, 5, 5, 150), (150, 5, 5, 150), (150, 5, 5, 150), (150, 5, 5, 150), (150, 5, 5, 150), (150, 5, 5, 25), (25, 5, 5, 1)].
- Rh leg dimensions: [(1, 2, 2, 3), (3, 2, 2, 8), (8, 2, 2, 3), (3, 2, 2, 8), (8, 2, 2, 3), (3, 4, 4, 9), (9, 2, 2, 3), (3, 2, 2, 8), (8, 2, 2, 3), (3, 2, 2, 4), (4, 2, 2, 1)].
-> E = <Lh|CC*> + <ALhAL*|CC*|ARhAR*> + <CC*|Rh> = 0.9047349732473261 + -0.10182524998290166 + 0.5513473744426908 = 1.3542570977071153.
- C_updated leg dimensions: [(1, 5, 2, 10), (10, 5, 2, 30), (30, 5, 2, 30), (30, 5, 2, 30), (30, 5, 2, 30), (30, 5, 4, 30), (30, 5, 2, 30), (30, 5, 2, 30), (30, 5, 2, 30), (30, 5, 2, 10), (10, 5, 2, 1)].
- largest Hermiticity error: 7.187292897250943e-07.
- maximal number of matvec operations: 51.
-> E_updated = 1.2570815155469703.
Orthogonality column 9:
- C leg dimensions: [(1, 5, 2, 10), (10, 5, 4, 30), (30, 5, 2, 30), (30, 5, 4, 30), (30, 5, 4, 30), (30, 5, 4, 30), (30, 5, 4, 30), (30, 5, 2, 30), (30, 5, 4, 30), (30, 5, 2, 10), (10, 5, 4, 1)].
- Lh leg dimensions: [(1, 5, 5, 25), (25, 5, 5, 150), (150, 5, 5, 150), (150, 5, 5, 150), (150, 5, 5, 150), (150, 5, 5, 150), (150, 5, 5, 150), (150, 5, 5, 150), (150, 5, 5, 150), (150, 5, 5, 25), (25, 5, 5, 1)].
- Rh leg dimensions: [(1, 2, 2, 4), (4, 4, 4, 8), (8, 2, 2, 29), (29, 4, 4, 8), (8, 4, 4, 80), (80, 4, 4, 13), (13, 4, 4, 29), (29, 2, 2, 8), (8, 4, 4, 29), (29, 2, 2, 8), (8, 4, 4, 1)].
-> E = <Lh|CC*> + <ALhAL*|CC*|ARhAR*> + <CC*|Rh> = 0.8958386142488678 + -0.07043309430484866 + 0.4432229004166826 = 1.2686284203607017.
- C_updated leg dimensions: [(1, 5, 2, 10), (10, 5, 4, 30), (30, 5, 2, 30), (30, 5, 4, 30), (30, 5, 4, 30), (30, 5, 4, 30), (30, 5, 4, 30), (30, 5, 2, 30), (30, 5, 4, 30), (30, 5, 2, 20), (20, 5, 4, 1)].
- largest Hermiticity error: 1.799029310169622e-08.
- maximal number of matvec operations: 61.
-> E_updated = 1.1393991354481383.
Orthogonality column 8:
- C leg dimensions: [(1, 5, 4, 10), (10, 5, 4, 30), (30, 5, 4, 30), (30, 5, 5, 30), (30, 5, 5, 30), (30, 5, 5, 30), (30, 5, 5, 30), (30, 5, 4, 30), (30, 5, 4, 30), (30, 5, 4, 20), (20, 5, 4, 1)].
- Lh leg dimensions: [(1, 5, 5, 25), (25, 5, 5, 150), (150, 5, 5, 150), (150, 5, 5, 150), (150, 5, 5, 150), (150, 5, 5, 150), (150, 5, 5, 150), (150, 5, 5, 150), (150, 5, 5, 150), (150, 5, 5, 25), (25, 5, 5, 1)].
- Rh leg dimensions: [(1, 4, 4, 9), (9, 4, 4, 80), (80, 4, 4, 32), (32, 5, 5, 150), (150, 5, 5, 80), (80, 5, 5, 150), (150, 5, 5, 32), (32, 4, 4, 150), (150, 4, 4, 32), (32, 4, 4, 16), (16, 4, 4, 1)].
-> E = <Lh|CC*> + <ALhAL*|CC*|ARhAR*> + <CC*|Rh> = 0.8004821170388339 + -0.0903951496803267 + 0.35819680527432274 = 1.0682837726328298.
- C_updated leg dimensions: [(1, 5, 4, 20), (20, 5, 4, 30), (30, 5, 4, 30), (30, 5, 5, 30), (30, 5, 5, 30), (30, 5, 5, 30), (30, 5, 5, 30), (30, 5, 4, 30), (30, 5, 4, 30), (30, 5, 4, 20), (20, 5, 4, 1)].
- largest Hermiticity error: 1.8136751858272681e-09.
- maximal number of matvec operations: 61.
-> E_updated = 0.9075783161999449.
Orthogonality column 7:
- C leg dimensions: [(1, 5, 5, 25), (25, 5, 5, 30), (30, 5, 5, 30), (30, 5, 5, 30), (30, 5, 5, 30), (30, 5, 5, 30), (30, 5, 5, 30), (30, 5, 5, 30), (30, 5, 5, 30), (30, 5, 5, 20), (20, 5, 5, 1)].
- Lh leg dimensions: [(1, 5, 5, 25), (25, 5, 5, 150), (150, 5, 5, 150), (150, 5, 5, 150), (150, 5, 5, 150), (150, 5, 5, 150), (150, 5, 5, 150), (150, 5, 5, 150), (150, 5, 5, 150), (150, 5, 5, 25), (25, 5, 5, 1)].
- Rh leg dimensions: [(1, 5, 5, 25), (25, 5, 5, 96), (96, 5, 5, 150), (150, 5, 5, 150), (150, 5, 5, 150), (150, 5, 5, 150), (150, 5, 5, 150), (150, 5, 5, 150), (150, 5, 5, 150), (150, 5, 5, 24), (24, 5, 5, 1)].
-> E = <Lh|CC*> + <ALhAL*|CC*|ARhAR*> + <CC*|Rh> = 0.4871430514241305 + 0.13179776129143883 + 0.2560833043496952 = 0.8750241170652645.
- C_updated leg dimensions: [(1, 5, 5, 25), (25, 5, 5, 30), (30, 5, 5, 30), (30, 5, 5, 30), (30, 5, 5, 30), (30, 5, 5, 30), (30, 5, 5, 30), (30, 5, 5, 30), (30, 5, 5, 30), (30, 5, 5, 25), (25, 5, 5, 1)].
- largest Hermiticity error: 1.5973240788439712e-11.
- maximal number of matvec operations: 61.
-> E_updated = 0.573326223288934.
Orthogonality column 6:
- C leg dimensions: [(1, 5, 5, 25), (25, 5, 5, 30), (30, 5, 5, 30), (30, 5, 5, 30), (30, 5, 5, 30), (30, 5, 5, 30), (30, 5, 5, 30), (30, 5, 5, 30), (30, 5, 5, 30), (30, 5, 5, 25), (25, 5, 5, 1)].
- Lh leg dimensions: [(1, 5, 5, 25), (25, 5, 5, 150), (150, 5, 5, 150), (150, 5, 5, 150), (150, 5, 5, 150), (150, 5, 5, 150), (150, 5, 5, 150), (150, 5, 5, 150), (150, 5, 5, 150), (150, 5, 5, 25), (25, 5, 5, 1)].
- Rh leg dimensions: [(1, 5, 5, 25), (25, 5, 5, 150), (150, 5, 5, 150), (150, 5, 5, 150), (150, 5, 5, 150), (150, 5, 5, 150), (150, 5, 5, 150), (150, 5, 5, 150), (150, 5, 5, 150), (150, 5, 5, 25), (25, 5, 5, 1)].
-> E = <Lh|CC*> + <ALhAL*|CC*|ARhAR*> + <CC*|Rh> = 0.16049837175588744 + 0.15856909959032423 + 0.19620860680668498 = 0.5152760781528967.
- C_updated leg dimensions: [(1, 5, 5, 25), (25, 5, 5, 30), (30, 5, 5, 30), (30, 5, 5, 30), (30, 5, 5, 30), (30, 5, 5, 30), (30, 5, 5, 30), (30, 5, 5, 30), (30, 5, 5, 30), (30, 5, 5, 25), (25, 5, 5, 1)].
- largest Hermiticity error: 4.156175930652451e-11.
- maximal number of matvec operations: 71.
-> E_updated = 0.1873726156553876.
Orthogonality column 5:
- C leg dimensions: [(1, 5, 5, 25), (25, 5, 5, 30), (30, 5, 5, 30), (30, 5, 5, 30), (30, 5, 5, 30), (30, 5, 5, 30), (30, 5, 5, 30), (30, 5, 5, 30), (30, 5, 5, 30), (30, 5, 5, 25), (25, 5, 5, 1)].
- Lh leg dimensions: [(1, 5, 5, 24), (24, 5, 5, 150), (150, 5, 5, 150), (150, 5, 5, 150), (150, 5, 5, 150), (150, 5, 5, 150), (150, 5, 5, 150), (150, 5, 5, 150), (150, 5, 5, 96), (96, 5, 5, 25), (25, 5, 5, 1)].
- Rh leg dimensions: [(1, 5, 5, 25), (25, 5, 5, 150), (150, 5, 5, 150), (150, 5, 5, 150), (150, 5, 5, 150), (150, 5, 5, 150), (150, 5, 5, 150), (150, 5, 5, 150), (150, 5, 5, 150), (150, 5, 5, 25), (25, 5, 5, 1)].
-> E = <Lh|CC*> + <ALhAL*|CC*|ARhAR*> + <CC*|Rh> = 0.06207898560458813 + -0.015201555031169454 + 0.18310155065165903 = 0.2299789812250777.
- C_updated leg dimensions: [(1, 5, 5, 25), (25, 5, 5, 30), (30, 5, 5, 30), (30, 5, 5, 30), (30, 5, 5, 30), (30, 5, 5, 30), (30, 5, 5, 30), (30, 5, 5, 30), (30, 5, 5, 30), (30, 5, 5, 25), (25, 5, 5, 1)].
- largest Hermiticity error: 8.801020433091508e-11.
- maximal number of matvec operations: 71.
-> E_updated = 0.08238053338594536.
Orthogonality column 4:
- C leg dimensions: [(1, 4, 5, 20), (20, 4, 5, 30), (30, 4, 5, 30), (30, 4, 5, 30), (30, 5, 5, 30), (30, 5, 5, 30), (30, 5, 5, 30), (30, 5, 5, 30), (30, 4, 5, 30), (30, 4, 5, 20), (20, 4, 5, 1)].
- Lh leg dimensions: [(1, 4, 4, 16), (16, 4, 4, 32), (32, 4, 4, 150), (150, 4, 4, 33), (33, 5, 5, 150), (150, 5, 5, 81), (81, 5, 5, 150), (150, 5, 5, 32), (32, 4, 4, 80), (80, 4, 4, 9), (9, 4, 4, 1)].
- Rh leg dimensions: [(1, 5, 5, 25), (25, 5, 5, 150), (150, 5, 5, 150), (150, 5, 5, 150), (150, 5, 5, 150), (150, 5, 5, 150), (150, 5, 5, 150), (150, 5, 5, 150), (150, 5, 5, 150), (150, 5, 5, 25), (25, 5, 5, 1)].
-> E = <Lh|CC*> + <ALhAL*|CC*|ARhAR*> + <CC*|Rh> = 0.05154100992746343 + -0.07341180478084007 + 0.1179902027818561 = 0.09611940792847945.
- C_updated leg dimensions: [(1, 4, 5, 20), (20, 4, 5, 30), (30, 4, 5, 30), (30, 4, 5, 30), (30, 5, 5, 30), (30, 5, 5, 30), (30, 5, 5, 30), (30, 5, 5, 30), (30, 4, 5, 30), (30, 4, 5, 20), (20, 4, 5, 1)].
- largest Hermiticity error: 1.1458177687389502e-10.
- maximal number of matvec operations: 81.
-> E_updated = 0.03896480872784067.
Orthogonality column 3:
- C leg dimensions: [(1, 4, 5, 20), (20, 2, 5, 30), (30, 4, 5, 30), (30, 2, 5, 30), (30, 4, 5, 30), (30, 4, 5, 30), (30, 4, 5, 30), (30, 4, 5, 30), (30, 2, 5, 30), (30, 4, 5, 10), (10, 2, 5, 1)].
- Lh leg dimensions: [(1, 4, 4, 8), (8, 2, 2, 29), (29, 4, 4, 8), (8, 2, 2, 29), (29, 4, 4, 13), (13, 4, 4, 80), (80, 4, 4, 8), (8, 4, 4, 29), (29, 2, 2, 8), (8, 4, 4, 4), (4, 2, 2, 1)].
- Rh leg dimensions: [(1, 5, 5, 25), (25, 5, 5, 150), (150, 5, 5, 150), (150, 5, 5, 150), (150, 5, 5, 150), (150, 5, 5, 150), (150, 5, 5, 150), (150, 5, 5, 150), (150, 5, 5, 150), (150, 5, 5, 25), (25, 5, 5, 1)].
-> E = <Lh|CC*> + <ALhAL*|CC*|ARhAR*> + <CC*|Rh> = 0.13929375743889896 + -0.10962924055875854 + 0.12356719906010474 = 0.15323171594024515.
- C_updated leg dimensions: [(1, 4, 5, 20), (20, 2, 5, 30), (30, 4, 5, 30), (30, 2, 5, 30), (30, 4, 5, 30), (30, 4, 5, 30), (30, 4, 5, 30), (30, 4, 5, 30), (30, 2, 5, 30), (30, 4, 5, 10), (10, 2, 5, 1)].
- largest Hermiticity error: 1.9635877237676537e-08.
- maximal number of matvec operations: 71.
-> E_updated = 0.1121614924158974.
Orthogonality column 2:
- C leg dimensions: [(1, 2, 5, 10), (10, 2, 5, 30), (30, 2, 5, 30), (30, 2, 5, 30), (30, 2, 5, 30), (30, 4, 5, 30), (30, 2, 5, 30), (30, 2, 5, 30), (30, 2, 5, 30), (30, 2, 5, 10), (10, 2, 5, 1)].
- Lh leg dimensions: [(1, 2, 2, 4), (4, 2, 2, 3), (3, 2, 2, 8), (8, 2, 2, 3), (3, 2, 2, 9), (9, 4, 4, 3), (3, 2, 2, 8), (8, 2, 2, 3), (3, 2, 2, 8), (8, 2, 2, 3), (3, 2, 2, 1)].
- Rh leg dimensions: [(1, 5, 5, 25), (25, 5, 5, 150), (150, 5, 5, 150), (150, 5, 5, 150), (150, 5, 5, 150), (150, 5, 5, 150), (150, 5, 5, 150), (150, 5, 5, 150), (150, 5, 5, 150), (150, 5, 5, 25), (25, 5, 5, 1)].
-> E = <Lh|CC*> + <ALhAL*|CC*|ARhAR*> + <CC*|Rh> = 0.3160759221880794 + -0.17555062727081322 + 0.09031442219214847 = 0.23083971710941464.
- C_updated leg dimensions: [(1, 2, 5, 10), (10, 2, 5, 30), (30, 2, 5, 30), (30, 2, 5, 30), (30, 2, 5, 30), (30, 4, 5, 30), (30, 2, 5, 30), (30, 2, 5, 30), (30, 2, 5, 30), (30, 2, 5, 10), (10, 2, 5, 1)].
- largest Hermiticity error: 4.495458809382894e-08.
- maximal number of matvec operations: 61.
-> E_updated = 0.191124815292244.
Orthogonality column 1:
- C leg dimensions: [(1, 2, 5, 10), (10, 1, 5, 30), (30, 2, 5, 30), (30, 1, 5, 30), (30, 2, 5, 30), (30, 2, 5, 30), (30, 1, 5, 30), (30, 2, 5, 30), (30, 1, 5, 30), (30, 2, 5, 5), (5, 1, 5, 1)].
- Rh leg dimensions: [(1, 5, 5, 25), (25, 5, 5, 150), (150, 5, 5, 150), (150, 5, 5, 150), (150, 5, 5, 150), (150, 5, 5, 150), (150, 5, 5, 150), (150, 5, 5, 150), (150, 5, 5, 150), (150, 5, 5, 25), (25, 5, 5, 1)].
-> E = <Lh|CC*> + <ALhAL*|CC*|ARhAR*> + <CC*|Rh> = None + 0.3167391927076436 + 0.013957366607563318 = 0.3306965593152069.
- C_updated leg dimensions: [(1, 2, 5, 10), (10, 1, 5, 30), (30, 2, 5, 30), (30, 1, 5, 30), (30, 2, 5, 30), (30, 2, 5, 30), (30, 1, 5, 30), (30, 2, 5, 30), (30, 1, 5, 30), (30, 2, 5, 5), (5, 1, 5, 1)].
- largest Hermiticity error: 3.134723294249164e-08.
- maximal number of matvec operations: 61.
-> E_updated = 0.2847959753850818.
Orthogonality column 0:
- C leg dimensions: [(1, 1, 5, 5), (5, 1, 5, 25), (25, 1, 5, 30), (30, 1, 5, 30), (30, 1, 5, 30), (30, 1, 5, 30), (30, 1, 5, 30), (30, 1, 5, 30), (30, 1, 5, 30), (30, 1, 5, 5), (5, 1, 5, 1)].
- Rh leg dimensions: [(1, 5, 5, 25), (25, 5, 5, 150), (150, 5, 5, 150), (150, 5, 5, 150), (150, 5, 5, 150), (150, 5, 5, 150), (150, 5, 5, 150), (150, 5, 5, 150), (150, 5, 5, 150), (150, 5, 5, 25), (25, 5, 5, 1)].
-> E = <Lh|CC*> + <ALhAL*|CC*|ARhAR*> + <CC*|Rh> = None + None + 0.3705783932554466 = 0.3705783932554466.
- C_updated leg dimensions: [(1, 1, 5, 5), (5, 1, 5, 25), (25, 1, 5, 30), (30, 1, 5, 30), (30, 1, 5, 30), (30, 1, 5, 30), (30, 1, 5, 30), (30, 1, 5, 30), (30, 1, 5, 25), (25, 1, 5, 5), (5, 1, 5, 1)].
- largest Hermiticity error: 4.492040802220356e-08.
- maximal number of matvec operations: 51.
-> E_updated = 0.3149890578353325.
=> <H> - E0 = 0.0977463421569098.

DMRGSquared sweep 2 ...
Orthogonality column 0:
- C leg dimensions: [(1, 1, 5, 5), (5, 1, 5, 25), (25, 1, 5, 30), (30, 1, 5, 30), (30, 1, 5, 30), (30, 1, 5, 30), (30, 1, 5, 30), (30, 1, 5, 30), (30, 1, 5, 25), (25, 1, 5, 5), (5, 1, 5, 1)].
- Rh leg dimensions: [(1, 5, 5, 25), (25, 5, 5, 150), (150, 5, 5, 150), (150, 5, 5, 150), (150, 5, 5, 150), (150, 5, 5, 150), (150, 5, 5, 150), (150, 5, 5, 150), (150, 5, 5, 150), (150, 5, 5, 25), (25, 5, 5, 1)].
-> E = <Lh|CC*> + <ALhAL*|CC*|ARhAR*> + <CC*|Rh> = None + None + 0.3149890578353069 = 0.3149890578353069.
- C_updated leg dimensions: [(1, 1, 5, 5), (5, 1, 5, 25), (25, 1, 5, 30), (30, 1, 5, 30), (30, 1, 5, 30), (30, 1, 5, 30), (30, 1, 5, 30), (30, 1, 5, 30), (30, 1, 5, 25), (25, 1, 5, 5), (5, 1, 5, 1)].
- largest Hermiticity error: 5.623102067131188e-08.
- maximal number of matvec operations: 51.
-> E_updated = 0.3149890575886695.
Orthogonality column 1:
- C leg dimensions: [(1, 2, 5, 5), (5, 1, 5, 25), (25, 2, 5, 30), (30, 1, 5, 30), (30, 2, 5, 30), (30, 2, 5, 30), (30, 1, 5, 30), (30, 2, 5, 30), (30, 1, 5, 25), (25, 2, 5, 5), (5, 1, 5, 1)].
- Rh leg dimensions: [(1, 5, 5, 25), (25, 5, 5, 150), (150, 5, 5, 150), (150, 5, 5, 150), (150, 5, 5, 150), (150, 5, 5, 150), (150, 5, 5, 150), (150, 5, 5, 150), (150, 5, 5, 150), (150, 5, 5, 25), (25, 5, 5, 1)].
-> E = <Lh|CC*> + <ALhAL*|CC*|ARhAR*> + <CC*|Rh> = None + 0.3205786370379346 + 0.026478808417315407 = 0.34705744545525.
- C_updated leg dimensions: [(1, 2, 5, 10), (10, 1, 5, 30), (30, 2, 5, 30), (30, 1, 5, 30), (30, 2, 5, 30), (30, 2, 5, 30), (30, 1, 5, 30), (30, 2, 5, 30), (30, 1, 5, 30), (30, 2, 5, 5), (5, 1, 5, 1)].
- largest Hermiticity error: 4.569084113309549e-08.
- maximal number of matvec operations: 61.
-> E_updated = 0.28479597568573306.
Orthogonality column 2:
- C leg dimensions: [(1, 2, 5, 10), (10, 2, 5, 30), (30, 2, 5, 30), (30, 2, 5, 30), (30, 2, 5, 30), (30, 4, 5, 30), (30, 2, 5, 30), (30, 2, 5, 30), (30, 2, 5, 30), (30, 2, 5, 5), (5, 2, 5, 1)].
- Lh leg dimensions: [(1, 2, 2, 4), (4, 2, 2, 3), (3, 2, 2, 8), (8, 2, 2, 3), (3, 2, 2, 9), (9, 4, 4, 3), (3, 2, 2, 8), (8, 2, 2, 3), (3, 2, 2, 8), (8, 2, 2, 3), (3, 2, 2, 1)].
- Rh leg dimensions: [(1, 5, 5, 25), (25, 5, 5, 150), (150, 5, 5, 150), (150, 5, 5, 150), (150, 5, 5, 150), (150, 5, 5, 150), (150, 5, 5, 150), (150, 5, 5, 150), (150, 5, 5, 150), (150, 5, 5, 25), (25, 5, 5, 1)].
-> E = <Lh|CC*> + <ALhAL*|CC*|ARhAR*> + <CC*|Rh> = 0.31588189431563796 + -0.1749236583863921 + 0.10505074388114581 = 0.24600897981039166.
- C_updated leg dimensions: [(1, 2, 5, 10), (10, 2, 5, 30), (30, 2, 5, 30), (30, 2, 5, 30), (30, 2, 5, 30), (30, 4, 5, 30), (30, 2, 5, 30), (30, 2, 5, 30), (30, 2, 5, 30), (30, 2, 5, 10), (10, 2, 5, 1)].
- largest Hermiticity error: 5.461549266129364e-08.
- maximal number of matvec operations: 61.
-> E_updated = 0.19067527731648484.
Orthogonality column 3:
- C leg dimensions: [(1, 4, 5, 10), (10, 2, 5, 30), (30, 4, 5, 30), (30, 2, 5, 30), (30, 4, 5, 30), (30, 4, 5, 30), (30, 4, 5, 30), (30, 4, 5, 30), (30, 2, 5, 30), (30, 4, 5, 10), (10, 2, 5, 1)].
- Lh leg dimensions: [(1, 4, 4, 8), (8, 2, 2, 29), (29, 4, 4, 8), (8, 2, 2, 29), (29, 4, 4, 13), (13, 4, 4, 80), (80, 4, 4, 8), (8, 4, 4, 29), (29, 2, 2, 8), (8, 4, 4, 4), (4, 2, 2, 1)].
- Rh leg dimensions: [(1, 5, 5, 25), (25, 5, 5, 150), (150, 5, 5, 150), (150, 5, 5, 150), (150, 5, 5, 150), (150, 5, 5, 150), (150, 5, 5, 150), (150, 5, 5, 150), (150, 5, 5, 150), (150, 5, 5, 25), (25, 5, 5, 1)].
-> E = <Lh|CC*> + <ALhAL*|CC*|ARhAR*> + <CC*|Rh> = 0.13612073573816122 + -0.10370819765063297 + 0.12678800433607826 = 0.1592005424236065.
- C_updated leg dimensions: [(1, 4, 5, 20), (20, 2, 5, 30), (30, 4, 5, 30), (30, 2, 5, 30), (30, 4, 5, 30), (30, 4, 5, 30), (30, 4, 5, 30), (30, 4, 5, 30), (30, 2, 5, 30), (30, 4, 5, 10), (10, 2, 5, 1)].
- largest Hermiticity error: 3.003230636394629e-08.
- maximal number of matvec operations: 71.
-> E_updated = 0.11000694663670656.
Orthogonality column 4:
- C leg dimensions: [(1, 4, 5, 20), (20, 4, 5, 30), (30, 4, 5, 30), (30, 4, 5, 30), (30, 5, 5, 30), (30, 5, 5, 30), (30, 5, 5, 30), (30, 5, 5, 30), (30, 4, 5, 30), (30, 4, 5, 10), (10, 4, 5, 1)].
- Lh leg dimensions: [(1, 4, 4, 16), (16, 4, 4, 32), (32, 4, 4, 150), (150, 4, 4, 33), (33, 5, 5, 150), (150, 5, 5, 81), (81, 5, 5, 150), (150, 5, 5, 32), (32, 4, 4, 80), (80, 4, 4, 9), (9, 4, 4, 1)].
- Rh leg dimensions: [(1, 5, 5, 25), (25, 5, 5, 150), (150, 5, 5, 150), (150, 5, 5, 150), (150, 5, 5, 150), (150, 5, 5, 150), (150, 5, 5, 150), (150, 5, 5, 150), (150, 5, 5, 150), (150, 5, 5, 25), (25, 5, 5, 1)].
-> E = <Lh|CC*> + <ALhAL*|CC*|ARhAR*> + <CC*|Rh> = 0.0253543665549686 + -0.08600424623899826 + 0.1385502231459073 = 0.07790034346187763.
- C_updated leg dimensions: [(1, 4, 5, 20), (20, 4, 5, 30), (30, 4, 5, 30), (30, 4, 5, 30), (30, 5, 5, 30), (30, 5, 5, 30), (30, 5, 5, 30), (30, 5, 5, 30), (30, 4, 5, 30), (30, 4, 5, 20), (20, 4, 5, 1)].
- largest Hermiticity error: 1.0639015259572176e-10.
- maximal number of matvec operations: 81.
-> E_updated = 0.030478501248986444.
Orthogonality column 5:
- C leg dimensions: [(1, 5, 5, 20), (20, 5, 5, 30), (30, 5, 5, 30), (30, 5, 5, 30), (30, 5, 5, 30), (30, 5, 5, 30), (30, 5, 5, 30), (30, 5, 5, 30), (30, 5, 5, 30), (30, 5, 5, 25), (25, 5, 5, 1)].
- Lh leg dimensions: [(1, 5, 5, 24), (24, 5, 5, 150), (150, 5, 5, 150), (150, 5, 5, 150), (150, 5, 5, 150), (150, 5, 5, 150), (150, 5, 5, 150), (150, 5, 5, 150), (150, 5, 5, 97), (97, 5, 5, 25), (25, 5, 5, 1)].
- Rh leg dimensions: [(1, 5, 5, 25), (25, 5, 5, 150), (150, 5, 5, 150), (150, 5, 5, 150), (150, 5, 5, 150), (150, 5, 5, 150), (150, 5, 5, 150), (150, 5, 5, 150), (150, 5, 5, 150), (150, 5, 5, 25), (25, 5, 5, 1)].
-> E = <Lh|CC*> + <ALhAL*|CC*|ARhAR*> + <CC*|Rh> = -0.06723031894898149 + -0.0718349095404117 + 0.193909634806136 = 0.05484440631674281.
- C_updated leg dimensions: [(1, 5, 5, 25), (25, 5, 5, 30), (30, 5, 5, 30), (30, 5, 5, 30), (30, 5, 5, 30), (30, 5, 5, 30), (30, 5, 5, 30), (30, 5, 5, 30), (30, 5, 5, 30), (30, 5, 5, 25), (25, 5, 5, 1)].
- largest Hermiticity error: 1.2204055727407139e-10.
- maximal number of matvec operations: 81.
-> E_updated = 0.02544009681830525.
Orthogonality column 6:
- C leg dimensions: [(1, 5, 5, 25), (25, 5, 5, 30), (30, 5, 5, 30), (30, 5, 5, 30), (30, 5, 5, 30), (30, 5, 5, 30), (30, 5, 5, 30), (30, 5, 5, 30), (30, 5, 5, 30), (30, 5, 5, 25), (25, 5, 5, 1)].
- Lh leg dimensions: [(1, 5, 5, 25), (25, 5, 5, 150), (150, 5, 5, 150), (150, 5, 5, 150), (150, 5, 5, 150), (150, 5, 5, 150), (150, 5, 5, 150), (150, 5, 5, 150), (150, 5, 5, 150), (150, 5, 5, 25), (25, 5, 5, 1)].
- Rh leg dimensions: [(1, 5, 5, 25), (25, 5, 5, 150), (150, 5, 5, 150), (150, 5, 5, 150), (150, 5, 5, 150), (150, 5, 5, 150), (150, 5, 5, 150), (150, 5, 5, 150), (150, 5, 5, 150), (150, 5, 5, 25), (25, 5, 5, 1)].
-> E = <Lh|CC*> + <ALhAL*|CC*|ARhAR*> + <CC*|Rh> = -0.14521292351704873 + -0.07313543725418735 + 0.2399993707532424 = 0.02165100998200631.
- C_updated leg dimensions: [(1, 5, 5, 25), (25, 5, 5, 30), (30, 5, 5, 30), (30, 5, 5, 30), (30, 5, 5, 30), (30, 5, 5, 30), (30, 5, 5, 30), (30, 5, 5, 30), (30, 5, 5, 30), (30, 5, 5, 25), (25, 5, 5, 1)].
- largest Hermiticity error: 3.1624995545908173e-12.
- maximal number of matvec operations: 101.
-> E_updated = -0.00012968237247521543.
Orthogonality column 7:
- C leg dimensions: [(1, 5, 5, 25), (25, 5, 5, 30), (30, 5, 5, 30), (30, 5, 5, 30), (30, 5, 5, 30), (30, 5, 5, 30), (30, 5, 5, 30), (30, 5, 5, 30), (30, 5, 5, 30), (30, 5, 5, 25), (25, 5, 5, 1)].
- Lh leg dimensions: [(1, 5, 5, 25), (25, 5, 5, 150), (150, 5, 5, 150), (150, 5, 5, 150), (150, 5, 5, 150), (150, 5, 5, 150), (150, 5, 5, 150), (150, 5, 5, 150), (150, 5, 5, 150), (150, 5, 5, 25), (25, 5, 5, 1)].
- Rh leg dimensions: [(1, 5, 5, 25), (25, 5, 5, 96), (96, 5, 5, 150), (150, 5, 5, 150), (150, 5, 5, 150), (150, 5, 5, 150), (150, 5, 5, 150), (150, 5, 5, 150), (150, 5, 5, 150), (150, 5, 5, 24), (24, 5, 5, 1)].
-> E = <Lh|CC*> + <ALhAL*|CC*|ARhAR*> + <CC*|Rh> = -0.21907053091683246 + -0.0728665205686272 + 0.3074001403498635 = 0.01546308886440384.
- C_updated leg dimensions: [(1, 5, 5, 25), (25, 5, 5, 30), (30, 5, 5, 30), (30, 5, 5, 30), (30, 5, 5, 30), (30, 5, 5, 30), (30, 5, 5, 30), (30, 5, 5, 30), (30, 5, 5, 30), (30, 5, 5, 25), (25, 5, 5, 1)].
- largest Hermiticity error: 2.463880128137187e-09.
- maximal number of matvec operations: 91.
-> E_updated = -0.0035340625318781784.
Orthogonality column 8:
- C leg dimensions: [(1, 5, 4, 20), (20, 5, 4, 30), (30, 5, 4, 30), (30, 5, 5, 30), (30, 5, 5, 30), (30, 5, 5, 30), (30, 5, 5, 30), (30, 5, 4, 30), (30, 5, 4, 30), (30, 5, 4, 25), (25, 5, 4, 1)].
- Lh leg dimensions: [(1, 5, 5, 25), (25, 5, 5, 150), (150, 5, 5, 150), (150, 5, 5, 150), (150, 5, 5, 150), (150, 5, 5, 150), (150, 5, 5, 150), (150, 5, 5, 150), (150, 5, 5, 150), (150, 5, 5, 25), (25, 5, 5, 1)].
- Rh leg dimensions: [(1, 4, 4, 9), (9, 4, 4, 80), (80, 4, 4, 32), (32, 5, 5, 150), (150, 5, 5, 80), (80, 5, 5, 150), (150, 5, 5, 32), (32, 4, 4, 150), (150, 4, 4, 32), (32, 4, 4, 16), (16, 4, 4, 1)].
-> E = <Lh|CC*> + <ALhAL*|CC*|ARhAR*> + <CC*|Rh> = -0.24557014527608642 + -0.07580886121595373 + 0.3796252144572835 = 0.058246207965243324.
- C_updated leg dimensions: [(1, 5, 4, 20), (20, 5, 4, 30), (30, 5, 4, 30), (30, 5, 5, 30), (30, 5, 5, 30), (30, 5, 5, 30), (30, 5, 5, 30), (30, 5, 4, 30), (30, 5, 4, 30), (30, 5, 4, 20), (20, 5, 4, 1)].
- largest Hermiticity error: 4.132479449804985e-09.
- maximal number of matvec operations: 81.
-> E_updated = 0.0349871682674197.
Orthogonality column 9:
- C leg dimensions: [(1, 5, 2, 20), (20, 5, 4, 30), (30, 5, 2, 30), (30, 5, 4, 30), (30, 5, 4, 30), (30, 5, 4, 30), (30, 5, 4, 30), (30, 5, 2, 30), (30, 5, 4, 30), (30, 5, 2, 20), (20, 5, 4, 1)].
- Lh leg dimensions: [(1, 5, 5, 25), (25, 5, 5, 150), (150, 5, 5, 150), (150, 5, 5, 150), (150, 5, 5, 150), (150, 5, 5, 150), (150, 5, 5, 150), (150, 5, 5, 150), (150, 5, 5, 150), (150, 5, 5, 25), (25, 5, 5, 1)].
- Rh leg dimensions: [(1, 2, 2, 4), (4, 4, 4, 8), (8, 2, 2, 29), (29, 4, 4, 8), (8, 4, 4, 80), (80, 4, 4, 13), (13, 4, 4, 29), (29, 2, 2, 8), (8, 4, 4, 29), (29, 2, 2, 8), (8, 4, 4, 1)].
-> E = <Lh|CC*> + <ALhAL*|CC*|ARhAR*> + <CC*|Rh> = -0.179776331233311 + -0.07896096665827868 + 0.4589908363565513 = 0.20025353846496163.
- C_updated leg dimensions: [(1, 5, 2, 10), (10, 5, 4, 30), (30, 5, 2, 30), (30, 5, 4, 30), (30, 5, 4, 30), (30, 5, 4, 30), (30, 5, 4, 30), (30, 5, 2, 30), (30, 5, 4, 30), (30, 5, 2, 20), (20, 5, 4, 1)].
- largest Hermiticity error: 3.958259330907783e-09.
- maximal number of matvec operations: 71.
-> E_updated = 0.1652220049507437.
Orthogonality column 10:
- C leg dimensions: [(1, 5, 2, 10), (10, 5, 2, 30), (30, 5, 2, 30), (30, 5, 2, 30), (30, 5, 2, 30), (30, 5, 4, 30), (30, 5, 2, 30), (30, 5, 2, 30), (30, 5, 2, 30), (30, 5, 2, 20), (20, 5, 2, 1)].
- Lh leg dimensions: [(1, 5, 5, 25), (25, 5, 5, 150), (150, 5, 5, 150), (150, 5, 5, 150), (150, 5, 5, 150), (150, 5, 5, 150), (150, 5, 5, 150), (150, 5, 5, 150), (150, 5, 5, 150), (150, 5, 5, 25), (25, 5, 5, 1)].
- Rh leg dimensions: [(1, 2, 2, 3), (3, 2, 2, 8), (8, 2, 2, 3), (3, 2, 2, 8), (8, 2, 2, 3), (3, 4, 4, 9), (9, 2, 2, 3), (3, 2, 2, 8), (8, 2, 2, 3), (3, 2, 2, 4), (4, 2, 2, 1)].
-> E = <Lh|CC*> + <ALhAL*|CC*|ARhAR*> + <CC*|Rh> = -0.188671836226513 + -0.09846762468514648 + 0.5597788494598562 = 0.27263938854819675.
- C_updated leg dimensions: [(1, 5, 2, 10), (10, 5, 2, 30), (30, 5, 2, 30), (30, 5, 2, 30), (30, 5, 2, 30), (30, 5, 4, 30), (30, 5, 2, 30), (30, 5, 2, 30), (30, 5, 2, 30), (30, 5, 2, 10), (10, 5, 2, 1)].
- largest Hermiticity error: 3.800841849182655e-09.
- maximal number of matvec operations: 61.
-> E_updated = 0.23493224610315397.
Orthogonality column 11:
- C leg dimensions: [(1, 5, 1, 10), (10, 5, 2, 30), (30, 5, 1, 30), (30, 5, 2, 30), (30, 5, 1, 30), (30, 5, 2, 30), (30, 5, 2, 30), (30, 5, 1, 30), (30, 5, 2, 30), (30, 5, 1, 10), (10, 5, 2, 1)].
- Lh leg dimensions: [(1, 5, 5, 25), (25, 5, 5, 150), (150, 5, 5, 150), (150, 5, 5, 150), (150, 5, 5, 150), (150, 5, 5, 150), (150, 5, 5, 150), (150, 5, 5, 150), (150, 5, 5, 150), (150, 5, 5, 25), (25, 5, 5, 1)].
-> E = <Lh|CC*> + <ALhAL*|CC*|ARhAR*> + <CC*|Rh> = -0.2766435971876985 + 0.5605596410585272 + None = 0.2839160438708287.
- C_updated leg dimensions: [(1, 5, 1, 5), (5, 5, 2, 30), (30, 5, 1, 30), (30, 5, 2, 30), (30, 5, 1, 30), (30, 5, 2, 30), (30, 5, 2, 30), (30, 5, 1, 30), (30, 5, 2, 30), (30, 5, 1, 10), (10, 5, 2, 1)].
- largest Hermiticity error: 4.3265210785178614e-09.
- maximal number of matvec operations: 61.
-> E_updated = 0.250699819394797.
Orthogonality column 12:
- C leg dimensions: [(1, 5, 1, 5), (5, 5, 1, 25), (25, 5, 1, 30), (30, 5, 1, 30), (30, 5, 1, 30), (30, 5, 1, 30), (30, 5, 1, 30), (30, 5, 1, 30), (30, 5, 1, 30), (30, 5, 1, 10), (10, 5, 1, 1)].
- Lh leg dimensions: [(1, 5, 5, 25), (25, 5, 5, 150), (150, 5, 5, 150), (150, 5, 5, 150), (150, 5, 5, 150), (150, 5, 5, 150), (150, 5, 5, 150), (150, 5, 5, 150), (150, 5, 5, 150), (150, 5, 5, 25), (25, 5, 5, 1)].
-> E = <Lh|CC*> + <ALhAL*|CC*|ARhAR*> + <CC*|Rh> = 0.3085565410574868 + None + None = 0.3085565410574868.
- C_updated leg dimensions: [(1, 5, 1, 5), (5, 5, 1, 25), (25, 5, 1, 30), (30, 5, 1, 30), (30, 5, 1, 30), (30, 5, 1, 30), (30, 5, 1, 30), (30, 5, 1, 30), (30, 5, 1, 25), (25, 5, 1, 5), (5, 5, 1, 1)].
- largest Hermiticity error: 8.149966736968231e-09.
- maximal number of matvec operations: 51.
-> E_updated = 0.24954625852629542.
Orthogonality column 11:
- C leg dimensions: [(1, 5, 1, 5), (5, 5, 2, 25), (25, 5, 1, 30), (30, 5, 2, 30), (30, 5, 1, 30), (30, 5, 2, 30), (30, 5, 2, 30), (30, 5, 1, 30), (30, 5, 2, 25), (25, 5, 1, 5), (5, 5, 2, 1)].
- Lh leg dimensions: [(1, 5, 5, 25), (25, 5, 5, 150), (150, 5, 5, 150), (150, 5, 5, 150), (150, 5, 5, 150), (150, 5, 5, 150), (150, 5, 5, 150), (150, 5, 5, 150), (150, 5, 5, 150), (150, 5, 5, 25), (25, 5, 5, 1)].
-> E = <Lh|CC*> + <ALhAL*|CC*|ARhAR*> + <CC*|Rh> = -0.24785164468330037 + 0.5634915541890233 + None = 0.31563990950572296.
- C_updated leg dimensions: [(1, 5, 1, 5), (5, 5, 2, 30), (30, 5, 1, 30), (30, 5, 2, 30), (30, 5, 1, 30), (30, 5, 2, 30), (30, 5, 2, 30), (30, 5, 1, 30), (30, 5, 2, 30), (30, 5, 1, 10), (10, 5, 2, 1)].
- largest Hermiticity error: 2.6686246691300096e-09.
- maximal number of matvec operations: 61.
-> E_updated = 0.2506998192641133.
Orthogonality column 10:
- C leg dimensions: [(1, 5, 2, 5), (5, 5, 2, 30), (30, 5, 2, 30), (30, 5, 2, 30), (30, 5, 2, 30), (30, 5, 4, 30), (30, 5, 2, 30), (30, 5, 2, 30), (30, 5, 2, 30), (30, 5, 2, 10), (10, 5, 2, 1)].
- Lh leg dimensions: [(1, 5, 5, 25), (25, 5, 5, 150), (150, 5, 5, 150), (150, 5, 5, 150), (150, 5, 5, 150), (150, 5, 5, 150), (150, 5, 5, 150), (150, 5, 5, 150), (150, 5, 5, 150), (150, 5, 5, 25), (25, 5, 5, 1)].
- Rh leg dimensions: [(1, 2, 2, 3), (3, 2, 2, 8), (8, 2, 2, 3), (3, 2, 2, 8), (8, 2, 2, 3), (3, 4, 4, 9), (9, 2, 2, 3), (3, 2, 2, 8), (8, 2, 2, 3), (3, 2, 2, 4), (4, 2, 2, 1)].
-> E = <Lh|CC*> + <ALhAL*|CC*|ARhAR*> + <CC*|Rh> = -0.18958672984445263 + -0.09435226861718785 + 0.5607993753709062 = 0.2768603769092657.
- C_updated leg dimensions: [(1, 5, 2, 10), (10, 5, 2, 30), (30, 5, 2, 30), (30, 5, 2, 30), (30, 5, 2, 30), (30, 5, 4, 30), (30, 5, 2, 30), (30, 5, 2, 30), (30, 5, 2, 30), (30, 5, 2, 10), (10, 5, 2, 1)].
- largest Hermiticity error: 4.221023502545838e-09.
- maximal number of matvec operations: 61.
-> E_updated = 0.23492548606057656.
Orthogonality column 9:
- C leg dimensions: [(1, 5, 2, 10), (10, 5, 4, 30), (30, 5, 2, 30), (30, 5, 4, 30), (30, 5, 4, 30), (30, 5, 4, 30), (30, 5, 4, 30), (30, 5, 2, 30), (30, 5, 4, 30), (30, 5, 2, 10), (10, 5, 4, 1)].
- Lh leg dimensions: [(1, 5, 5, 25), (25, 5, 5, 150), (150, 5, 5, 150), (150, 5, 5, 150), (150, 5, 5, 150), (150, 5, 5, 150), (150, 5, 5, 150), (150, 5, 5, 150), (150, 5, 5, 150), (150, 5, 5, 25), (25, 5, 5, 1)].
- Rh leg dimensions: [(1, 2, 2, 4), (4, 4, 4, 8), (8, 2, 2, 29), (29, 4, 4, 8), (8, 4, 4, 80), (80, 4, 4, 13), (13, 4, 4, 29), (29, 2, 2, 8), (8, 4, 4, 29), (29, 2, 2, 8), (8, 4, 4, 1)].
-> E = <Lh|CC*> + <ALhAL*|CC*|ARhAR*> + <CC*|Rh> = -0.17710058169279344 + -0.07207086450953301 + 0.4589601987443659 = 0.20978875254203944.
- C_updated leg dimensions: [(1, 5, 2, 10), (10, 5, 4, 30), (30, 5, 2, 30), (30, 5, 4, 30), (30, 5, 4, 30), (30, 5, 4, 30), (30, 5, 4, 30), (30, 5, 2, 30), (30, 5, 4, 30), (30, 5, 2, 20), (20, 5, 4, 1)].
- largest Hermiticity error: 3.4731438757408104e-09.
- maximal number of matvec operations: 71.
-> E_updated = 0.1650936120379558.
Orthogonality column 8:
- C leg dimensions: [(1, 5, 4, 10), (10, 5, 4, 30), (30, 5, 4, 30), (30, 5, 5, 30), (30, 5, 5, 30), (30, 5, 5, 30), (30, 5, 5, 30), (30, 5, 4, 30), (30, 5, 4, 30), (30, 5, 4, 20), (20, 5, 4, 1)].
- Lh leg dimensions: [(1, 5, 5, 25), (25, 5, 5, 150), (150, 5, 5, 150), (150, 5, 5, 150), (150, 5, 5, 150), (150, 5, 5, 150), (150, 5, 5, 150), (150, 5, 5, 150), (150, 5, 5, 150), (150, 5, 5, 25), (25, 5, 5, 1)].
- Rh leg dimensions: [(1, 4, 4, 9), (9, 4, 4, 80), (80, 4, 4, 32), (32, 5, 5, 150), (150, 5, 5, 81), (81, 5, 5, 150), (150, 5, 5, 33), (33, 4, 4, 150), (150, 4, 4, 32), (32, 4, 4, 16), (16, 4, 4, 1)].
-> E = <Lh|CC*> + <ALhAL*|CC*|ARhAR*> + <CC*|Rh> = -0.23042262397072374 + -0.07337169321209419 + 0.37833109308212653 = 0.07453677589930863.
- C_updated leg dimensions: [(1, 5, 4, 20), (20, 5, 4, 30), (30, 5, 4, 30), (30, 5, 5, 30), (30, 5, 5, 30), (30, 5, 5, 30), (30, 5, 5, 30), (30, 5, 4, 30), (30, 5, 4, 30), (30, 5, 4, 20), (20, 5, 4, 1)].
- largest Hermiticity error: 2.867171317434932e-09.
- maximal number of matvec operations: 81.
-> E_updated = 0.03458979098790212.
Orthogonality column 7:
- C leg dimensions: [(1, 5, 5, 25), (25, 5, 5, 30), (30, 5, 5, 30), (30, 5, 5, 30), (30, 5, 5, 30), (30, 5, 5, 30), (30, 5, 5, 30), (30, 5, 5, 30), (30, 5, 5, 30), (30, 5, 5, 20), (20, 5, 5, 1)].
- Lh leg dimensions: [(1, 5, 5, 25), (25, 5, 5, 150), (150, 5, 5, 150), (150, 5, 5, 150), (150, 5, 5, 150), (150, 5, 5, 150), (150, 5, 5, 150), (150, 5, 5, 150), (150, 5, 5, 150), (150, 5, 5, 25), (25, 5, 5, 1)].
- Rh leg dimensions: [(1, 5, 5, 25), (25, 5, 5, 96), (96, 5, 5, 150), (150, 5, 5, 150), (150, 5, 5, 150), (150, 5, 5, 150), (150, 5, 5, 150), (150, 5, 5, 150), (150, 5, 5, 150), (150, 5, 5, 24), (24, 5, 5, 1)].
-> E = <Lh|CC*> + <ALhAL*|CC*|ARhAR*> + <CC*|Rh> = -0.20753650588800865 + -0.07203914056203665 + 0.3092959161067448 = 0.029720269656699494.
- C_updated leg dimensions: [(1, 5, 5, 25), (25, 5, 5, 30), (30, 5, 5, 30), (30, 5, 5, 30), (30, 5, 5, 30), (30, 5, 5, 30), (30, 5, 5, 30), (30, 5, 5, 30), (30, 5, 5, 30), (30, 5, 5, 25), (25, 5, 5, 1)].
- largest Hermiticity error: 1.8714204960663173e-09.
- maximal number of matvec operations: 81.
-> E_updated = 0.005154976270732408.
Orthogonality column 6:
- C leg dimensions: [(1, 5, 5, 25), (25, 5, 5, 30), (30, 5, 5, 30), (30, 5, 5, 30), (30, 5, 5, 30), (30, 5, 5, 30), (30, 5, 5, 30), (30, 5, 5, 30), (30, 5, 5, 30), (30, 5, 5, 25), (25, 5, 5, 1)].
- Lh leg dimensions: [(1, 5, 5, 25), (25, 5, 5, 150), (150, 5, 5, 150), (150, 5, 5, 150), (150, 5, 5, 150), (150, 5, 5, 150), (150, 5, 5, 150), (150, 5, 5, 150), (150, 5, 5, 150), (150, 5, 5, 25), (25, 5, 5, 1)].
- Rh leg dimensions: [(1, 5, 5, 25), (25, 5, 5, 150), (150, 5, 5, 150), (150, 5, 5, 150), (150, 5, 5, 150), (150, 5, 5, 150), (150, 5, 5, 150), (150, 5, 5, 150), (150, 5, 5, 150), (150, 5, 5, 25), (25, 5, 5, 1)].
-> E = <Lh|CC*> + <ALhAL*|CC*|ARhAR*> + <CC*|Rh> = -0.1391842404837728 + -0.07256116926194515 + 0.22523716121210102 = 0.013491751466383095.
- C_updated leg dimensions: [(1, 5, 5, 25), (25, 5, 5, 30), (30, 5, 5, 30), (30, 5, 5, 30), (30, 5, 5, 30), (30, 5, 5, 30), (30, 5, 5, 30), (30, 5, 5, 30), (30, 5, 5, 30), (30, 5, 5, 25), (25, 5, 5, 1)].
- largest Hermiticity error: 9.074488356070573e-11.
- maximal number of matvec operations: 101.
-> E_updated = -0.0019933410951177197.
Orthogonality column 5:
- C leg dimensions: [(1, 5, 5, 25), (25, 5, 5, 30), (30, 5, 5, 30), (30, 5, 5, 30), (30, 5, 5, 30), (30, 5, 5, 30), (30, 5, 5, 30), (30, 5, 5, 30), (30, 5, 5, 30), (30, 5, 5, 25), (25, 5, 5, 1)].
- Lh leg dimensions: [(1, 5, 5, 24), (24, 5, 5, 150), (150, 5, 5, 150), (150, 5, 5, 150), (150, 5, 5, 150), (150, 5, 5, 150), (150, 5, 5, 150), (150, 5, 5, 150), (150, 5, 5, 97), (97, 5, 5, 25), (25, 5, 5, 1)].
- Rh leg dimensions: [(1, 5, 5, 25), (25, 5, 5, 150), (150, 5, 5, 150), (150, 5, 5, 150), (150, 5, 5, 150), (150, 5, 5, 150), (150, 5, 5, 150), (150, 5, 5, 150), (150, 5, 5, 150), (150, 5, 5, 25), (25, 5, 5, 1)].
-> E = <Lh|CC*> + <ALhAL*|CC*|ARhAR*> + <CC*|Rh> = -0.06456235115472483 + -0.07929667889279039 + 0.1826672771320333 = 0.03880824708451808.
- C_updated leg dimensions: [(1, 5, 5, 25), (25, 5, 5, 30), (30, 5, 5, 30), (30, 5, 5, 30), (30, 5, 5, 30), (30, 5, 5, 30), (30, 5, 5, 30), (30, 5, 5, 30), (30, 5, 5, 30), (30, 5, 5, 25), (25, 5, 5, 1)].
- largest Hermiticity error: 5.874945619407719e-09.
- maximal number of matvec operations: 81.
-> E_updated = 0.023500952648775955.
Orthogonality column 4:
- C leg dimensions: [(1, 4, 5, 20), (20, 4, 5, 30), (30, 4, 5, 30), (30, 4, 5, 30), (30, 5, 5, 30), (30, 5, 5, 30), (30, 5, 5, 30), (30, 5, 5, 30), (30, 4, 5, 30), (30, 4, 5, 20), (20, 4, 5, 1)].
- Lh leg dimensions: [(1, 4, 4, 16), (16, 4, 4, 32), (32, 4, 4, 150), (150, 4, 4, 33), (33, 5, 5, 150), (150, 5, 5, 81), (81, 5, 5, 150), (150, 5, 5, 32), (32, 4, 4, 80), (80, 4, 4, 9), (9, 4, 4, 1)].
- Rh leg dimensions: [(1, 5, 5, 25), (25, 5, 5, 150), (150, 5, 5, 150), (150, 5, 5, 150), (150, 5, 5, 150), (150, 5, 5, 150), (150, 5, 5, 150), (150, 5, 5, 150), (150, 5, 5, 150), (150, 5, 5, 25), (25, 5, 5, 1)].
-> E = <Lh|CC*> + <ALhAL*|CC*|ARhAR*> + <CC*|Rh> = 0.02464830898864043 + -0.08901276160874648 + 0.12678349084283627 = 0.06241903822273022.
- C_updated leg dimensions: [(1, 4, 5, 20), (20, 4, 5, 30), (30, 4, 5, 30), (30, 4, 5, 30), (30, 5, 5, 30), (30, 5, 5, 30), (30, 5, 5, 30), (30, 5, 5, 30), (30, 4, 5, 30), (30, 4, 5, 20), (20, 4, 5, 1)].
- largest Hermiticity error: 4.5922253355352115e-09.
- maximal number of matvec operations: 81.
-> E_updated = 0.04402658289107965.
Orthogonality column 3:
- C leg dimensions: [(1, 4, 5, 20), (20, 2, 5, 30), (30, 4, 5, 30), (30, 2, 5, 30), (30, 4, 5, 30), (30, 4, 5, 30), (30, 4, 5, 30), (30, 4, 5, 30), (30, 2, 5, 30), (30, 4, 5, 10), (10, 2, 5, 1)].
- Lh leg dimensions: [(1, 4, 4, 8), (8, 2, 2, 29), (29, 4, 4, 8), (8, 2, 2, 29), (29, 4, 4, 13), (13, 4, 4, 80), (80, 4, 4, 8), (8, 4, 4, 29), (29, 2, 2, 8), (8, 4, 4, 4), (4, 2, 2, 1)].
- Rh leg dimensions: [(1, 5, 5, 25), (25, 5, 5, 150), (150, 5, 5, 150), (150, 5, 5, 150), (150, 5, 5, 150), (150, 5, 5, 150), (150, 5, 5, 150), (150, 5, 5, 150), (150, 5, 5, 150), (150, 5, 5, 25), (25, 5, 5, 1)].
-> E = <Lh|CC*> + <ALhAL*|CC*|ARhAR*> + <CC*|Rh> = 0.13901354873571356 + -0.11381780856654283 + 0.13220795165357566 = 0.15740369182274638.
- C_updated leg dimensions: [(1, 4, 5, 20), (20, 2, 5, 30), (30, 4, 5, 30), (30, 2, 5, 30), (30, 4, 5, 30), (30, 4, 5, 30), (30, 4, 5, 30), (30, 4, 5, 30), (30, 2, 5, 30), (30, 4, 5, 10), (10, 2, 5, 1)].
- largest Hermiticity error: 4.0340598838771654e-09.
- maximal number of matvec operations: 71.
-> E_updated = 0.12371147293588892.
Orthogonality column 2:
- C leg dimensions: [(1, 2, 5, 10), (10, 2, 5, 30), (30, 2, 5, 30), (30, 2, 5, 30), (30, 2, 5, 30), (30, 4, 5, 30), (30, 2, 5, 30), (30, 2, 5, 30), (30, 2, 5, 30), (30, 2, 5, 10), (10, 2, 5, 1)].
- Lh leg dimensions: [(1, 2, 2, 4), (4, 2, 2, 3), (3, 2, 2, 8), (8, 2, 2, 3), (3, 2, 2, 9), (9, 4, 4, 3), (3, 2, 2, 8), (8, 2, 2, 3), (3, 2, 2, 8), (8, 2, 2, 3), (3, 2, 2, 1)].
- Rh leg dimensions: [(1, 5, 5, 25), (25, 5, 5, 150), (150, 5, 5, 150), (150, 5, 5, 150), (150, 5, 5, 150), (150, 5, 5, 150), (150, 5, 5, 150), (150, 5, 5, 150), (150, 5, 5, 150), (150, 5, 5, 25), (25, 5, 5, 1)].
-> E = <Lh|CC*> + <ALhAL*|CC*|ARhAR*> + <CC*|Rh> = 0.31596102559964945 + -0.17573819798738177 + 0.07008087605749676 = 0.21030370366976442.
- C_updated leg dimensions: [(1, 2, 5, 10), (10, 2, 5, 30), (30, 2, 5, 30), (30, 2, 5, 30), (30, 2, 5, 30), (30, 4, 5, 30), (30, 2, 5, 30), (30, 2, 5, 30), (30, 2, 5, 30), (30, 2, 5, 10), (10, 2, 5, 1)].
- largest Hermiticity error: 4.265252715036276e-09.
- maximal number of matvec operations: 61.
-> E_updated = 0.17689896779854158.
Orthogonality column 1:
- C leg dimensions: [(1, 2, 5, 10), (10, 1, 5, 30), (30, 2, 5, 30), (30, 1, 5, 30), (30, 2, 5, 30), (30, 2, 5, 30), (30, 1, 5, 30), (30, 2, 5, 30), (30, 1, 5, 30), (30, 2, 5, 5), (5, 1, 5, 1)].
- Rh leg dimensions: [(1, 5, 5, 25), (25, 5, 5, 150), (150, 5, 5, 150), (150, 5, 5, 150), (150, 5, 5, 150), (150, 5, 5, 150), (150, 5, 5, 150), (150, 5, 5, 150), (150, 5, 5, 150), (150, 5, 5, 25), (25, 5, 5, 1)].
-> E = <Lh|CC*> + <ALhAL*|CC*|ARhAR*> + <CC*|Rh> = None + 0.3175136448862261 + -0.0012848439491479678 = 0.3162288009370781.
- C_updated leg dimensions: [(1, 2, 5, 10), (10, 1, 5, 30), (30, 2, 5, 30), (30, 1, 5, 30), (30, 2, 5, 30), (30, 2, 5, 30), (30, 1, 5, 30), (30, 2, 5, 30), (30, 1, 5, 30), (30, 2, 5, 5), (5, 1, 5, 1)].
- largest Hermiticity error: 6.316265962971107e-09.
- maximal number of matvec operations: 61.
-> E_updated = 0.27493977004297704.
Orthogonality column 0:
- C leg dimensions: [(1, 1, 5, 5), (5, 1, 5, 25), (25, 1, 5, 30), (30, 1, 5, 30), (30, 1, 5, 30), (30, 1, 5, 30), (30, 1, 5, 30), (30, 1, 5, 30), (30, 1, 5, 30), (30, 1, 5, 5), (5, 1, 5, 1)].
- Rh leg dimensions: [(1, 5, 5, 25), (25, 5, 5, 150), (150, 5, 5, 150), (150, 5, 5, 150), (150, 5, 5, 150), (150, 5, 5, 150), (150, 5, 5, 150), (150, 5, 5, 150), (150, 5, 5, 150), (150, 5, 5, 25), (25, 5, 5, 1)].
-> E = <Lh|CC*> + <ALhAL*|CC*|ARhAR*> + <CC*|Rh> = None + None + 0.3073122772167767 = 0.3073122772167767.
- C_updated leg dimensions: [(1, 1, 5, 5), (5, 1, 5, 25), (25, 1, 5, 30), (30, 1, 5, 30), (30, 1, 5, 30), (30, 1, 5, 30), (30, 1, 5, 30), (30, 1, 5, 30), (30, 1, 5, 25), (25, 1, 5, 5), (5, 1, 5, 1)].
- largest Hermiticity error: 9.762685837025602e-09.
- maximal number of matvec operations: 51.
-> E_updated = 0.24903832792175165.
=> <H> - E0 = 0.09446331757297344.

DMRGSquared sweep 3 ...
Orthogonality column 0:
- C leg dimensions: [(1, 1, 5, 5), (5, 1, 5, 25), (25, 1, 5, 30), (30, 1, 5, 30), (30, 1, 5, 30), (30, 1, 5, 30), (30, 1, 5, 30), (30, 1, 5, 30), (30, 1, 5, 25), (25, 1, 5, 5), (5, 1, 5, 1)].
- Rh leg dimensions: [(1, 5, 5, 25), (25, 5, 5, 150), (150, 5, 5, 150), (150, 5, 5, 150), (150, 5, 5, 150), (150, 5, 5, 150), (150, 5, 5, 150), (150, 5, 5, 150), (150, 5, 5, 150), (150, 5, 5, 25), (25, 5, 5, 1)].
-> E = <Lh|CC*> + <ALhAL*|CC*|ARhAR*> + <CC*|Rh> = None + None + 0.24903832792176947 = 0.24903832792176947.
- C_updated leg dimensions: [(1, 1, 5, 5), (5, 1, 5, 25), (25, 1, 5, 30), (30, 1, 5, 30), (30, 1, 5, 30), (30, 1, 5, 30), (30, 1, 5, 30), (30, 1, 5, 30), (30, 1, 5, 25), (25, 1, 5, 5), (5, 1, 5, 1)].
- largest Hermiticity error: 4.746166643765105e-09.
- maximal number of matvec operations: 51.
-> E_updated = 0.24903832787765837.
Orthogonality column 1:
- C leg dimensions: [(1, 2, 5, 5), (5, 1, 5, 25), (25, 2, 5, 30), (30, 1, 5, 30), (30, 2, 5, 30), (30, 2, 5, 30), (30, 1, 5, 30), (30, 2, 5, 30), (30, 1, 5, 25), (25, 2, 5, 5), (5, 1, 5, 1)].
- Rh leg dimensions: [(1, 5, 5, 25), (25, 5, 5, 150), (150, 5, 5, 150), (150, 5, 5, 150), (150, 5, 5, 150), (150, 5, 5, 150), (150, 5, 5, 150), (150, 5, 5, 150), (150, 5, 5, 150), (150, 5, 5, 25), (25, 5, 5, 1)].
-> E = <Lh|CC*> + <ALhAL*|CC*|ARhAR*> + <CC*|Rh> = None + 0.3169156453965775 + 0.021795189897717393 = 0.3387108352942949.
- C_updated leg dimensions: [(1, 2, 5, 10), (10, 1, 5, 30), (30, 2, 5, 30), (30, 1, 5, 30), (30, 2, 5, 30), (30, 2, 5, 30), (30, 1, 5, 30), (30, 2, 5, 30), (30, 1, 5, 30), (30, 2, 5, 5), (5, 1, 5, 1)].
- largest Hermiticity error: 6.477632923866608e-09.
- maximal number of matvec operations: 61.
-> E_updated = 0.2749397700601213.
Orthogonality column 2:
- C leg dimensions: [(1, 2, 5, 10), (10, 2, 5, 30), (30, 2, 5, 30), (30, 2, 5, 30), (30, 2, 5, 30), (30, 4, 5, 30), (30, 2, 5, 30), (30, 2, 5, 30), (30, 2, 5, 30), (30, 2, 5, 5), (5, 2, 5, 1)].
- Lh leg dimensions: [(1, 2, 2, 4), (4, 2, 2, 3), (3, 2, 2, 8), (8, 2, 2, 3), (3, 2, 2, 9), (9, 4, 4, 3), (3, 2, 2, 8), (8, 2, 2, 3), (3, 2, 2, 8), (8, 2, 2, 3), (3, 2, 2, 1)].
- Rh leg dimensions: [(1, 5, 5, 25), (25, 5, 5, 150), (150, 5, 5, 150), (150, 5, 5, 150), (150, 5, 5, 150), (150, 5, 5, 150), (150, 5, 5, 150), (150, 5, 5, 150), (150, 5, 5, 150), (150, 5, 5, 25), (25, 5, 5, 1)].
-> E = <Lh|CC*> + <ALhAL*|CC*|ARhAR*> + <CC*|Rh> = 0.3158038935053865 + -0.16708526772523086 + 0.07759744304886107 = 0.22631606882901673.
- C_updated leg dimensions: [(1, 2, 5, 10), (10, 2, 5, 30), (30, 2, 5, 30), (30, 2, 5, 30), (30, 2, 5, 30), (30, 4, 5, 30), (30, 2, 5, 30), (30, 2, 5, 30), (30, 2, 5, 30), (30, 2, 5, 10), (10, 2, 5, 1)].
- largest Hermiticity error: 4.5945043078931716e-09.
- maximal number of matvec operations: 61.
-> E_updated = 0.176929753129208.
Orthogonality column 3:
- C leg dimensions: [(1, 4, 5, 10), (10, 2, 5, 30), (30, 4, 5, 30), (30, 2, 5, 30), (30, 4, 5, 30), (30, 4, 5, 30), (30, 4, 5, 30), (30, 4, 5, 30), (30, 2, 5, 30), (30, 4, 5, 10), (10, 2, 5, 1)].
- Lh leg dimensions: [(1, 4, 4, 8), (8, 2, 2, 29), (29, 4, 4, 8), (8, 2, 2, 29), (29, 4, 4, 13), (13, 4, 4, 80), (80, 4, 4, 8), (8, 4, 4, 29), (29, 2, 2, 8), (8, 4, 4, 4), (4, 2, 2, 1)].
- Rh leg dimensions: [(1, 5, 5, 25), (25, 5, 5, 150), (150, 5, 5, 150), (150, 5, 5, 150), (150, 5, 5, 150), (150, 5, 5, 150), (150, 5, 5, 150), (150, 5, 5, 150), (150, 5, 5, 150), (150, 5, 5, 25), (25, 5, 5, 1)].
-> E = <Lh|CC*> + <ALhAL*|CC*|ARhAR*> + <CC*|Rh> = 0.14117287760619948 + -0.11270006113888761 + 0.13599310251093558 = 0.16446591897824744.
- C_updated leg dimensions: [(1, 4, 5, 20), (20, 2, 5, 30), (30, 4, 5, 30), (30, 2, 5, 30), (30, 4, 5, 30), (30, 4, 5, 30), (30, 4, 5, 30), (30, 4, 5, 30), (30, 2, 5, 30), (30, 4, 5, 10), (10, 2, 5, 1)].
- largest Hermiticity error: 4.793774963615183e-09.
- maximal number of matvec operations: 71.
-> E_updated = 0.12371986027201844.
Orthogonality column 4:
- C leg dimensions: [(1, 4, 5, 20), (20, 4, 5, 30), (30, 4, 5, 30), (30, 4, 5, 30), (30, 5, 5, 30), (30, 5, 5, 30), (30, 5, 5, 30), (30, 5, 5, 30), (30, 4, 5, 30), (30, 4, 5, 10), (10, 4, 5, 1)].
- Lh leg dimensions: [(1, 4, 4, 16), (16, 4, 4, 32), (32, 4, 4, 150), (150, 4, 4, 33), (33, 5, 5, 150), (150, 5, 5, 80), (80, 5, 5, 150), (150, 5, 5, 32), (32, 4, 4, 80), (80, 4, 4, 9), (9, 4, 4, 1)].
- Rh leg dimensions: [(1, 5, 5, 25), (25, 5, 5, 150), (150, 5, 5, 150), (150, 5, 5, 150), (150, 5, 5, 150), (150, 5, 5, 150), (150, 5, 5, 150), (150, 5, 5, 150), (150, 5, 5, 150), (150, 5, 5, 25), (25, 5, 5, 1)].
-> E = <Lh|CC*> + <ALhAL*|CC*|ARhAR*> + <CC*|Rh> = 0.02444987507403572 + -0.08582366111106912 + 0.14471769666883105 = 0.08334391063179765.
- C_updated leg dimensions: [(1, 4, 5, 20), (20, 4, 5, 30), (30, 4, 5, 30), (30, 4, 5, 30), (30, 5, 5, 30), (30, 5, 5, 30), (30, 5, 5, 30), (30, 5, 5, 30), (30, 4, 5, 30), (30, 4, 5, 20), (20, 4, 5, 1)].
- largest Hermiticity error: 3.7040097004936145e-09.
- maximal number of matvec operations: 71.
-> E_updated = 0.04389520805700886.
Orthogonality column 5:
- C leg dimensions: [(1, 5, 5, 20), (20, 5, 5, 30), (30, 5, 5, 30), (30, 5, 5, 30), (30, 5, 5, 30), (30, 5, 5, 30), (30, 5, 5, 30), (30, 5, 5, 30), (30, 5, 5, 30), (30, 5, 5, 25), (25, 5, 5, 1)].
- Lh leg dimensions: [(1, 5, 5, 24), (24, 5, 5, 150), (150, 5, 5, 150), (150, 5, 5, 150), (150, 5, 5, 150), (150, 5, 5, 150), (150, 5, 5, 150), (150, 5, 5, 150), (150, 5, 5, 97), (97, 5, 5, 25), (25, 5, 5, 1)].
- Rh leg dimensions: [(1, 5, 5, 25), (25, 5, 5, 150), (150, 5, 5, 150), (150, 5, 5, 150), (150, 5, 5, 150), (150, 5, 5, 150), (150, 5, 5, 150), (150, 5, 5, 150), (150, 5, 5, 150), (150, 5, 5, 25), (25, 5, 5, 1)].
-> E = <Lh|CC*> + <ALhAL*|CC*|ARhAR*> + <CC*|Rh> = -0.06060170834347802 + -0.07376638815826156 + 0.18662527635683232 = 0.052257179855092734.
- C_updated leg dimensions: [(1, 5, 5, 25), (25, 5, 5, 30), (30, 5, 5, 30), (30, 5, 5, 30), (30, 5, 5, 30), (30, 5, 5, 30), (30, 5, 5, 30), (30, 5, 5, 30), (30, 5, 5, 30), (30, 5, 5, 25), (25, 5, 5, 1)].
- largest Hermiticity error: 5.256508626329179e-09.
- maximal number of matvec operations: 81.
-> E_updated = 0.029322227442523444.
Orthogonality column 6:
- C leg dimensions: [(1, 5, 5, 25), (25, 5, 5, 30), (30, 5, 5, 30), (30, 5, 5, 30), (30, 5, 5, 30), (30, 5, 5, 30), (30, 5, 5, 30), (30, 5, 5, 30), (30, 5, 5, 30), (30, 5, 5, 25), (25, 5, 5, 1)].
- Lh leg dimensions: [(1, 5, 5, 25), (25, 5, 5, 150), (150, 5, 5, 150), (150, 5, 5, 150), (150, 5, 5, 150), (150, 5, 5, 150), (150, 5, 5, 150), (150, 5, 5, 150), (150, 5, 5, 150), (150, 5, 5, 25), (25, 5, 5, 1)].
- Rh leg dimensions: [(1, 5, 5, 25), (25, 5, 5, 150), (150, 5, 5, 150), (150, 5, 5, 150), (150, 5, 5, 150), (150, 5, 5, 150), (150, 5, 5, 150), (150, 5, 5, 150), (150, 5, 5, 150), (150, 5, 5, 25), (25, 5, 5, 1)].
-> E = <Lh|CC*> + <ALhAL*|CC*|ARhAR*> + <CC*|Rh> = -0.1300582279743334 + -0.07637514133908996 + 0.23505276882825102 = 0.02861939951482767.
- C_updated leg dimensions: [(1, 5, 5, 25), (25, 5, 5, 30), (30, 5, 5, 30), (30, 5, 5, 30), (30, 5, 5, 30), (30, 5, 5, 30), (30, 5, 5, 30), (30, 5, 5, 30), (30, 5, 5, 30), (30, 5, 5, 25), (25, 5, 5, 1)].
- largest Hermiticity error: 1.4406376447237056e-10.
- maximal number of matvec operations: 81.
-> E_updated = 0.011668509671254261.
Orthogonality column 7:
- C leg dimensions: [(1, 5, 5, 25), (25, 5, 5, 30), (30, 5, 5, 30), (30, 5, 5, 30), (30, 5, 5, 30), (30, 5, 5, 30), (30, 5, 5, 30), (30, 5, 5, 30), (30, 5, 5, 30), (30, 5, 5, 25), (25, 5, 5, 1)].
- Lh leg dimensions: [(1, 5, 5, 25), (25, 5, 5, 150), (150, 5, 5, 150), (150, 5, 5, 150), (150, 5, 5, 150), (150, 5, 5, 150), (150, 5, 5, 150), (150, 5, 5, 150), (150, 5, 5, 150), (150, 5, 5, 25), (25, 5, 5, 1)].
- Rh leg dimensions: [(1, 5, 5, 25), (25, 5, 5, 96), (96, 5, 5, 150), (150, 5, 5, 150), (150, 5, 5, 150), (150, 5, 5, 150), (150, 5, 5, 150), (150, 5, 5, 150), (150, 5, 5, 150), (150, 5, 5, 24), (24, 5, 5, 1)].
-> E = <Lh|CC*> + <ALhAL*|CC*|ARhAR*> + <CC*|Rh> = -0.18648422366800474 + -0.07277932049480323 + 0.31213368068823444 = 0.05287013652542649.
- C_updated leg dimensions: [(1, 5, 5, 25), (25, 5, 5, 30), (30, 5, 5, 30), (30, 5, 5, 30), (30, 5, 5, 30), (30, 5, 5, 30), (30, 5, 5, 30), (30, 5, 5, 30), (30, 5, 5, 30), (30, 5, 5, 25), (25, 5, 5, 1)].
- largest Hermiticity error: 5.479905125818027e-11.
- maximal number of matvec operations: 81.
-> E_updated = 0.03875042539484689.
Orthogonality column 8:
- C leg dimensions: [(1, 5, 4, 20), (20, 5, 4, 30), (30, 5, 4, 30), (30, 5, 5, 30), (30, 5, 5, 30), (30, 5, 5, 30), (30, 5, 5, 30), (30, 5, 4, 30), (30, 5, 4, 30), (30, 5, 4, 25), (25, 5, 4, 1)].
- Lh leg dimensions: [(1, 5, 5, 25), (25, 5, 5, 150), (150, 5, 5, 150), (150, 5, 5, 150), (150, 5, 5, 150), (150, 5, 5, 150), (150, 5, 5, 150), (150, 5, 5, 150), (150, 5, 5, 150), (150, 5, 5, 25), (25, 5, 5, 1)].
- Rh leg dimensions: [(1, 4, 4, 9), (9, 4, 4, 80), (80, 4, 4, 32), (32, 5, 5, 150), (150, 5, 5, 81), (81, 5, 5, 150), (150, 5, 5, 33), (33, 4, 4, 150), (150, 4, 4, 32), (32, 4, 4, 16), (16, 4, 4, 1)].
-> E = <Lh|CC*> + <ALhAL*|CC*|ARhAR*> + <CC*|Rh> = -0.236123030488952 + -0.07693210678429312 + 0.3801484853591952 = 0.06709334808595008.
- C_updated leg dimensions: [(1, 5, 4, 20), (20, 5, 4, 30), (30, 5, 4, 30), (30, 5, 5, 30), (30, 5, 5, 30), (30, 5, 5, 30), (30, 5, 5, 30), (30, 5, 4, 30), (30, 5, 4, 30), (30, 5, 4, 20), (20, 5, 4, 1)].
- largest Hermiticity error: 2.293750373180784e-09.
- maximal number of matvec operations: 81.
-> E_updated = 0.04546411716414746.
Orthogonality column 9:
- C leg dimensions: [(1, 5, 2, 20), (20, 5, 4, 30), (30, 5, 2, 30), (30, 5, 4, 30), (30, 5, 4, 30), (30, 5, 4, 30), (30, 5, 4, 30), (30, 5, 2, 30), (30, 5, 4, 30), (30, 5, 2, 20), (20, 5, 4, 1)].
- Lh leg dimensions: [(1, 5, 5, 25), (25, 5, 5, 150), (150, 5, 5, 150), (150, 5, 5, 150), (150, 5, 5, 150), (150, 5, 5, 150), (150, 5, 5, 150), (150, 5, 5, 150), (150, 5, 5, 150), (150, 5, 5, 25), (25, 5, 5, 1)].
- Rh leg dimensions: [(1, 2, 2, 4), (4, 4, 4, 8), (8, 2, 2, 29), (29, 4, 4, 8), (8, 4, 4, 80), (80, 4, 4, 13), (13, 4, 4, 29), (29, 2, 2, 8), (8, 4, 4, 29), (29, 2, 2, 8), (8, 4, 4, 1)].
-> E = <Lh|CC*> + <ALhAL*|CC*|ARhAR*> + <CC*|Rh> = -0.22804237271153566 + -0.07896336667250409 + 0.4587648932031813 = 0.15175915381914157.
- C_updated leg dimensions: [(1, 5, 2, 10), (10, 5, 4, 30), (30, 5, 2, 30), (30, 5, 4, 30), (30, 5, 4, 30), (30, 5, 4, 30), (30, 5, 4, 30), (30, 5, 2, 30), (30, 5, 4, 30), (30, 5, 2, 20), (20, 5, 4, 1)].
- largest Hermiticity error: 2.1408557324096816e-08.
- maximal number of matvec operations: 71.
-> E_updated = 0.12827368793264973.
Orthogonality column 10:
- C leg dimensions: [(1, 5, 2, 10), (10, 5, 2, 30), (30, 5, 2, 30), (30, 5, 2, 30), (30, 5, 2, 30), (30, 5, 4, 30), (30, 5, 2, 30), (30, 5, 2, 30), (30, 5, 2, 30), (30, 5, 2, 20), (20, 5, 2, 1)].
- Lh leg dimensions: [(1, 5, 5, 25), (25, 5, 5, 150), (150, 5, 5, 150), (150, 5, 5, 150), (150, 5, 5, 150), (150, 5, 5, 150), (150, 5, 5, 150), (150, 5, 5, 150), (150, 5, 5, 150), (150, 5, 5, 25), (25, 5, 5, 1)].
- Rh leg dimensions: [(1, 2, 2, 3), (3, 2, 2, 8), (8, 2, 2, 3), (3, 2, 2, 8), (8, 2, 2, 3), (3, 4, 4, 9), (9, 2, 2, 3), (3, 2, 2, 8), (8, 2, 2, 3), (3, 2, 2, 4), (4, 2, 2, 1)].
-> E = <Lh|CC*> + <ALhAL*|CC*|ARhAR*> + <CC*|Rh> = -0.2599534862016643 + -0.09913153737017383 + 0.5595867178876677 = 0.20050169431582954.
- C_updated leg dimensions: [(1, 5, 2, 10), (10, 5, 2, 30), (30, 5, 2, 30), (30, 5, 2, 30), (30, 5, 2, 30), (30, 5, 4, 30), (30, 5, 2, 30), (30, 5, 2, 30), (30, 5, 2, 30), (30, 5, 2, 10), (10, 5, 2, 1)].
- largest Hermiticity error: 1.741706469707955e-08.
- maximal number of matvec operations: 71.
-> E_updated = 0.15588755452566258.
Orthogonality column 11:
- C leg dimensions: [(1, 5, 1, 10), (10, 5, 2, 30), (30, 5, 1, 30), (30, 5, 2, 30), (30, 5, 1, 30), (30, 5, 2, 30), (30, 5, 2, 30), (30, 5, 1, 30), (30, 5, 2, 30), (30, 5, 1, 10), (10, 5, 2, 1)].
- Lh leg dimensions: [(1, 5, 5, 25), (25, 5, 5, 150), (150, 5, 5, 150), (150, 5, 5, 150), (150, 5, 5, 150), (150, 5, 5, 150), (150, 5, 5, 150), (150, 5, 5, 150), (150, 5, 5, 150), (150, 5, 5, 25), (25, 5, 5, 1)].
-> E = <Lh|CC*> + <ALhAL*|CC*|ARhAR*> + <CC*|Rh> = -0.3005205287543464 + 0.5601749698791492 + None = 0.25965444112480274.
- C_updated leg dimensions: [(1, 5, 1, 5), (5, 5, 2, 30), (30, 5, 1, 30), (30, 5, 2, 30), (30, 5, 1, 30), (30, 5, 2, 30), (30, 5, 2, 30), (30, 5, 1, 30), (30, 5, 2, 30), (30, 5, 1, 10), (10, 5, 2, 1)].
- largest Hermiticity error: 1.3041430885836199e-08.
- maximal number of matvec operations: 61.
-> E_updated = 0.22030643626483354.
Orthogonality column 12:
- C leg dimensions: [(1, 5, 1, 5), (5, 5, 1, 25), (25, 5, 1, 30), (30, 5, 1, 30), (30, 5, 1, 30), (30, 5, 1, 30), (30, 5, 1, 30), (30, 5, 1, 30), (30, 5, 1, 30), (30, 5, 1, 10), (10, 5, 1, 1)].
- Lh leg dimensions: [(1, 5, 5, 25), (25, 5, 5, 150), (150, 5, 5, 150), (150, 5, 5, 150), (150, 5, 5, 150), (150, 5, 5, 150), (150, 5, 5, 150), (150, 5, 5, 150), (150, 5, 5, 150), (150, 5, 5, 25), (25, 5, 5, 1)].
-> E = <Lh|CC*> + <ALhAL*|CC*|ARhAR*> + <CC*|Rh> = 0.2936578229815548 + None + None = 0.2936578229815548.
- C_updated leg dimensions: [(1, 5, 1, 5), (5, 5, 1, 25), (25, 5, 1, 30), (30, 5, 1, 30), (30, 5, 1, 30), (30, 5, 1, 30), (30, 5, 1, 30), (30, 5, 1, 30), (30, 5, 1, 25), (25, 5, 1, 5), (5, 5, 1, 1)].
- largest Hermiticity error: 4.064244029883724e-06.
- maximal number of matvec operations: 51.
-> E_updated = 0.2386223795262827.
Orthogonality column 11:
- C leg dimensions: [(1, 5, 1, 5), (5, 5, 2, 25), (25, 5, 1, 30), (30, 5, 2, 30), (30, 5, 1, 30), (30, 5, 2, 30), (30, 5, 2, 30), (30, 5, 1, 30), (30, 5, 2, 25), (25, 5, 1, 5), (5, 5, 2, 1)].
- Lh leg dimensions: [(1, 5, 5, 25), (25, 5, 5, 150), (150, 5, 5, 150), (150, 5, 5, 150), (150, 5, 5, 150), (150, 5, 5, 150), (150, 5, 5, 150), (150, 5, 5, 150), (150, 5, 5, 150), (150, 5, 5, 25), (25, 5, 5, 1)].
-> E = <Lh|CC*> + <ALhAL*|CC*|ARhAR*> + <CC*|Rh> = -0.2809069540354854 + 0.5628790172343073 + None = 0.28197206319882195.
- C_updated leg dimensions: [(1, 5, 1, 5), (5, 5, 2, 30), (30, 5, 1, 30), (30, 5, 2, 30), (30, 5, 1, 30), (30, 5, 2, 30), (30, 5, 2, 30), (30, 5, 1, 30), (30, 5, 2, 30), (30, 5, 1, 10), (10, 5, 2, 1)].
- largest Hermiticity error: 1.1656845068381001e-08.
- maximal number of matvec operations: 61.
-> E_updated = 0.22030644098573127.
Orthogonality column 10:
- C leg dimensions: [(1, 5, 2, 5), (5, 5, 2, 30), (30, 5, 2, 30), (30, 5, 2, 30), (30, 5, 2, 30), (30, 5, 4, 30), (30, 5, 2, 30), (30, 5, 2, 30), (30, 5, 2, 30), (30, 5, 2, 10), (10, 5, 2, 1)].
- Lh leg dimensions: [(1, 5, 5, 25), (25, 5, 5, 150), (150, 5, 5, 150), (150, 5, 5, 150), (150, 5, 5, 150), (150, 5, 5, 150), (150, 5, 5, 150), (150, 5, 5, 150), (150, 5, 5, 150), (150, 5, 5, 25), (25, 5, 5, 1)].
- Rh leg dimensions: [(1, 2, 2, 3), (3, 2, 2, 8), (8, 2, 2, 3), (3, 2, 2, 8), (8, 2, 2, 3), (3, 4, 4, 9), (9, 2, 2, 3), (3, 2, 2, 8), (8, 2, 2, 3), (3, 2, 2, 4), (4, 2, 2, 1)].
-> E = <Lh|CC*> + <ALhAL*|CC*|ARhAR*> + <CC*|Rh> = -0.2584877547526779 + -0.09673851953678875 + 0.5593152377307143 = 0.20408896344124772.
- C_updated leg dimensions: [(1, 5, 2, 10), (10, 5, 2, 30), (30, 5, 2, 30), (30, 5, 2, 30), (30, 5, 2, 30), (30, 5, 4, 30), (30, 5, 2, 30), (30, 5, 2, 30), (30, 5, 2, 30), (30, 5, 2, 10), (10, 5, 2, 1)].
- largest Hermiticity error: 1.6687137931941168e-08.
- maximal number of matvec operations: 71.
-> E_updated = 0.15590006894927008.
Orthogonality column 9:
- C leg dimensions: [(1, 5, 2, 10), (10, 5, 4, 30), (30, 5, 2, 30), (30, 5, 4, 30), (30, 5, 4, 30), (30, 5, 4, 30), (30, 5, 4, 30), (30, 5, 2, 30), (30, 5, 4, 30), (30, 5, 2, 10), (10, 5, 4, 1)].
- Lh leg dimensions: [(1, 5, 5, 25), (25, 5, 5, 150), (150, 5, 5, 150), (150, 5, 5, 150), (150, 5, 5, 150), (150, 5, 5, 150), (150, 5, 5, 150), (150, 5, 5, 150), (150, 5, 5, 150), (150, 5, 5, 25), (25, 5, 5, 1)].
- Rh leg dimensions: [(1, 2, 2, 4), (4, 4, 4, 8), (8, 2, 2, 29), (29, 4, 4, 8), (8, 4, 4, 80), (80, 4, 4, 13), (13, 4, 4, 29), (29, 2, 2, 8), (8, 4, 4, 29), (29, 2, 2, 8), (8, 4, 4, 1)].
-> E = <Lh|CC*> + <ALhAL*|CC*|ARhAR*> + <CC*|Rh> = -0.20545942595619435 + -0.07239429853844714 + 0.4585301260666096 = 0.18067640157196807.
- C_updated leg dimensions: [(1, 5, 2, 10), (10, 5, 4, 30), (30, 5, 2, 30), (30, 5, 4, 30), (30, 5, 4, 30), (30, 5, 4, 30), (30, 5, 4, 30), (30, 5, 2, 30), (30, 5, 4, 30), (30, 5, 2, 20), (20, 5, 4, 1)].
- largest Hermiticity error: 3.461638679596932e-08.
- maximal number of matvec operations: 71.
-> E_updated = 0.1283191883145318.
Orthogonality column 8:
- C leg dimensions: [(1, 5, 4, 10), (10, 5, 4, 30), (30, 5, 4, 30), (30, 5, 5, 30), (30, 5, 5, 30), (30, 5, 5, 30), (30, 5, 5, 30), (30, 5, 4, 30), (30, 5, 4, 30), (30, 5, 4, 20), (20, 5, 4, 1)].
- Lh leg dimensions: [(1, 5, 5, 25), (25, 5, 5, 150), (150, 5, 5, 150), (150, 5, 5, 150), (150, 5, 5, 150), (150, 5, 5, 150), (150, 5, 5, 150), (150, 5, 5, 150), (150, 5, 5, 150), (150, 5, 5, 25), (25, 5, 5, 1)].
- Rh leg dimensions: [(1, 4, 4, 9), (9, 4, 4, 80), (80, 4, 4, 32), (32, 5, 5, 150), (150, 5, 5, 80), (80, 5, 5, 150), (150, 5, 5, 32), (32, 4, 4, 150), (150, 4, 4, 32), (32, 4, 4, 16), (16, 4, 4, 1)].
-> E = <Lh|CC*> + <ALhAL*|CC*|ARhAR*> + <CC*|Rh> = -0.2320519524076398 + -0.0715076490831984 + 0.3787493582002208 = 0.07518975670938266.
- C_updated leg dimensions: [(1, 5, 4, 20), (20, 5, 4, 30), (30, 5, 4, 30), (30, 5, 5, 30), (30, 5, 5, 30), (30, 5, 5, 30), (30, 5, 5, 30), (30, 5, 4, 30), (30, 5, 4, 30), (30, 5, 4, 20), (20, 5, 4, 1)].
- largest Hermiticity error: 1.0679258054521742e-09.
- maximal number of matvec operations: 71.
-> E_updated = 0.045549282709264144.
Orthogonality column 7:
- C leg dimensions: [(1, 5, 5, 25), (25, 5, 5, 30), (30, 5, 5, 30), (30, 5, 5, 30), (30, 5, 5, 30), (30, 5, 5, 30), (30, 5, 5, 30), (30, 5, 5, 30), (30, 5, 5, 30), (30, 5, 5, 20), (20, 5, 5, 1)].
- Lh leg dimensions: [(1, 5, 5, 25), (25, 5, 5, 150), (150, 5, 5, 150), (150, 5, 5, 150), (150, 5, 5, 150), (150, 5, 5, 150), (150, 5, 5, 150), (150, 5, 5, 150), (150, 5, 5, 150), (150, 5, 5, 25), (25, 5, 5, 1)].
- Rh leg dimensions: [(1, 5, 5, 25), (25, 5, 5, 96), (96, 5, 5, 150), (150, 5, 5, 150), (150, 5, 5, 150), (150, 5, 5, 150), (150, 5, 5, 150), (150, 5, 5, 150), (150, 5, 5, 150), (150, 5, 5, 24), (24, 5, 5, 1)].
-> E = <Lh|CC*> + <ALhAL*|CC*|ARhAR*> + <CC*|Rh> = -0.17332392617578254 + -0.07392718437328577 + 0.3104707553773644 = 0.06321964482829609.
- C_updated leg dimensions: [(1, 5, 5, 25), (25, 5, 5, 30), (30, 5, 5, 30), (30, 5, 5, 30), (30, 5, 5, 30), (30, 5, 5, 30), (30, 5, 5, 30), (30, 5, 5, 30), (30, 5, 5, 30), (30, 5, 5, 25), (25, 5, 5, 1)].
- largest Hermiticity error: 6.340001609458441e-11.
- maximal number of matvec operations: 81.
-> E_updated = 0.03850682896974018.
Orthogonality column 6:
- C leg dimensions: [(1, 5, 5, 25), (25, 5, 5, 30), (30, 5, 5, 30), (30, 5, 5, 30), (30, 5, 5, 30), (30, 5, 5, 30), (30, 5, 5, 30), (30, 5, 5, 30), (30, 5, 5, 30), (30, 5, 5, 25), (25, 5, 5, 1)].
- Lh leg dimensions: [(1, 5, 5, 25), (25, 5, 5, 150), (150, 5, 5, 150), (150, 5, 5, 150), (150, 5, 5, 150), (150, 5, 5, 150), (150, 5, 5, 150), (150, 5, 5, 150), (150, 5, 5, 150), (150, 5, 5, 25), (25, 5, 5, 1)].
- Rh leg dimensions: [(1, 5, 5, 25), (25, 5, 5, 150), (150, 5, 5, 150), (150, 5, 5, 150), (150, 5, 5, 150), (150, 5, 5, 150), (150, 5, 5, 150), (150, 5, 5, 150), (150, 5, 5, 150), (150, 5, 5, 25), (25, 5, 5, 1)].
-> E = <Lh|CC*> + <ALhAL*|CC*|ARhAR*> + <CC*|Rh> = -0.12661738477937406 + -0.07332929035835199 + 0.23630064773832263 = 0.03635397260059656.
- C_updated leg dimensions: [(1, 5, 5, 25), (25, 5, 5, 30), (30, 5, 5, 30), (30, 5, 5, 30), (30, 5, 5, 30), (30, 5, 5, 30), (30, 5, 5, 30), (30, 5, 5, 30), (30, 5, 5, 30), (30, 5, 5, 25), (25, 5, 5, 1)].
- largest Hermiticity error: 9.15016564901186e-12.
- maximal number of matvec operations: 81.
-> E_updated = 0.02011686522524113.
Orthogonality column 5:
- C leg dimensions: [(1, 5, 5, 25), (25, 5, 5, 30), (30, 5, 5, 30), (30, 5, 5, 30), (30, 5, 5, 30), (30, 5, 5, 30), (30, 5, 5, 30), (30, 5, 5, 30), (30, 5, 5, 30), (30, 5, 5, 25), (25, 5, 5, 1)].
- Lh leg dimensions: [(1, 5, 5, 24), (24, 5, 5, 150), (150, 5, 5, 150), (150, 5, 5, 150), (150, 5, 5, 150), (150, 5, 5, 150), (150, 5, 5, 150), (150, 5, 5, 150), (150, 5, 5, 97), (97, 5, 5, 25), (25, 5, 5, 1)].
- Rh leg dimensions: [(1, 5, 5, 25), (25, 5, 5, 150), (150, 5, 5, 150), (150, 5, 5, 150), (150, 5, 5, 150), (150, 5, 5, 150), (150, 5, 5, 150), (150, 5, 5, 150), (150, 5, 5, 150), (150, 5, 5, 25), (25, 5, 5, 1)].
-> E = <Lh|CC*> + <ALhAL*|CC*|ARhAR*> + <CC*|Rh> = -0.05848846513838926 + -0.07835217823877796 + 0.18760683488195856 = 0.050766191504791336.
- C_updated leg dimensions: [(1, 5, 5, 25), (25, 5, 5, 30), (30, 5, 5, 30), (30, 5, 5, 30), (30, 5, 5, 30), (30, 5, 5, 30), (30, 5, 5, 30), (30, 5, 5, 30), (30, 5, 5, 30), (30, 5, 5, 25), (25, 5, 5, 1)].
- largest Hermiticity error: 2.022188123128405e-09.
- maximal number of matvec operations: 71.
-> E_updated = 0.032928342115407724.
Orthogonality column 4:
- C leg dimensions: [(1, 4, 5, 20), (20, 4, 5, 30), (30, 4, 5, 30), (30, 4, 5, 30), (30, 5, 5, 30), (30, 5, 5, 30), (30, 5, 5, 30), (30, 5, 5, 30), (30, 4, 5, 30), (30, 4, 5, 20), (20, 4, 5, 1)].
- Lh leg dimensions: [(1, 4, 4, 16), (16, 4, 4, 32), (32, 4, 4, 150), (150, 4, 4, 33), (33, 5, 5, 150), (150, 5, 5, 80), (80, 5, 5, 150), (150, 5, 5, 32), (32, 4, 4, 80), (80, 4, 4, 9), (9, 4, 4, 1)].
- Rh leg dimensions: [(1, 5, 5, 25), (25, 5, 5, 150), (150, 5, 5, 150), (150, 5, 5, 150), (150, 5, 5, 150), (150, 5, 5, 150), (150, 5, 5, 150), (150, 5, 5, 150), (150, 5, 5, 150), (150, 5, 5, 25), (25, 5, 5, 1)].
-> E = <Lh|CC*> + <ALhAL*|CC*|ARhAR*> + <CC*|Rh> = 0.025573516374171705 + -0.08927550012532842 + 0.1681966278663176 = 0.10449464411516088.
- C_updated leg dimensions: [(1, 4, 5, 20), (20, 4, 5, 30), (30, 4, 5, 30), (30, 4, 5, 30), (30, 5, 5, 30), (30, 5, 5, 30), (30, 5, 5, 30), (30, 5, 5, 30), (30, 4, 5, 30), (30, 4, 5, 20), (20, 4, 5, 1)].
- largest Hermiticity error: 8.694375989187729e-10.
- maximal number of matvec operations: 71.
-> E_updated = 0.08105736623067059.
Orthogonality column 3:
- C leg dimensions: [(1, 4, 5, 20), (20, 2, 5, 30), (30, 4, 5, 30), (30, 2, 5, 30), (30, 4, 5, 30), (30, 4, 5, 30), (30, 4, 5, 30), (30, 4, 5, 30), (30, 2, 5, 30), (30, 4, 5, 10), (10, 2, 5, 1)].
- Lh leg dimensions: [(1, 4, 4, 8), (8, 2, 2, 29), (29, 4, 4, 8), (8, 2, 2, 29), (29, 4, 4, 13), (13, 4, 4, 80), (80, 4, 4, 8), (8, 4, 4, 29), (29, 2, 2, 8), (8, 4, 4, 4), (4, 2, 2, 1)].
- Rh leg dimensions: [(1, 5, 5, 25), (25, 5, 5, 150), (150, 5, 5, 150), (150, 5, 5, 150), (150, 5, 5, 150), (150, 5, 5, 150), (150, 5, 5, 150), (150, 5, 5, 150), (150, 5, 5, 150), (150, 5, 5, 25), (25, 5, 5, 1)].
-> E = <Lh|CC*> + <ALhAL*|CC*|ARhAR*> + <CC*|Rh> = 0.13884269666751844 + -0.11394151864998395 + 0.13743658834577727 = 0.16233776636331176.
- C_updated leg dimensions: [(1, 4, 5, 20), (20, 2, 5, 30), (30, 4, 5, 30), (30, 2, 5, 30), (30, 4, 5, 30), (30, 4, 5, 30), (30, 4, 5, 30), (30, 4, 5, 30), (30, 2, 5, 30), (30, 4, 5, 10), (10, 2, 5, 1)].
- largest Hermiticity error: 4.03932804355403e-09.
- maximal number of matvec operations: 71.
-> E_updated = 0.12790345533428277.
Orthogonality column 2:
- C leg dimensions: [(1, 2, 5, 10), (10, 2, 5, 30), (30, 2, 5, 30), (30, 2, 5, 30), (30, 2, 5, 30), (30, 4, 5, 30), (30, 2, 5, 30), (30, 2, 5, 30), (30, 2, 5, 30), (30, 2, 5, 10), (10, 2, 5, 1)].
- Lh leg dimensions: [(1, 2, 2, 4), (4, 2, 2, 3), (3, 2, 2, 8), (8, 2, 2, 3), (3, 2, 2, 9), (9, 4, 4, 3), (3, 2, 2, 8), (8, 2, 2, 3), (3, 2, 2, 8), (8, 2, 2, 3), (3, 2, 2, 1)].
- Rh leg dimensions: [(1, 5, 5, 25), (25, 5, 5, 150), (150, 5, 5, 150), (150, 5, 5, 150), (150, 5, 5, 150), (150, 5, 5, 150), (150, 5, 5, 150), (150, 5, 5, 150), (150, 5, 5, 150), (150, 5, 5, 25), (25, 5, 5, 1)].
-> E = <Lh|CC*> + <ALhAL*|CC*|ARhAR*> + <CC*|Rh> = 0.31568933287147943 + -0.17627317344389384 + 0.12974857582905852 = 0.2691647352566441.
- C_updated leg dimensions: [(1, 2, 5, 10), (10, 2, 5, 30), (30, 2, 5, 30), (30, 2, 5, 30), (30, 2, 5, 30), (30, 4, 5, 30), (30, 2, 5, 30), (30, 2, 5, 30), (30, 2, 5, 30), (30, 2, 5, 10), (10, 2, 5, 1)].
- largest Hermiticity error: 3.4954573271642443e-09.
- maximal number of matvec operations: 61.
-> E_updated = 0.22805577945092204.
Orthogonality column 1:
- C leg dimensions: [(1, 2, 5, 10), (10, 1, 5, 30), (30, 2, 5, 30), (30, 1, 5, 30), (30, 2, 5, 30), (30, 2, 5, 30), (30, 1, 5, 30), (30, 2, 5, 30), (30, 1, 5, 30), (30, 2, 5, 5), (5, 1, 5, 1)].
- Rh leg dimensions: [(1, 5, 5, 25), (25, 5, 5, 150), (150, 5, 5, 150), (150, 5, 5, 150), (150, 5, 5, 150), (150, 5, 5, 150), (150, 5, 5, 150), (150, 5, 5, 150), (150, 5, 5, 150), (150, 5, 5, 25), (25, 5, 5, 1)].
-> E = <Lh|CC*> + <ALhAL*|CC*|ARhAR*> + <CC*|Rh> = None + 0.31720415802865237 + 0.06075085676966423 = 0.3779550147983166.
- C_updated leg dimensions: [(1, 2, 5, 10), (10, 1, 5, 30), (30, 2, 5, 30), (30, 1, 5, 30), (30, 2, 5, 30), (30, 2, 5, 30), (30, 1, 5, 30), (30, 2, 5, 30), (30, 1, 5, 30), (30, 2, 5, 5), (5, 1, 5, 1)].
- largest Hermiticity error: 3.553836810190211e-08.
- maximal number of matvec operations: 61.
-> E_updated = 0.3271341275694597.
Orthogonality column 0:
- C leg dimensions: [(1, 1, 5, 5), (5, 1, 5, 25), (25, 1, 5, 30), (30, 1, 5, 30), (30, 1, 5, 30), (30, 1, 5, 30), (30, 1, 5, 30), (30, 1, 5, 30), (30, 1, 5, 30), (30, 1, 5, 5), (5, 1, 5, 1)].
- Rh leg dimensions: [(1, 5, 5, 25), (25, 5, 5, 150), (150, 5, 5, 150), (150, 5, 5, 150), (150, 5, 5, 150), (150, 5, 5, 150), (150, 5, 5, 150), (150, 5, 5, 150), (150, 5, 5, 150), (150, 5, 5, 25), (25, 5, 5, 1)].
-> E = <Lh|CC*> + <ALhAL*|CC*|ARhAR*> + <CC*|Rh> = None + None + 0.4703246998328897 = 0.4703246998328897.
- C_updated leg dimensions: [(1, 1, 5, 5), (5, 1, 5, 25), (25, 1, 5, 30), (30, 1, 5, 30), (30, 1, 5, 30), (30, 1, 5, 30), (30, 1, 5, 30), (30, 1, 5, 30), (30, 1, 5, 25), (25, 1, 5, 5), (5, 1, 5, 1)].
- largest Hermiticity error: 0.0002509624766999872.
- maximal number of matvec operations: 51.
-> E_updated = 0.4073213304114934.
=> <H> - E0 = 0.1043672547811525.

<H>s - E0 = [0.09774634 0.09446332 0.10436725]
