Lx = 6, Ly = 6, g = 3.0, D_max = 2, chi_max_c = 12, chi_max_b = 24. 

E0_exact = -227.308603832. 

es = [-26.98209988 -17.98476015 -17.99774995 -17.99523284 -18.00175819
 -17.99673046 -17.99829775 -17.99946642 -18.00275761 -18.00555616
 -27.00523869].
E = -215.96964810797758.
E - E0 = 11.338955724022412.
subtract energy E0_exact evenly from all columns.


DMRGSquared sweep 1 ...
Orthogonality column 0:
- C leg dimensions: [(1, 1, 2, 2), (2, 1, 2, 4), (4, 1, 2, 8), (8, 1, 2, 12), (12, 1, 2, 12), (12, 1, 2, 12), (12, 1, 2, 12), (12, 1, 2, 8), (8, 1, 2, 4), (4, 1, 2, 2), (2, 1, 2, 1)].
- Rh leg dimensions: [(1, 2, 2, 4), (4, 2, 2, 16), (16, 2, 2, 24), (24, 2, 2, 24), (24, 2, 2, 24), (24, 2, 2, 24), (24, 2, 2, 24), (24, 2, 2, 24), (24, 2, 2, 16), (16, 2, 2, 4), (4, 2, 2, 1)].
-> E = <Lh|CC*> + <ALhAL*|CC*|ARhAR*> + <CC*|Rh> = None + None + 11.448039822007663 = 11.448039822007663.
- C_updated leg dimensions: [(1, 1, 2, 2), (2, 1, 2, 4), (4, 1, 2, 8), (8, 1, 2, 12), (12, 1, 2, 12), (12, 1, 2, 12), (12, 1, 2, 12), (12, 1, 2, 8), (8, 1, 2, 4), (4, 1, 2, 2), (2, 1, 2, 1)].
- largest Hermiticity error: 2.359628658415011e-08.
- maximal number of matvec operations: 31.
-> E_updated = 11.198124831379193.
Orthogonality column 1:
- C leg dimensions: [(1, 2, 2, 2), (2, 1, 2, 4), (4, 2, 2, 8), (8, 1, 2, 12), (12, 2, 2, 12), (12, 2, 2, 12), (12, 1, 2, 12), (12, 2, 2, 8), (8, 1, 2, 4), (4, 2, 2, 2), (2, 1, 2, 1)].
- Rh leg dimensions: [(1, 2, 2, 4), (4, 2, 2, 16), (16, 2, 2, 24), (24, 2, 2, 24), (24, 2, 2, 24), (24, 2, 2, 24), (24, 2, 2, 24), (24, 2, 2, 24), (24, 2, 2, 16), (16, 2, 2, 4), (4, 2, 2, 1)].
-> E = <Lh|CC*> + <ALhAL*|CC*|ARhAR*> + <CC*|Rh> = None + 1.3393717245260952 + 9.896806399539246 = 11.236178124065342.
- C_updated leg dimensions: [(1, 2, 2, 4), (4, 1, 2, 8), (8, 2, 2, 12), (12, 1, 2, 12), (12, 2, 2, 12), (12, 2, 2, 12), (12, 1, 2, 12), (12, 2, 2, 12), (12, 1, 2, 8), (8, 2, 2, 2), (2, 1, 2, 1)].
- largest Hermiticity error: 3.9513014467912636e-08.
- maximal number of matvec operations: 41.
-> E_updated = 11.02186958681072.
Orthogonality column 2:
- C leg dimensions: [(1, 2, 2, 4), (4, 2, 2, 8), (8, 2, 2, 12), (12, 2, 2, 12), (12, 2, 2, 12), (12, 2, 2, 12), (12, 2, 2, 12), (12, 2, 2, 12), (12, 2, 2, 8), (8, 2, 2, 2), (2, 2, 2, 1)].
- Lh leg dimensions: [(1, 2, 2, 4), (4, 2, 2, 3), (3, 2, 2, 8), (8, 2, 2, 3), (3, 2, 2, 8), (8, 2, 2, 3), (3, 2, 2, 8), (8, 2, 2, 3), (3, 2, 2, 8), (8, 2, 2, 3), (3, 2, 2, 1)].
- Rh leg dimensions: [(1, 2, 2, 4), (4, 2, 2, 16), (16, 2, 2, 24), (24, 2, 2, 24), (24, 2, 2, 24), (24, 2, 2, 24), (24, 2, 2, 24), (24, 2, 2, 24), (24, 2, 2, 16), (16, 2, 2, 4), (4, 2, 2, 1)].
-> E = <Lh|CC*> + <ALhAL*|CC*|ARhAR*> + <CC*|Rh> = 1.0930562343304437 + 0.8934438313051344 + 9.049935898702255 = 11.036435964337834.
- C_updated leg dimensions: [(1, 2, 2, 4), (4, 2, 2, 12), (12, 2, 2, 12), (12, 2, 2, 12), (12, 2, 2, 12), (12, 2, 2, 12), (12, 2, 2, 12), (12, 2, 2, 12), (12, 2, 2, 12), (12, 2, 2, 4), (4, 2, 2, 1)].
- largest Hermiticity error: 1.1963049214699375e-08.
- maximal number of matvec operations: 51.
-> E_updated = 10.151420739708154.
Orthogonality column 3:
- C leg dimensions: [(1, 2, 2, 4), (4, 2, 2, 12), (12, 2, 2, 12), (12, 2, 2, 12), (12, 2, 2, 12), (12, 2, 2, 12), (12, 2, 2, 12), (12, 2, 2, 12), (12, 2, 2, 12), (12, 2, 2, 4), (4, 2, 2, 1)].
- Lh leg dimensions: [(1, 2, 2, 4), (4, 2, 2, 16), (16, 2, 2, 8), (8, 2, 2, 20), (20, 2, 2, 8), (8, 2, 2, 20), (20, 2, 2, 8), (8, 2, 2, 20), (20, 2, 2, 8), (8, 2, 2, 4), (4, 2, 2, 1)].
- Rh leg dimensions: [(1, 2, 2, 4), (4, 2, 2, 16), (16, 2, 2, 24), (24, 2, 2, 24), (24, 2, 2, 24), (24, 2, 2, 24), (24, 2, 2, 24), (24, 2, 2, 24), (24, 2, 2, 16), (16, 2, 2, 4), (4, 2, 2, 1)].
-> E = <Lh|CC*> + <ALhAL*|CC*|ARhAR*> + <CC*|Rh> = 1.14477424668737 + 0.8643964435074143 + 8.125832606609551 = 10.135003296804335.
- C_updated leg dimensions: [(1, 2, 2, 4), (4, 2, 2, 12), (12, 2, 2, 12), (12, 2, 2, 12), (12, 2, 2, 12), (12, 2, 2, 12), (12, 2, 2, 12), (12, 2, 2, 12), (12, 2, 2, 12), (12, 2, 2, 4), (4, 2, 2, 1)].
- largest Hermiticity error: 8.934811619095112e-08.
- maximal number of matvec operations: 51.
-> E_updated = 9.49913220608705.
Orthogonality column 4:
- C leg dimensions: [(1, 2, 2, 4), (4, 2, 2, 12), (12, 2, 2, 12), (12, 2, 2, 12), (12, 2, 2, 12), (12, 2, 2, 12), (12, 2, 2, 12), (12, 2, 2, 12), (12, 2, 2, 12), (12, 2, 2, 4), (4, 2, 2, 1)].
- Lh leg dimensions: [(1, 2, 2, 4), (4, 2, 2, 16), (16, 2, 2, 24), (24, 2, 2, 20), (20, 2, 2, 24), (24, 2, 2, 20), (20, 2, 2, 24), (24, 2, 2, 20), (20, 2, 2, 16), (16, 2, 2, 4), (4, 2, 2, 1)].
- Rh leg dimensions: [(1, 2, 2, 4), (4, 2, 2, 16), (16, 2, 2, 24), (24, 2, 2, 24), (24, 2, 2, 24), (24, 2, 2, 24), (24, 2, 2, 24), (24, 2, 2, 24), (24, 2, 2, 16), (16, 2, 2, 4), (4, 2, 2, 1)].
-> E = <Lh|CC*> + <ALhAL*|CC*|ARhAR*> + <CC*|Rh> = 1.4505121771460279 + 0.9303575536880682 + 7.120525798619136 = 9.501395529453232.
- C_updated leg dimensions: [(1, 2, 2, 4), (4, 2, 2, 12), (12, 2, 2, 12), (12, 2, 2, 12), (12, 2, 2, 12), (12, 2, 2, 12), (12, 2, 2, 12), (12, 2, 2, 12), (12, 2, 2, 12), (12, 2, 2, 4), (4, 2, 2, 1)].
- largest Hermiticity error: 1.65245924315938e-07.
- maximal number of matvec operations: 51.
-> E_updated = 9.22113455735603.
Orthogonality column 5:
- C leg dimensions: [(1, 2, 2, 4), (4, 2, 2, 12), (12, 2, 2, 12), (12, 2, 2, 12), (12, 2, 2, 12), (12, 2, 2, 12), (12, 2, 2, 12), (12, 2, 2, 12), (12, 2, 2, 12), (12, 2, 2, 4), (4, 2, 2, 1)].
- Lh leg dimensions: [(1, 2, 2, 4), (4, 2, 2, 16), (16, 2, 2, 24), (24, 2, 2, 24), (24, 2, 2, 24), (24, 2, 2, 24), (24, 2, 2, 24), (24, 2, 2, 24), (24, 2, 2, 16), (16, 2, 2, 4), (4, 2, 2, 1)].
- Rh leg dimensions: [(1, 2, 2, 4), (4, 2, 2, 16), (16, 2, 2, 24), (24, 2, 2, 24), (24, 2, 2, 24), (24, 2, 2, 24), (24, 2, 2, 24), (24, 2, 2, 24), (24, 2, 2, 16), (16, 2, 2, 4), (4, 2, 2, 1)].
-> E = <Lh|CC*> + <ALhAL*|CC*|ARhAR*> + <CC*|Rh> = 2.184353113471727 + 0.9533615805598444 + 6.150790554805192 = 9.288505248836763.
- C_updated leg dimensions: [(1, 2, 2, 4), (4, 2, 2, 12), (12, 2, 2, 12), (12, 2, 2, 12), (12, 2, 2, 12), (12, 2, 2, 12), (12, 2, 2, 12), (12, 2, 2, 12), (12, 2, 2, 12), (12, 2, 2, 4), (4, 2, 2, 1)].
- largest Hermiticity error: 3.6793787424507185e-07.
- maximal number of matvec operations: 41.
-> E_updated = 9.19216762901067.
Orthogonality column 6:
- C leg dimensions: [(1, 2, 2, 4), (4, 2, 2, 12), (12, 2, 2, 12), (12, 2, 2, 12), (12, 2, 2, 12), (12, 2, 2, 12), (12, 2, 2, 12), (12, 2, 2, 12), (12, 2, 2, 12), (12, 2, 2, 4), (4, 2, 2, 1)].
- Lh leg dimensions: [(1, 2, 2, 4), (4, 2, 2, 16), (16, 2, 2, 24), (24, 2, 2, 24), (24, 2, 2, 24), (24, 2, 2, 24), (24, 2, 2, 24), (24, 2, 2, 24), (24, 2, 2, 16), (16, 2, 2, 4), (4, 2, 2, 1)].
- Rh leg dimensions: [(1, 2, 2, 4), (4, 2, 2, 16), (16, 2, 2, 24), (24, 2, 2, 24), (24, 2, 2, 24), (24, 2, 2, 24), (24, 2, 2, 24), (24, 2, 2, 24), (24, 2, 2, 16), (16, 2, 2, 4), (4, 2, 2, 1)].
-> E = <Lh|CC*> + <ALhAL*|CC*|ARhAR*> + <CC*|Rh> = 3.114601279302471 + 0.9164533204596951 + 5.176545913174866 = 9.207600512937033.
- C_updated leg dimensions: [(1, 2, 2, 4), (4, 2, 2, 12), (12, 2, 2, 12), (12, 2, 2, 12), (12, 2, 2, 12), (12, 2, 2, 12), (12, 2, 2, 12), (12, 2, 2, 12), (12, 2, 2, 12), (12, 2, 2, 4), (4, 2, 2, 1)].
- largest Hermiticity error: 3.592754276796073e-07.
- maximal number of matvec operations: 41.
-> E_updated = 9.115021106032096.
Orthogonality column 7:
- C leg dimensions: [(1, 2, 2, 4), (4, 2, 2, 12), (12, 2, 2, 12), (12, 2, 2, 12), (12, 2, 2, 12), (12, 2, 2, 12), (12, 2, 2, 12), (12, 2, 2, 12), (12, 2, 2, 12), (12, 2, 2, 4), (4, 2, 2, 1)].
- Lh leg dimensions: [(1, 2, 2, 4), (4, 2, 2, 16), (16, 2, 2, 24), (24, 2, 2, 24), (24, 2, 2, 24), (24, 2, 2, 24), (24, 2, 2, 24), (24, 2, 2, 24), (24, 2, 2, 16), (16, 2, 2, 4), (4, 2, 2, 1)].
- Rh leg dimensions: [(1, 2, 2, 4), (4, 2, 2, 16), (16, 2, 2, 24), (24, 2, 2, 24), (24, 2, 2, 24), (24, 2, 2, 24), (24, 2, 2, 24), (24, 2, 2, 24), (24, 2, 2, 16), (16, 2, 2, 4), (4, 2, 2, 1)].
-> E = <Lh|CC*> + <ALhAL*|CC*|ARhAR*> + <CC*|Rh> = 4.037926009199339 + 0.9255297245417349 + 4.220994895080604 = 9.18445062882168.
- C_updated leg dimensions: [(1, 2, 2, 4), (4, 2, 2, 12), (12, 2, 2, 12), (12, 2, 2, 12), (12, 2, 2, 12), (12, 2, 2, 12), (12, 2, 2, 12), (12, 2, 2, 12), (12, 2, 2, 12), (12, 2, 2, 4), (4, 2, 2, 1)].
- largest Hermiticity error: 1.6796669061293356e-06.
- maximal number of matvec operations: 41.
-> E_updated = 8.875134694583975.
Orthogonality column 8:
- C leg dimensions: [(1, 2, 2, 4), (4, 2, 2, 12), (12, 2, 2, 12), (12, 2, 2, 12), (12, 2, 2, 12), (12, 2, 2, 12), (12, 2, 2, 12), (12, 2, 2, 12), (12, 2, 2, 12), (12, 2, 2, 4), (4, 2, 2, 1)].
- Lh leg dimensions: [(1, 2, 2, 4), (4, 2, 2, 16), (16, 2, 2, 24), (24, 2, 2, 24), (24, 2, 2, 24), (24, 2, 2, 24), (24, 2, 2, 24), (24, 2, 2, 24), (24, 2, 2, 16), (16, 2, 2, 4), (4, 2, 2, 1)].
- Rh leg dimensions: [(1, 2, 2, 4), (4, 2, 2, 16), (16, 2, 2, 20), (20, 2, 2, 24), (24, 2, 2, 20), (20, 2, 2, 24), (24, 2, 2, 20), (20, 2, 2, 24), (24, 2, 2, 16), (16, 2, 2, 4), (4, 2, 2, 1)].
-> E = <Lh|CC*> + <ALhAL*|CC*|ARhAR*> + <CC*|Rh> = 4.837865290979432 + 0.8756422148278875 + 3.2794187295841364 = 8.992926235391456.
- C_updated leg dimensions: [(1, 2, 2, 4), (4, 2, 2, 12), (12, 2, 2, 12), (12, 2, 2, 12), (12, 2, 2, 12), (12, 2, 2, 12), (12, 2, 2, 12), (12, 2, 2, 12), (12, 2, 2, 12), (12, 2, 2, 4), (4, 2, 2, 1)].
- largest Hermiticity error: 4.791578421088153e-11.
- maximal number of matvec operations: 41.
-> E_updated = 8.490795778390586.
Orthogonality column 9:
- C leg dimensions: [(1, 2, 2, 4), (4, 2, 2, 12), (12, 2, 2, 12), (12, 2, 2, 12), (12, 2, 2, 12), (12, 2, 2, 12), (12, 2, 2, 12), (12, 2, 2, 12), (12, 2, 2, 12), (12, 2, 2, 4), (4, 2, 2, 1)].
- Lh leg dimensions: [(1, 2, 2, 4), (4, 2, 2, 16), (16, 2, 2, 24), (24, 2, 2, 24), (24, 2, 2, 24), (24, 2, 2, 24), (24, 2, 2, 24), (24, 2, 2, 24), (24, 2, 2, 16), (16, 2, 2, 4), (4, 2, 2, 1)].
- Rh leg dimensions: [(1, 2, 2, 4), (4, 2, 2, 8), (8, 2, 2, 20), (20, 2, 2, 8), (8, 2, 2, 20), (20, 2, 2, 8), (8, 2, 2, 20), (20, 2, 2, 8), (8, 2, 2, 16), (16, 2, 2, 4), (4, 2, 2, 1)].
-> E = <Lh|CC*> + <ALhAL*|CC*|ARhAR*> + <CC*|Rh> = 5.433450851746676 + 0.8384412148586409 + 2.2535510854678975 = 8.525443152073215.
- C_updated leg dimensions: [(1, 2, 2, 4), (4, 2, 2, 12), (12, 2, 2, 12), (12, 2, 2, 12), (12, 2, 2, 12), (12, 2, 2, 12), (12, 2, 2, 12), (12, 2, 2, 12), (12, 2, 2, 12), (12, 2, 2, 4), (4, 2, 2, 1)].
- largest Hermiticity error: 1.806259592995403e-07.
- maximal number of matvec operations: 41.
-> E_updated = 7.741938433211109.
Orthogonality column 10:
- C leg dimensions: [(1, 2, 2, 4), (4, 2, 2, 12), (12, 2, 2, 12), (12, 2, 2, 12), (12, 2, 2, 12), (12, 2, 2, 12), (12, 2, 2, 12), (12, 2, 2, 12), (12, 2, 2, 12), (12, 2, 2, 4), (4, 2, 2, 1)].
- Lh leg dimensions: [(1, 2, 2, 4), (4, 2, 2, 16), (16, 2, 2, 24), (24, 2, 2, 24), (24, 2, 2, 24), (24, 2, 2, 24), (24, 2, 2, 24), (24, 2, 2, 24), (24, 2, 2, 16), (16, 2, 2, 4), (4, 2, 2, 1)].
- Rh leg dimensions: [(1, 2, 2, 3), (3, 2, 2, 8), (8, 2, 2, 3), (3, 2, 2, 8), (8, 2, 2, 3), (3, 2, 2, 8), (8, 2, 2, 3), (3, 2, 2, 8), (8, 2, 2, 3), (3, 2, 2, 4), (4, 2, 2, 1)].
-> E = <Lh|CC*> + <ALhAL*|CC*|ARhAR*> + <CC*|Rh> = 5.880986106366008 + 0.7126436866384205 + 1.205066141256278 = 7.7986959342607065.
- C_updated leg dimensions: [(1, 2, 2, 4), (4, 2, 2, 12), (12, 2, 2, 12), (12, 2, 2, 12), (12, 2, 2, 12), (12, 2, 2, 12), (12, 2, 2, 12), (12, 2, 2, 12), (12, 2, 2, 12), (12, 2, 2, 4), (4, 2, 2, 1)].
- largest Hermiticity error: 7.276699105286191e-08.
- maximal number of matvec operations: 41.
-> E_updated = 6.323441046645462.
Orthogonality column 11:
- C leg dimensions: [(1, 2, 1, 4), (4, 2, 2, 12), (12, 2, 1, 12), (12, 2, 2, 12), (12, 2, 1, 12), (12, 2, 2, 12), (12, 2, 1, 12), (12, 2, 2, 12), (12, 2, 1, 12), (12, 2, 2, 4), (4, 2, 2, 1)].
- Lh leg dimensions: [(1, 2, 2, 4), (4, 2, 2, 16), (16, 2, 2, 24), (24, 2, 2, 24), (24, 2, 2, 24), (24, 2, 2, 24), (24, 2, 2, 24), (24, 2, 2, 24), (24, 2, 2, 16), (16, 2, 2, 4), (4, 2, 2, 1)].
-> E = <Lh|CC*> + <ALhAL*|CC*|ARhAR*> + <CC*|Rh> = 5.9849209617688865 + 0.6349501258526826 + None = 6.619871087621569.
- C_updated leg dimensions: [(1, 2, 1, 2), (2, 2, 2, 8), (8, 2, 1, 12), (12, 2, 2, 12), (12, 2, 1, 12), (12, 2, 2, 12), (12, 2, 1, 12), (12, 2, 2, 12), (12, 2, 1, 12), (12, 2, 2, 4), (4, 2, 2, 1)].
- largest Hermiticity error: 5.929152590161819e-08.
- maximal number of matvec operations: 31.
-> E_updated = 6.440445910628923.
Orthogonality column 12:
- C leg dimensions: [(1, 2, 1, 2), (2, 2, 1, 4), (4, 2, 1, 8), (8, 2, 1, 12), (12, 2, 1, 12), (12, 2, 1, 12), (12, 2, 1, 12), (12, 2, 1, 12), (12, 2, 1, 8), (8, 2, 1, 4), (4, 2, 1, 1)].
- Lh leg dimensions: [(1, 2, 2, 4), (4, 2, 2, 16), (16, 2, 2, 24), (24, 2, 2, 24), (24, 2, 2, 24), (24, 2, 2, 24), (24, 2, 2, 24), (24, 2, 2, 24), (24, 2, 2, 16), (16, 2, 2, 4), (4, 2, 2, 1)].
-> E = <Lh|CC*> + <ALhAL*|CC*|ARhAR*> + <CC*|Rh> = 6.532939702731114 + None + None = 6.532939702731114.
- C_updated leg dimensions: [(1, 2, 1, 2), (2, 2, 1, 4), (4, 2, 1, 8), (8, 2, 1, 12), (12, 2, 1, 12), (12, 2, 1, 12), (12, 2, 1, 12), (12, 2, 1, 8), (8, 2, 1, 4), (4, 2, 1, 2), (2, 2, 1, 1)].
- largest Hermiticity error: 2.3588559699018945e-08.
- maximal number of matvec operations: 31.
-> E_updated = 6.52975571518953.
Orthogonality column 11:
- C leg dimensions: [(1, 2, 1, 2), (2, 2, 2, 4), (4, 2, 1, 8), (8, 2, 2, 12), (12, 2, 1, 12), (12, 2, 2, 12), (12, 2, 2, 12), (12, 2, 1, 8), (8, 2, 2, 4), (4, 2, 1, 2), (2, 2, 2, 1)].
- Lh leg dimensions: [(1, 2, 2, 4), (4, 2, 2, 16), (16, 2, 2, 24), (24, 2, 2, 24), (24, 2, 2, 24), (24, 2, 2, 24), (24, 2, 2, 24), (24, 2, 2, 24), (24, 2, 2, 16), (16, 2, 2, 4), (4, 2, 2, 1)].
-> E = <Lh|CC*> + <ALhAL*|CC*|ARhAR*> + <CC*|Rh> = 5.994213380068928 + 0.5357082334192392 + None = 6.529921613488167.
- C_updated leg dimensions: [(1, 2, 1, 2), (2, 2, 2, 8), (8, 2, 1, 12), (12, 2, 2, 12), (12, 2, 1, 12), (12, 2, 2, 12), (12, 2, 2, 12), (12, 2, 1, 12), (12, 2, 2, 8), (8, 2, 1, 4), (4, 2, 2, 1)].
- largest Hermiticity error: 3.8856397383360625e-08.
- maximal number of matvec operations: 41.
-> E_updated = 6.440445903861607.
Orthogonality column 10:
- C leg dimensions: [(1, 2, 2, 2), (2, 2, 2, 8), (8, 2, 2, 12), (12, 2, 2, 12), (12, 2, 2, 12), (12, 2, 2, 12), (12, 2, 2, 12), (12, 2, 2, 12), (12, 2, 2, 8), (8, 2, 2, 4), (4, 2, 2, 1)].
- Lh leg dimensions: [(1, 2, 2, 4), (4, 2, 2, 16), (16, 2, 2, 24), (24, 2, 2, 24), (24, 2, 2, 24), (24, 2, 2, 24), (24, 2, 2, 24), (24, 2, 2, 24), (24, 2, 2, 16), (16, 2, 2, 4), (4, 2, 2, 1)].
- Rh leg dimensions: [(1, 2, 2, 3), (3, 2, 2, 8), (8, 2, 2, 3), (3, 2, 2, 8), (8, 2, 2, 3), (3, 2, 2, 8), (8, 2, 2, 3), (3, 2, 2, 8), (8, 2, 2, 3), (3, 2, 2, 4), (4, 2, 2, 1)].
-> E = <Lh|CC*> + <ALhAL*|CC*|ARhAR*> + <CC*|Rh> = 5.7964394966981 + 0.1756897106525275 + 0.47067808878250905 = 6.442807296133136.
- C_updated leg dimensions: [(1, 2, 2, 4), (4, 2, 2, 12), (12, 2, 2, 12), (12, 2, 2, 12), (12, 2, 2, 12), (12, 2, 2, 12), (12, 2, 2, 12), (12, 2, 2, 12), (12, 2, 2, 12), (12, 2, 2, 4), (4, 2, 2, 1)].
- largest Hermiticity error: 9.014397853902987e-08.
- maximal number of matvec operations: 41.
-> E_updated = 6.12896534013138.
Orthogonality column 9:
- C leg dimensions: [(1, 2, 2, 4), (4, 2, 2, 12), (12, 2, 2, 12), (12, 2, 2, 12), (12, 2, 2, 12), (12, 2, 2, 12), (12, 2, 2, 12), (12, 2, 2, 12), (12, 2, 2, 12), (12, 2, 2, 4), (4, 2, 2, 1)].
- Lh leg dimensions: [(1, 2, 2, 4), (4, 2, 2, 16), (16, 2, 2, 24), (24, 2, 2, 24), (24, 2, 2, 24), (24, 2, 2, 24), (24, 2, 2, 24), (24, 2, 2, 24), (24, 2, 2, 16), (16, 2, 2, 4), (4, 2, 2, 1)].
- Rh leg dimensions: [(1, 2, 2, 4), (4, 2, 2, 8), (8, 2, 2, 20), (20, 2, 2, 8), (8, 2, 2, 20), (20, 2, 2, 8), (8, 2, 2, 20), (20, 2, 2, 8), (8, 2, 2, 16), (16, 2, 2, 4), (4, 2, 2, 1)].
-> E = <Lh|CC*> + <ALhAL*|CC*|ARhAR*> + <CC*|Rh> = 5.367930705140234 + 0.37896436419088714 + 0.4254685223453665 = 6.172363591676487.
- C_updated leg dimensions: [(1, 2, 2, 4), (4, 2, 2, 12), (12, 2, 2, 12), (12, 2, 2, 12), (12, 2, 2, 12), (12, 2, 2, 12), (12, 2, 2, 12), (12, 2, 2, 12), (12, 2, 2, 12), (12, 2, 2, 4), (4, 2, 2, 1)].
- largest Hermiticity error: 2.2171506748109762e-07.
- maximal number of matvec operations: 41.
-> E_updated = 5.81674166824249.
Orthogonality column 8:
- C leg dimensions: [(1, 2, 2, 4), (4, 2, 2, 12), (12, 2, 2, 12), (12, 2, 2, 12), (12, 2, 2, 12), (12, 2, 2, 12), (12, 2, 2, 12), (12, 2, 2, 12), (12, 2, 2, 12), (12, 2, 2, 4), (4, 2, 2, 1)].
- Lh leg dimensions: [(1, 2, 2, 4), (4, 2, 2, 16), (16, 2, 2, 24), (24, 2, 2, 24), (24, 2, 2, 24), (24, 2, 2, 24), (24, 2, 2, 24), (24, 2, 2, 24), (24, 2, 2, 16), (16, 2, 2, 4), (4, 2, 2, 1)].
- Rh leg dimensions: [(1, 2, 2, 4), (4, 2, 2, 16), (16, 2, 2, 20), (20, 2, 2, 24), (24, 2, 2, 20), (20, 2, 2, 24), (24, 2, 2, 20), (20, 2, 2, 24), (24, 2, 2, 16), (16, 2, 2, 4), (4, 2, 2, 1)].
-> E = <Lh|CC*> + <ALhAL*|CC*|ARhAR*> + <CC*|Rh> = 4.677632517100511 + 0.7295571219716523 + 0.49245835163699375 = 5.899647990709156.
- C_updated leg dimensions: [(1, 2, 2, 4), (4, 2, 2, 12), (12, 2, 2, 12), (12, 2, 2, 12), (12, 2, 2, 12), (12, 2, 2, 12), (12, 2, 2, 12), (12, 2, 2, 12), (12, 2, 2, 12), (12, 2, 2, 4), (4, 2, 2, 1)].
- largest Hermiticity error: 2.986650261464117e-11.
- maximal number of matvec operations: 41.
-> E_updated = 5.691966739330008.
Orthogonality column 7:
- C leg dimensions: [(1, 2, 2, 4), (4, 2, 2, 12), (12, 2, 2, 12), (12, 2, 2, 12), (12, 2, 2, 12), (12, 2, 2, 12), (12, 2, 2, 12), (12, 2, 2, 12), (12, 2, 2, 12), (12, 2, 2, 4), (4, 2, 2, 1)].
- Lh leg dimensions: [(1, 2, 2, 4), (4, 2, 2, 16), (16, 2, 2, 24), (24, 2, 2, 24), (24, 2, 2, 24), (24, 2, 2, 24), (24, 2, 2, 24), (24, 2, 2, 24), (24, 2, 2, 16), (16, 2, 2, 4), (4, 2, 2, 1)].
- Rh leg dimensions: [(1, 2, 2, 4), (4, 2, 2, 16), (16, 2, 2, 24), (24, 2, 2, 24), (24, 2, 2, 24), (24, 2, 2, 24), (24, 2, 2, 24), (24, 2, 2, 24), (24, 2, 2, 16), (16, 2, 2, 4), (4, 2, 2, 1)].
-> E = <Lh|CC*> + <ALhAL*|CC*|ARhAR*> + <CC*|Rh> = 4.032786080292483 + 0.6718862803586675 + 1.0399897374971194 = 5.74466209814827.
- C_updated leg dimensions: [(1, 2, 2, 4), (4, 2, 2, 12), (12, 2, 2, 12), (12, 2, 2, 12), (12, 2, 2, 12), (12, 2, 2, 12), (12, 2, 2, 12), (12, 2, 2, 12), (12, 2, 2, 12), (12, 2, 2, 4), (4, 2, 2, 1)].
- largest Hermiticity error: 4.85830811923513e-12.
- maximal number of matvec operations: 41.
-> E_updated = 5.4768732661078925.
Orthogonality column 6:
- C leg dimensions: [(1, 2, 2, 4), (4, 2, 2, 12), (12, 2, 2, 12), (12, 2, 2, 12), (12, 2, 2, 12), (12, 2, 2, 12), (12, 2, 2, 12), (12, 2, 2, 12), (12, 2, 2, 12), (12, 2, 2, 4), (4, 2, 2, 1)].
- Lh leg dimensions: [(1, 2, 2, 4), (4, 2, 2, 16), (16, 2, 2, 24), (24, 2, 2, 24), (24, 2, 2, 24), (24, 2, 2, 24), (24, 2, 2, 24), (24, 2, 2, 24), (24, 2, 2, 16), (16, 2, 2, 4), (4, 2, 2, 1)].
- Rh leg dimensions: [(1, 2, 2, 4), (4, 2, 2, 16), (16, 2, 2, 24), (24, 2, 2, 24), (24, 2, 2, 24), (24, 2, 2, 24), (24, 2, 2, 24), (24, 2, 2, 24), (24, 2, 2, 16), (16, 2, 2, 4), (4, 2, 2, 1)].
-> E = <Lh|CC*> + <ALhAL*|CC*|ARhAR*> + <CC*|Rh> = 3.150675203765876 + 0.9480021036161731 + 1.4417739767692426 = 5.540451284151292.
- C_updated leg dimensions: [(1, 2, 2, 4), (4, 2, 2, 12), (12, 2, 2, 12), (12, 2, 2, 12), (12, 2, 2, 12), (12, 2, 2, 12), (12, 2, 2, 12), (12, 2, 2, 12), (12, 2, 2, 12), (12, 2, 2, 4), (4, 2, 2, 1)].
- largest Hermiticity error: 4.530624829676274e-15.
- maximal number of matvec operations: 41.
-> E_updated = 5.35786576886114.
Orthogonality column 5:
- C leg dimensions: [(1, 2, 2, 4), (4, 2, 2, 12), (12, 2, 2, 12), (12, 2, 2, 12), (12, 2, 2, 12), (12, 2, 2, 12), (12, 2, 2, 12), (12, 2, 2, 12), (12, 2, 2, 12), (12, 2, 2, 4), (4, 2, 2, 1)].
- Lh leg dimensions: [(1, 2, 2, 4), (4, 2, 2, 16), (16, 2, 2, 24), (24, 2, 2, 24), (24, 2, 2, 24), (24, 2, 2, 24), (24, 2, 2, 24), (24, 2, 2, 24), (24, 2, 2, 16), (16, 2, 2, 4), (4, 2, 2, 1)].
- Rh leg dimensions: [(1, 2, 2, 4), (4, 2, 2, 16), (16, 2, 2, 24), (24, 2, 2, 24), (24, 2, 2, 24), (24, 2, 2, 24), (24, 2, 2, 24), (24, 2, 2, 24), (24, 2, 2, 16), (16, 2, 2, 4), (4, 2, 2, 1)].
-> E = <Lh|CC*> + <ALhAL*|CC*|ARhAR*> + <CC*|Rh> = 2.163944674410415 + 1.0132401112196758 + 2.192281017600182 = 5.369465803230273.
- C_updated leg dimensions: [(1, 2, 2, 4), (4, 2, 2, 12), (12, 2, 2, 12), (12, 2, 2, 12), (12, 2, 2, 12), (12, 2, 2, 12), (12, 2, 2, 12), (12, 2, 2, 12), (12, 2, 2, 12), (12, 2, 2, 4), (4, 2, 2, 1)].
- largest Hermiticity error: 3.643963886037959e-09.
- maximal number of matvec operations: 31.
-> E_updated = 5.359329087732473.
Orthogonality column 4:
- C leg dimensions: [(1, 2, 2, 4), (4, 2, 2, 12), (12, 2, 2, 12), (12, 2, 2, 12), (12, 2, 2, 12), (12, 2, 2, 12), (12, 2, 2, 12), (12, 2, 2, 12), (12, 2, 2, 12), (12, 2, 2, 4), (4, 2, 2, 1)].
- Lh leg dimensions: [(1, 2, 2, 4), (4, 2, 2, 16), (16, 2, 2, 24), (24, 2, 2, 20), (20, 2, 2, 24), (24, 2, 2, 20), (20, 2, 2, 24), (24, 2, 2, 20), (20, 2, 2, 16), (16, 2, 2, 4), (4, 2, 2, 1)].
- Rh leg dimensions: [(1, 2, 2, 4), (4, 2, 2, 16), (16, 2, 2, 24), (24, 2, 2, 24), (24, 2, 2, 24), (24, 2, 2, 24), (24, 2, 2, 24), (24, 2, 2, 24), (24, 2, 2, 16), (16, 2, 2, 4), (4, 2, 2, 1)].
-> E = <Lh|CC*> + <ALhAL*|CC*|ARhAR*> + <CC*|Rh> = 1.2514051400731578 + 0.9112450713324304 + 3.208908764522657 = 5.371558975928245.
- C_updated leg dimensions: [(1, 2, 2, 4), (4, 2, 2, 12), (12, 2, 2, 12), (12, 2, 2, 12), (12, 2, 2, 12), (12, 2, 2, 12), (12, 2, 2, 12), (12, 2, 2, 12), (12, 2, 2, 12), (12, 2, 2, 4), (4, 2, 2, 1)].
- largest Hermiticity error: 4.0644076364804725e-09.
- maximal number of matvec operations: 41.
-> E_updated = 5.229351675021958.
Orthogonality column 3:
- C leg dimensions: [(1, 2, 2, 4), (4, 2, 2, 12), (12, 2, 2, 12), (12, 2, 2, 12), (12, 2, 2, 12), (12, 2, 2, 12), (12, 2, 2, 12), (12, 2, 2, 12), (12, 2, 2, 12), (12, 2, 2, 4), (4, 2, 2, 1)].
- Lh leg dimensions: [(1, 2, 2, 4), (4, 2, 2, 16), (16, 2, 2, 8), (8, 2, 2, 20), (20, 2, 2, 8), (8, 2, 2, 20), (20, 2, 2, 8), (8, 2, 2, 20), (20, 2, 2, 8), (8, 2, 2, 4), (4, 2, 2, 1)].
- Rh leg dimensions: [(1, 2, 2, 4), (4, 2, 2, 16), (16, 2, 2, 24), (24, 2, 2, 24), (24, 2, 2, 24), (24, 2, 2, 24), (24, 2, 2, 24), (24, 2, 2, 24), (24, 2, 2, 16), (16, 2, 2, 4), (4, 2, 2, 1)].
-> E = <Lh|CC*> + <ALhAL*|CC*|ARhAR*> + <CC*|Rh> = 0.7539231585072266 + 0.6013519530375947 + 3.934985654919516 = 5.290260766464337.
- C_updated leg dimensions: [(1, 2, 2, 4), (4, 2, 2, 12), (12, 2, 2, 12), (12, 2, 2, 12), (12, 2, 2, 12), (12, 2, 2, 12), (12, 2, 2, 12), (12, 2, 2, 12), (12, 2, 2, 12), (12, 2, 2, 4), (4, 2, 2, 1)].
- largest Hermiticity error: 2.6748230721821507e-09.
- maximal number of matvec operations: 41.
-> E_updated = 4.988671931963545.
Orthogonality column 2:
- C leg dimensions: [(1, 2, 2, 4), (4, 2, 2, 12), (12, 2, 2, 12), (12, 2, 2, 12), (12, 2, 2, 12), (12, 2, 2, 12), (12, 2, 2, 12), (12, 2, 2, 12), (12, 2, 2, 12), (12, 2, 2, 4), (4, 2, 2, 1)].
- Lh leg dimensions: [(1, 2, 2, 4), (4, 2, 2, 3), (3, 2, 2, 8), (8, 2, 2, 3), (3, 2, 2, 8), (8, 2, 2, 3), (3, 2, 2, 8), (8, 2, 2, 3), (3, 2, 2, 8), (8, 2, 2, 3), (3, 2, 2, 1)].
- Rh leg dimensions: [(1, 2, 2, 4), (4, 2, 2, 16), (16, 2, 2, 24), (24, 2, 2, 24), (24, 2, 2, 24), (24, 2, 2, 24), (24, 2, 2, 24), (24, 2, 2, 24), (24, 2, 2, 16), (16, 2, 2, 4), (4, 2, 2, 1)].
-> E = <Lh|CC*> + <ALhAL*|CC*|ARhAR*> + <CC*|Rh> = 0.4637780655468292 + 0.4235831199868459 + 4.1956930078856995 = 5.0830541934193745.
- C_updated leg dimensions: [(1, 2, 2, 4), (4, 2, 2, 12), (12, 2, 2, 12), (12, 2, 2, 12), (12, 2, 2, 12), (12, 2, 2, 12), (12, 2, 2, 12), (12, 2, 2, 12), (12, 2, 2, 12), (12, 2, 2, 4), (4, 2, 2, 1)].
- largest Hermiticity error: 1.1564285545568268e-09.
- maximal number of matvec operations: 41.
-> E_updated = 4.758877216748748.
Orthogonality column 1:
- C leg dimensions: [(1, 2, 2, 4), (4, 1, 2, 12), (12, 2, 2, 12), (12, 1, 2, 12), (12, 2, 2, 12), (12, 2, 2, 12), (12, 1, 2, 12), (12, 2, 2, 12), (12, 1, 2, 8), (8, 2, 2, 2), (2, 1, 2, 1)].
- Rh leg dimensions: [(1, 2, 2, 4), (4, 2, 2, 16), (16, 2, 2, 24), (24, 2, 2, 24), (24, 2, 2, 24), (24, 2, 2, 24), (24, 2, 2, 24), (24, 2, 2, 24), (24, 2, 2, 16), (16, 2, 2, 4), (4, 2, 2, 1)].
-> E = <Lh|CC*> + <ALhAL*|CC*|ARhAR*> + <CC*|Rh> = None + 0.4654855375544804 + 4.38967508658411 = 4.85516062413859.
- C_updated leg dimensions: [(1, 2, 2, 4), (4, 1, 2, 8), (8, 2, 2, 12), (12, 1, 2, 12), (12, 2, 2, 12), (12, 2, 2, 12), (12, 1, 2, 12), (12, 2, 2, 12), (12, 1, 2, 8), (8, 2, 2, 2), (2, 1, 2, 1)].
- largest Hermiticity error: 3.9999446156403677e-10.
- maximal number of matvec operations: 31.
-> E_updated = 4.845149778595678.
Orthogonality column 0:
- C leg dimensions: [(1, 1, 2, 2), (2, 1, 2, 4), (4, 1, 2, 8), (8, 1, 2, 12), (12, 1, 2, 12), (12, 1, 2, 12), (12, 1, 2, 12), (12, 1, 2, 12), (12, 1, 2, 8), (8, 1, 2, 2), (2, 1, 2, 1)].
- Rh leg dimensions: [(1, 2, 2, 4), (4, 2, 2, 16), (16, 2, 2, 24), (24, 2, 2, 24), (24, 2, 2, 24), (24, 2, 2, 24), (24, 2, 2, 24), (24, 2, 2, 24), (24, 2, 2, 16), (16, 2, 2, 4), (4, 2, 2, 1)].
-> E = <Lh|CC*> + <ALhAL*|CC*|ARhAR*> + <CC*|Rh> = None + None + 4.965757043606696 = 4.965757043606696.
- C_updated leg dimensions: [(1, 1, 2, 2), (2, 1, 2, 4), (4, 1, 2, 8), (8, 1, 2, 12), (12, 1, 2, 12), (12, 1, 2, 12), (12, 1, 2, 12), (12, 1, 2, 8), (8, 1, 2, 4), (4, 1, 2, 2), (2, 1, 2, 1)].
- largest Hermiticity error: 4.2918402865655774e-10.
- maximal number of matvec operations: 31.
-> E_updated = 4.964187722819164.
=> <H> - E0 = 4.898866154308308.

DMRGSquared sweep 2 ...
Orthogonality column 0:
- C leg dimensions: [(1, 1, 2, 2), (2, 1, 2, 4), (4, 1, 2, 8), (8, 1, 2, 12), (12, 1, 2, 12), (12, 1, 2, 12), (12, 1, 2, 12), (12, 1, 2, 8), (8, 1, 2, 4), (4, 1, 2, 2), (2, 1, 2, 1)].
- Rh leg dimensions: [(1, 2, 2, 4), (4, 2, 2, 16), (16, 2, 2, 24), (24, 2, 2, 24), (24, 2, 2, 24), (24, 2, 2, 24), (24, 2, 2, 24), (24, 2, 2, 24), (24, 2, 2, 16), (16, 2, 2, 4), (4, 2, 2, 1)].
-> E = <Lh|CC*> + <ALhAL*|CC*|ARhAR*> + <CC*|Rh> = None + None + 4.964187722820231 = 4.964187722820231.
- C_updated leg dimensions: [(1, 1, 2, 2), (2, 1, 2, 4), (4, 1, 2, 8), (8, 1, 2, 12), (12, 1, 2, 12), (12, 1, 2, 12), (12, 1, 2, 12), (12, 1, 2, 8), (8, 1, 2, 4), (4, 1, 2, 2), (2, 1, 2, 1)].
- largest Hermiticity error: 3.3276022278456906e-10.
- maximal number of matvec operations: 21.
-> E_updated = 4.964187722819162.
Orthogonality column 1:
- C leg dimensions: [(1, 2, 2, 2), (2, 1, 2, 4), (4, 2, 2, 8), (8, 1, 2, 12), (12, 2, 2, 12), (12, 2, 2, 12), (12, 1, 2, 12), (12, 2, 2, 8), (8, 1, 2, 4), (4, 2, 2, 2), (2, 1, 2, 1)].
- Rh leg dimensions: [(1, 2, 2, 4), (4, 2, 2, 16), (16, 2, 2, 24), (24, 2, 2, 24), (24, 2, 2, 24), (24, 2, 2, 24), (24, 2, 2, 24), (24, 2, 2, 24), (24, 2, 2, 16), (16, 2, 2, 4), (4, 2, 2, 1)].
-> E = <Lh|CC*> + <ALhAL*|CC*|ARhAR*> + <CC*|Rh> = None + 0.5562310701135593 + 4.407919805828424 = 4.964150875941984.
- C_updated leg dimensions: [(1, 2, 2, 4), (4, 1, 2, 8), (8, 2, 2, 12), (12, 1, 2, 12), (12, 2, 2, 12), (12, 2, 2, 12), (12, 1, 2, 12), (12, 2, 2, 12), (12, 1, 2, 8), (8, 2, 2, 2), (2, 1, 2, 1)].
- largest Hermiticity error: 4.845513813082047e-10.
- maximal number of matvec operations: 41.
-> E_updated = 4.8451497785961255.
Orthogonality column 2:
- C leg dimensions: [(1, 2, 2, 4), (4, 2, 2, 8), (8, 2, 2, 12), (12, 2, 2, 12), (12, 2, 2, 12), (12, 2, 2, 12), (12, 2, 2, 12), (12, 2, 2, 12), (12, 2, 2, 8), (8, 2, 2, 2), (2, 2, 2, 1)].
- Lh leg dimensions: [(1, 2, 2, 4), (4, 2, 2, 3), (3, 2, 2, 8), (8, 2, 2, 3), (3, 2, 2, 8), (8, 2, 2, 3), (3, 2, 2, 8), (8, 2, 2, 3), (3, 2, 2, 8), (8, 2, 2, 3), (3, 2, 2, 1)].
- Rh leg dimensions: [(1, 2, 2, 4), (4, 2, 2, 16), (16, 2, 2, 24), (24, 2, 2, 24), (24, 2, 2, 24), (24, 2, 2, 24), (24, 2, 2, 24), (24, 2, 2, 24), (24, 2, 2, 16), (16, 2, 2, 4), (4, 2, 2, 1)].
-> E = <Lh|CC*> + <ALhAL*|CC*|ARhAR*> + <CC*|Rh> = 0.44860217333360014 + 0.3189073706174758 + 4.077754047345272 = 4.845263591296348.
- C_updated leg dimensions: [(1, 2, 2, 4), (4, 2, 2, 12), (12, 2, 2, 12), (12, 2, 2, 12), (12, 2, 2, 12), (12, 2, 2, 12), (12, 2, 2, 12), (12, 2, 2, 12), (12, 2, 2, 12), (12, 2, 2, 4), (4, 2, 2, 1)].
- largest Hermiticity error: 8.498221551901842e-10.
- maximal number of matvec operations: 41.
-> E_updated = 4.747248172029136.
Orthogonality column 3:
- C leg dimensions: [(1, 2, 2, 4), (4, 2, 2, 12), (12, 2, 2, 12), (12, 2, 2, 12), (12, 2, 2, 12), (12, 2, 2, 12), (12, 2, 2, 12), (12, 2, 2, 12), (12, 2, 2, 12), (12, 2, 2, 4), (4, 2, 2, 1)].
- Lh leg dimensions: [(1, 2, 2, 4), (4, 2, 2, 16), (16, 2, 2, 8), (8, 2, 2, 20), (20, 2, 2, 8), (8, 2, 2, 20), (20, 2, 2, 8), (8, 2, 2, 20), (20, 2, 2, 8), (8, 2, 2, 4), (4, 2, 2, 1)].
- Rh leg dimensions: [(1, 2, 2, 4), (4, 2, 2, 16), (16, 2, 2, 24), (24, 2, 2, 24), (24, 2, 2, 24), (24, 2, 2, 24), (24, 2, 2, 24), (24, 2, 2, 24), (24, 2, 2, 16), (16, 2, 2, 4), (4, 2, 2, 1)].
-> E = <Lh|CC*> + <ALhAL*|CC*|ARhAR*> + <CC*|Rh> = 0.7190761824542152 + -0.020957624995025907 + 4.0610466361972755 = 4.7591651936564645.
- C_updated leg dimensions: [(1, 2, 2, 4), (4, 2, 2, 12), (12, 2, 2, 12), (12, 2, 2, 12), (12, 2, 2, 12), (12, 2, 2, 12), (12, 2, 2, 12), (12, 2, 2, 12), (12, 2, 2, 12), (12, 2, 2, 4), (4, 2, 2, 1)].
- largest Hermiticity error: 3.951475862824644e-09.
- maximal number of matvec operations: 41.
-> E_updated = 4.506330950605567.
Orthogonality column 4:
- C leg dimensions: [(1, 2, 2, 4), (4, 2, 2, 12), (12, 2, 2, 12), (12, 2, 2, 12), (12, 2, 2, 12), (12, 2, 2, 12), (12, 2, 2, 12), (12, 2, 2, 12), (12, 2, 2, 12), (12, 2, 2, 4), (4, 2, 2, 1)].
- Lh leg dimensions: [(1, 2, 2, 4), (4, 2, 2, 16), (16, 2, 2, 24), (24, 2, 2, 20), (20, 2, 2, 24), (24, 2, 2, 20), (20, 2, 2, 24), (24, 2, 2, 20), (20, 2, 2, 16), (16, 2, 2, 4), (4, 2, 2, 1)].
- Rh leg dimensions: [(1, 2, 2, 4), (4, 2, 2, 16), (16, 2, 2, 24), (24, 2, 2, 24), (24, 2, 2, 24), (24, 2, 2, 24), (24, 2, 2, 24), (24, 2, 2, 24), (24, 2, 2, 16), (16, 2, 2, 4), (4, 2, 2, 1)].
-> E = <Lh|CC*> + <ALhAL*|CC*|ARhAR*> + <CC*|Rh> = 0.4992843020835909 + 0.7311148674525618 + 3.2984542238832026 = 4.5288533934193556.
- C_updated leg dimensions: [(1, 2, 2, 4), (4, 2, 2, 12), (12, 2, 2, 12), (12, 2, 2, 12), (12, 2, 2, 12), (12, 2, 2, 12), (12, 2, 2, 12), (12, 2, 2, 12), (12, 2, 2, 12), (12, 2, 2, 4), (4, 2, 2, 1)].
- largest Hermiticity error: 3.978532589298482e-09.
- maximal number of matvec operations: 41.
-> E_updated = 4.303553530833053.
Orthogonality column 5:
- C leg dimensions: [(1, 2, 2, 4), (4, 2, 2, 12), (12, 2, 2, 12), (12, 2, 2, 12), (12, 2, 2, 12), (12, 2, 2, 12), (12, 2, 2, 12), (12, 2, 2, 12), (12, 2, 2, 12), (12, 2, 2, 4), (4, 2, 2, 1)].
- Lh leg dimensions: [(1, 2, 2, 4), (4, 2, 2, 16), (16, 2, 2, 24), (24, 2, 2, 24), (24, 2, 2, 24), (24, 2, 2, 24), (24, 2, 2, 24), (24, 2, 2, 24), (24, 2, 2, 16), (16, 2, 2, 4), (4, 2, 2, 1)].
- Rh leg dimensions: [(1, 2, 2, 4), (4, 2, 2, 16), (16, 2, 2, 24), (24, 2, 2, 24), (24, 2, 2, 24), (24, 2, 2, 24), (24, 2, 2, 24), (24, 2, 2, 24), (24, 2, 2, 16), (16, 2, 2, 4), (4, 2, 2, 1)].
-> E = <Lh|CC*> + <ALhAL*|CC*|ARhAR*> + <CC*|Rh> = 0.9748212797580427 + 1.135819298400888 + 2.194673636115391 = 4.305314214274322.
- C_updated leg dimensions: [(1, 2, 2, 4), (4, 2, 2, 12), (12, 2, 2, 12), (12, 2, 2, 12), (12, 2, 2, 12), (12, 2, 2, 12), (12, 2, 2, 12), (12, 2, 2, 12), (12, 2, 2, 12), (12, 2, 2, 4), (4, 2, 2, 1)].
- largest Hermiticity error: 4.545667482109164e-09.
- maximal number of matvec operations: 41.
-> E_updated = 4.156181221463695.
Orthogonality column 6:
- C leg dimensions: [(1, 2, 2, 4), (4, 2, 2, 12), (12, 2, 2, 12), (12, 2, 2, 12), (12, 2, 2, 12), (12, 2, 2, 12), (12, 2, 2, 12), (12, 2, 2, 12), (12, 2, 2, 12), (12, 2, 2, 4), (4, 2, 2, 1)].
- Lh leg dimensions: [(1, 2, 2, 4), (4, 2, 2, 16), (16, 2, 2, 24), (24, 2, 2, 24), (24, 2, 2, 24), (24, 2, 2, 24), (24, 2, 2, 24), (24, 2, 2, 24), (24, 2, 2, 16), (16, 2, 2, 4), (4, 2, 2, 1)].
- Rh leg dimensions: [(1, 2, 2, 4), (4, 2, 2, 16), (16, 2, 2, 24), (24, 2, 2, 24), (24, 2, 2, 24), (24, 2, 2, 24), (24, 2, 2, 24), (24, 2, 2, 24), (24, 2, 2, 16), (16, 2, 2, 4), (4, 2, 2, 1)].
-> E = <Lh|CC*> + <ALhAL*|CC*|ARhAR*> + <CC*|Rh> = 1.9374895020924596 + 0.7575808193673133 + 1.4722963072765591 = 4.167366628736332.
- C_updated leg dimensions: [(1, 2, 2, 4), (4, 2, 2, 12), (12, 2, 2, 12), (12, 2, 2, 12), (12, 2, 2, 12), (12, 2, 2, 12), (12, 2, 2, 12), (12, 2, 2, 12), (12, 2, 2, 12), (12, 2, 2, 4), (4, 2, 2, 1)].
- largest Hermiticity error: 1.80944215311192e-15.
- maximal number of matvec operations: 41.
-> E_updated = 4.142285827151998.
Orthogonality column 7:
- C leg dimensions: [(1, 2, 2, 4), (4, 2, 2, 12), (12, 2, 2, 12), (12, 2, 2, 12), (12, 2, 2, 12), (12, 2, 2, 12), (12, 2, 2, 12), (12, 2, 2, 12), (12, 2, 2, 12), (12, 2, 2, 4), (4, 2, 2, 1)].
- Lh leg dimensions: [(1, 2, 2, 4), (4, 2, 2, 16), (16, 2, 2, 24), (24, 2, 2, 24), (24, 2, 2, 24), (24, 2, 2, 24), (24, 2, 2, 24), (24, 2, 2, 24), (24, 2, 2, 16), (16, 2, 2, 4), (4, 2, 2, 1)].
- Rh leg dimensions: [(1, 2, 2, 4), (4, 2, 2, 16), (16, 2, 2, 24), (24, 2, 2, 24), (24, 2, 2, 24), (24, 2, 2, 24), (24, 2, 2, 24), (24, 2, 2, 24), (24, 2, 2, 16), (16, 2, 2, 4), (4, 2, 2, 1)].
-> E = <Lh|CC*> + <ALhAL*|CC*|ARhAR*> + <CC*|Rh> = 2.708229725803942 + 0.33314268064845015 + 1.1280519009613914 = 4.169424307413784.
- C_updated leg dimensions: [(1, 2, 2, 4), (4, 2, 2, 12), (12, 2, 2, 12), (12, 2, 2, 12), (12, 2, 2, 12), (12, 2, 2, 12), (12, 2, 2, 12), (12, 2, 2, 12), (12, 2, 2, 12), (12, 2, 2, 4), (4, 2, 2, 1)].
- largest Hermiticity error: 1.8121019654022227e-11.
- maximal number of matvec operations: 41.
-> E_updated = 4.06545665359122.
Orthogonality column 8:
- C leg dimensions: [(1, 2, 2, 4), (4, 2, 2, 12), (12, 2, 2, 12), (12, 2, 2, 12), (12, 2, 2, 12), (12, 2, 2, 12), (12, 2, 2, 12), (12, 2, 2, 12), (12, 2, 2, 12), (12, 2, 2, 4), (4, 2, 2, 1)].
- Lh leg dimensions: [(1, 2, 2, 4), (4, 2, 2, 16), (16, 2, 2, 24), (24, 2, 2, 24), (24, 2, 2, 24), (24, 2, 2, 24), (24, 2, 2, 24), (24, 2, 2, 24), (24, 2, 2, 16), (16, 2, 2, 4), (4, 2, 2, 1)].
- Rh leg dimensions: [(1, 2, 2, 4), (4, 2, 2, 16), (16, 2, 2, 20), (20, 2, 2, 24), (24, 2, 2, 20), (20, 2, 2, 24), (24, 2, 2, 20), (20, 2, 2, 24), (24, 2, 2, 16), (16, 2, 2, 4), (4, 2, 2, 1)].
-> E = <Lh|CC*> + <ALhAL*|CC*|ARhAR*> + <CC*|Rh> = 2.9722300165774893 + 0.6002162291266382 + 0.5095949329124023 = 4.08204117861653.
- C_updated leg dimensions: [(1, 2, 2, 4), (4, 2, 2, 12), (12, 2, 2, 12), (12, 2, 2, 12), (12, 2, 2, 12), (12, 2, 2, 12), (12, 2, 2, 12), (12, 2, 2, 12), (12, 2, 2, 12), (12, 2, 2, 4), (4, 2, 2, 1)].
- largest Hermiticity error: 5.887463378921073e-09.
- maximal number of matvec operations: 41.
-> E_updated = 3.926662878149801.
Orthogonality column 9:
- C leg dimensions: [(1, 2, 2, 4), (4, 2, 2, 12), (12, 2, 2, 12), (12, 2, 2, 12), (12, 2, 2, 12), (12, 2, 2, 12), (12, 2, 2, 12), (12, 2, 2, 12), (12, 2, 2, 12), (12, 2, 2, 4), (4, 2, 2, 1)].
- Lh leg dimensions: [(1, 2, 2, 4), (4, 2, 2, 16), (16, 2, 2, 24), (24, 2, 2, 24), (24, 2, 2, 24), (24, 2, 2, 24), (24, 2, 2, 24), (24, 2, 2, 24), (24, 2, 2, 16), (16, 2, 2, 4), (4, 2, 2, 1)].
- Rh leg dimensions: [(1, 2, 2, 4), (4, 2, 2, 8), (8, 2, 2, 20), (20, 2, 2, 8), (8, 2, 2, 20), (20, 2, 2, 8), (8, 2, 2, 20), (20, 2, 2, 8), (8, 2, 2, 16), (16, 2, 2, 4), (4, 2, 2, 1)].
-> E = <Lh|CC*> + <ALhAL*|CC*|ARhAR*> + <CC*|Rh> = 3.438126841352042 + 0.029371865124063964 + 0.4831790477733545 = 3.95067775424946.
- C_updated leg dimensions: [(1, 2, 2, 4), (4, 2, 2, 12), (12, 2, 2, 12), (12, 2, 2, 12), (12, 2, 2, 12), (12, 2, 2, 12), (12, 2, 2, 12), (12, 2, 2, 12), (12, 2, 2, 12), (12, 2, 2, 4), (4, 2, 2, 1)].
- largest Hermiticity error: 1.6297222673376568e-09.
- maximal number of matvec operations: 41.
-> E_updated = 3.707358737305161.
Orthogonality column 10:
- C leg dimensions: [(1, 2, 2, 4), (4, 2, 2, 12), (12, 2, 2, 12), (12, 2, 2, 12), (12, 2, 2, 12), (12, 2, 2, 12), (12, 2, 2, 12), (12, 2, 2, 12), (12, 2, 2, 12), (12, 2, 2, 4), (4, 2, 2, 1)].
- Lh leg dimensions: [(1, 2, 2, 4), (4, 2, 2, 16), (16, 2, 2, 24), (24, 2, 2, 24), (24, 2, 2, 24), (24, 2, 2, 24), (24, 2, 2, 24), (24, 2, 2, 24), (24, 2, 2, 16), (16, 2, 2, 4), (4, 2, 2, 1)].
- Rh leg dimensions: [(1, 2, 2, 3), (3, 2, 2, 8), (8, 2, 2, 3), (3, 2, 2, 8), (8, 2, 2, 3), (3, 2, 2, 8), (8, 2, 2, 3), (3, 2, 2, 8), (8, 2, 2, 3), (3, 2, 2, 4), (4, 2, 2, 1)].
-> E = <Lh|CC*> + <ALhAL*|CC*|ARhAR*> + <CC*|Rh> = 3.3402118988512814 + -0.08513819131104243 + 0.5252216021444901 = 3.780295309684729.
- C_updated leg dimensions: [(1, 2, 2, 4), (4, 2, 2, 12), (12, 2, 2, 12), (12, 2, 2, 12), (12, 2, 2, 12), (12, 2, 2, 12), (12, 2, 2, 12), (12, 2, 2, 12), (12, 2, 2, 12), (12, 2, 2, 4), (4, 2, 2, 1)].
- largest Hermiticity error: 1.4835179533329483e-09.
- maximal number of matvec operations: 41.
-> E_updated = 3.704861238660071.
Orthogonality column 11:
- C leg dimensions: [(1, 2, 1, 4), (4, 2, 2, 12), (12, 2, 1, 12), (12, 2, 2, 12), (12, 2, 1, 12), (12, 2, 2, 12), (12, 2, 2, 12), (12, 2, 1, 12), (12, 2, 2, 8), (8, 2, 1, 4), (4, 2, 2, 1)].
- Lh leg dimensions: [(1, 2, 2, 4), (4, 2, 2, 16), (16, 2, 2, 24), (24, 2, 2, 24), (24, 2, 2, 24), (24, 2, 2, 24), (24, 2, 2, 24), (24, 2, 2, 24), (24, 2, 2, 16), (16, 2, 2, 4), (4, 2, 2, 1)].
-> E = <Lh|CC*> + <ALhAL*|CC*|ARhAR*> + <CC*|Rh> = 3.2598906347253034 + 0.5157556981644411 + None = 3.7756463328897443.
- C_updated leg dimensions: [(1, 2, 1, 2), (2, 2, 2, 8), (8, 2, 1, 12), (12, 2, 2, 12), (12, 2, 1, 12), (12, 2, 2, 12), (12, 2, 2, 12), (12, 2, 1, 12), (12, 2, 2, 8), (8, 2, 1, 4), (4, 2, 2, 1)].
- largest Hermiticity error: 7.537792147862428e-10.
- maximal number of matvec operations: 41.
-> E_updated = 3.7687079504875625.
Orthogonality column 12:
- C leg dimensions: [(1, 2, 1, 2), (2, 2, 1, 4), (4, 2, 1, 8), (8, 2, 1, 12), (12, 2, 1, 12), (12, 2, 1, 12), (12, 2, 1, 12), (12, 2, 1, 12), (12, 2, 1, 8), (8, 2, 1, 4), (4, 2, 1, 1)].
- Lh leg dimensions: [(1, 2, 2, 4), (4, 2, 2, 16), (16, 2, 2, 24), (24, 2, 2, 24), (24, 2, 2, 24), (24, 2, 2, 24), (24, 2, 2, 24), (24, 2, 2, 24), (24, 2, 2, 16), (16, 2, 2, 4), (4, 2, 2, 1)].
-> E = <Lh|CC*> + <ALhAL*|CC*|ARhAR*> + <CC*|Rh> = 3.8457298928158368 + None + None = 3.8457298928158368.
- C_updated leg dimensions: [(1, 2, 1, 2), (2, 2, 1, 4), (4, 2, 1, 8), (8, 2, 1, 12), (12, 2, 1, 12), (12, 2, 1, 12), (12, 2, 1, 12), (12, 2, 1, 8), (8, 2, 1, 4), (4, 2, 1, 2), (2, 2, 1, 1)].
- largest Hermiticity error: 6.505515866498728e-10.
- maximal number of matvec operations: 31.
-> E_updated = 3.844906548172749.
Orthogonality column 11:
- C leg dimensions: [(1, 2, 1, 2), (2, 2, 2, 4), (4, 2, 1, 8), (8, 2, 2, 12), (12, 2, 1, 12), (12, 2, 2, 12), (12, 2, 2, 12), (12, 2, 1, 8), (8, 2, 2, 4), (4, 2, 1, 2), (2, 2, 2, 1)].
- Lh leg dimensions: [(1, 2, 2, 4), (4, 2, 2, 16), (16, 2, 2, 24), (24, 2, 2, 24), (24, 2, 2, 24), (24, 2, 2, 24), (24, 2, 2, 24), (24, 2, 2, 24), (24, 2, 2, 16), (16, 2, 2, 4), (4, 2, 2, 1)].
-> E = <Lh|CC*> + <ALhAL*|CC*|ARhAR*> + <CC*|Rh> = 3.309349402474399 + 0.5353842533554366 + None = 3.8447336558298355.
- C_updated leg dimensions: [(1, 2, 1, 2), (2, 2, 2, 8), (8, 2, 1, 12), (12, 2, 2, 12), (12, 2, 1, 12), (12, 2, 2, 12), (12, 2, 2, 12), (12, 2, 1, 12), (12, 2, 2, 8), (8, 2, 1, 4), (4, 2, 2, 1)].
- largest Hermiticity error: 9.942061216341574e-10.
- maximal number of matvec operations: 31.
-> E_updated = 3.768707950487555.
Orthogonality column 10:
- C leg dimensions: [(1, 2, 2, 2), (2, 2, 2, 8), (8, 2, 2, 12), (12, 2, 2, 12), (12, 2, 2, 12), (12, 2, 2, 12), (12, 2, 2, 12), (12, 2, 2, 12), (12, 2, 2, 8), (8, 2, 2, 4), (4, 2, 2, 1)].
- Lh leg dimensions: [(1, 2, 2, 4), (4, 2, 2, 16), (16, 2, 2, 24), (24, 2, 2, 24), (24, 2, 2, 24), (24, 2, 2, 24), (24, 2, 2, 24), (24, 2, 2, 24), (24, 2, 2, 16), (16, 2, 2, 4), (4, 2, 2, 1)].
- Rh leg dimensions: [(1, 2, 2, 3), (3, 2, 2, 8), (8, 2, 2, 3), (3, 2, 2, 8), (8, 2, 2, 3), (3, 2, 2, 8), (8, 2, 2, 3), (3, 2, 2, 8), (8, 2, 2, 3), (3, 2, 2, 4), (4, 2, 2, 1)].
-> E = <Lh|CC*> + <ALhAL*|CC*|ARhAR*> + <CC*|Rh> = 3.359565293435789 + -0.09460131430299472 + 0.5054599038983437 = 3.770423883031138.
- C_updated leg dimensions: [(1, 2, 2, 4), (4, 2, 2, 12), (12, 2, 2, 12), (12, 2, 2, 12), (12, 2, 2, 12), (12, 2, 2, 12), (12, 2, 2, 12), (12, 2, 2, 12), (12, 2, 2, 12), (12, 2, 2, 4), (4, 2, 2, 1)].
- largest Hermiticity error: 1.2228148748968143e-09.
- maximal number of matvec operations: 41.
-> E_updated = 3.7021515569716263.
Orthogonality column 9:
- C leg dimensions: [(1, 2, 2, 4), (4, 2, 2, 12), (12, 2, 2, 12), (12, 2, 2, 12), (12, 2, 2, 12), (12, 2, 2, 12), (12, 2, 2, 12), (12, 2, 2, 12), (12, 2, 2, 12), (12, 2, 2, 4), (4, 2, 2, 1)].
- Lh leg dimensions: [(1, 2, 2, 4), (4, 2, 2, 16), (16, 2, 2, 24), (24, 2, 2, 24), (24, 2, 2, 24), (24, 2, 2, 24), (24, 2, 2, 24), (24, 2, 2, 24), (24, 2, 2, 16), (16, 2, 2, 4), (4, 2, 2, 1)].
- Rh leg dimensions: [(1, 2, 2, 4), (4, 2, 2, 8), (8, 2, 2, 20), (20, 2, 2, 8), (8, 2, 2, 20), (20, 2, 2, 8), (8, 2, 2, 20), (20, 2, 2, 8), (8, 2, 2, 16), (16, 2, 2, 4), (4, 2, 2, 1)].
-> E = <Lh|CC*> + <ALhAL*|CC*|ARhAR*> + <CC*|Rh> = 3.4072278433606704 + -0.05667772549200038 + 0.41868850703812505 = 3.7692386249067953.
- C_updated leg dimensions: [(1, 2, 2, 4), (4, 2, 2, 12), (12, 2, 2, 12), (12, 2, 2, 12), (12, 2, 2, 12), (12, 2, 2, 12), (12, 2, 2, 12), (12, 2, 2, 12), (12, 2, 2, 12), (12, 2, 2, 4), (4, 2, 2, 1)].
- largest Hermiticity error: 1.193876992016122e-09.
- maximal number of matvec operations: 41.
-> E_updated = 3.68844444400437.
Orthogonality column 8:
- C leg dimensions: [(1, 2, 2, 4), (4, 2, 2, 12), (12, 2, 2, 12), (12, 2, 2, 12), (12, 2, 2, 12), (12, 2, 2, 12), (12, 2, 2, 12), (12, 2, 2, 12), (12, 2, 2, 12), (12, 2, 2, 4), (4, 2, 2, 1)].
- Lh leg dimensions: [(1, 2, 2, 4), (4, 2, 2, 16), (16, 2, 2, 24), (24, 2, 2, 24), (24, 2, 2, 24), (24, 2, 2, 24), (24, 2, 2, 24), (24, 2, 2, 24), (24, 2, 2, 16), (16, 2, 2, 4), (4, 2, 2, 1)].
- Rh leg dimensions: [(1, 2, 2, 4), (4, 2, 2, 16), (16, 2, 2, 20), (20, 2, 2, 24), (24, 2, 2, 20), (20, 2, 2, 24), (24, 2, 2, 20), (20, 2, 2, 24), (24, 2, 2, 16), (16, 2, 2, 4), (4, 2, 2, 1)].
-> E = <Lh|CC*> + <ALhAL*|CC*|ARhAR*> + <CC*|Rh> = 3.0536324526410845 + 0.3590976874034966 + 0.3960479103187349 = 3.808778050363316.
- C_updated leg dimensions: [(1, 2, 2, 4), (4, 2, 2, 12), (12, 2, 2, 12), (12, 2, 2, 12), (12, 2, 2, 12), (12, 2, 2, 12), (12, 2, 2, 12), (12, 2, 2, 12), (12, 2, 2, 12), (12, 2, 2, 4), (4, 2, 2, 1)].
- largest Hermiticity error: 4.078250906682925e-09.
- maximal number of matvec operations: 41.
-> E_updated = 3.7417167870898607.
Orthogonality column 7:
- C leg dimensions: [(1, 2, 2, 4), (4, 2, 2, 12), (12, 2, 2, 12), (12, 2, 2, 12), (12, 2, 2, 12), (12, 2, 2, 12), (12, 2, 2, 12), (12, 2, 2, 12), (12, 2, 2, 12), (12, 2, 2, 4), (4, 2, 2, 1)].
- Lh leg dimensions: [(1, 2, 2, 4), (4, 2, 2, 16), (16, 2, 2, 24), (24, 2, 2, 24), (24, 2, 2, 24), (24, 2, 2, 24), (24, 2, 2, 24), (24, 2, 2, 24), (24, 2, 2, 16), (16, 2, 2, 4), (4, 2, 2, 1)].
- Rh leg dimensions: [(1, 2, 2, 4), (4, 2, 2, 16), (16, 2, 2, 24), (24, 2, 2, 24), (24, 2, 2, 24), (24, 2, 2, 24), (24, 2, 2, 24), (24, 2, 2, 24), (24, 2, 2, 16), (16, 2, 2, 4), (4, 2, 2, 1)].
-> E = <Lh|CC*> + <ALhAL*|CC*|ARhAR*> + <CC*|Rh> = 2.742740515340995 + 0.2959598330338583 + 0.7679068951485477 = 3.806607243523401.
- C_updated leg dimensions: [(1, 2, 2, 4), (4, 2, 2, 12), (12, 2, 2, 12), (12, 2, 2, 12), (12, 2, 2, 12), (12, 2, 2, 12), (12, 2, 2, 12), (12, 2, 2, 12), (12, 2, 2, 12), (12, 2, 2, 4), (4, 2, 2, 1)].
- largest Hermiticity error: 3.1333525928743e-11.
- maximal number of matvec operations: 31.
-> E_updated = 3.7816910256232505.
Orthogonality column 6:
- C leg dimensions: [(1, 2, 2, 4), (4, 2, 2, 12), (12, 2, 2, 12), (12, 2, 2, 12), (12, 2, 2, 12), (12, 2, 2, 12), (12, 2, 2, 12), (12, 2, 2, 12), (12, 2, 2, 12), (12, 2, 2, 4), (4, 2, 2, 1)].
- Lh leg dimensions: [(1, 2, 2, 4), (4, 2, 2, 16), (16, 2, 2, 24), (24, 2, 2, 24), (24, 2, 2, 24), (24, 2, 2, 24), (24, 2, 2, 24), (24, 2, 2, 24), (24, 2, 2, 16), (16, 2, 2, 4), (4, 2, 2, 1)].
- Rh leg dimensions: [(1, 2, 2, 4), (4, 2, 2, 16), (16, 2, 2, 24), (24, 2, 2, 24), (24, 2, 2, 24), (24, 2, 2, 24), (24, 2, 2, 24), (24, 2, 2, 24), (24, 2, 2, 16), (16, 2, 2, 4), (4, 2, 2, 1)].
-> E = <Lh|CC*> + <ALhAL*|CC*|ARhAR*> + <CC*|Rh> = 1.951311862191508 + 0.7825116597553097 + 1.095336912689202 = 3.8291604346360195.
- C_updated leg dimensions: [(1, 2, 2, 4), (4, 2, 2, 12), (12, 2, 2, 12), (12, 2, 2, 12), (12, 2, 2, 12), (12, 2, 2, 12), (12, 2, 2, 12), (12, 2, 2, 12), (12, 2, 2, 12), (12, 2, 2, 4), (4, 2, 2, 1)].
- largest Hermiticity error: 2.5558891764094237e-14.
- maximal number of matvec operations: 41.
-> E_updated = 3.7994105788147667.
Orthogonality column 5:
- C leg dimensions: [(1, 2, 2, 4), (4, 2, 2, 12), (12, 2, 2, 12), (12, 2, 2, 12), (12, 2, 2, 12), (12, 2, 2, 12), (12, 2, 2, 12), (12, 2, 2, 12), (12, 2, 2, 12), (12, 2, 2, 4), (4, 2, 2, 1)].
- Lh leg dimensions: [(1, 2, 2, 4), (4, 2, 2, 16), (16, 2, 2, 24), (24, 2, 2, 24), (24, 2, 2, 24), (24, 2, 2, 24), (24, 2, 2, 24), (24, 2, 2, 24), (24, 2, 2, 16), (16, 2, 2, 4), (4, 2, 2, 1)].
- Rh leg dimensions: [(1, 2, 2, 4), (4, 2, 2, 16), (16, 2, 2, 24), (24, 2, 2, 24), (24, 2, 2, 24), (24, 2, 2, 24), (24, 2, 2, 24), (24, 2, 2, 24), (24, 2, 2, 16), (16, 2, 2, 4), (4, 2, 2, 1)].
-> E = <Lh|CC*> + <ALhAL*|CC*|ARhAR*> + <CC*|Rh> = 1.023520707966459 + 0.9036691206130223 + 1.8961685100642032 = 3.8233583386436845.
- C_updated leg dimensions: [(1, 2, 2, 4), (4, 2, 2, 12), (12, 2, 2, 12), (12, 2, 2, 12), (12, 2, 2, 12), (12, 2, 2, 12), (12, 2, 2, 12), (12, 2, 2, 12), (12, 2, 2, 12), (12, 2, 2, 4), (4, 2, 2, 1)].
- largest Hermiticity error: 1.7264689424081537e-12.
- maximal number of matvec operations: 41.
-> E_updated = 3.811196370454897.
Orthogonality column 4:
- C leg dimensions: [(1, 2, 2, 4), (4, 2, 2, 12), (12, 2, 2, 12), (12, 2, 2, 12), (12, 2, 2, 12), (12, 2, 2, 12), (12, 2, 2, 12), (12, 2, 2, 12), (12, 2, 2, 12), (12, 2, 2, 4), (4, 2, 2, 1)].
- Lh leg dimensions: [(1, 2, 2, 4), (4, 2, 2, 16), (16, 2, 2, 24), (24, 2, 2, 20), (20, 2, 2, 24), (24, 2, 2, 20), (20, 2, 2, 24), (24, 2, 2, 20), (20, 2, 2, 16), (16, 2, 2, 4), (4, 2, 2, 1)].
- Rh leg dimensions: [(1, 2, 2, 4), (4, 2, 2, 16), (16, 2, 2, 24), (24, 2, 2, 24), (24, 2, 2, 24), (24, 2, 2, 24), (24, 2, 2, 24), (24, 2, 2, 24), (24, 2, 2, 16), (16, 2, 2, 4), (4, 2, 2, 1)].
-> E = <Lh|CC*> + <ALhAL*|CC*|ARhAR*> + <CC*|Rh> = 0.525152467695961 + 0.48849157621304895 + 2.810440430578644 = 3.824084474487654.
- C_updated leg dimensions: [(1, 2, 2, 4), (4, 2, 2, 12), (12, 2, 2, 12), (12, 2, 2, 12), (12, 2, 2, 12), (12, 2, 2, 12), (12, 2, 2, 12), (12, 2, 2, 12), (12, 2, 2, 12), (12, 2, 2, 4), (4, 2, 2, 1)].
- largest Hermiticity error: 1.645013663487391e-12.
- maximal number of matvec operations: 41.
-> E_updated = 3.8114334319862353.
Orthogonality column 3:
- C leg dimensions: [(1, 2, 2, 4), (4, 2, 2, 12), (12, 2, 2, 12), (12, 2, 2, 12), (12, 2, 2, 12), (12, 2, 2, 12), (12, 2, 2, 12), (12, 2, 2, 12), (12, 2, 2, 12), (12, 2, 2, 4), (4, 2, 2, 1)].
- Lh leg dimensions: [(1, 2, 2, 4), (4, 2, 2, 16), (16, 2, 2, 8), (8, 2, 2, 20), (20, 2, 2, 8), (8, 2, 2, 20), (20, 2, 2, 8), (8, 2, 2, 20), (20, 2, 2, 8), (8, 2, 2, 4), (4, 2, 2, 1)].
- Rh leg dimensions: [(1, 2, 2, 4), (4, 2, 2, 16), (16, 2, 2, 24), (24, 2, 2, 24), (24, 2, 2, 24), (24, 2, 2, 24), (24, 2, 2, 24), (24, 2, 2, 24), (24, 2, 2, 16), (16, 2, 2, 4), (4, 2, 2, 1)].
-> E = <Lh|CC*> + <ALhAL*|CC*|ARhAR*> + <CC*|Rh> = 0.6631127533152926 + -0.1423345891922254 + 3.3313650795357765 = 3.8521432436588436.
- C_updated leg dimensions: [(1, 2, 2, 4), (4, 2, 2, 12), (12, 2, 2, 12), (12, 2, 2, 12), (12, 2, 2, 12), (12, 2, 2, 12), (12, 2, 2, 12), (12, 2, 2, 12), (12, 2, 2, 12), (12, 2, 2, 4), (4, 2, 2, 1)].
- largest Hermiticity error: 4.4133815802756146e-12.
- maximal number of matvec operations: 41.
-> E_updated = 3.735324465999719.
Orthogonality column 2:
- C leg dimensions: [(1, 2, 2, 4), (4, 2, 2, 12), (12, 2, 2, 12), (12, 2, 2, 12), (12, 2, 2, 12), (12, 2, 2, 12), (12, 2, 2, 12), (12, 2, 2, 12), (12, 2, 2, 12), (12, 2, 2, 4), (4, 2, 2, 1)].
- Lh leg dimensions: [(1, 2, 2, 4), (4, 2, 2, 3), (3, 2, 2, 8), (8, 2, 2, 3), (3, 2, 2, 8), (8, 2, 2, 3), (3, 2, 2, 8), (8, 2, 2, 3), (3, 2, 2, 8), (8, 2, 2, 3), (3, 2, 2, 1)].
- Rh leg dimensions: [(1, 2, 2, 4), (4, 2, 2, 16), (16, 2, 2, 24), (24, 2, 2, 24), (24, 2, 2, 24), (24, 2, 2, 24), (24, 2, 2, 24), (24, 2, 2, 24), (24, 2, 2, 16), (16, 2, 2, 4), (4, 2, 2, 1)].
-> E = <Lh|CC*> + <ALhAL*|CC*|ARhAR*> + <CC*|Rh> = 0.45561318440908927 + 0.2024798768887472 + 3.1985908049704355 = 3.8566838662682716.
- C_updated leg dimensions: [(1, 2, 2, 4), (4, 2, 2, 12), (12, 2, 2, 12), (12, 2, 2, 12), (12, 2, 2, 12), (12, 2, 2, 12), (12, 2, 2, 12), (12, 2, 2, 12), (12, 2, 2, 12), (12, 2, 2, 4), (4, 2, 2, 1)].
- largest Hermiticity error: 6.096897527856124e-12.
- maximal number of matvec operations: 41.
-> E_updated = 3.731904056610592.
Orthogonality column 1:
- C leg dimensions: [(1, 2, 2, 4), (4, 1, 2, 12), (12, 2, 2, 12), (12, 1, 2, 12), (12, 2, 2, 12), (12, 2, 2, 12), (12, 1, 2, 12), (12, 2, 2, 12), (12, 1, 2, 8), (8, 2, 2, 2), (2, 1, 2, 1)].
- Rh leg dimensions: [(1, 2, 2, 4), (4, 2, 2, 16), (16, 2, 2, 24), (24, 2, 2, 24), (24, 2, 2, 24), (24, 2, 2, 24), (24, 2, 2, 24), (24, 2, 2, 24), (24, 2, 2, 16), (16, 2, 2, 4), (4, 2, 2, 1)].
-> E = <Lh|CC*> + <ALhAL*|CC*|ARhAR*> + <CC*|Rh> = None + 0.5038778115326519 + 3.380614561858247 = 3.884492373390899.
- C_updated leg dimensions: [(1, 2, 2, 4), (4, 1, 2, 8), (8, 2, 2, 12), (12, 1, 2, 12), (12, 2, 2, 12), (12, 2, 2, 12), (12, 1, 2, 12), (12, 2, 2, 12), (12, 1, 2, 8), (8, 2, 2, 2), (2, 1, 2, 1)].
- largest Hermiticity error: 4.12745653641843e-12.
- maximal number of matvec operations: 41.
-> E_updated = 3.7806433605750276.
Orthogonality column 0:
- C leg dimensions: [(1, 1, 2, 2), (2, 1, 2, 4), (4, 1, 2, 8), (8, 1, 2, 12), (12, 1, 2, 12), (12, 1, 2, 12), (12, 1, 2, 12), (12, 1, 2, 12), (12, 1, 2, 8), (8, 1, 2, 2), (2, 1, 2, 1)].
- Rh leg dimensions: [(1, 2, 2, 4), (4, 2, 2, 16), (16, 2, 2, 24), (24, 2, 2, 24), (24, 2, 2, 24), (24, 2, 2, 24), (24, 2, 2, 24), (24, 2, 2, 24), (24, 2, 2, 16), (16, 2, 2, 4), (4, 2, 2, 1)].
-> E = <Lh|CC*> + <ALhAL*|CC*|ARhAR*> + <CC*|Rh> = None + None + 3.871405361872545 = 3.871405361872545.
- C_updated leg dimensions: [(1, 1, 2, 2), (2, 1, 2, 4), (4, 1, 2, 8), (8, 1, 2, 12), (12, 1, 2, 12), (12, 1, 2, 12), (12, 1, 2, 12), (12, 1, 2, 8), (8, 1, 2, 4), (4, 1, 2, 2), (2, 1, 2, 1)].
- largest Hermiticity error: 5.00191953362298e-09.
- maximal number of matvec operations: 31.
-> E_updated = 3.870923499585538.
=> <H> - E0 = 3.8492622681972932.

DMRGSquared sweep 3 ...
Orthogonality column 0:
- C leg dimensions: [(1, 1, 2, 2), (2, 1, 2, 4), (4, 1, 2, 8), (8, 1, 2, 12), (12, 1, 2, 12), (12, 1, 2, 12), (12, 1, 2, 12), (12, 1, 2, 8), (8, 1, 2, 4), (4, 1, 2, 2), (2, 1, 2, 1)].
- Rh leg dimensions: [(1, 2, 2, 4), (4, 2, 2, 16), (16, 2, 2, 24), (24, 2, 2, 24), (24, 2, 2, 24), (24, 2, 2, 24), (24, 2, 2, 24), (24, 2, 2, 24), (24, 2, 2, 16), (16, 2, 2, 4), (4, 2, 2, 1)].
-> E = <Lh|CC*> + <ALhAL*|CC*|ARhAR*> + <CC*|Rh> = None + None + 3.87092349958811 = 3.87092349958811.
- C_updated leg dimensions: [(1, 1, 2, 2), (2, 1, 2, 4), (4, 1, 2, 8), (8, 1, 2, 12), (12, 1, 2, 12), (12, 1, 2, 12), (12, 1, 2, 12), (12, 1, 2, 8), (8, 1, 2, 4), (4, 1, 2, 2), (2, 1, 2, 1)].
- largest Hermiticity error: 3.824165239918989e-09.
- maximal number of matvec operations: 21.
-> E_updated = 3.8709234995855537.
Orthogonality column 1:
- C leg dimensions: [(1, 2, 2, 2), (2, 1, 2, 4), (4, 2, 2, 8), (8, 1, 2, 12), (12, 2, 2, 12), (12, 2, 2, 12), (12, 1, 2, 12), (12, 2, 2, 8), (8, 1, 2, 4), (4, 2, 2, 2), (2, 1, 2, 1)].
- Rh leg dimensions: [(1, 2, 2, 4), (4, 2, 2, 16), (16, 2, 2, 24), (24, 2, 2, 24), (24, 2, 2, 24), (24, 2, 2, 24), (24, 2, 2, 24), (24, 2, 2, 24), (24, 2, 2, 16), (16, 2, 2, 4), (4, 2, 2, 1)].
-> E = <Lh|CC*> + <ALhAL*|CC*|ARhAR*> + <CC*|Rh> = None + 0.5014324836310599 + 3.3695608664198007 = 3.8709933500508606.
- C_updated leg dimensions: [(1, 2, 2, 4), (4, 1, 2, 8), (8, 2, 2, 12), (12, 1, 2, 12), (12, 2, 2, 12), (12, 2, 2, 12), (12, 1, 2, 12), (12, 2, 2, 12), (12, 1, 2, 8), (8, 2, 2, 2), (2, 1, 2, 1)].
- largest Hermiticity error: 3.776241291185314e-12.
- maximal number of matvec operations: 41.
-> E_updated = 3.780643360575034.
Orthogonality column 2:
- C leg dimensions: [(1, 2, 2, 4), (4, 2, 2, 8), (8, 2, 2, 12), (12, 2, 2, 12), (12, 2, 2, 12), (12, 2, 2, 12), (12, 2, 2, 12), (12, 2, 2, 12), (12, 2, 2, 8), (8, 2, 2, 2), (2, 2, 2, 1)].
- Lh leg dimensions: [(1, 2, 2, 4), (4, 2, 2, 3), (3, 2, 2, 8), (8, 2, 2, 3), (3, 2, 2, 8), (8, 2, 2, 3), (3, 2, 2, 8), (8, 2, 2, 3), (3, 2, 2, 8), (8, 2, 2, 3), (3, 2, 2, 1)].
- Rh leg dimensions: [(1, 2, 2, 4), (4, 2, 2, 16), (16, 2, 2, 24), (24, 2, 2, 24), (24, 2, 2, 24), (24, 2, 2, 24), (24, 2, 2, 24), (24, 2, 2, 24), (24, 2, 2, 16), (16, 2, 2, 4), (4, 2, 2, 1)].
-> E = <Lh|CC*> + <ALhAL*|CC*|ARhAR*> + <CC*|Rh> = 0.4812483782618248 + -0.029818255127289476 + 3.329617103439529 = 3.7810472265740644.
- C_updated leg dimensions: [(1, 2, 2, 4), (4, 2, 2, 12), (12, 2, 2, 12), (12, 2, 2, 12), (12, 2, 2, 12), (12, 2, 2, 12), (12, 2, 2, 12), (12, 2, 2, 12), (12, 2, 2, 12), (12, 2, 2, 4), (4, 2, 2, 1)].
- largest Hermiticity error: 5.810535778712769e-12.
- maximal number of matvec operations: 41.
-> E_updated = 3.5819514229948766.
Orthogonality column 3:
- C leg dimensions: [(1, 2, 2, 4), (4, 2, 2, 12), (12, 2, 2, 12), (12, 2, 2, 12), (12, 2, 2, 12), (12, 2, 2, 12), (12, 2, 2, 12), (12, 2, 2, 12), (12, 2, 2, 12), (12, 2, 2, 4), (4, 2, 2, 1)].
- Lh leg dimensions: [(1, 2, 2, 4), (4, 2, 2, 16), (16, 2, 2, 8), (8, 2, 2, 20), (20, 2, 2, 8), (8, 2, 2, 20), (20, 2, 2, 8), (8, 2, 2, 20), (20, 2, 2, 8), (8, 2, 2, 4), (4, 2, 2, 1)].
- Rh leg dimensions: [(1, 2, 2, 4), (4, 2, 2, 16), (16, 2, 2, 24), (24, 2, 2, 24), (24, 2, 2, 24), (24, 2, 2, 24), (24, 2, 2, 24), (24, 2, 2, 24), (24, 2, 2, 16), (16, 2, 2, 4), (4, 2, 2, 1)].
-> E = <Lh|CC*> + <ALhAL*|CC*|ARhAR*> + <CC*|Rh> = 0.38028864329076834 + -0.14423458659306765 + 3.409910116283166 = 3.6459641729808667.
- C_updated leg dimensions: [(1, 2, 2, 4), (4, 2, 2, 12), (12, 2, 2, 12), (12, 2, 2, 12), (12, 2, 2, 12), (12, 2, 2, 12), (12, 2, 2, 12), (12, 2, 2, 12), (12, 2, 2, 12), (12, 2, 2, 4), (4, 2, 2, 1)].
- largest Hermiticity error: 3.268334587949782e-12.
- maximal number of matvec operations: 41.
-> E_updated = 3.5251921841199576.
Orthogonality column 4:
- C leg dimensions: [(1, 2, 2, 4), (4, 2, 2, 12), (12, 2, 2, 12), (12, 2, 2, 12), (12, 2, 2, 12), (12, 2, 2, 12), (12, 2, 2, 12), (12, 2, 2, 12), (12, 2, 2, 12), (12, 2, 2, 4), (4, 2, 2, 1)].
- Lh leg dimensions: [(1, 2, 2, 4), (4, 2, 2, 16), (16, 2, 2, 24), (24, 2, 2, 20), (20, 2, 2, 24), (24, 2, 2, 20), (20, 2, 2, 24), (24, 2, 2, 20), (20, 2, 2, 16), (16, 2, 2, 4), (4, 2, 2, 1)].
- Rh leg dimensions: [(1, 2, 2, 4), (4, 2, 2, 16), (16, 2, 2, 24), (24, 2, 2, 24), (24, 2, 2, 24), (24, 2, 2, 24), (24, 2, 2, 24), (24, 2, 2, 24), (24, 2, 2, 16), (16, 2, 2, 4), (4, 2, 2, 1)].
-> E = <Lh|CC*> + <ALhAL*|CC*|ARhAR*> + <CC*|Rh> = 0.2757139149724838 + 0.4565058136975584 + 2.8514244214914837 = 3.583644150161526.
- C_updated leg dimensions: [(1, 2, 2, 4), (4, 2, 2, 12), (12, 2, 2, 12), (12, 2, 2, 12), (12, 2, 2, 12), (12, 2, 2, 12), (12, 2, 2, 12), (12, 2, 2, 12), (12, 2, 2, 12), (12, 2, 2, 4), (4, 2, 2, 1)].
- largest Hermiticity error: 1.1121017268254087e-12.
- maximal number of matvec operations: 41.
-> E_updated = 3.5452730502195893.
Orthogonality column 5:
- C leg dimensions: [(1, 2, 2, 4), (4, 2, 2, 12), (12, 2, 2, 12), (12, 2, 2, 12), (12, 2, 2, 12), (12, 2, 2, 12), (12, 2, 2, 12), (12, 2, 2, 12), (12, 2, 2, 12), (12, 2, 2, 4), (4, 2, 2, 1)].
- Lh leg dimensions: [(1, 2, 2, 4), (4, 2, 2, 16), (16, 2, 2, 24), (24, 2, 2, 24), (24, 2, 2, 24), (24, 2, 2, 24), (24, 2, 2, 24), (24, 2, 2, 24), (24, 2, 2, 16), (16, 2, 2, 4), (4, 2, 2, 1)].
- Rh leg dimensions: [(1, 2, 2, 4), (4, 2, 2, 16), (16, 2, 2, 24), (24, 2, 2, 24), (24, 2, 2, 24), (24, 2, 2, 24), (24, 2, 2, 24), (24, 2, 2, 24), (24, 2, 2, 16), (16, 2, 2, 4), (4, 2, 2, 1)].
-> E = <Lh|CC*> + <ALhAL*|CC*|ARhAR*> + <CC*|Rh> = 0.7440846909987486 + 0.9101155888084723 + 1.9122803161365645 = 3.5664805959437853.
- C_updated leg dimensions: [(1, 2, 2, 4), (4, 2, 2, 12), (12, 2, 2, 12), (12, 2, 2, 12), (12, 2, 2, 12), (12, 2, 2, 12), (12, 2, 2, 12), (12, 2, 2, 12), (12, 2, 2, 12), (12, 2, 2, 4), (4, 2, 2, 1)].
- largest Hermiticity error: 1.6458822246099863e-12.
- maximal number of matvec operations: 41.
-> E_updated = 3.550979758538821.
Orthogonality column 6:
- C leg dimensions: [(1, 2, 2, 4), (4, 2, 2, 12), (12, 2, 2, 12), (12, 2, 2, 12), (12, 2, 2, 12), (12, 2, 2, 12), (12, 2, 2, 12), (12, 2, 2, 12), (12, 2, 2, 12), (12, 2, 2, 4), (4, 2, 2, 1)].
- Lh leg dimensions: [(1, 2, 2, 4), (4, 2, 2, 16), (16, 2, 2, 24), (24, 2, 2, 24), (24, 2, 2, 24), (24, 2, 2, 24), (24, 2, 2, 24), (24, 2, 2, 24), (24, 2, 2, 16), (16, 2, 2, 4), (4, 2, 2, 1)].
- Rh leg dimensions: [(1, 2, 2, 4), (4, 2, 2, 16), (16, 2, 2, 24), (24, 2, 2, 24), (24, 2, 2, 24), (24, 2, 2, 24), (24, 2, 2, 24), (24, 2, 2, 24), (24, 2, 2, 16), (16, 2, 2, 4), (4, 2, 2, 1)].
-> E = <Lh|CC*> + <ALhAL*|CC*|ARhAR*> + <CC*|Rh> = 1.6716726035281535 + 0.7816311790706666 + 1.1150654992234919 = 3.568369281822312.
- C_updated leg dimensions: [(1, 2, 2, 4), (4, 2, 2, 12), (12, 2, 2, 12), (12, 2, 2, 12), (12, 2, 2, 12), (12, 2, 2, 12), (12, 2, 2, 12), (12, 2, 2, 12), (12, 2, 2, 12), (12, 2, 2, 4), (4, 2, 2, 1)].
- largest Hermiticity error: 2.234289357816172e-14.
- maximal number of matvec operations: 41.
-> E_updated = 3.545588746830565.
Orthogonality column 7:
- C leg dimensions: [(1, 2, 2, 4), (4, 2, 2, 12), (12, 2, 2, 12), (12, 2, 2, 12), (12, 2, 2, 12), (12, 2, 2, 12), (12, 2, 2, 12), (12, 2, 2, 12), (12, 2, 2, 12), (12, 2, 2, 4), (4, 2, 2, 1)].
- Lh leg dimensions: [(1, 2, 2, 4), (4, 2, 2, 16), (16, 2, 2, 24), (24, 2, 2, 24), (24, 2, 2, 24), (24, 2, 2, 24), (24, 2, 2, 24), (24, 2, 2, 24), (24, 2, 2, 16), (16, 2, 2, 4), (4, 2, 2, 1)].
- Rh leg dimensions: [(1, 2, 2, 4), (4, 2, 2, 16), (16, 2, 2, 24), (24, 2, 2, 24), (24, 2, 2, 24), (24, 2, 2, 24), (24, 2, 2, 24), (24, 2, 2, 24), (24, 2, 2, 16), (16, 2, 2, 4), (4, 2, 2, 1)].
-> E = <Lh|CC*> + <ALhAL*|CC*|ARhAR*> + <CC*|Rh> = 2.4873436613423294 + 0.30078102102336995 + 0.7963664622523319 = 3.584491144618031.
- C_updated leg dimensions: [(1, 2, 2, 4), (4, 2, 2, 12), (12, 2, 2, 12), (12, 2, 2, 12), (12, 2, 2, 12), (12, 2, 2, 12), (12, 2, 2, 12), (12, 2, 2, 12), (12, 2, 2, 12), (12, 2, 2, 4), (4, 2, 2, 1)].
- largest Hermiticity error: 4.551835068405543e-15.
- maximal number of matvec operations: 41.
-> E_updated = 3.5369662248461218.
Orthogonality column 8:
- C leg dimensions: [(1, 2, 2, 4), (4, 2, 2, 12), (12, 2, 2, 12), (12, 2, 2, 12), (12, 2, 2, 12), (12, 2, 2, 12), (12, 2, 2, 12), (12, 2, 2, 12), (12, 2, 2, 12), (12, 2, 2, 4), (4, 2, 2, 1)].
- Lh leg dimensions: [(1, 2, 2, 4), (4, 2, 2, 16), (16, 2, 2, 24), (24, 2, 2, 24), (24, 2, 2, 24), (24, 2, 2, 24), (24, 2, 2, 24), (24, 2, 2, 24), (24, 2, 2, 16), (16, 2, 2, 4), (4, 2, 2, 1)].
- Rh leg dimensions: [(1, 2, 2, 4), (4, 2, 2, 16), (16, 2, 2, 20), (20, 2, 2, 24), (24, 2, 2, 20), (20, 2, 2, 24), (24, 2, 2, 20), (20, 2, 2, 24), (24, 2, 2, 16), (16, 2, 2, 4), (4, 2, 2, 1)].
-> E = <Lh|CC*> + <ALhAL*|CC*|ARhAR*> + <CC*|Rh> = 2.788473243357915 + 0.32738648522447317 + 0.44641990922364555 = 3.5622796378060335.
- C_updated leg dimensions: [(1, 2, 2, 4), (4, 2, 2, 12), (12, 2, 2, 12), (12, 2, 2, 12), (12, 2, 2, 12), (12, 2, 2, 12), (12, 2, 2, 12), (12, 2, 2, 12), (12, 2, 2, 12), (12, 2, 2, 4), (4, 2, 2, 1)].
- largest Hermiticity error: 6.729748944926011e-10.
- maximal number of matvec operations: 41.
-> E_updated = 3.502568605754983.
Orthogonality column 9:
- C leg dimensions: [(1, 2, 2, 4), (4, 2, 2, 12), (12, 2, 2, 12), (12, 2, 2, 12), (12, 2, 2, 12), (12, 2, 2, 12), (12, 2, 2, 12), (12, 2, 2, 12), (12, 2, 2, 12), (12, 2, 2, 4), (4, 2, 2, 1)].
- Lh leg dimensions: [(1, 2, 2, 4), (4, 2, 2, 16), (16, 2, 2, 24), (24, 2, 2, 24), (24, 2, 2, 24), (24, 2, 2, 24), (24, 2, 2, 24), (24, 2, 2, 24), (24, 2, 2, 16), (16, 2, 2, 4), (4, 2, 2, 1)].
- Rh leg dimensions: [(1, 2, 2, 4), (4, 2, 2, 8), (8, 2, 2, 20), (20, 2, 2, 8), (8, 2, 2, 20), (20, 2, 2, 8), (8, 2, 2, 20), (20, 2, 2, 8), (8, 2, 2, 16), (16, 2, 2, 4), (4, 2, 2, 1)].
-> E = <Lh|CC*> + <ALhAL*|CC*|ARhAR*> + <CC*|Rh> = 3.1715842216393426 + -0.05596600647240372 + 0.4793146661707367 = 3.5949328813376757.
- C_updated leg dimensions: [(1, 2, 2, 4), (4, 2, 2, 12), (12, 2, 2, 12), (12, 2, 2, 12), (12, 2, 2, 12), (12, 2, 2, 12), (12, 2, 2, 12), (12, 2, 2, 12), (12, 2, 2, 12), (12, 2, 2, 4), (4, 2, 2, 1)].
- largest Hermiticity error: 4.1029041167144613e-10.
- maximal number of matvec operations: 41.
-> E_updated = 3.4895980865659784.
Orthogonality column 10:
- C leg dimensions: [(1, 2, 2, 4), (4, 2, 2, 12), (12, 2, 2, 12), (12, 2, 2, 12), (12, 2, 2, 12), (12, 2, 2, 12), (12, 2, 2, 12), (12, 2, 2, 12), (12, 2, 2, 12), (12, 2, 2, 4), (4, 2, 2, 1)].
- Lh leg dimensions: [(1, 2, 2, 4), (4, 2, 2, 16), (16, 2, 2, 24), (24, 2, 2, 24), (24, 2, 2, 24), (24, 2, 2, 24), (24, 2, 2, 24), (24, 2, 2, 24), (24, 2, 2, 16), (16, 2, 2, 4), (4, 2, 2, 1)].
- Rh leg dimensions: [(1, 2, 2, 3), (3, 2, 2, 8), (8, 2, 2, 3), (3, 2, 2, 8), (8, 2, 2, 3), (3, 2, 2, 8), (8, 2, 2, 3), (3, 2, 2, 8), (8, 2, 2, 3), (3, 2, 2, 4), (4, 2, 2, 1)].
-> E = <Lh|CC*> + <ALhAL*|CC*|ARhAR*> + <CC*|Rh> = 3.1354725742219034 + -0.10098689812026683 + 0.5385219720708289 = 3.5730076481724655.
- C_updated leg dimensions: [(1, 2, 2, 4), (4, 2, 2, 12), (12, 2, 2, 12), (12, 2, 2, 12), (12, 2, 2, 12), (12, 2, 2, 12), (12, 2, 2, 12), (12, 2, 2, 12), (12, 2, 2, 12), (12, 2, 2, 4), (4, 2, 2, 1)].
- largest Hermiticity error: 1.8236771004271152e-10.
- maximal number of matvec operations: 41.
-> E_updated = 3.506292707475888.
Orthogonality column 11:
- C leg dimensions: [(1, 2, 1, 4), (4, 2, 2, 12), (12, 2, 1, 12), (12, 2, 2, 12), (12, 2, 1, 12), (12, 2, 2, 12), (12, 2, 2, 12), (12, 2, 1, 12), (12, 2, 2, 8), (8, 2, 1, 4), (4, 2, 2, 1)].
- Lh leg dimensions: [(1, 2, 2, 4), (4, 2, 2, 16), (16, 2, 2, 24), (24, 2, 2, 24), (24, 2, 2, 24), (24, 2, 2, 24), (24, 2, 2, 24), (24, 2, 2, 24), (24, 2, 2, 16), (16, 2, 2, 4), (4, 2, 2, 1)].
-> E = <Lh|CC*> + <ALhAL*|CC*|ARhAR*> + <CC*|Rh> = 3.063909721301877 + 0.5134768045716088 + None = 3.577386525873486.
- C_updated leg dimensions: [(1, 2, 1, 2), (2, 2, 2, 8), (8, 2, 1, 12), (12, 2, 2, 12), (12, 2, 1, 12), (12, 2, 2, 12), (12, 2, 2, 12), (12, 2, 1, 12), (12, 2, 2, 8), (8, 2, 1, 4), (4, 2, 2, 1)].
- largest Hermiticity error: 9.602536085829606e-11.
- maximal number of matvec operations: 41.
-> E_updated = 3.5723241145900277.
Orthogonality column 12:
- C leg dimensions: [(1, 2, 1, 2), (2, 2, 1, 4), (4, 2, 1, 8), (8, 2, 1, 12), (12, 2, 1, 12), (12, 2, 1, 12), (12, 2, 1, 12), (12, 2, 1, 12), (12, 2, 1, 8), (8, 2, 1, 4), (4, 2, 1, 1)].
- Lh leg dimensions: [(1, 2, 2, 4), (4, 2, 2, 16), (16, 2, 2, 24), (24, 2, 2, 24), (24, 2, 2, 24), (24, 2, 2, 24), (24, 2, 2, 24), (24, 2, 2, 24), (24, 2, 2, 16), (16, 2, 2, 4), (4, 2, 2, 1)].
-> E = <Lh|CC*> + <ALhAL*|CC*|ARhAR*> + <CC*|Rh> = 3.663491051445482 + None + None = 3.663491051445482.
- C_updated leg dimensions: [(1, 2, 1, 2), (2, 2, 1, 4), (4, 2, 1, 8), (8, 2, 1, 12), (12, 2, 1, 12), (12, 2, 1, 12), (12, 2, 1, 12), (12, 2, 1, 8), (8, 2, 1, 4), (4, 2, 1, 2), (2, 2, 1, 1)].
- largest Hermiticity error: 1.289063996896749e-10.
- maximal number of matvec operations: 31.
-> E_updated = 3.6622681354087647.
Orthogonality column 11:
- C leg dimensions: [(1, 2, 1, 2), (2, 2, 2, 4), (4, 2, 1, 8), (8, 2, 2, 12), (12, 2, 1, 12), (12, 2, 2, 12), (12, 2, 2, 12), (12, 2, 1, 8), (8, 2, 2, 4), (4, 2, 1, 2), (2, 2, 2, 1)].
- Lh leg dimensions: [(1, 2, 2, 4), (4, 2, 2, 16), (16, 2, 2, 24), (24, 2, 2, 24), (24, 2, 2, 24), (24, 2, 2, 24), (24, 2, 2, 24), (24, 2, 2, 24), (24, 2, 2, 16), (16, 2, 2, 4), (4, 2, 2, 1)].
-> E = <Lh|CC*> + <ALhAL*|CC*|ARhAR*> + <CC*|Rh> = 3.115120614387494 + 0.5472810413176454 + None = 3.662401655705139.
- C_updated leg dimensions: [(1, 2, 1, 2), (2, 2, 2, 8), (8, 2, 1, 12), (12, 2, 2, 12), (12, 2, 1, 12), (12, 2, 2, 12), (12, 2, 2, 12), (12, 2, 1, 12), (12, 2, 2, 8), (8, 2, 1, 4), (4, 2, 2, 1)].
- largest Hermiticity error: 6.472387125815189e-11.
- maximal number of matvec operations: 41.
-> E_updated = 3.5723241145900286.
Orthogonality column 10:
- C leg dimensions: [(1, 2, 2, 2), (2, 2, 2, 8), (8, 2, 2, 12), (12, 2, 2, 12), (12, 2, 2, 12), (12, 2, 2, 12), (12, 2, 2, 12), (12, 2, 2, 12), (12, 2, 2, 8), (8, 2, 2, 4), (4, 2, 2, 1)].
- Lh leg dimensions: [(1, 2, 2, 4), (4, 2, 2, 16), (16, 2, 2, 24), (24, 2, 2, 24), (24, 2, 2, 24), (24, 2, 2, 24), (24, 2, 2, 24), (24, 2, 2, 24), (24, 2, 2, 16), (16, 2, 2, 4), (4, 2, 2, 1)].
- Rh leg dimensions: [(1, 2, 2, 3), (3, 2, 2, 8), (8, 2, 2, 3), (3, 2, 2, 8), (8, 2, 2, 3), (3, 2, 2, 8), (8, 2, 2, 3), (3, 2, 2, 8), (8, 2, 2, 3), (3, 2, 2, 4), (4, 2, 2, 1)].
-> E = <Lh|CC*> + <ALhAL*|CC*|ARhAR*> + <CC*|Rh> = 3.1540535716324976 + -0.08767625807096016 + 0.5070971119998245 = 3.5734744255613617.
- C_updated leg dimensions: [(1, 2, 2, 4), (4, 2, 2, 12), (12, 2, 2, 12), (12, 2, 2, 12), (12, 2, 2, 12), (12, 2, 2, 12), (12, 2, 2, 12), (12, 2, 2, 12), (12, 2, 2, 12), (12, 2, 2, 4), (4, 2, 2, 1)].
- largest Hermiticity error: 9.869788098624107e-11.
- maximal number of matvec operations: 41.
-> E_updated = 3.506197236169465.
Orthogonality column 9:
- C leg dimensions: [(1, 2, 2, 4), (4, 2, 2, 12), (12, 2, 2, 12), (12, 2, 2, 12), (12, 2, 2, 12), (12, 2, 2, 12), (12, 2, 2, 12), (12, 2, 2, 12), (12, 2, 2, 12), (12, 2, 2, 4), (4, 2, 2, 1)].
- Lh leg dimensions: [(1, 2, 2, 4), (4, 2, 2, 16), (16, 2, 2, 24), (24, 2, 2, 24), (24, 2, 2, 24), (24, 2, 2, 24), (24, 2, 2, 24), (24, 2, 2, 24), (24, 2, 2, 16), (16, 2, 2, 4), (4, 2, 2, 1)].
- Rh leg dimensions: [(1, 2, 2, 4), (4, 2, 2, 8), (8, 2, 2, 20), (20, 2, 2, 8), (8, 2, 2, 20), (20, 2, 2, 8), (8, 2, 2, 20), (20, 2, 2, 8), (8, 2, 2, 16), (16, 2, 2, 4), (4, 2, 2, 1)].
-> E = <Lh|CC*> + <ALhAL*|CC*|ARhAR*> + <CC*|Rh> = 3.2007498857702683 + -0.0540622763491398 + 0.4276796964684441 = 3.574367305889573.
- C_updated leg dimensions: [(1, 2, 2, 4), (4, 2, 2, 12), (12, 2, 2, 12), (12, 2, 2, 12), (12, 2, 2, 12), (12, 2, 2, 12), (12, 2, 2, 12), (12, 2, 2, 12), (12, 2, 2, 12), (12, 2, 2, 4), (4, 2, 2, 1)].
- largest Hermiticity error: 3.8996882627964286e-10.
- maximal number of matvec operations: 41.
-> E_updated = 3.4866117066057623.
Orthogonality column 8:
- C leg dimensions: [(1, 2, 2, 4), (4, 2, 2, 12), (12, 2, 2, 12), (12, 2, 2, 12), (12, 2, 2, 12), (12, 2, 2, 12), (12, 2, 2, 12), (12, 2, 2, 12), (12, 2, 2, 12), (12, 2, 2, 4), (4, 2, 2, 1)].
- Lh leg dimensions: [(1, 2, 2, 4), (4, 2, 2, 16), (16, 2, 2, 24), (24, 2, 2, 24), (24, 2, 2, 24), (24, 2, 2, 24), (24, 2, 2, 24), (24, 2, 2, 24), (24, 2, 2, 16), (16, 2, 2, 4), (4, 2, 2, 1)].
- Rh leg dimensions: [(1, 2, 2, 4), (4, 2, 2, 16), (16, 2, 2, 20), (20, 2, 2, 24), (24, 2, 2, 20), (20, 2, 2, 24), (24, 2, 2, 20), (20, 2, 2, 24), (24, 2, 2, 16), (16, 2, 2, 4), (4, 2, 2, 1)].
-> E = <Lh|CC*> + <ALhAL*|CC*|ARhAR*> + <CC*|Rh> = 2.8416698850435846 + 0.336554464054577 + 0.4022040274988968 = 3.5804283765970584.
- C_updated leg dimensions: [(1, 2, 2, 4), (4, 2, 2, 12), (12, 2, 2, 12), (12, 2, 2, 12), (12, 2, 2, 12), (12, 2, 2, 12), (12, 2, 2, 12), (12, 2, 2, 12), (12, 2, 2, 12), (12, 2, 2, 4), (4, 2, 2, 1)].
- largest Hermiticity error: 7.899887504247785e-10.
- maximal number of matvec operations: 41.
-> E_updated = 3.4961078679150823.
Orthogonality column 7:
- C leg dimensions: [(1, 2, 2, 4), (4, 2, 2, 12), (12, 2, 2, 12), (12, 2, 2, 12), (12, 2, 2, 12), (12, 2, 2, 12), (12, 2, 2, 12), (12, 2, 2, 12), (12, 2, 2, 12), (12, 2, 2, 4), (4, 2, 2, 1)].
- Lh leg dimensions: [(1, 2, 2, 4), (4, 2, 2, 16), (16, 2, 2, 24), (24, 2, 2, 24), (24, 2, 2, 24), (24, 2, 2, 24), (24, 2, 2, 24), (24, 2, 2, 24), (24, 2, 2, 16), (16, 2, 2, 4), (4, 2, 2, 1)].
- Rh leg dimensions: [(1, 2, 2, 4), (4, 2, 2, 16), (16, 2, 2, 24), (24, 2, 2, 24), (24, 2, 2, 24), (24, 2, 2, 24), (24, 2, 2, 24), (24, 2, 2, 24), (24, 2, 2, 16), (16, 2, 2, 4), (4, 2, 2, 1)].
-> E = <Lh|CC*> + <ALhAL*|CC*|ARhAR*> + <CC*|Rh> = 2.5018637822937473 + 0.2949897280737851 + 0.7468480414541735 = 3.5437015518217057.
- C_updated leg dimensions: [(1, 2, 2, 4), (4, 2, 2, 12), (12, 2, 2, 12), (12, 2, 2, 12), (12, 2, 2, 12), (12, 2, 2, 12), (12, 2, 2, 12), (12, 2, 2, 12), (12, 2, 2, 12), (12, 2, 2, 4), (4, 2, 2, 1)].
- largest Hermiticity error: 4.8413394244973836e-15.
- maximal number of matvec operations: 31.
-> E_updated = 3.518336142386162.
Orthogonality column 6:
- C leg dimensions: [(1, 2, 2, 4), (4, 2, 2, 12), (12, 2, 2, 12), (12, 2, 2, 12), (12, 2, 2, 12), (12, 2, 2, 12), (12, 2, 2, 12), (12, 2, 2, 12), (12, 2, 2, 12), (12, 2, 2, 4), (4, 2, 2, 1)].
- Lh leg dimensions: [(1, 2, 2, 4), (4, 2, 2, 16), (16, 2, 2, 24), (24, 2, 2, 24), (24, 2, 2, 24), (24, 2, 2, 24), (24, 2, 2, 24), (24, 2, 2, 24), (24, 2, 2, 16), (16, 2, 2, 4), (4, 2, 2, 1)].
- Rh leg dimensions: [(1, 2, 2, 4), (4, 2, 2, 16), (16, 2, 2, 24), (24, 2, 2, 24), (24, 2, 2, 24), (24, 2, 2, 24), (24, 2, 2, 24), (24, 2, 2, 24), (24, 2, 2, 16), (16, 2, 2, 4), (4, 2, 2, 1)].
-> E = <Lh|CC*> + <ALhAL*|CC*|ARhAR*> + <CC*|Rh> = 1.7078756551105903 + 0.7804063891013625 + 1.0927868692652032 = 3.581068913477156.
- C_updated leg dimensions: [(1, 2, 2, 4), (4, 2, 2, 12), (12, 2, 2, 12), (12, 2, 2, 12), (12, 2, 2, 12), (12, 2, 2, 12), (12, 2, 2, 12), (12, 2, 2, 12), (12, 2, 2, 12), (12, 2, 2, 4), (4, 2, 2, 1)].
- largest Hermiticity error: 5.757124627010134e-15.
- maximal number of matvec operations: 41.
-> E_updated = 3.5410654543986686.
Orthogonality column 5:
- C leg dimensions: [(1, 2, 2, 4), (4, 2, 2, 12), (12, 2, 2, 12), (12, 2, 2, 12), (12, 2, 2, 12), (12, 2, 2, 12), (12, 2, 2, 12), (12, 2, 2, 12), (12, 2, 2, 12), (12, 2, 2, 4), (4, 2, 2, 1)].
- Lh leg dimensions: [(1, 2, 2, 4), (4, 2, 2, 16), (16, 2, 2, 24), (24, 2, 2, 24), (24, 2, 2, 24), (24, 2, 2, 24), (24, 2, 2, 24), (24, 2, 2, 24), (24, 2, 2, 16), (16, 2, 2, 4), (4, 2, 2, 1)].
- Rh leg dimensions: [(1, 2, 2, 4), (4, 2, 2, 16), (16, 2, 2, 24), (24, 2, 2, 24), (24, 2, 2, 24), (24, 2, 2, 24), (24, 2, 2, 24), (24, 2, 2, 24), (24, 2, 2, 16), (16, 2, 2, 4), (4, 2, 2, 1)].
-> E = <Lh|CC*> + <ALhAL*|CC*|ARhAR*> + <CC*|Rh> = 0.7595706726830037 + 0.9116589390716854 + 1.8939336366021804 = 3.5651632483568694.
- C_updated leg dimensions: [(1, 2, 2, 4), (4, 2, 2, 12), (12, 2, 2, 12), (12, 2, 2, 12), (12, 2, 2, 12), (12, 2, 2, 12), (12, 2, 2, 12), (12, 2, 2, 12), (12, 2, 2, 12), (12, 2, 2, 4), (4, 2, 2, 1)].
- largest Hermiticity error: 7.4324122387847675e-09.
- maximal number of matvec operations: 41.
-> E_updated = 3.546452765573065.
Orthogonality column 4:
- C leg dimensions: [(1, 2, 2, 4), (4, 2, 2, 12), (12, 2, 2, 12), (12, 2, 2, 12), (12, 2, 2, 12), (12, 2, 2, 12), (12, 2, 2, 12), (12, 2, 2, 12), (12, 2, 2, 12), (12, 2, 2, 4), (4, 2, 2, 1)].
- Lh leg dimensions: [(1, 2, 2, 4), (4, 2, 2, 16), (16, 2, 2, 24), (24, 2, 2, 20), (20, 2, 2, 24), (24, 2, 2, 20), (20, 2, 2, 24), (24, 2, 2, 20), (20, 2, 2, 16), (16, 2, 2, 4), (4, 2, 2, 1)].
- Rh leg dimensions: [(1, 2, 2, 4), (4, 2, 2, 16), (16, 2, 2, 24), (24, 2, 2, 24), (24, 2, 2, 24), (24, 2, 2, 24), (24, 2, 2, 24), (24, 2, 2, 24), (24, 2, 2, 16), (16, 2, 2, 4), (4, 2, 2, 1)].
-> E = <Lh|CC*> + <ALhAL*|CC*|ARhAR*> + <CC*|Rh> = 0.2870900686019818 + 0.4560872244995099 + 2.813613860522415 = 3.5567911536239065.
- C_updated leg dimensions: [(1, 2, 2, 4), (4, 2, 2, 12), (12, 2, 2, 12), (12, 2, 2, 12), (12, 2, 2, 12), (12, 2, 2, 12), (12, 2, 2, 12), (12, 2, 2, 12), (12, 2, 2, 12), (12, 2, 2, 4), (4, 2, 2, 1)].
- largest Hermiticity error: 4.090696964705234e-09.
- maximal number of matvec operations: 31.
-> E_updated = 3.5387841031523166.
Orthogonality column 3:
- C leg dimensions: [(1, 2, 2, 4), (4, 2, 2, 12), (12, 2, 2, 12), (12, 2, 2, 12), (12, 2, 2, 12), (12, 2, 2, 12), (12, 2, 2, 12), (12, 2, 2, 12), (12, 2, 2, 12), (12, 2, 2, 4), (4, 2, 2, 1)].
- Lh leg dimensions: [(1, 2, 2, 4), (4, 2, 2, 16), (16, 2, 2, 8), (8, 2, 2, 20), (20, 2, 2, 8), (8, 2, 2, 20), (20, 2, 2, 8), (8, 2, 2, 20), (20, 2, 2, 8), (8, 2, 2, 4), (4, 2, 2, 1)].
- Rh leg dimensions: [(1, 2, 2, 4), (4, 2, 2, 16), (16, 2, 2, 24), (24, 2, 2, 24), (24, 2, 2, 24), (24, 2, 2, 24), (24, 2, 2, 24), (24, 2, 2, 24), (24, 2, 2, 16), (16, 2, 2, 4), (4, 2, 2, 1)].
-> E = <Lh|CC*> + <ALhAL*|CC*|ARhAR*> + <CC*|Rh> = 0.39000561169301956 + -0.10977491378002766 + 3.287504853591399 = 3.567735551504391.
- C_updated leg dimensions: [(1, 2, 2, 4), (4, 2, 2, 12), (12, 2, 2, 12), (12, 2, 2, 12), (12, 2, 2, 12), (12, 2, 2, 12), (12, 2, 2, 12), (12, 2, 2, 12), (12, 2, 2, 12), (12, 2, 2, 4), (4, 2, 2, 1)].
- largest Hermiticity error: 1.352318439713011e-09.
- maximal number of matvec operations: 41.
-> E_updated = 3.5070004481131916.
Orthogonality column 2:
- C leg dimensions: [(1, 2, 2, 4), (4, 2, 2, 12), (12, 2, 2, 12), (12, 2, 2, 12), (12, 2, 2, 12), (12, 2, 2, 12), (12, 2, 2, 12), (12, 2, 2, 12), (12, 2, 2, 12), (12, 2, 2, 4), (4, 2, 2, 1)].
- Lh leg dimensions: [(1, 2, 2, 4), (4, 2, 2, 3), (3, 2, 2, 8), (8, 2, 2, 3), (3, 2, 2, 8), (8, 2, 2, 3), (3, 2, 2, 8), (8, 2, 2, 3), (3, 2, 2, 8), (8, 2, 2, 3), (3, 2, 2, 1)].
- Rh leg dimensions: [(1, 2, 2, 4), (4, 2, 2, 16), (16, 2, 2, 24), (24, 2, 2, 24), (24, 2, 2, 24), (24, 2, 2, 24), (24, 2, 2, 24), (24, 2, 2, 24), (24, 2, 2, 16), (16, 2, 2, 4), (4, 2, 2, 1)].
-> E = <Lh|CC*> + <ALhAL*|CC*|ARhAR*> + <CC*|Rh> = 0.48768287673377486 + -0.09254498329836727 + 3.252136908747762 = 3.6472748021831696.
- C_updated leg dimensions: [(1, 2, 2, 4), (4, 2, 2, 12), (12, 2, 2, 12), (12, 2, 2, 12), (12, 2, 2, 12), (12, 2, 2, 12), (12, 2, 2, 12), (12, 2, 2, 12), (12, 2, 2, 12), (12, 2, 2, 4), (4, 2, 2, 1)].
- largest Hermiticity error: 9.673377994081455e-10.
- maximal number of matvec operations: 41.
-> E_updated = 3.5856708560007275.
Orthogonality column 1:
- C leg dimensions: [(1, 2, 2, 4), (4, 1, 2, 12), (12, 2, 2, 12), (12, 1, 2, 12), (12, 2, 2, 12), (12, 2, 2, 12), (12, 1, 2, 12), (12, 2, 2, 12), (12, 1, 2, 8), (8, 2, 2, 2), (2, 1, 2, 1)].
- Rh leg dimensions: [(1, 2, 2, 4), (4, 2, 2, 16), (16, 2, 2, 24), (24, 2, 2, 24), (24, 2, 2, 24), (24, 2, 2, 24), (24, 2, 2, 24), (24, 2, 2, 24), (24, 2, 2, 16), (16, 2, 2, 4), (4, 2, 2, 1)].
-> E = <Lh|CC*> + <ALhAL*|CC*|ARhAR*> + <CC*|Rh> = None + 0.49122721539097847 + 3.2437324300092305 = 3.7349596454002087.
- C_updated leg dimensions: [(1, 2, 2, 4), (4, 1, 2, 8), (8, 2, 2, 12), (12, 1, 2, 12), (12, 2, 2, 12), (12, 2, 2, 12), (12, 1, 2, 12), (12, 2, 2, 12), (12, 1, 2, 8), (8, 2, 2, 2), (2, 1, 2, 1)].
- largest Hermiticity error: 5.640085427943948e-10.
- maximal number of matvec operations: 31.
-> E_updated = 3.728208870552646.
Orthogonality column 0:
- C leg dimensions: [(1, 1, 2, 2), (2, 1, 2, 4), (4, 1, 2, 8), (8, 1, 2, 12), (12, 1, 2, 12), (12, 1, 2, 12), (12, 1, 2, 12), (12, 1, 2, 12), (12, 1, 2, 8), (8, 1, 2, 2), (2, 1, 2, 1)].
- Rh leg dimensions: [(1, 2, 2, 4), (4, 2, 2, 16), (16, 2, 2, 24), (24, 2, 2, 24), (24, 2, 2, 24), (24, 2, 2, 24), (24, 2, 2, 24), (24, 2, 2, 24), (24, 2, 2, 16), (16, 2, 2, 4), (4, 2, 2, 1)].
-> E = <Lh|CC*> + <ALhAL*|CC*|ARhAR*> + <CC*|Rh> = None + None + 3.782899750182531 = 3.782899750182531.
- C_updated leg dimensions: [(1, 1, 2, 2), (2, 1, 2, 4), (4, 1, 2, 8), (8, 1, 2, 12), (12, 1, 2, 12), (12, 1, 2, 12), (12, 1, 2, 12), (12, 1, 2, 8), (8, 1, 2, 4), (4, 1, 2, 2), (2, 1, 2, 1)].
- largest Hermiticity error: 3.9456765274140537e-10.
- maximal number of matvec operations: 31.
-> E_updated = 3.782431076948172.
=> <H> - E0 = 3.774864157932228.

<H>s - E0 = [4.89886615 3.84926227 3.77486416]
