Lx = 6, Ly = 6, g = 3.5, D_max = 2, chi_max_c = 12, chi_max_b = 24. 

E0_exact = -261.32772977. 

es = [-31.4840249  -20.98649737 -20.99799332 -20.99579631 -21.00149697
 -20.99714502 -20.9985025  -20.99972779 -21.00244224 -21.00478542
 -31.5048607 ].
E = -251.9732725423092.
E - E0 = 9.35445722769083.
subtract energy E0_exact evenly from all columns.

BoundaryCompression performed 3 sweeps.
BoundaryCompression performed 3 sweeps.
BoundaryCompression performed 3 sweeps.
BoundaryCompression performed 3 sweeps.
BoundaryCompression performed 3 sweeps.
BoundaryCompression performed 3 sweeps.
BoundaryCompression performed 3 sweeps.
BoundaryCompression performed 3 sweeps.
BoundaryCompression performed 3 sweeps.
BoundaryCompression performed 3 sweeps.
BoundaryCompression performed 3 sweeps.

DMRGSquared sweep 1 ...
Orthogonality column 0:
- C leg dimensions: [(1, 1, 2, 2), (2, 1, 2, 4), (4, 1, 2, 8), (8, 1, 2, 12), (12, 1, 2, 12), (12, 1, 2, 12), (12, 1, 2, 12), (12, 1, 2, 8), (8, 1, 2, 4), (4, 1, 2, 2), (2, 1, 2, 1)].
- Rh leg dimensions: [(1, 2, 2, 4), (4, 2, 2, 16), (16, 2, 2, 24), (24, 2, 2, 24), (24, 2, 2, 24), (24, 2, 2, 24), (24, 2, 2, 24), (24, 2, 2, 24), (24, 2, 2, 16), (16, 2, 2, 4), (4, 2, 2, 1)].
-> E = <Lh|CC*> + <ALhAL*|CC*|ARhAR*> + <CC*|Rh> = None + None + 9.42639390096948 = 9.42639390096948.
ColumnDMRG performed 3 sweeps.
- C_updated leg dimensions: [(1, 1, 2, 2), (2, 1, 2, 4), (4, 1, 2, 8), (8, 1, 2, 12), (12, 1, 2, 12), (12, 1, 2, 12), (12, 1, 2, 12), (12, 1, 2, 8), (8, 1, 2, 4), (4, 1, 2, 2), (2, 1, 2, 1)].
- largest Hermiticity error: 1.9828713932171174e-06.
- maximal number of matvec operations: 31.
-> E_updated = 9.206997869035495.
Orthogonality column 1:
- C leg dimensions: [(1, 2, 2, 2), (2, 1, 2, 4), (4, 2, 2, 8), (8, 1, 2, 12), (12, 2, 2, 12), (12, 2, 2, 12), (12, 1, 2, 12), (12, 2, 2, 8), (8, 1, 2, 4), (4, 2, 2, 2), (2, 1, 2, 1)].
- Rh leg dimensions: [(1, 2, 2, 4), (4, 2, 2, 16), (16, 2, 2, 24), (24, 2, 2, 24), (24, 2, 2, 24), (24, 2, 2, 24), (24, 2, 2, 24), (24, 2, 2, 24), (24, 2, 2, 16), (16, 2, 2, 4), (4, 2, 2, 1)].
-> E = <Lh|CC*> + <ALhAL*|CC*|ARhAR*> + <CC*|Rh> = None + 1.1018604841239157 + 8.150529624595308 = 9.252390108719224.
ColumnDMRG performed 3 sweeps.
- C_updated leg dimensions: [(1, 2, 2, 4), (4, 1, 2, 8), (8, 2, 2, 12), (12, 1, 2, 12), (12, 2, 2, 12), (12, 2, 2, 12), (12, 1, 2, 12), (12, 2, 2, 12), (12, 1, 2, 8), (8, 2, 2, 2), (2, 1, 2, 1)].
- largest Hermiticity error: 2.5333969633033825e-06.
- maximal number of matvec operations: 41.
-> E_updated = 9.068372603025136.
BoundaryCompression performed 3 sweeps.
Orthogonality column 2:
- C leg dimensions: [(1, 2, 2, 4), (4, 2, 2, 8), (8, 2, 2, 12), (12, 2, 2, 12), (12, 2, 2, 12), (12, 2, 2, 12), (12, 2, 2, 12), (12, 2, 2, 12), (12, 2, 2, 8), (8, 2, 2, 2), (2, 2, 2, 1)].
- Lh leg dimensions: [(1, 2, 2, 4), (4, 2, 2, 3), (3, 2, 2, 8), (8, 2, 2, 3), (3, 2, 2, 8), (8, 2, 2, 3), (3, 2, 2, 8), (8, 2, 2, 3), (3, 2, 2, 8), (8, 2, 2, 3), (3, 2, 2, 1)].
- Rh leg dimensions: [(1, 2, 2, 4), (4, 2, 2, 16), (16, 2, 2, 24), (24, 2, 2, 24), (24, 2, 2, 24), (24, 2, 2, 24), (24, 2, 2, 24), (24, 2, 2, 24), (24, 2, 2, 16), (16, 2, 2, 4), (4, 2, 2, 1)].
-> E = <Lh|CC*> + <ALhAL*|CC*|ARhAR*> + <CC*|Rh> = 0.8908659519234129 + 0.7350597867457017 + 7.45980378801319 = 9.085729526682304.
ColumnDMRG performed 3 sweeps.
- C_updated leg dimensions: [(1, 2, 2, 4), (4, 2, 2, 12), (12, 2, 2, 12), (12, 2, 2, 12), (12, 2, 2, 12), (12, 2, 2, 12), (12, 2, 2, 12), (12, 2, 2, 12), (12, 2, 2, 12), (12, 2, 2, 4), (4, 2, 2, 1)].
- largest Hermiticity error: 1.7370869382349467e-06.
- maximal number of matvec operations: 51.
-> E_updated = 8.331879753615947.
BoundaryCompression performed 3 sweeps.
Orthogonality column 3:
- C leg dimensions: [(1, 2, 2, 4), (4, 2, 2, 12), (12, 2, 2, 12), (12, 2, 2, 12), (12, 2, 2, 12), (12, 2, 2, 12), (12, 2, 2, 12), (12, 2, 2, 12), (12, 2, 2, 12), (12, 2, 2, 4), (4, 2, 2, 1)].
- Lh leg dimensions: [(1, 2, 2, 4), (4, 2, 2, 16), (16, 2, 2, 8), (8, 2, 2, 20), (20, 2, 2, 8), (8, 2, 2, 20), (20, 2, 2, 8), (8, 2, 2, 20), (20, 2, 2, 8), (8, 2, 2, 4), (4, 2, 2, 1)].
- Rh leg dimensions: [(1, 2, 2, 4), (4, 2, 2, 16), (16, 2, 2, 24), (24, 2, 2, 24), (24, 2, 2, 24), (24, 2, 2, 24), (24, 2, 2, 24), (24, 2, 2, 24), (24, 2, 2, 16), (16, 2, 2, 4), (4, 2, 2, 1)].
-> E = <Lh|CC*> + <ALhAL*|CC*|ARhAR*> + <CC*|Rh> = 0.9103042429272308 + 0.7114995202201827 + 6.697528050349194 = 8.319331813496607.
ColumnDMRG performed 3 sweeps.
- C_updated leg dimensions: [(1, 2, 2, 4), (4, 2, 2, 12), (12, 2, 2, 12), (12, 2, 2, 12), (12, 2, 2, 12), (12, 2, 2, 12), (12, 2, 2, 12), (12, 2, 2, 12), (12, 2, 2, 12), (12, 2, 2, 4), (4, 2, 2, 1)].
- largest Hermiticity error: 4.2551623688758035e-06.
- maximal number of matvec operations: 51.
-> E_updated = 7.780675190312811.
BoundaryCompression performed 3 sweeps.
Orthogonality column 4:
- C leg dimensions: [(1, 2, 2, 4), (4, 2, 2, 12), (12, 2, 2, 12), (12, 2, 2, 12), (12, 2, 2, 12), (12, 2, 2, 12), (12, 2, 2, 12), (12, 2, 2, 12), (12, 2, 2, 12), (12, 2, 2, 4), (4, 2, 2, 1)].
- Lh leg dimensions: [(1, 2, 2, 4), (4, 2, 2, 16), (16, 2, 2, 24), (24, 2, 2, 20), (20, 2, 2, 24), (24, 2, 2, 20), (20, 2, 2, 24), (24, 2, 2, 20), (20, 2, 2, 16), (16, 2, 2, 4), (4, 2, 2, 1)].
- Rh leg dimensions: [(1, 2, 2, 4), (4, 2, 2, 16), (16, 2, 2, 24), (24, 2, 2, 24), (24, 2, 2, 24), (24, 2, 2, 24), (24, 2, 2, 24), (24, 2, 2, 24), (24, 2, 2, 16), (16, 2, 2, 4), (4, 2, 2, 1)].
-> E = <Lh|CC*> + <ALhAL*|CC*|ARhAR*> + <CC*|Rh> = 1.142632483129506 + 0.7663576478076294 + 5.865872829982565 = 7.7748629609197.
ColumnDMRG performed 3 sweeps.
- C_updated leg dimensions: [(1, 2, 2, 4), (4, 2, 2, 12), (12, 2, 2, 12), (12, 2, 2, 12), (12, 2, 2, 12), (12, 2, 2, 12), (12, 2, 2, 12), (12, 2, 2, 12), (12, 2, 2, 12), (12, 2, 2, 4), (4, 2, 2, 1)].
- largest Hermiticity error: 1.2454806392510646e-05.
- maximal number of matvec operations: 41.
-> E_updated = 7.536936368329146.
BoundaryCompression performed 3 sweeps.
Orthogonality column 5:
- C leg dimensions: [(1, 2, 2, 4), (4, 2, 2, 12), (12, 2, 2, 12), (12, 2, 2, 12), (12, 2, 2, 12), (12, 2, 2, 12), (12, 2, 2, 12), (12, 2, 2, 12), (12, 2, 2, 12), (12, 2, 2, 4), (4, 2, 2, 1)].
- Lh leg dimensions: [(1, 2, 2, 4), (4, 2, 2, 16), (16, 2, 2, 24), (24, 2, 2, 24), (24, 2, 2, 24), (24, 2, 2, 24), (24, 2, 2, 24), (24, 2, 2, 24), (24, 2, 2, 16), (16, 2, 2, 4), (4, 2, 2, 1)].
- Rh leg dimensions: [(1, 2, 2, 4), (4, 2, 2, 16), (16, 2, 2, 24), (24, 2, 2, 24), (24, 2, 2, 24), (24, 2, 2, 24), (24, 2, 2, 24), (24, 2, 2, 24), (24, 2, 2, 16), (16, 2, 2, 4), (4, 2, 2, 1)].
-> E = <Lh|CC*> + <ALhAL*|CC*|ARhAR*> + <CC*|Rh> = 1.7402666734102756 + 0.7868079531794245 + 5.070735509573097 = 7.5978101361627965.
ColumnDMRG performed 3 sweeps.
- C_updated leg dimensions: [(1, 2, 2, 4), (4, 2, 2, 12), (12, 2, 2, 12), (12, 2, 2, 12), (12, 2, 2, 12), (12, 2, 2, 12), (12, 2, 2, 12), (12, 2, 2, 12), (12, 2, 2, 12), (12, 2, 2, 4), (4, 2, 2, 1)].
- largest Hermiticity error: 2.423191957389654e-05.
- maximal number of matvec operations: 41.
-> E_updated = 7.516920256080404.
BoundaryCompression performed 3 sweeps.
Orthogonality column 6:
- C leg dimensions: [(1, 2, 2, 4), (4, 2, 2, 12), (12, 2, 2, 12), (12, 2, 2, 12), (12, 2, 2, 12), (12, 2, 2, 12), (12, 2, 2, 12), (12, 2, 2, 12), (12, 2, 2, 12), (12, 2, 2, 4), (4, 2, 2, 1)].
- Lh leg dimensions: [(1, 2, 2, 4), (4, 2, 2, 16), (16, 2, 2, 24), (24, 2, 2, 24), (24, 2, 2, 24), (24, 2, 2, 24), (24, 2, 2, 24), (24, 2, 2, 24), (24, 2, 2, 16), (16, 2, 2, 4), (4, 2, 2, 1)].
- Rh leg dimensions: [(1, 2, 2, 4), (4, 2, 2, 16), (16, 2, 2, 24), (24, 2, 2, 24), (24, 2, 2, 24), (24, 2, 2, 24), (24, 2, 2, 24), (24, 2, 2, 24), (24, 2, 2, 16), (16, 2, 2, 4), (4, 2, 2, 1)].
-> E = <Lh|CC*> + <ALhAL*|CC*|ARhAR*> + <CC*|Rh> = 2.508942330189586 + 0.7576768949098943 + 4.265542780423806 = 7.532162005523286.
ColumnDMRG performed 3 sweeps.
- C_updated leg dimensions: [(1, 2, 2, 4), (4, 2, 2, 12), (12, 2, 2, 12), (12, 2, 2, 12), (12, 2, 2, 12), (12, 2, 2, 12), (12, 2, 2, 12), (12, 2, 2, 12), (12, 2, 2, 12), (12, 2, 2, 4), (4, 2, 2, 1)].
- largest Hermiticity error: 6.070504726724623e-05.
- maximal number of matvec operations: 41.
-> E_updated = 7.46530041508713.
BoundaryCompression performed 3 sweeps.
Orthogonality column 7:
- C leg dimensions: [(1, 2, 2, 4), (4, 2, 2, 12), (12, 2, 2, 12), (12, 2, 2, 12), (12, 2, 2, 12), (12, 2, 2, 12), (12, 2, 2, 12), (12, 2, 2, 12), (12, 2, 2, 12), (12, 2, 2, 4), (4, 2, 2, 1)].
- Lh leg dimensions: [(1, 2, 2, 4), (4, 2, 2, 16), (16, 2, 2, 24), (24, 2, 2, 24), (24, 2, 2, 24), (24, 2, 2, 24), (24, 2, 2, 24), (24, 2, 2, 24), (24, 2, 2, 16), (16, 2, 2, 4), (4, 2, 2, 1)].
- Rh leg dimensions: [(1, 2, 2, 4), (4, 2, 2, 16), (16, 2, 2, 24), (24, 2, 2, 24), (24, 2, 2, 24), (24, 2, 2, 24), (24, 2, 2, 24), (24, 2, 2, 24), (24, 2, 2, 16), (16, 2, 2, 4), (4, 2, 2, 1)].
-> E = <Lh|CC*> + <ALhAL*|CC*|ARhAR*> + <CC*|Rh> = 3.27927701294387 + 0.7571827304075458 + 3.4722426093829375 = 7.508702352734353.
ColumnDMRG performed 3 sweeps.
- C_updated leg dimensions: [(1, 2, 2, 4), (4, 2, 2, 12), (12, 2, 2, 12), (12, 2, 2, 12), (12, 2, 2, 12), (12, 2, 2, 12), (12, 2, 2, 12), (12, 2, 2, 12), (12, 2, 2, 12), (12, 2, 2, 4), (4, 2, 2, 1)].
- largest Hermiticity error: 0.0001917105995202788.
- maximal number of matvec operations: 41.
-> E_updated = 7.284902528439055.
BoundaryCompression performed 3 sweeps.
Orthogonality column 8:
- C leg dimensions: [(1, 2, 2, 4), (4, 2, 2, 12), (12, 2, 2, 12), (12, 2, 2, 12), (12, 2, 2, 12), (12, 2, 2, 12), (12, 2, 2, 12), (12, 2, 2, 12), (12, 2, 2, 12), (12, 2, 2, 4), (4, 2, 2, 1)].
- Lh leg dimensions: [(1, 2, 2, 4), (4, 2, 2, 16), (16, 2, 2, 24), (24, 2, 2, 24), (24, 2, 2, 24), (24, 2, 2, 24), (24, 2, 2, 24), (24, 2, 2, 24), (24, 2, 2, 16), (16, 2, 2, 4), (4, 2, 2, 1)].
- Rh leg dimensions: [(1, 2, 2, 4), (4, 2, 2, 16), (16, 2, 2, 20), (20, 2, 2, 24), (24, 2, 2, 20), (20, 2, 2, 24), (24, 2, 2, 20), (20, 2, 2, 24), (24, 2, 2, 16), (16, 2, 2, 4), (4, 2, 2, 1)].
-> E = <Lh|CC*> + <ALhAL*|CC*|ARhAR*> + <CC*|Rh> = 3.9555633738817098 + 0.7100180613485371 + 2.715047111644159 = 7.380628546874406.
ColumnDMRG performed 3 sweeps.
- C_updated leg dimensions: [(1, 2, 2, 4), (4, 2, 2, 12), (12, 2, 2, 12), (12, 2, 2, 12), (12, 2, 2, 12), (12, 2, 2, 12), (12, 2, 2, 12), (12, 2, 2, 12), (12, 2, 2, 12), (12, 2, 2, 4), (4, 2, 2, 1)].
- largest Hermiticity error: 1.576588044613837e-11.
- maximal number of matvec operations: 41.
-> E_updated = 6.893905937850244.
BoundaryCompression performed 3 sweeps.
Orthogonality column 9:
- C leg dimensions: [(1, 2, 2, 4), (4, 2, 2, 12), (12, 2, 2, 12), (12, 2, 2, 12), (12, 2, 2, 12), (12, 2, 2, 12), (12, 2, 2, 12), (12, 2, 2, 12), (12, 2, 2, 12), (12, 2, 2, 4), (4, 2, 2, 1)].
- Lh leg dimensions: [(1, 2, 2, 4), (4, 2, 2, 16), (16, 2, 2, 24), (24, 2, 2, 24), (24, 2, 2, 24), (24, 2, 2, 24), (24, 2, 2, 24), (24, 2, 2, 24), (24, 2, 2, 16), (16, 2, 2, 4), (4, 2, 2, 1)].
- Rh leg dimensions: [(1, 2, 2, 4), (4, 2, 2, 8), (8, 2, 2, 20), (20, 2, 2, 8), (8, 2, 2, 20), (20, 2, 2, 8), (8, 2, 2, 20), (20, 2, 2, 8), (8, 2, 2, 16), (16, 2, 2, 4), (4, 2, 2, 1)].
-> E = <Lh|CC*> + <ALhAL*|CC*|ARhAR*> + <CC*|Rh> = 4.366079310721298 + 0.6881001479053919 + 1.8560296757220478 = 6.9102091343487375.
ColumnDMRG performed 3 sweeps.
- C_updated leg dimensions: [(1, 2, 2, 4), (4, 2, 2, 12), (12, 2, 2, 12), (12, 2, 2, 12), (12, 2, 2, 12), (12, 2, 2, 12), (12, 2, 2, 12), (12, 2, 2, 12), (12, 2, 2, 12), (12, 2, 2, 4), (4, 2, 2, 1)].
- largest Hermiticity error: 6.348390144111917e-12.
- maximal number of matvec operations: 41.
-> E_updated = 6.279302475847812.
BoundaryCompression performed 3 sweeps.
Orthogonality column 10:
- C leg dimensions: [(1, 2, 2, 4), (4, 2, 2, 12), (12, 2, 2, 12), (12, 2, 2, 12), (12, 2, 2, 12), (12, 2, 2, 12), (12, 2, 2, 12), (12, 2, 2, 12), (12, 2, 2, 12), (12, 2, 2, 4), (4, 2, 2, 1)].
- Lh leg dimensions: [(1, 2, 2, 4), (4, 2, 2, 16), (16, 2, 2, 24), (24, 2, 2, 24), (24, 2, 2, 24), (24, 2, 2, 24), (24, 2, 2, 24), (24, 2, 2, 24), (24, 2, 2, 16), (16, 2, 2, 4), (4, 2, 2, 1)].
- Rh leg dimensions: [(1, 2, 2, 3), (3, 2, 2, 8), (8, 2, 2, 3), (3, 2, 2, 8), (8, 2, 2, 3), (3, 2, 2, 8), (8, 2, 2, 3), (3, 2, 2, 8), (8, 2, 2, 3), (3, 2, 2, 4), (4, 2, 2, 1)].
-> E = <Lh|CC*> + <ALhAL*|CC*|ARhAR*> + <CC*|Rh> = 4.721555016231608 + 0.5748238193270585 + 0.9933389080243075 = 6.289717743582974.
ColumnDMRG performed 3 sweeps.
- C_updated leg dimensions: [(1, 2, 2, 4), (4, 2, 2, 12), (12, 2, 2, 12), (12, 2, 2, 12), (12, 2, 2, 12), (12, 2, 2, 12), (12, 2, 2, 12), (12, 2, 2, 12), (12, 2, 2, 12), (12, 2, 2, 4), (4, 2, 2, 1)].
- largest Hermiticity error: 3.3822410507169597e-12.
- maximal number of matvec operations: 41.
-> E_updated = 5.078461511631651.
BoundaryCompression performed 3 sweeps.
Orthogonality column 11:
- C leg dimensions: [(1, 2, 1, 4), (4, 2, 2, 12), (12, 2, 1, 12), (12, 2, 2, 12), (12, 2, 1, 12), (12, 2, 2, 12), (12, 2, 1, 12), (12, 2, 2, 12), (12, 2, 1, 12), (12, 2, 2, 4), (4, 2, 2, 1)].
- Lh leg dimensions: [(1, 2, 2, 4), (4, 2, 2, 16), (16, 2, 2, 24), (24, 2, 2, 24), (24, 2, 2, 24), (24, 2, 2, 24), (24, 2, 2, 24), (24, 2, 2, 24), (24, 2, 2, 16), (16, 2, 2, 4), (4, 2, 2, 1)].
-> E = <Lh|CC*> + <ALhAL*|CC*|ARhAR*> + <CC*|Rh> = 4.684738927628674 + 0.5170600168530033 + None = 5.201798944481677.
ColumnDMRG performed 3 sweeps.
- C_updated leg dimensions: [(1, 2, 1, 2), (2, 2, 2, 8), (8, 2, 1, 12), (12, 2, 2, 12), (12, 2, 1, 12), (12, 2, 2, 12), (12, 2, 1, 12), (12, 2, 2, 12), (12, 2, 1, 12), (12, 2, 2, 4), (4, 2, 2, 1)].
- largest Hermiticity error: 2.2399224781274156e-10.
- maximal number of matvec operations: 41.
-> E_updated = 5.029999628559486.
BoundaryCompression performed 3 sweeps.
Orthogonality column 12:
- C leg dimensions: [(1, 2, 1, 2), (2, 2, 1, 4), (4, 2, 1, 8), (8, 2, 1, 12), (12, 2, 1, 12), (12, 2, 1, 12), (12, 2, 1, 12), (12, 2, 1, 12), (12, 2, 1, 8), (8, 2, 1, 4), (4, 2, 1, 1)].
- Lh leg dimensions: [(1, 2, 2, 4), (4, 2, 2, 16), (16, 2, 2, 24), (24, 2, 2, 24), (24, 2, 2, 24), (24, 2, 2, 24), (24, 2, 2, 24), (24, 2, 2, 24), (24, 2, 2, 16), (16, 2, 2, 4), (4, 2, 2, 1)].
-> E = <Lh|CC*> + <ALhAL*|CC*|ARhAR*> + <CC*|Rh> = 5.101857565157866 + None + None = 5.101857565157866.
ColumnDMRG performed 3 sweeps.
- C_updated leg dimensions: [(1, 2, 1, 2), (2, 2, 1, 4), (4, 2, 1, 8), (8, 2, 1, 12), (12, 2, 1, 12), (12, 2, 1, 12), (12, 2, 1, 12), (12, 2, 1, 8), (8, 2, 1, 4), (4, 2, 1, 2), (2, 2, 1, 1)].
- largest Hermiticity error: 1.5193231068773312e-10.
- maximal number of matvec operations: 31.
-> E_updated = 5.100646056501601.
Orthogonality column 11:
- C leg dimensions: [(1, 2, 1, 2), (2, 2, 2, 4), (4, 2, 1, 8), (8, 2, 2, 12), (12, 2, 1, 12), (12, 2, 2, 12), (12, 2, 2, 12), (12, 2, 1, 8), (8, 2, 2, 4), (4, 2, 1, 2), (2, 2, 2, 1)].
- Lh leg dimensions: [(1, 2, 2, 4), (4, 2, 2, 16), (16, 2, 2, 24), (24, 2, 2, 24), (24, 2, 2, 24), (24, 2, 2, 24), (24, 2, 2, 24), (24, 2, 2, 24), (24, 2, 2, 16), (16, 2, 2, 4), (4, 2, 2, 1)].
-> E = <Lh|CC*> + <ALhAL*|CC*|ARhAR*> + <CC*|Rh> = 4.679658856953353 + 0.4205220454202897 + None = 5.100180902373642.
ColumnDMRG performed 3 sweeps.
- C_updated leg dimensions: [(1, 2, 1, 2), (2, 2, 2, 8), (8, 2, 1, 12), (12, 2, 2, 12), (12, 2, 1, 12), (12, 2, 2, 12), (12, 2, 2, 12), (12, 2, 1, 12), (12, 2, 2, 8), (8, 2, 1, 4), (4, 2, 2, 1)].
- largest Hermiticity error: 1.5765447562343178e-10.
- maximal number of matvec operations: 41.
-> E_updated = 5.029999620103578.
BoundaryCompression performed 3 sweeps.
Orthogonality column 10:
- C leg dimensions: [(1, 2, 2, 2), (2, 2, 2, 8), (8, 2, 2, 12), (12, 2, 2, 12), (12, 2, 2, 12), (12, 2, 2, 12), (12, 2, 2, 12), (12, 2, 2, 12), (12, 2, 2, 8), (8, 2, 2, 4), (4, 2, 2, 1)].
- Lh leg dimensions: [(1, 2, 2, 4), (4, 2, 2, 16), (16, 2, 2, 24), (24, 2, 2, 24), (24, 2, 2, 24), (24, 2, 2, 24), (24, 2, 2, 24), (24, 2, 2, 24), (24, 2, 2, 16), (16, 2, 2, 4), (4, 2, 2, 1)].
- Rh leg dimensions: [(1, 2, 2, 3), (3, 2, 2, 8), (8, 2, 2, 3), (3, 2, 2, 8), (8, 2, 2, 3), (3, 2, 2, 8), (8, 2, 2, 3), (3, 2, 2, 8), (8, 2, 2, 3), (3, 2, 2, 4), (4, 2, 2, 1)].
-> E = <Lh|CC*> + <ALhAL*|CC*|ARhAR*> + <CC*|Rh> = 4.674150193064058 + -0.01657788608176209 + 0.3723060595308398 = 5.0298783665131355.
ColumnDMRG performed 3 sweeps.
- C_updated leg dimensions: [(1, 2, 2, 4), (4, 2, 2, 12), (12, 2, 2, 12), (12, 2, 2, 12), (12, 2, 2, 12), (12, 2, 2, 12), (12, 2, 2, 12), (12, 2, 2, 12), (12, 2, 2, 12), (12, 2, 2, 4), (4, 2, 2, 1)].
- largest Hermiticity error: 3.740148888454716e-12.
- maximal number of matvec operations: 41.
-> E_updated = 4.90730246919165.
BoundaryCompression performed 3 sweeps.
Orthogonality column 9:
- C leg dimensions: [(1, 2, 2, 4), (4, 2, 2, 12), (12, 2, 2, 12), (12, 2, 2, 12), (12, 2, 2, 12), (12, 2, 2, 12), (12, 2, 2, 12), (12, 2, 2, 12), (12, 2, 2, 12), (12, 2, 2, 4), (4, 2, 2, 1)].
- Lh leg dimensions: [(1, 2, 2, 4), (4, 2, 2, 16), (16, 2, 2, 24), (24, 2, 2, 24), (24, 2, 2, 24), (24, 2, 2, 24), (24, 2, 2, 24), (24, 2, 2, 24), (24, 2, 2, 16), (16, 2, 2, 4), (4, 2, 2, 1)].
- Rh leg dimensions: [(1, 2, 2, 4), (4, 2, 2, 8), (8, 2, 2, 20), (20, 2, 2, 8), (8, 2, 2, 20), (20, 2, 2, 8), (8, 2, 2, 20), (20, 2, 2, 8), (8, 2, 2, 16), (16, 2, 2, 4), (4, 2, 2, 1)].
-> E = <Lh|CC*> + <ALhAL*|CC*|ARhAR*> + <CC*|Rh> = 4.3412579058171765 + 0.2792112383880923 + 0.3296528205895635 = 4.950121964794833.
ColumnDMRG performed 3 sweeps.
- C_updated leg dimensions: [(1, 2, 2, 4), (4, 2, 2, 12), (12, 2, 2, 12), (12, 2, 2, 12), (12, 2, 2, 12), (12, 2, 2, 12), (12, 2, 2, 12), (12, 2, 2, 12), (12, 2, 2, 12), (12, 2, 2, 4), (4, 2, 2, 1)].
- largest Hermiticity error: 5.153892665733895e-12.
- maximal number of matvec operations: 41.
-> E_updated = 4.671185378520844.
BoundaryCompression performed 3 sweeps.
Orthogonality column 8:
- C leg dimensions: [(1, 2, 2, 4), (4, 2, 2, 12), (12, 2, 2, 12), (12, 2, 2, 12), (12, 2, 2, 12), (12, 2, 2, 12), (12, 2, 2, 12), (12, 2, 2, 12), (12, 2, 2, 12), (12, 2, 2, 4), (4, 2, 2, 1)].
- Lh leg dimensions: [(1, 2, 2, 4), (4, 2, 2, 16), (16, 2, 2, 24), (24, 2, 2, 24), (24, 2, 2, 24), (24, 2, 2, 24), (24, 2, 2, 24), (24, 2, 2, 24), (24, 2, 2, 16), (16, 2, 2, 4), (4, 2, 2, 1)].
- Rh leg dimensions: [(1, 2, 2, 4), (4, 2, 2, 16), (16, 2, 2, 20), (20, 2, 2, 24), (24, 2, 2, 20), (20, 2, 2, 24), (24, 2, 2, 20), (20, 2, 2, 24), (24, 2, 2, 16), (16, 2, 2, 4), (4, 2, 2, 1)].
-> E = <Lh|CC*> + <ALhAL*|CC*|ARhAR*> + <CC*|Rh> = 3.7200617852203575 + 0.6751913507987438 + 0.3173321245351485 = 4.71258526055425.
ColumnDMRG performed 3 sweeps.
- C_updated leg dimensions: [(1, 2, 2, 4), (4, 2, 2, 12), (12, 2, 2, 12), (12, 2, 2, 12), (12, 2, 2, 12), (12, 2, 2, 12), (12, 2, 2, 12), (12, 2, 2, 12), (12, 2, 2, 12), (12, 2, 2, 4), (4, 2, 2, 1)].
- largest Hermiticity error: 1.3435724445820085e-11.
- maximal number of matvec operations: 41.
-> E_updated = 4.50768986725649.
BoundaryCompression performed 3 sweeps.
Orthogonality column 7:
- C leg dimensions: [(1, 2, 2, 4), (4, 2, 2, 12), (12, 2, 2, 12), (12, 2, 2, 12), (12, 2, 2, 12), (12, 2, 2, 12), (12, 2, 2, 12), (12, 2, 2, 12), (12, 2, 2, 12), (12, 2, 2, 4), (4, 2, 2, 1)].
- Lh leg dimensions: [(1, 2, 2, 4), (4, 2, 2, 16), (16, 2, 2, 24), (24, 2, 2, 24), (24, 2, 2, 24), (24, 2, 2, 24), (24, 2, 2, 24), (24, 2, 2, 24), (24, 2, 2, 16), (16, 2, 2, 4), (4, 2, 2, 1)].
- Rh leg dimensions: [(1, 2, 2, 4), (4, 2, 2, 16), (16, 2, 2, 24), (24, 2, 2, 24), (24, 2, 2, 24), (24, 2, 2, 24), (24, 2, 2, 24), (24, 2, 2, 24), (24, 2, 2, 16), (16, 2, 2, 4), (4, 2, 2, 1)].
-> E = <Lh|CC*> + <ALhAL*|CC*|ARhAR*> + <CC*|Rh> = 3.3658856179293135 + 0.42349960582192964 + 0.7599814450288808 = 4.549366668780124.
ColumnDMRG performed 3 sweeps.
- C_updated leg dimensions: [(1, 2, 2, 4), (4, 2, 2, 12), (12, 2, 2, 12), (12, 2, 2, 12), (12, 2, 2, 12), (12, 2, 2, 12), (12, 2, 2, 12), (12, 2, 2, 12), (12, 2, 2, 12), (12, 2, 2, 4), (4, 2, 2, 1)].
- largest Hermiticity error: 4.9504494843218283e-14.
- maximal number of matvec operations: 41.
-> E_updated = 4.35123679298895.
BoundaryCompression performed 3 sweeps.
Orthogonality column 6:
- C leg dimensions: [(1, 2, 2, 4), (4, 2, 2, 12), (12, 2, 2, 12), (12, 2, 2, 12), (12, 2, 2, 12), (12, 2, 2, 12), (12, 2, 2, 12), (12, 2, 2, 12), (12, 2, 2, 12), (12, 2, 2, 4), (4, 2, 2, 1)].
- Lh leg dimensions: [(1, 2, 2, 4), (4, 2, 2, 16), (16, 2, 2, 24), (24, 2, 2, 24), (24, 2, 2, 24), (24, 2, 2, 24), (24, 2, 2, 24), (24, 2, 2, 24), (24, 2, 2, 16), (16, 2, 2, 4), (4, 2, 2, 1)].
- Rh leg dimensions: [(1, 2, 2, 4), (4, 2, 2, 16), (16, 2, 2, 24), (24, 2, 2, 24), (24, 2, 2, 24), (24, 2, 2, 24), (24, 2, 2, 24), (24, 2, 2, 24), (24, 2, 2, 16), (16, 2, 2, 4), (4, 2, 2, 1)].
-> E = <Lh|CC*> + <ALhAL*|CC*|ARhAR*> + <CC*|Rh> = 2.5203352073926824 + 0.8975035764392812 + 0.9739306452291404 = 4.391769429061104.
ColumnDMRG performed 3 sweeps.
- C_updated leg dimensions: [(1, 2, 2, 4), (4, 2, 2, 12), (12, 2, 2, 12), (12, 2, 2, 12), (12, 2, 2, 12), (12, 2, 2, 12), (12, 2, 2, 12), (12, 2, 2, 12), (12, 2, 2, 12), (12, 2, 2, 4), (4, 2, 2, 1)].
- largest Hermiticity error: 2.237726045655905e-15.
- maximal number of matvec operations: 41.
-> E_updated = 4.3196341213050475.
BoundaryCompression performed 3 sweeps.
Orthogonality column 5:
- C leg dimensions: [(1, 2, 2, 4), (4, 2, 2, 12), (12, 2, 2, 12), (12, 2, 2, 12), (12, 2, 2, 12), (12, 2, 2, 12), (12, 2, 2, 12), (12, 2, 2, 12), (12, 2, 2, 12), (12, 2, 2, 4), (4, 2, 2, 1)].
- Lh leg dimensions: [(1, 2, 2, 4), (4, 2, 2, 16), (16, 2, 2, 24), (24, 2, 2, 24), (24, 2, 2, 24), (24, 2, 2, 24), (24, 2, 2, 24), (24, 2, 2, 24), (24, 2, 2, 16), (16, 2, 2, 4), (4, 2, 2, 1)].
- Rh leg dimensions: [(1, 2, 2, 4), (4, 2, 2, 16), (16, 2, 2, 24), (24, 2, 2, 24), (24, 2, 2, 24), (24, 2, 2, 24), (24, 2, 2, 24), (24, 2, 2, 24), (24, 2, 2, 16), (16, 2, 2, 4), (4, 2, 2, 1)].
-> E = <Lh|CC*> + <ALhAL*|CC*|ARhAR*> + <CC*|Rh> = 1.7219039806681538 + 0.8045658758643699 + 1.794256593493273 = 4.320726450025797.
ColumnDMRG performed 3 sweeps.
- C_updated leg dimensions: [(1, 2, 2, 4), (4, 2, 2, 12), (12, 2, 2, 12), (12, 2, 2, 12), (12, 2, 2, 12), (12, 2, 2, 12), (12, 2, 2, 12), (12, 2, 2, 12), (12, 2, 2, 12), (12, 2, 2, 4), (4, 2, 2, 1)].
- largest Hermiticity error: 2.845724904160528e-15.
- maximal number of matvec operations: 31.
-> E_updated = 4.317203825459199.
BoundaryCompression performed 3 sweeps.
Orthogonality column 4:
- C leg dimensions: [(1, 2, 2, 4), (4, 2, 2, 12), (12, 2, 2, 12), (12, 2, 2, 12), (12, 2, 2, 12), (12, 2, 2, 12), (12, 2, 2, 12), (12, 2, 2, 12), (12, 2, 2, 12), (12, 2, 2, 4), (4, 2, 2, 1)].
- Lh leg dimensions: [(1, 2, 2, 4), (4, 2, 2, 16), (16, 2, 2, 24), (24, 2, 2, 20), (20, 2, 2, 24), (24, 2, 2, 20), (20, 2, 2, 24), (24, 2, 2, 20), (20, 2, 2, 16), (16, 2, 2, 4), (4, 2, 2, 1)].
- Rh leg dimensions: [(1, 2, 2, 4), (4, 2, 2, 16), (16, 2, 2, 24), (24, 2, 2, 24), (24, 2, 2, 24), (24, 2, 2, 24), (24, 2, 2, 24), (24, 2, 2, 24), (24, 2, 2, 16), (16, 2, 2, 4), (4, 2, 2, 1)].
-> E = <Lh|CC*> + <ALhAL*|CC*|ARhAR*> + <CC*|Rh> = 0.9723949232966165 + 0.7505400592686226 + 2.6008569609074508 = 4.32379194347269.
ColumnDMRG performed 3 sweeps.
- C_updated leg dimensions: [(1, 2, 2, 4), (4, 2, 2, 12), (12, 2, 2, 12), (12, 2, 2, 12), (12, 2, 2, 12), (12, 2, 2, 12), (12, 2, 2, 12), (12, 2, 2, 12), (12, 2, 2, 12), (12, 2, 2, 4), (4, 2, 2, 1)].
- largest Hermiticity error: 3.9749581489492383e-13.
- maximal number of matvec operations: 41.
-> E_updated = 4.176765286991828.
BoundaryCompression performed 3 sweeps.
Orthogonality column 3:
- C leg dimensions: [(1, 2, 2, 4), (4, 2, 2, 12), (12, 2, 2, 12), (12, 2, 2, 12), (12, 2, 2, 12), (12, 2, 2, 12), (12, 2, 2, 12), (12, 2, 2, 12), (12, 2, 2, 12), (12, 2, 2, 4), (4, 2, 2, 1)].
- Lh leg dimensions: [(1, 2, 2, 4), (4, 2, 2, 16), (16, 2, 2, 8), (8, 2, 2, 20), (20, 2, 2, 8), (8, 2, 2, 20), (20, 2, 2, 8), (8, 2, 2, 20), (20, 2, 2, 8), (8, 2, 2, 4), (4, 2, 2, 1)].
- Rh leg dimensions: [(1, 2, 2, 4), (4, 2, 2, 16), (16, 2, 2, 24), (24, 2, 2, 24), (24, 2, 2, 24), (24, 2, 2, 24), (24, 2, 2, 24), (24, 2, 2, 24), (24, 2, 2, 16), (16, 2, 2, 4), (4, 2, 2, 1)].
-> E = <Lh|CC*> + <ALhAL*|CC*|ARhAR*> + <CC*|Rh> = 0.5732518794832341 + 0.5255035479620915 + 3.1530099991863128 = 4.251765426631638.
ColumnDMRG performed 3 sweeps.
- C_updated leg dimensions: [(1, 2, 2, 4), (4, 2, 2, 12), (12, 2, 2, 12), (12, 2, 2, 12), (12, 2, 2, 12), (12, 2, 2, 12), (12, 2, 2, 12), (12, 2, 2, 12), (12, 2, 2, 12), (12, 2, 2, 4), (4, 2, 2, 1)].
- largest Hermiticity error: 9.526164910080325e-10.
- maximal number of matvec operations: 41.
-> E_updated = 4.144766326865704.
BoundaryCompression performed 3 sweeps.
Orthogonality column 2:
- C leg dimensions: [(1, 2, 2, 4), (4, 2, 2, 12), (12, 2, 2, 12), (12, 2, 2, 12), (12, 2, 2, 12), (12, 2, 2, 12), (12, 2, 2, 12), (12, 2, 2, 12), (12, 2, 2, 12), (12, 2, 2, 4), (4, 2, 2, 1)].
- Lh leg dimensions: [(1, 2, 2, 4), (4, 2, 2, 3), (3, 2, 2, 8), (8, 2, 2, 3), (3, 2, 2, 8), (8, 2, 2, 3), (3, 2, 2, 8), (8, 2, 2, 3), (3, 2, 2, 8), (8, 2, 2, 3), (3, 2, 2, 1)].
- Rh leg dimensions: [(1, 2, 2, 4), (4, 2, 2, 16), (16, 2, 2, 24), (24, 2, 2, 24), (24, 2, 2, 24), (24, 2, 2, 24), (24, 2, 2, 24), (24, 2, 2, 24), (24, 2, 2, 16), (16, 2, 2, 4), (4, 2, 2, 1)].
-> E = <Lh|CC*> + <ALhAL*|CC*|ARhAR*> + <CC*|Rh> = 0.33742430507507487 + 0.3229727910941965 + 3.538150406513522 = 4.198547502682793.
ColumnDMRG performed 3 sweeps.
- C_updated leg dimensions: [(1, 2, 2, 4), (4, 2, 2, 12), (12, 2, 2, 12), (12, 2, 2, 12), (12, 2, 2, 12), (12, 2, 2, 12), (12, 2, 2, 12), (12, 2, 2, 12), (12, 2, 2, 12), (12, 2, 2, 4), (4, 2, 2, 1)].
- largest Hermiticity error: 7.873677445842483e-10.
- maximal number of matvec operations: 41.
-> E_updated = 3.9969347462738285.
BoundaryCompression performed 3 sweeps.
Orthogonality column 1:
- C leg dimensions: [(1, 2, 2, 4), (4, 1, 2, 12), (12, 2, 2, 12), (12, 1, 2, 12), (12, 2, 2, 12), (12, 2, 2, 12), (12, 1, 2, 12), (12, 2, 2, 12), (12, 1, 2, 8), (8, 2, 2, 2), (2, 1, 2, 1)].
- Rh leg dimensions: [(1, 2, 2, 4), (4, 2, 2, 16), (16, 2, 2, 24), (24, 2, 2, 24), (24, 2, 2, 24), (24, 2, 2, 24), (24, 2, 2, 24), (24, 2, 2, 24), (24, 2, 2, 16), (16, 2, 2, 4), (4, 2, 2, 1)].
-> E = <Lh|CC*> + <ALhAL*|CC*|ARhAR*> + <CC*|Rh> = None + 0.3344383428788034 + 3.7396425040169303 = 4.0740808468957335.
ColumnDMRG performed 3 sweeps.
- C_updated leg dimensions: [(1, 2, 2, 4), (4, 1, 2, 8), (8, 2, 2, 12), (12, 1, 2, 12), (12, 2, 2, 12), (12, 2, 2, 12), (12, 1, 2, 12), (12, 2, 2, 12), (12, 1, 2, 8), (8, 2, 2, 2), (2, 1, 2, 1)].
- largest Hermiticity error: 1.0930011160082142e-09.
- maximal number of matvec operations: 31.
-> E_updated = 4.03527581291649.
BoundaryCompression performed 3 sweeps.
Orthogonality column 0:
- C leg dimensions: [(1, 1, 2, 2), (2, 1, 2, 4), (4, 1, 2, 8), (8, 1, 2, 12), (12, 1, 2, 12), (12, 1, 2, 12), (12, 1, 2, 12), (12, 1, 2, 12), (12, 1, 2, 8), (8, 1, 2, 2), (2, 1, 2, 1)].
- Rh leg dimensions: [(1, 2, 2, 4), (4, 2, 2, 16), (16, 2, 2, 24), (24, 2, 2, 24), (24, 2, 2, 24), (24, 2, 2, 24), (24, 2, 2, 24), (24, 2, 2, 24), (24, 2, 2, 16), (16, 2, 2, 4), (4, 2, 2, 1)].
-> E = <Lh|CC*> + <ALhAL*|CC*|ARhAR*> + <CC*|Rh> = None + None + 4.114008148993808 = 4.114008148993808.
ColumnDMRG performed 3 sweeps.
- C_updated leg dimensions: [(1, 1, 2, 2), (2, 1, 2, 4), (4, 1, 2, 8), (8, 1, 2, 12), (12, 1, 2, 12), (12, 1, 2, 12), (12, 1, 2, 12), (12, 1, 2, 8), (8, 1, 2, 4), (4, 1, 2, 2), (2, 1, 2, 1)].
- largest Hermiticity error: 3.682195665067459e-10.
- maximal number of matvec operations: 31.
-> E_updated = 4.11359208543364.
DMRGSquared performed 1 sweeps.
=> <H> - E0 = 4.110563983463408.

DMRGSquared sweep 2 ...
Orthogonality column 0:
- C leg dimensions: [(1, 1, 2, 2), (2, 1, 2, 4), (4, 1, 2, 8), (8, 1, 2, 12), (12, 1, 2, 12), (12, 1, 2, 12), (12, 1, 2, 12), (12, 1, 2, 8), (8, 1, 2, 4), (4, 1, 2, 2), (2, 1, 2, 1)].
- Rh leg dimensions: [(1, 2, 2, 4), (4, 2, 2, 16), (16, 2, 2, 24), (24, 2, 2, 24), (24, 2, 2, 24), (24, 2, 2, 24), (24, 2, 2, 24), (24, 2, 2, 24), (24, 2, 2, 16), (16, 2, 2, 4), (4, 2, 2, 1)].
-> E = <Lh|CC*> + <ALhAL*|CC*|ARhAR*> + <CC*|Rh> = None + None + 4.113592085435048 = 4.113592085435048.
ColumnDMRG performed 3 sweeps.
- C_updated leg dimensions: [(1, 1, 2, 2), (2, 1, 2, 4), (4, 1, 2, 8), (8, 1, 2, 12), (12, 1, 2, 12), (12, 1, 2, 12), (12, 1, 2, 12), (12, 1, 2, 8), (8, 1, 2, 4), (4, 1, 2, 2), (2, 1, 2, 1)].
- largest Hermiticity error: 2.9973923471752516e-10.
- maximal number of matvec operations: 21.
-> E_updated = 4.113592085433632.
Orthogonality column 1:
- C leg dimensions: [(1, 2, 2, 2), (2, 1, 2, 4), (4, 2, 2, 8), (8, 1, 2, 12), (12, 2, 2, 12), (12, 2, 2, 12), (12, 1, 2, 12), (12, 2, 2, 8), (8, 1, 2, 4), (4, 2, 2, 2), (2, 1, 2, 1)].
- Rh leg dimensions: [(1, 2, 2, 4), (4, 2, 2, 16), (16, 2, 2, 24), (24, 2, 2, 24), (24, 2, 2, 24), (24, 2, 2, 24), (24, 2, 2, 24), (24, 2, 2, 24), (24, 2, 2, 16), (16, 2, 2, 4), (4, 2, 2, 1)].
-> E = <Lh|CC*> + <ALhAL*|CC*|ARhAR*> + <CC*|Rh> = None + 0.3034991178437256 + 3.8100623731061876 = 4.113561490949913.
ColumnDMRG performed 3 sweeps.
- C_updated leg dimensions: [(1, 2, 2, 4), (4, 1, 2, 8), (8, 2, 2, 12), (12, 1, 2, 12), (12, 2, 2, 12), (12, 2, 2, 12), (12, 1, 2, 12), (12, 2, 2, 12), (12, 1, 2, 8), (8, 2, 2, 2), (2, 1, 2, 1)].
- largest Hermiticity error: 9.25777887780502e-10.
- maximal number of matvec operations: 31.
-> E_updated = 4.035275812916471.
BoundaryCompression performed 3 sweeps.
Orthogonality column 2:
- C leg dimensions: [(1, 2, 2, 4), (4, 2, 2, 8), (8, 2, 2, 12), (12, 2, 2, 12), (12, 2, 2, 12), (12, 2, 2, 12), (12, 2, 2, 12), (12, 2, 2, 12), (12, 2, 2, 8), (8, 2, 2, 2), (2, 2, 2, 1)].
- Lh leg dimensions: [(1, 2, 2, 4), (4, 2, 2, 3), (3, 2, 2, 8), (8, 2, 2, 3), (3, 2, 2, 8), (8, 2, 2, 3), (3, 2, 2, 8), (8, 2, 2, 3), (3, 2, 2, 8), (8, 2, 2, 3), (3, 2, 2, 1)].
- Rh leg dimensions: [(1, 2, 2, 4), (4, 2, 2, 16), (16, 2, 2, 24), (24, 2, 2, 24), (24, 2, 2, 24), (24, 2, 2, 24), (24, 2, 2, 24), (24, 2, 2, 24), (24, 2, 2, 16), (16, 2, 2, 4), (4, 2, 2, 1)].
-> E = <Lh|CC*> + <ALhAL*|CC*|ARhAR*> + <CC*|Rh> = 0.2953982653871293 + 0.2514190506271993 + 3.4837007365402033 = 4.030518052554532.
ColumnDMRG performed 3 sweeps.
- C_updated leg dimensions: [(1, 2, 2, 4), (4, 2, 2, 12), (12, 2, 2, 12), (12, 2, 2, 12), (12, 2, 2, 12), (12, 2, 2, 12), (12, 2, 2, 12), (12, 2, 2, 12), (12, 2, 2, 12), (12, 2, 2, 4), (4, 2, 2, 1)].
- largest Hermiticity error: 7.437337147335364e-10.
- maximal number of matvec operations: 41.
-> E_updated = 3.921407946644375.
BoundaryCompression performed 3 sweeps.
Orthogonality column 3:
- C leg dimensions: [(1, 2, 2, 4), (4, 2, 2, 12), (12, 2, 2, 12), (12, 2, 2, 12), (12, 2, 2, 12), (12, 2, 2, 12), (12, 2, 2, 12), (12, 2, 2, 12), (12, 2, 2, 12), (12, 2, 2, 4), (4, 2, 2, 1)].
- Lh leg dimensions: [(1, 2, 2, 4), (4, 2, 2, 16), (16, 2, 2, 8), (8, 2, 2, 20), (20, 2, 2, 8), (8, 2, 2, 20), (20, 2, 2, 8), (8, 2, 2, 20), (20, 2, 2, 8), (8, 2, 2, 4), (4, 2, 2, 1)].
- Rh leg dimensions: [(1, 2, 2, 4), (4, 2, 2, 16), (16, 2, 2, 24), (24, 2, 2, 24), (24, 2, 2, 24), (24, 2, 2, 24), (24, 2, 2, 24), (24, 2, 2, 24), (24, 2, 2, 16), (16, 2, 2, 4), (4, 2, 2, 1)].
-> E = <Lh|CC*> + <ALhAL*|CC*|ARhAR*> + <CC*|Rh> = 0.4705927623648563 + 0.25503811576512814 + 3.1988787542641313 = 3.9245096323941158.
ColumnDMRG performed 3 sweeps.
- C_updated leg dimensions: [(1, 2, 2, 4), (4, 2, 2, 12), (12, 2, 2, 12), (12, 2, 2, 12), (12, 2, 2, 12), (12, 2, 2, 12), (12, 2, 2, 12), (12, 2, 2, 12), (12, 2, 2, 12), (12, 2, 2, 4), (4, 2, 2, 1)].
- largest Hermiticity error: 7.714046439401287e-10.
- maximal number of matvec operations: 41.
-> E_updated = 3.7256943439717816.
BoundaryCompression performed 3 sweeps.
Orthogonality column 4:
- C leg dimensions: [(1, 2, 2, 4), (4, 2, 2, 12), (12, 2, 2, 12), (12, 2, 2, 12), (12, 2, 2, 12), (12, 2, 2, 12), (12, 2, 2, 12), (12, 2, 2, 12), (12, 2, 2, 12), (12, 2, 2, 4), (4, 2, 2, 1)].
- Lh leg dimensions: [(1, 2, 2, 4), (4, 2, 2, 16), (16, 2, 2, 24), (24, 2, 2, 20), (20, 2, 2, 24), (24, 2, 2, 20), (20, 2, 2, 24), (24, 2, 2, 20), (20, 2, 2, 16), (16, 2, 2, 4), (4, 2, 2, 1)].
- Rh leg dimensions: [(1, 2, 2, 4), (4, 2, 2, 16), (16, 2, 2, 24), (24, 2, 2, 24), (24, 2, 2, 24), (24, 2, 2, 24), (24, 2, 2, 24), (24, 2, 2, 24), (24, 2, 2, 16), (16, 2, 2, 4), (4, 2, 2, 1)].
-> E = <Lh|CC*> + <ALhAL*|CC*|ARhAR*> + <CC*|Rh> = 0.5207147853319396 + 0.5862481709191512 + 2.6301289224442073 = 3.7370918786952982.
ColumnDMRG performed 3 sweeps.
- C_updated leg dimensions: [(1, 2, 2, 4), (4, 2, 2, 12), (12, 2, 2, 12), (12, 2, 2, 12), (12, 2, 2, 12), (12, 2, 2, 12), (12, 2, 2, 12), (12, 2, 2, 12), (12, 2, 2, 12), (12, 2, 2, 4), (4, 2, 2, 1)].
- largest Hermiticity error: 2.6405991229191686e-13.
- maximal number of matvec operations: 31.
-> E_updated = 3.6018013316678696.
BoundaryCompression performed 3 sweeps.
Orthogonality column 5:
- C leg dimensions: [(1, 2, 2, 4), (4, 2, 2, 12), (12, 2, 2, 12), (12, 2, 2, 12), (12, 2, 2, 12), (12, 2, 2, 12), (12, 2, 2, 12), (12, 2, 2, 12), (12, 2, 2, 12), (12, 2, 2, 4), (4, 2, 2, 1)].
- Lh leg dimensions: [(1, 2, 2, 4), (4, 2, 2, 16), (16, 2, 2, 24), (24, 2, 2, 24), (24, 2, 2, 24), (24, 2, 2, 24), (24, 2, 2, 24), (24, 2, 2, 24), (24, 2, 2, 16), (16, 2, 2, 4), (4, 2, 2, 1)].
- Rh leg dimensions: [(1, 2, 2, 4), (4, 2, 2, 16), (16, 2, 2, 24), (24, 2, 2, 24), (24, 2, 2, 24), (24, 2, 2, 24), (24, 2, 2, 24), (24, 2, 2, 24), (24, 2, 2, 16), (16, 2, 2, 4), (4, 2, 2, 1)].
-> E = <Lh|CC*> + <ALhAL*|CC*|ARhAR*> + <CC*|Rh> = 0.9578094586157864 + 0.839036926504361 + 1.808754700579774 = 3.605601085699921.
ColumnDMRG performed 3 sweeps.
- C_updated leg dimensions: [(1, 2, 2, 4), (4, 2, 2, 12), (12, 2, 2, 12), (12, 2, 2, 12), (12, 2, 2, 12), (12, 2, 2, 12), (12, 2, 2, 12), (12, 2, 2, 12), (12, 2, 2, 12), (12, 2, 2, 4), (4, 2, 2, 1)].
- largest Hermiticity error: 2.9062619228322596e-15.
- maximal number of matvec operations: 31.
-> E_updated = 3.584124201540706.
BoundaryCompression performed 3 sweeps.
Orthogonality column 6:
- C leg dimensions: [(1, 2, 2, 4), (4, 2, 2, 12), (12, 2, 2, 12), (12, 2, 2, 12), (12, 2, 2, 12), (12, 2, 2, 12), (12, 2, 2, 12), (12, 2, 2, 12), (12, 2, 2, 12), (12, 2, 2, 4), (4, 2, 2, 1)].
- Lh leg dimensions: [(1, 2, 2, 4), (4, 2, 2, 16), (16, 2, 2, 24), (24, 2, 2, 24), (24, 2, 2, 24), (24, 2, 2, 24), (24, 2, 2, 24), (24, 2, 2, 24), (24, 2, 2, 16), (16, 2, 2, 4), (4, 2, 2, 1)].
- Rh leg dimensions: [(1, 2, 2, 4), (4, 2, 2, 16), (16, 2, 2, 24), (24, 2, 2, 24), (24, 2, 2, 24), (24, 2, 2, 24), (24, 2, 2, 24), (24, 2, 2, 24), (24, 2, 2, 16), (16, 2, 2, 4), (4, 2, 2, 1)].
-> E = <Lh|CC*> + <ALhAL*|CC*|ARhAR*> + <CC*|Rh> = 1.7763971555842235 + 0.8176986038465011 + 0.994310799089527 = 3.588406558520252.
ColumnDMRG performed 3 sweeps.
- C_updated leg dimensions: [(1, 2, 2, 4), (4, 2, 2, 12), (12, 2, 2, 12), (12, 2, 2, 12), (12, 2, 2, 12), (12, 2, 2, 12), (12, 2, 2, 12), (12, 2, 2, 12), (12, 2, 2, 12), (12, 2, 2, 4), (4, 2, 2, 1)].
- largest Hermiticity error: 1.4432899320127035e-15.
- maximal number of matvec operations: 41.
-> E_updated = 3.5617129086538224.
BoundaryCompression performed 3 sweeps.
Orthogonality column 7:
- C leg dimensions: [(1, 2, 2, 4), (4, 2, 2, 12), (12, 2, 2, 12), (12, 2, 2, 12), (12, 2, 2, 12), (12, 2, 2, 12), (12, 2, 2, 12), (12, 2, 2, 12), (12, 2, 2, 12), (12, 2, 2, 4), (4, 2, 2, 1)].
- Lh leg dimensions: [(1, 2, 2, 4), (4, 2, 2, 16), (16, 2, 2, 24), (24, 2, 2, 24), (24, 2, 2, 24), (24, 2, 2, 24), (24, 2, 2, 24), (24, 2, 2, 24), (24, 2, 2, 16), (16, 2, 2, 4), (4, 2, 2, 1)].
- Rh leg dimensions: [(1, 2, 2, 4), (4, 2, 2, 16), (16, 2, 2, 24), (24, 2, 2, 24), (24, 2, 2, 24), (24, 2, 2, 24), (24, 2, 2, 24), (24, 2, 2, 24), (24, 2, 2, 16), (16, 2, 2, 4), (4, 2, 2, 1)].
-> E = <Lh|CC*> + <ALhAL*|CC*|ARhAR*> + <CC*|Rh> = 2.580729329074402 + 0.17241532025377912 + 0.8178531715144832 = 3.5709978208426643.
ColumnDMRG performed 3 sweeps.
- C_updated leg dimensions: [(1, 2, 2, 4), (4, 2, 2, 12), (12, 2, 2, 12), (12, 2, 2, 12), (12, 2, 2, 12), (12, 2, 2, 12), (12, 2, 2, 12), (12, 2, 2, 12), (12, 2, 2, 12), (12, 2, 2, 4), (4, 2, 2, 1)].
- largest Hermiticity error: 1.831026719408895e-15.
- maximal number of matvec operations: 31.
-> E_updated = 3.55494565922341.
BoundaryCompression performed 3 sweeps.
Orthogonality column 8:
- C leg dimensions: [(1, 2, 2, 4), (4, 2, 2, 12), (12, 2, 2, 12), (12, 2, 2, 12), (12, 2, 2, 12), (12, 2, 2, 12), (12, 2, 2, 12), (12, 2, 2, 12), (12, 2, 2, 12), (12, 2, 2, 4), (4, 2, 2, 1)].
- Lh leg dimensions: [(1, 2, 2, 4), (4, 2, 2, 16), (16, 2, 2, 24), (24, 2, 2, 24), (24, 2, 2, 24), (24, 2, 2, 24), (24, 2, 2, 24), (24, 2, 2, 24), (24, 2, 2, 16), (16, 2, 2, 4), (4, 2, 2, 1)].
- Rh leg dimensions: [(1, 2, 2, 4), (4, 2, 2, 16), (16, 2, 2, 20), (20, 2, 2, 24), (24, 2, 2, 20), (20, 2, 2, 24), (24, 2, 2, 20), (20, 2, 2, 24), (24, 2, 2, 16), (16, 2, 2, 4), (4, 2, 2, 1)].
-> E = <Lh|CC*> + <ALhAL*|CC*|ARhAR*> + <CC*|Rh> = 2.7502087066651306 + 0.44477379507659764 + 0.36392429839121687 = 3.558906800132945.
ColumnDMRG performed 3 sweeps.
- C_updated leg dimensions: [(1, 2, 2, 4), (4, 2, 2, 12), (12, 2, 2, 12), (12, 2, 2, 12), (12, 2, 2, 12), (12, 2, 2, 12), (12, 2, 2, 12), (12, 2, 2, 12), (12, 2, 2, 12), (12, 2, 2, 4), (4, 2, 2, 1)].
- largest Hermiticity error: 8.33879184677604e-12.
- maximal number of matvec operations: 41.
-> E_updated = 3.352138417817224.
BoundaryCompression performed 3 sweeps.
Orthogonality column 9:
- C leg dimensions: [(1, 2, 2, 4), (4, 2, 2, 12), (12, 2, 2, 12), (12, 2, 2, 12), (12, 2, 2, 12), (12, 2, 2, 12), (12, 2, 2, 12), (12, 2, 2, 12), (12, 2, 2, 12), (12, 2, 2, 4), (4, 2, 2, 1)].
- Lh leg dimensions: [(1, 2, 2, 4), (4, 2, 2, 16), (16, 2, 2, 24), (24, 2, 2, 24), (24, 2, 2, 24), (24, 2, 2, 24), (24, 2, 2, 24), (24, 2, 2, 24), (24, 2, 2, 16), (16, 2, 2, 4), (4, 2, 2, 1)].
- Rh leg dimensions: [(1, 2, 2, 4), (4, 2, 2, 8), (8, 2, 2, 20), (20, 2, 2, 8), (8, 2, 2, 20), (20, 2, 2, 8), (8, 2, 2, 20), (20, 2, 2, 8), (8, 2, 2, 16), (16, 2, 2, 4), (4, 2, 2, 1)].
-> E = <Lh|CC*> + <ALhAL*|CC*|ARhAR*> + <CC*|Rh> = 2.9861201119063367 + 0.03945671476664658 + 0.38086816122702755 = 3.406444987900011.
ColumnDMRG performed 3 sweeps.
- C_updated leg dimensions: [(1, 2, 2, 4), (4, 2, 2, 12), (12, 2, 2, 12), (12, 2, 2, 12), (12, 2, 2, 12), (12, 2, 2, 12), (12, 2, 2, 12), (12, 2, 2, 12), (12, 2, 2, 12), (12, 2, 2, 4), (4, 2, 2, 1)].
- largest Hermiticity error: 8.143242424720967e-13.
- maximal number of matvec operations: 41.
-> E_updated = 3.214672898280602.
BoundaryCompression performed 3 sweeps.
Orthogonality column 10:
- C leg dimensions: [(1, 2, 2, 4), (4, 2, 2, 12), (12, 2, 2, 12), (12, 2, 2, 12), (12, 2, 2, 12), (12, 2, 2, 12), (12, 2, 2, 12), (12, 2, 2, 12), (12, 2, 2, 12), (12, 2, 2, 4), (4, 2, 2, 1)].
- Lh leg dimensions: [(1, 2, 2, 4), (4, 2, 2, 16), (16, 2, 2, 24), (24, 2, 2, 24), (24, 2, 2, 24), (24, 2, 2, 24), (24, 2, 2, 24), (24, 2, 2, 24), (24, 2, 2, 16), (16, 2, 2, 4), (4, 2, 2, 1)].
- Rh leg dimensions: [(1, 2, 2, 3), (3, 2, 2, 8), (8, 2, 2, 3), (3, 2, 2, 8), (8, 2, 2, 3), (3, 2, 2, 8), (8, 2, 2, 3), (3, 2, 2, 8), (8, 2, 2, 3), (3, 2, 2, 4), (4, 2, 2, 1)].
-> E = <Lh|CC*> + <ALhAL*|CC*|ARhAR*> + <CC*|Rh> = 2.924406868509875 + -0.05732711724981125 + 0.40711371597007817 = 3.274193467230142.
ColumnDMRG performed 3 sweeps.
- C_updated leg dimensions: [(1, 2, 2, 4), (4, 2, 2, 12), (12, 2, 2, 12), (12, 2, 2, 12), (12, 2, 2, 12), (12, 2, 2, 12), (12, 2, 2, 12), (12, 2, 2, 12), (12, 2, 2, 12), (12, 2, 2, 4), (4, 2, 2, 1)].
- largest Hermiticity error: 3.9801017352731603e-13.
- maximal number of matvec operations: 41.
-> E_updated = 3.2025578237389727.
BoundaryCompression performed 3 sweeps.
Orthogonality column 11:
- C leg dimensions: [(1, 2, 1, 4), (4, 2, 2, 12), (12, 2, 1, 12), (12, 2, 2, 12), (12, 2, 1, 12), (12, 2, 2, 12), (12, 2, 2, 12), (12, 2, 1, 12), (12, 2, 2, 8), (8, 2, 1, 4), (4, 2, 2, 1)].
- Lh leg dimensions: [(1, 2, 2, 4), (4, 2, 2, 16), (16, 2, 2, 24), (24, 2, 2, 24), (24, 2, 2, 24), (24, 2, 2, 24), (24, 2, 2, 24), (24, 2, 2, 24), (24, 2, 2, 16), (16, 2, 2, 4), (4, 2, 2, 1)].
-> E = <Lh|CC*> + <ALhAL*|CC*|ARhAR*> + <CC*|Rh> = 2.9070572139346513 + 0.39571196397015745 + None = 3.3027691779048087.
ColumnDMRG performed 3 sweeps.
- C_updated leg dimensions: [(1, 2, 1, 2), (2, 2, 2, 8), (8, 2, 1, 12), (12, 2, 2, 12), (12, 2, 1, 12), (12, 2, 2, 12), (12, 2, 2, 12), (12, 2, 1, 12), (12, 2, 2, 8), (8, 2, 1, 4), (4, 2, 2, 1)].
- largest Hermiticity error: 2.4633637376983957e-13.
- maximal number of matvec operations: 31.
-> E_updated = 3.299225785060231.
BoundaryCompression performed 3 sweeps.
Orthogonality column 12:
- C leg dimensions: [(1, 2, 1, 2), (2, 2, 1, 4), (4, 2, 1, 8), (8, 2, 1, 12), (12, 2, 1, 12), (12, 2, 1, 12), (12, 2, 1, 12), (12, 2, 1, 12), (12, 2, 1, 8), (8, 2, 1, 4), (4, 2, 1, 1)].
- Lh leg dimensions: [(1, 2, 2, 4), (4, 2, 2, 16), (16, 2, 2, 24), (24, 2, 2, 24), (24, 2, 2, 24), (24, 2, 2, 24), (24, 2, 2, 24), (24, 2, 2, 24), (24, 2, 2, 16), (16, 2, 2, 4), (4, 2, 2, 1)].
-> E = <Lh|CC*> + <ALhAL*|CC*|ARhAR*> + <CC*|Rh> = 3.3266426596005645 + None + None = 3.3266426596005645.
ColumnDMRG performed 3 sweeps.
- C_updated leg dimensions: [(1, 2, 1, 2), (2, 2, 1, 4), (4, 2, 1, 8), (8, 2, 1, 12), (12, 2, 1, 12), (12, 2, 1, 12), (12, 2, 1, 12), (12, 2, 1, 8), (8, 2, 1, 4), (4, 2, 1, 2), (2, 2, 1, 1)].
- largest Hermiticity error: 9.2644055576361e-13.
- maximal number of matvec operations: 31.
-> E_updated = 3.326153012609113.
Orthogonality column 11:
- C leg dimensions: [(1, 2, 1, 2), (2, 2, 2, 4), (4, 2, 1, 8), (8, 2, 2, 12), (12, 2, 1, 12), (12, 2, 2, 12), (12, 2, 2, 12), (12, 2, 1, 8), (8, 2, 2, 4), (4, 2, 1, 2), (2, 2, 2, 1)].
- Lh leg dimensions: [(1, 2, 2, 4), (4, 2, 2, 16), (16, 2, 2, 24), (24, 2, 2, 24), (24, 2, 2, 24), (24, 2, 2, 24), (24, 2, 2, 24), (24, 2, 2, 24), (24, 2, 2, 16), (16, 2, 2, 4), (4, 2, 2, 1)].
-> E = <Lh|CC*> + <ALhAL*|CC*|ARhAR*> + <CC*|Rh> = 2.9202095501505445 + 0.4061002038992744 + None = 3.3263097540498188.
ColumnDMRG performed 3 sweeps.
- C_updated leg dimensions: [(1, 2, 1, 2), (2, 2, 2, 8), (8, 2, 1, 12), (12, 2, 2, 12), (12, 2, 1, 12), (12, 2, 2, 12), (12, 2, 2, 12), (12, 2, 1, 12), (12, 2, 2, 8), (8, 2, 1, 4), (4, 2, 2, 1)].
- largest Hermiticity error: 3.7355327499408163e-13.
- maximal number of matvec operations: 41.
-> E_updated = 3.2992257850602416.
BoundaryCompression performed 3 sweeps.
Orthogonality column 10:
- C leg dimensions: [(1, 2, 2, 2), (2, 2, 2, 8), (8, 2, 2, 12), (12, 2, 2, 12), (12, 2, 2, 12), (12, 2, 2, 12), (12, 2, 2, 12), (12, 2, 2, 12), (12, 2, 2, 8), (8, 2, 2, 4), (4, 2, 2, 1)].
- Lh leg dimensions: [(1, 2, 2, 4), (4, 2, 2, 16), (16, 2, 2, 24), (24, 2, 2, 24), (24, 2, 2, 24), (24, 2, 2, 24), (24, 2, 2, 24), (24, 2, 2, 24), (24, 2, 2, 16), (16, 2, 2, 4), (4, 2, 2, 1)].
- Rh leg dimensions: [(1, 2, 2, 3), (3, 2, 2, 8), (8, 2, 2, 3), (3, 2, 2, 8), (8, 2, 2, 3), (3, 2, 2, 8), (8, 2, 2, 3), (3, 2, 2, 8), (8, 2, 2, 3), (3, 2, 2, 4), (4, 2, 2, 1)].
-> E = <Lh|CC*> + <ALhAL*|CC*|ARhAR*> + <CC*|Rh> = 2.9977298161108763 + -0.09021078252566045 + 0.39210194311454644 = 3.299620976699762.
ColumnDMRG performed 3 sweeps.
- C_updated leg dimensions: [(1, 2, 2, 4), (4, 2, 2, 12), (12, 2, 2, 12), (12, 2, 2, 12), (12, 2, 2, 12), (12, 2, 2, 12), (12, 2, 2, 12), (12, 2, 2, 12), (12, 2, 2, 12), (12, 2, 2, 4), (4, 2, 2, 1)].
- largest Hermiticity error: 3.7566508716627427e-13.
- maximal number of matvec operations: 41.
-> E_updated = 3.2021409554992335.
BoundaryCompression performed 3 sweeps.
Orthogonality column 9:
- C leg dimensions: [(1, 2, 2, 4), (4, 2, 2, 12), (12, 2, 2, 12), (12, 2, 2, 12), (12, 2, 2, 12), (12, 2, 2, 12), (12, 2, 2, 12), (12, 2, 2, 12), (12, 2, 2, 12), (12, 2, 2, 4), (4, 2, 2, 1)].
- Lh leg dimensions: [(1, 2, 2, 4), (4, 2, 2, 16), (16, 2, 2, 24), (24, 2, 2, 24), (24, 2, 2, 24), (24, 2, 2, 24), (24, 2, 2, 24), (24, 2, 2, 24), (24, 2, 2, 16), (16, 2, 2, 4), (4, 2, 2, 1)].
- Rh leg dimensions: [(1, 2, 2, 4), (4, 2, 2, 8), (8, 2, 2, 20), (20, 2, 2, 8), (8, 2, 2, 20), (20, 2, 2, 8), (8, 2, 2, 20), (20, 2, 2, 8), (8, 2, 2, 16), (16, 2, 2, 4), (4, 2, 2, 1)].
-> E = <Lh|CC*> + <ALhAL*|CC*|ARhAR*> + <CC*|Rh> = 2.8678812092553625 + 0.0625378887257361 + 0.3273192468943531 = 3.2577383448754516.
ColumnDMRG performed 3 sweeps.
- C_updated leg dimensions: [(1, 2, 2, 4), (4, 2, 2, 12), (12, 2, 2, 12), (12, 2, 2, 12), (12, 2, 2, 12), (12, 2, 2, 12), (12, 2, 2, 12), (12, 2, 2, 12), (12, 2, 2, 12), (12, 2, 2, 4), (4, 2, 2, 1)].
- largest Hermiticity error: 1.1358685213309203e-12.
- maximal number of matvec operations: 41.
-> E_updated = 3.1946277381423442.
BoundaryCompression performed 3 sweeps.
Orthogonality column 8:
- C leg dimensions: [(1, 2, 2, 4), (4, 2, 2, 12), (12, 2, 2, 12), (12, 2, 2, 12), (12, 2, 2, 12), (12, 2, 2, 12), (12, 2, 2, 12), (12, 2, 2, 12), (12, 2, 2, 12), (12, 2, 2, 4), (4, 2, 2, 1)].
- Lh leg dimensions: [(1, 2, 2, 4), (4, 2, 2, 16), (16, 2, 2, 24), (24, 2, 2, 24), (24, 2, 2, 24), (24, 2, 2, 24), (24, 2, 2, 24), (24, 2, 2, 24), (24, 2, 2, 16), (16, 2, 2, 4), (4, 2, 2, 1)].
- Rh leg dimensions: [(1, 2, 2, 4), (4, 2, 2, 16), (16, 2, 2, 20), (20, 2, 2, 24), (24, 2, 2, 20), (20, 2, 2, 24), (24, 2, 2, 20), (20, 2, 2, 24), (24, 2, 2, 16), (16, 2, 2, 4), (4, 2, 2, 1)].
-> E = <Lh|CC*> + <ALhAL*|CC*|ARhAR*> + <CC*|Rh> = 2.777430432870011 + 0.09371251407347507 + 0.39937373031356976 = 3.2705166772570555.
ColumnDMRG performed 3 sweeps.
- C_updated leg dimensions: [(1, 2, 2, 4), (4, 2, 2, 12), (12, 2, 2, 12), (12, 2, 2, 12), (12, 2, 2, 12), (12, 2, 2, 12), (12, 2, 2, 12), (12, 2, 2, 12), (12, 2, 2, 12), (12, 2, 2, 4), (4, 2, 2, 1)].
- largest Hermiticity error: 1.2088709390340392e-11.
- maximal number of matvec operations: 41.
-> E_updated = 3.250840865437837.
BoundaryCompression performed 3 sweeps.
Orthogonality column 7:
- C leg dimensions: [(1, 2, 2, 4), (4, 2, 2, 12), (12, 2, 2, 12), (12, 2, 2, 12), (12, 2, 2, 12), (12, 2, 2, 12), (12, 2, 2, 12), (12, 2, 2, 12), (12, 2, 2, 12), (12, 2, 2, 4), (4, 2, 2, 1)].
- Lh leg dimensions: [(1, 2, 2, 4), (4, 2, 2, 16), (16, 2, 2, 24), (24, 2, 2, 24), (24, 2, 2, 24), (24, 2, 2, 24), (24, 2, 2, 24), (24, 2, 2, 24), (24, 2, 2, 16), (16, 2, 2, 4), (4, 2, 2, 1)].
- Rh leg dimensions: [(1, 2, 2, 4), (4, 2, 2, 16), (16, 2, 2, 24), (24, 2, 2, 24), (24, 2, 2, 24), (24, 2, 2, 24), (24, 2, 2, 24), (24, 2, 2, 24), (24, 2, 2, 16), (16, 2, 2, 4), (4, 2, 2, 1)].
-> E = <Lh|CC*> + <ALhAL*|CC*|ARhAR*> + <CC*|Rh> = 2.594567349743595 + 0.18524778765572258 + 0.5118736617373648 = 3.2916887991366828.
ColumnDMRG performed 3 sweeps.
- C_updated leg dimensions: [(1, 2, 2, 4), (4, 2, 2, 12), (12, 2, 2, 12), (12, 2, 2, 12), (12, 2, 2, 12), (12, 2, 2, 12), (12, 2, 2, 12), (12, 2, 2, 12), (12, 2, 2, 12), (12, 2, 2, 4), (4, 2, 2, 1)].
- largest Hermiticity error: 2.0539125955565396e-15.
- maximal number of matvec operations: 41.
-> E_updated = 3.23925739547016.
BoundaryCompression performed 3 sweeps.
Orthogonality column 6:
- C leg dimensions: [(1, 2, 2, 4), (4, 2, 2, 12), (12, 2, 2, 12), (12, 2, 2, 12), (12, 2, 2, 12), (12, 2, 2, 12), (12, 2, 2, 12), (12, 2, 2, 12), (12, 2, 2, 12), (12, 2, 2, 4), (4, 2, 2, 1)].
- Lh leg dimensions: [(1, 2, 2, 4), (4, 2, 2, 16), (16, 2, 2, 24), (24, 2, 2, 24), (24, 2, 2, 24), (24, 2, 2, 24), (24, 2, 2, 24), (24, 2, 2, 24), (24, 2, 2, 16), (16, 2, 2, 4), (4, 2, 2, 1)].
- Rh leg dimensions: [(1, 2, 2, 4), (4, 2, 2, 16), (16, 2, 2, 24), (24, 2, 2, 24), (24, 2, 2, 24), (24, 2, 2, 24), (24, 2, 2, 24), (24, 2, 2, 24), (24, 2, 2, 16), (16, 2, 2, 4), (4, 2, 2, 1)].
-> E = <Lh|CC*> + <ALhAL*|CC*|ARhAR*> + <CC*|Rh> = 1.757998054820583 + 0.8458759630894477 + 0.6670406803263227 = 3.2709146982363535.
ColumnDMRG performed 3 sweeps.
- C_updated leg dimensions: [(1, 2, 2, 4), (4, 2, 2, 12), (12, 2, 2, 12), (12, 2, 2, 12), (12, 2, 2, 12), (12, 2, 2, 12), (12, 2, 2, 12), (12, 2, 2, 12), (12, 2, 2, 12), (12, 2, 2, 4), (4, 2, 2, 1)].
- largest Hermiticity error: 1.6136471996107275e-15.
- maximal number of matvec operations: 41.
-> E_updated = 3.263406853503822.
BoundaryCompression performed 3 sweeps.
Orthogonality column 5:
- C leg dimensions: [(1, 2, 2, 4), (4, 2, 2, 12), (12, 2, 2, 12), (12, 2, 2, 12), (12, 2, 2, 12), (12, 2, 2, 12), (12, 2, 2, 12), (12, 2, 2, 12), (12, 2, 2, 12), (12, 2, 2, 4), (4, 2, 2, 1)].
- Lh leg dimensions: [(1, 2, 2, 4), (4, 2, 2, 16), (16, 2, 2, 24), (24, 2, 2, 24), (24, 2, 2, 24), (24, 2, 2, 24), (24, 2, 2, 24), (24, 2, 2, 24), (24, 2, 2, 16), (16, 2, 2, 4), (4, 2, 2, 1)].
- Rh leg dimensions: [(1, 2, 2, 4), (4, 2, 2, 16), (16, 2, 2, 24), (24, 2, 2, 24), (24, 2, 2, 24), (24, 2, 2, 24), (24, 2, 2, 24), (24, 2, 2, 24), (24, 2, 2, 16), (16, 2, 2, 4), (4, 2, 2, 1)].
-> E = <Lh|CC*> + <ALhAL*|CC*|ARhAR*> + <CC*|Rh> = 0.9715897140305173 + 0.7787945558684786 + 1.5142758584336296 = 3.2646601283326255.
ColumnDMRG performed 3 sweeps.
- C_updated leg dimensions: [(1, 2, 2, 4), (4, 2, 2, 12), (12, 2, 2, 12), (12, 2, 2, 12), (12, 2, 2, 12), (12, 2, 2, 12), (12, 2, 2, 12), (12, 2, 2, 12), (12, 2, 2, 12), (12, 2, 2, 4), (4, 2, 2, 1)].
- largest Hermiticity error: 9.123792619420656e-13.
- maximal number of matvec operations: 31.
-> E_updated = 3.2624532842429437.
BoundaryCompression performed 3 sweeps.
Orthogonality column 4:
- C leg dimensions: [(1, 2, 2, 4), (4, 2, 2, 12), (12, 2, 2, 12), (12, 2, 2, 12), (12, 2, 2, 12), (12, 2, 2, 12), (12, 2, 2, 12), (12, 2, 2, 12), (12, 2, 2, 12), (12, 2, 2, 4), (4, 2, 2, 1)].
- Lh leg dimensions: [(1, 2, 2, 4), (4, 2, 2, 16), (16, 2, 2, 24), (24, 2, 2, 20), (20, 2, 2, 24), (24, 2, 2, 20), (20, 2, 2, 24), (24, 2, 2, 20), (20, 2, 2, 16), (16, 2, 2, 4), (4, 2, 2, 1)].
- Rh leg dimensions: [(1, 2, 2, 4), (4, 2, 2, 16), (16, 2, 2, 24), (24, 2, 2, 24), (24, 2, 2, 24), (24, 2, 2, 24), (24, 2, 2, 24), (24, 2, 2, 24), (24, 2, 2, 16), (16, 2, 2, 4), (4, 2, 2, 1)].
-> E = <Lh|CC*> + <ALhAL*|CC*|ARhAR*> + <CC*|Rh> = 0.5064367143616859 + 0.4641996930667439 + 2.2998788350442623 = 3.270515242472692.
ColumnDMRG performed 3 sweeps.
- C_updated leg dimensions: [(1, 2, 2, 4), (4, 2, 2, 12), (12, 2, 2, 12), (12, 2, 2, 12), (12, 2, 2, 12), (12, 2, 2, 12), (12, 2, 2, 12), (12, 2, 2, 12), (12, 2, 2, 12), (12, 2, 2, 4), (4, 2, 2, 1)].
- largest Hermiticity error: 5.124433843970932e-13.
- maximal number of matvec operations: 31.
-> E_updated = 3.2642471267688498.
BoundaryCompression performed 3 sweeps.
Orthogonality column 3:
- C leg dimensions: [(1, 2, 2, 4), (4, 2, 2, 12), (12, 2, 2, 12), (12, 2, 2, 12), (12, 2, 2, 12), (12, 2, 2, 12), (12, 2, 2, 12), (12, 2, 2, 12), (12, 2, 2, 12), (12, 2, 2, 4), (4, 2, 2, 1)].
- Lh leg dimensions: [(1, 2, 2, 4), (4, 2, 2, 16), (16, 2, 2, 8), (8, 2, 2, 20), (20, 2, 2, 8), (8, 2, 2, 20), (20, 2, 2, 8), (8, 2, 2, 20), (20, 2, 2, 8), (8, 2, 2, 4), (4, 2, 2, 1)].
- Rh leg dimensions: [(1, 2, 2, 4), (4, 2, 2, 16), (16, 2, 2, 24), (24, 2, 2, 24), (24, 2, 2, 24), (24, 2, 2, 24), (24, 2, 2, 24), (24, 2, 2, 24), (24, 2, 2, 16), (16, 2, 2, 4), (4, 2, 2, 1)].
-> E = <Lh|CC*> + <ALhAL*|CC*|ARhAR*> + <CC*|Rh> = 0.4569503720355246 + 0.04688017525390523 + 2.7815777875688807 = 3.2854083348583103.
ColumnDMRG performed 3 sweeps.
- C_updated leg dimensions: [(1, 2, 2, 4), (4, 2, 2, 12), (12, 2, 2, 12), (12, 2, 2, 12), (12, 2, 2, 12), (12, 2, 2, 12), (12, 2, 2, 12), (12, 2, 2, 12), (12, 2, 2, 12), (12, 2, 2, 4), (4, 2, 2, 1)].
- largest Hermiticity error: 2.330775565438981e-13.
- maximal number of matvec operations: 41.
-> E_updated = 3.208270734658521.
BoundaryCompression performed 3 sweeps.
Orthogonality column 2:
- C leg dimensions: [(1, 2, 2, 4), (4, 2, 2, 12), (12, 2, 2, 12), (12, 2, 2, 12), (12, 2, 2, 12), (12, 2, 2, 12), (12, 2, 2, 12), (12, 2, 2, 12), (12, 2, 2, 12), (12, 2, 2, 4), (4, 2, 2, 1)].
- Lh leg dimensions: [(1, 2, 2, 4), (4, 2, 2, 3), (3, 2, 2, 8), (8, 2, 2, 3), (3, 2, 2, 8), (8, 2, 2, 3), (3, 2, 2, 8), (8, 2, 2, 3), (3, 2, 2, 8), (8, 2, 2, 3), (3, 2, 2, 1)].
- Rh leg dimensions: [(1, 2, 2, 4), (4, 2, 2, 16), (16, 2, 2, 24), (24, 2, 2, 24), (24, 2, 2, 24), (24, 2, 2, 24), (24, 2, 2, 24), (24, 2, 2, 24), (24, 2, 2, 16), (16, 2, 2, 4), (4, 2, 2, 1)].
-> E = <Lh|CC*> + <ALhAL*|CC*|ARhAR*> + <CC*|Rh> = 0.32080160013943787 + 0.1351923556635823 + 2.822949640652481 = 3.2789435964555014.
ColumnDMRG performed 3 sweeps.
- C_updated leg dimensions: [(1, 2, 2, 4), (4, 2, 2, 12), (12, 2, 2, 12), (12, 2, 2, 12), (12, 2, 2, 12), (12, 2, 2, 12), (12, 2, 2, 12), (12, 2, 2, 12), (12, 2, 2, 12), (12, 2, 2, 4), (4, 2, 2, 1)].
- largest Hermiticity error: 7.092117673196919e-06.
- maximal number of matvec operations: 41.
-> E_updated = 3.099214154483773.
BoundaryCompression performed 3 sweeps.
Orthogonality column 1:
- C leg dimensions: [(1, 2, 2, 4), (4, 1, 2, 12), (12, 2, 2, 12), (12, 1, 2, 12), (12, 2, 2, 12), (12, 2, 2, 12), (12, 1, 2, 12), (12, 2, 2, 12), (12, 1, 2, 8), (8, 2, 2, 2), (2, 1, 2, 1)].
- Rh leg dimensions: [(1, 2, 2, 4), (4, 2, 2, 16), (16, 2, 2, 24), (24, 2, 2, 24), (24, 2, 2, 24), (24, 2, 2, 24), (24, 2, 2, 24), (24, 2, 2, 24), (24, 2, 2, 16), (16, 2, 2, 4), (4, 2, 2, 1)].
-> E = <Lh|CC*> + <ALhAL*|CC*|ARhAR*> + <CC*|Rh> = None + 0.36608015902327623 + 2.819275225723915 = 3.185355384747191.
ColumnDMRG performed 3 sweeps.
- C_updated leg dimensions: [(1, 2, 2, 4), (4, 1, 2, 8), (8, 2, 2, 12), (12, 1, 2, 12), (12, 2, 2, 12), (12, 2, 2, 12), (12, 1, 2, 12), (12, 2, 2, 12), (12, 1, 2, 8), (8, 2, 2, 2), (2, 1, 2, 1)].
- largest Hermiticity error: 8.881241331679714e-06.
- maximal number of matvec operations: 31.
-> E_updated = 3.1811716545457265.
BoundaryCompression performed 3 sweeps.
Orthogonality column 0:
- C leg dimensions: [(1, 1, 2, 2), (2, 1, 2, 4), (4, 1, 2, 8), (8, 1, 2, 12), (12, 1, 2, 12), (12, 1, 2, 12), (12, 1, 2, 12), (12, 1, 2, 12), (12, 1, 2, 8), (8, 1, 2, 2), (2, 1, 2, 1)].
- Rh leg dimensions: [(1, 2, 2, 4), (4, 2, 2, 16), (16, 2, 2, 24), (24, 2, 2, 24), (24, 2, 2, 24), (24, 2, 2, 24), (24, 2, 2, 24), (24, 2, 2, 24), (24, 2, 2, 16), (16, 2, 2, 4), (4, 2, 2, 1)].
-> E = <Lh|CC*> + <ALhAL*|CC*|ARhAR*> + <CC*|Rh> = None + None + 3.2162245988049496 = 3.2162245988049496.
ColumnDMRG performed 3 sweeps.
- C_updated leg dimensions: [(1, 1, 2, 2), (2, 1, 2, 4), (4, 1, 2, 8), (8, 1, 2, 12), (12, 1, 2, 12), (12, 1, 2, 12), (12, 1, 2, 12), (12, 1, 2, 8), (8, 1, 2, 4), (4, 1, 2, 2), (2, 1, 2, 1)].
- largest Hermiticity error: 5.687796461861732e-06.
- maximal number of matvec operations: 31.
-> E_updated = 3.215883629665376.
DMRGSquared performed 1 sweeps.
=> <H> - E0 = 3.2292340371466253.

DMRGSquared sweep 3 ...
Orthogonality column 0:
- C leg dimensions: [(1, 1, 2, 2), (2, 1, 2, 4), (4, 1, 2, 8), (8, 1, 2, 12), (12, 1, 2, 12), (12, 1, 2, 12), (12, 1, 2, 12), (12, 1, 2, 8), (8, 1, 2, 4), (4, 1, 2, 2), (2, 1, 2, 1)].
- Rh leg dimensions: [(1, 2, 2, 4), (4, 2, 2, 16), (16, 2, 2, 24), (24, 2, 2, 24), (24, 2, 2, 24), (24, 2, 2, 24), (24, 2, 2, 24), (24, 2, 2, 24), (24, 2, 2, 16), (16, 2, 2, 4), (4, 2, 2, 1)].
-> E = <Lh|CC*> + <ALhAL*|CC*|ARhAR*> + <CC*|Rh> = None + None + 3.2158835791306974 = 3.2158835791306974.
ColumnDMRG performed 3 sweeps.
- C_updated leg dimensions: [(1, 1, 2, 2), (2, 1, 2, 4), (4, 1, 2, 8), (8, 1, 2, 12), (12, 1, 2, 12), (12, 1, 2, 12), (12, 1, 2, 12), (12, 1, 2, 8), (8, 1, 2, 4), (4, 1, 2, 2), (2, 1, 2, 1)].
- largest Hermiticity error: 4.912802390967507e-06.
- maximal number of matvec operations: 21.
-> E_updated = 3.215883629665179.
Orthogonality column 1:
- C leg dimensions: [(1, 2, 2, 2), (2, 1, 2, 4), (4, 2, 2, 8), (8, 1, 2, 12), (12, 2, 2, 12), (12, 2, 2, 12), (12, 1, 2, 12), (12, 2, 2, 8), (8, 1, 2, 4), (4, 2, 2, 2), (2, 1, 2, 1)].
- Rh leg dimensions: [(1, 2, 2, 4), (4, 2, 2, 16), (16, 2, 2, 24), (24, 2, 2, 24), (24, 2, 2, 24), (24, 2, 2, 24), (24, 2, 2, 24), (24, 2, 2, 24), (24, 2, 2, 16), (16, 2, 2, 4), (4, 2, 2, 1)].
-> E = <Lh|CC*> + <ALhAL*|CC*|ARhAR*> + <CC*|Rh> = None + 0.37041072961019167 + 2.8454320077577404 = 3.215842737367932.
ColumnDMRG performed 3 sweeps.
- C_updated leg dimensions: [(1, 2, 2, 4), (4, 1, 2, 8), (8, 2, 2, 12), (12, 1, 2, 12), (12, 2, 2, 12), (12, 2, 2, 12), (12, 1, 2, 12), (12, 2, 2, 12), (12, 1, 2, 8), (8, 2, 2, 2), (2, 1, 2, 1)].
- largest Hermiticity error: 8.191007788625657e-06.
- maximal number of matvec operations: 31.
-> E_updated = 3.18117165454824.
BoundaryCompression performed 3 sweeps.
Orthogonality column 2:
- C leg dimensions: [(1, 2, 2, 4), (4, 2, 2, 8), (8, 2, 2, 12), (12, 2, 2, 12), (12, 2, 2, 12), (12, 2, 2, 12), (12, 2, 2, 12), (12, 2, 2, 12), (12, 2, 2, 8), (8, 2, 2, 2), (2, 2, 2, 1)].
- Lh leg dimensions: [(1, 2, 2, 4), (4, 2, 2, 3), (3, 2, 2, 8), (8, 2, 2, 3), (3, 2, 2, 8), (8, 2, 2, 3), (3, 2, 2, 8), (8, 2, 2, 3), (3, 2, 2, 8), (8, 2, 2, 3), (3, 2, 2, 1)].
- Rh leg dimensions: [(1, 2, 2, 4), (4, 2, 2, 16), (16, 2, 2, 24), (24, 2, 2, 24), (24, 2, 2, 24), (24, 2, 2, 24), (24, 2, 2, 24), (24, 2, 2, 24), (24, 2, 2, 16), (16, 2, 2, 4), (4, 2, 2, 1)].
-> E = <Lh|CC*> + <ALhAL*|CC*|ARhAR*> + <CC*|Rh> = 0.3569935690149868 + -0.10517611414448053 + 2.930588823385841 = 3.182406278256347.
ColumnDMRG performed 3 sweeps.
- C_updated leg dimensions: [(1, 2, 2, 4), (4, 2, 2, 12), (12, 2, 2, 12), (12, 2, 2, 12), (12, 2, 2, 12), (12, 2, 2, 12), (12, 2, 2, 12), (12, 2, 2, 12), (12, 2, 2, 12), (12, 2, 2, 4), (4, 2, 2, 1)].
- largest Hermiticity error: 6.9897813293743275e-06.
- maximal number of matvec operations: 41.
-> E_updated = 3.0974290972855645.
BoundaryCompression performed 3 sweeps.
Orthogonality column 3:
- C leg dimensions: [(1, 2, 2, 4), (4, 2, 2, 12), (12, 2, 2, 12), (12, 2, 2, 12), (12, 2, 2, 12), (12, 2, 2, 12), (12, 2, 2, 12), (12, 2, 2, 12), (12, 2, 2, 12), (12, 2, 2, 4), (4, 2, 2, 1)].
- Lh leg dimensions: [(1, 2, 2, 4), (4, 2, 2, 16), (16, 2, 2, 8), (8, 2, 2, 20), (20, 2, 2, 8), (8, 2, 2, 20), (20, 2, 2, 8), (8, 2, 2, 20), (20, 2, 2, 8), (8, 2, 2, 4), (4, 2, 2, 1)].
- Rh leg dimensions: [(1, 2, 2, 4), (4, 2, 2, 16), (16, 2, 2, 24), (24, 2, 2, 24), (24, 2, 2, 24), (24, 2, 2, 24), (24, 2, 2, 24), (24, 2, 2, 24), (24, 2, 2, 16), (16, 2, 2, 4), (4, 2, 2, 1)].
-> E = <Lh|CC*> + <ALhAL*|CC*|ARhAR*> + <CC*|Rh> = 0.2598451861701174 + 0.10961179997151002 + 2.7814912370117844 = 3.150948223153412.
ColumnDMRG performed 3 sweeps.
- C_updated leg dimensions: [(1, 2, 2, 4), (4, 2, 2, 12), (12, 2, 2, 12), (12, 2, 2, 12), (12, 2, 2, 12), (12, 2, 2, 12), (12, 2, 2, 12), (12, 2, 2, 12), (12, 2, 2, 12), (12, 2, 2, 4), (4, 2, 2, 1)].
- largest Hermiticity error: 2.1880122565589464e-13.
- maximal number of matvec operations: 41.
-> E_updated = 3.089521085499774.
BoundaryCompression performed 3 sweeps.
Orthogonality column 4:
- C leg dimensions: [(1, 2, 2, 4), (4, 2, 2, 12), (12, 2, 2, 12), (12, 2, 2, 12), (12, 2, 2, 12), (12, 2, 2, 12), (12, 2, 2, 12), (12, 2, 2, 12), (12, 2, 2, 12), (12, 2, 2, 4), (4, 2, 2, 1)].
- Lh leg dimensions: [(1, 2, 2, 4), (4, 2, 2, 15), (15, 2, 2, 24), (24, 2, 2, 20), (20, 2, 2, 24), (24, 2, 2, 20), (20, 2, 2, 24), (24, 2, 2, 20), (20, 2, 2, 16), (16, 2, 2, 4), (4, 2, 2, 1)].
- Rh leg dimensions: [(1, 2, 2, 4), (4, 2, 2, 16), (16, 2, 2, 24), (24, 2, 2, 24), (24, 2, 2, 24), (24, 2, 2, 24), (24, 2, 2, 24), (24, 2, 2, 24), (24, 2, 2, 16), (16, 2, 2, 4), (4, 2, 2, 1)].
-> E = <Lh|CC*> + <ALhAL*|CC*|ARhAR*> + <CC*|Rh> = 0.35698314598306313 + 0.42060134442735025 + 2.333770375942831 = 3.1113548663532447.
ColumnDMRG performed 3 sweeps.
- C_updated leg dimensions: [(1, 2, 2, 4), (4, 2, 2, 12), (12, 2, 2, 12), (12, 2, 2, 12), (12, 2, 2, 12), (12, 2, 2, 12), (12, 2, 2, 12), (12, 2, 2, 12), (12, 2, 2, 12), (12, 2, 2, 4), (4, 2, 2, 1)].
- largest Hermiticity error: 5.129244266556467e-13.
- maximal number of matvec operations: 31.
-> E_updated = 3.086497390446854.
BoundaryCompression performed 3 sweeps.
Orthogonality column 5:
- C leg dimensions: [(1, 2, 2, 4), (4, 2, 2, 12), (12, 2, 2, 12), (12, 2, 2, 12), (12, 2, 2, 12), (12, 2, 2, 12), (12, 2, 2, 12), (12, 2, 2, 12), (12, 2, 2, 12), (12, 2, 2, 4), (4, 2, 2, 1)].
- Lh leg dimensions: [(1, 2, 2, 4), (4, 2, 2, 16), (16, 2, 2, 24), (24, 2, 2, 24), (24, 2, 2, 24), (24, 2, 2, 24), (24, 2, 2, 24), (24, 2, 2, 24), (24, 2, 2, 16), (16, 2, 2, 4), (4, 2, 2, 1)].
- Rh leg dimensions: [(1, 2, 2, 4), (4, 2, 2, 16), (16, 2, 2, 24), (24, 2, 2, 24), (24, 2, 2, 24), (24, 2, 2, 24), (24, 2, 2, 24), (24, 2, 2, 24), (24, 2, 2, 16), (16, 2, 2, 4), (4, 2, 2, 1)].
-> E = <Lh|CC*> + <ALhAL*|CC*|ARhAR*> + <CC*|Rh> = 0.7863588982930073 + 0.7901782993937719 + 1.5221453244380798 = 3.098682522124859.
ColumnDMRG performed 3 sweeps.
- C_updated leg dimensions: [(1, 2, 2, 4), (4, 2, 2, 12), (12, 2, 2, 12), (12, 2, 2, 12), (12, 2, 2, 12), (12, 2, 2, 12), (12, 2, 2, 12), (12, 2, 2, 12), (12, 2, 2, 12), (12, 2, 2, 4), (4, 2, 2, 1)].
- largest Hermiticity error: 1.195709626769752e-12.
- maximal number of matvec operations: 41.
-> E_updated = 3.0895945732355115.
BoundaryCompression performed 3 sweeps.
Orthogonality column 6:
- C leg dimensions: [(1, 2, 2, 4), (4, 2, 2, 12), (12, 2, 2, 12), (12, 2, 2, 12), (12, 2, 2, 12), (12, 2, 2, 12), (12, 2, 2, 12), (12, 2, 2, 12), (12, 2, 2, 12), (12, 2, 2, 4), (4, 2, 2, 1)].
- Lh leg dimensions: [(1, 2, 2, 4), (4, 2, 2, 16), (16, 2, 2, 24), (24, 2, 2, 24), (24, 2, 2, 24), (24, 2, 2, 24), (24, 2, 2, 24), (24, 2, 2, 24), (24, 2, 2, 16), (16, 2, 2, 4), (4, 2, 2, 1)].
- Rh leg dimensions: [(1, 2, 2, 4), (4, 2, 2, 16), (16, 2, 2, 24), (24, 2, 2, 24), (24, 2, 2, 24), (24, 2, 2, 24), (24, 2, 2, 24), (24, 2, 2, 24), (24, 2, 2, 16), (16, 2, 2, 4), (4, 2, 2, 1)].
-> E = <Lh|CC*> + <ALhAL*|CC*|ARhAR*> + <CC*|Rh> = 1.5753972454123069 + 0.8462303051044912 + 0.667611465244433 = 3.089239015761231.
ColumnDMRG performed 3 sweeps.
- C_updated leg dimensions: [(1, 2, 2, 4), (4, 2, 2, 12), (12, 2, 2, 12), (12, 2, 2, 12), (12, 2, 2, 12), (12, 2, 2, 12), (12, 2, 2, 12), (12, 2, 2, 12), (12, 2, 2, 12), (12, 2, 2, 4), (4, 2, 2, 1)].
- largest Hermiticity error: 1.6165091241761062e-15.
- maximal number of matvec operations: 31.
-> E_updated = 3.0882612740377793.
BoundaryCompression performed 3 sweeps.
Orthogonality column 7:
- C leg dimensions: [(1, 2, 2, 4), (4, 2, 2, 12), (12, 2, 2, 12), (12, 2, 2, 12), (12, 2, 2, 12), (12, 2, 2, 12), (12, 2, 2, 12), (12, 2, 2, 12), (12, 2, 2, 12), (12, 2, 2, 4), (4, 2, 2, 1)].
- Lh leg dimensions: [(1, 2, 2, 4), (4, 2, 2, 16), (16, 2, 2, 24), (24, 2, 2, 24), (24, 2, 2, 24), (24, 2, 2, 24), (24, 2, 2, 24), (24, 2, 2, 24), (24, 2, 2, 16), (16, 2, 2, 4), (4, 2, 2, 1)].
- Rh leg dimensions: [(1, 2, 2, 4), (4, 2, 2, 16), (16, 2, 2, 24), (24, 2, 2, 24), (24, 2, 2, 24), (24, 2, 2, 24), (24, 2, 2, 24), (24, 2, 2, 24), (24, 2, 2, 16), (16, 2, 2, 4), (4, 2, 2, 1)].
-> E = <Lh|CC*> + <ALhAL*|CC*|ARhAR*> + <CC*|Rh> = 2.4256171673412017 + 0.12937507622279248 + 0.5380305372248156 = 3.09302278078881.
ColumnDMRG performed 3 sweeps.
- C_updated leg dimensions: [(1, 2, 2, 4), (4, 2, 2, 12), (12, 2, 2, 12), (12, 2, 2, 12), (12, 2, 2, 12), (12, 2, 2, 12), (12, 2, 2, 12), (12, 2, 2, 12), (12, 2, 2, 12), (12, 2, 2, 4), (4, 2, 2, 1)].
- largest Hermiticity error: 3.575193960459936e-15.
- maximal number of matvec operations: 41.
-> E_updated = 3.0592795746561285.
BoundaryCompression performed 3 sweeps.
Orthogonality column 8:
- C leg dimensions: [(1, 2, 2, 4), (4, 2, 2, 12), (12, 2, 2, 12), (12, 2, 2, 12), (12, 2, 2, 12), (12, 2, 2, 12), (12, 2, 2, 12), (12, 2, 2, 12), (12, 2, 2, 12), (12, 2, 2, 4), (4, 2, 2, 1)].
- Lh leg dimensions: [(1, 2, 2, 4), (4, 2, 2, 16), (16, 2, 2, 24), (24, 2, 2, 24), (24, 2, 2, 24), (24, 2, 2, 24), (24, 2, 2, 24), (24, 2, 2, 24), (24, 2, 2, 16), (16, 2, 2, 4), (4, 2, 2, 1)].
- Rh leg dimensions: [(1, 2, 2, 4), (4, 2, 2, 16), (16, 2, 2, 20), (20, 2, 2, 24), (24, 2, 2, 20), (20, 2, 2, 24), (24, 2, 2, 20), (20, 2, 2, 24), (24, 2, 2, 16), (16, 2, 2, 4), (4, 2, 2, 1)].
-> E = <Lh|CC*> + <ALhAL*|CC*|ARhAR*> + <CC*|Rh> = 2.537267640119905 + 0.09493435015577523 + 0.4373613446373064 = 3.0695633349129867.
ColumnDMRG performed 3 sweeps.
- C_updated leg dimensions: [(1, 2, 2, 4), (4, 2, 2, 12), (12, 2, 2, 12), (12, 2, 2, 12), (12, 2, 2, 12), (12, 2, 2, 12), (12, 2, 2, 12), (12, 2, 2, 12), (12, 2, 2, 12), (12, 2, 2, 4), (4, 2, 2, 1)].
- largest Hermiticity error: 6.961314196973219e-11.
- maximal number of matvec operations: 41.
-> E_updated = 2.9449035368425966.
BoundaryCompression performed 3 sweeps.
Orthogonality column 9:
- C leg dimensions: [(1, 2, 2, 4), (4, 2, 2, 12), (12, 2, 2, 12), (12, 2, 2, 12), (12, 2, 2, 12), (12, 2, 2, 12), (12, 2, 2, 12), (12, 2, 2, 12), (12, 2, 2, 12), (12, 2, 2, 4), (4, 2, 2, 1)].
- Lh leg dimensions: [(1, 2, 2, 4), (4, 2, 2, 16), (16, 2, 2, 24), (24, 2, 2, 24), (24, 2, 2, 24), (24, 2, 2, 24), (24, 2, 2, 24), (24, 2, 2, 24), (24, 2, 2, 16), (16, 2, 2, 4), (4, 2, 2, 1)].
- Rh leg dimensions: [(1, 2, 2, 4), (4, 2, 2, 8), (8, 2, 2, 20), (20, 2, 2, 8), (8, 2, 2, 20), (20, 2, 2, 8), (8, 2, 2, 20), (20, 2, 2, 8), (8, 2, 2, 16), (16, 2, 2, 4), (4, 2, 2, 1)].
-> E = <Lh|CC*> + <ALhAL*|CC*|ARhAR*> + <CC*|Rh> = 2.582280039256324 + 0.07436123354496153 + 0.3432610212624602 = 2.999902294063746.
ColumnDMRG performed 3 sweeps.
- C_updated leg dimensions: [(1, 2, 2, 4), (4, 2, 2, 12), (12, 2, 2, 12), (12, 2, 2, 12), (12, 2, 2, 12), (12, 2, 2, 12), (12, 2, 2, 12), (12, 2, 2, 12), (12, 2, 2, 12), (12, 2, 2, 4), (4, 2, 2, 1)].
- largest Hermiticity error: 2.7485747095099628e-11.
- maximal number of matvec operations: 41.
-> E_updated = 2.9391972510149187.
BoundaryCompression performed 3 sweeps.
Orthogonality column 10:
- C leg dimensions: [(1, 2, 2, 4), (4, 2, 2, 12), (12, 2, 2, 12), (12, 2, 2, 12), (12, 2, 2, 12), (12, 2, 2, 12), (12, 2, 2, 12), (12, 2, 2, 12), (12, 2, 2, 12), (12, 2, 2, 4), (4, 2, 2, 1)].
- Lh leg dimensions: [(1, 2, 2, 4), (4, 2, 2, 16), (16, 2, 2, 24), (24, 2, 2, 24), (24, 2, 2, 24), (24, 2, 2, 24), (24, 2, 2, 24), (24, 2, 2, 24), (24, 2, 2, 16), (16, 2, 2, 4), (4, 2, 2, 1)].
- Rh leg dimensions: [(1, 2, 2, 3), (3, 2, 2, 8), (8, 2, 2, 3), (3, 2, 2, 8), (8, 2, 2, 3), (3, 2, 2, 8), (8, 2, 2, 3), (3, 2, 2, 8), (8, 2, 2, 3), (3, 2, 2, 4), (4, 2, 2, 1)].
-> E = <Lh|CC*> + <ALhAL*|CC*|ARhAR*> + <CC*|Rh> = 2.731098829407288 + -0.08513501177923924 + 0.4158405482694082 = 3.061804365897457.
ColumnDMRG performed 3 sweeps.
- C_updated leg dimensions: [(1, 2, 2, 4), (4, 2, 2, 12), (12, 2, 2, 12), (12, 2, 2, 12), (12, 2, 2, 12), (12, 2, 2, 12), (12, 2, 2, 12), (12, 2, 2, 12), (12, 2, 2, 12), (12, 2, 2, 4), (4, 2, 2, 1)].
- largest Hermiticity error: 9.739599436134294e-12.
- maximal number of matvec operations: 41.
-> E_updated = 3.004867460653538.
BoundaryCompression performed 3 sweeps.
Orthogonality column 11:
- C leg dimensions: [(1, 2, 1, 4), (4, 2, 2, 12), (12, 2, 1, 12), (12, 2, 2, 12), (12, 2, 1, 12), (12, 2, 2, 12), (12, 2, 2, 12), (12, 2, 1, 12), (12, 2, 2, 8), (8, 2, 1, 4), (4, 2, 2, 1)].
- Lh leg dimensions: [(1, 2, 2, 4), (4, 2, 2, 16), (16, 2, 2, 24), (24, 2, 2, 24), (24, 2, 2, 24), (24, 2, 2, 24), (24, 2, 2, 24), (24, 2, 2, 24), (24, 2, 2, 16), (16, 2, 2, 4), (4, 2, 2, 1)].
-> E = <Lh|CC*> + <ALhAL*|CC*|ARhAR*> + <CC*|Rh> = 2.689611414825124 + 0.3903901287840258 + None = 3.0800015436091495.
ColumnDMRG performed 3 sweeps.
- C_updated leg dimensions: [(1, 2, 1, 2), (2, 2, 2, 8), (8, 2, 1, 12), (12, 2, 2, 12), (12, 2, 1, 12), (12, 2, 2, 12), (12, 2, 2, 12), (12, 2, 1, 12), (12, 2, 2, 8), (8, 2, 1, 4), (4, 2, 2, 1)].
- largest Hermiticity error: 8.630586178899817e-12.
- maximal number of matvec operations: 31.
-> E_updated = 3.076565173077292.
BoundaryCompression performed 3 sweeps.
Orthogonality column 12:
- C leg dimensions: [(1, 2, 1, 2), (2, 2, 1, 4), (4, 2, 1, 8), (8, 2, 1, 12), (12, 2, 1, 12), (12, 2, 1, 12), (12, 2, 1, 12), (12, 2, 1, 12), (12, 2, 1, 8), (8, 2, 1, 4), (4, 2, 1, 1)].
- Lh leg dimensions: [(1, 2, 2, 4), (4, 2, 2, 16), (16, 2, 2, 24), (24, 2, 2, 24), (24, 2, 2, 24), (24, 2, 2, 24), (24, 2, 2, 24), (24, 2, 2, 24), (24, 2, 2, 16), (16, 2, 2, 4), (4, 2, 2, 1)].
-> E = <Lh|CC*> + <ALhAL*|CC*|ARhAR*> + <CC*|Rh> = 3.123081160997161 + None + None = 3.123081160997161.
ColumnDMRG performed 3 sweeps.
- C_updated leg dimensions: [(1, 2, 1, 2), (2, 2, 1, 4), (4, 2, 1, 8), (8, 2, 1, 12), (12, 2, 1, 12), (12, 2, 1, 12), (12, 2, 1, 12), (12, 2, 1, 8), (8, 2, 1, 4), (4, 2, 1, 2), (2, 2, 1, 1)].
- largest Hermiticity error: 1.654981498425067e-11.
- maximal number of matvec operations: 31.
-> E_updated = 3.122427195890544.
Orthogonality column 11:
- C leg dimensions: [(1, 2, 1, 2), (2, 2, 2, 4), (4, 2, 1, 8), (8, 2, 2, 12), (12, 2, 1, 12), (12, 2, 2, 12), (12, 2, 2, 12), (12, 2, 1, 8), (8, 2, 2, 4), (4, 2, 1, 2), (2, 2, 2, 1)].
- Lh leg dimensions: [(1, 2, 2, 4), (4, 2, 2, 16), (16, 2, 2, 24), (24, 2, 2, 24), (24, 2, 2, 24), (24, 2, 2, 24), (24, 2, 2, 24), (24, 2, 2, 24), (24, 2, 2, 16), (16, 2, 2, 4), (4, 2, 2, 1)].
-> E = <Lh|CC*> + <ALhAL*|CC*|ARhAR*> + <CC*|Rh> = 2.7203363466874255 + 0.40206009209523286 + None = 3.1223964387826584.
ColumnDMRG performed 3 sweeps.
- C_updated leg dimensions: [(1, 2, 1, 2), (2, 2, 2, 8), (8, 2, 1, 12), (12, 2, 2, 12), (12, 2, 1, 12), (12, 2, 2, 12), (12, 2, 2, 12), (12, 2, 1, 12), (12, 2, 2, 8), (8, 2, 1, 4), (4, 2, 2, 1)].
- largest Hermiticity error: 8.901864091937548e-12.
- maximal number of matvec operations: 31.
-> E_updated = 3.0765651730773085.
BoundaryCompression performed 3 sweeps.
Orthogonality column 10:
- C leg dimensions: [(1, 2, 2, 2), (2, 2, 2, 8), (8, 2, 2, 12), (12, 2, 2, 12), (12, 2, 2, 12), (12, 2, 2, 12), (12, 2, 2, 12), (12, 2, 2, 12), (12, 2, 2, 8), (8, 2, 2, 4), (4, 2, 2, 1)].
- Lh leg dimensions: [(1, 2, 2, 4), (4, 2, 2, 16), (16, 2, 2, 24), (24, 2, 2, 24), (24, 2, 2, 24), (24, 2, 2, 24), (24, 2, 2, 24), (24, 2, 2, 24), (24, 2, 2, 16), (16, 2, 2, 4), (4, 2, 2, 1)].
- Rh leg dimensions: [(1, 2, 2, 3), (3, 2, 2, 8), (8, 2, 2, 3), (3, 2, 2, 8), (8, 2, 2, 3), (3, 2, 2, 8), (8, 2, 2, 3), (3, 2, 2, 8), (8, 2, 2, 3), (3, 2, 2, 4), (4, 2, 2, 1)].
-> E = <Lh|CC*> + <ALhAL*|CC*|ARhAR*> + <CC*|Rh> = 2.7644394450207495 + -0.07419969872850504 + 0.3861985967215504 = 3.0764383430137947.
ColumnDMRG performed 3 sweeps.
- C_updated leg dimensions: [(1, 2, 2, 4), (4, 2, 2, 12), (12, 2, 2, 12), (12, 2, 2, 12), (12, 2, 2, 12), (12, 2, 2, 12), (12, 2, 2, 12), (12, 2, 2, 12), (12, 2, 2, 12), (12, 2, 2, 4), (4, 2, 2, 1)].
- largest Hermiticity error: 9.798053936248716e-12.
- maximal number of matvec operations: 41.
-> E_updated = 3.0048912614770122.
BoundaryCompression performed 3 sweeps.
Orthogonality column 9:
- C leg dimensions: [(1, 2, 2, 4), (4, 2, 2, 12), (12, 2, 2, 12), (12, 2, 2, 12), (12, 2, 2, 12), (12, 2, 2, 12), (12, 2, 2, 12), (12, 2, 2, 12), (12, 2, 2, 12), (12, 2, 2, 4), (4, 2, 2, 1)].
- Lh leg dimensions: [(1, 2, 2, 4), (4, 2, 2, 16), (16, 2, 2, 24), (24, 2, 2, 24), (24, 2, 2, 24), (24, 2, 2, 24), (24, 2, 2, 24), (24, 2, 2, 24), (24, 2, 2, 16), (16, 2, 2, 4), (4, 2, 2, 1)].
- Rh leg dimensions: [(1, 2, 2, 4), (4, 2, 2, 8), (8, 2, 2, 20), (20, 2, 2, 8), (8, 2, 2, 20), (20, 2, 2, 8), (8, 2, 2, 20), (20, 2, 2, 8), (8, 2, 2, 16), (16, 2, 2, 4), (4, 2, 2, 1)].
-> E = <Lh|CC*> + <ALhAL*|CC*|ARhAR*> + <CC*|Rh> = 2.622776835044963 + 0.10919473928730192 + 0.3243869319634022 = 3.056358506295667.
ColumnDMRG performed 3 sweeps.
- C_updated leg dimensions: [(1, 2, 2, 4), (4, 2, 2, 12), (12, 2, 2, 12), (12, 2, 2, 12), (12, 2, 2, 12), (12, 2, 2, 12), (12, 2, 2, 12), (12, 2, 2, 12), (12, 2, 2, 12), (12, 2, 2, 4), (4, 2, 2, 1)].
- largest Hermiticity error: 2.205048936663525e-11.
- maximal number of matvec operations: 41.
-> E_updated = 2.9389365735414676.
BoundaryCompression performed 3 sweeps.
Orthogonality column 8:
- C leg dimensions: [(1, 2, 2, 4), (4, 2, 2, 12), (12, 2, 2, 12), (12, 2, 2, 12), (12, 2, 2, 12), (12, 2, 2, 12), (12, 2, 2, 12), (12, 2, 2, 12), (12, 2, 2, 12), (12, 2, 2, 4), (4, 2, 2, 1)].
- Lh leg dimensions: [(1, 2, 2, 4), (4, 2, 2, 16), (16, 2, 2, 24), (24, 2, 2, 24), (24, 2, 2, 24), (24, 2, 2, 24), (24, 2, 2, 24), (24, 2, 2, 24), (24, 2, 2, 16), (16, 2, 2, 4), (4, 2, 2, 1)].
- Rh leg dimensions: [(1, 2, 2, 4), (4, 2, 2, 16), (16, 2, 2, 20), (20, 2, 2, 24), (24, 2, 2, 20), (20, 2, 2, 24), (24, 2, 2, 20), (20, 2, 2, 24), (24, 2, 2, 16), (16, 2, 2, 4), (4, 2, 2, 1)].
-> E = <Lh|CC*> + <ALhAL*|CC*|ARhAR*> + <CC*|Rh> = 2.4846228090670506 + 0.10682611185830453 + 0.42105401930019015 = 3.0125029402255454.
ColumnDMRG performed 3 sweeps.
- C_updated leg dimensions: [(1, 2, 2, 4), (4, 2, 2, 12), (12, 2, 2, 12), (12, 2, 2, 12), (12, 2, 2, 12), (12, 2, 2, 12), (12, 2, 2, 12), (12, 2, 2, 12), (12, 2, 2, 12), (12, 2, 2, 4), (4, 2, 2, 1)].
- largest Hermiticity error: 6.735481944849516e-11.
- maximal number of matvec operations: 41.
-> E_updated = 2.954833834356131.
BoundaryCompression performed 3 sweeps.
Orthogonality column 7:
- C leg dimensions: [(1, 2, 2, 4), (4, 2, 2, 12), (12, 2, 2, 12), (12, 2, 2, 12), (12, 2, 2, 12), (12, 2, 2, 12), (12, 2, 2, 12), (12, 2, 2, 12), (12, 2, 2, 12), (12, 2, 2, 4), (4, 2, 2, 1)].
- Lh leg dimensions: [(1, 2, 2, 4), (4, 2, 2, 16), (16, 2, 2, 24), (24, 2, 2, 24), (24, 2, 2, 24), (24, 2, 2, 24), (24, 2, 2, 24), (24, 2, 2, 24), (24, 2, 2, 16), (16, 2, 2, 4), (4, 2, 2, 1)].
- Rh leg dimensions: [(1, 2, 2, 4), (4, 2, 2, 16), (16, 2, 2, 24), (24, 2, 2, 24), (24, 2, 2, 24), (24, 2, 2, 24), (24, 2, 2, 24), (24, 2, 2, 24), (24, 2, 2, 16), (16, 2, 2, 4), (4, 2, 2, 1)].
-> E = <Lh|CC*> + <ALhAL*|CC*|ARhAR*> + <CC*|Rh> = 2.4613489756288764 + -0.022702866938681128 + 0.604398348505122 = 3.0430444571953172.
ColumnDMRG performed 3 sweeps.
- C_updated leg dimensions: [(1, 2, 2, 4), (4, 2, 2, 12), (12, 2, 2, 12), (12, 2, 2, 12), (12, 2, 2, 12), (12, 2, 2, 12), (12, 2, 2, 12), (12, 2, 2, 12), (12, 2, 2, 12), (12, 2, 2, 4), (4, 2, 2, 1)].
- largest Hermiticity error: 3.624760222911877e-15.
- maximal number of matvec operations: 31.
-> E_updated = 3.0273034286498612.
BoundaryCompression performed 3 sweeps.
Orthogonality column 6:
- C leg dimensions: [(1, 2, 2, 4), (4, 2, 2, 12), (12, 2, 2, 12), (12, 2, 2, 12), (12, 2, 2, 12), (12, 2, 2, 12), (12, 2, 2, 12), (12, 2, 2, 12), (12, 2, 2, 12), (12, 2, 2, 4), (4, 2, 2, 1)].
- Lh leg dimensions: [(1, 2, 2, 4), (4, 2, 2, 16), (16, 2, 2, 24), (24, 2, 2, 24), (24, 2, 2, 24), (24, 2, 2, 24), (24, 2, 2, 24), (24, 2, 2, 24), (24, 2, 2, 16), (16, 2, 2, 4), (4, 2, 2, 1)].
- Rh leg dimensions: [(1, 2, 2, 4), (4, 2, 2, 16), (16, 2, 2, 24), (24, 2, 2, 24), (24, 2, 2, 24), (24, 2, 2, 24), (24, 2, 2, 24), (24, 2, 2, 24), (24, 2, 2, 16), (16, 2, 2, 4), (4, 2, 2, 1)].
-> E = <Lh|CC*> + <ALhAL*|CC*|ARhAR*> + <CC*|Rh> = 1.5796237043958612 + 0.8707404100752386 + 0.6205981905330683 = 3.070962305004168.
ColumnDMRG performed 3 sweeps.
- C_updated leg dimensions: [(1, 2, 2, 4), (4, 2, 2, 12), (12, 2, 2, 12), (12, 2, 2, 12), (12, 2, 2, 12), (12, 2, 2, 12), (12, 2, 2, 12), (12, 2, 2, 12), (12, 2, 2, 12), (12, 2, 2, 4), (4, 2, 2, 1)].
- largest Hermiticity error: 5.574667662998424e-11.
- maximal number of matvec operations: 31.
-> E_updated = 3.065418792992632.
BoundaryCompression performed 3 sweeps.
Orthogonality column 5:
- C leg dimensions: [(1, 2, 2, 4), (4, 2, 2, 12), (12, 2, 2, 12), (12, 2, 2, 12), (12, 2, 2, 12), (12, 2, 2, 12), (12, 2, 2, 12), (12, 2, 2, 12), (12, 2, 2, 12), (12, 2, 2, 4), (4, 2, 2, 1)].
- Lh leg dimensions: [(1, 2, 2, 4), (4, 2, 2, 16), (16, 2, 2, 24), (24, 2, 2, 24), (24, 2, 2, 24), (24, 2, 2, 24), (24, 2, 2, 24), (24, 2, 2, 24), (24, 2, 2, 16), (16, 2, 2, 4), (4, 2, 2, 1)].
- Rh leg dimensions: [(1, 2, 2, 4), (4, 2, 2, 16), (16, 2, 2, 24), (24, 2, 2, 24), (24, 2, 2, 24), (24, 2, 2, 24), (24, 2, 2, 24), (24, 2, 2, 24), (24, 2, 2, 16), (16, 2, 2, 4), (4, 2, 2, 1)].
-> E = <Lh|CC*> + <ALhAL*|CC*|ARhAR*> + <CC*|Rh> = 0.7860348896324552 + 0.7901701683384535 + 1.4915164103456775 = 3.067721468316586.
ColumnDMRG performed 3 sweeps.
- C_updated leg dimensions: [(1, 2, 2, 4), (4, 2, 2, 12), (12, 2, 2, 12), (12, 2, 2, 12), (12, 2, 2, 12), (12, 2, 2, 12), (12, 2, 2, 12), (12, 2, 2, 12), (12, 2, 2, 12), (12, 2, 2, 4), (4, 2, 2, 1)].
- largest Hermiticity error: 8.246360241123564e-11.
- maximal number of matvec operations: 31.
-> E_updated = 3.067471226318777.
BoundaryCompression performed 3 sweeps.
Orthogonality column 4:
- C leg dimensions: [(1, 2, 2, 4), (4, 2, 2, 12), (12, 2, 2, 12), (12, 2, 2, 12), (12, 2, 2, 12), (12, 2, 2, 12), (12, 2, 2, 12), (12, 2, 2, 12), (12, 2, 2, 12), (12, 2, 2, 4), (4, 2, 2, 1)].
- Lh leg dimensions: [(1, 2, 2, 4), (4, 2, 2, 15), (15, 2, 2, 24), (24, 2, 2, 20), (20, 2, 2, 24), (24, 2, 2, 20), (20, 2, 2, 24), (24, 2, 2, 20), (20, 2, 2, 16), (16, 2, 2, 4), (4, 2, 2, 1)].
- Rh leg dimensions: [(1, 2, 2, 4), (4, 2, 2, 16), (16, 2, 2, 24), (24, 2, 2, 24), (24, 2, 2, 24), (24, 2, 2, 24), (24, 2, 2, 24), (24, 2, 2, 24), (24, 2, 2, 15), (15, 2, 2, 4), (4, 2, 2, 1)].
-> E = <Lh|CC*> + <ALhAL*|CC*|ARhAR*> + <CC*|Rh> = 0.36419456563242797 + 0.4227023697229173 + 2.2885108676279127 = 3.075407802983258.
ColumnDMRG performed 3 sweeps.
- C_updated leg dimensions: [(1, 2, 2, 4), (4, 2, 2, 12), (12, 2, 2, 12), (12, 2, 2, 12), (12, 2, 2, 12), (12, 2, 2, 12), (12, 2, 2, 12), (12, 2, 2, 12), (12, 2, 2, 12), (12, 2, 2, 4), (4, 2, 2, 1)].
- largest Hermiticity error: 2.8845289915173902e-11.
- maximal number of matvec operations: 31.
-> E_updated = 3.0640531518254064.
BoundaryCompression performed 3 sweeps.
Orthogonality column 3:
- C leg dimensions: [(1, 2, 2, 4), (4, 2, 2, 12), (12, 2, 2, 12), (12, 2, 2, 12), (12, 2, 2, 12), (12, 2, 2, 12), (12, 2, 2, 12), (12, 2, 2, 12), (12, 2, 2, 12), (12, 2, 2, 4), (4, 2, 2, 1)].
- Lh leg dimensions: [(1, 2, 2, 4), (4, 2, 2, 16), (16, 2, 2, 8), (8, 2, 2, 20), (20, 2, 2, 8), (8, 2, 2, 20), (20, 2, 2, 8), (8, 2, 2, 20), (20, 2, 2, 8), (8, 2, 2, 4), (4, 2, 2, 1)].
- Rh leg dimensions: [(1, 2, 2, 4), (4, 2, 2, 16), (16, 2, 2, 24), (24, 2, 2, 24), (24, 2, 2, 24), (24, 2, 2, 24), (24, 2, 2, 24), (24, 2, 2, 24), (24, 2, 2, 16), (16, 2, 2, 4), (4, 2, 2, 1)].
-> E = <Lh|CC*> + <ALhAL*|CC*|ARhAR*> + <CC*|Rh> = 0.24480815288237834 + 0.138038140565742 + 2.7460011337782073 = 3.1288474272263276.
ColumnDMRG performed 3 sweeps.
- C_updated leg dimensions: [(1, 2, 2, 4), (4, 2, 2, 12), (12, 2, 2, 12), (12, 2, 2, 12), (12, 2, 2, 12), (12, 2, 2, 12), (12, 2, 2, 12), (12, 2, 2, 12), (12, 2, 2, 12), (12, 2, 2, 4), (4, 2, 2, 1)].
- largest Hermiticity error: 3.095819185290955e-11.
- maximal number of matvec operations: 31.
-> E_updated = 3.108538158696945.
BoundaryCompression performed 3 sweeps.
Orthogonality column 2:
- C leg dimensions: [(1, 2, 2, 4), (4, 2, 2, 12), (12, 2, 2, 12), (12, 2, 2, 12), (12, 2, 2, 12), (12, 2, 2, 12), (12, 2, 2, 12), (12, 2, 2, 12), (12, 2, 2, 12), (12, 2, 2, 4), (4, 2, 2, 1)].
- Lh leg dimensions: [(1, 2, 2, 4), (4, 2, 2, 3), (3, 2, 2, 8), (8, 2, 2, 3), (3, 2, 2, 8), (8, 2, 2, 3), (3, 2, 2, 8), (8, 2, 2, 3), (3, 2, 2, 8), (8, 2, 2, 3), (3, 2, 2, 1)].
- Rh leg dimensions: [(1, 2, 2, 4), (4, 2, 2, 16), (16, 2, 2, 24), (24, 2, 2, 24), (24, 2, 2, 24), (24, 2, 2, 24), (24, 2, 2, 24), (24, 2, 2, 24), (24, 2, 2, 16), (16, 2, 2, 4), (4, 2, 2, 1)].
-> E = <Lh|CC*> + <ALhAL*|CC*|ARhAR*> + <CC*|Rh> = 0.3817851523368595 + -0.13393022456276552 + 2.8913890403980482 = 3.139243968172142.
ColumnDMRG performed 3 sweeps.
- C_updated leg dimensions: [(1, 2, 2, 4), (4, 2, 2, 12), (12, 2, 2, 12), (12, 2, 2, 12), (12, 2, 2, 12), (12, 2, 2, 12), (12, 2, 2, 12), (12, 2, 2, 12), (12, 2, 2, 12), (12, 2, 2, 4), (4, 2, 2, 1)].
- largest Hermiticity error: 8.292527878160437e-06.
- maximal number of matvec operations: 41.
-> E_updated = 3.079360193304564.
BoundaryCompression performed 3 sweeps.
Orthogonality column 1:
- C leg dimensions: [(1, 2, 2, 4), (4, 1, 2, 12), (12, 2, 2, 12), (12, 1, 2, 12), (12, 2, 2, 12), (12, 2, 2, 12), (12, 1, 2, 12), (12, 2, 2, 12), (12, 1, 2, 8), (8, 2, 2, 2), (2, 1, 2, 1)].
- Rh leg dimensions: [(1, 2, 2, 4), (4, 2, 2, 16), (16, 2, 2, 24), (24, 2, 2, 24), (24, 2, 2, 24), (24, 2, 2, 24), (24, 2, 2, 24), (24, 2, 2, 24), (24, 2, 2, 16), (16, 2, 2, 4), (4, 2, 2, 1)].
-> E = <Lh|CC*> + <ALhAL*|CC*|ARhAR*> + <CC*|Rh> = None + 0.3652258987971723 + 2.7855213078269143 = 3.1507472066240867.
ColumnDMRG performed 3 sweeps.
- C_updated leg dimensions: [(1, 2, 2, 4), (4, 1, 2, 8), (8, 2, 2, 12), (12, 1, 2, 12), (12, 2, 2, 12), (12, 2, 2, 12), (12, 1, 2, 12), (12, 2, 2, 12), (12, 1, 2, 8), (8, 2, 2, 2), (2, 1, 2, 1)].
- largest Hermiticity error: 2.8091006872432594e-06.
- maximal number of matvec operations: 31.
-> E_updated = 3.1484891863494435.
BoundaryCompression performed 3 sweeps.
Orthogonality column 0:
- C leg dimensions: [(1, 1, 2, 2), (2, 1, 2, 4), (4, 1, 2, 8), (8, 1, 2, 12), (12, 1, 2, 12), (12, 1, 2, 12), (12, 1, 2, 12), (12, 1, 2, 12), (12, 1, 2, 8), (8, 1, 2, 2), (2, 1, 2, 1)].
- Rh leg dimensions: [(1, 2, 2, 4), (4, 2, 2, 16), (16, 2, 2, 24), (24, 2, 2, 24), (24, 2, 2, 24), (24, 2, 2, 24), (24, 2, 2, 24), (24, 2, 2, 24), (24, 2, 2, 16), (16, 2, 2, 4), (4, 2, 2, 1)].
-> E = <Lh|CC*> + <ALhAL*|CC*|ARhAR*> + <CC*|Rh> = None + None + 3.173398590629004 = 3.173398590629004.
ColumnDMRG performed 3 sweeps.
- C_updated leg dimensions: [(1, 1, 2, 2), (2, 1, 2, 4), (4, 1, 2, 8), (8, 1, 2, 12), (12, 1, 2, 12), (12, 1, 2, 12), (12, 1, 2, 12), (12, 1, 2, 8), (8, 1, 2, 4), (4, 1, 2, 2), (2, 1, 2, 1)].
- largest Hermiticity error: 1.6946195812892461e-06.
- maximal number of matvec operations: 31.
-> E_updated = 3.17319811911655.
DMRGSquared performed 1 sweeps.
=> <H> - E0 = 3.204645015234803.

<H>s - E0 = [4.11056398 3.22923404 3.20464502]
