Lx = 6, Ly = 6, g = 3.5, D_max = 5, chi_max_c = 30, chi_max_b = 150. 

E0_exact = -261.32772977. 

es = [-31.30022466 -20.93405624 -20.97072952 -20.98712028 -20.99484809
 -20.99617707 -20.99803229 -20.99761084 -20.99982666 -20.99824232
 -31.50395027].
E = -251.68081823414116.
E - E0 = 9.646911535858862.
subtract energy E0_exact evenly from all columns.


DMRGSquared sweep 1 ...
Orthogonality column 0:
- C leg dimensions: [(1, 1, 5, 5), (5, 1, 5, 25), (25, 1, 5, 30), (30, 1, 5, 30), (30, 1, 5, 30), (30, 1, 5, 30), (30, 1, 5, 30), (30, 1, 5, 30), (30, 1, 5, 25), (25, 1, 5, 5), (5, 1, 5, 1)].
- Rh leg dimensions: [(1, 5, 5, 25), (25, 5, 5, 150), (150, 5, 5, 150), (150, 5, 5, 150), (150, 5, 5, 150), (150, 5, 5, 150), (150, 5, 5, 150), (150, 5, 5, 150), (150, 5, 5, 150), (150, 5, 5, 25), (25, 5, 5, 1)].
-> E = <Lh|CC*> + <ALhAL*|CC*|ARhAR*> + <CC*|Rh> = None + None + -18.449895722203056 = -18.449895722203056.
- C_updated leg dimensions: [(1, 1, 5, 5), (5, 1, 5, 25), (25, 1, 5, 30), (30, 1, 5, 30), (30, 1, 5, 30), (30, 1, 5, 30), (30, 1, 5, 30), (30, 1, 5, 30), (30, 1, 5, 25), (25, 1, 5, 5), (5, 1, 5, 1)].
- largest Hermiticity error: 1.9442662750035784e-07.
- maximal number of matvec operations: 21.
-> E_updated = -22.66618330520115.
Orthogonality column 1:
- C leg dimensions: [(1, 2, 5, 5), (5, 1, 5, 25), (25, 2, 5, 30), (30, 1, 5, 30), (30, 2, 5, 30), (30, 2, 5, 30), (30, 1, 5, 30), (30, 2, 5, 30), (30, 1, 5, 25), (25, 2, 5, 5), (5, 1, 5, 1)].
- Rh leg dimensions: [(1, 5, 5, 25), (25, 5, 5, 150), (150, 5, 5, 150), (150, 5, 5, 150), (150, 5, 5, 150), (150, 5, 5, 150), (150, 5, 5, 150), (150, 5, 5, 150), (150, 5, 5, 150), (150, 5, 5, 25), (25, 5, 5, 1)].
-> E = <Lh|CC*> + <ALhAL*|CC*|ARhAR*> + <CC*|Rh> = None + 0.9663902217708012 + -27.23831403821462 = -26.27192381644382.
- C_updated leg dimensions: [(1, 2, 5, 10), (10, 1, 5, 30), (30, 2, 5, 30), (30, 1, 5, 30), (30, 2, 5, 30), (30, 2, 5, 30), (30, 1, 5, 30), (30, 2, 5, 30), (30, 1, 5, 30), (30, 2, 5, 5), (5, 1, 5, 1)].
- largest Hermiticity error: 3.3988826830361325e-08.
- maximal number of matvec operations: 31.
-> E_updated = -26.553040418134962.
Orthogonality column 2:
- C leg dimensions: [(1, 2, 5, 10), (10, 2, 5, 30), (30, 2, 5, 30), (30, 2, 5, 30), (30, 2, 5, 30), (30, 4, 5, 30), (30, 2, 5, 30), (30, 2, 5, 30), (30, 2, 5, 30), (30, 2, 5, 5), (5, 2, 5, 1)].
- Lh leg dimensions: [(1, 2, 2, 4), (4, 2, 2, 3), (3, 2, 2, 8), (8, 2, 2, 3), (3, 2, 2, 9), (9, 4, 4, 3), (3, 2, 2, 8), (8, 2, 2, 3), (3, 2, 2, 8), (8, 2, 2, 3), (3, 2, 2, 1)].
- Rh leg dimensions: [(1, 5, 5, 25), (25, 5, 5, 150), (150, 5, 5, 150), (150, 5, 5, 150), (150, 5, 5, 150), (150, 5, 5, 150), (150, 5, 5, 150), (150, 5, 5, 150), (150, 5, 5, 150), (150, 5, 5, 25), (25, 5, 5, 1)].
-> E = <Lh|CC*> + <ALhAL*|CC*|ARhAR*> + <CC*|Rh> = 0.8452496396137413 + 0.7184669732215369 + -29.450484660149773 = -27.886768047314494.
- C_updated leg dimensions: [(1, 2, 5, 10), (10, 2, 5, 30), (30, 2, 5, 30), (30, 2, 5, 30), (30, 2, 5, 30), (30, 4, 5, 30), (30, 2, 5, 30), (30, 2, 5, 30), (30, 2, 5, 30), (30, 2, 5, 10), (10, 2, 5, 1)].
- largest Hermiticity error: 3.745867437171953e-08.
- maximal number of matvec operations: 51.
-> E_updated = -28.858223268585476.
Orthogonality column 3:
- C leg dimensions: [(1, 4, 5, 10), (10, 2, 5, 30), (30, 4, 5, 30), (30, 2, 5, 30), (30, 4, 5, 30), (30, 4, 5, 30), (30, 4, 5, 30), (30, 4, 5, 30), (30, 2, 5, 30), (30, 4, 5, 10), (10, 2, 5, 1)].
- Lh leg dimensions: [(1, 4, 4, 8), (8, 2, 2, 29), (29, 4, 4, 8), (8, 2, 2, 29), (29, 4, 4, 13), (13, 4, 4, 80), (80, 4, 4, 8), (8, 4, 4, 29), (29, 2, 2, 8), (8, 4, 4, 4), (4, 2, 2, 1)].
- Rh leg dimensions: [(1, 5, 5, 25), (25, 5, 5, 150), (150, 5, 5, 150), (150, 5, 5, 150), (150, 5, 5, 150), (150, 5, 5, 150), (150, 5, 5, 150), (150, 5, 5, 150), (150, 5, 5, 150), (150, 5, 5, 25), (25, 5, 5, 1)].
-> E = <Lh|CC*> + <ALhAL*|CC*|ARhAR*> + <CC*|Rh> = 0.7968691710522681 + 0.7609089566179581 + -24.19519232293446 = -22.637414195264235.
- C_updated leg dimensions: [(1, 4, 5, 20), (20, 2, 5, 30), (30, 4, 5, 30), (30, 2, 5, 30), (30, 4, 5, 30), (30, 4, 5, 30), (30, 4, 5, 30), (30, 4, 5, 30), (30, 2, 5, 30), (30, 4, 5, 10), (10, 2, 5, 1)].
- largest Hermiticity error: 1.5879508149152212e-07.
- maximal number of matvec operations: 61.
-> E_updated = -23.638101595746885.
Orthogonality column 4:
- C leg dimensions: [(1, 4, 5, 20), (20, 4, 5, 30), (30, 4, 5, 30), (30, 4, 5, 30), (30, 5, 5, 30), (30, 5, 5, 30), (30, 5, 5, 30), (30, 5, 5, 30), (30, 4, 5, 30), (30, 4, 5, 10), (10, 4, 5, 1)].
- Lh leg dimensions: [(1, 4, 4, 16), (16, 4, 4, 32), (32, 4, 4, 150), (150, 4, 4, 33), (33, 5, 5, 150), (150, 5, 5, 81), (81, 5, 5, 150), (150, 5, 5, 32), (32, 4, 4, 80), (80, 4, 4, 9), (9, 4, 4, 1)].
- Rh leg dimensions: [(1, 5, 5, 25), (25, 5, 5, 150), (150, 5, 5, 150), (150, 5, 5, 150), (150, 5, 5, 150), (150, 5, 5, 150), (150, 5, 5, 150), (150, 5, 5, 150), (150, 5, 5, 150), (150, 5, 5, 25), (25, 5, 5, 1)].
-> E = <Lh|CC*> + <ALhAL*|CC*|ARhAR*> + <CC*|Rh> = 0.7578891877009164 + 0.7665982108306595 + -11.176222218278173 = -9.651734819746597.
- C_updated leg dimensions: [(1, 4, 5, 20), (20, 4, 5, 30), (30, 4, 5, 30), (30, 4, 5, 30), (30, 5, 5, 30), (30, 5, 5, 30), (30, 5, 5, 30), (30, 5, 5, 30), (30, 4, 5, 30), (30, 4, 5, 20), (20, 4, 5, 1)].
- largest Hermiticity error: 1.757812383571534e-07.
- maximal number of matvec operations: 61.
-> E_updated = -10.704215231058432.
Orthogonality column 5:
- C leg dimensions: [(1, 5, 5, 20), (20, 5, 5, 30), (30, 5, 5, 30), (30, 5, 5, 30), (30, 5, 5, 30), (30, 5, 5, 30), (30, 5, 5, 30), (30, 5, 5, 30), (30, 5, 5, 30), (30, 5, 5, 25), (25, 5, 5, 1)].
- Lh leg dimensions: [(1, 5, 5, 24), (24, 5, 5, 150), (150, 5, 5, 150), (150, 5, 5, 150), (150, 5, 5, 150), (150, 5, 5, 150), (150, 5, 5, 150), (150, 5, 5, 150), (150, 5, 5, 96), (96, 5, 5, 25), (25, 5, 5, 1)].
- Rh leg dimensions: [(1, 5, 5, 25), (25, 5, 5, 150), (150, 5, 5, 150), (150, 5, 5, 150), (150, 5, 5, 150), (150, 5, 5, 150), (150, 5, 5, 150), (150, 5, 5, 150), (150, 5, 5, 150), (150, 5, 5, 25), (25, 5, 5, 1)].
-> E = <Lh|CC*> + <ALhAL*|CC*|ARhAR*> + <CC*|Rh> = 0.6113505696403443 + 0.7691151972659455 + -0.222450958781741 = 1.1580148081245487.
- C_updated leg dimensions: [(1, 5, 5, 25), (25, 5, 5, 30), (30, 5, 5, 30), (30, 5, 5, 30), (30, 5, 5, 30), (30, 5, 5, 30), (30, 5, 5, 30), (30, 5, 5, 30), (30, 5, 5, 30), (30, 5, 5, 25), (25, 5, 5, 1)].
- largest Hermiticity error: 2.5628610386234325e-07.
- maximal number of matvec operations: 71.
-> E_updated = 0.17290482806534757.
Orthogonality column 6:
- C leg dimensions: [(1, 5, 5, 25), (25, 5, 5, 30), (30, 5, 5, 30), (30, 5, 5, 30), (30, 5, 5, 30), (30, 5, 5, 30), (30, 5, 5, 30), (30, 5, 5, 30), (30, 5, 5, 30), (30, 5, 5, 25), (25, 5, 5, 1)].
- Lh leg dimensions: [(1, 5, 5, 25), (25, 5, 5, 150), (150, 5, 5, 150), (150, 5, 5, 150), (150, 5, 5, 150), (150, 5, 5, 150), (150, 5, 5, 150), (150, 5, 5, 150), (150, 5, 5, 150), (150, 5, 5, 25), (25, 5, 5, 1)].
- Rh leg dimensions: [(1, 5, 5, 25), (25, 5, 5, 150), (150, 5, 5, 150), (150, 5, 5, 150), (150, 5, 5, 150), (150, 5, 5, 150), (150, 5, 5, 150), (150, 5, 5, 150), (150, 5, 5, 150), (150, 5, 5, 25), (25, 5, 5, 1)].
-> E = <Lh|CC*> + <ALhAL*|CC*|ARhAR*> + <CC*|Rh> = 0.5365088983075855 + 0.7697580744950339 + 3.5472343526531493 = 4.853501325455769.
- C_updated leg dimensions: [(1, 5, 5, 25), (25, 5, 5, 30), (30, 5, 5, 30), (30, 5, 5, 30), (30, 5, 5, 30), (30, 5, 5, 30), (30, 5, 5, 30), (30, 5, 5, 30), (30, 5, 5, 30), (30, 5, 5, 25), (25, 5, 5, 1)].
- largest Hermiticity error: 1.15793080562421e-07.
- maximal number of matvec operations: 61.
-> E_updated = 3.7936027249042197.
Orthogonality column 7:
- C leg dimensions: [(1, 5, 5, 25), (25, 5, 5, 30), (30, 5, 5, 30), (30, 5, 5, 30), (30, 5, 5, 30), (30, 5, 5, 30), (30, 5, 5, 30), (30, 5, 5, 30), (30, 5, 5, 30), (30, 5, 5, 25), (25, 5, 5, 1)].
- Lh leg dimensions: [(1, 5, 5, 25), (25, 5, 5, 150), (150, 5, 5, 150), (150, 5, 5, 150), (150, 5, 5, 150), (150, 5, 5, 150), (150, 5, 5, 150), (150, 5, 5, 150), (150, 5, 5, 150), (150, 5, 5, 25), (25, 5, 5, 1)].
- Rh leg dimensions: [(1, 5, 5, 25), (25, 5, 5, 96), (96, 5, 5, 150), (150, 5, 5, 150), (150, 5, 5, 150), (150, 5, 5, 150), (150, 5, 5, 150), (150, 5, 5, 150), (150, 5, 5, 150), (150, 5, 5, 25), (25, 5, 5, 1)].
-> E = <Lh|CC*> + <ALhAL*|CC*|ARhAR*> + <CC*|Rh> = 0.7754810986605396 + 0.7515423744626305 + 3.6622561889703866 = 5.189279662093557.
- C_updated leg dimensions: [(1, 5, 5, 25), (25, 5, 5, 30), (30, 5, 5, 30), (30, 5, 5, 30), (30, 5, 5, 30), (30, 5, 5, 30), (30, 5, 5, 30), (30, 5, 5, 30), (30, 5, 5, 30), (30, 5, 5, 25), (25, 5, 5, 1)].
- largest Hermiticity error: 7.3674482001578936e-09.
- maximal number of matvec operations: 51.
-> E_updated = 3.4574111136247123.
Orthogonality column 8:
- C leg dimensions: [(1, 5, 4, 20), (20, 5, 4, 30), (30, 5, 4, 30), (30, 5, 4, 30), (30, 5, 4, 30), (30, 5, 4, 30), (30, 5, 4, 30), (30, 5, 4, 30), (30, 5, 4, 30), (30, 5, 5, 25), (25, 5, 5, 1)].
- Lh leg dimensions: [(1, 5, 5, 25), (25, 5, 5, 150), (150, 5, 5, 150), (150, 5, 5, 150), (150, 5, 5, 150), (150, 5, 5, 150), (150, 5, 5, 150), (150, 5, 5, 150), (150, 5, 5, 150), (150, 5, 5, 25), (25, 5, 5, 1)].
- Rh leg dimensions: [(1, 4, 4, 9), (9, 4, 4, 80), (80, 4, 4, 32), (32, 4, 4, 150), (150, 4, 4, 32), (32, 4, 4, 150), (150, 4, 4, 33), (33, 4, 4, 150), (150, 4, 4, 32), (32, 5, 5, 25), (25, 5, 5, 1)].
-> E = <Lh|CC*> + <ALhAL*|CC*|ARhAR*> + <CC*|Rh> = 0.7287686602630236 + 0.5142653152861497 + 2.6769536730302894 = 3.919987648579463.
- C_updated leg dimensions: [(1, 5, 4, 20), (20, 5, 4, 30), (30, 5, 4, 30), (30, 5, 4, 30), (30, 5, 4, 30), (30, 5, 4, 30), (30, 5, 4, 30), (30, 5, 4, 30), (30, 5, 4, 30), (30, 5, 5, 25), (25, 5, 5, 1)].
- largest Hermiticity error: 4.68118468148374e-06.
- maximal number of matvec operations: 61.
-> E_updated = 1.509746960759438.
Orthogonality column 9:
- C leg dimensions: [(1, 5, 2, 20), (20, 5, 4, 30), (30, 5, 2, 30), (30, 5, 4, 30), (30, 5, 2, 30), (30, 5, 4, 30), (30, 5, 2, 30), (30, 5, 4, 30), (30, 5, 2, 30), (30, 5, 4, 25), (25, 5, 5, 1)].
- Lh leg dimensions: [(1, 5, 5, 25), (25, 5, 5, 150), (150, 5, 5, 150), (150, 5, 5, 150), (150, 5, 5, 150), (150, 5, 5, 150), (150, 5, 5, 150), (150, 5, 5, 150), (150, 5, 5, 150), (150, 5, 5, 25), (25, 5, 5, 1)].
- Rh leg dimensions: [(1, 2, 2, 4), (4, 4, 4, 8), (8, 2, 2, 29), (29, 4, 4, 8), (8, 2, 2, 29), (29, 4, 4, 8), (8, 2, 2, 29), (29, 4, 4, 8), (8, 2, 2, 29), (29, 4, 4, 13), (13, 5, 5, 1)].
-> E = <Lh|CC*> + <ALhAL*|CC*|ARhAR*> + <CC*|Rh> = 0.7597707212032192 + 0.07821892200724316 + 0.8497382218078108 = 1.6877278650182732.
- C_updated leg dimensions: [(1, 5, 2, 10), (10, 5, 4, 30), (30, 5, 2, 30), (30, 5, 4, 30), (30, 5, 2, 30), (30, 5, 4, 30), (30, 5, 2, 30), (30, 5, 4, 30), (30, 5, 2, 30), (30, 5, 4, 25), (25, 5, 5, 1)].
- largest Hermiticity error: 4.229917192479027e-06.
- maximal number of matvec operations: 51.
-> E_updated = 1.0787471562590094.
Orthogonality column 10:
- C leg dimensions: [(1, 5, 2, 10), (10, 5, 2, 30), (30, 5, 2, 30), (30, 5, 2, 30), (30, 5, 2, 30), (30, 5, 2, 30), (30, 5, 2, 30), (30, 5, 2, 30), (30, 5, 2, 30), (30, 5, 2, 25), (25, 5, 4, 1)].
- Lh leg dimensions: [(1, 5, 5, 25), (25, 5, 5, 150), (150, 5, 5, 150), (150, 5, 5, 150), (150, 5, 5, 150), (150, 5, 5, 150), (150, 5, 5, 150), (150, 5, 5, 150), (150, 5, 5, 150), (150, 5, 5, 25), (25, 5, 5, 1)].
- Rh leg dimensions: [(1, 2, 2, 3), (3, 2, 2, 8), (8, 2, 2, 3), (3, 2, 2, 8), (8, 2, 2, 3), (3, 2, 2, 8), (8, 2, 2, 3), (3, 2, 2, 8), (8, 2, 2, 3), (3, 2, 2, 9), (9, 4, 4, 1)].
-> E = <Lh|CC*> + <ALhAL*|CC*|ARhAR*> + <CC*|Rh> = 0.9072177645117053 + -0.009464871862842818 + 0.4517324413171733 = 1.3494853339660358.
- C_updated leg dimensions: [(1, 5, 2, 10), (10, 5, 2, 30), (30, 5, 2, 30), (30, 5, 2, 30), (30, 5, 2, 30), (30, 5, 2, 30), (30, 5, 2, 30), (30, 5, 2, 30), (30, 5, 2, 30), (30, 5, 2, 20), (20, 5, 4, 1)].
- largest Hermiticity error: 3.429727401373637e-06.
- maximal number of matvec operations: 51.
-> E_updated = 1.0860328850323213.
Orthogonality column 11:
- C leg dimensions: [(1, 5, 1, 10), (10, 5, 2, 30), (30, 5, 1, 30), (30, 5, 2, 30), (30, 5, 1, 30), (30, 5, 2, 30), (30, 5, 1, 30), (30, 5, 2, 30), (30, 5, 1, 30), (30, 5, 2, 10), (10, 5, 2, 1)].
- Lh leg dimensions: [(1, 5, 5, 25), (25, 5, 5, 150), (150, 5, 5, 150), (150, 5, 5, 150), (150, 5, 5, 150), (150, 5, 5, 150), (150, 5, 5, 150), (150, 5, 5, 150), (150, 5, 5, 150), (150, 5, 5, 25), (25, 5, 5, 1)].
-> E = <Lh|CC*> + <ALhAL*|CC*|ARhAR*> + <CC*|Rh> = 0.8848734769576693 + 0.42433052899861345 + None = 1.3092040059562828.
- C_updated leg dimensions: [(1, 5, 1, 5), (5, 5, 2, 30), (30, 5, 1, 30), (30, 5, 2, 30), (30, 5, 1, 30), (30, 5, 2, 30), (30, 5, 1, 30), (30, 5, 2, 30), (30, 5, 1, 30), (30, 5, 2, 10), (10, 5, 2, 1)].
- largest Hermiticity error: 4.44847225487742e-06.
- maximal number of matvec operations: 41.
-> E_updated = 1.2018266590073268.
Orthogonality column 12:
- C leg dimensions: [(1, 5, 1, 5), (5, 5, 1, 25), (25, 5, 1, 30), (30, 5, 1, 30), (30, 5, 1, 30), (30, 5, 1, 30), (30, 5, 1, 30), (30, 5, 1, 30), (30, 5, 1, 30), (30, 5, 1, 10), (10, 5, 1, 1)].
- Lh leg dimensions: [(1, 5, 5, 25), (25, 5, 5, 150), (150, 5, 5, 150), (150, 5, 5, 150), (150, 5, 5, 150), (150, 5, 5, 150), (150, 5, 5, 150), (150, 5, 5, 150), (150, 5, 5, 150), (150, 5, 5, 25), (25, 5, 5, 1)].
-> E = <Lh|CC*> + <ALhAL*|CC*|ARhAR*> + <CC*|Rh> = 1.239439115229554 + None + None = 1.239439115229554.
- C_updated leg dimensions: [(1, 5, 1, 5), (5, 5, 1, 25), (25, 5, 1, 30), (30, 5, 1, 30), (30, 5, 1, 30), (30, 5, 1, 30), (30, 5, 1, 30), (30, 5, 1, 30), (30, 5, 1, 25), (25, 5, 1, 5), (5, 5, 1, 1)].
- largest Hermiticity error: 7.045325786254565e-06.
- maximal number of matvec operations: 41.
-> E_updated = 1.1224316616363677.
Orthogonality column 11:
- C leg dimensions: [(1, 5, 1, 5), (5, 5, 2, 25), (25, 5, 1, 30), (30, 5, 2, 30), (30, 5, 1, 30), (30, 5, 2, 30), (30, 5, 2, 30), (30, 5, 1, 30), (30, 5, 2, 25), (25, 5, 1, 5), (5, 5, 2, 1)].
- Lh leg dimensions: [(1, 5, 5, 25), (25, 5, 5, 150), (150, 5, 5, 150), (150, 5, 5, 150), (150, 5, 5, 150), (150, 5, 5, 150), (150, 5, 5, 150), (150, 5, 5, 150), (150, 5, 5, 150), (150, 5, 5, 25), (25, 5, 5, 1)].
-> E = <Lh|CC*> + <ALhAL*|CC*|ARhAR*> + <CC*|Rh> = 0.8921567559585687 + 0.43209724036179326 + None = 1.324253996320362.
- C_updated leg dimensions: [(1, 5, 1, 5), (5, 5, 2, 30), (30, 5, 1, 30), (30, 5, 2, 30), (30, 5, 1, 30), (30, 5, 2, 30), (30, 5, 2, 30), (30, 5, 1, 30), (30, 5, 2, 30), (30, 5, 1, 10), (10, 5, 2, 1)].
- largest Hermiticity error: 4.433672582816446e-06.
- maximal number of matvec operations: 51.
-> E_updated = 1.2018187607981792.
Orthogonality column 10:
- C leg dimensions: [(1, 5, 2, 5), (5, 5, 2, 30), (30, 5, 2, 30), (30, 5, 2, 30), (30, 5, 2, 30), (30, 5, 4, 30), (30, 5, 2, 30), (30, 5, 2, 30), (30, 5, 2, 30), (30, 5, 2, 10), (10, 5, 2, 1)].
- Lh leg dimensions: [(1, 5, 5, 25), (25, 5, 5, 150), (150, 5, 5, 150), (150, 5, 5, 150), (150, 5, 5, 150), (150, 5, 5, 150), (150, 5, 5, 150), (150, 5, 5, 150), (150, 5, 5, 150), (150, 5, 5, 25), (25, 5, 5, 1)].
- Rh leg dimensions: [(1, 2, 2, 3), (3, 2, 2, 8), (8, 2, 2, 3), (3, 2, 2, 8), (8, 2, 2, 3), (3, 4, 4, 9), (9, 2, 2, 3), (3, 2, 2, 8), (8, 2, 2, 3), (3, 2, 2, 4), (4, 2, 2, 1)].
-> E = <Lh|CC*> + <ALhAL*|CC*|ARhAR*> + <CC*|Rh> = 0.8478619825599628 + -0.06652555438040013 + 0.4238941779213507 = 1.2052306061009135.
- C_updated leg dimensions: [(1, 5, 2, 10), (10, 5, 2, 30), (30, 5, 2, 30), (30, 5, 2, 30), (30, 5, 2, 30), (30, 5, 4, 30), (30, 5, 2, 30), (30, 5, 2, 30), (30, 5, 2, 30), (30, 5, 2, 10), (10, 5, 2, 1)].
- largest Hermiticity error: 3.7196534139677136e-06.
- maximal number of matvec operations: 51.
-> E_updated = 1.0839714609698725.
Orthogonality column 9:
- C leg dimensions: [(1, 5, 2, 10), (10, 5, 4, 30), (30, 5, 2, 30), (30, 5, 4, 30), (30, 5, 4, 30), (30, 5, 4, 30), (30, 5, 4, 30), (30, 5, 2, 30), (30, 5, 4, 30), (30, 5, 2, 10), (10, 5, 4, 1)].
- Lh leg dimensions: [(1, 5, 5, 25), (25, 5, 5, 150), (150, 5, 5, 150), (150, 5, 5, 150), (150, 5, 5, 150), (150, 5, 5, 150), (150, 5, 5, 150), (150, 5, 5, 150), (150, 5, 5, 150), (150, 5, 5, 25), (25, 5, 5, 1)].
- Rh leg dimensions: [(1, 2, 2, 4), (4, 4, 4, 8), (8, 2, 2, 29), (29, 4, 4, 8), (8, 4, 4, 80), (80, 4, 4, 13), (13, 4, 4, 29), (29, 2, 2, 8), (8, 4, 4, 29), (29, 2, 2, 8), (8, 4, 4, 1)].
-> E = <Lh|CC*> + <ALhAL*|CC*|ARhAR*> + <CC*|Rh> = 0.74147473713458 + -0.043755753233556106 + 0.3469240300585464 = 1.0446430139595704.
- C_updated leg dimensions: [(1, 5, 2, 10), (10, 5, 4, 30), (30, 5, 2, 30), (30, 5, 4, 30), (30, 5, 4, 30), (30, 5, 4, 30), (30, 5, 4, 30), (30, 5, 2, 30), (30, 5, 4, 30), (30, 5, 2, 20), (20, 5, 4, 1)].
- largest Hermiticity error: 3.698756942050529e-06.
- maximal number of matvec operations: 51.
-> E_updated = 0.9042664259412991.
Orthogonality column 8:
- C leg dimensions: [(1, 5, 4, 10), (10, 5, 4, 30), (30, 5, 4, 30), (30, 5, 5, 30), (30, 5, 5, 30), (30, 5, 5, 30), (30, 5, 5, 30), (30, 5, 4, 30), (30, 5, 4, 30), (30, 5, 4, 20), (20, 5, 4, 1)].
- Lh leg dimensions: [(1, 5, 5, 25), (25, 5, 5, 150), (150, 5, 5, 150), (150, 5, 5, 150), (150, 5, 5, 150), (150, 5, 5, 150), (150, 5, 5, 150), (150, 5, 5, 150), (150, 5, 5, 150), (150, 5, 5, 25), (25, 5, 5, 1)].
- Rh leg dimensions: [(1, 4, 4, 9), (9, 4, 4, 80), (80, 4, 4, 32), (32, 5, 5, 150), (150, 5, 5, 81), (81, 5, 5, 150), (150, 5, 5, 32), (32, 4, 4, 150), (150, 4, 4, 32), (32, 4, 4, 16), (16, 4, 4, 1)].
-> E = <Lh|CC*> + <ALhAL*|CC*|ARhAR*> + <CC*|Rh> = 0.654407339911659 + -0.07755479796494273 + 0.28926182690650154 = 0.8661143688532178.
- C_updated leg dimensions: [(1, 5, 4, 20), (20, 5, 4, 30), (30, 5, 4, 30), (30, 5, 5, 30), (30, 5, 5, 30), (30, 5, 5, 30), (30, 5, 5, 30), (30, 5, 4, 30), (30, 5, 4, 30), (30, 5, 4, 20), (20, 5, 4, 1)].
- largest Hermiticity error: 5.4751680680212405e-06.
- maximal number of matvec operations: 51.
-> E_updated = 0.7357292104122909.
Orthogonality column 7:
- C leg dimensions: [(1, 5, 5, 25), (25, 5, 5, 30), (30, 5, 5, 30), (30, 5, 5, 30), (30, 5, 5, 30), (30, 5, 5, 30), (30, 5, 5, 30), (30, 5, 5, 30), (30, 5, 5, 30), (30, 5, 5, 20), (20, 5, 5, 1)].
- Lh leg dimensions: [(1, 5, 5, 25), (25, 5, 5, 150), (150, 5, 5, 150), (150, 5, 5, 150), (150, 5, 5, 150), (150, 5, 5, 150), (150, 5, 5, 150), (150, 5, 5, 150), (150, 5, 5, 150), (150, 5, 5, 25), (25, 5, 5, 1)].
- Rh leg dimensions: [(1, 5, 5, 25), (25, 5, 5, 96), (96, 5, 5, 150), (150, 5, 5, 150), (150, 5, 5, 150), (150, 5, 5, 150), (150, 5, 5, 150), (150, 5, 5, 150), (150, 5, 5, 150), (150, 5, 5, 24), (24, 5, 5, 1)].
-> E = <Lh|CC*> + <ALhAL*|CC*|ARhAR*> + <CC*|Rh> = 0.3925509452198223 + 0.08404841671899481 + 0.2047830051824746 = 0.6813823671212917.
- C_updated leg dimensions: [(1, 5, 5, 25), (25, 5, 5, 30), (30, 5, 5, 30), (30, 5, 5, 30), (30, 5, 5, 30), (30, 5, 5, 30), (30, 5, 5, 30), (30, 5, 5, 30), (30, 5, 5, 30), (30, 5, 5, 25), (25, 5, 5, 1)].
- largest Hermiticity error: 6.064850048230396e-09.
- maximal number of matvec operations: 61.
-> E_updated = 0.4486454140774732.
Orthogonality column 6:
- C leg dimensions: [(1, 5, 5, 25), (25, 5, 5, 30), (30, 5, 5, 30), (30, 5, 5, 30), (30, 5, 5, 30), (30, 5, 5, 30), (30, 5, 5, 30), (30, 5, 5, 30), (30, 5, 5, 30), (30, 5, 5, 25), (25, 5, 5, 1)].
- Lh leg dimensions: [(1, 5, 5, 25), (25, 5, 5, 150), (150, 5, 5, 150), (150, 5, 5, 150), (150, 5, 5, 150), (150, 5, 5, 150), (150, 5, 5, 150), (150, 5, 5, 150), (150, 5, 5, 150), (150, 5, 5, 25), (25, 5, 5, 1)].
- Rh leg dimensions: [(1, 5, 5, 25), (25, 5, 5, 150), (150, 5, 5, 150), (150, 5, 5, 150), (150, 5, 5, 150), (150, 5, 5, 150), (150, 5, 5, 150), (150, 5, 5, 150), (150, 5, 5, 150), (150, 5, 5, 25), (25, 5, 5, 1)].
-> E = <Lh|CC*> + <ALhAL*|CC*|ARhAR*> + <CC*|Rh> = 0.04639521770716338 + 0.09566660581743987 + 0.15830634283333572 = 0.30036816635793895.
- C_updated leg dimensions: [(1, 5, 5, 25), (25, 5, 5, 30), (30, 5, 5, 30), (30, 5, 5, 30), (30, 5, 5, 30), (30, 5, 5, 30), (30, 5, 5, 30), (30, 5, 5, 30), (30, 5, 5, 30), (30, 5, 5, 25), (25, 5, 5, 1)].
- largest Hermiticity error: 1.158986536729934e-11.
- maximal number of matvec operations: 71.
-> E_updated = 0.06884318956303075.
Orthogonality column 5:
- C leg dimensions: [(1, 5, 5, 25), (25, 5, 5, 30), (30, 5, 5, 30), (30, 5, 5, 30), (30, 5, 5, 30), (30, 5, 5, 30), (30, 5, 5, 30), (30, 5, 5, 30), (30, 5, 5, 30), (30, 5, 5, 25), (25, 5, 5, 1)].
- Lh leg dimensions: [(1, 5, 5, 24), (24, 5, 5, 150), (150, 5, 5, 150), (150, 5, 5, 150), (150, 5, 5, 150), (150, 5, 5, 150), (150, 5, 5, 150), (150, 5, 5, 150), (150, 5, 5, 96), (96, 5, 5, 25), (25, 5, 5, 1)].
- Rh leg dimensions: [(1, 5, 5, 25), (25, 5, 5, 150), (150, 5, 5, 150), (150, 5, 5, 150), (150, 5, 5, 150), (150, 5, 5, 150), (150, 5, 5, 150), (150, 5, 5, 150), (150, 5, 5, 150), (150, 5, 5, 25), (25, 5, 5, 1)].
-> E = <Lh|CC*> + <ALhAL*|CC*|ARhAR*> + <CC*|Rh> = -0.0023859161055183376 + -0.01706971116853952 + 0.1717381154206864 = 0.15228248814662854.
- C_updated leg dimensions: [(1, 5, 5, 25), (25, 5, 5, 30), (30, 5, 5, 30), (30, 5, 5, 30), (30, 5, 5, 30), (30, 5, 5, 30), (30, 5, 5, 30), (30, 5, 5, 30), (30, 5, 5, 30), (30, 5, 5, 25), (25, 5, 5, 1)].
- largest Hermiticity error: 1.875392880196399e-09.
- maximal number of matvec operations: 71.
-> E_updated = 0.04006637308551889.
Orthogonality column 4:
- C leg dimensions: [(1, 4, 5, 20), (20, 4, 5, 30), (30, 4, 5, 30), (30, 4, 5, 30), (30, 5, 5, 30), (30, 5, 5, 30), (30, 5, 5, 30), (30, 5, 5, 30), (30, 4, 5, 30), (30, 4, 5, 20), (20, 4, 5, 1)].
- Lh leg dimensions: [(1, 4, 4, 16), (16, 4, 4, 32), (32, 4, 4, 150), (150, 4, 4, 33), (33, 5, 5, 150), (150, 5, 5, 81), (81, 5, 5, 150), (150, 5, 5, 32), (32, 4, 4, 80), (80, 4, 4, 9), (9, 4, 4, 1)].
- Rh leg dimensions: [(1, 5, 5, 25), (25, 5, 5, 150), (150, 5, 5, 150), (150, 5, 5, 150), (150, 5, 5, 150), (150, 5, 5, 150), (150, 5, 5, 150), (150, 5, 5, 150), (150, 5, 5, 150), (150, 5, 5, 25), (25, 5, 5, 1)].
-> E = <Lh|CC*> + <ALhAL*|CC*|ARhAR*> + <CC*|Rh> = 0.004815670344872833 + -0.0546842786224247 + 0.1561920237702148 = 0.10632341549266293.
- C_updated leg dimensions: [(1, 4, 5, 20), (20, 4, 5, 30), (30, 4, 5, 30), (30, 4, 5, 30), (30, 5, 5, 30), (30, 5, 5, 30), (30, 5, 5, 30), (30, 5, 5, 30), (30, 4, 5, 30), (30, 4, 5, 20), (20, 4, 5, 1)].
- largest Hermiticity error: 1.7447999938705683e-09.
- maximal number of matvec operations: 71.
-> E_updated = 0.040518328999001534.
Orthogonality column 3:
- C leg dimensions: [(1, 4, 5, 20), (20, 2, 5, 30), (30, 4, 5, 30), (30, 2, 5, 30), (30, 4, 5, 30), (30, 4, 5, 30), (30, 4, 5, 30), (30, 4, 5, 30), (30, 2, 5, 30), (30, 4, 5, 10), (10, 2, 5, 1)].
- Lh leg dimensions: [(1, 4, 4, 8), (8, 2, 2, 29), (29, 4, 4, 8), (8, 2, 2, 29), (29, 4, 4, 13), (13, 4, 4, 80), (80, 4, 4, 8), (8, 4, 4, 29), (29, 2, 2, 8), (8, 4, 4, 4), (4, 2, 2, 1)].
- Rh leg dimensions: [(1, 5, 5, 25), (25, 5, 5, 150), (150, 5, 5, 150), (150, 5, 5, 150), (150, 5, 5, 150), (150, 5, 5, 150), (150, 5, 5, 150), (150, 5, 5, 150), (150, 5, 5, 150), (150, 5, 5, 25), (25, 5, 5, 1)].
-> E = <Lh|CC*> + <ALhAL*|CC*|ARhAR*> + <CC*|Rh> = 0.07403350788508108 + -0.08188929805951191 + 0.16053774632757195 = 0.15268195615314112.
- C_updated leg dimensions: [(1, 4, 5, 20), (20, 2, 5, 30), (30, 4, 5, 30), (30, 2, 5, 30), (30, 4, 5, 30), (30, 4, 5, 30), (30, 4, 5, 30), (30, 4, 5, 30), (30, 2, 5, 30), (30, 4, 5, 10), (10, 2, 5, 1)].
- largest Hermiticity error: 1.3596927373328761e-09.
- maximal number of matvec operations: 61.
-> E_updated = 0.09467374582664506.
Orthogonality column 2:
- C leg dimensions: [(1, 2, 5, 10), (10, 2, 5, 30), (30, 2, 5, 30), (30, 2, 5, 30), (30, 2, 5, 30), (30, 4, 5, 30), (30, 2, 5, 30), (30, 2, 5, 30), (30, 2, 5, 30), (30, 2, 5, 10), (10, 2, 5, 1)].
- Lh leg dimensions: [(1, 2, 2, 4), (4, 2, 2, 3), (3, 2, 2, 8), (8, 2, 2, 3), (3, 2, 2, 9), (9, 4, 4, 3), (3, 2, 2, 8), (8, 2, 2, 3), (3, 2, 2, 8), (8, 2, 2, 3), (3, 2, 2, 1)].
- Rh leg dimensions: [(1, 5, 5, 25), (25, 5, 5, 150), (150, 5, 5, 150), (150, 5, 5, 150), (150, 5, 5, 150), (150, 5, 5, 150), (150, 5, 5, 150), (150, 5, 5, 150), (150, 5, 5, 150), (150, 5, 5, 25), (25, 5, 5, 1)].
-> E = <Lh|CC*> + <ALhAL*|CC*|ARhAR*> + <CC*|Rh> = 0.21411312249284514 + -0.13898800710385328 + 0.22260537817580836 = 0.2977304935648002.
- C_updated leg dimensions: [(1, 2, 5, 10), (10, 2, 5, 30), (30, 2, 5, 30), (30, 2, 5, 30), (30, 2, 5, 30), (30, 4, 5, 30), (30, 2, 5, 30), (30, 2, 5, 30), (30, 2, 5, 30), (30, 2, 5, 10), (10, 2, 5, 1)].
- largest Hermiticity error: 1.708621928191317e-09.
- maximal number of matvec operations: 61.
-> E_updated = 0.23439976365734852.
Orthogonality column 1:
- C leg dimensions: [(1, 2, 5, 10), (10, 1, 5, 30), (30, 2, 5, 30), (30, 1, 5, 30), (30, 2, 5, 30), (30, 2, 5, 30), (30, 1, 5, 30), (30, 2, 5, 30), (30, 1, 5, 30), (30, 2, 5, 5), (5, 1, 5, 1)].
- Rh leg dimensions: [(1, 5, 5, 25), (25, 5, 5, 150), (150, 5, 5, 150), (150, 5, 5, 150), (150, 5, 5, 150), (150, 5, 5, 150), (150, 5, 5, 150), (150, 5, 5, 150), (150, 5, 5, 150), (150, 5, 5, 25), (25, 5, 5, 1)].
-> E = <Lh|CC*> + <ALhAL*|CC*|ARhAR*> + <CC*|Rh> = None + 0.21551730335033312 + 0.25817675864406653 = 0.4736940619943997.
- C_updated leg dimensions: [(1, 2, 5, 10), (10, 1, 5, 30), (30, 2, 5, 30), (30, 1, 5, 30), (30, 2, 5, 30), (30, 2, 5, 30), (30, 1, 5, 30), (30, 2, 5, 30), (30, 1, 5, 30), (30, 2, 5, 5), (5, 1, 5, 1)].
- largest Hermiticity error: 1.2700359020304972e-09.
- maximal number of matvec operations: 51.
-> E_updated = 0.4077772937712812.
Orthogonality column 0:
- C leg dimensions: [(1, 1, 5, 5), (5, 1, 5, 25), (25, 1, 5, 30), (30, 1, 5, 30), (30, 1, 5, 30), (30, 1, 5, 30), (30, 1, 5, 30), (30, 1, 5, 30), (30, 1, 5, 30), (30, 1, 5, 5), (5, 1, 5, 1)].
- Rh leg dimensions: [(1, 5, 5, 25), (25, 5, 5, 150), (150, 5, 5, 150), (150, 5, 5, 150), (150, 5, 5, 150), (150, 5, 5, 150), (150, 5, 5, 150), (150, 5, 5, 150), (150, 5, 5, 150), (150, 5, 5, 25), (25, 5, 5, 1)].
-> E = <Lh|CC*> + <ALhAL*|CC*|ARhAR*> + <CC*|Rh> = None + None + 0.6254595166854288 = 0.6254595166854288.
- C_updated leg dimensions: [(1, 1, 5, 5), (5, 1, 5, 25), (25, 1, 5, 30), (30, 1, 5, 30), (30, 1, 5, 30), (30, 1, 5, 30), (30, 1, 5, 30), (30, 1, 5, 30), (30, 1, 5, 25), (25, 1, 5, 5), (5, 1, 5, 1)].
- largest Hermiticity error: 1.4694831287540447e-08.
- maximal number of matvec operations: 51.
-> E_updated = 0.5445122466031743.
=> <H> - E0 = 0.11565630353618417.

DMRGSquared sweep 2 ...
Orthogonality column 0:
- C leg dimensions: [(1, 1, 5, 5), (5, 1, 5, 25), (25, 1, 5, 30), (30, 1, 5, 30), (30, 1, 5, 30), (30, 1, 5, 30), (30, 1, 5, 30), (30, 1, 5, 30), (30, 1, 5, 25), (25, 1, 5, 5), (5, 1, 5, 1)].
- Rh leg dimensions: [(1, 5, 5, 25), (25, 5, 5, 150), (150, 5, 5, 150), (150, 5, 5, 150), (150, 5, 5, 150), (150, 5, 5, 150), (150, 5, 5, 150), (150, 5, 5, 150), (150, 5, 5, 150), (150, 5, 5, 25), (25, 5, 5, 1)].
-> E = <Lh|CC*> + <ALhAL*|CC*|ARhAR*> + <CC*|Rh> = None + None + 0.5445122466031651 = 0.5445122466031651.
- C_updated leg dimensions: [(1, 1, 5, 5), (5, 1, 5, 25), (25, 1, 5, 30), (30, 1, 5, 30), (30, 1, 5, 30), (30, 1, 5, 30), (30, 1, 5, 30), (30, 1, 5, 30), (30, 1, 5, 25), (25, 1, 5, 5), (5, 1, 5, 1)].
- largest Hermiticity error: 2.283853294817178e-08.
- maximal number of matvec operations: 41.
-> E_updated = 0.5445122463931786.
Orthogonality column 1:
- C leg dimensions: [(1, 2, 5, 5), (5, 1, 5, 25), (25, 2, 5, 30), (30, 1, 5, 30), (30, 2, 5, 30), (30, 2, 5, 30), (30, 1, 5, 30), (30, 2, 5, 30), (30, 1, 5, 25), (25, 2, 5, 5), (5, 1, 5, 1)].
- Rh leg dimensions: [(1, 5, 5, 25), (25, 5, 5, 150), (150, 5, 5, 150), (150, 5, 5, 150), (150, 5, 5, 150), (150, 5, 5, 150), (150, 5, 5, 150), (150, 5, 5, 150), (150, 5, 5, 150), (150, 5, 5, 25), (25, 5, 5, 1)].
-> E = <Lh|CC*> + <ALhAL*|CC*|ARhAR*> + <CC*|Rh> = None + 0.21643054065080125 + 0.2765784719212771 = 0.49300901257207835.
- C_updated leg dimensions: [(1, 2, 5, 10), (10, 1, 5, 30), (30, 2, 5, 30), (30, 1, 5, 30), (30, 2, 5, 30), (30, 2, 5, 30), (30, 1, 5, 30), (30, 2, 5, 30), (30, 1, 5, 30), (30, 2, 5, 5), (5, 1, 5, 1)].
- largest Hermiticity error: 1.6926934903679272e-09.
- maximal number of matvec operations: 51.
-> E_updated = 0.40777729406890234.
Orthogonality column 2:
- C leg dimensions: [(1, 2, 5, 10), (10, 2, 5, 30), (30, 2, 5, 30), (30, 2, 5, 30), (30, 2, 5, 30), (30, 4, 5, 30), (30, 2, 5, 30), (30, 2, 5, 30), (30, 2, 5, 30), (30, 2, 5, 5), (5, 2, 5, 1)].
- Lh leg dimensions: [(1, 2, 2, 4), (4, 2, 2, 3), (3, 2, 2, 8), (8, 2, 2, 3), (3, 2, 2, 9), (9, 4, 4, 3), (3, 2, 2, 8), (8, 2, 2, 3), (3, 2, 2, 8), (8, 2, 2, 3), (3, 2, 2, 1)].
- Rh leg dimensions: [(1, 5, 5, 25), (25, 5, 5, 150), (150, 5, 5, 150), (150, 5, 5, 150), (150, 5, 5, 150), (150, 5, 5, 150), (150, 5, 5, 150), (150, 5, 5, 150), (150, 5, 5, 150), (150, 5, 5, 25), (25, 5, 5, 1)].
-> E = <Lh|CC*> + <ALhAL*|CC*|ARhAR*> + <CC*|Rh> = 0.21697242314392476 + -0.13645112681715957 + 0.2254074244135089 = 0.3059287207402741.
- C_updated leg dimensions: [(1, 2, 5, 10), (10, 2, 5, 30), (30, 2, 5, 30), (30, 2, 5, 30), (30, 2, 5, 30), (30, 4, 5, 30), (30, 2, 5, 30), (30, 2, 5, 30), (30, 2, 5, 30), (30, 2, 5, 10), (10, 2, 5, 1)].
- largest Hermiticity error: 2.463267752261705e-09.
- maximal number of matvec operations: 61.
-> E_updated = 0.2341021762739959.
Orthogonality column 3:
- C leg dimensions: [(1, 4, 5, 10), (10, 2, 5, 30), (30, 4, 5, 30), (30, 2, 5, 30), (30, 4, 5, 30), (30, 4, 5, 30), (30, 4, 5, 30), (30, 4, 5, 30), (30, 2, 5, 30), (30, 4, 5, 10), (10, 2, 5, 1)].
- Lh leg dimensions: [(1, 4, 4, 8), (8, 2, 2, 29), (29, 4, 4, 8), (8, 2, 2, 29), (29, 4, 4, 13), (13, 4, 4, 80), (80, 4, 4, 8), (8, 4, 4, 29), (29, 2, 2, 8), (8, 4, 4, 4), (4, 2, 2, 1)].
- Rh leg dimensions: [(1, 5, 5, 25), (25, 5, 5, 150), (150, 5, 5, 150), (150, 5, 5, 150), (150, 5, 5, 150), (150, 5, 5, 150), (150, 5, 5, 150), (150, 5, 5, 150), (150, 5, 5, 150), (150, 5, 5, 25), (25, 5, 5, 1)].
-> E = <Lh|CC*> + <ALhAL*|CC*|ARhAR*> + <CC*|Rh> = 0.07479273783686066 + -0.07706509433745172 + 0.16661390226182457 = 0.1643415457612335.
- C_updated leg dimensions: [(1, 4, 5, 20), (20, 2, 5, 30), (30, 4, 5, 30), (30, 2, 5, 30), (30, 4, 5, 30), (30, 4, 5, 30), (30, 4, 5, 30), (30, 4, 5, 30), (30, 2, 5, 30), (30, 4, 5, 10), (10, 2, 5, 1)].
- largest Hermiticity error: 1.6668254866142138e-09.
- maximal number of matvec operations: 61.
-> E_updated = 0.09306992426177173.
Orthogonality column 4:
- C leg dimensions: [(1, 4, 5, 20), (20, 4, 5, 30), (30, 4, 5, 30), (30, 4, 5, 30), (30, 5, 5, 30), (30, 5, 5, 30), (30, 5, 5, 30), (30, 5, 5, 30), (30, 4, 5, 30), (30, 4, 5, 10), (10, 4, 5, 1)].
- Lh leg dimensions: [(1, 4, 4, 16), (16, 4, 4, 32), (32, 4, 4, 150), (150, 4, 4, 33), (33, 5, 5, 150), (150, 5, 5, 80), (80, 5, 5, 150), (150, 5, 5, 32), (32, 4, 4, 80), (80, 4, 4, 9), (9, 4, 4, 1)].
- Rh leg dimensions: [(1, 5, 5, 25), (25, 5, 5, 150), (150, 5, 5, 150), (150, 5, 5, 150), (150, 5, 5, 150), (150, 5, 5, 150), (150, 5, 5, 150), (150, 5, 5, 150), (150, 5, 5, 150), (150, 5, 5, 25), (25, 5, 5, 1)].
-> E = <Lh|CC*> + <ALhAL*|CC*|ARhAR*> + <CC*|Rh> = -0.00958534905543583 + -0.06389477542648084 + 0.17347289797190324 = 0.09999277348998657.
- C_updated leg dimensions: [(1, 4, 5, 20), (20, 4, 5, 30), (30, 4, 5, 30), (30, 4, 5, 30), (30, 5, 5, 30), (30, 5, 5, 30), (30, 5, 5, 30), (30, 5, 5, 30), (30, 4, 5, 30), (30, 4, 5, 20), (20, 4, 5, 1)].
- largest Hermiticity error: 1.6115112617487973e-09.
- maximal number of matvec operations: 71.
-> E_updated = 0.03476640436247145.
Orthogonality column 5:
- C leg dimensions: [(1, 5, 5, 20), (20, 5, 5, 30), (30, 5, 5, 30), (30, 5, 5, 30), (30, 5, 5, 30), (30, 5, 5, 30), (30, 5, 5, 30), (30, 5, 5, 30), (30, 5, 5, 30), (30, 5, 5, 25), (25, 5, 5, 1)].
- Lh leg dimensions: [(1, 5, 5, 24), (24, 5, 5, 150), (150, 5, 5, 150), (150, 5, 5, 150), (150, 5, 5, 150), (150, 5, 5, 150), (150, 5, 5, 150), (150, 5, 5, 150), (150, 5, 5, 96), (96, 5, 5, 25), (25, 5, 5, 1)].
- Rh leg dimensions: [(1, 5, 5, 25), (25, 5, 5, 150), (150, 5, 5, 150), (150, 5, 5, 150), (150, 5, 5, 150), (150, 5, 5, 150), (150, 5, 5, 150), (150, 5, 5, 150), (150, 5, 5, 150), (150, 5, 5, 25), (25, 5, 5, 1)].
-> E = <Lh|CC*> + <ALhAL*|CC*|ARhAR*> + <CC*|Rh> = -0.06763415964252135 + -0.05161332162243092 + 0.19393351148779425 = 0.07468603022284198.
- C_updated leg dimensions: [(1, 5, 5, 25), (25, 5, 5, 30), (30, 5, 5, 30), (30, 5, 5, 30), (30, 5, 5, 30), (30, 5, 5, 30), (30, 5, 5, 30), (30, 5, 5, 30), (30, 5, 5, 30), (30, 5, 5, 25), (25, 5, 5, 1)].
- largest Hermiticity error: 1.8561009233285756e-09.
- maximal number of matvec operations: 81.
-> E_updated = 0.020099738547449057.
Orthogonality column 6:
- C leg dimensions: [(1, 5, 5, 25), (25, 5, 5, 30), (30, 5, 5, 30), (30, 5, 5, 30), (30, 5, 5, 30), (30, 5, 5, 30), (30, 5, 5, 30), (30, 5, 5, 30), (30, 5, 5, 30), (30, 5, 5, 25), (25, 5, 5, 1)].
- Lh leg dimensions: [(1, 5, 5, 25), (25, 5, 5, 150), (150, 5, 5, 150), (150, 5, 5, 150), (150, 5, 5, 150), (150, 5, 5, 150), (150, 5, 5, 150), (150, 5, 5, 150), (150, 5, 5, 150), (150, 5, 5, 25), (25, 5, 5, 1)].
- Rh leg dimensions: [(1, 5, 5, 25), (25, 5, 5, 150), (150, 5, 5, 150), (150, 5, 5, 150), (150, 5, 5, 150), (150, 5, 5, 150), (150, 5, 5, 150), (150, 5, 5, 150), (150, 5, 5, 150), (150, 5, 5, 25), (25, 5, 5, 1)].
-> E = <Lh|CC*> + <ALhAL*|CC*|ARhAR*> + <CC*|Rh> = -0.1315851188176947 + -0.04658000184679429 + 0.2051547776477443 = 0.02698965698325534.
- C_updated leg dimensions: [(1, 5, 5, 25), (25, 5, 5, 30), (30, 5, 5, 30), (30, 5, 5, 30), (30, 5, 5, 30), (30, 5, 5, 30), (30, 5, 5, 30), (30, 5, 5, 30), (30, 5, 5, 30), (30, 5, 5, 25), (25, 5, 5, 1)].
- largest Hermiticity error: 5.289734274819305e-12.
- maximal number of matvec operations: 91.
-> E_updated = -0.012467399492543534.
Orthogonality column 7:
- C leg dimensions: [(1, 5, 5, 25), (25, 5, 5, 30), (30, 5, 5, 30), (30, 5, 5, 30), (30, 5, 5, 30), (30, 5, 5, 30), (30, 5, 5, 30), (30, 5, 5, 30), (30, 5, 5, 30), (30, 5, 5, 25), (25, 5, 5, 1)].
- Lh leg dimensions: [(1, 5, 5, 25), (25, 5, 5, 150), (150, 5, 5, 150), (150, 5, 5, 150), (150, 5, 5, 150), (150, 5, 5, 150), (150, 5, 5, 150), (150, 5, 5, 150), (150, 5, 5, 150), (150, 5, 5, 25), (25, 5, 5, 1)].
- Rh leg dimensions: [(1, 5, 5, 25), (25, 5, 5, 96), (96, 5, 5, 150), (150, 5, 5, 150), (150, 5, 5, 150), (150, 5, 5, 150), (150, 5, 5, 150), (150, 5, 5, 150), (150, 5, 5, 150), (150, 5, 5, 24), (24, 5, 5, 1)].
-> E = <Lh|CC*> + <ALhAL*|CC*|ARhAR*> + <CC*|Rh> = -0.17574062048454236 + -0.051447581569690336 + 0.2468672607105141 = 0.01967905865628139.
- C_updated leg dimensions: [(1, 5, 5, 25), (25, 5, 5, 30), (30, 5, 5, 30), (30, 5, 5, 30), (30, 5, 5, 30), (30, 5, 5, 30), (30, 5, 5, 30), (30, 5, 5, 30), (30, 5, 5, 30), (30, 5, 5, 25), (25, 5, 5, 1)].
- largest Hermiticity error: 1.3328627243073575e-09.
- maximal number of matvec operations: 91.
-> E_updated = -0.012049708211475241.
Orthogonality column 8:
- C leg dimensions: [(1, 5, 4, 20), (20, 5, 4, 30), (30, 5, 4, 30), (30, 5, 5, 30), (30, 5, 5, 30), (30, 5, 5, 30), (30, 5, 5, 30), (30, 5, 4, 30), (30, 5, 4, 30), (30, 5, 4, 25), (25, 5, 4, 1)].
- Lh leg dimensions: [(1, 5, 5, 25), (25, 5, 5, 150), (150, 5, 5, 150), (150, 5, 5, 150), (150, 5, 5, 150), (150, 5, 5, 150), (150, 5, 5, 150), (150, 5, 5, 150), (150, 5, 5, 150), (150, 5, 5, 25), (25, 5, 5, 1)].
- Rh leg dimensions: [(1, 4, 4, 9), (9, 4, 4, 80), (80, 4, 4, 32), (32, 5, 5, 150), (150, 5, 5, 81), (81, 5, 5, 150), (150, 5, 5, 32), (32, 4, 4, 150), (150, 4, 4, 32), (32, 4, 4, 16), (16, 4, 4, 1)].
-> E = <Lh|CC*> + <ALhAL*|CC*|ARhAR*> + <CC*|Rh> = -0.20076063329886315 + -0.05293371245472458 + 0.2990638405267511 = 0.04536949477316338.
- C_updated leg dimensions: [(1, 5, 4, 20), (20, 5, 4, 30), (30, 5, 4, 30), (30, 5, 5, 30), (30, 5, 5, 30), (30, 5, 5, 30), (30, 5, 5, 30), (30, 5, 4, 30), (30, 5, 4, 30), (30, 5, 4, 20), (20, 5, 4, 1)].
- largest Hermiticity error: 1.3559996392281569e-09.
- maximal number of matvec operations: 71.
-> E_updated = 0.014837103388915323.
Orthogonality column 9:
- C leg dimensions: [(1, 5, 2, 20), (20, 5, 4, 30), (30, 5, 2, 30), (30, 5, 4, 30), (30, 5, 4, 30), (30, 5, 4, 30), (30, 5, 4, 30), (30, 5, 2, 30), (30, 5, 4, 30), (30, 5, 2, 20), (20, 5, 4, 1)].
- Lh leg dimensions: [(1, 5, 5, 25), (25, 5, 5, 150), (150, 5, 5, 150), (150, 5, 5, 150), (150, 5, 5, 150), (150, 5, 5, 150), (150, 5, 5, 150), (150, 5, 5, 150), (150, 5, 5, 150), (150, 5, 5, 25), (25, 5, 5, 1)].
- Rh leg dimensions: [(1, 2, 2, 4), (4, 4, 4, 8), (8, 2, 2, 29), (29, 4, 4, 8), (8, 4, 4, 80), (80, 4, 4, 13), (13, 4, 4, 29), (29, 2, 2, 8), (8, 4, 4, 29), (29, 2, 2, 8), (8, 4, 4, 1)].
-> E = <Lh|CC*> + <ALhAL*|CC*|ARhAR*> + <CC*|Rh> = -0.13861387677758566 + -0.05435966318723079 + 0.3519887808154906 = 0.15901524085067417.
- C_updated leg dimensions: [(1, 5, 2, 10), (10, 5, 4, 30), (30, 5, 2, 30), (30, 5, 4, 30), (30, 5, 4, 30), (30, 5, 4, 30), (30, 5, 4, 30), (30, 5, 2, 30), (30, 5, 4, 30), (30, 5, 2, 20), (20, 5, 4, 1)].
- largest Hermiticity error: 5.428967712607424e-09.
- maximal number of matvec operations: 71.
-> E_updated = 0.1096810572815827.
Orthogonality column 10:
- C leg dimensions: [(1, 5, 2, 10), (10, 5, 2, 30), (30, 5, 2, 30), (30, 5, 2, 30), (30, 5, 2, 30), (30, 5, 4, 30), (30, 5, 2, 30), (30, 5, 2, 30), (30, 5, 2, 30), (30, 5, 2, 20), (20, 5, 2, 1)].
- Lh leg dimensions: [(1, 5, 5, 25), (25, 5, 5, 150), (150, 5, 5, 150), (150, 5, 5, 150), (150, 5, 5, 150), (150, 5, 5, 150), (150, 5, 5, 150), (150, 5, 5, 150), (150, 5, 5, 150), (150, 5, 5, 25), (25, 5, 5, 1)].
- Rh leg dimensions: [(1, 2, 2, 3), (3, 2, 2, 8), (8, 2, 2, 3), (3, 2, 2, 8), (8, 2, 2, 3), (3, 4, 4, 9), (9, 2, 2, 3), (3, 2, 2, 8), (8, 2, 2, 3), (3, 2, 2, 4), (4, 2, 2, 1)].
-> E = <Lh|CC*> + <ALhAL*|CC*|ARhAR*> + <CC*|Rh> = -0.11723378459288573 + -0.07185835258326112 + 0.4256434976522444 = 0.23655136047609754.
- C_updated leg dimensions: [(1, 5, 2, 10), (10, 5, 2, 30), (30, 5, 2, 30), (30, 5, 2, 30), (30, 5, 2, 30), (30, 5, 4, 30), (30, 5, 2, 30), (30, 5, 2, 30), (30, 5, 2, 30), (30, 5, 2, 10), (10, 5, 2, 1)].
- largest Hermiticity error: 1.345285556145775e-08.
- maximal number of matvec operations: 61.
-> E_updated = 0.18565342928742518.
Orthogonality column 11:
- C leg dimensions: [(1, 5, 1, 10), (10, 5, 2, 30), (30, 5, 1, 30), (30, 5, 2, 30), (30, 5, 1, 30), (30, 5, 2, 30), (30, 5, 2, 30), (30, 5, 1, 30), (30, 5, 2, 30), (30, 5, 1, 10), (10, 5, 2, 1)].
- Lh leg dimensions: [(1, 5, 5, 25), (25, 5, 5, 150), (150, 5, 5, 150), (150, 5, 5, 150), (150, 5, 5, 150), (150, 5, 5, 150), (150, 5, 5, 150), (150, 5, 5, 150), (150, 5, 5, 150), (150, 5, 5, 25), (25, 5, 5, 1)].
-> E = <Lh|CC*> + <ALhAL*|CC*|ARhAR*> + <CC*|Rh> = -0.08091862832524815 + 0.42665112527252996 + None = 0.3457324969472818.
- C_updated leg dimensions: [(1, 5, 1, 5), (5, 5, 2, 30), (30, 5, 1, 30), (30, 5, 2, 30), (30, 5, 1, 30), (30, 5, 2, 30), (30, 5, 2, 30), (30, 5, 1, 30), (30, 5, 2, 30), (30, 5, 1, 10), (10, 5, 2, 1)].
- largest Hermiticity error: 1.7102752169484751e-07.
- maximal number of matvec operations: 51.
-> E_updated = 0.2836470123204092.
Orthogonality column 12:
- C leg dimensions: [(1, 5, 1, 5), (5, 5, 1, 25), (25, 5, 1, 30), (30, 5, 1, 30), (30, 5, 1, 30), (30, 5, 1, 30), (30, 5, 1, 30), (30, 5, 1, 30), (30, 5, 1, 30), (30, 5, 1, 10), (10, 5, 1, 1)].
- Lh leg dimensions: [(1, 5, 5, 25), (25, 5, 5, 150), (150, 5, 5, 150), (150, 5, 5, 150), (150, 5, 5, 150), (150, 5, 5, 150), (150, 5, 5, 150), (150, 5, 5, 150), (150, 5, 5, 150), (150, 5, 5, 25), (25, 5, 5, 1)].
-> E = <Lh|CC*> + <ALhAL*|CC*|ARhAR*> + <CC*|Rh> = 0.34685478543254944 + None + None = 0.34685478543254944.
- C_updated leg dimensions: [(1, 5, 1, 5), (5, 5, 1, 25), (25, 5, 1, 30), (30, 5, 1, 30), (30, 5, 1, 30), (30, 5, 1, 30), (30, 5, 1, 30), (30, 5, 1, 30), (30, 5, 1, 25), (25, 5, 1, 5), (5, 5, 1, 1)].
- largest Hermiticity error: 2.6221614327430896e-06.
- maximal number of matvec operations: 51.
-> E_updated = 0.27464766680236025.
Orthogonality column 11:
- C leg dimensions: [(1, 5, 1, 5), (5, 5, 2, 25), (25, 5, 1, 30), (30, 5, 2, 30), (30, 5, 1, 30), (30, 5, 2, 30), (30, 5, 2, 30), (30, 5, 1, 30), (30, 5, 2, 25), (25, 5, 1, 5), (5, 5, 2, 1)].
- Lh leg dimensions: [(1, 5, 5, 25), (25, 5, 5, 150), (150, 5, 5, 150), (150, 5, 5, 150), (150, 5, 5, 150), (150, 5, 5, 150), (150, 5, 5, 150), (150, 5, 5, 150), (150, 5, 5, 150), (150, 5, 5, 25), (25, 5, 5, 1)].
-> E = <Lh|CC*> + <ALhAL*|CC*|ARhAR*> + <CC*|Rh> = -0.0736045125503961 + 0.43393844526891984 + None = 0.36033393271852376.
- C_updated leg dimensions: [(1, 5, 1, 5), (5, 5, 2, 30), (30, 5, 1, 30), (30, 5, 2, 30), (30, 5, 1, 30), (30, 5, 2, 30), (30, 5, 2, 30), (30, 5, 1, 30), (30, 5, 2, 30), (30, 5, 1, 10), (10, 5, 2, 1)].
- largest Hermiticity error: 2.744345667336835e-07.
- maximal number of matvec operations: 51.
-> E_updated = 0.28364701242932644.
Orthogonality column 10:
- C leg dimensions: [(1, 5, 2, 5), (5, 5, 2, 30), (30, 5, 2, 30), (30, 5, 2, 30), (30, 5, 2, 30), (30, 5, 4, 30), (30, 5, 2, 30), (30, 5, 2, 30), (30, 5, 2, 30), (30, 5, 2, 10), (10, 5, 2, 1)].
- Lh leg dimensions: [(1, 5, 5, 25), (25, 5, 5, 150), (150, 5, 5, 150), (150, 5, 5, 150), (150, 5, 5, 150), (150, 5, 5, 150), (150, 5, 5, 150), (150, 5, 5, 150), (150, 5, 5, 150), (150, 5, 5, 25), (25, 5, 5, 1)].
- Rh leg dimensions: [(1, 2, 2, 3), (3, 2, 2, 8), (8, 2, 2, 3), (3, 2, 2, 8), (8, 2, 2, 3), (3, 4, 4, 9), (9, 2, 2, 3), (3, 2, 2, 8), (8, 2, 2, 3), (3, 2, 2, 4), (4, 2, 2, 1)].
-> E = <Lh|CC*> + <ALhAL*|CC*|ARhAR*> + <CC*|Rh> = -0.10400775384697224 + -0.07280661275421181 + 0.4301454401608112 = 0.25333107355962714.
- C_updated leg dimensions: [(1, 5, 2, 10), (10, 5, 2, 30), (30, 5, 2, 30), (30, 5, 2, 30), (30, 5, 2, 30), (30, 5, 4, 30), (30, 5, 2, 30), (30, 5, 2, 30), (30, 5, 2, 30), (30, 5, 2, 10), (10, 5, 2, 1)].
- largest Hermiticity error: 1.2349401657666494e-08.
- maximal number of matvec operations: 61.
-> E_updated = 0.1856478403302132.
Orthogonality column 9:
- C leg dimensions: [(1, 5, 2, 10), (10, 5, 4, 30), (30, 5, 2, 30), (30, 5, 4, 30), (30, 5, 4, 30), (30, 5, 4, 30), (30, 5, 4, 30), (30, 5, 2, 30), (30, 5, 4, 30), (30, 5, 2, 10), (10, 5, 4, 1)].
- Lh leg dimensions: [(1, 5, 5, 25), (25, 5, 5, 150), (150, 5, 5, 150), (150, 5, 5, 150), (150, 5, 5, 150), (150, 5, 5, 150), (150, 5, 5, 150), (150, 5, 5, 150), (150, 5, 5, 150), (150, 5, 5, 25), (25, 5, 5, 1)].
- Rh leg dimensions: [(1, 2, 2, 4), (4, 4, 4, 8), (8, 2, 2, 29), (29, 4, 4, 8), (8, 4, 4, 80), (80, 4, 4, 13), (13, 4, 4, 29), (29, 2, 2, 8), (8, 4, 4, 29), (29, 2, 2, 8), (8, 4, 4, 1)].
-> E = <Lh|CC*> + <ALhAL*|CC*|ARhAR*> + <CC*|Rh> = -0.13439868578529887 + -0.05193327633758117 + 0.3532368905076487 = 0.16690492838476867.
- C_updated leg dimensions: [(1, 5, 2, 10), (10, 5, 4, 30), (30, 5, 2, 30), (30, 5, 4, 30), (30, 5, 4, 30), (30, 5, 4, 30), (30, 5, 4, 30), (30, 5, 2, 30), (30, 5, 4, 30), (30, 5, 2, 20), (20, 5, 4, 1)].
- largest Hermiticity error: 5.836651757830847e-09.
- maximal number of matvec operations: 61.
-> E_updated = 0.10960640940341082.
Orthogonality column 8:
- C leg dimensions: [(1, 5, 4, 10), (10, 5, 4, 30), (30, 5, 4, 30), (30, 5, 5, 30), (30, 5, 5, 30), (30, 5, 5, 30), (30, 5, 5, 30), (30, 5, 4, 30), (30, 5, 4, 30), (30, 5, 4, 20), (20, 5, 4, 1)].
- Lh leg dimensions: [(1, 5, 5, 25), (25, 5, 5, 150), (150, 5, 5, 150), (150, 5, 5, 150), (150, 5, 5, 150), (150, 5, 5, 150), (150, 5, 5, 150), (150, 5, 5, 150), (150, 5, 5, 150), (150, 5, 5, 25), (25, 5, 5, 1)].
- Rh leg dimensions: [(1, 4, 4, 9), (9, 4, 4, 80), (80, 4, 4, 32), (32, 5, 5, 150), (150, 5, 5, 81), (81, 5, 5, 150), (150, 5, 5, 33), (33, 4, 4, 150), (150, 4, 4, 32), (32, 4, 4, 16), (16, 4, 4, 1)].
-> E = <Lh|CC*> + <ALhAL*|CC*|ARhAR*> + <CC*|Rh> = -0.18047468962018662 + -0.04875845396128369 + 0.2979267641456323 = 0.06869362056416198.
- C_updated leg dimensions: [(1, 5, 4, 20), (20, 5, 4, 30), (30, 5, 4, 30), (30, 5, 5, 30), (30, 5, 5, 30), (30, 5, 5, 30), (30, 5, 5, 30), (30, 5, 4, 30), (30, 5, 4, 30), (30, 5, 4, 20), (20, 5, 4, 1)].
- largest Hermiticity error: 1.827138608228249e-09.
- maximal number of matvec operations: 71.
-> E_updated = 0.014565254688804527.
Orthogonality column 7:
- C leg dimensions: [(1, 5, 5, 25), (25, 5, 5, 30), (30, 5, 5, 30), (30, 5, 5, 30), (30, 5, 5, 30), (30, 5, 5, 30), (30, 5, 5, 30), (30, 5, 5, 30), (30, 5, 5, 30), (30, 5, 5, 20), (20, 5, 5, 1)].
- Lh leg dimensions: [(1, 5, 5, 25), (25, 5, 5, 150), (150, 5, 5, 150), (150, 5, 5, 150), (150, 5, 5, 150), (150, 5, 5, 150), (150, 5, 5, 150), (150, 5, 5, 150), (150, 5, 5, 150), (150, 5, 5, 25), (25, 5, 5, 1)].
- Rh leg dimensions: [(1, 5, 5, 25), (25, 5, 5, 96), (96, 5, 5, 150), (150, 5, 5, 150), (150, 5, 5, 150), (150, 5, 5, 150), (150, 5, 5, 150), (150, 5, 5, 150), (150, 5, 5, 150), (150, 5, 5, 24), (24, 5, 5, 1)].
-> E = <Lh|CC*> + <ALhAL*|CC*|ARhAR*> + <CC*|Rh> = -0.1701002656591431 + -0.0472110631464196 + 0.24763607963228018 = 0.030324750826717484.
- C_updated leg dimensions: [(1, 5, 5, 25), (25, 5, 5, 30), (30, 5, 5, 30), (30, 5, 5, 30), (30, 5, 5, 30), (30, 5, 5, 30), (30, 5, 5, 30), (30, 5, 5, 30), (30, 5, 5, 30), (30, 5, 5, 25), (25, 5, 5, 1)].
- largest Hermiticity error: 1.2132725601520518e-09.
- maximal number of matvec operations: 91.
-> E_updated = -0.0015482588490946464.
Orthogonality column 6:
- C leg dimensions: [(1, 5, 5, 25), (25, 5, 5, 30), (30, 5, 5, 30), (30, 5, 5, 30), (30, 5, 5, 30), (30, 5, 5, 30), (30, 5, 5, 30), (30, 5, 5, 30), (30, 5, 5, 30), (30, 5, 5, 25), (25, 5, 5, 1)].
- Lh leg dimensions: [(1, 5, 5, 25), (25, 5, 5, 150), (150, 5, 5, 150), (150, 5, 5, 150), (150, 5, 5, 150), (150, 5, 5, 150), (150, 5, 5, 150), (150, 5, 5, 150), (150, 5, 5, 150), (150, 5, 5, 25), (25, 5, 5, 1)].
- Rh leg dimensions: [(1, 5, 5, 25), (25, 5, 5, 150), (150, 5, 5, 150), (150, 5, 5, 150), (150, 5, 5, 150), (150, 5, 5, 150), (150, 5, 5, 150), (150, 5, 5, 150), (150, 5, 5, 150), (150, 5, 5, 25), (25, 5, 5, 1)].
-> E = <Lh|CC*> + <ALhAL*|CC*|ARhAR*> + <CC*|Rh> = -0.11729606816563935 + -0.05255866819318764 + 0.1948296510252924 = 0.024974914666465398.
- C_updated leg dimensions: [(1, 5, 5, 25), (25, 5, 5, 30), (30, 5, 5, 30), (30, 5, 5, 30), (30, 5, 5, 30), (30, 5, 5, 30), (30, 5, 5, 30), (30, 5, 5, 30), (30, 5, 5, 30), (30, 5, 5, 25), (25, 5, 5, 1)].
- largest Hermiticity error: 4.443483785102838e-12.
- maximal number of matvec operations: 91.
-> E_updated = -0.003064449625193905.
Orthogonality column 5:
- C leg dimensions: [(1, 5, 5, 25), (25, 5, 5, 30), (30, 5, 5, 30), (30, 5, 5, 30), (30, 5, 5, 30), (30, 5, 5, 30), (30, 5, 5, 30), (30, 5, 5, 30), (30, 5, 5, 30), (30, 5, 5, 25), (25, 5, 5, 1)].
- Lh leg dimensions: [(1, 5, 5, 24), (24, 5, 5, 150), (150, 5, 5, 150), (150, 5, 5, 150), (150, 5, 5, 150), (150, 5, 5, 150), (150, 5, 5, 150), (150, 5, 5, 150), (150, 5, 5, 96), (96, 5, 5, 25), (25, 5, 5, 1)].
- Rh leg dimensions: [(1, 5, 5, 25), (25, 5, 5, 150), (150, 5, 5, 150), (150, 5, 5, 150), (150, 5, 5, 150), (150, 5, 5, 150), (150, 5, 5, 150), (150, 5, 5, 150), (150, 5, 5, 150), (150, 5, 5, 25), (25, 5, 5, 1)].
-> E = <Lh|CC*> + <ALhAL*|CC*|ARhAR*> + <CC*|Rh> = -0.06620931556644025 + -0.054010048720173606 + 0.15925441966732873 = 0.039035055380714875.
- C_updated leg dimensions: [(1, 5, 5, 25), (25, 5, 5, 30), (30, 5, 5, 30), (30, 5, 5, 30), (30, 5, 5, 30), (30, 5, 5, 30), (30, 5, 5, 30), (30, 5, 5, 30), (30, 5, 5, 30), (30, 5, 5, 25), (25, 5, 5, 1)].
- largest Hermiticity error: 3.904131501381507e-08.
- maximal number of matvec operations: 71.
-> E_updated = 0.018112628415594734.
Orthogonality column 4:
- C leg dimensions: [(1, 4, 5, 20), (20, 4, 5, 30), (30, 4, 5, 30), (30, 4, 5, 30), (30, 5, 5, 30), (30, 5, 5, 30), (30, 5, 5, 30), (30, 5, 5, 30), (30, 4, 5, 30), (30, 4, 5, 20), (20, 4, 5, 1)].
- Lh leg dimensions: [(1, 4, 4, 16), (16, 4, 4, 32), (32, 4, 4, 150), (150, 4, 4, 33), (33, 5, 5, 150), (150, 5, 5, 80), (80, 5, 5, 150), (150, 5, 5, 32), (32, 4, 4, 80), (80, 4, 4, 9), (9, 4, 4, 1)].
- Rh leg dimensions: [(1, 5, 5, 25), (25, 5, 5, 150), (150, 5, 5, 150), (150, 5, 5, 150), (150, 5, 5, 150), (150, 5, 5, 150), (150, 5, 5, 150), (150, 5, 5, 150), (150, 5, 5, 150), (150, 5, 5, 25), (25, 5, 5, 1)].
-> E = <Lh|CC*> + <ALhAL*|CC*|ARhAR*> + <CC*|Rh> = -0.010166181188586317 + -0.06411737751336653 + 0.11427519557469204 = 0.039991636872739184.
- C_updated leg dimensions: [(1, 4, 5, 20), (20, 4, 5, 30), (30, 4, 5, 30), (30, 4, 5, 30), (30, 5, 5, 30), (30, 5, 5, 30), (30, 5, 5, 30), (30, 5, 5, 30), (30, 4, 5, 30), (30, 4, 5, 20), (20, 4, 5, 1)].
- largest Hermiticity error: 1.4456463576063709e-08.
- maximal number of matvec operations: 81.
-> E_updated = 0.010144623814258218.
Orthogonality column 3:
- C leg dimensions: [(1, 4, 5, 20), (20, 2, 5, 30), (30, 4, 5, 30), (30, 2, 5, 30), (30, 4, 5, 30), (30, 4, 5, 30), (30, 4, 5, 30), (30, 4, 5, 30), (30, 2, 5, 30), (30, 4, 5, 10), (10, 2, 5, 1)].
- Lh leg dimensions: [(1, 4, 4, 8), (8, 2, 2, 29), (29, 4, 4, 8), (8, 2, 2, 29), (29, 4, 4, 13), (13, 4, 4, 80), (80, 4, 4, 8), (8, 4, 4, 29), (29, 2, 2, 8), (8, 4, 4, 4), (4, 2, 2, 1)].
- Rh leg dimensions: [(1, 5, 5, 25), (25, 5, 5, 150), (150, 5, 5, 150), (150, 5, 5, 150), (150, 5, 5, 150), (150, 5, 5, 150), (150, 5, 5, 150), (150, 5, 5, 150), (150, 5, 5, 150), (150, 5, 5, 25), (25, 5, 5, 1)].
-> E = <Lh|CC*> + <ALhAL*|CC*|ARhAR*> + <CC*|Rh> = 0.07387162795986103 + -0.08499408505223399 + 0.16102631490715294 = 0.14990385781478.
- C_updated leg dimensions: [(1, 4, 5, 20), (20, 2, 5, 30), (30, 4, 5, 30), (30, 2, 5, 30), (30, 4, 5, 30), (30, 4, 5, 30), (30, 4, 5, 30), (30, 4, 5, 30), (30, 2, 5, 30), (30, 4, 5, 10), (10, 2, 5, 1)].
- largest Hermiticity error: 0.00010156331268775238.
- maximal number of matvec operations: 61.
-> E_updated = 0.10858202490867629.
Orthogonality column 2:
- C leg dimensions: [(1, 2, 5, 10), (10, 2, 5, 30), (30, 2, 5, 30), (30, 2, 5, 30), (30, 2, 5, 30), (30, 4, 5, 30), (30, 2, 5, 30), (30, 2, 5, 30), (30, 2, 5, 30), (30, 2, 5, 10), (10, 2, 5, 1)].
- Lh leg dimensions: [(1, 2, 2, 4), (4, 2, 2, 3), (3, 2, 2, 8), (8, 2, 2, 3), (3, 2, 2, 9), (9, 4, 4, 3), (3, 2, 2, 8), (8, 2, 2, 3), (3, 2, 2, 8), (8, 2, 2, 3), (3, 2, 2, 1)].
- Rh leg dimensions: [(1, 5, 5, 25), (25, 5, 5, 150), (150, 5, 5, 150), (150, 5, 5, 150), (150, 5, 5, 150), (150, 5, 5, 150), (150, 5, 5, 150), (150, 5, 5, 150), (150, 5, 5, 150), (150, 5, 5, 25), (25, 5, 5, 1)].
-> E = <Lh|CC*> + <ALhAL*|CC*|ARhAR*> + <CC*|Rh> = 0.21417556463110843 + -0.13872550759993538 + 0.16926456301873827 = 0.24471462004991132.
- C_updated leg dimensions: [(1, 2, 5, 10), (10, 2, 5, 30), (30, 2, 5, 30), (30, 2, 5, 30), (30, 2, 5, 30), (30, 4, 5, 30), (30, 2, 5, 30), (30, 2, 5, 30), (30, 2, 5, 30), (30, 2, 5, 10), (10, 2, 5, 1)].
- largest Hermiticity error: 8.511831326819935e-05.
- maximal number of matvec operations: 61.
-> E_updated = 0.19055987786919815.
Orthogonality column 1:
- C leg dimensions: [(1, 2, 5, 10), (10, 1, 5, 30), (30, 2, 5, 30), (30, 1, 5, 30), (30, 2, 5, 30), (30, 2, 5, 30), (30, 1, 5, 30), (30, 2, 5, 30), (30, 1, 5, 30), (30, 2, 5, 5), (5, 1, 5, 1)].
- Rh leg dimensions: [(1, 5, 5, 25), (25, 5, 5, 150), (150, 5, 5, 150), (150, 5, 5, 150), (150, 5, 5, 150), (150, 5, 5, 150), (150, 5, 5, 150), (150, 5, 5, 150), (150, 5, 5, 150), (150, 5, 5, 25), (25, 5, 5, 1)].
-> E = <Lh|CC*> + <ALhAL*|CC*|ARhAR*> + <CC*|Rh> = None + 0.21503506288781288 + 0.08677987603982819 = 0.30181493892764105.
- C_updated leg dimensions: [(1, 2, 5, 10), (10, 1, 5, 30), (30, 2, 5, 30), (30, 1, 5, 30), (30, 2, 5, 30), (30, 2, 5, 30), (30, 1, 5, 30), (30, 2, 5, 30), (30, 1, 5, 30), (30, 2, 5, 5), (5, 1, 5, 1)].
- largest Hermiticity error: 8.852385951179823e-05.
- maximal number of matvec operations: 51.
-> E_updated = 0.24963699412792006.
Orthogonality column 0:
- C leg dimensions: [(1, 1, 5, 5), (5, 1, 5, 25), (25, 1, 5, 30), (30, 1, 5, 30), (30, 1, 5, 30), (30, 1, 5, 30), (30, 1, 5, 30), (30, 1, 5, 30), (30, 1, 5, 30), (30, 1, 5, 5), (5, 1, 5, 1)].
- Rh leg dimensions: [(1, 5, 5, 25), (25, 5, 5, 150), (150, 5, 5, 150), (150, 5, 5, 150), (150, 5, 5, 150), (150, 5, 5, 150), (150, 5, 5, 150), (150, 5, 5, 150), (150, 5, 5, 150), (150, 5, 5, 25), (25, 5, 5, 1)].
-> E = <Lh|CC*> + <ALhAL*|CC*|ARhAR*> + <CC*|Rh> = None + None + 0.344929443924868 = 0.344929443924868.
- C_updated leg dimensions: [(1, 1, 5, 5), (5, 1, 5, 25), (25, 1, 5, 30), (30, 1, 5, 30), (30, 1, 5, 30), (30, 1, 5, 30), (30, 1, 5, 30), (30, 1, 5, 30), (30, 1, 5, 25), (25, 1, 5, 5), (5, 1, 5, 1)].
- largest Hermiticity error: 5.684896915224111e-05.
- maximal number of matvec operations: 51.
-> E_updated = 0.2746161486292084.
=> <H> - E0 = 0.09063949772473734.

<H>s - E0 = [0.1156563 0.0906395]
