Lx = 6, Ly = 6, g = 3.5, D_max = 4, chi_max_c = 12, chi_max_b = 96. 

E0_exact = -261.32772977. 

es = [-31.45402332 -20.98756699 -20.99372327 -20.99625191 -20.99498321
 -20.99639077 -20.99995425 -20.99934295 -20.99868581 -21.00799746
 -31.49545878].
E = -251.92437872416588.
E - E0 = 9.403351045834142.
subtract energy E0_exact evenly from all columns.


DMRGSquared sweep 1 ...
Orthogonality column 0:
- C leg dimensions: [(1, 1, 4, 4), (4, 1, 4, 12), (12, 1, 4, 12), (12, 1, 4, 12), (12, 1, 4, 12), (12, 1, 4, 12), (12, 1, 4, 12), (12, 1, 4, 12), (12, 1, 4, 12), (12, 1, 4, 4), (4, 1, 4, 1)].
- Rh leg dimensions: [(1, 4, 4, 16), (16, 4, 4, 96), (96, 4, 4, 96), (96, 4, 4, 96), (96, 4, 4, 96), (96, 4, 4, 96), (96, 4, 4, 96), (96, 4, 4, 96), (96, 4, 4, 96), (96, 4, 4, 16), (16, 4, 4, 1)].
-> E = <Lh|CC*> + <ALhAL*|CC*|ARhAR*> + <CC*|Rh> = None + None + -17.171107377557707 = -17.171107377557707.
- C_updated leg dimensions: [(1, 1, 4, 4), (4, 1, 4, 12), (12, 1, 4, 12), (12, 1, 4, 12), (12, 1, 4, 12), (12, 1, 4, 12), (12, 1, 4, 12), (12, 1, 4, 12), (12, 1, 4, 12), (12, 1, 4, 4), (4, 1, 4, 1)].
- largest Hermiticity error: 1.2034188182101407e-06.
- maximal number of matvec operations: 21.
-> E_updated = -18.499758850735535.
Orthogonality column 1:
- C leg dimensions: [(1, 2, 4, 4), (4, 1, 4, 12), (12, 2, 4, 12), (12, 1, 4, 12), (12, 2, 4, 12), (12, 2, 4, 12), (12, 1, 4, 12), (12, 2, 4, 12), (12, 1, 4, 12), (12, 2, 4, 4), (4, 1, 4, 1)].
- Rh leg dimensions: [(1, 4, 4, 16), (16, 4, 4, 96), (96, 4, 4, 96), (96, 4, 4, 96), (96, 4, 4, 96), (96, 4, 4, 96), (96, 4, 4, 96), (96, 4, 4, 96), (96, 4, 4, 96), (96, 4, 4, 16), (16, 4, 4, 1)].
-> E = <Lh|CC*> + <ALhAL*|CC*|ARhAR*> + <CC*|Rh> = None + 1.1051809964088477 + -16.574190258385734 = -15.469009261976886.
- C_updated leg dimensions: [(1, 2, 4, 8), (8, 1, 4, 12), (12, 2, 4, 12), (12, 1, 4, 12), (12, 2, 4, 12), (12, 2, 4, 12), (12, 1, 4, 12), (12, 2, 4, 12), (12, 1, 4, 12), (12, 2, 4, 4), (4, 1, 4, 1)].
- largest Hermiticity error: 2.838129150622857e-06.
- maximal number of matvec operations: 31.
-> E_updated = -15.71209812061504.
Orthogonality column 2:
- C leg dimensions: [(1, 2, 4, 8), (8, 2, 4, 12), (12, 2, 4, 12), (12, 2, 4, 12), (12, 2, 4, 12), (12, 4, 4, 12), (12, 2, 4, 12), (12, 2, 4, 12), (12, 2, 4, 12), (12, 2, 4, 4), (4, 2, 4, 1)].
- Lh leg dimensions: [(1, 2, 2, 4), (4, 2, 2, 3), (3, 2, 2, 8), (8, 2, 2, 3), (3, 2, 2, 9), (9, 4, 4, 3), (3, 2, 2, 8), (8, 2, 2, 3), (3, 2, 2, 8), (8, 2, 2, 3), (3, 2, 2, 1)].
- Rh leg dimensions: [(1, 4, 4, 16), (16, 4, 4, 96), (96, 4, 4, 96), (96, 4, 4, 96), (96, 4, 4, 96), (96, 4, 4, 96), (96, 4, 4, 96), (96, 4, 4, 96), (96, 4, 4, 96), (96, 4, 4, 16), (16, 4, 4, 1)].
-> E = <Lh|CC*> + <ALhAL*|CC*|ARhAR*> + <CC*|Rh> = 0.9889010539228306 + 0.7492538699740404 + -13.035370595633363 = -11.297215671736492.
- C_updated leg dimensions: [(1, 2, 4, 8), (8, 2, 4, 12), (12, 2, 4, 12), (12, 2, 4, 12), (12, 2, 4, 12), (12, 4, 4, 12), (12, 2, 4, 12), (12, 2, 4, 12), (12, 2, 4, 12), (12, 2, 4, 8), (8, 2, 4, 1)].
- largest Hermiticity error: 1.376487291604831e-08.
- maximal number of matvec operations: 51.
-> E_updated = -12.276668151977345.
Orthogonality column 3:
- C leg dimensions: [(1, 4, 4, 8), (8, 2, 4, 12), (12, 4, 4, 12), (12, 2, 4, 12), (12, 4, 4, 12), (12, 4, 4, 12), (12, 4, 4, 12), (12, 4, 4, 12), (12, 2, 4, 12), (12, 4, 4, 8), (8, 2, 4, 1)].
- Lh leg dimensions: [(1, 4, 4, 8), (8, 2, 2, 29), (29, 4, 4, 8), (8, 2, 2, 29), (29, 4, 4, 13), (13, 4, 4, 80), (80, 4, 4, 8), (8, 4, 4, 29), (29, 2, 2, 8), (8, 4, 4, 4), (4, 2, 2, 1)].
- Rh leg dimensions: [(1, 4, 4, 16), (16, 4, 4, 96), (96, 4, 4, 96), (96, 4, 4, 96), (96, 4, 4, 96), (96, 4, 4, 96), (96, 4, 4, 96), (96, 4, 4, 96), (96, 4, 4, 96), (96, 4, 4, 16), (16, 4, 4, 1)].
-> E = <Lh|CC*> + <ALhAL*|CC*|ARhAR*> + <CC*|Rh> = 0.9217592925161572 + 0.7492736890983559 + -10.916086268491945 = -9.245053286877432.
- C_updated leg dimensions: [(1, 4, 4, 12), (12, 2, 4, 12), (12, 4, 4, 12), (12, 2, 4, 12), (12, 4, 4, 12), (12, 4, 4, 12), (12, 4, 4, 12), (12, 4, 4, 12), (12, 2, 4, 12), (12, 4, 4, 8), (8, 2, 4, 1)].
- largest Hermiticity error: 5.5803932515762206e-08.
- maximal number of matvec operations: 61.
-> E_updated = -10.194723004016085.
Orthogonality column 4:
- C leg dimensions: [(1, 4, 4, 12), (12, 4, 4, 12), (12, 4, 4, 12), (12, 4, 4, 12), (12, 4, 4, 12), (12, 4, 4, 12), (12, 4, 4, 12), (12, 4, 4, 12), (12, 4, 4, 12), (12, 4, 4, 8), (8, 4, 4, 1)].
- Lh leg dimensions: [(1, 4, 4, 16), (16, 4, 4, 32), (32, 4, 4, 96), (96, 4, 4, 33), (33, 4, 4, 96), (96, 4, 4, 80), (80, 4, 4, 96), (96, 4, 4, 33), (33, 4, 4, 80), (80, 4, 4, 9), (9, 4, 4, 1)].
- Rh leg dimensions: [(1, 4, 4, 16), (16, 4, 4, 96), (96, 4, 4, 96), (96, 4, 4, 96), (96, 4, 4, 96), (96, 4, 4, 96), (96, 4, 4, 96), (96, 4, 4, 96), (96, 4, 4, 96), (96, 4, 4, 16), (16, 4, 4, 1)].
-> E = <Lh|CC*> + <ALhAL*|CC*|ARhAR*> + <CC*|Rh> = 0.8768859510380949 + 0.7651874954558129 + -5.231305658850912 = -3.589232212357005.
- C_updated leg dimensions: [(1, 4, 4, 12), (12, 4, 4, 12), (12, 4, 4, 12), (12, 4, 4, 12), (12, 4, 4, 12), (12, 4, 4, 12), (12, 4, 4, 12), (12, 4, 4, 12), (12, 4, 4, 12), (12, 4, 4, 12), (12, 4, 4, 1)].
- largest Hermiticity error: 7.744011021500515e-09.
- maximal number of matvec operations: 61.
-> E_updated = -4.508149055918605.
Orthogonality column 5:
- C leg dimensions: [(1, 4, 4, 12), (12, 4, 4, 12), (12, 4, 4, 12), (12, 4, 4, 12), (12, 4, 4, 12), (12, 4, 4, 12), (12, 4, 4, 12), (12, 4, 4, 12), (12, 4, 4, 12), (12, 4, 4, 12), (12, 4, 4, 1)].
- Lh leg dimensions: [(1, 4, 4, 16), (16, 4, 4, 96), (96, 4, 4, 96), (96, 4, 4, 96), (96, 4, 4, 96), (96, 4, 4, 96), (96, 4, 4, 96), (96, 4, 4, 96), (96, 4, 4, 96), (96, 4, 4, 16), (16, 4, 4, 1)].
- Rh leg dimensions: [(1, 4, 4, 16), (16, 4, 4, 96), (96, 4, 4, 96), (96, 4, 4, 96), (96, 4, 4, 96), (96, 4, 4, 96), (96, 4, 4, 96), (96, 4, 4, 96), (96, 4, 4, 96), (96, 4, 4, 16), (16, 4, 4, 1)].
-> E = <Lh|CC*> + <ALhAL*|CC*|ARhAR*> + <CC*|Rh> = 0.8746695405726655 + 0.7565062759531546 + -0.5299479569385708 = 1.1012278595872493.
- C_updated leg dimensions: [(1, 4, 4, 12), (12, 4, 4, 12), (12, 4, 4, 12), (12, 4, 4, 12), (12, 4, 4, 12), (12, 4, 4, 12), (12, 4, 4, 12), (12, 4, 4, 12), (12, 4, 4, 12), (12, 4, 4, 12), (12, 4, 4, 1)].
- largest Hermiticity error: 4.139443226282102e-09.
- maximal number of matvec operations: 71.
-> E_updated = 0.35144316240776363.
Orthogonality column 6:
- C leg dimensions: [(1, 4, 4, 12), (12, 4, 4, 12), (12, 4, 4, 12), (12, 4, 4, 12), (12, 4, 4, 12), (12, 4, 4, 12), (12, 4, 4, 12), (12, 4, 4, 12), (12, 4, 4, 12), (12, 4, 4, 12), (12, 4, 4, 1)].
- Lh leg dimensions: [(1, 4, 4, 16), (16, 4, 4, 96), (96, 4, 4, 96), (96, 4, 4, 96), (96, 4, 4, 96), (96, 4, 4, 96), (96, 4, 4, 96), (96, 4, 4, 96), (96, 4, 4, 96), (96, 4, 4, 16), (16, 4, 4, 1)].
- Rh leg dimensions: [(1, 4, 4, 16), (16, 4, 4, 96), (96, 4, 4, 96), (96, 4, 4, 96), (96, 4, 4, 96), (96, 4, 4, 96), (96, 4, 4, 96), (96, 4, 4, 96), (96, 4, 4, 96), (96, 4, 4, 16), (16, 4, 4, 1)].
-> E = <Lh|CC*> + <ALhAL*|CC*|ARhAR*> + <CC*|Rh> = 0.9558332351940679 + 0.7602321237685898 + 1.525450883658136 = 3.2415162426207935.
- C_updated leg dimensions: [(1, 4, 4, 12), (12, 4, 4, 12), (12, 4, 4, 12), (12, 4, 4, 12), (12, 4, 4, 12), (12, 4, 4, 12), (12, 4, 4, 12), (12, 4, 4, 12), (12, 4, 4, 12), (12, 4, 4, 12), (12, 4, 4, 1)].
- largest Hermiticity error: 2.6207394460151596e-09.
- maximal number of matvec operations: 51.
-> E_updated = 2.5346132689105016.
Orthogonality column 7:
- C leg dimensions: [(1, 4, 4, 12), (12, 4, 4, 12), (12, 4, 4, 12), (12, 4, 4, 12), (12, 4, 4, 12), (12, 4, 4, 12), (12, 4, 4, 12), (12, 4, 4, 12), (12, 4, 4, 12), (12, 4, 4, 12), (12, 4, 4, 1)].
- Lh leg dimensions: [(1, 4, 4, 16), (16, 4, 4, 96), (96, 4, 4, 96), (96, 4, 4, 96), (96, 4, 4, 96), (96, 4, 4, 96), (96, 4, 4, 96), (96, 4, 4, 96), (96, 4, 4, 96), (96, 4, 4, 16), (16, 4, 4, 1)].
- Rh leg dimensions: [(1, 4, 4, 16), (16, 4, 4, 96), (96, 4, 4, 96), (96, 4, 4, 96), (96, 4, 4, 96), (96, 4, 4, 96), (96, 4, 4, 96), (96, 4, 4, 96), (96, 4, 4, 96), (96, 4, 4, 16), (16, 4, 4, 1)].
-> E = <Lh|CC*> + <ALhAL*|CC*|ARhAR*> + <CC*|Rh> = 1.2989738652485099 + 0.7472615669393128 + 3.0412365816664466 = 5.087472013854269.
- C_updated leg dimensions: [(1, 4, 4, 12), (12, 4, 4, 12), (12, 4, 4, 12), (12, 4, 4, 12), (12, 4, 4, 12), (12, 4, 4, 12), (12, 4, 4, 12), (12, 4, 4, 12), (12, 4, 4, 12), (12, 4, 4, 12), (12, 4, 4, 1)].
- largest Hermiticity error: 2.9420404640649635e-08.
- maximal number of matvec operations: 51.
-> E_updated = 4.339912841890395.
Orthogonality column 8:
- C leg dimensions: [(1, 4, 4, 12), (12, 4, 4, 12), (12, 4, 4, 12), (12, 4, 4, 12), (12, 4, 4, 12), (12, 4, 4, 12), (12, 4, 4, 12), (12, 4, 4, 12), (12, 4, 4, 12), (12, 4, 4, 12), (12, 4, 4, 1)].
- Lh leg dimensions: [(1, 4, 4, 16), (16, 4, 4, 96), (96, 4, 4, 96), (96, 4, 4, 96), (96, 4, 4, 96), (96, 4, 4, 96), (96, 4, 4, 96), (96, 4, 4, 96), (96, 4, 4, 96), (96, 4, 4, 16), (16, 4, 4, 1)].
- Rh leg dimensions: [(1, 4, 4, 9), (9, 4, 4, 80), (80, 4, 4, 32), (32, 4, 4, 96), (96, 4, 4, 32), (32, 4, 4, 96), (96, 4, 4, 32), (32, 4, 4, 96), (96, 4, 4, 32), (32, 4, 4, 16), (16, 4, 4, 1)].
-> E = <Lh|CC*> + <ALhAL*|CC*|ARhAR*> + <CC*|Rh> = 1.5978466113638055 + 0.6149672378701068 + 2.72828149069339 = 4.941095339927302.
- C_updated leg dimensions: [(1, 4, 4, 12), (12, 4, 4, 12), (12, 4, 4, 12), (12, 4, 4, 12), (12, 4, 4, 12), (12, 4, 4, 12), (12, 4, 4, 12), (12, 4, 4, 12), (12, 4, 4, 12), (12, 4, 4, 12), (12, 4, 4, 1)].
- largest Hermiticity error: 2.3171739785903942e-05.
- maximal number of matvec operations: 51.
-> E_updated = 2.621095195082803.
Orthogonality column 9:
- C leg dimensions: [(1, 4, 2, 12), (12, 4, 4, 12), (12, 4, 2, 12), (12, 4, 4, 12), (12, 4, 2, 12), (12, 4, 4, 12), (12, 4, 2, 12), (12, 4, 4, 12), (12, 4, 2, 12), (12, 4, 4, 12), (12, 4, 4, 1)].
- Lh leg dimensions: [(1, 4, 4, 16), (16, 4, 4, 96), (96, 4, 4, 96), (96, 4, 4, 96), (96, 4, 4, 96), (96, 4, 4, 96), (96, 4, 4, 96), (96, 4, 4, 96), (96, 4, 4, 96), (96, 4, 4, 16), (16, 4, 4, 1)].
- Rh leg dimensions: [(1, 2, 2, 4), (4, 4, 4, 8), (8, 2, 2, 29), (29, 4, 4, 8), (8, 2, 2, 29), (29, 4, 4, 8), (8, 2, 2, 29), (29, 4, 4, 8), (8, 2, 2, 29), (29, 4, 4, 13), (13, 4, 4, 1)].
-> E = <Lh|CC*> + <ALhAL*|CC*|ARhAR*> + <CC*|Rh> = 1.7088287540769254 + 0.08434150911204646 + 0.9566847898678382 = 2.74985505305681.
- C_updated leg dimensions: [(1, 4, 2, 8), (8, 4, 4, 12), (12, 4, 2, 12), (12, 4, 4, 12), (12, 4, 2, 12), (12, 4, 4, 12), (12, 4, 2, 12), (12, 4, 4, 12), (12, 4, 2, 12), (12, 4, 4, 12), (12, 4, 4, 1)].
- largest Hermiticity error: 1.4313770417740767e-05.
- maximal number of matvec operations: 51.
-> E_updated = 2.139471753113985.
Orthogonality column 10:
- C leg dimensions: [(1, 4, 2, 8), (8, 4, 2, 12), (12, 4, 2, 12), (12, 4, 2, 12), (12, 4, 2, 12), (12, 4, 2, 12), (12, 4, 2, 12), (12, 4, 2, 12), (12, 4, 2, 12), (12, 4, 2, 12), (12, 4, 4, 1)].
- Lh leg dimensions: [(1, 4, 4, 16), (16, 4, 4, 96), (96, 4, 4, 96), (96, 4, 4, 96), (96, 4, 4, 96), (96, 4, 4, 96), (96, 4, 4, 96), (96, 4, 4, 96), (96, 4, 4, 96), (96, 4, 4, 16), (16, 4, 4, 1)].
- Rh leg dimensions: [(1, 2, 2, 3), (3, 2, 2, 8), (8, 2, 2, 3), (3, 2, 2, 8), (8, 2, 2, 3), (3, 2, 2, 8), (8, 2, 2, 3), (3, 2, 2, 8), (8, 2, 2, 3), (3, 2, 2, 9), (9, 4, 4, 1)].
-> E = <Lh|CC*> + <ALhAL*|CC*|ARhAR*> + <CC*|Rh> = 1.7085765349634496 + -0.02201611036445623 + 0.5455763027822707 = 2.2321367273812642.
- C_updated leg dimensions: [(1, 4, 2, 8), (8, 4, 2, 12), (12, 4, 2, 12), (12, 4, 2, 12), (12, 4, 2, 12), (12, 4, 2, 12), (12, 4, 2, 12), (12, 4, 2, 12), (12, 4, 2, 12), (12, 4, 2, 12), (12, 4, 4, 1)].
- largest Hermiticity error: 0.0002815927429585537.
- maximal number of matvec operations: 41.
-> E_updated = 1.909059243480697.
Orthogonality column 11:
- C leg dimensions: [(1, 4, 1, 8), (8, 4, 2, 12), (12, 4, 1, 12), (12, 4, 2, 12), (12, 4, 1, 12), (12, 4, 2, 12), (12, 4, 1, 12), (12, 4, 2, 12), (12, 4, 1, 12), (12, 4, 2, 8), (8, 4, 2, 1)].
- Lh leg dimensions: [(1, 4, 4, 16), (16, 4, 4, 96), (96, 4, 4, 96), (96, 4, 4, 96), (96, 4, 4, 96), (96, 4, 4, 96), (96, 4, 4, 96), (96, 4, 4, 96), (96, 4, 4, 96), (96, 4, 4, 16), (16, 4, 4, 1)].
-> E = <Lh|CC*> + <ALhAL*|CC*|ARhAR*> + <CC*|Rh> = 1.598450136525217 + 0.38468075449248224 + None = 1.9831308910176992.
- C_updated leg dimensions: [(1, 4, 1, 4), (4, 4, 2, 12), (12, 4, 1, 12), (12, 4, 2, 12), (12, 4, 1, 12), (12, 4, 2, 12), (12, 4, 1, 12), (12, 4, 2, 12), (12, 4, 1, 12), (12, 4, 2, 8), (8, 4, 2, 1)].
- largest Hermiticity error: 0.0002645369908840497.
- maximal number of matvec operations: 41.
-> E_updated = 1.918877129741694.
Orthogonality column 12:
- C leg dimensions: [(1, 3, 1, 3), (3, 4, 1, 12), (12, 4, 1, 12), (12, 4, 1, 12), (12, 4, 1, 12), (12, 4, 1, 12), (12, 4, 1, 12), (12, 4, 1, 12), (12, 4, 1, 12), (12, 4, 1, 8), (8, 4, 1, 1)].
- Lh leg dimensions: [(1, 3, 3, 9), (9, 4, 4, 96), (96, 4, 4, 96), (96, 4, 4, 96), (96, 4, 4, 96), (96, 4, 4, 96), (96, 4, 4, 96), (96, 4, 4, 96), (96, 4, 4, 96), (96, 4, 4, 16), (16, 4, 4, 1)].
-> E = <Lh|CC*> + <ALhAL*|CC*|ARhAR*> + <CC*|Rh> = 2.0637344718190547 + None + None = 2.0637344718190547.
- C_updated leg dimensions: [(1, 3, 1, 3), (3, 4, 1, 12), (12, 4, 1, 12), (12, 4, 1, 12), (12, 4, 1, 12), (12, 4, 1, 12), (12, 4, 1, 12), (12, 4, 1, 12), (12, 4, 1, 12), (12, 4, 1, 4), (4, 4, 1, 1)].
- largest Hermiticity error: 0.00031363520555318655.
- maximal number of matvec operations: 41.
-> E_updated = 2.0118647723102208.
Orthogonality column 11:
- C leg dimensions: [(1, 4, 1, 4), (4, 4, 2, 12), (12, 4, 1, 12), (12, 4, 2, 12), (12, 4, 1, 12), (12, 4, 2, 12), (12, 4, 2, 12), (12, 4, 1, 12), (12, 4, 2, 12), (12, 4, 1, 4), (4, 4, 2, 1)].
- Lh leg dimensions: [(1, 4, 4, 16), (16, 4, 4, 96), (96, 4, 4, 96), (96, 4, 4, 96), (96, 4, 4, 96), (96, 4, 4, 96), (96, 4, 4, 96), (96, 4, 4, 96), (96, 4, 4, 96), (96, 4, 4, 16), (16, 4, 4, 1)].
-> E = <Lh|CC*> + <ALhAL*|CC*|ARhAR*> + <CC*|Rh> = 1.5969008046689785 + 0.38392468836459265 + None = 1.9808254930335711.
- C_updated leg dimensions: [(1, 4, 1, 4), (4, 4, 2, 12), (12, 4, 1, 12), (12, 4, 2, 12), (12, 4, 1, 12), (12, 4, 2, 12), (12, 4, 2, 12), (12, 4, 1, 12), (12, 4, 2, 12), (12, 4, 1, 8), (8, 4, 2, 1)].
- largest Hermiticity error: 0.00038521412800606136.
- maximal number of matvec operations: 41.
-> E_updated = 1.9189868004408708.
Orthogonality column 10:
- C leg dimensions: [(1, 4, 2, 4), (4, 4, 2, 12), (12, 4, 2, 12), (12, 4, 2, 12), (12, 4, 2, 12), (12, 4, 4, 12), (12, 4, 2, 12), (12, 4, 2, 12), (12, 4, 2, 12), (12, 4, 2, 8), (8, 4, 2, 1)].
- Lh leg dimensions: [(1, 4, 4, 16), (16, 4, 4, 96), (96, 4, 4, 96), (96, 4, 4, 96), (96, 4, 4, 96), (96, 4, 4, 96), (96, 4, 4, 96), (96, 4, 4, 96), (96, 4, 4, 96), (96, 4, 4, 16), (16, 4, 4, 1)].
- Rh leg dimensions: [(1, 2, 2, 3), (3, 2, 2, 8), (8, 2, 2, 3), (3, 2, 2, 8), (8, 2, 2, 3), (3, 4, 4, 9), (9, 2, 2, 3), (3, 2, 2, 8), (8, 2, 2, 3), (3, 2, 2, 4), (4, 2, 2, 1)].
-> E = <Lh|CC*> + <ALhAL*|CC*|ARhAR*> + <CC*|Rh> = 1.6840537653682008 + -0.08285614855893074 + 0.37933111807827496 = 1.980528734887545.
- C_updated leg dimensions: [(1, 4, 2, 8), (8, 4, 2, 12), (12, 4, 2, 12), (12, 4, 2, 12), (12, 4, 2, 12), (12, 4, 4, 12), (12, 4, 2, 12), (12, 4, 2, 12), (12, 4, 2, 12), (12, 4, 2, 8), (8, 4, 2, 1)].
- largest Hermiticity error: 0.0003037754750105911.
- maximal number of matvec operations: 41.
-> E_updated = 1.8962446733353953.
Orthogonality column 9:
- C leg dimensions: [(1, 4, 2, 8), (8, 4, 4, 12), (12, 4, 2, 12), (12, 4, 4, 12), (12, 4, 4, 12), (12, 4, 4, 12), (12, 4, 4, 12), (12, 4, 2, 12), (12, 4, 4, 12), (12, 4, 2, 8), (8, 4, 4, 1)].
- Lh leg dimensions: [(1, 4, 4, 16), (16, 4, 4, 96), (96, 4, 4, 96), (96, 4, 4, 96), (96, 4, 4, 96), (96, 4, 4, 96), (96, 4, 4, 96), (96, 4, 4, 96), (96, 4, 4, 96), (96, 4, 4, 16), (16, 4, 4, 1)].
- Rh leg dimensions: [(1, 2, 2, 4), (4, 4, 4, 8), (8, 2, 2, 29), (29, 4, 4, 8), (8, 4, 4, 80), (80, 4, 4, 13), (13, 4, 4, 29), (29, 2, 2, 8), (8, 4, 4, 29), (29, 2, 2, 8), (8, 4, 4, 1)].
-> E = <Lh|CC*> + <ALhAL*|CC*|ARhAR*> + <CC*|Rh> = 1.6657632204383903 + -0.09103901171591684 + 0.29511454617798905 = 1.8698387549004627.
- C_updated leg dimensions: [(1, 4, 2, 8), (8, 4, 4, 12), (12, 4, 2, 12), (12, 4, 4, 12), (12, 4, 4, 12), (12, 4, 4, 12), (12, 4, 4, 12), (12, 4, 2, 12), (12, 4, 4, 12), (12, 4, 2, 12), (12, 4, 4, 1)].
- largest Hermiticity error: 1.4747041558574085e-05.
- maximal number of matvec operations: 51.
-> E_updated = 1.7800634590019764.
Orthogonality column 8:
- C leg dimensions: [(1, 4, 4, 8), (8, 4, 4, 12), (12, 4, 4, 12), (12, 4, 4, 12), (12, 4, 4, 12), (12, 4, 4, 12), (12, 4, 4, 12), (12, 4, 4, 12), (12, 4, 4, 12), (12, 4, 4, 12), (12, 4, 4, 1)].
- Lh leg dimensions: [(1, 4, 4, 16), (16, 4, 4, 96), (96, 4, 4, 96), (96, 4, 4, 96), (96, 4, 4, 96), (96, 4, 4, 96), (96, 4, 4, 96), (96, 4, 4, 96), (96, 4, 4, 96), (96, 4, 4, 16), (16, 4, 4, 1)].
- Rh leg dimensions: [(1, 4, 4, 9), (9, 4, 4, 80), (80, 4, 4, 32), (32, 4, 4, 96), (96, 4, 4, 80), (80, 4, 4, 96), (96, 4, 4, 32), (32, 4, 4, 96), (96, 4, 4, 32), (32, 4, 4, 16), (16, 4, 4, 1)].
-> E = <Lh|CC*> + <ALhAL*|CC*|ARhAR*> + <CC*|Rh> = 1.5607822801659708 + -0.02119940727679309 + 0.19192048048024457 = 1.7315033533694222.
- C_updated leg dimensions: [(1, 4, 4, 12), (12, 4, 4, 12), (12, 4, 4, 12), (12, 4, 4, 12), (12, 4, 4, 12), (12, 4, 4, 12), (12, 4, 4, 12), (12, 4, 4, 12), (12, 4, 4, 12), (12, 4, 4, 12), (12, 4, 4, 1)].
- largest Hermiticity error: 2.1633490971727667e-05.
- maximal number of matvec operations: 51.
-> E_updated = 1.47075244636381.
Orthogonality column 7:
- C leg dimensions: [(1, 4, 4, 12), (12, 4, 4, 12), (12, 4, 4, 12), (12, 4, 4, 12), (12, 4, 4, 12), (12, 4, 4, 12), (12, 4, 4, 12), (12, 4, 4, 12), (12, 4, 4, 12), (12, 4, 4, 12), (12, 4, 4, 1)].
- Lh leg dimensions: [(1, 4, 4, 16), (16, 4, 4, 96), (96, 4, 4, 96), (96, 4, 4, 96), (96, 4, 4, 96), (96, 4, 4, 96), (96, 4, 4, 96), (96, 4, 4, 96), (96, 4, 4, 96), (96, 4, 4, 16), (16, 4, 4, 1)].
- Rh leg dimensions: [(1, 4, 4, 16), (16, 4, 4, 96), (96, 4, 4, 96), (96, 4, 4, 96), (96, 4, 4, 96), (96, 4, 4, 96), (96, 4, 4, 96), (96, 4, 4, 96), (96, 4, 4, 96), (96, 4, 4, 16), (16, 4, 4, 1)].
-> E = <Lh|CC*> + <ALhAL*|CC*|ARhAR*> + <CC*|Rh> = 1.0844374086147446 + 0.2697695774381106 + 0.17421345609924274 = 1.528420442152098.
- C_updated leg dimensions: [(1, 4, 4, 12), (12, 4, 4, 12), (12, 4, 4, 12), (12, 4, 4, 12), (12, 4, 4, 12), (12, 4, 4, 12), (12, 4, 4, 12), (12, 4, 4, 12), (12, 4, 4, 12), (12, 4, 4, 12), (12, 4, 4, 1)].
- largest Hermiticity error: 4.7260020270927856e-08.
- maximal number of matvec operations: 51.
-> E_updated = 1.155723363058728.
Orthogonality column 6:
- C leg dimensions: [(1, 4, 4, 12), (12, 4, 4, 12), (12, 4, 4, 12), (12, 4, 4, 12), (12, 4, 4, 12), (12, 4, 4, 12), (12, 4, 4, 12), (12, 4, 4, 12), (12, 4, 4, 12), (12, 4, 4, 12), (12, 4, 4, 1)].
- Lh leg dimensions: [(1, 4, 4, 16), (16, 4, 4, 96), (96, 4, 4, 96), (96, 4, 4, 96), (96, 4, 4, 96), (96, 4, 4, 96), (96, 4, 4, 96), (96, 4, 4, 96), (96, 4, 4, 96), (96, 4, 4, 16), (16, 4, 4, 1)].
- Rh leg dimensions: [(1, 4, 4, 16), (16, 4, 4, 96), (96, 4, 4, 96), (96, 4, 4, 96), (96, 4, 4, 96), (96, 4, 4, 96), (96, 4, 4, 96), (96, 4, 4, 96), (96, 4, 4, 96), (96, 4, 4, 16), (16, 4, 4, 1)].
-> E = <Lh|CC*> + <ALhAL*|CC*|ARhAR*> + <CC*|Rh> = 0.7102246332176932 + 0.24617393842247978 + 0.13751233378036415 = 1.0939109054205371.
- C_updated leg dimensions: [(1, 4, 4, 12), (12, 4, 4, 12), (12, 4, 4, 12), (12, 4, 4, 12), (12, 4, 4, 12), (12, 4, 4, 12), (12, 4, 4, 12), (12, 4, 4, 12), (12, 4, 4, 12), (12, 4, 4, 12), (12, 4, 4, 1)].
- largest Hermiticity error: 1.640495616155359e-10.
- maximal number of matvec operations: 51.
-> E_updated = 0.6956510411770531.
Orthogonality column 5:
- C leg dimensions: [(1, 4, 4, 12), (12, 4, 4, 12), (12, 4, 4, 12), (12, 4, 4, 12), (12, 4, 4, 12), (12, 4, 4, 12), (12, 4, 4, 12), (12, 4, 4, 12), (12, 4, 4, 12), (12, 4, 4, 12), (12, 4, 4, 1)].
- Lh leg dimensions: [(1, 4, 4, 16), (16, 4, 4, 96), (96, 4, 4, 96), (96, 4, 4, 96), (96, 4, 4, 96), (96, 4, 4, 96), (96, 4, 4, 96), (96, 4, 4, 96), (96, 4, 4, 96), (96, 4, 4, 16), (16, 4, 4, 1)].
- Rh leg dimensions: [(1, 4, 4, 16), (16, 4, 4, 96), (96, 4, 4, 96), (96, 4, 4, 96), (96, 4, 4, 96), (96, 4, 4, 96), (96, 4, 4, 96), (96, 4, 4, 96), (96, 4, 4, 96), (96, 4, 4, 16), (16, 4, 4, 1)].
-> E = <Lh|CC*> + <ALhAL*|CC*|ARhAR*> + <CC*|Rh> = 0.45950548742507835 + 0.20119046437260382 + 0.07805521680836677 = 0.738751168606049.
- C_updated leg dimensions: [(1, 4, 4, 12), (12, 4, 4, 12), (12, 4, 4, 12), (12, 4, 4, 12), (12, 4, 4, 12), (12, 4, 4, 12), (12, 4, 4, 12), (12, 4, 4, 12), (12, 4, 4, 12), (12, 4, 4, 12), (12, 4, 4, 1)].
- largest Hermiticity error: 6.523796049074853e-10.
- maximal number of matvec operations: 51.
-> E_updated = 0.3909762621640533.
Orthogonality column 4:
- C leg dimensions: [(1, 4, 4, 12), (12, 4, 4, 12), (12, 4, 4, 12), (12, 4, 4, 12), (12, 4, 4, 12), (12, 4, 4, 12), (12, 4, 4, 12), (12, 4, 4, 12), (12, 4, 4, 12), (12, 4, 4, 12), (12, 4, 4, 1)].
- Lh leg dimensions: [(1, 4, 4, 16), (16, 4, 4, 32), (32, 4, 4, 96), (96, 4, 4, 33), (33, 4, 4, 96), (96, 4, 4, 80), (80, 4, 4, 96), (96, 4, 4, 33), (33, 4, 4, 80), (80, 4, 4, 9), (9, 4, 4, 1)].
- Rh leg dimensions: [(1, 4, 4, 16), (16, 4, 4, 96), (96, 4, 4, 96), (96, 4, 4, 96), (96, 4, 4, 96), (96, 4, 4, 96), (96, 4, 4, 96), (96, 4, 4, 96), (96, 4, 4, 96), (96, 4, 4, 16), (16, 4, 4, 1)].
-> E = <Lh|CC*> + <ALhAL*|CC*|ARhAR*> + <CC*|Rh> = 0.2175706451557662 + 0.16664547637372001 + -0.04120464957405956 = 0.3430114719554267.
- C_updated leg dimensions: [(1, 4, 4, 12), (12, 4, 4, 12), (12, 4, 4, 12), (12, 4, 4, 12), (12, 4, 4, 12), (12, 4, 4, 12), (12, 4, 4, 12), (12, 4, 4, 12), (12, 4, 4, 12), (12, 4, 4, 12), (12, 4, 4, 1)].
- largest Hermiticity error: 7.018491009340129e-10.
- maximal number of matvec operations: 61.
-> E_updated = 0.09938081265097654.
Orthogonality column 3:
- C leg dimensions: [(1, 4, 4, 12), (12, 2, 4, 12), (12, 4, 4, 12), (12, 2, 4, 12), (12, 4, 4, 12), (12, 4, 4, 12), (12, 4, 4, 12), (12, 4, 4, 12), (12, 2, 4, 12), (12, 4, 4, 8), (8, 2, 4, 1)].
- Lh leg dimensions: [(1, 4, 4, 8), (8, 2, 2, 29), (29, 4, 4, 8), (8, 2, 2, 29), (29, 4, 4, 13), (13, 4, 4, 80), (80, 4, 4, 8), (8, 4, 4, 29), (29, 2, 2, 8), (8, 4, 4, 4), (4, 2, 2, 1)].
- Rh leg dimensions: [(1, 4, 4, 16), (16, 4, 4, 96), (96, 4, 4, 96), (96, 4, 4, 96), (96, 4, 4, 96), (96, 4, 4, 96), (96, 4, 4, 96), (96, 4, 4, 96), (96, 4, 4, 96), (96, 4, 4, 16), (16, 4, 4, 1)].
-> E = <Lh|CC*> + <ALhAL*|CC*|ARhAR*> + <CC*|Rh> = 0.2479923110595389 + -0.06373630913352947 + -0.08072314065577495 = 0.10353286127023449.
- C_updated leg dimensions: [(1, 4, 4, 12), (12, 2, 4, 12), (12, 4, 4, 12), (12, 2, 4, 12), (12, 4, 4, 12), (12, 4, 4, 12), (12, 4, 4, 12), (12, 4, 4, 12), (12, 2, 4, 12), (12, 4, 4, 8), (8, 2, 4, 1)].
- largest Hermiticity error: 4.031368781540464e-10.
- maximal number of matvec operations: 61.
-> E_updated = 0.07718631086675481.
Orthogonality column 2:
- C leg dimensions: [(1, 2, 4, 8), (8, 2, 4, 12), (12, 2, 4, 12), (12, 2, 4, 12), (12, 2, 4, 12), (12, 4, 4, 12), (12, 2, 4, 12), (12, 2, 4, 12), (12, 2, 4, 12), (12, 2, 4, 8), (8, 2, 4, 1)].
- Lh leg dimensions: [(1, 2, 2, 4), (4, 2, 2, 3), (3, 2, 2, 8), (8, 2, 2, 3), (3, 2, 2, 9), (9, 4, 4, 3), (3, 2, 2, 8), (8, 2, 2, 3), (3, 2, 2, 8), (8, 2, 2, 3), (3, 2, 2, 1)].
- Rh leg dimensions: [(1, 4, 4, 16), (16, 4, 4, 96), (96, 4, 4, 96), (96, 4, 4, 96), (96, 4, 4, 96), (96, 4, 4, 96), (96, 4, 4, 96), (96, 4, 4, 96), (96, 4, 4, 96), (96, 4, 4, 16), (16, 4, 4, 1)].
-> E = <Lh|CC*> + <ALhAL*|CC*|ARhAR*> + <CC*|Rh> = 0.3421749350024622 + -0.10420337844369812 + -0.1414081796667824 = 0.09656337689198169.
- C_updated leg dimensions: [(1, 2, 4, 8), (8, 2, 4, 12), (12, 2, 4, 12), (12, 2, 4, 12), (12, 2, 4, 12), (12, 4, 4, 12), (12, 2, 4, 12), (12, 2, 4, 12), (12, 2, 4, 12), (12, 2, 4, 8), (8, 2, 4, 1)].
- largest Hermiticity error: 4.4883359725829725e-10.
- maximal number of matvec operations: 51.
-> E_updated = 0.08722922551595585.
Orthogonality column 1:
- C leg dimensions: [(1, 2, 4, 8), (8, 1, 4, 12), (12, 2, 4, 12), (12, 1, 4, 12), (12, 2, 4, 12), (12, 2, 4, 12), (12, 1, 4, 12), (12, 2, 4, 12), (12, 1, 4, 12), (12, 2, 4, 4), (4, 1, 4, 1)].
- Rh leg dimensions: [(1, 4, 4, 16), (16, 4, 4, 96), (96, 4, 4, 96), (96, 4, 4, 96), (96, 4, 4, 96), (96, 4, 4, 96), (96, 4, 4, 96), (96, 4, 4, 96), (96, 4, 4, 96), (96, 4, 4, 16), (16, 4, 4, 1)].
-> E = <Lh|CC*> + <ALhAL*|CC*|ARhAR*> + <CC*|Rh> = None + 0.34288109814491013 + -0.2670300464954428 = 0.07585105164946732.
- C_updated leg dimensions: [(1, 2, 4, 8), (8, 1, 4, 12), (12, 2, 4, 12), (12, 1, 4, 12), (12, 2, 4, 12), (12, 2, 4, 12), (12, 1, 4, 12), (12, 2, 4, 12), (12, 1, 4, 12), (12, 2, 4, 4), (4, 1, 4, 1)].
- largest Hermiticity error: 2.8186288343287436e-08.
- maximal number of matvec operations: 51.
-> E_updated = 0.058398954207219786.
Orthogonality column 0:
- C leg dimensions: [(1, 1, 4, 4), (4, 1, 4, 12), (12, 1, 4, 12), (12, 1, 4, 12), (12, 1, 4, 12), (12, 1, 4, 12), (12, 1, 4, 12), (12, 1, 4, 12), (12, 1, 4, 12), (12, 1, 4, 3), (3, 1, 3, 1)].
- Rh leg dimensions: [(1, 4, 4, 16), (16, 4, 4, 96), (96, 4, 4, 96), (96, 4, 4, 96), (96, 4, 4, 96), (96, 4, 4, 96), (96, 4, 4, 96), (96, 4, 4, 96), (96, 4, 4, 96), (96, 4, 4, 9), (9, 3, 3, 1)].
-> E = <Lh|CC*> + <ALhAL*|CC*|ARhAR*> + <CC*|Rh> = None + None + 0.09555157241621705 = 0.09555157241621705.
- C_updated leg dimensions: [(1, 1, 4, 4), (4, 1, 4, 12), (12, 1, 4, 12), (12, 1, 4, 12), (12, 1, 4, 12), (12, 1, 4, 12), (12, 1, 4, 12), (12, 1, 4, 12), (12, 1, 4, 12), (12, 1, 4, 3), (3, 1, 3, 1)].
- largest Hermiticity error: 2.255686119472509e-08.
- maximal number of matvec operations: 51.
-> E_updated = 0.07129405637578923.
=> <H> - E0 = 0.09084444506333966.

DMRGSquared sweep 2 ...
Orthogonality column 0:
- C leg dimensions: [(1, 1, 4, 4), (4, 1, 4, 12), (12, 1, 4, 12), (12, 1, 4, 12), (12, 1, 4, 12), (12, 1, 4, 12), (12, 1, 4, 12), (12, 1, 4, 12), (12, 1, 4, 12), (12, 1, 4, 3), (3, 1, 3, 1)].
- Rh leg dimensions: [(1, 4, 4, 16), (16, 4, 4, 96), (96, 4, 4, 96), (96, 4, 4, 96), (96, 4, 4, 96), (96, 4, 4, 96), (96, 4, 4, 96), (96, 4, 4, 96), (96, 4, 4, 96), (96, 4, 4, 9), (9, 3, 3, 1)].
-> E = <Lh|CC*> + <ALhAL*|CC*|ARhAR*> + <CC*|Rh> = None + None + 0.07129405637582042 = 0.07129405637582042.
- C_updated leg dimensions: [(1, 1, 4, 4), (4, 1, 4, 12), (12, 1, 4, 12), (12, 1, 4, 12), (12, 1, 4, 12), (12, 1, 4, 12), (12, 1, 4, 12), (12, 1, 4, 12), (12, 1, 4, 12), (12, 1, 4, 3), (3, 1, 3, 1)].
- largest Hermiticity error: 2.205381673690633e-08.
- maximal number of matvec operations: 41.
-> E_updated = 0.07129406575238406.
Orthogonality column 1:
- C leg dimensions: [(1, 2, 4, 4), (4, 1, 4, 12), (12, 2, 4, 12), (12, 1, 4, 12), (12, 2, 4, 12), (12, 2, 4, 12), (12, 1, 4, 12), (12, 2, 4, 12), (12, 1, 4, 12), (12, 2, 4, 4), (4, 1, 4, 1)].
- Rh leg dimensions: [(1, 4, 4, 16), (16, 4, 4, 96), (96, 4, 4, 96), (96, 4, 4, 96), (96, 4, 4, 96), (96, 4, 4, 96), (96, 4, 4, 96), (96, 4, 4, 96), (96, 4, 4, 96), (96, 4, 4, 16), (16, 4, 4, 1)].
-> E = <Lh|CC*> + <ALhAL*|CC*|ARhAR*> + <CC*|Rh> = None + 0.3470242954155514 + -0.2608825763950543 = 0.08614171902049711.
- C_updated leg dimensions: [(1, 2, 4, 8), (8, 1, 4, 12), (12, 2, 4, 12), (12, 1, 4, 12), (12, 2, 4, 12), (12, 2, 4, 12), (12, 1, 4, 12), (12, 2, 4, 12), (12, 1, 4, 12), (12, 2, 4, 4), (4, 1, 4, 1)].
- largest Hermiticity error: 2.4694376898434397e-08.
- maximal number of matvec operations: 51.
-> E_updated = 0.05839932668451732.
Orthogonality column 2:
- C leg dimensions: [(1, 2, 4, 8), (8, 2, 4, 12), (12, 2, 4, 12), (12, 2, 4, 12), (12, 2, 4, 12), (12, 4, 4, 12), (12, 2, 4, 12), (12, 2, 4, 12), (12, 2, 4, 12), (12, 2, 4, 4), (4, 2, 4, 1)].
- Lh leg dimensions: [(1, 2, 2, 4), (4, 2, 2, 3), (3, 2, 2, 8), (8, 2, 2, 3), (3, 2, 2, 9), (9, 4, 4, 3), (3, 2, 2, 8), (8, 2, 2, 3), (3, 2, 2, 8), (8, 2, 2, 3), (3, 2, 2, 1)].
- Rh leg dimensions: [(1, 4, 4, 16), (16, 4, 4, 96), (96, 4, 4, 96), (96, 4, 4, 96), (96, 4, 4, 96), (96, 4, 4, 96), (96, 4, 4, 96), (96, 4, 4, 96), (96, 4, 4, 96), (96, 4, 4, 16), (16, 4, 4, 1)].
-> E = <Lh|CC*> + <ALhAL*|CC*|ARhAR*> + <CC*|Rh> = 0.34150269241642495 + -0.09932005179695944 + -0.13346054924768078 = 0.10872209137178473.
- C_updated leg dimensions: [(1, 2, 4, 8), (8, 2, 4, 12), (12, 2, 4, 12), (12, 2, 4, 12), (12, 2, 4, 12), (12, 4, 4, 12), (12, 2, 4, 12), (12, 2, 4, 12), (12, 2, 4, 12), (12, 2, 4, 8), (8, 2, 4, 1)].
- largest Hermiticity error: 3.9678616117642484e-10.
- maximal number of matvec operations: 61.
-> E_updated = 0.08626313896530029.
Orthogonality column 3:
- C leg dimensions: [(1, 4, 4, 8), (8, 2, 4, 12), (12, 4, 4, 12), (12, 2, 4, 12), (12, 4, 4, 12), (12, 4, 4, 12), (12, 4, 4, 12), (12, 4, 4, 12), (12, 2, 4, 12), (12, 4, 4, 8), (8, 2, 4, 1)].
- Lh leg dimensions: [(1, 4, 4, 8), (8, 2, 2, 29), (29, 4, 4, 8), (8, 2, 2, 29), (29, 4, 4, 13), (13, 4, 4, 80), (80, 4, 4, 8), (8, 4, 4, 29), (29, 2, 2, 8), (8, 4, 4, 4), (4, 2, 2, 1)].
- Rh leg dimensions: [(1, 4, 4, 16), (16, 4, 4, 96), (96, 4, 4, 96), (96, 4, 4, 96), (96, 4, 4, 96), (96, 4, 4, 96), (96, 4, 4, 96), (96, 4, 4, 96), (96, 4, 4, 96), (96, 4, 4, 16), (16, 4, 4, 1)].
-> E = <Lh|CC*> + <ALhAL*|CC*|ARhAR*> + <CC*|Rh> = 0.23662748346619888 + -0.08019151966372233 + -0.0726514336695728 = 0.08378453013290374.
- C_updated leg dimensions: [(1, 4, 4, 12), (12, 2, 4, 12), (12, 4, 4, 12), (12, 2, 4, 12), (12, 4, 4, 12), (12, 4, 4, 12), (12, 4, 4, 12), (12, 4, 4, 12), (12, 2, 4, 12), (12, 4, 4, 8), (8, 2, 4, 1)].
- largest Hermiticity error: 5.956587445284341e-10.
- maximal number of matvec operations: 61.
-> E_updated = 0.06947142218106236.
Orthogonality column 4:
- C leg dimensions: [(1, 4, 4, 12), (12, 4, 4, 12), (12, 4, 4, 12), (12, 4, 4, 12), (12, 4, 4, 12), (12, 4, 4, 12), (12, 4, 4, 12), (12, 4, 4, 12), (12, 4, 4, 12), (12, 4, 4, 8), (8, 4, 4, 1)].
- Lh leg dimensions: [(1, 4, 4, 16), (16, 4, 4, 32), (32, 4, 4, 96), (96, 4, 4, 32), (32, 4, 4, 96), (96, 4, 4, 80), (80, 4, 4, 96), (96, 4, 4, 33), (33, 4, 4, 80), (80, 4, 4, 9), (9, 4, 4, 1)].
- Rh leg dimensions: [(1, 4, 4, 16), (16, 4, 4, 96), (96, 4, 4, 96), (96, 4, 4, 96), (96, 4, 4, 96), (96, 4, 4, 96), (96, 4, 4, 96), (96, 4, 4, 96), (96, 4, 4, 96), (96, 4, 4, 16), (16, 4, 4, 1)].
-> E = <Lh|CC*> + <ALhAL*|CC*|ARhAR*> + <CC*|Rh> = 0.15451708232290168 + -0.07449823254415187 + -0.008225565235541153 = 0.07179328454320866.
- C_updated leg dimensions: [(1, 4, 4, 12), (12, 4, 4, 12), (12, 4, 4, 12), (12, 4, 4, 12), (12, 4, 4, 12), (12, 4, 4, 12), (12, 4, 4, 12), (12, 4, 4, 12), (12, 4, 4, 12), (12, 4, 4, 12), (12, 4, 4, 1)].
- largest Hermiticity error: 1.0275163536998257e-09.
- maximal number of matvec operations: 61.
-> E_updated = 0.0600515277228487.
Orthogonality column 5:
- C leg dimensions: [(1, 4, 4, 12), (12, 4, 4, 12), (12, 4, 4, 12), (12, 4, 4, 12), (12, 4, 4, 12), (12, 4, 4, 12), (12, 4, 4, 12), (12, 4, 4, 12), (12, 4, 4, 12), (12, 4, 4, 12), (12, 4, 4, 1)].
- Lh leg dimensions: [(1, 4, 4, 16), (16, 4, 4, 96), (96, 4, 4, 96), (96, 4, 4, 96), (96, 4, 4, 96), (96, 4, 4, 96), (96, 4, 4, 96), (96, 4, 4, 96), (96, 4, 4, 96), (96, 4, 4, 16), (16, 4, 4, 1)].
- Rh leg dimensions: [(1, 4, 4, 16), (16, 4, 4, 96), (96, 4, 4, 96), (96, 4, 4, 96), (96, 4, 4, 96), (96, 4, 4, 96), (96, 4, 4, 96), (96, 4, 4, 96), (96, 4, 4, 96), (96, 4, 4, 16), (16, 4, 4, 1)].
-> E = <Lh|CC*> + <ALhAL*|CC*|ARhAR*> + <CC*|Rh> = 0.08283224444493953 + -0.07482805829646497 + 0.05785318573019634 = 0.06585737187867091.
- C_updated leg dimensions: [(1, 4, 4, 12), (12, 4, 4, 12), (12, 4, 4, 12), (12, 4, 4, 12), (12, 4, 4, 12), (12, 4, 4, 12), (12, 4, 4, 12), (12, 4, 4, 12), (12, 4, 4, 12), (12, 4, 4, 12), (12, 4, 4, 1)].
- largest Hermiticity error: 1.5085524203932282e-09.
- maximal number of matvec operations: 61.
-> E_updated = 0.0552499121554715.
Orthogonality column 6:
- C leg dimensions: [(1, 4, 4, 12), (12, 4, 4, 12), (12, 4, 4, 12), (12, 4, 4, 12), (12, 4, 4, 12), (12, 4, 4, 12), (12, 4, 4, 12), (12, 4, 4, 12), (12, 4, 4, 12), (12, 4, 4, 12), (12, 4, 4, 1)].
- Lh leg dimensions: [(1, 4, 4, 16), (16, 4, 4, 96), (96, 4, 4, 96), (96, 4, 4, 96), (96, 4, 4, 96), (96, 4, 4, 96), (96, 4, 4, 96), (96, 4, 4, 96), (96, 4, 4, 96), (96, 4, 4, 16), (16, 4, 4, 1)].
- Rh leg dimensions: [(1, 4, 4, 16), (16, 4, 4, 96), (96, 4, 4, 96), (96, 4, 4, 96), (96, 4, 4, 96), (96, 4, 4, 96), (96, 4, 4, 96), (96, 4, 4, 96), (96, 4, 4, 96), (96, 4, 4, 16), (16, 4, 4, 1)].
-> E = <Lh|CC*> + <ALhAL*|CC*|ARhAR*> + <CC*|Rh> = 0.010246094827314579 + -0.07215734680367111 + 0.11432211743707034 = 0.0524108654607138.
- C_updated leg dimensions: [(1, 4, 4, 12), (12, 4, 4, 12), (12, 4, 4, 12), (12, 4, 4, 12), (12, 4, 4, 12), (12, 4, 4, 12), (12, 4, 4, 12), (12, 4, 4, 12), (12, 4, 4, 12), (12, 4, 4, 12), (12, 4, 4, 1)].
- largest Hermiticity error: 6.149497614246533e-13.
- maximal number of matvec operations: 61.
-> E_updated = 0.04143671336412865.
Orthogonality column 7:
- C leg dimensions: [(1, 4, 4, 12), (12, 4, 4, 12), (12, 4, 4, 12), (12, 4, 4, 12), (12, 4, 4, 12), (12, 4, 4, 12), (12, 4, 4, 12), (12, 4, 4, 12), (12, 4, 4, 12), (12, 4, 4, 12), (12, 4, 4, 1)].
- Lh leg dimensions: [(1, 4, 4, 16), (16, 4, 4, 96), (96, 4, 4, 96), (96, 4, 4, 96), (96, 4, 4, 96), (96, 4, 4, 96), (96, 4, 4, 96), (96, 4, 4, 96), (96, 4, 4, 96), (96, 4, 4, 16), (16, 4, 4, 1)].
- Rh leg dimensions: [(1, 4, 4, 16), (16, 4, 4, 96), (96, 4, 4, 96), (96, 4, 4, 96), (96, 4, 4, 96), (96, 4, 4, 96), (96, 4, 4, 96), (96, 4, 4, 96), (96, 4, 4, 96), (96, 4, 4, 16), (16, 4, 4, 1)].
-> E = <Lh|CC*> + <ALhAL*|CC*|ARhAR*> + <CC*|Rh> = -0.06237848864009462 + -0.0692981078725109 + 0.1706918283537992 = 0.03901523184119368.
- C_updated leg dimensions: [(1, 4, 4, 12), (12, 4, 4, 12), (12, 4, 4, 12), (12, 4, 4, 12), (12, 4, 4, 12), (12, 4, 4, 12), (12, 4, 4, 12), (12, 4, 4, 12), (12, 4, 4, 12), (12, 4, 4, 12), (12, 4, 4, 1)].
- largest Hermiticity error: 4.0990950181437736e-11.
- maximal number of matvec operations: 61.
-> E_updated = 0.02847835695612946.
Orthogonality column 8:
- C leg dimensions: [(1, 4, 4, 12), (12, 4, 4, 12), (12, 4, 4, 12), (12, 4, 4, 12), (12, 4, 4, 12), (12, 4, 4, 12), (12, 4, 4, 12), (12, 4, 4, 12), (12, 4, 4, 12), (12, 4, 4, 12), (12, 4, 4, 1)].
- Lh leg dimensions: [(1, 4, 4, 16), (16, 4, 4, 96), (96, 4, 4, 96), (96, 4, 4, 96), (96, 4, 4, 96), (96, 4, 4, 96), (96, 4, 4, 96), (96, 4, 4, 96), (96, 4, 4, 96), (96, 4, 4, 16), (16, 4, 4, 1)].
- Rh leg dimensions: [(1, 4, 4, 9), (9, 4, 4, 80), (80, 4, 4, 32), (32, 4, 4, 96), (96, 4, 4, 80), (80, 4, 4, 96), (96, 4, 4, 32), (32, 4, 4, 96), (96, 4, 4, 32), (32, 4, 4, 16), (16, 4, 4, 1)].
-> E = <Lh|CC*> + <ALhAL*|CC*|ARhAR*> + <CC*|Rh> = -0.12072159207624779 + -0.07217639651938906 + 0.23147914092955313 = 0.03858115233391629.
- C_updated leg dimensions: [(1, 4, 4, 12), (12, 4, 4, 12), (12, 4, 4, 12), (12, 4, 4, 12), (12, 4, 4, 12), (12, 4, 4, 12), (12, 4, 4, 12), (12, 4, 4, 12), (12, 4, 4, 12), (12, 4, 4, 12), (12, 4, 4, 1)].
- largest Hermiticity error: 3.7085083347970104e-10.
- maximal number of matvec operations: 61.
-> E_updated = 0.03124392462625158.
Orthogonality column 9:
- C leg dimensions: [(1, 4, 2, 12), (12, 4, 4, 12), (12, 4, 2, 12), (12, 4, 4, 12), (12, 4, 4, 12), (12, 4, 4, 12), (12, 4, 4, 12), (12, 4, 2, 12), (12, 4, 4, 12), (12, 4, 2, 12), (12, 4, 4, 1)].
- Lh leg dimensions: [(1, 4, 4, 16), (16, 4, 4, 96), (96, 4, 4, 96), (96, 4, 4, 96), (96, 4, 4, 96), (96, 4, 4, 96), (96, 4, 4, 96), (96, 4, 4, 96), (96, 4, 4, 96), (96, 4, 4, 16), (16, 4, 4, 1)].
- Rh leg dimensions: [(1, 2, 2, 4), (4, 4, 4, 8), (8, 2, 2, 29), (29, 4, 4, 8), (8, 4, 4, 80), (80, 4, 4, 13), (13, 4, 4, 29), (29, 2, 2, 8), (8, 4, 4, 29), (29, 2, 2, 8), (8, 4, 4, 1)].
-> E = <Lh|CC*> + <ALhAL*|CC*|ARhAR*> + <CC*|Rh> = -0.18486794957858468 + -0.07674390476864623 + 0.30339830172243837 = 0.04178644737520748.
- C_updated leg dimensions: [(1, 4, 2, 8), (8, 4, 4, 12), (12, 4, 2, 12), (12, 4, 4, 12), (12, 4, 4, 12), (12, 4, 4, 12), (12, 4, 4, 12), (12, 4, 2, 12), (12, 4, 4, 12), (12, 4, 2, 12), (12, 4, 4, 1)].
- largest Hermiticity error: 3.020532407630798e-10.
- maximal number of matvec operations: 61.
-> E_updated = 0.038000815485703505.
Orthogonality column 10:
- C leg dimensions: [(1, 4, 2, 8), (8, 4, 2, 12), (12, 4, 2, 12), (12, 4, 2, 12), (12, 4, 2, 12), (12, 4, 4, 12), (12, 4, 2, 12), (12, 4, 2, 12), (12, 4, 2, 12), (12, 4, 2, 12), (12, 4, 2, 1)].
- Lh leg dimensions: [(1, 4, 4, 16), (16, 4, 4, 96), (96, 4, 4, 96), (96, 4, 4, 96), (96, 4, 4, 96), (96, 4, 4, 96), (96, 4, 4, 96), (96, 4, 4, 96), (96, 4, 4, 96), (96, 4, 4, 16), (16, 4, 4, 1)].
- Rh leg dimensions: [(1, 2, 2, 3), (3, 2, 2, 8), (8, 2, 2, 3), (3, 2, 2, 8), (8, 2, 2, 3), (3, 4, 4, 9), (9, 2, 2, 3), (3, 2, 2, 8), (8, 2, 2, 3), (3, 2, 2, 4), (4, 2, 2, 1)].
-> E = <Lh|CC*> + <ALhAL*|CC*|ARhAR*> + <CC*|Rh> = -0.2570550273826717 + -0.08387949842527564 + 0.38574032527026214 = 0.04480579946231478.
- C_updated leg dimensions: [(1, 4, 2, 8), (8, 4, 2, 12), (12, 4, 2, 12), (12, 4, 2, 12), (12, 4, 2, 12), (12, 4, 4, 12), (12, 4, 2, 12), (12, 4, 2, 12), (12, 4, 2, 12), (12, 4, 2, 8), (8, 4, 2, 1)].
- largest Hermiticity error: 8.437642107962484e-10.
- maximal number of matvec operations: 61.
-> E_updated = 0.040340243748567914.
Orthogonality column 11:
- C leg dimensions: [(1, 4, 1, 8), (8, 4, 2, 12), (12, 4, 1, 12), (12, 4, 2, 12), (12, 4, 1, 12), (12, 4, 2, 12), (12, 4, 2, 12), (12, 4, 1, 12), (12, 4, 2, 12), (12, 4, 1, 8), (8, 4, 2, 1)].
- Lh leg dimensions: [(1, 4, 4, 16), (16, 4, 4, 96), (96, 4, 4, 96), (96, 4, 4, 96), (96, 4, 4, 96), (96, 4, 4, 96), (96, 4, 4, 96), (96, 4, 4, 96), (96, 4, 4, 96), (96, 4, 4, 16), (16, 4, 4, 1)].
-> E = <Lh|CC*> + <ALhAL*|CC*|ARhAR*> + <CC*|Rh> = -0.3386614088856423 + 0.3858807889903575 + None = 0.047219380104715214.
- C_updated leg dimensions: [(1, 4, 1, 4), (4, 4, 2, 12), (12, 4, 1, 12), (12, 4, 2, 12), (12, 4, 1, 12), (12, 4, 2, 12), (12, 4, 2, 12), (12, 4, 1, 12), (12, 4, 2, 12), (12, 4, 1, 8), (8, 4, 2, 1)].
- largest Hermiticity error: 2.4330750878792856e-08.
- maximal number of matvec operations: 61.
-> E_updated = 0.03865889256267205.
Orthogonality column 12:
- C leg dimensions: [(1, 3, 1, 3), (3, 4, 1, 12), (12, 4, 1, 12), (12, 4, 1, 12), (12, 4, 1, 12), (12, 4, 1, 12), (12, 4, 1, 12), (12, 4, 1, 12), (12, 4, 1, 12), (12, 4, 1, 8), (8, 4, 1, 1)].
- Lh leg dimensions: [(1, 3, 3, 9), (9, 4, 4, 96), (96, 4, 4, 96), (96, 4, 4, 96), (96, 4, 4, 96), (96, 4, 4, 96), (96, 4, 4, 96), (96, 4, 4, 96), (96, 4, 4, 96), (96, 4, 4, 16), (16, 4, 4, 1)].
-> E = <Lh|CC*> + <ALhAL*|CC*|ARhAR*> + <CC*|Rh> = 0.05280507356558247 + None + None = 0.05280507356558247.
- C_updated leg dimensions: [(1, 3, 1, 3), (3, 4, 1, 12), (12, 4, 1, 12), (12, 4, 1, 12), (12, 4, 1, 12), (12, 4, 1, 12), (12, 4, 1, 12), (12, 4, 1, 12), (12, 4, 1, 12), (12, 4, 1, 4), (4, 4, 1, 1)].
- largest Hermiticity error: 9.400456579074129e-07.
- maximal number of matvec operations: 51.
-> E_updated = 0.03617411382529475.
Orthogonality column 11:
- C leg dimensions: [(1, 4, 1, 4), (4, 4, 2, 12), (12, 4, 1, 12), (12, 4, 2, 12), (12, 4, 1, 12), (12, 4, 2, 12), (12, 4, 2, 12), (12, 4, 1, 12), (12, 4, 2, 12), (12, 4, 1, 4), (4, 4, 2, 1)].
- Lh leg dimensions: [(1, 4, 4, 16), (16, 4, 4, 96), (96, 4, 4, 96), (96, 4, 4, 96), (96, 4, 4, 96), (96, 4, 4, 96), (96, 4, 4, 96), (96, 4, 4, 96), (96, 4, 4, 96), (96, 4, 4, 16), (16, 4, 4, 1)].
-> E = <Lh|CC*> + <ALhAL*|CC*|ARhAR*> + <CC*|Rh> = -0.3304513031640575 + 0.38854937653222277 + None = 0.05809807336816525.
- C_updated leg dimensions: [(1, 4, 1, 4), (4, 4, 2, 12), (12, 4, 1, 12), (12, 4, 2, 12), (12, 4, 1, 12), (12, 4, 2, 12), (12, 4, 2, 12), (12, 4, 1, 12), (12, 4, 2, 12), (12, 4, 1, 8), (8, 4, 2, 1)].
- largest Hermiticity error: 3.404975078091246e-08.
- maximal number of matvec operations: 61.
-> E_updated = 0.038664929765685314.
Orthogonality column 10:
- C leg dimensions: [(1, 4, 2, 4), (4, 4, 2, 12), (12, 4, 2, 12), (12, 4, 2, 12), (12, 4, 2, 12), (12, 4, 4, 12), (12, 4, 2, 12), (12, 4, 2, 12), (12, 4, 2, 12), (12, 4, 2, 8), (8, 4, 2, 1)].
- Lh leg dimensions: [(1, 4, 4, 16), (16, 4, 4, 96), (96, 4, 4, 96), (96, 4, 4, 96), (96, 4, 4, 96), (96, 4, 4, 96), (96, 4, 4, 96), (96, 4, 4, 96), (96, 4, 4, 96), (96, 4, 4, 16), (16, 4, 4, 1)].
- Rh leg dimensions: [(1, 2, 2, 3), (3, 2, 2, 8), (8, 2, 2, 3), (3, 2, 2, 8), (8, 2, 2, 3), (3, 4, 4, 9), (9, 2, 2, 3), (3, 2, 2, 8), (8, 2, 2, 3), (3, 2, 2, 4), (4, 2, 2, 1)].
-> E = <Lh|CC*> + <ALhAL*|CC*|ARhAR*> + <CC*|Rh> = -0.2508120884437662 + -0.08483019111346081 + 0.38665546686589186 = 0.05101318730866489.
- C_updated leg dimensions: [(1, 4, 2, 8), (8, 4, 2, 12), (12, 4, 2, 12), (12, 4, 2, 12), (12, 4, 2, 12), (12, 4, 4, 12), (12, 4, 2, 12), (12, 4, 2, 12), (12, 4, 2, 12), (12, 4, 2, 8), (8, 4, 2, 1)].
- largest Hermiticity error: 1.0814626304847492e-09.
- maximal number of matvec operations: 61.
-> E_updated = 0.04004348072079622.
Orthogonality column 9:
- C leg dimensions: [(1, 4, 2, 8), (8, 4, 4, 12), (12, 4, 2, 12), (12, 4, 4, 12), (12, 4, 4, 12), (12, 4, 4, 12), (12, 4, 4, 12), (12, 4, 2, 12), (12, 4, 4, 12), (12, 4, 2, 8), (8, 4, 4, 1)].
- Lh leg dimensions: [(1, 4, 4, 16), (16, 4, 4, 96), (96, 4, 4, 96), (96, 4, 4, 96), (96, 4, 4, 96), (96, 4, 4, 96), (96, 4, 4, 96), (96, 4, 4, 96), (96, 4, 4, 96), (96, 4, 4, 16), (16, 4, 4, 1)].
- Rh leg dimensions: [(1, 2, 2, 4), (4, 4, 4, 8), (8, 2, 2, 29), (29, 4, 4, 8), (8, 4, 4, 80), (80, 4, 4, 13), (13, 4, 4, 29), (29, 2, 2, 8), (8, 4, 4, 29), (29, 2, 2, 8), (8, 4, 4, 1)].
-> E = <Lh|CC*> + <ALhAL*|CC*|ARhAR*> + <CC*|Rh> = -0.1811782842247225 + -0.07516019083662101 + 0.3006842135165394 = 0.04434573845519585.
- C_updated leg dimensions: [(1, 4, 2, 8), (8, 4, 4, 12), (12, 4, 2, 12), (12, 4, 4, 12), (12, 4, 4, 12), (12, 4, 4, 12), (12, 4, 4, 12), (12, 4, 2, 12), (12, 4, 4, 12), (12, 4, 2, 12), (12, 4, 4, 1)].
- largest Hermiticity error: 3.8174655858691416e-10.
- maximal number of matvec operations: 61.
-> E_updated = 0.03688672790066925.
Orthogonality column 8:
- C leg dimensions: [(1, 4, 4, 8), (8, 4, 4, 12), (12, 4, 4, 12), (12, 4, 4, 12), (12, 4, 4, 12), (12, 4, 4, 12), (12, 4, 4, 12), (12, 4, 4, 12), (12, 4, 4, 12), (12, 4, 4, 12), (12, 4, 4, 1)].
- Lh leg dimensions: [(1, 4, 4, 16), (16, 4, 4, 96), (96, 4, 4, 96), (96, 4, 4, 96), (96, 4, 4, 96), (96, 4, 4, 96), (96, 4, 4, 96), (96, 4, 4, 96), (96, 4, 4, 96), (96, 4, 4, 16), (16, 4, 4, 1)].
- Rh leg dimensions: [(1, 4, 4, 9), (9, 4, 4, 80), (80, 4, 4, 33), (33, 4, 4, 96), (96, 4, 4, 80), (80, 4, 4, 96), (96, 4, 4, 32), (32, 4, 4, 96), (96, 4, 4, 32), (32, 4, 4, 16), (16, 4, 4, 1)].
-> E = <Lh|CC*> + <ALhAL*|CC*|ARhAR*> + <CC*|Rh> = -0.11825437388348052 + -0.07256812904296703 + 0.22472413035903202 = 0.033901627432584486.
- C_updated leg dimensions: [(1, 4, 4, 12), (12, 4, 4, 12), (12, 4, 4, 12), (12, 4, 4, 12), (12, 4, 4, 12), (12, 4, 4, 12), (12, 4, 4, 12), (12, 4, 4, 12), (12, 4, 4, 12), (12, 4, 4, 12), (12, 4, 4, 1)].
- largest Hermiticity error: 3.532871218827893e-10.
- maximal number of matvec operations: 61.
-> E_updated = 0.028941431364205093.
Orthogonality column 7:
- C leg dimensions: [(1, 4, 4, 12), (12, 4, 4, 12), (12, 4, 4, 12), (12, 4, 4, 12), (12, 4, 4, 12), (12, 4, 4, 12), (12, 4, 4, 12), (12, 4, 4, 12), (12, 4, 4, 12), (12, 4, 4, 12), (12, 4, 4, 1)].
- Lh leg dimensions: [(1, 4, 4, 16), (16, 4, 4, 96), (96, 4, 4, 96), (96, 4, 4, 96), (96, 4, 4, 96), (96, 4, 4, 96), (96, 4, 4, 96), (96, 4, 4, 96), (96, 4, 4, 96), (96, 4, 4, 16), (16, 4, 4, 1)].
- Rh leg dimensions: [(1, 4, 4, 16), (16, 4, 4, 96), (96, 4, 4, 96), (96, 4, 4, 96), (96, 4, 4, 96), (96, 4, 4, 96), (96, 4, 4, 96), (96, 4, 4, 96), (96, 4, 4, 96), (96, 4, 4, 16), (16, 4, 4, 1)].
-> E = <Lh|CC*> + <ALhAL*|CC*|ARhAR*> + <CC*|Rh> = -0.0586584867909827 + -0.0694775905745546 + 0.15396385450669836 = 0.02582777714116105.
- C_updated leg dimensions: [(1, 4, 4, 12), (12, 4, 4, 12), (12, 4, 4, 12), (12, 4, 4, 12), (12, 4, 4, 12), (12, 4, 4, 12), (12, 4, 4, 12), (12, 4, 4, 12), (12, 4, 4, 12), (12, 4, 4, 12), (12, 4, 4, 1)].
- largest Hermiticity error: 5.979434490213907e-11.
- maximal number of matvec operations: 61.
-> E_updated = 0.021083440170821928.
Orthogonality column 6:
- C leg dimensions: [(1, 4, 4, 12), (12, 4, 4, 12), (12, 4, 4, 12), (12, 4, 4, 12), (12, 4, 4, 12), (12, 4, 4, 12), (12, 4, 4, 12), (12, 4, 4, 12), (12, 4, 4, 12), (12, 4, 4, 12), (12, 4, 4, 1)].
- Lh leg dimensions: [(1, 4, 4, 16), (16, 4, 4, 96), (96, 4, 4, 96), (96, 4, 4, 96), (96, 4, 4, 96), (96, 4, 4, 96), (96, 4, 4, 96), (96, 4, 4, 96), (96, 4, 4, 96), (96, 4, 4, 16), (16, 4, 4, 1)].
- Rh leg dimensions: [(1, 4, 4, 16), (16, 4, 4, 96), (96, 4, 4, 96), (96, 4, 4, 96), (96, 4, 4, 96), (96, 4, 4, 96), (96, 4, 4, 96), (96, 4, 4, 96), (96, 4, 4, 96), (96, 4, 4, 16), (16, 4, 4, 1)].
-> E = <Lh|CC*> + <ALhAL*|CC*|ARhAR*> + <CC*|Rh> = 0.015572828794687618 + -0.07422780174778565 + 0.08670516092239465 = 0.02805018796929662.
- C_updated leg dimensions: [(1, 4, 4, 12), (12, 4, 4, 12), (12, 4, 4, 12), (12, 4, 4, 12), (12, 4, 4, 12), (12, 4, 4, 12), (12, 4, 4, 12), (12, 4, 4, 12), (12, 4, 4, 12), (12, 4, 4, 12), (12, 4, 4, 1)].
- largest Hermiticity error: 4.159937545348547e-13.
- maximal number of matvec operations: 61.
-> E_updated = 0.02339654653132424.
Orthogonality column 5:
- C leg dimensions: [(1, 4, 4, 12), (12, 4, 4, 12), (12, 4, 4, 12), (12, 4, 4, 12), (12, 4, 4, 12), (12, 4, 4, 12), (12, 4, 4, 12), (12, 4, 4, 12), (12, 4, 4, 12), (12, 4, 4, 12), (12, 4, 4, 1)].
- Lh leg dimensions: [(1, 4, 4, 16), (16, 4, 4, 96), (96, 4, 4, 96), (96, 4, 4, 96), (96, 4, 4, 96), (96, 4, 4, 96), (96, 4, 4, 96), (96, 4, 4, 96), (96, 4, 4, 96), (96, 4, 4, 16), (16, 4, 4, 1)].
- Rh leg dimensions: [(1, 4, 4, 16), (16, 4, 4, 96), (96, 4, 4, 96), (96, 4, 4, 96), (96, 4, 4, 96), (96, 4, 4, 96), (96, 4, 4, 96), (96, 4, 4, 96), (96, 4, 4, 96), (96, 4, 4, 16), (16, 4, 4, 1)].
-> E = <Lh|CC*> + <ALhAL*|CC*|ARhAR*> + <CC*|Rh> = 0.08605999192189312 + -0.07453062703391246 + 0.019686571816728386 = 0.031215936704709048.
- C_updated leg dimensions: [(1, 4, 4, 12), (12, 4, 4, 12), (12, 4, 4, 12), (12, 4, 4, 12), (12, 4, 4, 12), (12, 4, 4, 12), (12, 4, 4, 12), (12, 4, 4, 12), (12, 4, 4, 12), (12, 4, 4, 12), (12, 4, 4, 1)].
- largest Hermiticity error: 1.990918571332953e-11.
- maximal number of matvec operations: 61.
-> E_updated = 0.02734919032475231.
Orthogonality column 4:
- C leg dimensions: [(1, 4, 4, 12), (12, 4, 4, 12), (12, 4, 4, 12), (12, 4, 4, 12), (12, 4, 4, 12), (12, 4, 4, 12), (12, 4, 4, 12), (12, 4, 4, 12), (12, 4, 4, 12), (12, 4, 4, 12), (12, 4, 4, 1)].
- Lh leg dimensions: [(1, 4, 4, 16), (16, 4, 4, 32), (32, 4, 4, 96), (96, 4, 4, 32), (32, 4, 4, 96), (96, 4, 4, 80), (80, 4, 4, 96), (96, 4, 4, 33), (33, 4, 4, 80), (80, 4, 4, 9), (9, 4, 4, 1)].
- Rh leg dimensions: [(1, 4, 4, 16), (16, 4, 4, 96), (96, 4, 4, 96), (96, 4, 4, 96), (96, 4, 4, 96), (96, 4, 4, 96), (96, 4, 4, 96), (96, 4, 4, 96), (96, 4, 4, 96), (96, 4, 4, 16), (16, 4, 4, 1)].
-> E = <Lh|CC*> + <ALhAL*|CC*|ARhAR*> + <CC*|Rh> = 0.15713371812254734 + -0.075263445193832 + -0.04917479958964819 = 0.032695473339067145.
- C_updated leg dimensions: [(1, 4, 4, 12), (12, 4, 4, 12), (12, 4, 4, 12), (12, 4, 4, 12), (12, 4, 4, 12), (12, 4, 4, 12), (12, 4, 4, 12), (12, 4, 4, 12), (12, 4, 4, 12), (12, 4, 4, 12), (12, 4, 4, 1)].
- largest Hermiticity error: 5.952825003108291e-11.
- maximal number of matvec operations: 61.
-> E_updated = 0.029096828098957445.
Orthogonality column 3:
- C leg dimensions: [(1, 4, 4, 12), (12, 2, 4, 12), (12, 4, 4, 12), (12, 2, 4, 12), (12, 4, 4, 12), (12, 4, 4, 12), (12, 4, 4, 12), (12, 4, 4, 12), (12, 2, 4, 12), (12, 4, 4, 8), (8, 2, 4, 1)].
- Lh leg dimensions: [(1, 4, 4, 8), (8, 2, 2, 29), (29, 4, 4, 8), (8, 2, 2, 29), (29, 4, 4, 13), (13, 4, 4, 80), (80, 4, 4, 8), (8, 4, 4, 29), (29, 2, 2, 8), (8, 4, 4, 4), (4, 2, 2, 1)].
- Rh leg dimensions: [(1, 4, 4, 16), (16, 4, 4, 96), (96, 4, 4, 96), (96, 4, 4, 96), (96, 4, 4, 96), (96, 4, 4, 96), (96, 4, 4, 96), (96, 4, 4, 96), (96, 4, 4, 96), (96, 4, 4, 16), (16, 4, 4, 1)].
-> E = <Lh|CC*> + <ALhAL*|CC*|ARhAR*> + <CC*|Rh> = 0.23730839616051502 + -0.08132878459302798 + -0.10898708429359737 = 0.04699252727388968.
- C_updated leg dimensions: [(1, 4, 4, 12), (12, 2, 4, 12), (12, 4, 4, 12), (12, 2, 4, 12), (12, 4, 4, 12), (12, 4, 4, 12), (12, 4, 4, 12), (12, 4, 4, 12), (12, 2, 4, 12), (12, 4, 4, 8), (8, 2, 4, 1)].
- largest Hermiticity error: 9.551201983696167e-11.
- maximal number of matvec operations: 61.
-> E_updated = 0.04167049217333125.
Orthogonality column 2:
- C leg dimensions: [(1, 2, 4, 8), (8, 2, 4, 12), (12, 2, 4, 12), (12, 2, 4, 12), (12, 2, 4, 12), (12, 4, 4, 12), (12, 2, 4, 12), (12, 2, 4, 12), (12, 2, 4, 12), (12, 2, 4, 8), (8, 2, 4, 1)].
- Lh leg dimensions: [(1, 2, 2, 4), (4, 2, 2, 3), (3, 2, 2, 8), (8, 2, 2, 3), (3, 2, 2, 9), (9, 4, 4, 3), (3, 2, 2, 8), (8, 2, 2, 3), (3, 2, 2, 8), (8, 2, 2, 3), (3, 2, 2, 1)].
- Rh leg dimensions: [(1, 4, 4, 16), (16, 4, 4, 96), (96, 4, 4, 96), (96, 4, 4, 96), (96, 4, 4, 96), (96, 4, 4, 96), (96, 4, 4, 96), (96, 4, 4, 96), (96, 4, 4, 96), (96, 4, 4, 16), (16, 4, 4, 1)].
-> E = <Lh|CC*> + <ALhAL*|CC*|ARhAR*> + <CC*|Rh> = 0.3424689550612441 + -0.10463526694134284 + -0.1818523604538039 = 0.05598132766609734.
- C_updated leg dimensions: [(1, 2, 4, 8), (8, 2, 4, 12), (12, 2, 4, 12), (12, 2, 4, 12), (12, 2, 4, 12), (12, 4, 4, 12), (12, 2, 4, 12), (12, 2, 4, 12), (12, 2, 4, 12), (12, 2, 4, 8), (8, 2, 4, 1)].
- largest Hermiticity error: 6.238340608992854e-08.
- maximal number of matvec operations: 61.
-> E_updated = 0.04773656680452368.
Orthogonality column 1:
- C leg dimensions: [(1, 2, 4, 8), (8, 1, 4, 12), (12, 2, 4, 12), (12, 1, 4, 12), (12, 2, 4, 12), (12, 2, 4, 12), (12, 1, 4, 12), (12, 2, 4, 12), (12, 1, 4, 12), (12, 2, 4, 4), (4, 1, 4, 1)].
- Rh leg dimensions: [(1, 4, 4, 16), (16, 4, 4, 96), (96, 4, 4, 96), (96, 4, 4, 96), (96, 4, 4, 96), (96, 4, 4, 96), (96, 4, 4, 96), (96, 4, 4, 96), (96, 4, 4, 96), (96, 4, 4, 16), (16, 4, 4, 1)].
-> E = <Lh|CC*> + <ALhAL*|CC*|ARhAR*> + <CC*|Rh> = None + 0.34257888158354993 + -0.2733534979252175 = 0.06922538365833242.
- C_updated leg dimensions: [(1, 2, 4, 8), (8, 1, 4, 12), (12, 2, 4, 12), (12, 1, 4, 12), (12, 2, 4, 12), (12, 2, 4, 12), (12, 1, 4, 12), (12, 2, 4, 12), (12, 1, 4, 12), (12, 2, 4, 4), (4, 1, 4, 1)].
- largest Hermiticity error: 1.0179355899800669e-07.
- maximal number of matvec operations: 51.
-> E_updated = 0.058972806431684455.
Orthogonality column 0:
- C leg dimensions: [(1, 1, 4, 4), (4, 1, 4, 12), (12, 1, 4, 12), (12, 1, 4, 12), (12, 1, 4, 12), (12, 1, 4, 12), (12, 1, 4, 12), (12, 1, 4, 12), (12, 1, 4, 12), (12, 1, 4, 3), (3, 1, 3, 1)].
- Rh leg dimensions: [(1, 4, 4, 16), (16, 4, 4, 96), (96, 4, 4, 96), (96, 4, 4, 96), (96, 4, 4, 96), (96, 4, 4, 96), (96, 4, 4, 96), (96, 4, 4, 96), (96, 4, 4, 96), (96, 4, 4, 9), (9, 3, 3, 1)].
-> E = <Lh|CC*> + <ALhAL*|CC*|ARhAR*> + <CC*|Rh> = None + None + 0.09736455929632269 = 0.09736455929632269.
- C_updated leg dimensions: [(1, 1, 4, 4), (4, 1, 4, 12), (12, 1, 4, 12), (12, 1, 4, 12), (12, 1, 4, 12), (12, 1, 4, 12), (12, 1, 4, 12), (12, 1, 4, 12), (12, 1, 4, 12), (12, 1, 4, 3), (3, 1, 3, 1)].
- largest Hermiticity error: 4.594076140749638e-08.
- maximal number of matvec operations: 51.
-> E_updated = 0.08103499777822083.
=> <H> - E0 = 0.04842061925563712.

DMRGSquared sweep 3 ...
Orthogonality column 0:
- C leg dimensions: [(1, 1, 4, 4), (4, 1, 4, 12), (12, 1, 4, 12), (12, 1, 4, 12), (12, 1, 4, 12), (12, 1, 4, 12), (12, 1, 4, 12), (12, 1, 4, 12), (12, 1, 4, 12), (12, 1, 4, 3), (3, 1, 3, 1)].
- Rh leg dimensions: [(1, 4, 4, 16), (16, 4, 4, 96), (96, 4, 4, 96), (96, 4, 4, 96), (96, 4, 4, 96), (96, 4, 4, 96), (96, 4, 4, 96), (96, 4, 4, 96), (96, 4, 4, 96), (96, 4, 4, 9), (9, 3, 3, 1)].
-> E = <Lh|CC*> + <ALhAL*|CC*|ARhAR*> + <CC*|Rh> = None + None + 0.08103499777818954 = 0.08103499777818954.
- C_updated leg dimensions: [(1, 1, 4, 4), (4, 1, 4, 12), (12, 1, 4, 12), (12, 1, 4, 12), (12, 1, 4, 12), (12, 1, 4, 12), (12, 1, 4, 12), (12, 1, 4, 12), (12, 1, 4, 12), (12, 1, 4, 3), (3, 1, 3, 1)].
- largest Hermiticity error: 4.8854447201189604e-08.
- maximal number of matvec operations: 41.
-> E_updated = 0.08103499301637387.
Orthogonality column 1:
- C leg dimensions: [(1, 2, 4, 4), (4, 1, 4, 12), (12, 2, 4, 12), (12, 1, 4, 12), (12, 2, 4, 12), (12, 2, 4, 12), (12, 1, 4, 12), (12, 2, 4, 12), (12, 1, 4, 12), (12, 2, 4, 4), (4, 1, 4, 1)].
- Rh leg dimensions: [(1, 4, 4, 16), (16, 4, 4, 96), (96, 4, 4, 96), (96, 4, 4, 96), (96, 4, 4, 96), (96, 4, 4, 96), (96, 4, 4, 96), (96, 4, 4, 96), (96, 4, 4, 96), (96, 4, 4, 16), (16, 4, 4, 1)].
-> E = <Lh|CC*> + <ALhAL*|CC*|ARhAR*> + <CC*|Rh> = None + 0.34544804915231 + -0.26767131048760673 = 0.07777673866470325.
- C_updated leg dimensions: [(1, 2, 4, 8), (8, 1, 4, 12), (12, 2, 4, 12), (12, 1, 4, 12), (12, 2, 4, 12), (12, 2, 4, 12), (12, 1, 4, 12), (12, 2, 4, 12), (12, 1, 4, 12), (12, 2, 4, 4), (4, 1, 4, 1)].
- largest Hermiticity error: 6.986291269881108e-08.
- maximal number of matvec operations: 51.
-> E_updated = 0.05897318505163385.
Orthogonality column 2:
- C leg dimensions: [(1, 2, 4, 8), (8, 2, 4, 12), (12, 2, 4, 12), (12, 2, 4, 12), (12, 2, 4, 12), (12, 4, 4, 12), (12, 2, 4, 12), (12, 2, 4, 12), (12, 2, 4, 12), (12, 2, 4, 4), (4, 2, 4, 1)].
- Lh leg dimensions: [(1, 2, 2, 4), (4, 2, 2, 3), (3, 2, 2, 8), (8, 2, 2, 3), (3, 2, 2, 9), (9, 4, 4, 3), (3, 2, 2, 8), (8, 2, 2, 3), (3, 2, 2, 8), (8, 2, 2, 3), (3, 2, 2, 1)].
- Rh leg dimensions: [(1, 4, 4, 16), (16, 4, 4, 96), (96, 4, 4, 96), (96, 4, 4, 96), (96, 4, 4, 96), (96, 4, 4, 96), (96, 4, 4, 96), (96, 4, 4, 96), (96, 4, 4, 96), (96, 4, 4, 16), (16, 4, 4, 1)].
-> E = <Lh|CC*> + <ALhAL*|CC*|ARhAR*> + <CC*|Rh> = 0.34102295209638545 + -0.10153143141778301 + -0.1777848499510041 = 0.061706670727598334.
- C_updated leg dimensions: [(1, 2, 4, 8), (8, 2, 4, 12), (12, 2, 4, 12), (12, 2, 4, 12), (12, 2, 4, 12), (12, 4, 4, 12), (12, 2, 4, 12), (12, 2, 4, 12), (12, 2, 4, 12), (12, 2, 4, 8), (8, 2, 4, 1)].
- largest Hermiticity error: 1.0431353771183043e-07.
- maximal number of matvec operations: 61.
-> E_updated = 0.04756447896270626.
Orthogonality column 3:
- C leg dimensions: [(1, 4, 4, 8), (8, 2, 4, 12), (12, 4, 4, 12), (12, 2, 4, 12), (12, 4, 4, 12), (12, 4, 4, 12), (12, 4, 4, 12), (12, 4, 4, 12), (12, 2, 4, 12), (12, 4, 4, 8), (8, 2, 4, 1)].
- Lh leg dimensions: [(1, 4, 4, 8), (8, 2, 2, 29), (29, 4, 4, 8), (8, 2, 2, 29), (29, 4, 4, 13), (13, 4, 4, 80), (80, 4, 4, 8), (8, 4, 4, 29), (29, 2, 2, 8), (8, 4, 4, 4), (4, 2, 2, 1)].
- Rh leg dimensions: [(1, 4, 4, 16), (16, 4, 4, 96), (96, 4, 4, 96), (96, 4, 4, 96), (96, 4, 4, 96), (96, 4, 4, 96), (96, 4, 4, 96), (96, 4, 4, 96), (96, 4, 4, 96), (96, 4, 4, 16), (16, 4, 4, 1)].
-> E = <Lh|CC*> + <ALhAL*|CC*|ARhAR*> + <CC*|Rh> = 0.23672124058446767 + -0.08039614303763844 + -0.10322158663472687 = 0.053103510912102345.
- C_updated leg dimensions: [(1, 4, 4, 12), (12, 2, 4, 12), (12, 4, 4, 12), (12, 2, 4, 12), (12, 4, 4, 12), (12, 4, 4, 12), (12, 4, 4, 12), (12, 4, 4, 12), (12, 2, 4, 12), (12, 4, 4, 8), (8, 2, 4, 1)].
- largest Hermiticity error: 6.807263841618401e-11.
- maximal number of matvec operations: 61.
-> E_updated = 0.04179250713023583.
Orthogonality column 4:
- C leg dimensions: [(1, 4, 4, 12), (12, 4, 4, 12), (12, 4, 4, 12), (12, 4, 4, 12), (12, 4, 4, 12), (12, 4, 4, 12), (12, 4, 4, 12), (12, 4, 4, 12), (12, 4, 4, 12), (12, 4, 4, 8), (8, 4, 4, 1)].
- Lh leg dimensions: [(1, 4, 4, 16), (16, 4, 4, 32), (32, 4, 4, 96), (96, 4, 4, 32), (32, 4, 4, 96), (96, 4, 4, 80), (80, 4, 4, 96), (96, 4, 4, 33), (33, 4, 4, 80), (80, 4, 4, 9), (9, 4, 4, 1)].
- Rh leg dimensions: [(1, 4, 4, 16), (16, 4, 4, 96), (96, 4, 4, 96), (96, 4, 4, 96), (96, 4, 4, 96), (96, 4, 4, 96), (96, 4, 4, 96), (96, 4, 4, 96), (96, 4, 4, 96), (96, 4, 4, 16), (16, 4, 4, 1)].
-> E = <Lh|CC*> + <ALhAL*|CC*|ARhAR*> + <CC*|Rh> = 0.15622710525019837 + -0.07617248036603655 + -0.0437474035891162 = 0.03630722129504562.
- C_updated leg dimensions: [(1, 4, 4, 12), (12, 4, 4, 12), (12, 4, 4, 12), (12, 4, 4, 12), (12, 4, 4, 12), (12, 4, 4, 12), (12, 4, 4, 12), (12, 4, 4, 12), (12, 4, 4, 12), (12, 4, 4, 12), (12, 4, 4, 1)].
- largest Hermiticity error: 3.407078382191895e-11.
- maximal number of matvec operations: 61.
-> E_updated = 0.029211109904697337.
Orthogonality column 5:
- C leg dimensions: [(1, 4, 4, 12), (12, 4, 4, 12), (12, 4, 4, 12), (12, 4, 4, 12), (12, 4, 4, 12), (12, 4, 4, 12), (12, 4, 4, 12), (12, 4, 4, 12), (12, 4, 4, 12), (12, 4, 4, 12), (12, 4, 4, 1)].
- Lh leg dimensions: [(1, 4, 4, 16), (16, 4, 4, 96), (96, 4, 4, 96), (96, 4, 4, 96), (96, 4, 4, 96), (96, 4, 4, 96), (96, 4, 4, 96), (96, 4, 4, 96), (96, 4, 4, 96), (96, 4, 4, 16), (16, 4, 4, 1)].
- Rh leg dimensions: [(1, 4, 4, 16), (16, 4, 4, 96), (96, 4, 4, 96), (96, 4, 4, 96), (96, 4, 4, 96), (96, 4, 4, 96), (96, 4, 4, 96), (96, 4, 4, 96), (96, 4, 4, 96), (96, 4, 4, 16), (16, 4, 4, 1)].
-> E = <Lh|CC*> + <ALhAL*|CC*|ARhAR*> + <CC*|Rh> = 0.08222420106359941 + -0.07609431297168803 + 0.024397268308777368 = 0.03052715640068875.
- C_updated leg dimensions: [(1, 4, 4, 12), (12, 4, 4, 12), (12, 4, 4, 12), (12, 4, 4, 12), (12, 4, 4, 12), (12, 4, 4, 12), (12, 4, 4, 12), (12, 4, 4, 12), (12, 4, 4, 12), (12, 4, 4, 12), (12, 4, 4, 1)].
- largest Hermiticity error: 1.338222495163344e-11.
- maximal number of matvec operations: 61.
-> E_updated = 0.025938491927318348.
Orthogonality column 6:
- C leg dimensions: [(1, 4, 4, 12), (12, 4, 4, 12), (12, 4, 4, 12), (12, 4, 4, 12), (12, 4, 4, 12), (12, 4, 4, 12), (12, 4, 4, 12), (12, 4, 4, 12), (12, 4, 4, 12), (12, 4, 4, 12), (12, 4, 4, 1)].
- Lh leg dimensions: [(1, 4, 4, 16), (16, 4, 4, 96), (96, 4, 4, 96), (96, 4, 4, 96), (96, 4, 4, 96), (96, 4, 4, 96), (96, 4, 4, 96), (96, 4, 4, 96), (96, 4, 4, 96), (96, 4, 4, 16), (16, 4, 4, 1)].
- Rh leg dimensions: [(1, 4, 4, 16), (16, 4, 4, 96), (96, 4, 4, 96), (96, 4, 4, 96), (96, 4, 4, 96), (96, 4, 4, 96), (96, 4, 4, 96), (96, 4, 4, 96), (96, 4, 4, 96), (96, 4, 4, 16), (16, 4, 4, 1)].
-> E = <Lh|CC*> + <ALhAL*|CC*|ARhAR*> + <CC*|Rh> = 0.007871969819653499 + -0.0738211583437387 + 0.09009679458637805 = 0.024147606062292853.
- C_updated leg dimensions: [(1, 4, 4, 12), (12, 4, 4, 12), (12, 4, 4, 12), (12, 4, 4, 12), (12, 4, 4, 12), (12, 4, 4, 12), (12, 4, 4, 12), (12, 4, 4, 12), (12, 4, 4, 12), (12, 4, 4, 12), (12, 4, 4, 1)].
- largest Hermiticity error: 8.134072800153816e-14.
- maximal number of matvec operations: 61.
-> E_updated = 0.02058618375829108.
Orthogonality column 7:
- C leg dimensions: [(1, 4, 4, 12), (12, 4, 4, 12), (12, 4, 4, 12), (12, 4, 4, 12), (12, 4, 4, 12), (12, 4, 4, 12), (12, 4, 4, 12), (12, 4, 4, 12), (12, 4, 4, 12), (12, 4, 4, 12), (12, 4, 4, 1)].
- Lh leg dimensions: [(1, 4, 4, 16), (16, 4, 4, 96), (96, 4, 4, 96), (96, 4, 4, 96), (96, 4, 4, 96), (96, 4, 4, 96), (96, 4, 4, 96), (96, 4, 4, 96), (96, 4, 4, 96), (96, 4, 4, 16), (16, 4, 4, 1)].
- Rh leg dimensions: [(1, 4, 4, 16), (16, 4, 4, 96), (96, 4, 4, 96), (96, 4, 4, 96), (96, 4, 4, 96), (96, 4, 4, 96), (96, 4, 4, 96), (96, 4, 4, 96), (96, 4, 4, 96), (96, 4, 4, 16), (16, 4, 4, 1)].
-> E = <Lh|CC*> + <ALhAL*|CC*|ARhAR*> + <CC*|Rh> = -0.06816058314364636 + -0.06887132386580863 + 0.15688886195025697 = 0.019856954940801974.
- C_updated leg dimensions: [(1, 4, 4, 12), (12, 4, 4, 12), (12, 4, 4, 12), (12, 4, 4, 12), (12, 4, 4, 12), (12, 4, 4, 12), (12, 4, 4, 12), (12, 4, 4, 12), (12, 4, 4, 12), (12, 4, 4, 12), (12, 4, 4, 1)].
- largest Hermiticity error: 2.2986657769991234e-12.
- maximal number of matvec operations: 61.
-> E_updated = 0.01679580307529265.
Orthogonality column 8:
- C leg dimensions: [(1, 4, 4, 12), (12, 4, 4, 12), (12, 4, 4, 12), (12, 4, 4, 12), (12, 4, 4, 12), (12, 4, 4, 12), (12, 4, 4, 12), (12, 4, 4, 12), (12, 4, 4, 12), (12, 4, 4, 12), (12, 4, 4, 1)].
- Lh leg dimensions: [(1, 4, 4, 16), (16, 4, 4, 96), (96, 4, 4, 96), (96, 4, 4, 96), (96, 4, 4, 96), (96, 4, 4, 96), (96, 4, 4, 96), (96, 4, 4, 96), (96, 4, 4, 96), (96, 4, 4, 16), (16, 4, 4, 1)].
- Rh leg dimensions: [(1, 4, 4, 9), (9, 4, 4, 80), (80, 4, 4, 33), (33, 4, 4, 96), (96, 4, 4, 80), (80, 4, 4, 96), (96, 4, 4, 32), (32, 4, 4, 96), (96, 4, 4, 32), (32, 4, 4, 16), (16, 4, 4, 1)].
-> E = <Lh|CC*> + <ALhAL*|CC*|ARhAR*> + <CC*|Rh> = -0.13304828684760084 + -0.07159992824423866 + 0.22743731785963334 = 0.022789102767793834.
- C_updated leg dimensions: [(1, 4, 4, 12), (12, 4, 4, 12), (12, 4, 4, 12), (12, 4, 4, 12), (12, 4, 4, 12), (12, 4, 4, 12), (12, 4, 4, 12), (12, 4, 4, 12), (12, 4, 4, 12), (12, 4, 4, 12), (12, 4, 4, 1)].
- largest Hermiticity error: 1.3265702760864423e-08.
- maximal number of matvec operations: 61.
-> E_updated = 0.01819039629491065.
Orthogonality column 9:
- C leg dimensions: [(1, 4, 2, 12), (12, 4, 4, 12), (12, 4, 2, 12), (12, 4, 4, 12), (12, 4, 4, 12), (12, 4, 4, 12), (12, 4, 4, 12), (12, 4, 2, 12), (12, 4, 4, 12), (12, 4, 2, 12), (12, 4, 4, 1)].
- Lh leg dimensions: [(1, 4, 4, 16), (16, 4, 4, 96), (96, 4, 4, 96), (96, 4, 4, 96), (96, 4, 4, 96), (96, 4, 4, 96), (96, 4, 4, 96), (96, 4, 4, 96), (96, 4, 4, 96), (96, 4, 4, 16), (16, 4, 4, 1)].
- Rh leg dimensions: [(1, 2, 2, 4), (4, 4, 4, 8), (8, 2, 2, 29), (29, 4, 4, 8), (8, 4, 4, 80), (80, 4, 4, 13), (13, 4, 4, 29), (29, 2, 2, 8), (8, 4, 4, 29), (29, 2, 2, 8), (8, 4, 4, 1)].
-> E = <Lh|CC*> + <ALhAL*|CC*|ARhAR*> + <CC*|Rh> = -0.20009937520943621 + -0.07587044182369938 + 0.30104919551929504 = 0.02507937848615943.
- C_updated leg dimensions: [(1, 4, 2, 8), (8, 4, 4, 12), (12, 4, 2, 12), (12, 4, 4, 12), (12, 4, 4, 12), (12, 4, 4, 12), (12, 4, 4, 12), (12, 4, 2, 12), (12, 4, 4, 12), (12, 4, 2, 12), (12, 4, 4, 1)].
- largest Hermiticity error: 3.9022387832511105e-09.
- maximal number of matvec operations: 61.
-> E_updated = 0.020456502513111652.
Orthogonality column 10:
- C leg dimensions: [(1, 4, 2, 8), (8, 4, 2, 12), (12, 4, 2, 12), (12, 4, 2, 12), (12, 4, 2, 12), (12, 4, 4, 12), (12, 4, 2, 12), (12, 4, 2, 12), (12, 4, 2, 12), (12, 4, 2, 12), (12, 4, 2, 1)].
- Lh leg dimensions: [(1, 4, 4, 16), (16, 4, 4, 96), (96, 4, 4, 96), (96, 4, 4, 96), (96, 4, 4, 96), (96, 4, 4, 96), (96, 4, 4, 96), (96, 4, 4, 96), (96, 4, 4, 96), (96, 4, 4, 16), (16, 4, 4, 1)].
- Rh leg dimensions: [(1, 2, 2, 3), (3, 2, 2, 8), (8, 2, 2, 3), (3, 2, 2, 8), (8, 2, 2, 3), (3, 4, 4, 9), (9, 2, 2, 3), (3, 2, 2, 8), (8, 2, 2, 3), (3, 2, 2, 4), (4, 2, 2, 1)].
-> E = <Lh|CC*> + <ALhAL*|CC*|ARhAR*> + <CC*|Rh> = -0.24172212752764802 + -0.08363988032559917 + 0.38526478478485393 = 0.05990277693160673.
- C_updated leg dimensions: [(1, 4, 2, 8), (8, 4, 2, 12), (12, 4, 2, 12), (12, 4, 2, 12), (12, 4, 2, 12), (12, 4, 4, 12), (12, 4, 2, 12), (12, 4, 2, 12), (12, 4, 2, 12), (12, 4, 2, 8), (8, 4, 2, 1)].
- largest Hermiticity error: 6.085388891313549e-09.
- maximal number of matvec operations: 61.
-> E_updated = 0.05124975977510044.
Orthogonality column 11:
- C leg dimensions: [(1, 4, 1, 8), (8, 4, 2, 12), (12, 4, 1, 12), (12, 4, 2, 12), (12, 4, 1, 12), (12, 4, 2, 12), (12, 4, 2, 12), (12, 4, 1, 12), (12, 4, 2, 12), (12, 4, 1, 8), (8, 4, 2, 1)].
- Lh leg dimensions: [(1, 4, 4, 16), (16, 4, 4, 96), (96, 4, 4, 96), (96, 4, 4, 96), (96, 4, 4, 96), (96, 4, 4, 96), (96, 4, 4, 96), (96, 4, 4, 96), (96, 4, 4, 96), (96, 4, 4, 16), (16, 4, 4, 1)].
-> E = <Lh|CC*> + <ALhAL*|CC*|ARhAR*> + <CC*|Rh> = -0.3191486871238492 + 0.38603653195880283 + None = 0.06688784483495364.
- C_updated leg dimensions: [(1, 4, 1, 4), (4, 4, 2, 12), (12, 4, 1, 12), (12, 4, 2, 12), (12, 4, 1, 12), (12, 4, 2, 12), (12, 4, 2, 12), (12, 4, 1, 12), (12, 4, 2, 12), (12, 4, 1, 8), (8, 4, 2, 1)].
- largest Hermiticity error: 4.930064071026392e-09.
- maximal number of matvec operations: 51.
-> E_updated = 0.05728853065196163.
Orthogonality column 12:
- C leg dimensions: [(1, 3, 1, 3), (3, 4, 1, 12), (12, 4, 1, 12), (12, 4, 1, 12), (12, 4, 1, 12), (12, 4, 1, 12), (12, 4, 1, 12), (12, 4, 1, 12), (12, 4, 1, 12), (12, 4, 1, 8), (8, 4, 1, 1)].
- Lh leg dimensions: [(1, 3, 3, 9), (9, 4, 4, 96), (96, 4, 4, 96), (96, 4, 4, 96), (96, 4, 4, 96), (96, 4, 4, 96), (96, 4, 4, 96), (96, 4, 4, 96), (96, 4, 4, 96), (96, 4, 4, 16), (16, 4, 4, 1)].
-> E = <Lh|CC*> + <ALhAL*|CC*|ARhAR*> + <CC*|Rh> = 0.08020474824575545 + None + None = 0.08020474824575545.
- C_updated leg dimensions: [(1, 3, 1, 3), (3, 4, 1, 12), (12, 4, 1, 12), (12, 4, 1, 12), (12, 4, 1, 12), (12, 4, 1, 12), (12, 4, 1, 12), (12, 4, 1, 12), (12, 4, 1, 12), (12, 4, 1, 4), (4, 4, 1, 1)].
- largest Hermiticity error: 2.478013493746736e-07.
- maximal number of matvec operations: 51.
-> E_updated = 0.06239720693148672.
Orthogonality column 11:
- C leg dimensions: [(1, 4, 1, 4), (4, 4, 2, 12), (12, 4, 1, 12), (12, 4, 2, 12), (12, 4, 1, 12), (12, 4, 2, 12), (12, 4, 2, 12), (12, 4, 1, 12), (12, 4, 2, 12), (12, 4, 1, 4), (4, 4, 2, 1)].
- Lh leg dimensions: [(1, 4, 4, 16), (16, 4, 4, 96), (96, 4, 4, 96), (96, 4, 4, 96), (96, 4, 4, 96), (96, 4, 4, 96), (96, 4, 4, 96), (96, 4, 4, 96), (96, 4, 4, 96), (96, 4, 4, 16), (16, 4, 4, 1)].
-> E = <Lh|CC*> + <ALhAL*|CC*|ARhAR*> + <CC*|Rh> = -0.31003118053132794 + 0.38794927375199784 + None = 0.07791809322066989.
- C_updated leg dimensions: [(1, 4, 1, 4), (4, 4, 2, 12), (12, 4, 1, 12), (12, 4, 2, 12), (12, 4, 1, 12), (12, 4, 2, 12), (12, 4, 2, 12), (12, 4, 1, 12), (12, 4, 2, 12), (12, 4, 1, 8), (8, 4, 2, 1)].
- largest Hermiticity error: 4.366683375295594e-09.
- maximal number of matvec operations: 51.
-> E_updated = 0.05728859576037446.
Orthogonality column 10:
- C leg dimensions: [(1, 4, 2, 4), (4, 4, 2, 12), (12, 4, 2, 12), (12, 4, 2, 12), (12, 4, 2, 12), (12, 4, 4, 12), (12, 4, 2, 12), (12, 4, 2, 12), (12, 4, 2, 12), (12, 4, 2, 8), (8, 4, 2, 1)].
- Lh leg dimensions: [(1, 4, 4, 16), (16, 4, 4, 96), (96, 4, 4, 96), (96, 4, 4, 96), (96, 4, 4, 96), (96, 4, 4, 96), (96, 4, 4, 96), (96, 4, 4, 96), (96, 4, 4, 96), (96, 4, 4, 16), (16, 4, 4, 1)].
- Rh leg dimensions: [(1, 2, 2, 3), (3, 2, 2, 8), (8, 2, 2, 3), (3, 2, 2, 8), (8, 2, 2, 3), (3, 4, 4, 9), (9, 2, 2, 3), (3, 2, 2, 8), (8, 2, 2, 3), (3, 2, 2, 4), (4, 2, 2, 1)].
-> E = <Lh|CC*> + <ALhAL*|CC*|ARhAR*> + <CC*|Rh> = -0.2374686380644048 + -0.08377144450213439 + 0.38556181181258564 = 0.06432172924604646.
- C_updated leg dimensions: [(1, 4, 2, 8), (8, 4, 2, 12), (12, 4, 2, 12), (12, 4, 2, 12), (12, 4, 2, 12), (12, 4, 4, 12), (12, 4, 2, 12), (12, 4, 2, 12), (12, 4, 2, 12), (12, 4, 2, 8), (8, 4, 2, 1)].
- largest Hermiticity error: 5.24245484167222e-09.
- maximal number of matvec operations: 61.
-> E_updated = 0.051395460413862455.
Orthogonality column 9:
- C leg dimensions: [(1, 4, 2, 8), (8, 4, 4, 12), (12, 4, 2, 12), (12, 4, 4, 12), (12, 4, 4, 12), (12, 4, 4, 12), (12, 4, 4, 12), (12, 4, 2, 12), (12, 4, 4, 12), (12, 4, 2, 8), (8, 4, 4, 1)].
- Lh leg dimensions: [(1, 4, 4, 16), (16, 4, 4, 96), (96, 4, 4, 96), (96, 4, 4, 96), (96, 4, 4, 96), (96, 4, 4, 96), (96, 4, 4, 96), (96, 4, 4, 96), (96, 4, 4, 96), (96, 4, 4, 16), (16, 4, 4, 1)].
- Rh leg dimensions: [(1, 2, 2, 4), (4, 4, 4, 8), (8, 2, 2, 29), (29, 4, 4, 8), (8, 4, 4, 80), (80, 4, 4, 13), (13, 4, 4, 29), (29, 2, 2, 8), (8, 4, 4, 29), (29, 2, 2, 8), (8, 4, 4, 1)].
-> E = <Lh|CC*> + <ALhAL*|CC*|ARhAR*> + <CC*|Rh> = -0.19508872462641513 + -0.07336833097967968 + 0.3012071848094883 = 0.03275012920339354.
- C_updated leg dimensions: [(1, 4, 2, 8), (8, 4, 4, 12), (12, 4, 2, 12), (12, 4, 4, 12), (12, 4, 4, 12), (12, 4, 4, 12), (12, 4, 4, 12), (12, 4, 2, 12), (12, 4, 4, 12), (12, 4, 2, 12), (12, 4, 4, 1)].
- largest Hermiticity error: 3.923552208685837e-09.
- maximal number of matvec operations: 61.
-> E_updated = 0.020658943702936427.
Orthogonality column 8:
- C leg dimensions: [(1, 4, 4, 8), (8, 4, 4, 12), (12, 4, 4, 12), (12, 4, 4, 12), (12, 4, 4, 12), (12, 4, 4, 12), (12, 4, 4, 12), (12, 4, 4, 12), (12, 4, 4, 12), (12, 4, 4, 12), (12, 4, 4, 1)].
- Lh leg dimensions: [(1, 4, 4, 16), (16, 4, 4, 96), (96, 4, 4, 96), (96, 4, 4, 96), (96, 4, 4, 96), (96, 4, 4, 96), (96, 4, 4, 96), (96, 4, 4, 96), (96, 4, 4, 96), (96, 4, 4, 16), (16, 4, 4, 1)].
- Rh leg dimensions: [(1, 4, 4, 9), (9, 4, 4, 80), (80, 4, 4, 33), (33, 4, 4, 96), (96, 4, 4, 80), (80, 4, 4, 96), (96, 4, 4, 32), (32, 4, 4, 96), (96, 4, 4, 32), (32, 4, 4, 16), (16, 4, 4, 1)].
-> E = <Lh|CC*> + <ALhAL*|CC*|ARhAR*> + <CC*|Rh> = -0.1302894743057902 + -0.06926160520537047 + 0.22456594022229606 = 0.0250148607111354.
- C_updated leg dimensions: [(1, 4, 4, 12), (12, 4, 4, 12), (12, 4, 4, 12), (12, 4, 4, 12), (12, 4, 4, 12), (12, 4, 4, 12), (12, 4, 4, 12), (12, 4, 4, 12), (12, 4, 4, 12), (12, 4, 4, 12), (12, 4, 4, 1)].
- largest Hermiticity error: 1.3743310556372977e-08.
- maximal number of matvec operations: 61.
-> E_updated = 0.01816625279757607.
Orthogonality column 7:
- C leg dimensions: [(1, 4, 4, 12), (12, 4, 4, 12), (12, 4, 4, 12), (12, 4, 4, 12), (12, 4, 4, 12), (12, 4, 4, 12), (12, 4, 4, 12), (12, 4, 4, 12), (12, 4, 4, 12), (12, 4, 4, 12), (12, 4, 4, 1)].
- Lh leg dimensions: [(1, 4, 4, 16), (16, 4, 4, 96), (96, 4, 4, 96), (96, 4, 4, 96), (96, 4, 4, 96), (96, 4, 4, 96), (96, 4, 4, 96), (96, 4, 4, 96), (96, 4, 4, 96), (96, 4, 4, 16), (16, 4, 4, 1)].
- Rh leg dimensions: [(1, 4, 4, 16), (16, 4, 4, 96), (96, 4, 4, 96), (96, 4, 4, 96), (96, 4, 4, 96), (96, 4, 4, 96), (96, 4, 4, 96), (96, 4, 4, 96), (96, 4, 4, 96), (96, 4, 4, 16), (16, 4, 4, 1)].
-> E = <Lh|CC*> + <ALhAL*|CC*|ARhAR*> + <CC*|Rh> = -0.06416016525505375 + -0.07027796602992145 + 0.15417703232900568 = 0.019738901044030477.
- C_updated leg dimensions: [(1, 4, 4, 12), (12, 4, 4, 12), (12, 4, 4, 12), (12, 4, 4, 12), (12, 4, 4, 12), (12, 4, 4, 12), (12, 4, 4, 12), (12, 4, 4, 12), (12, 4, 4, 12), (12, 4, 4, 12), (12, 4, 4, 1)].
- largest Hermiticity error: 2.608113776345525e-12.
- maximal number of matvec operations: 61.
-> E_updated = 0.01469535381797155.
Orthogonality column 6:
- C leg dimensions: [(1, 4, 4, 12), (12, 4, 4, 12), (12, 4, 4, 12), (12, 4, 4, 12), (12, 4, 4, 12), (12, 4, 4, 12), (12, 4, 4, 12), (12, 4, 4, 12), (12, 4, 4, 12), (12, 4, 4, 12), (12, 4, 4, 1)].
- Lh leg dimensions: [(1, 4, 4, 16), (16, 4, 4, 96), (96, 4, 4, 96), (96, 4, 4, 96), (96, 4, 4, 96), (96, 4, 4, 96), (96, 4, 4, 96), (96, 4, 4, 96), (96, 4, 4, 96), (96, 4, 4, 16), (16, 4, 4, 1)].
- Rh leg dimensions: [(1, 4, 4, 16), (16, 4, 4, 96), (96, 4, 4, 96), (96, 4, 4, 96), (96, 4, 4, 96), (96, 4, 4, 96), (96, 4, 4, 96), (96, 4, 4, 96), (96, 4, 4, 96), (96, 4, 4, 16), (16, 4, 4, 1)].
-> E = <Lh|CC*> + <ALhAL*|CC*|ARhAR*> + <CC*|Rh> = 0.01020933749104027 + -0.07411371870134228 + 0.09435633559741229 = 0.030451954387110278.
- C_updated leg dimensions: [(1, 4, 4, 12), (12, 4, 4, 12), (12, 4, 4, 12), (12, 4, 4, 12), (12, 4, 4, 12), (12, 4, 4, 12), (12, 4, 4, 12), (12, 4, 4, 12), (12, 4, 4, 12), (12, 4, 4, 12), (12, 4, 4, 1)].
- largest Hermiticity error: 4.2214665381923227e-10.
- maximal number of matvec operations: 61.
-> E_updated = 0.027018600155270883.
Orthogonality column 5:
- C leg dimensions: [(1, 4, 4, 12), (12, 4, 4, 12), (12, 4, 4, 12), (12, 4, 4, 12), (12, 4, 4, 12), (12, 4, 4, 12), (12, 4, 4, 12), (12, 4, 4, 12), (12, 4, 4, 12), (12, 4, 4, 12), (12, 4, 4, 1)].
- Lh leg dimensions: [(1, 4, 4, 16), (16, 4, 4, 96), (96, 4, 4, 96), (96, 4, 4, 96), (96, 4, 4, 96), (96, 4, 4, 96), (96, 4, 4, 96), (96, 4, 4, 96), (96, 4, 4, 96), (96, 4, 4, 16), (16, 4, 4, 1)].
- Rh leg dimensions: [(1, 4, 4, 16), (16, 4, 4, 96), (96, 4, 4, 96), (96, 4, 4, 96), (96, 4, 4, 96), (96, 4, 4, 96), (96, 4, 4, 96), (96, 4, 4, 96), (96, 4, 4, 96), (96, 4, 4, 16), (16, 4, 4, 1)].
-> E = <Lh|CC*> + <ALhAL*|CC*|ARhAR*> + <CC*|Rh> = 0.08344597359904249 + -0.07522089062501662 + 0.02480804757303195 = 0.033033130547057823.
- C_updated leg dimensions: [(1, 4, 4, 12), (12, 4, 4, 12), (12, 4, 4, 12), (12, 4, 4, 12), (12, 4, 4, 12), (12, 4, 4, 12), (12, 4, 4, 12), (12, 4, 4, 12), (12, 4, 4, 12), (12, 4, 4, 12), (12, 4, 4, 1)].
- largest Hermiticity error: 2.237392541886761e-10.
- maximal number of matvec operations: 61.
-> E_updated = 0.030451855537293855.
Orthogonality column 4:
- C leg dimensions: [(1, 4, 4, 12), (12, 4, 4, 12), (12, 4, 4, 12), (12, 4, 4, 12), (12, 4, 4, 12), (12, 4, 4, 12), (12, 4, 4, 12), (12, 4, 4, 12), (12, 4, 4, 12), (12, 4, 4, 12), (12, 4, 4, 1)].
- Lh leg dimensions: [(1, 4, 4, 16), (16, 4, 4, 32), (32, 4, 4, 96), (96, 4, 4, 32), (32, 4, 4, 96), (96, 4, 4, 80), (80, 4, 4, 96), (96, 4, 4, 33), (33, 4, 4, 80), (80, 4, 4, 9), (9, 4, 4, 1)].
- Rh leg dimensions: [(1, 4, 4, 16), (16, 4, 4, 96), (96, 4, 4, 96), (96, 4, 4, 96), (96, 4, 4, 96), (96, 4, 4, 96), (96, 4, 4, 96), (96, 4, 4, 96), (96, 4, 4, 96), (96, 4, 4, 16), (16, 4, 4, 1)].
-> E = <Lh|CC*> + <ALhAL*|CC*|ARhAR*> + <CC*|Rh> = 0.157446546626344 + -0.07646416773192707 + -0.05059090567995865 = 0.030391473214458273.
- C_updated leg dimensions: [(1, 4, 4, 12), (12, 4, 4, 12), (12, 4, 4, 12), (12, 4, 4, 12), (12, 4, 4, 12), (12, 4, 4, 12), (12, 4, 4, 12), (12, 4, 4, 12), (12, 4, 4, 12), (12, 4, 4, 12), (12, 4, 4, 1)].
- largest Hermiticity error: 1.5719269206952023e-08.
- maximal number of matvec operations: 61.
-> E_updated = 0.026479818801681865.
Orthogonality column 3:
- C leg dimensions: [(1, 4, 4, 12), (12, 2, 4, 12), (12, 4, 4, 12), (12, 2, 4, 12), (12, 4, 4, 12), (12, 4, 4, 12), (12, 4, 4, 12), (12, 4, 4, 12), (12, 2, 4, 12), (12, 4, 4, 8), (8, 2, 4, 1)].
- Lh leg dimensions: [(1, 4, 4, 8), (8, 2, 2, 29), (29, 4, 4, 8), (8, 2, 2, 29), (29, 4, 4, 13), (13, 4, 4, 80), (80, 4, 4, 8), (8, 4, 4, 29), (29, 2, 2, 8), (8, 4, 4, 4), (4, 2, 2, 1)].
- Rh leg dimensions: [(1, 4, 4, 16), (16, 4, 4, 96), (96, 4, 4, 96), (96, 4, 4, 96), (96, 4, 4, 96), (96, 4, 4, 96), (96, 4, 4, 96), (96, 4, 4, 96), (96, 4, 4, 96), (96, 4, 4, 16), (16, 4, 4, 1)].
-> E = <Lh|CC*> + <ALhAL*|CC*|ARhAR*> + <CC*|Rh> = 0.23727729340822293 + -0.08129298524642382 + -0.10109199259493008 = 0.05489231556686901.
- C_updated leg dimensions: [(1, 4, 4, 12), (12, 2, 4, 12), (12, 4, 4, 12), (12, 2, 4, 12), (12, 4, 4, 12), (12, 4, 4, 12), (12, 4, 4, 12), (12, 4, 4, 12), (12, 2, 4, 12), (12, 4, 4, 8), (8, 2, 4, 1)].
- largest Hermiticity error: 1.0520298874304409e-08.
- maximal number of matvec operations: 61.
-> E_updated = 0.04790424647308037.
Orthogonality column 2:
- C leg dimensions: [(1, 2, 4, 8), (8, 2, 4, 12), (12, 2, 4, 12), (12, 2, 4, 12), (12, 2, 4, 12), (12, 4, 4, 12), (12, 2, 4, 12), (12, 2, 4, 12), (12, 2, 4, 12), (12, 2, 4, 8), (8, 2, 4, 1)].
- Lh leg dimensions: [(1, 2, 2, 4), (4, 2, 2, 3), (3, 2, 2, 8), (8, 2, 2, 3), (3, 2, 2, 9), (9, 4, 4, 3), (3, 2, 2, 8), (8, 2, 2, 3), (3, 2, 2, 8), (8, 2, 2, 3), (3, 2, 2, 1)].
- Rh leg dimensions: [(1, 4, 4, 16), (16, 4, 4, 96), (96, 4, 4, 96), (96, 4, 4, 96), (96, 4, 4, 96), (96, 4, 4, 96), (96, 4, 4, 96), (96, 4, 4, 96), (96, 4, 4, 96), (96, 4, 4, 16), (16, 4, 4, 1)].
-> E = <Lh|CC*> + <ALhAL*|CC*|ARhAR*> + <CC*|Rh> = 0.3419373909033012 + -0.10449752612867194 + -0.12603663854374617 = 0.11140322623088311.
- C_updated leg dimensions: [(1, 2, 4, 8), (8, 2, 4, 12), (12, 2, 4, 12), (12, 2, 4, 12), (12, 2, 4, 12), (12, 4, 4, 12), (12, 2, 4, 12), (12, 2, 4, 12), (12, 2, 4, 12), (12, 2, 4, 8), (8, 2, 4, 1)].
- largest Hermiticity error: 8.067435398720069e-09.
- maximal number of matvec operations: 61.
-> E_updated = 0.10084886054855394.
Orthogonality column 1:
- C leg dimensions: [(1, 2, 4, 8), (8, 1, 4, 12), (12, 2, 4, 12), (12, 1, 4, 12), (12, 2, 4, 12), (12, 2, 4, 12), (12, 1, 4, 12), (12, 2, 4, 12), (12, 1, 4, 12), (12, 2, 4, 4), (4, 1, 4, 1)].
- Rh leg dimensions: [(1, 4, 4, 16), (16, 4, 4, 96), (96, 4, 4, 96), (96, 4, 4, 96), (96, 4, 4, 96), (96, 4, 4, 96), (96, 4, 4, 96), (96, 4, 4, 96), (96, 4, 4, 96), (96, 4, 4, 16), (16, 4, 4, 1)].
-> E = <Lh|CC*> + <ALhAL*|CC*|ARhAR*> + <CC*|Rh> = None + 0.3437236685030226 + -0.16939261568637798 = 0.17433105281664463.
- C_updated leg dimensions: [(1, 2, 4, 8), (8, 1, 4, 12), (12, 2, 4, 12), (12, 1, 4, 12), (12, 2, 4, 12), (12, 2, 4, 12), (12, 1, 4, 12), (12, 2, 4, 12), (12, 1, 4, 12), (12, 2, 4, 4), (4, 1, 4, 1)].
- largest Hermiticity error: 6.322588286974098e-09.
- maximal number of matvec operations: 51.
-> E_updated = 0.16068182660937563.
Orthogonality column 0:
- C leg dimensions: [(1, 1, 4, 4), (4, 1, 4, 12), (12, 1, 4, 12), (12, 1, 4, 12), (12, 1, 4, 12), (12, 1, 4, 12), (12, 1, 4, 12), (12, 1, 4, 12), (12, 1, 4, 12), (12, 1, 4, 3), (3, 1, 3, 1)].
- Rh leg dimensions: [(1, 4, 4, 16), (16, 4, 4, 96), (96, 4, 4, 96), (96, 4, 4, 96), (96, 4, 4, 96), (96, 4, 4, 96), (96, 4, 4, 96), (96, 4, 4, 96), (96, 4, 4, 96), (96, 4, 4, 9), (9, 3, 3, 1)].
-> E = <Lh|CC*> + <ALhAL*|CC*|ARhAR*> + <CC*|Rh> = None + None + 0.18685495989349607 = 0.18685495989349607.
- C_updated leg dimensions: [(1, 1, 4, 4), (4, 1, 4, 12), (12, 1, 4, 12), (12, 1, 4, 12), (12, 1, 4, 12), (12, 1, 4, 12), (12, 1, 4, 12), (12, 1, 4, 12), (12, 1, 4, 12), (12, 1, 4, 3), (3, 1, 3, 1)].
- largest Hermiticity error: 5.237390229623017e-07.
- maximal number of matvec operations: 41.
-> E_updated = 0.16673405921241252.
=> <H> - E0 = 0.05236245025423614.

<H>s - E0 = [0.09084445 0.04842062 0.05236245]
