Lx = 6, Ly = 6, g = 3.0, D_max = 3, chi_max_c = 18, zeroE = True. 

E = sum_n <iso_peps|h_n|iso_peps> = sum_n [ 6.35750829e-14  5.37684354e-13  2.81181256e-13  3.13573886e-13
  2.01813614e-13  1.14113678e-13  1.64888848e-13 -6.30543233e-14
 -2.14557588e-13  4.12283621e-13  4.81156962e-13] 
  = 2.2926593924074846e-12. 

chi_max_b = 24, combine_hs = False.
Lh leg dimensions:
- [(1, 3, 3, 9), (9, 3, 3, 24), (24, 3, 3, 24), (24, 3, 3, 24), (24, 3, 3, 24), (24, 3, 3, 24), (24, 3, 3, 24), (24, 3, 3, 24), (24, 3, 3, 24), (24, 3, 3, 9), (9, 3, 3, 1)]
- [(1, 3, 3, 9), (9, 3, 3, 24), (24, 3, 3, 24), (24, 3, 3, 24), (24, 3, 3, 24), (24, 3, 3, 24), (24, 3, 3, 24), (24, 3, 3, 24), (24, 3, 3, 24), (24, 3, 3, 9), (9, 3, 3, 1)]
- [(1, 3, 3, 9), (9, 3, 3, 24), (24, 3, 3, 24), (24, 3, 3, 24), (24, 3, 3, 24), (24, 3, 3, 24), (24, 3, 3, 24), (24, 3, 3, 24), (24, 3, 3, 24), (24, 3, 3, 9), (9, 3, 3, 1)]
- [(1, 3, 3, 9), (9, 3, 3, 24), (24, 3, 3, 24), (24, 3, 3, 24), (24, 3, 3, 24), (24, 3, 3, 24), (24, 3, 3, 24), (24, 3, 3, 24), (24, 3, 3, 24), (24, 3, 3, 9), (9, 3, 3, 1)]
- [(1, 3, 3, 9), (9, 3, 3, 24), (24, 3, 3, 24), (24, 3, 3, 24), (24, 3, 3, 24), (24, 3, 3, 24), (24, 3, 3, 24), (24, 3, 3, 24), (24, 3, 3, 24), (24, 3, 3, 9), (9, 3, 3, 1)]
- [(1, 3, 3, 9), (9, 3, 3, 24), (24, 3, 3, 24), (24, 3, 3, 24), (24, 3, 3, 24), (24, 3, 3, 24), (24, 3, 3, 24), (24, 3, 3, 24), (24, 3, 3, 24), (24, 3, 3, 9), (9, 3, 3, 1)]
- [(1, 3, 3, 9), (9, 3, 3, 24), (24, 3, 3, 24), (24, 3, 3, 24), (24, 3, 3, 24), (24, 3, 3, 24), (24, 3, 3, 24), (24, 3, 3, 24), (24, 3, 3, 24), (24, 3, 3, 9), (9, 3, 3, 1)]
- [(1, 3, 3, 9), (9, 3, 3, 24), (24, 3, 3, 24), (24, 3, 3, 24), (24, 3, 3, 24), (24, 3, 3, 24), (24, 3, 3, 24), (24, 3, 3, 24), (24, 3, 3, 24), (24, 3, 3, 9), (9, 3, 3, 1)]
- [(1, 3, 3, 9), (9, 3, 3, 24), (24, 3, 3, 18), (18, 3, 3, 24), (24, 3, 3, 18), (18, 3, 3, 24), (24, 3, 3, 18), (18, 3, 3, 24), (24, 3, 3, 18), (18, 3, 3, 9), (9, 3, 3, 1)]
- [(1, 3, 3, 9), (9, 3, 3, 18), (18, 3, 3, 18), (18, 3, 3, 19), (19, 3, 3, 18), (18, 3, 3, 19), (19, 3, 3, 18), (18, 3, 3, 18), (18, 3, 3, 18), (18, 3, 3, 9), (9, 3, 3, 1)]
Lh truncation errors:
- [0.00000000e+00 1.18979198e-03 1.41407996e-30 1.09113308e-03
 1.17559609e-30 2.44126357e-03 1.41699326e-30 2.60046263e-02
 5.08185522e-31 0.00000000e+00]
- [0.00000000e+00 5.26540887e-04 1.41146722e-30 1.10946136e-03
 1.17621485e-30 2.31783599e-03 1.59981174e-30 1.64200098e-02
 4.96348506e-31 0.00000000e+00]
- [0.00000000e+00 6.43729065e-04 1.52963370e-30 1.04705368e-03
 1.31723996e-30 1.25554630e-03 1.49474922e-30 6.30992674e-03
 5.36999941e-31 0.00000000e+00]
- [0.00000000e+00 6.39545329e-04 1.42299330e-30 7.49357169e-04
 1.27999137e-30 8.69112069e-04 1.40284832e-30 4.17888143e-03
 5.73697880e-31 0.00000000e+00]
- [0.00000000e+00 9.78966630e-04 1.37567966e-30 7.21764298e-04
 1.27593493e-30 8.22591435e-04 1.45943611e-30 3.03838521e-03
 5.53478725e-31 0.00000000e+00]
- [0.00000000e+00 5.38068274e-04 1.42575082e-30 5.24372729e-04
 1.30730221e-30 6.62144653e-04 1.39772497e-30 2.31855340e-03
 5.52505224e-31 0.00000000e+00]
- [0.00000000e+00 5.12486115e-04 1.33285921e-30 4.72207328e-04
 1.47811655e-30 5.01361803e-04 1.43373878e-30 9.97188449e-04
 6.60657276e-31 0.00000000e+00]
- [0.00000000e+00 1.35300205e-04 1.44922942e-30 2.42319899e-04
 1.31332572e-30 2.74388719e-04 1.46140740e-30 3.23695621e-04
 5.83588094e-31 0.00000000e+00]
- [0.00000000e+00 5.22819249e-05 1.47198704e-30 9.47400193e-05
 1.37722214e-30 9.15071734e-05 1.38119405e-30 1.83080949e-04
 6.68941595e-31 0.00000000e+00]
- [0.00000000e+00 4.51787020e-31 1.06295498e-30 2.71059840e-30
 1.13897297e-30 5.29750600e-30 1.52843049e-30 1.86078910e-30
 6.18293793e-31 0.00000000e+00]
-> EL = sum_n <Lh_n|CC*> = 0.21148581746261225.
Orthogonality column 11:
-> EC = <ALhAL*|CC*|ARhAR*> = 4.811569622166746e-13.
=> E = 0.21148581746309342.
=> deltaE_bc = 0.21148581746080075.
chi_max_b = 24, combine_hs = True.
Lh leg dimensions:
- [(1, 2, 2, 4), (4, 2, 2, 3), (3, 2, 2, 8), (8, 2, 2, 3), (3, 2, 2, 9), (9, 3, 3, 3), (3, 2, 2, 8), (8, 2, 2, 3), (3, 2, 2, 8), (8, 2, 2, 3), (3, 2, 2, 1)]
- [(1, 3, 3, 8), (8, 2, 2, 24), (24, 3, 3, 8), (8, 2, 2, 24), (24, 3, 3, 12), (12, 3, 3, 24), (24, 3, 3, 8), (8, 3, 3, 24), (24, 2, 2, 8), (8, 3, 3, 4), (4, 2, 2, 1)]
- [(1, 3, 3, 9), (9, 3, 3, 24), (24, 3, 3, 24), (24, 3, 3, 24), (24, 3, 3, 24), (24, 3, 3, 24), (24, 3, 3, 24), (24, 3, 3, 24), (24, 3, 3, 24), (24, 3, 3, 8), (8, 3, 3, 1)]
- [(1, 3, 3, 9), (9, 3, 3, 24), (24, 3, 3, 24), (24, 3, 3, 24), (24, 3, 3, 24), (24, 3, 3, 24), (24, 3, 3, 24), (24, 3, 3, 24), (24, 3, 3, 24), (24, 3, 3, 9), (9, 3, 3, 1)]
- [(1, 3, 3, 9), (9, 3, 3, 24), (24, 3, 3, 24), (24, 3, 3, 24), (24, 3, 3, 24), (24, 3, 3, 24), (24, 3, 3, 24), (24, 3, 3, 24), (24, 3, 3, 24), (24, 3, 3, 9), (9, 3, 3, 1)]
- [(1, 3, 3, 9), (9, 3, 3, 24), (24, 3, 3, 24), (24, 3, 3, 24), (24, 3, 3, 24), (24, 3, 3, 24), (24, 3, 3, 24), (24, 3, 3, 24), (24, 3, 3, 24), (24, 3, 3, 9), (9, 3, 3, 1)]
- [(1, 3, 3, 9), (9, 3, 3, 24), (24, 3, 3, 24), (24, 3, 3, 24), (24, 3, 3, 24), (24, 3, 3, 24), (24, 3, 3, 24), (24, 3, 3, 24), (24, 3, 3, 24), (24, 3, 3, 9), (9, 3, 3, 1)]
- [(1, 3, 3, 9), (9, 3, 3, 24), (24, 3, 3, 24), (24, 3, 3, 24), (24, 3, 3, 24), (24, 3, 3, 24), (24, 3, 3, 24), (24, 3, 3, 24), (24, 3, 3, 24), (24, 3, 3, 9), (9, 3, 3, 1)]
- [(1, 3, 3, 9), (9, 3, 3, 24), (24, 3, 3, 24), (24, 3, 3, 24), (24, 3, 3, 24), (24, 3, 3, 24), (24, 3, 3, 24), (24, 3, 3, 24), (24, 3, 3, 24), (24, 3, 3, 9), (9, 3, 3, 1)]
- [(1, 3, 3, 9), (9, 3, 3, 24), (24, 3, 3, 24), (24, 3, 3, 24), (24, 3, 3, 24), (24, 3, 3, 24), (24, 3, 3, 24), (24, 3, 3, 24), (24, 3, 3, 24), (24, 3, 3, 9), (9, 3, 3, 1)]
Lh truncation errors:
- [0.00000000e+00 2.25482127e-33 1.39449680e-36 2.88645377e-31
 3.60169394e-32 1.63115405e-31 3.86317028e-35 1.73506165e-31
 2.15803228e-36 2.61380715e-35]
- [4.61006592e-37 8.20342125e-24 8.68992969e-31 1.16804034e-21
 1.33348837e-30 2.01926178e-11 1.32067331e-30 1.11817460e-25
 2.78398340e-31 0.00000000e+00]
- [0.00000000e+00 1.92926067e-19 2.87472769e-08 3.47735462e-20
 8.62689198e-07 8.67909520e-14 9.37650359e-08 3.98612859e-21
 2.58562970e-07 5.99935835e-36]
- [0.00000000e+00 3.43503500e-06 3.03999261e-10 5.28541375e-07
 5.90897260e-09 1.51139607e-05 8.27322674e-10 4.74336604e-06
 1.19386328e-08 0.00000000e+00]
- [0.00000000e+00 5.47782009e-08 1.22558076e-05 3.11017619e-09
 1.03015042e-05 1.45393253e-08 5.68676764e-06 5.91828600e-09
 9.83947068e-06 0.00000000e+00]
- [0.00000000e+00 3.47881973e-05 5.38193130e-08 2.84472310e-05
 6.04521937e-08 1.29664645e-05 5.90317175e-08 4.96355441e-05
 1.46161422e-07 0.00000000e+00]
- [0.00000000e+00 5.93861489e-07 4.25845893e-05 1.17547088e-07
 1.66973174e-05 1.39394949e-07 2.93860356e-05 5.18942594e-07
 2.63651494e-05 0.00000000e+00]
- [0.00000000e+00 3.29577502e-05 3.42371261e-07 2.31036311e-05
 1.86362811e-07 1.95805889e-05 2.07089704e-07 7.93615502e-05
 3.74595076e-07 0.00000000e+00]
- [0.00000000e+00 3.15344445e-06 6.92123840e-05 3.13136028e-07
 1.84845337e-05 2.23180860e-07 2.51629811e-05 5.93267785e-07
 3.09492561e-05 0.00000000e+00]
- [0.00000000e+00 3.17848462e-05 6.22269620e-07 3.21041205e-05
 4.84703787e-07 3.73291128e-05 3.61800005e-07 8.11516225e-05
 6.70433157e-07 0.00000000e+00]
-> EL = <Lh|CC*> = 0.1732529341288515.
Orthogonality column 11:
-> EC = <ALhAL*|CC*|ARhAR*> = 4.811569622166746e-13.
=> E = 0.17325293412933268.
=> deltaE_bcc = 0.17325293412704001. 

chi_max_b = 54, combine_hs = False.
Lh leg dimensions:
- [(1, 3, 3, 9), (9, 3, 3, 54), (54, 3, 3, 54), (54, 3, 3, 54), (54, 3, 3, 54), (54, 3, 3, 54), (54, 3, 3, 54), (54, 3, 3, 54), (54, 3, 3, 54), (54, 3, 3, 9), (9, 3, 3, 1)]
- [(1, 3, 3, 9), (9, 3, 3, 54), (54, 3, 3, 54), (54, 3, 3, 54), (54, 3, 3, 54), (54, 3, 3, 54), (54, 3, 3, 54), (54, 3, 3, 54), (54, 3, 3, 54), (54, 3, 3, 9), (9, 3, 3, 1)]
- [(1, 3, 3, 9), (9, 3, 3, 54), (54, 3, 3, 54), (54, 3, 3, 54), (54, 3, 3, 54), (54, 3, 3, 54), (54, 3, 3, 54), (54, 3, 3, 54), (54, 3, 3, 54), (54, 3, 3, 9), (9, 3, 3, 1)]
- [(1, 3, 3, 9), (9, 3, 3, 54), (54, 3, 3, 54), (54, 3, 3, 54), (54, 3, 3, 54), (54, 3, 3, 54), (54, 3, 3, 54), (54, 3, 3, 54), (54, 3, 3, 54), (54, 3, 3, 9), (9, 3, 3, 1)]
- [(1, 3, 3, 9), (9, 3, 3, 54), (54, 3, 3, 54), (54, 3, 3, 54), (54, 3, 3, 54), (54, 3, 3, 54), (54, 3, 3, 54), (54, 3, 3, 54), (54, 3, 3, 54), (54, 3, 3, 9), (9, 3, 3, 1)]
- [(1, 3, 3, 9), (9, 3, 3, 54), (54, 3, 3, 54), (54, 3, 3, 54), (54, 3, 3, 54), (54, 3, 3, 54), (54, 3, 3, 54), (54, 3, 3, 54), (54, 3, 3, 54), (54, 3, 3, 9), (9, 3, 3, 1)]
- [(1, 3, 3, 9), (9, 3, 3, 54), (54, 3, 3, 54), (54, 3, 3, 54), (54, 3, 3, 54), (54, 3, 3, 54), (54, 3, 3, 54), (54, 3, 3, 54), (54, 3, 3, 54), (54, 3, 3, 9), (9, 3, 3, 1)]
- [(1, 3, 3, 9), (9, 3, 3, 54), (54, 3, 3, 54), (54, 3, 3, 54), (54, 3, 3, 54), (54, 3, 3, 54), (54, 3, 3, 54), (54, 3, 3, 54), (54, 3, 3, 54), (54, 3, 3, 9), (9, 3, 3, 1)]
- [(1, 3, 3, 9), (9, 3, 3, 54), (54, 3, 3, 18), (18, 3, 3, 54), (54, 3, 3, 18), (18, 3, 3, 54), (54, 3, 3, 18), (18, 3, 3, 54), (54, 3, 3, 18), (18, 3, 3, 9), (9, 3, 3, 1)]
- [(1, 3, 3, 9), (9, 3, 3, 18), (18, 3, 3, 18), (18, 3, 3, 19), (19, 3, 3, 18), (18, 3, 3, 19), (19, 3, 3, 18), (18, 3, 3, 18), (18, 3, 3, 18), (18, 3, 3, 9), (9, 3, 3, 1)]
Lh truncation errors:
- [0.00000000e+00 1.11629013e-10 2.91453624e-30 1.94446635e-04
 2.13330681e-30 6.39318828e-04 2.64942723e-30 4.13271391e-03
 3.66629858e-31 0.00000000e+00]
- [0.00000000e+00 7.92383422e-11 2.94924310e-30 2.18973439e-04
 2.23735938e-30 6.82298435e-04 2.59209442e-30 2.65657000e-03
 3.89203355e-31 0.00000000e+00]
- [0.00000000e+00 1.51206501e-10 2.92836870e-30 2.07841325e-04
 2.52410907e-30 4.09443535e-04 2.97090368e-30 1.33018372e-03
 4.22506861e-31 0.00000000e+00]
- [0.00000000e+00 8.08781394e-11 2.89034740e-30 1.35768717e-04
 2.47443053e-30 2.51176748e-04 2.88280933e-30 7.51129378e-04
 4.27544855e-31 0.00000000e+00]
- [0.00000000e+00 3.51191744e-11 2.83244956e-30 1.16481680e-04
 2.72775061e-30 2.22167452e-04 2.93162662e-30 5.18139060e-04
 4.30743326e-31 0.00000000e+00]
- [0.00000000e+00 2.18134390e-11 2.65391406e-30 6.58585729e-05
 2.68744600e-30 1.48375776e-04 3.06735664e-30 3.36387789e-04
 2.50994617e-31 0.00000000e+00]
- [0.00000000e+00 7.61787847e-12 2.83940420e-30 3.25705201e-05
 2.64847522e-30 5.94939140e-05 2.90382949e-30 1.24505041e-04
 4.36509058e-31 0.00000000e+00]
- [0.00000000e+00 1.84565828e-12 3.16686225e-30 9.85090785e-06
 3.00335799e-30 1.33754924e-05 3.10002945e-30 3.32376441e-05
 4.43545364e-31 0.00000000e+00]
- [0.00000000e+00 5.11958646e-13 3.31221592e-30 9.29498245e-07
 3.84896754e-30 1.28505327e-06 3.48745765e-30 4.92140562e-06
 6.29869946e-31 0.00000000e+00]
- [0.00000000e+00 4.51714379e-31 1.06007282e-30 2.74085023e-30
 1.21574744e-30 5.28421682e-30 1.59717512e-30 1.87885041e-30
 6.17910035e-31 0.00000000e+00]
-> EL = sum_n <Lh_n|CC*> = 0.07223371348117036.
Orthogonality column 11:
-> EC = <ALhAL*|CC*|ARhAR*> = 4.811569622166746e-13.
=> E = 0.07223371348165152.
=> deltaE_bc = 0.07223371347935885.
chi_max_b = 54, combine_hs = True.
Lh leg dimensions:
- [(1, 2, 2, 4), (4, 2, 2, 3), (3, 2, 2, 8), (8, 2, 2, 3), (3, 2, 2, 9), (9, 3, 3, 3), (3, 2, 2, 8), (8, 2, 2, 3), (3, 2, 2, 8), (8, 2, 2, 3), (3, 2, 2, 1)]
- [(1, 3, 3, 8), (8, 2, 2, 25), (25, 3, 3, 8), (8, 2, 2, 25), (25, 3, 3, 12), (12, 3, 3, 45), (45, 3, 3, 8), (8, 3, 3, 25), (25, 2, 2, 8), (8, 3, 3, 4), (4, 2, 2, 1)]
- [(1, 3, 3, 9), (9, 3, 3, 25), (25, 3, 3, 54), (54, 3, 3, 25), (25, 3, 3, 54), (54, 3, 3, 45), (45, 3, 3, 54), (54, 3, 3, 25), (25, 3, 3, 45), (45, 3, 3, 8), (8, 3, 3, 1)]
- [(1, 3, 3, 9), (9, 3, 3, 54), (54, 3, 3, 54), (54, 3, 3, 54), (54, 3, 3, 54), (54, 3, 3, 54), (54, 3, 3, 54), (54, 3, 3, 54), (54, 3, 3, 54), (54, 3, 3, 9), (9, 3, 3, 1)]
- [(1, 3, 3, 9), (9, 3, 3, 54), (54, 3, 3, 54), (54, 3, 3, 54), (54, 3, 3, 54), (54, 3, 3, 54), (54, 3, 3, 54), (54, 3, 3, 54), (54, 3, 3, 54), (54, 3, 3, 9), (9, 3, 3, 1)]
- [(1, 3, 3, 9), (9, 3, 3, 54), (54, 3, 3, 54), (54, 3, 3, 54), (54, 3, 3, 54), (54, 3, 3, 54), (54, 3, 3, 54), (54, 3, 3, 54), (54, 3, 3, 54), (54, 3, 3, 9), (9, 3, 3, 1)]
- [(1, 3, 3, 9), (9, 3, 3, 54), (54, 3, 3, 54), (54, 3, 3, 54), (54, 3, 3, 54), (54, 3, 3, 54), (54, 3, 3, 54), (54, 3, 3, 54), (54, 3, 3, 54), (54, 3, 3, 9), (9, 3, 3, 1)]
- [(1, 3, 3, 9), (9, 3, 3, 54), (54, 3, 3, 54), (54, 3, 3, 54), (54, 3, 3, 54), (54, 3, 3, 54), (54, 3, 3, 54), (54, 3, 3, 54), (54, 3, 3, 54), (54, 3, 3, 9), (9, 3, 3, 1)]
- [(1, 3, 3, 9), (9, 3, 3, 54), (54, 3, 3, 54), (54, 3, 3, 54), (54, 3, 3, 54), (54, 3, 3, 54), (54, 3, 3, 54), (54, 3, 3, 54), (54, 3, 3, 54), (54, 3, 3, 9), (9, 3, 3, 1)]
- [(1, 3, 3, 9), (9, 3, 3, 54), (54, 3, 3, 54), (54, 3, 3, 54), (54, 3, 3, 54), (54, 3, 3, 54), (54, 3, 3, 54), (54, 3, 3, 54), (54, 3, 3, 54), (54, 3, 3, 9), (9, 3, 3, 1)]
Lh truncation errors:
- [0.00000000e+00 2.63333351e-33 9.00594712e-36 2.88645377e-31
 3.54135526e-32 1.87108007e-31 3.56434547e-36 1.63193950e-31
 3.15270793e-36 1.45690188e-35]
- [7.60722415e-37 3.52324638e-32 9.18107436e-31 7.87141370e-32
 1.68436045e-30 2.58722362e-31 2.25861641e-30 2.56747447e-31
 2.70579497e-31 0.00000000e+00]
- [0.00000000e+00 7.45385978e-31 6.18533852e-12 3.00020464e-30
 6.22921587e-12 2.89514918e-30 1.19049176e-13 2.42331647e-30
 1.86333319e-31 4.94856276e-35]
- [0.00000000e+00 4.12938357e-10 5.93235616e-15 8.92167001e-09
 5.11855416e-15 2.72534272e-07 1.02727450e-16 1.01193691e-07
 4.55719735e-31 0.00000000e+00]
- [0.00000000e+00 4.08136159e-13 5.97589569e-07 3.50280305e-11
 1.68525096e-07 3.82911957e-10 1.46993932e-07 4.11160862e-11
 1.60377951e-10 0.00000000e+00]
- [0.00000000e+00 2.81083330e-10 1.23285984e-09 1.09329613e-06
 5.68820834e-10 5.81358157e-07 8.75548232e-10 3.01457378e-06
 1.41643471e-13 0.00000000e+00]
- [0.00000000e+00 8.19365662e-14 4.05761058e-06 3.35916690e-09
 1.41134923e-06 2.17389025e-09 3.06819959e-06 2.96811721e-08
 3.56694494e-09 0.00000000e+00]
- [0.00000000e+00 2.31162632e-09 2.33973010e-08 2.51488417e-06
 6.57360164e-09 1.53227592e-06 1.52893123e-08 8.37964405e-06
 7.47515007e-12 0.00000000e+00]
- [0.00000000e+00 2.24276685e-12 1.28503950e-05 1.97480821e-08
 1.86180409e-06 4.84653937e-09 3.49648033e-06 2.32784620e-08
 9.24063041e-09 0.00000000e+00]
- [0.00000000e+00 9.04356652e-10 3.33350360e-08 3.05289499e-06
 1.34744552e-08 5.95735784e-06 2.24611209e-08 1.38949263e-05
 8.15165171e-12 0.00000000e+00]
-> EL = <Lh|CC*> = 0.05542483480106123.
Orthogonality column 11:
-> EC = <ALhAL*|CC*|ARhAR*> = 4.811569622166746e-13.
=> E = 0.05542483480154239.
=> deltaE_bcc = 0.05542483479924973. 

chi_max_b = 96, combine_hs = False.
Lh leg dimensions:
- [(1, 3, 3, 9), (9, 3, 3, 81), (81, 3, 3, 96), (96, 3, 3, 96), (96, 3, 3, 96), (96, 3, 3, 96), (96, 3, 3, 96), (96, 3, 3, 96), (96, 3, 3, 81), (81, 3, 3, 9), (9, 3, 3, 1)]
- [(1, 3, 3, 9), (9, 3, 3, 81), (81, 3, 3, 96), (96, 3, 3, 96), (96, 3, 3, 96), (96, 3, 3, 96), (96, 3, 3, 96), (96, 3, 3, 96), (96, 3, 3, 81), (81, 3, 3, 9), (9, 3, 3, 1)]
- [(1, 3, 3, 9), (9, 3, 3, 81), (81, 3, 3, 96), (96, 3, 3, 96), (96, 3, 3, 96), (96, 3, 3, 96), (96, 3, 3, 96), (96, 3, 3, 96), (96, 3, 3, 81), (81, 3, 3, 9), (9, 3, 3, 1)]
- [(1, 3, 3, 9), (9, 3, 3, 81), (81, 3, 3, 96), (96, 3, 3, 96), (96, 3, 3, 96), (96, 3, 3, 96), (96, 3, 3, 96), (96, 3, 3, 96), (96, 3, 3, 81), (81, 3, 3, 9), (9, 3, 3, 1)]
- [(1, 3, 3, 9), (9, 3, 3, 81), (81, 3, 3, 96), (96, 3, 3, 96), (96, 3, 3, 96), (96, 3, 3, 96), (96, 3, 3, 96), (96, 3, 3, 96), (96, 3, 3, 81), (81, 3, 3, 9), (9, 3, 3, 1)]
- [(1, 3, 3, 9), (9, 3, 3, 81), (81, 3, 3, 96), (96, 3, 3, 96), (96, 3, 3, 96), (96, 3, 3, 96), (96, 3, 3, 96), (96, 3, 3, 96), (96, 3, 3, 81), (81, 3, 3, 9), (9, 3, 3, 1)]
- [(1, 3, 3, 9), (9, 3, 3, 81), (81, 3, 3, 96), (96, 3, 3, 96), (96, 3, 3, 96), (96, 3, 3, 96), (96, 3, 3, 96), (96, 3, 3, 96), (96, 3, 3, 81), (81, 3, 3, 9), (9, 3, 3, 1)]
- [(1, 3, 3, 9), (9, 3, 3, 81), (81, 3, 3, 90), (90, 3, 3, 96), (96, 3, 3, 90), (90, 3, 3, 96), (96, 3, 3, 90), (90, 3, 3, 96), (96, 3, 3, 81), (81, 3, 3, 9), (9, 3, 3, 1)]
- [(1, 3, 3, 9), (9, 3, 3, 81), (81, 3, 3, 18), (18, 3, 3, 90), (90, 3, 3, 18), (18, 3, 3, 90), (90, 3, 3, 18), (18, 3, 3, 90), (90, 3, 3, 18), (18, 3, 3, 9), (9, 3, 3, 1)]
- [(1, 3, 3, 9), (9, 3, 3, 18), (18, 3, 3, 18), (18, 3, 3, 19), (19, 3, 3, 18), (18, 3, 3, 19), (19, 3, 3, 18), (18, 3, 3, 18), (18, 3, 3, 18), (18, 3, 3, 9), (9, 3, 3, 1)]
Lh truncation errors:
- [0.00000000e+00 0.00000000e+00 4.32294031e-30 4.63471133e-05
 3.65697323e-30 1.97206020e-04 4.53874824e-30 6.05572498e-04
 0.00000000e+00 0.00000000e+00]
- [0.00000000e+00 0.00000000e+00 4.22131819e-30 5.11145874e-05
 3.77818482e-30 1.94848192e-04 4.72614401e-30 3.92090786e-04
 0.00000000e+00 0.00000000e+00]
- [0.00000000e+00 0.00000000e+00 4.01962306e-30 4.84003051e-05
 4.19665193e-30 1.13859554e-04 5.16378978e-30 2.31232014e-04
 0.00000000e+00 0.00000000e+00]
- [0.00000000e+00 0.00000000e+00 3.92052113e-30 2.62871354e-05
 4.25369453e-30 7.51907132e-05 5.39011441e-30 1.32090673e-04
 0.00000000e+00 0.00000000e+00]
- [0.00000000e+00 0.00000000e+00 3.87133331e-30 2.16066117e-05
 4.61149362e-30 5.81754136e-05 5.17400738e-30 7.10587124e-05
 0.00000000e+00 0.00000000e+00]
- [0.00000000e+00 0.00000000e+00 3.74088481e-30 8.48077237e-06
 4.92246685e-30 2.97728779e-05 5.10545240e-30 4.45251690e-05
 0.00000000e+00 0.00000000e+00]
- [0.00000000e+00 0.00000000e+00 3.77091587e-30 3.23787732e-06
 4.67105560e-30 9.57098804e-06 5.32569030e-30 1.25472917e-05
 0.00000000e+00 0.00000000e+00]
- [0.00000000e+00 0.00000000e+00 3.98144871e-30 2.60136473e-07
 5.43069306e-30 8.97803497e-07 5.06822918e-30 1.21329688e-06
 0.00000000e+00 0.00000000e+00]
- [0.00000000e+00 0.00000000e+00 5.29945539e-30 4.52913938e-31
 5.85172611e-30 4.44860952e-31 5.93657420e-30 6.59361521e-31
 7.50486482e-31 0.00000000e+00]
- [0.00000000e+00 4.51602281e-31 1.06651199e-30 2.75673445e-30
 1.25042362e-30 5.30293171e-30 1.87835961e-30 1.86456960e-30
 6.25164009e-31 0.00000000e+00]
-> EL = sum_n <Lh_n|CC*> = 0.05230156947411902.
Orthogonality column 11:
-> EC = <ALhAL*|CC*|ARhAR*> = 4.811569622166746e-13.
=> E = 0.05230156947460018.
=> deltaE_bc = 0.05230156947230752.
chi_max_b = 96, combine_hs = True.
Lh leg dimensions:
- [(1, 2, 2, 4), (4, 2, 2, 3), (3, 2, 2, 8), (8, 2, 2, 3), (3, 2, 2, 9), (9, 3, 3, 3), (3, 2, 2, 8), (8, 2, 2, 3), (3, 2, 2, 8), (8, 2, 2, 3), (3, 2, 2, 1)]
- [(1, 3, 3, 8), (8, 2, 2, 25), (25, 3, 3, 8), (8, 2, 2, 25), (25, 3, 3, 12), (12, 3, 3, 45), (45, 3, 3, 8), (8, 3, 3, 25), (25, 2, 2, 8), (8, 3, 3, 4), (4, 2, 2, 1)]
- [(1, 3, 3, 9), (9, 3, 3, 25), (25, 3, 3, 96), (96, 3, 3, 25), (25, 3, 3, 96), (96, 3, 3, 45), (45, 3, 3, 96), (96, 3, 3, 25), (25, 3, 3, 45), (45, 3, 3, 8), (8, 3, 3, 1)]
- [(1, 3, 3, 9), (9, 3, 3, 81), (81, 3, 3, 96), (96, 3, 3, 96), (96, 3, 3, 96), (96, 3, 3, 96), (96, 3, 3, 96), (96, 3, 3, 96), (96, 3, 3, 46), (46, 3, 3, 9), (9, 3, 3, 1)]
- [(1, 3, 3, 9), (9, 3, 3, 81), (81, 3, 3, 96), (96, 3, 3, 96), (96, 3, 3, 96), (96, 3, 3, 96), (96, 3, 3, 96), (96, 3, 3, 96), (96, 3, 3, 81), (81, 3, 3, 9), (9, 3, 3, 1)]
- [(1, 3, 3, 9), (9, 3, 3, 81), (81, 3, 3, 96), (96, 3, 3, 96), (96, 3, 3, 96), (96, 3, 3, 96), (96, 3, 3, 96), (96, 3, 3, 96), (96, 3, 3, 81), (81, 3, 3, 9), (9, 3, 3, 1)]
- [(1, 3, 3, 9), (9, 3, 3, 81), (81, 3, 3, 96), (96, 3, 3, 96), (96, 3, 3, 96), (96, 3, 3, 96), (96, 3, 3, 96), (96, 3, 3, 96), (96, 3, 3, 81), (81, 3, 3, 9), (9, 3, 3, 1)]
- [(1, 3, 3, 9), (9, 3, 3, 81), (81, 3, 3, 96), (96, 3, 3, 96), (96, 3, 3, 96), (96, 3, 3, 96), (96, 3, 3, 96), (96, 3, 3, 96), (96, 3, 3, 81), (81, 3, 3, 9), (9, 3, 3, 1)]
- [(1, 3, 3, 9), (9, 3, 3, 81), (81, 3, 3, 96), (96, 3, 3, 96), (96, 3, 3, 96), (96, 3, 3, 96), (96, 3, 3, 96), (96, 3, 3, 96), (96, 3, 3, 81), (81, 3, 3, 9), (9, 3, 3, 1)]
- [(1, 3, 3, 9), (9, 3, 3, 81), (81, 3, 3, 96), (96, 3, 3, 96), (96, 3, 3, 96), (96, 3, 3, 96), (96, 3, 3, 96), (96, 3, 3, 96), (96, 3, 3, 81), (81, 3, 3, 9), (9, 3, 3, 1)]
Lh truncation errors:
- [0.00000000e+00 2.61939866e-33 3.02877785e-35 2.88645377e-31
 3.58463346e-32 1.70547543e-31 2.09033589e-35 1.58245062e-31
 7.94653798e-36 2.69140211e-37]
- [3.06962404e-37 3.51133944e-32 9.17675587e-31 7.87150911e-32
 1.56133675e-30 2.58701645e-31 2.21625101e-30 2.56747447e-31
 2.70776339e-31 0.00000000e+00]
- [0.00000000e+00 5.50566675e-31 1.31968792e-20 5.34433033e-30
 1.02994850e-22 5.34456416e-30 2.29112880e-23 2.72089981e-30
 1.86303167e-31 7.31811421e-35]
- [0.00000000e+00 0.00000000e+00 1.82628334e-24 3.39563314e-11
 1.50816429e-26 8.41951007e-11 7.41102973e-27 8.17002146e-11
 7.05839612e-31 0.00000000e+00]
- [0.00000000e+00 0.00000000e+00 3.28554390e-09 3.66830572e-14
 1.49032183e-09 3.86385376e-14 9.74021024e-10 5.67690072e-15
 0.00000000e+00 0.00000000e+00]
- [0.00000000e+00 0.00000000e+00 2.25716969e-12 2.22240600e-08
 1.16494248e-12 4.57820925e-08 4.25120743e-12 4.76479340e-08
 0.00000000e+00 0.00000000e+00]
- [0.00000000e+00 0.00000000e+00 2.70116446e-07 1.87902544e-11
 1.28003557e-07 6.97006421e-11 2.79955813e-07 1.35287183e-10
 0.00000000e+00 0.00000000e+00]
- [0.00000000e+00 0.00000000e+00 3.29186126e-10 3.49401467e-07
 2.82115824e-10 2.55057301e-07 6.67951356e-10 9.03830313e-07
 0.00000000e+00 0.00000000e+00]
- [0.00000000e+00 0.00000000e+00 1.80006649e-06 1.83286713e-09
 2.96872274e-07 2.75723871e-10 5.42764430e-07 8.96640076e-10
 0.00000000e+00 0.00000000e+00]
- [0.00000000e+00 0.00000000e+00 1.56311800e-09 4.03153532e-07
 1.03246542e-09 1.23313220e-06 2.41959957e-09 1.69097308e-06
 0.00000000e+00 0.00000000e+00]
-> EL = <Lh|CC*> = 0.047684350231431416.
Orthogonality column 11:
-> EC = <ALhAL*|CC*|ARhAR*> = 4.811569622166746e-13.
=> E = 0.04768435023191257.
=> deltaE_bcc = 0.047684350229619914. 

chi_max_b = 150, combine_hs = False.
Lh leg dimensions:
- [(1, 3, 3, 9), (9, 3, 3, 81), (81, 3, 3, 150), (150, 3, 3, 150), (150, 3, 3, 150), (150, 3, 3, 150), (150, 3, 3, 150), (150, 3, 3, 150), (150, 3, 3, 81), (81, 3, 3, 9), (9, 3, 3, 1)]
- [(1, 3, 3, 9), (9, 3, 3, 81), (81, 3, 3, 150), (150, 3, 3, 150), (150, 3, 3, 150), (150, 3, 3, 150), (150, 3, 3, 150), (150, 3, 3, 150), (150, 3, 3, 81), (81, 3, 3, 9), (9, 3, 3, 1)]
- [(1, 3, 3, 9), (9, 3, 3, 81), (81, 3, 3, 150), (150, 3, 3, 150), (150, 3, 3, 150), (150, 3, 3, 150), (150, 3, 3, 150), (150, 3, 3, 150), (150, 3, 3, 81), (81, 3, 3, 9), (9, 3, 3, 1)]
- [(1, 3, 3, 9), (9, 3, 3, 81), (81, 3, 3, 150), (150, 3, 3, 150), (150, 3, 3, 150), (150, 3, 3, 150), (150, 3, 3, 150), (150, 3, 3, 150), (150, 3, 3, 81), (81, 3, 3, 9), (9, 3, 3, 1)]
- [(1, 3, 3, 9), (9, 3, 3, 81), (81, 3, 3, 150), (150, 3, 3, 150), (150, 3, 3, 150), (150, 3, 3, 150), (150, 3, 3, 150), (150, 3, 3, 150), (150, 3, 3, 81), (81, 3, 3, 9), (9, 3, 3, 1)]
- [(1, 3, 3, 9), (9, 3, 3, 81), (81, 3, 3, 150), (150, 3, 3, 150), (150, 3, 3, 150), (150, 3, 3, 150), (150, 3, 3, 150), (150, 3, 3, 150), (150, 3, 3, 81), (81, 3, 3, 9), (9, 3, 3, 1)]
- [(1, 3, 3, 9), (9, 3, 3, 81), (81, 3, 3, 150), (150, 3, 3, 150), (150, 3, 3, 150), (150, 3, 3, 150), (150, 3, 3, 150), (150, 3, 3, 150), (150, 3, 3, 81), (81, 3, 3, 9), (9, 3, 3, 1)]
- [(1, 3, 3, 9), (9, 3, 3, 81), (81, 3, 3, 90), (90, 3, 3, 150), (150, 3, 3, 90), (90, 3, 3, 150), (150, 3, 3, 90), (90, 3, 3, 150), (150, 3, 3, 81), (81, 3, 3, 9), (9, 3, 3, 1)]
- [(1, 3, 3, 9), (9, 3, 3, 81), (81, 3, 3, 18), (18, 3, 3, 90), (90, 3, 3, 18), (18, 3, 3, 90), (90, 3, 3, 18), (18, 3, 3, 90), (90, 3, 3, 18), (18, 3, 3, 9), (9, 3, 3, 1)]
- [(1, 3, 3, 9), (9, 3, 3, 18), (18, 3, 3, 18), (18, 3, 3, 19), (19, 3, 3, 18), (18, 3, 3, 19), (19, 3, 3, 18), (18, 3, 3, 18), (18, 3, 3, 18), (18, 3, 3, 9), (9, 3, 3, 1)]
Lh truncation errors:
- [0.00000000e+00 0.00000000e+00 3.64406527e-30 1.09027606e-05
 6.10829862e-30 6.03911368e-05 7.22023686e-30 1.02020793e-04
 0.00000000e+00 0.00000000e+00]
- [0.00000000e+00 0.00000000e+00 4.49620979e-30 1.32336569e-05
 5.80315946e-30 6.06595341e-05 7.11083762e-30 6.25653112e-05
 0.00000000e+00 0.00000000e+00]
- [0.00000000e+00 0.00000000e+00 3.62385156e-30 1.18887603e-05
 6.70298148e-30 3.41102737e-05 7.76604214e-30 4.05177954e-05
 0.00000000e+00 0.00000000e+00]
- [0.00000000e+00 0.00000000e+00 3.53520235e-30 5.54857734e-06
 6.60044631e-30 2.35207757e-05 8.01940386e-30 2.25346289e-05
 0.00000000e+00 0.00000000e+00]
- [0.00000000e+00 0.00000000e+00 3.51767570e-30 4.12797798e-06
 6.70279741e-30 1.48150596e-05 8.32487026e-30 9.83937904e-06
 0.00000000e+00 0.00000000e+00]
- [0.00000000e+00 0.00000000e+00 3.49341504e-30 1.26489122e-06
 7.23063049e-30 6.08820117e-06 8.39501872e-30 4.96104318e-06
 0.00000000e+00 0.00000000e+00]
- [0.00000000e+00 0.00000000e+00 3.43938784e-30 3.28619196e-07
 7.68750131e-30 1.44904041e-06 8.38253162e-30 1.12848847e-06
 0.00000000e+00 0.00000000e+00]
- [0.00000000e+00 0.00000000e+00 4.04319855e-30 2.04511157e-09
 8.37119742e-30 1.35449589e-08 8.72764555e-30 1.01963198e-08
 0.00000000e+00 0.00000000e+00]
- [0.00000000e+00 0.00000000e+00 5.04600442e-30 4.52896389e-31
 5.70406384e-30 4.44754110e-31 6.19875696e-30 6.58372045e-31
 7.31799489e-31 0.00000000e+00]
- [0.00000000e+00 4.51914756e-31 1.07356957e-30 2.73602093e-30
 1.27145879e-30 5.29429907e-30 1.43907853e-30 1.91427431e-30
 6.33838504e-31 0.00000000e+00]
-> EL = sum_n <Lh_n|CC*> = 0.047692790525057475.
Orthogonality column 11:
-> EC = <ALhAL*|CC*|ARhAR*> = 4.811569622166746e-13.
=> E = 0.04769279052553863.
=> deltaE_bc = 0.04769279052324597.
chi_max_b = 150, combine_hs = True.
Lh leg dimensions:
- [(1, 2, 2, 4), (4, 2, 2, 3), (3, 2, 2, 8), (8, 2, 2, 3), (3, 2, 2, 9), (9, 3, 3, 3), (3, 2, 2, 8), (8, 2, 2, 3), (3, 2, 2, 8), (8, 2, 2, 3), (3, 2, 2, 1)]
- [(1, 3, 3, 8), (8, 2, 2, 25), (25, 3, 3, 8), (8, 2, 2, 25), (25, 3, 3, 12), (12, 3, 3, 45), (45, 3, 3, 8), (8, 3, 3, 25), (25, 2, 2, 8), (8, 3, 3, 4), (4, 2, 2, 1)]
- [(1, 3, 3, 9), (9, 3, 3, 25), (25, 3, 3, 117), (117, 3, 3, 25), (25, 3, 3, 117), (117, 3, 3, 45), (45, 3, 3, 117), (117, 3, 3, 25), (25, 3, 3, 45), (45, 3, 3, 8), (8, 3, 3, 1)]
- [(1, 3, 3, 9), (9, 3, 3, 81), (81, 3, 3, 117), (117, 3, 3, 150), (150, 3, 3, 117), (117, 3, 3, 150), (150, 3, 3, 115), (115, 3, 3, 150), (150, 3, 3, 45), (45, 3, 3, 9), (9, 3, 3, 1)]
- [(1, 3, 3, 9), (9, 3, 3, 81), (81, 3, 3, 150), (150, 3, 3, 150), (150, 3, 3, 150), (150, 3, 3, 150), (150, 3, 3, 150), (150, 3, 3, 150), (150, 3, 3, 81), (81, 3, 3, 9), (9, 3, 3, 1)]
- [(1, 3, 3, 9), (9, 3, 3, 81), (81, 3, 3, 150), (150, 3, 3, 150), (150, 3, 3, 150), (150, 3, 3, 150), (150, 3, 3, 150), (150, 3, 3, 150), (150, 3, 3, 81), (81, 3, 3, 9), (9, 3, 3, 1)]
- [(1, 3, 3, 9), (9, 3, 3, 81), (81, 3, 3, 150), (150, 3, 3, 150), (150, 3, 3, 150), (150, 3, 3, 150), (150, 3, 3, 150), (150, 3, 3, 150), (150, 3, 3, 81), (81, 3, 3, 9), (9, 3, 3, 1)]
- [(1, 3, 3, 9), (9, 3, 3, 81), (81, 3, 3, 150), (150, 3, 3, 150), (150, 3, 3, 150), (150, 3, 3, 150), (150, 3, 3, 150), (150, 3, 3, 150), (150, 3, 3, 81), (81, 3, 3, 9), (9, 3, 3, 1)]
- [(1, 3, 3, 9), (9, 3, 3, 81), (81, 3, 3, 150), (150, 3, 3, 150), (150, 3, 3, 150), (150, 3, 3, 150), (150, 3, 3, 150), (150, 3, 3, 150), (150, 3, 3, 81), (81, 3, 3, 9), (9, 3, 3, 1)]
- [(1, 3, 3, 9), (9, 3, 3, 81), (81, 3, 3, 150), (150, 3, 3, 150), (150, 3, 3, 150), (150, 3, 3, 150), (150, 3, 3, 150), (150, 3, 3, 150), (150, 3, 3, 81), (81, 3, 3, 9), (9, 3, 3, 1)]
Lh truncation errors:
- [0.00000000e+00 2.76287541e-33 2.70407691e-35 2.88645377e-31
 3.70099060e-32 1.69925391e-31 2.35324304e-36 1.57962847e-31
 4.75456310e-36 1.43690035e-35]
- [1.36526296e-36 3.52629438e-32 9.18697952e-31 7.87148822e-32
 1.56229585e-30 2.58750766e-31 2.18439734e-30 2.56747447e-31
 2.76375606e-31 0.00000000e+00]
- [0.00000000e+00 5.49356893e-31 6.81790103e-31 6.54201221e-30
 1.26111916e-30 6.56125132e-30 6.70523161e-31 2.70426392e-30
 1.86284773e-31 4.11056452e-35]
- [0.00000000e+00 0.00000000e+00 4.27364646e-30 6.28953602e-14
 8.39064402e-30 2.05522973e-14 9.94462001e-30 1.28134798e-13
 5.59553521e-31 0.00000000e+00]
- [0.00000000e+00 0.00000000e+00 4.53336851e-11 1.72425326e-17
 4.20313399e-11 4.19153528e-18 8.73736211e-12 1.26634772e-18
 0.00000000e+00 0.00000000e+00]
- [0.00000000e+00 0.00000000e+00 2.31084109e-15 5.93653045e-10
 9.62612489e-15 3.95626035e-09 1.19109256e-14 4.65436288e-10
 0.00000000e+00 0.00000000e+00]
- [0.00000000e+00 0.00000000e+00 1.55951600e-08 3.10519254e-13
 1.47103395e-08 2.82444685e-12 3.10235620e-08 1.61626513e-13
 0.00000000e+00 0.00000000e+00]
- [0.00000000e+00 0.00000000e+00 6.50619098e-13 5.03534551e-08
 1.73297373e-11 4.99133818e-08 3.97660251e-11 9.79656137e-08
 0.00000000e+00 0.00000000e+00]
- [0.00000000e+00 0.00000000e+00 2.30001584e-07 1.16930626e-10
 5.74432631e-08 3.28403166e-11 8.93185552e-08 2.83736638e-11
 0.00000000e+00 0.00000000e+00]
- [0.00000000e+00 0.00000000e+00 3.23090366e-11 6.98525820e-08
 6.67312973e-11 2.72233149e-07 2.58258170e-10 2.11632884e-07
 0.00000000e+00 0.00000000e+00]
-> EL = <Lh|CC*> = 0.04687289717320149.
Orthogonality column 11:
-> EC = <ALhAL*|CC*|ARhAR*> = 4.811569622166746e-13.
=> E = 0.04687289717368265.
=> deltaE_bcc = 0.04687289717138999. 

chi_max_b = 216, combine_hs = False.
Lh leg dimensions:
- [(1, 3, 3, 9), (9, 3, 3, 81), (81, 3, 3, 216), (216, 3, 3, 216), (216, 3, 3, 216), (216, 3, 3, 216), (216, 3, 3, 216), (216, 3, 3, 216), (216, 3, 3, 81), (81, 3, 3, 9), (9, 3, 3, 1)]
- [(1, 3, 3, 9), (9, 3, 3, 81), (81, 3, 3, 216), (216, 3, 3, 216), (216, 3, 3, 216), (216, 3, 3, 216), (216, 3, 3, 216), (216, 3, 3, 216), (216, 3, 3, 81), (81, 3, 3, 9), (9, 3, 3, 1)]
- [(1, 3, 3, 9), (9, 3, 3, 81), (81, 3, 3, 216), (216, 3, 3, 216), (216, 3, 3, 216), (216, 3, 3, 216), (216, 3, 3, 216), (216, 3, 3, 216), (216, 3, 3, 81), (81, 3, 3, 9), (9, 3, 3, 1)]
- [(1, 3, 3, 9), (9, 3, 3, 81), (81, 3, 3, 216), (216, 3, 3, 216), (216, 3, 3, 216), (216, 3, 3, 216), (216, 3, 3, 216), (216, 3, 3, 216), (216, 3, 3, 81), (81, 3, 3, 9), (9, 3, 3, 1)]
- [(1, 3, 3, 9), (9, 3, 3, 81), (81, 3, 3, 216), (216, 3, 3, 216), (216, 3, 3, 216), (216, 3, 3, 216), (216, 3, 3, 216), (216, 3, 3, 216), (216, 3, 3, 81), (81, 3, 3, 9), (9, 3, 3, 1)]
- [(1, 3, 3, 9), (9, 3, 3, 81), (81, 3, 3, 216), (216, 3, 3, 216), (216, 3, 3, 216), (216, 3, 3, 216), (216, 3, 3, 216), (216, 3, 3, 216), (216, 3, 3, 81), (81, 3, 3, 9), (9, 3, 3, 1)]
- [(1, 3, 3, 9), (9, 3, 3, 81), (81, 3, 3, 162), (162, 3, 3, 216), (216, 3, 3, 162), (162, 3, 3, 216), (216, 3, 3, 162), (162, 3, 3, 216), (216, 3, 3, 81), (81, 3, 3, 9), (9, 3, 3, 1)]
- [(1, 3, 3, 9), (9, 3, 3, 81), (81, 3, 3, 90), (90, 3, 3, 162), (162, 3, 3, 90), (90, 3, 3, 162), (162, 3, 3, 90), (90, 3, 3, 162), (162, 3, 3, 81), (81, 3, 3, 9), (9, 3, 3, 1)]
- [(1, 3, 3, 9), (9, 3, 3, 81), (81, 3, 3, 18), (18, 3, 3, 90), (90, 3, 3, 18), (18, 3, 3, 90), (90, 3, 3, 18), (18, 3, 3, 90), (90, 3, 3, 18), (18, 3, 3, 9), (9, 3, 3, 1)]
- [(1, 3, 3, 9), (9, 3, 3, 18), (18, 3, 3, 18), (18, 3, 3, 19), (19, 3, 3, 18), (18, 3, 3, 19), (19, 3, 3, 18), (18, 3, 3, 18), (18, 3, 3, 18), (18, 3, 3, 9), (9, 3, 3, 1)]
Lh truncation errors:
- [0.00000000e+00 0.00000000e+00 3.10670650e-30 2.89372897e-06
 8.19472998e-30 1.87583396e-05 9.86086087e-30 1.38590817e-05
 0.00000000e+00 0.00000000e+00]
- [0.00000000e+00 0.00000000e+00 3.23427499e-30 3.54865238e-06
 8.20623409e-30 1.91265814e-05 9.92686708e-30 8.79719048e-06
 0.00000000e+00 0.00000000e+00]
- [0.00000000e+00 0.00000000e+00 3.23601790e-30 3.11314459e-06
 9.47866679e-30 1.06649937e-05 1.23763396e-29 5.59177601e-06
 0.00000000e+00 0.00000000e+00]
- [0.00000000e+00 0.00000000e+00 3.16519150e-30 1.35459766e-06
 9.51442664e-30 7.38158532e-06 1.11426559e-29 3.21977599e-06
 0.00000000e+00 0.00000000e+00]
- [0.00000000e+00 0.00000000e+00 3.15685077e-30 8.12675609e-07
 9.98669199e-30 3.75981777e-06 1.15252122e-29 1.10714706e-06
 0.00000000e+00 0.00000000e+00]
- [0.00000000e+00 0.00000000e+00 3.07057108e-30 1.96834997e-07
 1.02981162e-29 1.23969693e-06 1.23593280e-29 4.81587796e-07
 0.00000000e+00 0.00000000e+00]
- [0.00000000e+00 0.00000000e+00 3.40360117e-30 3.44831913e-08
 1.11703335e-29 1.86708830e-07 1.11507536e-29 7.25321187e-08
 0.00000000e+00 0.00000000e+00]
- [0.00000000e+00 0.00000000e+00 3.96734425e-30 3.89696631e-30
 9.69723148e-30 4.28342273e-30 9.77750077e-30 5.53013397e-30
 0.00000000e+00 0.00000000e+00]
- [0.00000000e+00 0.00000000e+00 5.01166059e-30 4.52904427e-31
 6.08236610e-30 4.46792961e-31 5.94784149e-30 6.58301279e-31
 6.70918611e-31 0.00000000e+00]
- [0.00000000e+00 4.51895229e-31 1.04676972e-30 2.73280997e-30
 1.21886513e-30 5.28215941e-30 1.45824510e-30 1.87259889e-30
 6.18939417e-31 0.00000000e+00]
-> EL = sum_n <Lh_n|CC*> = 0.047145969023426854.
Orthogonality column 11:
-> EC = <ALhAL*|CC*|ARhAR*> = 4.811569622166746e-13.
=> E = 0.04714596902390801.
=> deltaE_bc = 0.04714596902161535.
chi_max_b = 216, combine_hs = True.
Lh leg dimensions:
- [(1, 2, 2, 4), (4, 2, 2, 3), (3, 2, 2, 8), (8, 2, 2, 3), (3, 2, 2, 9), (9, 3, 3, 3), (3, 2, 2, 8), (8, 2, 2, 3), (3, 2, 2, 8), (8, 2, 2, 3), (3, 2, 2, 1)]
- [(1, 3, 3, 8), (8, 2, 2, 25), (25, 3, 3, 8), (8, 2, 2, 25), (25, 3, 3, 12), (12, 3, 3, 45), (45, 3, 3, 8), (8, 3, 3, 25), (25, 2, 2, 8), (8, 3, 3, 4), (4, 2, 2, 1)]
- [(1, 3, 3, 9), (9, 3, 3, 25), (25, 3, 3, 117), (117, 3, 3, 25), (25, 3, 3, 117), (117, 3, 3, 45), (45, 3, 3, 117), (117, 3, 3, 25), (25, 3, 3, 45), (45, 3, 3, 8), (8, 3, 3, 1)]
- [(1, 3, 3, 9), (9, 3, 3, 81), (81, 3, 3, 117), (117, 3, 3, 216), (216, 3, 3, 118), (118, 3, 3, 216), (216, 3, 3, 116), (116, 3, 3, 216), (216, 3, 3, 45), (45, 3, 3, 9), (9, 3, 3, 1)]
- [(1, 3, 3, 9), (9, 3, 3, 81), (81, 3, 3, 216), (216, 3, 3, 216), (216, 3, 3, 216), (216, 3, 3, 216), (216, 3, 3, 216), (216, 3, 3, 216), (216, 3, 3, 81), (81, 3, 3, 9), (9, 3, 3, 1)]
- [(1, 3, 3, 9), (9, 3, 3, 81), (81, 3, 3, 216), (216, 3, 3, 216), (216, 3, 3, 216), (216, 3, 3, 216), (216, 3, 3, 216), (216, 3, 3, 216), (216, 3, 3, 81), (81, 3, 3, 9), (9, 3, 3, 1)]
- [(1, 3, 3, 9), (9, 3, 3, 81), (81, 3, 3, 216), (216, 3, 3, 216), (216, 3, 3, 216), (216, 3, 3, 216), (216, 3, 3, 216), (216, 3, 3, 216), (216, 3, 3, 81), (81, 3, 3, 9), (9, 3, 3, 1)]
- [(1, 3, 3, 9), (9, 3, 3, 81), (81, 3, 3, 216), (216, 3, 3, 216), (216, 3, 3, 216), (216, 3, 3, 216), (216, 3, 3, 216), (216, 3, 3, 216), (216, 3, 3, 81), (81, 3, 3, 9), (9, 3, 3, 1)]
- [(1, 3, 3, 9), (9, 3, 3, 81), (81, 3, 3, 216), (216, 3, 3, 216), (216, 3, 3, 216), (216, 3, 3, 216), (216, 3, 3, 216), (216, 3, 3, 216), (216, 3, 3, 81), (81, 3, 3, 9), (9, 3, 3, 1)]
- [(1, 3, 3, 9), (9, 3, 3, 81), (81, 3, 3, 216), (216, 3, 3, 216), (216, 3, 3, 216), (216, 3, 3, 216), (216, 3, 3, 216), (216, 3, 3, 216), (216, 3, 3, 81), (81, 3, 3, 9), (9, 3, 3, 1)]
Lh truncation errors:
- [0.00000000e+00 6.73919431e-34 6.62128914e-36 2.88645377e-31
 3.53305013e-32 1.70063840e-31 2.27473354e-35 1.54794551e-31
 1.20077004e-35 1.60848911e-35]
- [3.14670194e-37 3.51538903e-32 9.24527560e-31 7.87129296e-32
 1.58608177e-30 2.58729886e-31 2.48081090e-30 5.98354048e-32
 2.72620553e-31 0.00000000e+00]
- [0.00000000e+00 5.50578600e-31 6.81773548e-31 6.46450535e-30
 1.25840944e-30 6.55824367e-30 6.70540473e-31 2.71474720e-30
 1.86317589e-31 2.50406575e-34]
- [0.00000000e+00 0.00000000e+00 4.17706525e-30 1.01933919e-16
 1.15560451e-29 2.27716073e-18 1.25613393e-29 3.49425329e-16
 5.45590608e-31 0.00000000e+00]
- [0.00000000e+00 0.00000000e+00 1.33424882e-12 1.82818901e-20
 2.06172594e-12 1.57318265e-22 2.34789295e-13 1.57430384e-22
 0.00000000e+00 0.00000000e+00]
- [0.00000000e+00 0.00000000e+00 1.34511302e-18 4.48084163e-11
 2.90966242e-16 3.51908126e-10 1.17715416e-16 1.10984190e-11
 0.00000000e+00 0.00000000e+00]
- [0.00000000e+00 0.00000000e+00 7.24527018e-10 1.19293611e-14
 1.89780322e-09 1.88673936e-13 4.49616187e-09 1.81761338e-16
 0.00000000e+00 0.00000000e+00]
- [0.00000000e+00 0.00000000e+00 4.46940174e-16 8.25181170e-09
 1.16015103e-12 1.01589675e-08 3.07509260e-12 5.79623643e-09
 0.00000000e+00 0.00000000e+00]
- [0.00000000e+00 0.00000000e+00 2.35864139e-08 1.40161819e-11
 1.31570417e-08 4.52853584e-12 1.64799422e-08 2.17392943e-13
 0.00000000e+00 0.00000000e+00]
- [0.00000000e+00 0.00000000e+00 1.43181231e-13 1.47064582e-08
 6.89960092e-12 6.25250608e-08 2.60076094e-11 2.44760425e-08
 0.00000000e+00 0.00000000e+00]
-> EL = <Lh|CC*> = 0.04668456338393391.
Orthogonality column 11:
-> EC = <ALhAL*|CC*|ARhAR*> = 4.811569622166746e-13.
=> E = 0.04668456338441507.
=> deltaE_bcc = 0.04668456338212241. 

for chi_max_bs = [24, 54, 96, 150, 216]:
- without combining hs: 
deltaEs = [0.21148582 0.07223371 0.05230157 0.04769279 0.04714597], 
maximal truncation errors = [2.60046263e-02 4.13271391e-03 6.05572498e-04 1.02020793e-04
 1.91265814e-05]. 
- with combining hs: 
deltaEs = [0.17325293 0.05542483 0.04768435 0.0468729  0.04668456], 
maximal truncation errors = [8.11516225e-05 1.38949263e-05 1.80006649e-06 2.72233149e-07
 6.25250608e-08].
