Lx = 6, Ly = 6, g = 3.5, D_max = 5, chi_max_c = 30, zeroE = True. 

E = sum_n <iso_peps|h_n|iso_peps> = sum_n [-2.52716167e-14  7.61056756e-14  6.63327367e-14  8.66880663e-15
  1.02256774e-12  1.61238324e-13  9.82308113e-13  6.36352082e-13
  9.15562764e-13  4.80881870e-13  1.45692139e-12] 
  = 5.7816678832842025e-12. 

chi_max_b = 24, combine_hs = False.
Lh leg dimensions:
- [(1, 5, 5, 24), (24, 5, 5, 24), (24, 5, 5, 24), (24, 5, 5, 24), (24, 5, 5, 24), (24, 5, 5, 24), (24, 5, 5, 24), (24, 5, 5, 24), (24, 5, 5, 24), (24, 5, 5, 24), (24, 5, 5, 1)]
- [(1, 5, 5, 24), (24, 5, 5, 24), (24, 5, 5, 24), (24, 5, 5, 24), (24, 5, 5, 24), (24, 5, 5, 24), (24, 5, 5, 24), (24, 5, 5, 24), (24, 5, 5, 24), (24, 5, 5, 24), (24, 5, 5, 1)]
- [(1, 5, 5, 24), (24, 5, 5, 24), (24, 5, 5, 24), (24, 5, 5, 24), (24, 5, 5, 24), (24, 5, 5, 24), (24, 5, 5, 24), (24, 5, 5, 24), (24, 5, 5, 24), (24, 5, 5, 24), (24, 5, 5, 1)]
- [(1, 5, 5, 24), (24, 5, 5, 24), (24, 5, 5, 24), (24, 5, 5, 24), (24, 5, 5, 24), (24, 5, 5, 24), (24, 5, 5, 24), (24, 5, 5, 24), (24, 5, 5, 24), (24, 5, 5, 24), (24, 5, 5, 1)]
- [(1, 5, 5, 24), (24, 5, 5, 24), (24, 5, 5, 24), (24, 5, 5, 24), (24, 5, 5, 24), (24, 5, 5, 24), (24, 5, 5, 24), (24, 5, 5, 24), (24, 5, 5, 24), (24, 5, 5, 24), (24, 5, 5, 1)]
- [(1, 5, 5, 24), (24, 5, 5, 24), (24, 5, 5, 24), (24, 5, 5, 24), (24, 5, 5, 24), (24, 5, 5, 24), (24, 5, 5, 24), (24, 5, 5, 24), (24, 5, 5, 24), (24, 5, 5, 24), (24, 5, 5, 1)]
- [(1, 5, 5, 24), (24, 5, 5, 24), (24, 5, 5, 24), (24, 5, 5, 24), (24, 5, 5, 24), (24, 5, 5, 24), (24, 5, 5, 24), (24, 5, 5, 24), (24, 5, 5, 24), (24, 5, 5, 24), (24, 5, 5, 1)]
- [(1, 5, 5, 24), (24, 5, 5, 24), (24, 5, 5, 24), (24, 5, 5, 24), (24, 5, 5, 24), (24, 5, 5, 24), (24, 5, 5, 24), (24, 5, 5, 24), (24, 5, 5, 24), (24, 5, 5, 24), (24, 5, 5, 1)]
- [(1, 5, 5, 24), (24, 5, 5, 24), (24, 5, 5, 24), (24, 5, 5, 24), (24, 5, 5, 24), (24, 5, 5, 24), (24, 5, 5, 24), (24, 5, 5, 24), (24, 5, 5, 24), (24, 5, 5, 24), (24, 5, 5, 1)]
- [(1, 5, 5, 24), (24, 5, 5, 24), (24, 5, 5, 24), (24, 5, 5, 24), (24, 5, 5, 24), (24, 5, 5, 24), (24, 5, 5, 24), (24, 5, 5, 24), (24, 5, 5, 24), (24, 5, 5, 24), (24, 5, 5, 1)]
Lh truncation errors:
- [1.40281107e-38 3.16574235e-02 6.00702216e-30 4.82253201e-03
 6.22731531e-30 1.51968768e-03 5.58493838e-30 6.42866932e-03
 5.17623487e-30 4.04200461e-05]
- [5.65951860e-33 1.39859244e-02 5.93614035e-30 7.01385341e-03
 5.46959658e-30 1.92681946e-03 5.96155722e-30 5.20023986e-03
 5.29327299e-30 3.14701076e-05]
- [1.61800782e-39 6.02156261e-03 5.96491959e-30 3.69772092e-03
 5.18086006e-30 1.83883068e-03 5.57190611e-30 7.44550979e-03
 5.97949211e-30 4.94222674e-05]
- [1.16043325e-32 3.67093661e-03 5.63300195e-30 2.30426237e-03
 6.49092528e-30 2.02243351e-03 6.02209813e-30 7.34233133e-03
 6.82808626e-30 5.93468883e-05]
- [5.63684160e-39 3.84635799e-03 5.55637050e-30 1.91372816e-03
 5.59616148e-30 1.50199811e-03 6.71583940e-30 4.20992534e-03
 5.60073990e-30 2.95207855e-05]
- [1.12373369e-33 4.32404394e-03 5.31042904e-30 2.22088855e-03
 8.69494202e-30 1.39440407e-03 5.34676680e-30 5.05962313e-03
 6.19406364e-30 5.45465084e-05]
- [2.25097473e-39 5.21562040e-03 5.71827683e-30 3.27174299e-03
 4.90087436e-30 1.49197312e-03 5.52856980e-30 4.82045581e-03
 5.33743140e-30 3.15751041e-05]
- [3.99843068e-35 4.09108001e-03 6.65478205e-30 3.36500825e-03
 8.44435763e-30 1.99661961e-03 6.51097653e-30 5.48010495e-03
 5.27943916e-30 1.07245247e-04]
- [5.74088851e-39 4.12036866e-03 6.26210685e-30 2.26654969e-03
 7.09705090e-30 1.80173371e-03 5.46909950e-30 4.12274959e-03
 5.45388387e-30 8.52349271e-05]
- [6.37271201e-12 1.73357996e-03 8.69413664e-06 9.99459869e-04
 2.76799275e-05 8.40415815e-04 1.30231600e-05 1.39830545e-03
 4.40994036e-05 2.70539581e-05]
-> EL = sum_n <Lh_n|CC*> = -0.8735084725904594.
Orthogonality column 11:
-> EC = <ALhAL*|CC*|ARhAR*> = 1.4569213890869293e-12.
=> E = -0.8735084725890024.
=> deltaE_bc = -0.8735084725947841.
chi_max_b = 24, combine_hs = True.
Lh leg dimensions:
- [(1, 2, 2, 4), (4, 2, 2, 3), (3, 2, 2, 8), (8, 2, 2, 3), (3, 2, 2, 9), (9, 4, 4, 3), (3, 2, 2, 8), (8, 2, 2, 3), (3, 2, 2, 8), (8, 2, 2, 3), (3, 2, 2, 1)]
- [(1, 4, 4, 8), (8, 2, 2, 24), (24, 4, 4, 8), (8, 2, 2, 24), (24, 4, 4, 13), (13, 4, 4, 24), (24, 4, 4, 8), (8, 4, 4, 24), (24, 2, 2, 8), (8, 4, 4, 4), (4, 2, 2, 1)]
- [(1, 4, 4, 16), (16, 4, 4, 24), (24, 4, 4, 24), (24, 4, 4, 24), (24, 5, 5, 24), (24, 5, 5, 24), (24, 5, 5, 24), (24, 5, 5, 24), (24, 4, 4, 24), (24, 4, 4, 9), (9, 4, 4, 1)]
- [(1, 5, 5, 24), (24, 5, 5, 24), (24, 5, 5, 24), (24, 5, 5, 24), (24, 5, 5, 24), (24, 5, 5, 24), (24, 5, 5, 24), (24, 5, 5, 24), (24, 5, 5, 24), (24, 5, 5, 24), (24, 5, 5, 1)]
- [(1, 5, 5, 24), (24, 5, 5, 24), (24, 5, 5, 24), (24, 5, 5, 24), (24, 5, 5, 24), (24, 5, 5, 24), (24, 5, 5, 24), (24, 5, 5, 24), (24, 5, 5, 24), (24, 5, 5, 24), (24, 5, 5, 1)]
- [(1, 5, 5, 24), (24, 5, 5, 24), (24, 5, 5, 24), (24, 5, 5, 24), (24, 5, 5, 24), (24, 5, 5, 24), (24, 5, 5, 24), (24, 5, 5, 24), (24, 5, 5, 24), (24, 5, 5, 24), (24, 5, 5, 1)]
- [(1, 5, 5, 24), (24, 5, 5, 24), (24, 5, 5, 24), (24, 5, 5, 24), (24, 5, 5, 24), (24, 5, 5, 24), (24, 5, 5, 24), (24, 5, 5, 24), (24, 5, 5, 24), (24, 5, 5, 24), (24, 5, 5, 1)]
- [(1, 5, 5, 24), (24, 5, 5, 24), (24, 5, 5, 24), (24, 5, 5, 24), (24, 5, 5, 24), (24, 5, 5, 24), (24, 5, 5, 24), (24, 5, 5, 24), (24, 5, 5, 24), (24, 5, 5, 24), (24, 5, 5, 1)]
- [(1, 5, 5, 24), (24, 5, 5, 24), (24, 5, 5, 24), (24, 5, 5, 24), (24, 5, 5, 24), (24, 5, 5, 24), (24, 5, 5, 24), (24, 5, 5, 24), (24, 5, 5, 24), (24, 5, 5, 24), (24, 5, 5, 1)]
- [(1, 5, 5, 24), (24, 5, 5, 24), (24, 5, 5, 24), (24, 5, 5, 24), (24, 5, 5, 24), (24, 5, 5, 24), (24, 5, 5, 24), (24, 5, 5, 24), (24, 5, 5, 24), (24, 5, 5, 24), (24, 5, 5, 1)]
Lh truncation errors:
- [0.00000000e+00 3.53949680e-33 3.34336815e-35 2.88743034e-31
 1.09485262e-31 1.60749095e-31 8.67847706e-36 1.55411346e-31
 2.60263108e-36 4.06632744e-37]
- [2.61416728e-33 1.88045230e-09 8.67840366e-31 4.26450918e-19
 3.38625924e-30 3.51478536e-07 3.67802306e-30 1.30924544e-18
 5.49958022e-31 0.00000000e+00]
- [0.00000000e+00 7.21076404e-09 1.09832627e-05 2.94275170e-17
 1.13169196e-04 3.97769325e-07 1.77978903e-04 1.13449767e-16
 2.27143348e-06 8.55041047e-33]
- [2.12500574e-36 9.01858816e-04 2.70866065e-07 1.88480854e-04
 6.47469884e-06 4.95479683e-04 7.38428559e-06 3.69001239e-04
 3.37076900e-07 3.42463582e-06]
- [2.56476899e-05 3.05385048e-05 3.65740388e-04 1.45198867e-06
 2.14019435e-04 1.05763652e-05 2.41933791e-04 2.09364319e-06
 3.62592188e-04 1.13558782e-13]
- [7.69680729e-16 5.85063289e-04 9.33216819e-06 2.51536351e-04
 6.19841727e-06 2.69146232e-04 2.85637826e-06 3.06686475e-04
 1.67553686e-05 5.43869832e-06]
- [6.84245799e-06 1.96395746e-05 3.62575622e-04 3.68210602e-06
 1.56778341e-04 6.38778753e-06 3.11035283e-04 1.49193084e-06
 3.35841774e-04 6.63923942e-15]
- [3.09071325e-15 4.52057054e-04 4.35479634e-06 1.68983980e-04
 4.72418785e-06 1.40029442e-04 4.41176541e-06 5.83487726e-04
 2.06034575e-05 2.11084210e-06]
- [8.81468925e-06 1.48087292e-05 4.74650242e-04 3.53123707e-06
 1.34734001e-04 2.75227994e-06 2.91387487e-04 5.66283830e-06
 4.65946107e-04 4.18003239e-15]
- [1.36634265e-13 4.04213178e-04 5.29477436e-06 2.87054659e-04
 2.65067754e-06 1.60141604e-04 2.20373674e-06 4.68976400e-04
 2.00198507e-05 4.56285265e-06]
-> EL = <Lh|CC*> = 10.699052003691248.
Orthogonality column 11:
-> EC = <ALhAL*|CC*|ARhAR*> = 1.4569213890869293e-12.
=> E = 10.699052003692705.
=> deltaE_bcc = 10.699052003686923. 

chi_max_b = 54, combine_hs = False.
Lh leg dimensions:
- [(1, 5, 5, 25), (25, 5, 5, 54), (54, 5, 5, 54), (54, 5, 5, 54), (54, 5, 5, 54), (54, 5, 5, 54), (54, 5, 5, 54), (54, 5, 5, 54), (54, 5, 5, 54), (54, 5, 5, 25), (25, 5, 5, 1)]
- [(1, 5, 5, 25), (25, 5, 5, 54), (54, 5, 5, 54), (54, 5, 5, 54), (54, 5, 5, 54), (54, 5, 5, 54), (54, 5, 5, 54), (54, 5, 5, 54), (54, 5, 5, 54), (54, 5, 5, 25), (25, 5, 5, 1)]
- [(1, 5, 5, 25), (25, 5, 5, 54), (54, 5, 5, 54), (54, 5, 5, 54), (54, 5, 5, 54), (54, 5, 5, 54), (54, 5, 5, 54), (54, 5, 5, 54), (54, 5, 5, 54), (54, 5, 5, 25), (25, 5, 5, 1)]
- [(1, 5, 5, 25), (25, 5, 5, 54), (54, 5, 5, 54), (54, 5, 5, 54), (54, 5, 5, 54), (54, 5, 5, 54), (54, 5, 5, 54), (54, 5, 5, 54), (54, 5, 5, 54), (54, 5, 5, 25), (25, 5, 5, 1)]
- [(1, 5, 5, 25), (25, 5, 5, 54), (54, 5, 5, 54), (54, 5, 5, 54), (54, 5, 5, 54), (54, 5, 5, 54), (54, 5, 5, 54), (54, 5, 5, 54), (54, 5, 5, 54), (54, 5, 5, 25), (25, 5, 5, 1)]
- [(1, 5, 5, 25), (25, 5, 5, 54), (54, 5, 5, 54), (54, 5, 5, 54), (54, 5, 5, 54), (54, 5, 5, 54), (54, 5, 5, 54), (54, 5, 5, 54), (54, 5, 5, 54), (54, 5, 5, 25), (25, 5, 5, 1)]
- [(1, 5, 5, 25), (25, 5, 5, 54), (54, 5, 5, 54), (54, 5, 5, 54), (54, 5, 5, 54), (54, 5, 5, 54), (54, 5, 5, 54), (54, 5, 5, 54), (54, 5, 5, 54), (54, 5, 5, 25), (25, 5, 5, 1)]
- [(1, 5, 5, 25), (25, 5, 5, 54), (54, 5, 5, 54), (54, 5, 5, 54), (54, 5, 5, 54), (54, 5, 5, 54), (54, 5, 5, 54), (54, 5, 5, 54), (54, 5, 5, 54), (54, 5, 5, 25), (25, 5, 5, 1)]
- [(1, 5, 5, 25), (25, 5, 5, 54), (54, 5, 5, 51), (51, 5, 5, 54), (54, 5, 5, 51), (51, 5, 5, 54), (54, 5, 5, 51), (51, 5, 5, 54), (54, 5, 5, 50), (50, 5, 5, 25), (25, 5, 5, 1)]
- [(1, 5, 5, 25), (25, 5, 5, 50), (50, 5, 5, 52), (52, 5, 5, 51), (51, 5, 5, 50), (50, 5, 5, 50), (50, 5, 5, 51), (51, 5, 5, 51), (51, 5, 5, 50), (50, 5, 5, 25), (25, 5, 5, 1)]
Lh truncation errors:
- [0.00000000e+00 1.20839713e-02 1.04693977e-29 3.34658600e-03
 1.13824393e-29 1.12586645e-03 1.34023463e-29 4.69608513e-03
 5.75588022e-30 0.00000000e+00]
- [0.00000000e+00 7.58452485e-03 1.09733593e-29 6.45391710e-03
 1.07993930e-29 1.61625882e-03 1.16885221e-29 4.27718055e-03
 5.77561429e-30 0.00000000e+00]
- [0.00000000e+00 3.44754366e-03 1.09693847e-29 3.42411355e-03
 1.26683392e-29 1.61756544e-03 1.21219424e-29 6.34833956e-03
 5.65713794e-30 0.00000000e+00]
- [0.00000000e+00 2.29372288e-03 1.05705544e-29 2.24888464e-03
 1.09310680e-29 1.22974064e-03 1.06072766e-29 5.44185627e-03
 5.67096588e-30 0.00000000e+00]
- [0.00000000e+00 2.32673378e-03 1.18265213e-29 1.81955871e-03
 1.06153015e-29 1.27951098e-03 1.13470602e-29 4.33348283e-03
 5.81805919e-30 0.00000000e+00]
- [0.00000000e+00 2.76953613e-03 1.11476002e-29 1.97028381e-03
 1.09154066e-29 1.22918578e-03 1.19665962e-29 4.70543959e-03
 5.78864832e-30 0.00000000e+00]
- [0.00000000e+00 2.95480973e-03 1.14206572e-29 2.69998544e-03
 1.10463977e-29 1.16485701e-03 1.16103175e-29 3.30292652e-03
 5.85053178e-30 0.00000000e+00]
- [0.00000000e+00 1.99267048e-03 1.11533012e-29 1.77760032e-03
 1.10123202e-29 1.58906636e-03 1.17141527e-29 2.52341318e-03
 5.72762695e-30 0.00000000e+00]
- [0.00000000e+00 9.85880784e-04 1.07706928e-29 8.33498264e-04
 1.06559988e-29 7.71532364e-04 1.09375826e-29 1.32905892e-03
 5.85292095e-30 0.00000000e+00]
- [0.00000000e+00 4.76465509e-30 9.70006959e-30 1.66891470e-29
 1.11000338e-29 1.49975298e-29 1.02274444e-29 1.59757924e-29
 6.02718511e-30 0.00000000e+00]
-> EL = sum_n <Lh_n|CC*> = -0.2333833018478743.
Orthogonality column 11:
-> EC = <ALhAL*|CC*|ARhAR*> = 1.4569213890869293e-12.
=> E = -0.2333833018464174.
=> deltaE_bc = -0.23338330185219908.
chi_max_b = 54, combine_hs = True.
Lh leg dimensions:
- [(1, 2, 2, 4), (4, 2, 2, 3), (3, 2, 2, 8), (8, 2, 2, 3), (3, 2, 2, 9), (9, 4, 4, 3), (3, 2, 2, 8), (8, 2, 2, 3), (3, 2, 2, 8), (8, 2, 2, 3), (3, 2, 2, 1)]
- [(1, 4, 4, 8), (8, 2, 2, 29), (29, 4, 4, 8), (8, 2, 2, 29), (29, 4, 4, 13), (13, 4, 4, 54), (54, 4, 4, 9), (9, 4, 4, 29), (29, 2, 2, 8), (8, 4, 4, 4), (4, 2, 2, 1)]
- [(1, 4, 4, 16), (16, 4, 4, 34), (34, 4, 4, 54), (54, 4, 4, 33), (33, 5, 5, 54), (54, 5, 5, 54), (54, 5, 5, 54), (54, 5, 5, 34), (34, 4, 4, 54), (54, 4, 4, 9), (9, 4, 4, 1)]
- [(1, 5, 5, 24), (24, 5, 5, 54), (54, 5, 5, 54), (54, 5, 5, 54), (54, 5, 5, 54), (54, 5, 5, 54), (54, 5, 5, 54), (54, 5, 5, 54), (54, 5, 5, 54), (54, 5, 5, 25), (25, 5, 5, 1)]
- [(1, 5, 5, 25), (25, 5, 5, 54), (54, 5, 5, 54), (54, 5, 5, 54), (54, 5, 5, 54), (54, 5, 5, 54), (54, 5, 5, 54), (54, 5, 5, 54), (54, 5, 5, 54), (54, 5, 5, 25), (25, 5, 5, 1)]
- [(1, 5, 5, 25), (25, 5, 5, 54), (54, 5, 5, 54), (54, 5, 5, 54), (54, 5, 5, 54), (54, 5, 5, 54), (54, 5, 5, 54), (54, 5, 5, 54), (54, 5, 5, 54), (54, 5, 5, 25), (25, 5, 5, 1)]
- [(1, 5, 5, 25), (25, 5, 5, 54), (54, 5, 5, 54), (54, 5, 5, 54), (54, 5, 5, 54), (54, 5, 5, 54), (54, 5, 5, 54), (54, 5, 5, 54), (54, 5, 5, 54), (54, 5, 5, 25), (25, 5, 5, 1)]
- [(1, 5, 5, 25), (25, 5, 5, 54), (54, 5, 5, 54), (54, 5, 5, 54), (54, 5, 5, 54), (54, 5, 5, 54), (54, 5, 5, 54), (54, 5, 5, 54), (54, 5, 5, 54), (54, 5, 5, 25), (25, 5, 5, 1)]
- [(1, 5, 5, 25), (25, 5, 5, 54), (54, 5, 5, 54), (54, 5, 5, 54), (54, 5, 5, 54), (54, 5, 5, 54), (54, 5, 5, 54), (54, 5, 5, 54), (54, 5, 5, 54), (54, 5, 5, 25), (25, 5, 5, 1)]
- [(1, 5, 5, 25), (25, 5, 5, 54), (54, 5, 5, 54), (54, 5, 5, 54), (54, 5, 5, 54), (54, 5, 5, 54), (54, 5, 5, 54), (54, 5, 5, 54), (54, 5, 5, 54), (54, 5, 5, 25), (25, 5, 5, 1)]
Lh truncation errors:
- [0.00000000e+00 3.52882909e-33 7.51486953e-36 2.88743034e-31
 1.08928671e-31 1.76387892e-31 3.21967117e-35 1.60182891e-31
 1.36227373e-36 4.09502875e-37]
- [5.00993943e-33 1.95590302e-32 1.06791598e-30 6.03710783e-32
 4.24807364e-30 4.06281629e-16 5.40109302e-30 1.99959907e-32
 5.49827458e-31 0.00000000e+00]
- [0.00000000e+00 2.39485866e-30 5.62790543e-08 9.45358336e-30
 4.31979521e-07 8.66687430e-17 2.18881638e-06 6.31542725e-30
 3.35610777e-08 1.21286179e-32]
- [1.24852427e-35 3.19689918e-04 6.13286362e-10 1.22343004e-05
 2.27213353e-09 2.11549042e-04 1.66712951e-08 3.77248570e-05
 2.35153565e-09 0.00000000e+00]
- [0.00000000e+00 3.37095838e-06 1.09515577e-04 6.55287495e-09
 1.21730034e-04 2.30622621e-07 1.05780248e-04 5.86574196e-08
 1.09055163e-04 0.00000000e+00]
- [0.00000000e+00 3.38713451e-04 1.03487566e-07 1.12615594e-04
 3.74858064e-07 1.37189389e-04 6.96341129e-08 8.04611870e-05
 6.11195611e-07 0.00000000e+00]
- [0.00000000e+00 2.44748064e-06 1.75082081e-04 1.36840288e-07
 8.30782780e-05 2.94259575e-07 1.16168750e-04 4.86647617e-08
 1.38345215e-04 0.00000000e+00]
- [0.00000000e+00 2.37547035e-04 1.66540573e-07 8.67481746e-05
 2.17215818e-07 7.52747450e-05 9.54061510e-08 2.41651510e-04
 1.08001952e-06 0.00000000e+00]
- [0.00000000e+00 1.49697559e-06 2.24883049e-04 1.51868921e-07
 7.61035539e-05 3.01958653e-07 1.85455649e-04 3.85776512e-07
 2.22027434e-04 0.00000000e+00]
- [0.00000000e+00 2.05569164e-04 1.54062438e-07 2.04782773e-04
 1.87194384e-07 9.45501420e-05 4.07694796e-07 2.95605693e-04
 2.08356211e-06 0.00000000e+00]
-> EL = <Lh|CC*> = 0.3731044396433826.
Orthogonality column 11:
-> EC = <ALhAL*|CC*|ARhAR*> = 1.4569213890869293e-12.
=> E = 0.3731044396448395.
=> deltaE_bcc = 0.37310443963905787. 

chi_max_b = 96, combine_hs = False.
Lh leg dimensions:
- [(1, 5, 5, 25), (25, 5, 5, 96), (96, 5, 5, 96), (96, 5, 5, 96), (96, 5, 5, 96), (96, 5, 5, 96), (96, 5, 5, 96), (96, 5, 5, 96), (96, 5, 5, 96), (96, 5, 5, 25), (25, 5, 5, 1)]
- [(1, 5, 5, 25), (25, 5, 5, 96), (96, 5, 5, 96), (96, 5, 5, 96), (96, 5, 5, 96), (96, 5, 5, 96), (96, 5, 5, 96), (96, 5, 5, 96), (96, 5, 5, 96), (96, 5, 5, 25), (25, 5, 5, 1)]
- [(1, 5, 5, 25), (25, 5, 5, 96), (96, 5, 5, 96), (96, 5, 5, 96), (96, 5, 5, 96), (96, 5, 5, 96), (96, 5, 5, 96), (96, 5, 5, 96), (96, 5, 5, 96), (96, 5, 5, 25), (25, 5, 5, 1)]
- [(1, 5, 5, 25), (25, 5, 5, 96), (96, 5, 5, 96), (96, 5, 5, 96), (96, 5, 5, 96), (96, 5, 5, 96), (96, 5, 5, 96), (96, 5, 5, 96), (96, 5, 5, 96), (96, 5, 5, 25), (25, 5, 5, 1)]
- [(1, 5, 5, 25), (25, 5, 5, 96), (96, 5, 5, 96), (96, 5, 5, 96), (96, 5, 5, 96), (96, 5, 5, 96), (96, 5, 5, 96), (96, 5, 5, 96), (96, 5, 5, 96), (96, 5, 5, 25), (25, 5, 5, 1)]
- [(1, 5, 5, 25), (25, 5, 5, 96), (96, 5, 5, 96), (96, 5, 5, 96), (96, 5, 5, 96), (96, 5, 5, 96), (96, 5, 5, 96), (96, 5, 5, 96), (96, 5, 5, 96), (96, 5, 5, 25), (25, 5, 5, 1)]
- [(1, 5, 5, 25), (25, 5, 5, 96), (96, 5, 5, 96), (96, 5, 5, 96), (96, 5, 5, 96), (96, 5, 5, 96), (96, 5, 5, 96), (96, 5, 5, 96), (96, 5, 5, 96), (96, 5, 5, 25), (25, 5, 5, 1)]
- [(1, 5, 5, 25), (25, 5, 5, 96), (96, 5, 5, 96), (96, 5, 5, 96), (96, 5, 5, 96), (96, 5, 5, 96), (96, 5, 5, 96), (96, 5, 5, 96), (96, 5, 5, 96), (96, 5, 5, 25), (25, 5, 5, 1)]
- [(1, 5, 5, 25), (25, 5, 5, 96), (96, 5, 5, 51), (51, 5, 5, 96), (96, 5, 5, 50), (50, 5, 5, 96), (96, 5, 5, 51), (51, 5, 5, 96), (96, 5, 5, 50), (50, 5, 5, 25), (25, 5, 5, 1)]
- [(1, 5, 5, 25), (25, 5, 5, 50), (50, 5, 5, 52), (52, 5, 5, 51), (51, 5, 5, 51), (51, 5, 5, 51), (51, 5, 5, 51), (51, 5, 5, 51), (51, 5, 5, 50), (50, 5, 5, 25), (25, 5, 5, 1)]
Lh truncation errors:
- [0.00000000e+00 4.93688008e-03 1.96981001e-29 3.30116740e-03
 1.89066807e-29 1.00917570e-03 1.90363628e-29 3.92204435e-03
 5.64899050e-30 0.00000000e+00]
- [0.00000000e+00 3.19480426e-03 1.92647936e-29 4.65003624e-03
 2.11651306e-29 1.33756517e-03 2.09843733e-29 3.58981484e-03
 5.50611446e-30 0.00000000e+00]
- [0.00000000e+00 1.54282794e-03 1.91833902e-29 2.57835768e-03
 1.92654383e-29 1.08300564e-03 1.93242937e-29 5.10651267e-03
 5.23636249e-30 0.00000000e+00]
- [0.00000000e+00 1.07859092e-03 1.90640324e-29 1.60611923e-03
 1.90772402e-29 7.97263254e-04 1.84353636e-29 4.85710113e-03
 5.26088967e-30 0.00000000e+00]
- [0.00000000e+00 1.01974346e-03 2.06246462e-29 1.46481736e-03
 1.88945774e-29 8.52763957e-04 1.99180662e-29 3.88266379e-03
 5.32487036e-30 0.00000000e+00]
- [0.00000000e+00 1.05786295e-03 1.90815041e-29 1.45642624e-03
 1.96302435e-29 8.87035100e-04 1.91487615e-29 4.00663607e-03
 5.34121186e-30 0.00000000e+00]
- [0.00000000e+00 1.04631982e-03 1.91690163e-29 1.65146437e-03
 1.90572569e-29 7.26758789e-04 1.92097166e-29 2.48242189e-03
 5.35328274e-30 0.00000000e+00]
- [0.00000000e+00 6.75390545e-04 1.98775651e-29 1.03024947e-03
 1.93536838e-29 8.07038551e-04 1.92197118e-29 1.75379613e-03
 5.36235306e-30 0.00000000e+00]
- [0.00000000e+00 2.61712572e-04 1.91707512e-29 3.97336940e-04
 2.00051541e-29 3.15063219e-04 1.98249005e-29 6.18673249e-04
 5.79628227e-30 0.00000000e+00]
- [0.00000000e+00 4.76569928e-30 9.77303264e-30 1.66898849e-29
 1.20905793e-29 1.37577578e-29 1.04049251e-29 1.60246618e-29
 6.03319708e-30 0.00000000e+00]
-> EL = sum_n <Lh_n|CC*> = 0.13517063006847385.
Orthogonality column 11:
-> EC = <ALhAL*|CC*|ARhAR*> = 1.4569213890869293e-12.
=> E = 0.13517063006993077.
=> deltaE_bc = 0.1351706300641491.
chi_max_b = 96, combine_hs = True.
Lh leg dimensions:
- [(1, 2, 2, 4), (4, 2, 2, 3), (3, 2, 2, 8), (8, 2, 2, 3), (3, 2, 2, 9), (9, 4, 4, 3), (3, 2, 2, 8), (8, 2, 2, 3), (3, 2, 2, 8), (8, 2, 2, 3), (3, 2, 2, 1)]
- [(1, 4, 4, 8), (8, 2, 2, 29), (29, 4, 4, 8), (8, 2, 2, 29), (29, 4, 4, 13), (13, 4, 4, 80), (80, 4, 4, 8), (8, 4, 4, 29), (29, 2, 2, 8), (8, 4, 4, 4), (4, 2, 2, 1)]
- [(1, 4, 4, 16), (16, 4, 4, 32), (32, 4, 4, 96), (96, 4, 4, 32), (32, 5, 5, 96), (96, 5, 5, 80), (80, 5, 5, 96), (96, 5, 5, 32), (32, 4, 4, 80), (80, 4, 4, 9), (9, 4, 4, 1)]
- [(1, 5, 5, 24), (24, 5, 5, 96), (96, 5, 5, 96), (96, 5, 5, 96), (96, 5, 5, 96), (96, 5, 5, 96), (96, 5, 5, 96), (96, 5, 5, 96), (96, 5, 5, 96), (96, 5, 5, 25), (25, 5, 5, 1)]
- [(1, 5, 5, 25), (25, 5, 5, 96), (96, 5, 5, 96), (96, 5, 5, 96), (96, 5, 5, 96), (96, 5, 5, 96), (96, 5, 5, 96), (96, 5, 5, 96), (96, 5, 5, 96), (96, 5, 5, 25), (25, 5, 5, 1)]
- [(1, 5, 5, 25), (25, 5, 5, 96), (96, 5, 5, 96), (96, 5, 5, 96), (96, 5, 5, 96), (96, 5, 5, 96), (96, 5, 5, 96), (96, 5, 5, 96), (96, 5, 5, 96), (96, 5, 5, 25), (25, 5, 5, 1)]
- [(1, 5, 5, 25), (25, 5, 5, 96), (96, 5, 5, 96), (96, 5, 5, 96), (96, 5, 5, 96), (96, 5, 5, 96), (96, 5, 5, 96), (96, 5, 5, 96), (96, 5, 5, 96), (96, 5, 5, 25), (25, 5, 5, 1)]
- [(1, 5, 5, 25), (25, 5, 5, 96), (96, 5, 5, 96), (96, 5, 5, 96), (96, 5, 5, 96), (96, 5, 5, 96), (96, 5, 5, 96), (96, 5, 5, 96), (96, 5, 5, 96), (96, 5, 5, 25), (25, 5, 5, 1)]
- [(1, 5, 5, 25), (25, 5, 5, 96), (96, 5, 5, 96), (96, 5, 5, 96), (96, 5, 5, 96), (96, 5, 5, 96), (96, 5, 5, 96), (96, 5, 5, 96), (96, 5, 5, 96), (96, 5, 5, 25), (25, 5, 5, 1)]
- [(1, 5, 5, 25), (25, 5, 5, 96), (96, 5, 5, 96), (96, 5, 5, 96), (96, 5, 5, 96), (96, 5, 5, 96), (96, 5, 5, 96), (96, 5, 5, 96), (96, 5, 5, 96), (96, 5, 5, 25), (25, 5, 5, 1)]
Lh truncation errors:
- [0.00000000e+00 3.27996570e-33 4.58999316e-36 2.89682019e-31
 1.09894750e-31 1.56417018e-31 1.31853048e-34 1.60584714e-31
 4.29484813e-36 3.99063578e-37]
- [3.11381191e-33 2.31998964e-32 1.07230179e-30 6.03895076e-32
 3.39717955e-30 6.61883366e-31 4.57232993e-30 1.99961823e-32
 5.52833878e-31 0.00000000e+00]
- [0.00000000e+00 2.60543324e-30 1.85393288e-11 1.56292072e-29
 6.01020756e-09 1.88316821e-29 4.89489443e-08 1.02926837e-29
 4.74808474e-31 4.55345688e-32]
- [1.41663888e-36 1.06575313e-04 3.10604225e-14 2.87713412e-06
 5.92776685e-11 8.43993112e-05 7.18547400e-10 5.49117865e-06
 5.50093307e-30 0.00000000e+00]
- [0.00000000e+00 1.09571852e-06 5.89491509e-05 1.53109631e-09
 5.12966314e-05 8.19114292e-08 6.21806330e-05 2.96830687e-09
 2.80512286e-05 0.00000000e+00]
- [0.00000000e+00 1.52123574e-04 4.77972826e-08 5.76724035e-05
 9.19004308e-08 8.43149758e-05 2.36437727e-08 4.95278540e-05
 7.26511073e-08 0.00000000e+00]
- [0.00000000e+00 8.41314767e-07 1.31529181e-04 2.48896185e-08
 4.19834311e-05 9.24328108e-08 6.40272900e-05 3.06105942e-08
 5.07795328e-05 0.00000000e+00]
- [0.00000000e+00 1.05911448e-04 9.74756271e-08 4.96617367e-05
 5.25829117e-08 3.89362442e-05 3.74977960e-08 1.38000043e-04
 3.69317285e-07 0.00000000e+00]
- [0.00000000e+00 6.01339445e-07 1.75676402e-04 4.40916736e-08
 4.11804651e-05 7.62223836e-08 1.03849763e-04 9.69993514e-08
 8.42119888e-05 0.00000000e+00]
- [0.00000000e+00 8.21364508e-05 8.46348009e-08 1.22250326e-04
 5.82757556e-08 6.17938291e-05 7.63106025e-08 2.36838459e-04
 5.32562109e-07 0.00000000e+00]
-> EL = <Lh|CC*> = 0.4152226458130992.
Orthogonality column 11:
-> EC = <ALhAL*|CC*|ARhAR*> = 1.4569213890869293e-12.
=> E = 0.41522264581455615.
=> deltaE_bcc = 0.4152226458087745. 

chi_max_b = 150, combine_hs = False.
Lh leg dimensions:
- [(1, 5, 5, 25), (25, 5, 5, 150), (150, 5, 5, 150), (150, 5, 5, 150), (150, 5, 5, 150), (150, 5, 5, 150), (150, 5, 5, 150), (150, 5, 5, 150), (150, 5, 5, 150), (150, 5, 5, 25), (25, 5, 5, 1)]
- [(1, 5, 5, 25), (25, 5, 5, 150), (150, 5, 5, 150), (150, 5, 5, 150), (150, 5, 5, 150), (150, 5, 5, 150), (150, 5, 5, 150), (150, 5, 5, 150), (150, 5, 5, 150), (150, 5, 5, 25), (25, 5, 5, 1)]
- [(1, 5, 5, 25), (25, 5, 5, 150), (150, 5, 5, 150), (150, 5, 5, 150), (150, 5, 5, 150), (150, 5, 5, 150), (150, 5, 5, 150), (150, 5, 5, 150), (150, 5, 5, 150), (150, 5, 5, 25), (25, 5, 5, 1)]
- [(1, 5, 5, 25), (25, 5, 5, 150), (150, 5, 5, 150), (150, 5, 5, 150), (150, 5, 5, 150), (150, 5, 5, 150), (150, 5, 5, 150), (150, 5, 5, 150), (150, 5, 5, 150), (150, 5, 5, 25), (25, 5, 5, 1)]
- [(1, 5, 5, 25), (25, 5, 5, 150), (150, 5, 5, 150), (150, 5, 5, 150), (150, 5, 5, 150), (150, 5, 5, 150), (150, 5, 5, 150), (150, 5, 5, 150), (150, 5, 5, 150), (150, 5, 5, 25), (25, 5, 5, 1)]
- [(1, 5, 5, 25), (25, 5, 5, 150), (150, 5, 5, 150), (150, 5, 5, 150), (150, 5, 5, 150), (150, 5, 5, 150), (150, 5, 5, 150), (150, 5, 5, 150), (150, 5, 5, 150), (150, 5, 5, 25), (25, 5, 5, 1)]
- [(1, 5, 5, 25), (25, 5, 5, 150), (150, 5, 5, 150), (150, 5, 5, 150), (150, 5, 5, 150), (150, 5, 5, 150), (150, 5, 5, 150), (150, 5, 5, 150), (150, 5, 5, 150), (150, 5, 5, 25), (25, 5, 5, 1)]
- [(1, 5, 5, 25), (25, 5, 5, 150), (150, 5, 5, 150), (150, 5, 5, 150), (150, 5, 5, 150), (150, 5, 5, 150), (150, 5, 5, 150), (150, 5, 5, 150), (150, 5, 5, 150), (150, 5, 5, 25), (25, 5, 5, 1)]
- [(1, 5, 5, 25), (25, 5, 5, 150), (150, 5, 5, 50), (50, 5, 5, 150), (150, 5, 5, 51), (51, 5, 5, 150), (150, 5, 5, 51), (51, 5, 5, 150), (150, 5, 5, 50), (50, 5, 5, 25), (25, 5, 5, 1)]
- [(1, 5, 5, 25), (25, 5, 5, 50), (50, 5, 5, 51), (51, 5, 5, 50), (50, 5, 5, 51), (51, 5, 5, 50), (50, 5, 5, 51), (51, 5, 5, 51), (51, 5, 5, 50), (50, 5, 5, 25), (25, 5, 5, 1)]
Lh truncation errors:
- [0.00000000e+00 1.27560239e-03 2.90510539e-29 2.76065757e-03
 3.17655465e-29 8.29150386e-04 2.88501567e-29 3.00400077e-03
 4.86535766e-30 0.00000000e+00]
- [0.00000000e+00 8.12478477e-04 2.93851464e-29 3.48046581e-03
 2.93373084e-29 1.06628102e-03 3.10994964e-29 3.09552795e-03
 5.29722935e-30 0.00000000e+00]
- [0.00000000e+00 4.73155191e-04 2.86088880e-29 1.90661573e-03
 2.87512677e-29 7.37134056e-04 3.04689178e-29 4.09722413e-03
 4.70783514e-30 0.00000000e+00]
- [0.00000000e+00 3.52762720e-04 2.88827821e-29 1.18057045e-03
 2.90747550e-29 5.47609987e-04 2.86157724e-29 4.15767636e-03
 4.72126895e-30 0.00000000e+00]
- [0.00000000e+00 2.97824237e-04 3.00691438e-29 1.13731020e-03
 3.03259816e-29 5.74813963e-04 2.90948232e-29 3.19177783e-03
 5.20426393e-30 0.00000000e+00]
- [0.00000000e+00 2.43308951e-04 2.93719312e-29 1.05401987e-03
 2.86605807e-29 6.06043670e-04 2.86488787e-29 3.07710554e-03
 4.97552503e-30 0.00000000e+00]
- [0.00000000e+00 2.34868024e-04 2.85362020e-29 1.00203143e-03
 2.93731648e-29 4.64202052e-04 2.92011613e-29 1.83094392e-03
 5.40339499e-30 0.00000000e+00]
- [0.00000000e+00 1.38291766e-04 2.94010500e-29 6.19123261e-04
 3.05150638e-29 4.25489457e-04 2.86306178e-29 1.19149315e-03
 4.82039627e-30 0.00000000e+00]
- [0.00000000e+00 4.61942548e-05 3.03996399e-29 1.85116792e-04
 3.00664437e-29 1.31640252e-04 3.06613388e-29 2.96620777e-04
 6.49429008e-30 0.00000000e+00]
- [0.00000000e+00 4.75790374e-30 1.02200772e-29 1.60027992e-29
 1.00975628e-29 1.49832623e-29 1.02331648e-29 1.59650859e-29
 5.98841172e-30 0.00000000e+00]
-> EL = sum_n <Lh_n|CC*> = 0.08796452195893856.
Orthogonality column 11:
-> EC = <ALhAL*|CC*|ARhAR*> = 1.4569213890869293e-12.
=> E = 0.08796452196039548.
=> deltaE_bc = 0.08796452195461381.
chi_max_b = 150, combine_hs = True.
Lh leg dimensions:
- [(1, 2, 2, 4), (4, 2, 2, 3), (3, 2, 2, 8), (8, 2, 2, 3), (3, 2, 2, 9), (9, 4, 4, 3), (3, 2, 2, 8), (8, 2, 2, 3), (3, 2, 2, 8), (8, 2, 2, 3), (3, 2, 2, 1)]
- [(1, 4, 4, 8), (8, 2, 2, 29), (29, 4, 4, 8), (8, 2, 2, 29), (29, 4, 4, 13), (13, 4, 4, 80), (80, 4, 4, 8), (8, 4, 4, 29), (29, 2, 2, 8), (8, 4, 4, 4), (4, 2, 2, 1)]
- [(1, 4, 4, 16), (16, 4, 4, 32), (32, 4, 4, 150), (150, 4, 4, 33), (33, 5, 5, 150), (150, 5, 5, 81), (81, 5, 5, 150), (150, 5, 5, 32), (32, 4, 4, 80), (80, 4, 4, 9), (9, 4, 4, 1)]
- [(1, 5, 5, 24), (24, 5, 5, 150), (150, 5, 5, 150), (150, 5, 5, 150), (150, 5, 5, 150), (150, 5, 5, 150), (150, 5, 5, 150), (150, 5, 5, 150), (150, 5, 5, 96), (96, 5, 5, 25), (25, 5, 5, 1)]
- [(1, 5, 5, 25), (25, 5, 5, 150), (150, 5, 5, 150), (150, 5, 5, 150), (150, 5, 5, 150), (150, 5, 5, 150), (150, 5, 5, 150), (150, 5, 5, 150), (150, 5, 5, 150), (150, 5, 5, 25), (25, 5, 5, 1)]
- [(1, 5, 5, 25), (25, 5, 5, 150), (150, 5, 5, 150), (150, 5, 5, 150), (150, 5, 5, 150), (150, 5, 5, 150), (150, 5, 5, 150), (150, 5, 5, 150), (150, 5, 5, 150), (150, 5, 5, 25), (25, 5, 5, 1)]
- [(1, 5, 5, 25), (25, 5, 5, 150), (150, 5, 5, 150), (150, 5, 5, 150), (150, 5, 5, 150), (150, 5, 5, 150), (150, 5, 5, 150), (150, 5, 5, 150), (150, 5, 5, 150), (150, 5, 5, 25), (25, 5, 5, 1)]
- [(1, 5, 5, 25), (25, 5, 5, 150), (150, 5, 5, 150), (150, 5, 5, 150), (150, 5, 5, 150), (150, 5, 5, 150), (150, 5, 5, 150), (150, 5, 5, 150), (150, 5, 5, 150), (150, 5, 5, 25), (25, 5, 5, 1)]
- [(1, 5, 5, 25), (25, 5, 5, 150), (150, 5, 5, 150), (150, 5, 5, 150), (150, 5, 5, 150), (150, 5, 5, 150), (150, 5, 5, 150), (150, 5, 5, 150), (150, 5, 5, 150), (150, 5, 5, 25), (25, 5, 5, 1)]
- [(1, 5, 5, 25), (25, 5, 5, 150), (150, 5, 5, 150), (150, 5, 5, 150), (150, 5, 5, 150), (150, 5, 5, 150), (150, 5, 5, 150), (150, 5, 5, 150), (150, 5, 5, 150), (150, 5, 5, 25), (25, 5, 5, 1)]
Lh truncation errors:
- [0.00000000e+00 3.06396270e-33 1.22333546e-35 2.88743034e-31
 1.09974318e-31 1.79117046e-31 1.94492738e-35 1.54899816e-31
 1.01058937e-35 2.02086642e-35]
- [1.31377243e-32 2.00710188e-32 1.06813780e-30 6.04640965e-32
 3.43444914e-30 6.61883366e-31 4.59571314e-30 2.00002159e-32
 5.51612286e-31 0.00000000e+00]
- [0.00000000e+00 2.41361246e-30 4.50891977e-16 2.43722781e-29
 9.56356562e-12 2.94154759e-29 1.75327111e-11 9.36406027e-30
 4.74693248e-31 7.01340925e-32]
- [2.12752459e-36 2.39048842e-05 1.21323514e-18 7.55888031e-07
 2.75383493e-15 3.44601775e-05 9.60191591e-15 1.30004413e-06
 5.69370371e-30 0.00000000e+00]
- [0.00000000e+00 3.06921866e-07 3.23311817e-05 4.14026119e-10
 2.26879643e-05 3.84709983e-08 3.49309870e-05 5.04767834e-10
 5.91085496e-06 0.00000000e+00]
- [0.00000000e+00 4.87184362e-05 2.66747197e-08 3.31168773e-05
 3.16146867e-08 5.06885737e-05 1.18257590e-08 2.99439314e-05
 1.56208421e-08 0.00000000e+00]
- [0.00000000e+00 3.48817168e-07 9.45516608e-05 1.23435671e-08
 2.32683607e-05 4.41140801e-08 3.77975891e-05 1.95502528e-08
 1.37508882e-05 0.00000000e+00]
- [0.00000000e+00 3.63172694e-05 6.94635868e-08 3.14582710e-05
 2.40429357e-08 2.22623686e-05 1.76031851e-08 8.66845306e-05
 1.42138653e-07 0.00000000e+00]
- [0.00000000e+00 3.25787515e-07 1.31100349e-04 2.30459992e-08
 2.36937286e-05 3.42759692e-08 6.58020845e-05 5.08083038e-08
 2.49714204e-05 0.00000000e+00]
- [0.00000000e+00 2.32654812e-05 6.27814323e-08 7.82948818e-05
 2.53529553e-08 3.95602927e-05 3.93041608e-08 1.78533009e-04
 2.38717555e-07 0.00000000e+00]
-> EL = <Lh|CC*> = 0.1778299964604786.
Orthogonality column 11:
-> EC = <ALhAL*|CC*|ARhAR*> = 1.4569213890869293e-12.
=> E = 0.1778299964619355.
=> deltaE_bcc = 0.17782999645615383. 

chi_max_b = 216, combine_hs = False.
Lh leg dimensions:
- [(1, 5, 5, 25), (25, 5, 5, 216), (216, 5, 5, 216), (216, 5, 5, 216), (216, 5, 5, 216), (216, 5, 5, 216), (216, 5, 5, 216), (216, 5, 5, 216), (216, 5, 5, 216), (216, 5, 5, 25), (25, 5, 5, 1)]
- [(1, 5, 5, 25), (25, 5, 5, 216), (216, 5, 5, 216), (216, 5, 5, 216), (216, 5, 5, 216), (216, 5, 5, 216), (216, 5, 5, 216), (216, 5, 5, 216), (216, 5, 5, 216), (216, 5, 5, 25), (25, 5, 5, 1)]
- [(1, 5, 5, 25), (25, 5, 5, 216), (216, 5, 5, 216), (216, 5, 5, 216), (216, 5, 5, 216), (216, 5, 5, 216), (216, 5, 5, 216), (216, 5, 5, 216), (216, 5, 5, 216), (216, 5, 5, 25), (25, 5, 5, 1)]
- [(1, 5, 5, 25), (25, 5, 5, 216), (216, 5, 5, 216), (216, 5, 5, 216), (216, 5, 5, 216), (216, 5, 5, 216), (216, 5, 5, 216), (216, 5, 5, 216), (216, 5, 5, 216), (216, 5, 5, 25), (25, 5, 5, 1)]
- [(1, 5, 5, 25), (25, 5, 5, 216), (216, 5, 5, 216), (216, 5, 5, 216), (216, 5, 5, 216), (216, 5, 5, 216), (216, 5, 5, 216), (216, 5, 5, 216), (216, 5, 5, 216), (216, 5, 5, 25), (25, 5, 5, 1)]
- [(1, 5, 5, 25), (25, 5, 5, 216), (216, 5, 5, 216), (216, 5, 5, 216), (216, 5, 5, 216), (216, 5, 5, 216), (216, 5, 5, 216), (216, 5, 5, 216), (216, 5, 5, 216), (216, 5, 5, 25), (25, 5, 5, 1)]
- [(1, 5, 5, 25), (25, 5, 5, 216), (216, 5, 5, 216), (216, 5, 5, 216), (216, 5, 5, 216), (216, 5, 5, 216), (216, 5, 5, 216), (216, 5, 5, 216), (216, 5, 5, 216), (216, 5, 5, 25), (25, 5, 5, 1)]
- [(1, 5, 5, 25), (25, 5, 5, 216), (216, 5, 5, 216), (216, 5, 5, 216), (216, 5, 5, 216), (216, 5, 5, 216), (216, 5, 5, 216), (216, 5, 5, 216), (216, 5, 5, 216), (216, 5, 5, 25), (25, 5, 5, 1)]
- [(1, 5, 5, 25), (25, 5, 5, 216), (216, 5, 5, 51), (51, 5, 5, 216), (216, 5, 5, 51), (51, 5, 5, 216), (216, 5, 5, 51), (51, 5, 5, 216), (216, 5, 5, 50), (50, 5, 5, 25), (25, 5, 5, 1)]
- [(1, 5, 5, 25), (25, 5, 5, 50), (50, 5, 5, 51), (51, 5, 5, 51), (51, 5, 5, 51), (51, 5, 5, 51), (51, 5, 5, 51), (51, 5, 5, 51), (51, 5, 5, 50), (50, 5, 5, 25), (25, 5, 5, 1)]
Lh truncation errors:
- [0.00000000e+00 5.18547562e-05 3.99866414e-29 2.09073254e-03
 4.17775300e-29 6.87213923e-04 4.21197190e-29 2.27251114e-03
 4.19985454e-30 0.00000000e+00]
- [0.00000000e+00 2.86212211e-05 3.94544847e-29 2.51463319e-03
 4.05536656e-29 8.54797585e-04 4.32687447e-29 2.61035384e-03
 4.18305814e-30 0.00000000e+00]
- [0.00000000e+00 1.89731917e-05 3.97014156e-29 1.34158306e-03
 4.15797961e-29 5.16227698e-04 4.04051097e-29 3.18046669e-03
 4.14523556e-30 0.00000000e+00]
- [0.00000000e+00 1.37170359e-05 4.22299626e-29 8.39958603e-04
 4.26594203e-29 3.96520410e-04 4.00301790e-29 3.34375588e-03
 4.30254053e-30 0.00000000e+00]
- [0.00000000e+00 1.15612168e-05 4.10377690e-29 8.30049236e-04
 4.20833500e-29 4.01401387e-04 4.24193396e-29 2.46314569e-03
 4.41045733e-30 0.00000000e+00]
- [0.00000000e+00 8.23383263e-06 4.06063651e-29 7.23205241e-04
 4.20121282e-29 4.15595760e-04 4.23342748e-29 2.22278698e-03
 4.15585780e-30 0.00000000e+00]
- [0.00000000e+00 6.84764476e-06 4.10460581e-29 6.08197791e-04
 4.18065348e-29 2.97693994e-04 4.26515771e-29 1.27599723e-03
 4.17103831e-30 0.00000000e+00]
- [0.00000000e+00 4.25960824e-06 4.08303878e-29 3.59218655e-04
 4.33666742e-29 2.24295229e-04 4.23822573e-29 7.61534456e-04
 4.67498586e-30 0.00000000e+00]
- [0.00000000e+00 1.17263955e-06 4.35064857e-29 7.81972069e-05
 4.26596269e-29 5.01707475e-05 4.40092015e-29 1.30086160e-04
 5.78919162e-30 0.00000000e+00]
- [0.00000000e+00 4.76584407e-30 1.00066129e-29 1.48960853e-29
 1.00956348e-29 1.38782404e-29 1.21878987e-29 1.59584756e-29
 5.96331228e-30 0.00000000e+00]
-> EL = sum_n <Lh_n|CC*> = 0.027363119755606444.
Orthogonality column 11:
-> EC = <ALhAL*|CC*|ARhAR*> = 1.4569213890869293e-12.
=> E = 0.027363119757063365.
=> deltaE_bc = 0.0273631197512817.
chi_max_b = 216, combine_hs = True.
Lh leg dimensions:
- [(1, 2, 2, 4), (4, 2, 2, 3), (3, 2, 2, 8), (8, 2, 2, 3), (3, 2, 2, 9), (9, 4, 4, 3), (3, 2, 2, 8), (8, 2, 2, 3), (3, 2, 2, 8), (8, 2, 2, 3), (3, 2, 2, 1)]
- [(1, 4, 4, 8), (8, 2, 2, 29), (29, 4, 4, 8), (8, 2, 2, 29), (29, 4, 4, 13), (13, 4, 4, 80), (80, 4, 4, 8), (8, 4, 4, 29), (29, 2, 2, 8), (8, 4, 4, 4), (4, 2, 2, 1)]
- [(1, 4, 4, 16), (16, 4, 4, 32), (32, 4, 4, 216), (216, 4, 4, 33), (33, 5, 5, 216), (216, 5, 5, 80), (80, 5, 5, 216), (216, 5, 5, 32), (32, 4, 4, 80), (80, 4, 4, 9), (9, 4, 4, 1)]
- [(1, 5, 5, 24), (24, 5, 5, 216), (216, 5, 5, 216), (216, 5, 5, 216), (216, 5, 5, 216), (216, 5, 5, 216), (216, 5, 5, 216), (216, 5, 5, 216), (216, 5, 5, 97), (97, 5, 5, 25), (25, 5, 5, 1)]
- [(1, 5, 5, 25), (25, 5, 5, 216), (216, 5, 5, 216), (216, 5, 5, 216), (216, 5, 5, 216), (216, 5, 5, 216), (216, 5, 5, 216), (216, 5, 5, 216), (216, 5, 5, 216), (216, 5, 5, 25), (25, 5, 5, 1)]
- [(1, 5, 5, 25), (25, 5, 5, 216), (216, 5, 5, 216), (216, 5, 5, 216), (216, 5, 5, 216), (216, 5, 5, 216), (216, 5, 5, 216), (216, 5, 5, 216), (216, 5, 5, 216), (216, 5, 5, 25), (25, 5, 5, 1)]
- [(1, 5, 5, 25), (25, 5, 5, 216), (216, 5, 5, 216), (216, 5, 5, 216), (216, 5, 5, 216), (216, 5, 5, 216), (216, 5, 5, 216), (216, 5, 5, 216), (216, 5, 5, 216), (216, 5, 5, 25), (25, 5, 5, 1)]
- [(1, 5, 5, 25), (25, 5, 5, 216), (216, 5, 5, 216), (216, 5, 5, 216), (216, 5, 5, 216), (216, 5, 5, 216), (216, 5, 5, 216), (216, 5, 5, 216), (216, 5, 5, 216), (216, 5, 5, 25), (25, 5, 5, 1)]
- [(1, 5, 5, 25), (25, 5, 5, 216), (216, 5, 5, 216), (216, 5, 5, 216), (216, 5, 5, 216), (216, 5, 5, 216), (216, 5, 5, 216), (216, 5, 5, 216), (216, 5, 5, 216), (216, 5, 5, 25), (25, 5, 5, 1)]
- [(1, 5, 5, 25), (25, 5, 5, 216), (216, 5, 5, 216), (216, 5, 5, 216), (216, 5, 5, 216), (216, 5, 5, 216), (216, 5, 5, 216), (216, 5, 5, 216), (216, 5, 5, 216), (216, 5, 5, 25), (25, 5, 5, 1)]
Lh truncation errors:
- [0.00000000e+00 4.27957315e-34 2.19783247e-35 2.90062460e-31
 1.08941350e-31 1.59604369e-31 2.33503037e-35 1.61494742e-31
 6.28354155e-36 1.14697688e-35]
- [1.49906999e-33 1.92776713e-32 1.06836079e-30 6.04302542e-32
 3.37831213e-30 6.61883366e-31 4.59071712e-30 2.00052312e-32
 5.49512460e-31 0.00000000e+00]
- [0.00000000e+00 2.41475311e-30 1.19647190e-20 3.52914575e-29
 1.42505268e-15 4.31271021e-29 7.91293931e-15 9.32300290e-30
 4.74748989e-31 1.64692092e-31]
- [4.45445796e-36 1.66282946e-06 2.08399598e-22 1.95661094e-07
 4.49143944e-19 1.31855884e-05 3.95994511e-18 3.34661645e-07
 5.43899856e-30 0.00000000e+00]
- [0.00000000e+00 3.49626376e-08 1.64668319e-05 9.96250141e-11
 9.93281742e-06 1.73985653e-08 1.88304157e-05 1.21535887e-10
 4.94241525e-07 0.00000000e+00]
- [0.00000000e+00 5.00082512e-06 1.33231590e-08 1.95875277e-05
 1.23380500e-08 2.95221934e-05 6.40002154e-09 1.74756342e-05
 1.95187183e-09 0.00000000e+00]
- [0.00000000e+00 1.29222223e-07 6.32968144e-05 5.73935597e-09
 1.31392824e-05 2.24409274e-08 2.27787752e-05 1.27601145e-08
 1.31949434e-06 0.00000000e+00]
- [0.00000000e+00 4.44622369e-06 4.40310404e-08 2.04404427e-05
 1.19762892e-08 1.33550970e-05 1.02807693e-08 5.41578453e-05
 3.66653721e-08 0.00000000e+00]
- [0.00000000e+00 1.62628954e-07 9.26079320e-05 1.30574665e-08
 1.41454722e-05 1.58826237e-08 4.17558629e-05 3.14102258e-08
 3.17563142e-06 0.00000000e+00]
- [0.00000000e+00 2.73552418e-06 4.63914971e-08 5.00791079e-05
 1.30183286e-08 2.55753649e-05 2.00447777e-08 1.28371127e-04
 5.40751994e-08 0.00000000e+00]
-> EL = <Lh|CC*> = 0.11031519552451341.
Orthogonality column 11:
-> EC = <ALhAL*|CC*|ARhAR*> = 1.4569213890869293e-12.
=> E = 0.11031519552597033.
=> deltaE_bcc = 0.11031519552018866. 

for chi_max_bs = [24, 54, 96, 150, 216]:
- without combining hs: 
deltaEs = [-0.87350847 -0.2333833   0.13517063  0.08796452  0.02736312], 
maximal truncation errors = [0.03165742 0.01208397 0.00510651 0.00415768 0.00334376]. 
- with combining hs: 
deltaEs = [10.699052    0.37310444  0.41522265  0.17783     0.1103152 ], 
maximal truncation errors = [0.00090186 0.00033871 0.00023684 0.00017853 0.00012837].
