Lx = 6, Ly = 6, g = 3.0, D_max = 5, chi_max_c = 30, zeroE = True. 

E = sum_n <iso_peps|h_n|iso_peps> = sum_n [-4.47700659e-14  3.62667320e-13  2.31311183e-13  4.75189158e-13
  7.64734288e-13  1.15781801e-13  6.67788159e-13  2.73839978e-13
  4.50608301e-13  2.44145245e-13  4.92969758e-14] 
  = 3.590592343158093e-12. 

chi_max_b = 24, combine_hs = False.
Lh leg dimensions:
- [(1, 5, 5, 24), (24, 5, 5, 24), (24, 5, 5, 24), (24, 5, 5, 24), (24, 5, 5, 24), (24, 5, 5, 24), (24, 5, 5, 24), (24, 5, 5, 24), (24, 5, 5, 24), (24, 5, 5, 24), (24, 5, 5, 1)]
- [(1, 5, 5, 24), (24, 5, 5, 24), (24, 5, 5, 24), (24, 5, 5, 24), (24, 5, 5, 24), (24, 5, 5, 24), (24, 5, 5, 24), (24, 5, 5, 24), (24, 5, 5, 24), (24, 5, 5, 24), (24, 5, 5, 1)]
- [(1, 5, 5, 24), (24, 5, 5, 24), (24, 5, 5, 24), (24, 5, 5, 24), (24, 5, 5, 24), (24, 5, 5, 24), (24, 5, 5, 24), (24, 5, 5, 24), (24, 5, 5, 24), (24, 5, 5, 24), (24, 5, 5, 1)]
- [(1, 5, 5, 24), (24, 5, 5, 24), (24, 5, 5, 24), (24, 5, 5, 24), (24, 5, 5, 24), (24, 5, 5, 24), (24, 5, 5, 24), (24, 5, 5, 24), (24, 5, 5, 24), (24, 5, 5, 24), (24, 5, 5, 1)]
- [(1, 5, 5, 24), (24, 5, 5, 24), (24, 5, 5, 24), (24, 5, 5, 24), (24, 5, 5, 24), (24, 5, 5, 24), (24, 5, 5, 24), (24, 5, 5, 24), (24, 5, 5, 24), (24, 5, 5, 24), (24, 5, 5, 1)]
- [(1, 5, 5, 24), (24, 5, 5, 24), (24, 5, 5, 24), (24, 5, 5, 24), (24, 5, 5, 24), (24, 5, 5, 24), (24, 5, 5, 24), (24, 5, 5, 24), (24, 5, 5, 24), (24, 5, 5, 24), (24, 5, 5, 1)]
- [(1, 5, 5, 24), (24, 5, 5, 24), (24, 5, 5, 24), (24, 5, 5, 24), (24, 5, 5, 24), (24, 5, 5, 24), (24, 5, 5, 24), (24, 5, 5, 24), (24, 5, 5, 24), (24, 5, 5, 24), (24, 5, 5, 1)]
- [(1, 5, 5, 24), (24, 5, 5, 24), (24, 5, 5, 24), (24, 5, 5, 24), (24, 5, 5, 24), (24, 5, 5, 24), (24, 5, 5, 24), (24, 5, 5, 24), (24, 5, 5, 24), (24, 5, 5, 24), (24, 5, 5, 1)]
- [(1, 5, 5, 24), (24, 5, 5, 24), (24, 5, 5, 24), (24, 5, 5, 24), (24, 5, 5, 24), (24, 5, 5, 24), (24, 5, 5, 24), (24, 5, 5, 24), (24, 5, 5, 24), (24, 5, 5, 24), (24, 5, 5, 1)]
- [(1, 5, 5, 24), (24, 5, 5, 24), (24, 5, 5, 24), (24, 5, 5, 24), (24, 5, 5, 24), (24, 5, 5, 24), (24, 5, 5, 24), (24, 5, 5, 24), (24, 5, 5, 24), (24, 5, 5, 24), (24, 5, 5, 1)]
Lh truncation errors:
- [4.10621384e-38 3.04797709e-02 5.61657466e-30 3.47723798e-03
 5.83679794e-30 1.07576785e-03 5.86472998e-30 8.53670958e-03
 5.98991976e-30 3.70855523e-05]
- [1.18491765e-38 1.30244497e-02 6.00909119e-30 5.55697157e-03
 5.67600973e-30 3.12799938e-03 6.37411486e-30 9.07332893e-03
 7.14425463e-30 5.49152127e-05]
- [1.69362894e-33 6.81289144e-03 6.06903466e-30 4.21057878e-03
 5.10115247e-30 3.29620838e-03 5.70883653e-30 8.35143923e-03
 5.29494535e-30 8.47215977e-05]
- [1.31866481e-39 5.64906791e-03 5.81361020e-30 3.07449211e-03
 5.71878620e-30 1.62351835e-03 5.89489325e-30 6.92378500e-03
 5.67322218e-30 6.76532317e-05]
- [6.79085332e-40 5.12846013e-03 6.57369231e-30 1.64348966e-03
 5.59786129e-30 8.64437529e-04 5.53986425e-30 4.71825512e-03
 4.93758308e-30 8.54171447e-05]
- [2.11033557e-39 5.19611016e-03 5.49317608e-30 1.76481498e-03
 5.85457691e-30 1.05331007e-03 5.61832494e-30 4.16018600e-03
 6.64164801e-30 6.93425711e-05]
- [4.47096808e-37 6.46278204e-03 5.85391943e-30 2.03954791e-03
 5.37355301e-30 1.14009228e-03 5.60030798e-30 4.74293603e-03
 5.77643357e-30 7.06117700e-05]
- [5.24018097e-39 5.08457919e-03 6.23817081e-30 3.02527874e-03
 6.01946879e-30 1.42178121e-03 5.76701336e-30 5.86887610e-03
 6.72489730e-30 1.33176868e-04]
- [1.26262268e-38 5.10941870e-03 5.21577592e-30 3.14765472e-03
 6.24945531e-30 1.74650509e-03 5.99256169e-30 4.84725902e-03
 5.55205747e-30 1.22796041e-04]
- [1.58009235e-13 2.27810888e-03 3.05019948e-05 1.72419748e-03
 2.38879758e-05 1.04829364e-03 4.67274592e-05 2.23417215e-03
 5.20812168e-05 5.54102520e-05]
-> EL = sum_n <Lh_n|CC*> = 0.5429263351570499.
Orthogonality column 11:
-> EC = <ALhAL*|CC*|ARhAR*> = 4.929697581156816e-14.
=> E = 0.5429263351570992.
=> deltaE_bc = 0.5429263351535086.
chi_max_b = 24, combine_hs = True.
Lh leg dimensions:
- [(1, 2, 2, 4), (4, 2, 2, 3), (3, 2, 2, 8), (8, 2, 2, 3), (3, 2, 2, 9), (9, 4, 4, 3), (3, 2, 2, 8), (8, 2, 2, 3), (3, 2, 2, 8), (8, 2, 2, 3), (3, 2, 2, 1)]
- [(1, 4, 4, 8), (8, 2, 2, 24), (24, 4, 4, 8), (8, 2, 2, 24), (24, 4, 4, 13), (13, 4, 4, 24), (24, 4, 4, 9), (9, 4, 4, 24), (24, 2, 2, 8), (8, 4, 4, 4), (4, 2, 2, 1)]
- [(1, 4, 4, 16), (16, 4, 4, 24), (24, 4, 4, 24), (24, 4, 4, 24), (24, 5, 5, 24), (24, 5, 5, 24), (24, 5, 5, 24), (24, 5, 5, 24), (24, 4, 4, 24), (24, 4, 4, 9), (9, 4, 4, 1)]
- [(1, 5, 5, 24), (24, 5, 5, 24), (24, 5, 5, 24), (24, 5, 5, 24), (24, 5, 5, 24), (24, 5, 5, 24), (24, 5, 5, 24), (24, 5, 5, 24), (24, 5, 5, 24), (24, 5, 5, 24), (24, 5, 5, 1)]
- [(1, 5, 5, 24), (24, 5, 5, 24), (24, 5, 5, 24), (24, 5, 5, 24), (24, 5, 5, 24), (24, 5, 5, 24), (24, 5, 5, 24), (24, 5, 5, 24), (24, 5, 5, 24), (24, 5, 5, 24), (24, 5, 5, 1)]
- [(1, 5, 5, 24), (24, 5, 5, 24), (24, 5, 5, 24), (24, 5, 5, 24), (24, 5, 5, 24), (24, 5, 5, 24), (24, 5, 5, 24), (24, 5, 5, 24), (24, 5, 5, 24), (24, 5, 5, 24), (24, 5, 5, 1)]
- [(1, 5, 5, 24), (24, 5, 5, 24), (24, 5, 5, 24), (24, 5, 5, 24), (24, 5, 5, 24), (24, 5, 5, 24), (24, 5, 5, 24), (24, 5, 5, 24), (24, 5, 5, 24), (24, 5, 5, 24), (24, 5, 5, 1)]
- [(1, 5, 5, 24), (24, 5, 5, 24), (24, 5, 5, 24), (24, 5, 5, 24), (24, 5, 5, 24), (24, 5, 5, 24), (24, 5, 5, 24), (24, 5, 5, 24), (24, 5, 5, 24), (24, 5, 5, 24), (24, 5, 5, 1)]
- [(1, 5, 5, 24), (24, 5, 5, 24), (24, 5, 5, 24), (24, 5, 5, 24), (24, 5, 5, 24), (24, 5, 5, 24), (24, 5, 5, 24), (24, 5, 5, 24), (24, 5, 5, 24), (24, 5, 5, 24), (24, 5, 5, 1)]
- [(1, 5, 5, 24), (24, 5, 5, 24), (24, 5, 5, 24), (24, 5, 5, 24), (24, 5, 5, 24), (24, 5, 5, 24), (24, 5, 5, 24), (24, 5, 5, 24), (24, 5, 5, 24), (24, 5, 5, 24), (24, 5, 5, 1)]
Lh truncation errors:
- [0.00000000e+00 7.12991254e-33 2.03982978e-35 2.88642836e-31
 7.34740879e-31 1.63637316e-31 1.15126375e-35 1.52599764e-31
 4.71402146e-36 1.33712268e-36]
- [1.80961985e-33 1.97665457e-10 8.68096383e-31 3.75131680e-19
 3.37368257e-30 6.86248890e-07 3.80485328e-30 3.77743088e-19
 5.56702355e-31 0.00000000e+00]
- [0.00000000e+00 6.79704074e-10 4.78956213e-07 4.39742457e-17
 1.47952684e-04 6.45070644e-07 3.80777476e-04 2.75735990e-14
 3.84613043e-05 2.29729365e-32]
- [1.38119353e-35 1.40803815e-04 2.42758915e-08 1.10523527e-04
 8.79038801e-06 5.54259141e-04 9.30635813e-06 5.53693774e-04
 3.05125656e-06 9.29171115e-06]
- [1.97246220e-05 1.09999397e-05 3.62579143e-04 6.97368030e-06
 3.63582395e-04 1.05685508e-05 3.28010811e-04 4.31745618e-06
 4.28929363e-04 7.32673115e-13]
- [3.06245628e-14 5.68613267e-04 7.14375037e-06 2.44166067e-04
 7.29127866e-06 2.56591930e-04 7.51422721e-06 5.61489992e-04
 3.25184354e-05 1.17225185e-05]
- [1.30512412e-05 3.39399201e-05 4.73854972e-04 3.18902674e-06
 1.45588052e-04 4.13629309e-06 3.05811723e-04 8.24219293e-06
 4.21014220e-04 3.10049050e-15]
- [8.10956861e-15 5.00017349e-04 5.95650852e-06 2.45344010e-04
 4.98671106e-06 1.34926588e-04 5.15607177e-06 4.46515386e-04
 2.10392598e-05 6.56933970e-06]
- [9.15352150e-06 2.12365486e-05 5.21009499e-04 6.40838636e-06
 1.05077264e-04 3.32864499e-06 2.02960322e-04 7.27514544e-06
 6.07785495e-04 2.48628541e-11]
- [5.70606434e-14 4.45465367e-04 1.07006063e-05 2.78038178e-04
 2.17244215e-06 1.10297706e-04 3.81843338e-06 5.06170811e-04
 2.55924541e-05 8.60656434e-06]
-> EL = <Lh|CC*> = 12.258780248569927.
Orthogonality column 11:
-> EC = <ALhAL*|CC*|ARhAR*> = 4.929697581156816e-14.
=> E = 12.258780248569977.
=> deltaE_bcc = 12.258780248566387. 

chi_max_b = 54, combine_hs = False.
Lh leg dimensions:
- [(1, 5, 5, 25), (25, 5, 5, 54), (54, 5, 5, 54), (54, 5, 5, 54), (54, 5, 5, 54), (54, 5, 5, 54), (54, 5, 5, 54), (54, 5, 5, 54), (54, 5, 5, 54), (54, 5, 5, 25), (25, 5, 5, 1)]
- [(1, 5, 5, 25), (25, 5, 5, 54), (54, 5, 5, 54), (54, 5, 5, 54), (54, 5, 5, 54), (54, 5, 5, 54), (54, 5, 5, 54), (54, 5, 5, 54), (54, 5, 5, 54), (54, 5, 5, 25), (25, 5, 5, 1)]
- [(1, 5, 5, 25), (25, 5, 5, 54), (54, 5, 5, 54), (54, 5, 5, 54), (54, 5, 5, 54), (54, 5, 5, 54), (54, 5, 5, 54), (54, 5, 5, 54), (54, 5, 5, 54), (54, 5, 5, 25), (25, 5, 5, 1)]
- [(1, 5, 5, 25), (25, 5, 5, 54), (54, 5, 5, 54), (54, 5, 5, 54), (54, 5, 5, 54), (54, 5, 5, 54), (54, 5, 5, 54), (54, 5, 5, 54), (54, 5, 5, 54), (54, 5, 5, 25), (25, 5, 5, 1)]
- [(1, 5, 5, 25), (25, 5, 5, 54), (54, 5, 5, 54), (54, 5, 5, 54), (54, 5, 5, 54), (54, 5, 5, 54), (54, 5, 5, 54), (54, 5, 5, 54), (54, 5, 5, 54), (54, 5, 5, 25), (25, 5, 5, 1)]
- [(1, 5, 5, 25), (25, 5, 5, 54), (54, 5, 5, 54), (54, 5, 5, 54), (54, 5, 5, 54), (54, 5, 5, 54), (54, 5, 5, 54), (54, 5, 5, 54), (54, 5, 5, 54), (54, 5, 5, 25), (25, 5, 5, 1)]
- [(1, 5, 5, 25), (25, 5, 5, 54), (54, 5, 5, 54), (54, 5, 5, 54), (54, 5, 5, 54), (54, 5, 5, 54), (54, 5, 5, 54), (54, 5, 5, 54), (54, 5, 5, 54), (54, 5, 5, 25), (25, 5, 5, 1)]
- [(1, 5, 5, 25), (25, 5, 5, 54), (54, 5, 5, 54), (54, 5, 5, 54), (54, 5, 5, 54), (54, 5, 5, 54), (54, 5, 5, 54), (54, 5, 5, 54), (54, 5, 5, 54), (54, 5, 5, 25), (25, 5, 5, 1)]
- [(1, 5, 5, 25), (25, 5, 5, 54), (54, 5, 5, 51), (51, 5, 5, 54), (54, 5, 5, 51), (51, 5, 5, 54), (54, 5, 5, 51), (51, 5, 5, 54), (54, 5, 5, 50), (50, 5, 5, 25), (25, 5, 5, 1)]
- [(1, 5, 5, 25), (25, 5, 5, 50), (50, 5, 5, 51), (51, 5, 5, 50), (50, 5, 5, 51), (51, 5, 5, 50), (50, 5, 5, 50), (50, 5, 5, 50), (50, 5, 5, 50), (50, 5, 5, 25), (25, 5, 5, 1)]
Lh truncation errors:
- [0.00000000e+00 1.25309576e-02 1.19309303e-29 1.37775193e-03
 1.15477012e-29 6.69705154e-04 1.51118128e-29 5.80781271e-03
 5.79706829e-30 0.00000000e+00]
- [0.00000000e+00 7.77240788e-03 1.10345493e-29 4.02125117e-03
 1.12565089e-29 1.25671197e-03 1.24136667e-29 7.79344808e-03
 5.74733161e-30 0.00000000e+00]
- [0.00000000e+00 4.41751427e-03 1.11750899e-29 3.12413293e-03
 1.09781145e-29 1.68547536e-03 1.19613734e-29 5.77657346e-03
 5.72151463e-30 0.00000000e+00]
- [0.00000000e+00 3.24653774e-03 1.17747658e-29 2.57502664e-03
 1.25779257e-29 1.07162838e-03 1.37188688e-29 6.02203755e-03
 5.76231167e-30 0.00000000e+00]
- [0.00000000e+00 3.47145704e-03 1.09319998e-29 1.70665215e-03
 1.07867817e-29 9.55786561e-04 1.13576758e-29 4.51623882e-03
 5.73592540e-30 0.00000000e+00]
- [0.00000000e+00 3.47266294e-03 1.23797011e-29 1.56635351e-03
 1.12079253e-29 1.11729903e-03 1.16438734e-29 3.88903260e-03
 5.77090645e-30 0.00000000e+00]
- [0.00000000e+00 3.96180482e-03 1.11619484e-29 1.65446839e-03
 1.20518911e-29 1.26222458e-03 1.19632216e-29 4.20601131e-03
 5.75167940e-30 0.00000000e+00]
- [0.00000000e+00 2.44056981e-03 1.28348679e-29 1.19642574e-03
 1.10570330e-29 1.30307324e-03 1.15750090e-29 3.49491247e-03
 5.72048036e-30 0.00000000e+00]
- [0.00000000e+00 1.65656730e-03 1.07802022e-29 7.78645464e-04
 1.07541569e-29 6.75328413e-04 1.07919293e-29 1.81793882e-03
 5.80641883e-30 0.00000000e+00]
- [0.00000000e+00 4.97457675e-30 1.00960386e-29 1.77567274e-29
 1.02111642e-29 1.75721676e-29 1.08506513e-29 1.31746807e-29
 5.85108615e-30 0.00000000e+00]
-> EL = sum_n <Lh_n|CC*> = 0.16639113561436827.
Orthogonality column 11:
-> EC = <ALhAL*|CC*|ARhAR*> = 4.929697581156816e-14.
=> E = 0.16639113561441757.
=> deltaE_bc = 0.16639113561082697.
chi_max_b = 54, combine_hs = True.
Lh leg dimensions:
- [(1, 2, 2, 4), (4, 2, 2, 3), (3, 2, 2, 8), (8, 2, 2, 3), (3, 2, 2, 9), (9, 4, 4, 3), (3, 2, 2, 8), (8, 2, 2, 3), (3, 2, 2, 8), (8, 2, 2, 3), (3, 2, 2, 1)]
- [(1, 4, 4, 8), (8, 2, 2, 29), (29, 4, 4, 8), (8, 2, 2, 29), (29, 4, 4, 14), (14, 4, 4, 54), (54, 4, 4, 9), (9, 4, 4, 29), (29, 2, 2, 8), (8, 4, 4, 4), (4, 2, 2, 1)]
- [(1, 4, 4, 16), (16, 4, 4, 34), (34, 4, 4, 54), (54, 4, 4, 34), (34, 5, 5, 54), (54, 5, 5, 54), (54, 5, 5, 54), (54, 5, 5, 35), (35, 4, 4, 54), (54, 4, 4, 9), (9, 4, 4, 1)]
- [(1, 5, 5, 24), (24, 5, 5, 54), (54, 5, 5, 54), (54, 5, 5, 54), (54, 5, 5, 54), (54, 5, 5, 54), (54, 5, 5, 54), (54, 5, 5, 54), (54, 5, 5, 54), (54, 5, 5, 25), (25, 5, 5, 1)]
- [(1, 5, 5, 25), (25, 5, 5, 54), (54, 5, 5, 54), (54, 5, 5, 54), (54, 5, 5, 54), (54, 5, 5, 54), (54, 5, 5, 54), (54, 5, 5, 54), (54, 5, 5, 54), (54, 5, 5, 25), (25, 5, 5, 1)]
- [(1, 5, 5, 25), (25, 5, 5, 54), (54, 5, 5, 54), (54, 5, 5, 54), (54, 5, 5, 54), (54, 5, 5, 54), (54, 5, 5, 54), (54, 5, 5, 54), (54, 5, 5, 54), (54, 5, 5, 25), (25, 5, 5, 1)]
- [(1, 5, 5, 25), (25, 5, 5, 54), (54, 5, 5, 54), (54, 5, 5, 54), (54, 5, 5, 54), (54, 5, 5, 54), (54, 5, 5, 54), (54, 5, 5, 54), (54, 5, 5, 54), (54, 5, 5, 25), (25, 5, 5, 1)]
- [(1, 5, 5, 25), (25, 5, 5, 54), (54, 5, 5, 54), (54, 5, 5, 54), (54, 5, 5, 54), (54, 5, 5, 54), (54, 5, 5, 54), (54, 5, 5, 54), (54, 5, 5, 54), (54, 5, 5, 25), (25, 5, 5, 1)]
- [(1, 5, 5, 25), (25, 5, 5, 54), (54, 5, 5, 54), (54, 5, 5, 54), (54, 5, 5, 54), (54, 5, 5, 54), (54, 5, 5, 54), (54, 5, 5, 54), (54, 5, 5, 54), (54, 5, 5, 25), (25, 5, 5, 1)]
- [(1, 5, 5, 25), (25, 5, 5, 54), (54, 5, 5, 54), (54, 5, 5, 54), (54, 5, 5, 54), (54, 5, 5, 54), (54, 5, 5, 54), (54, 5, 5, 54), (54, 5, 5, 54), (54, 5, 5, 25), (25, 5, 5, 1)]
Lh truncation errors:
- [0.00000000e+00 6.33654934e-34 4.75464914e-36 2.97229356e-31
 7.34371989e-31 1.54284037e-31 4.73685924e-35 1.58928469e-31
 5.29656912e-36 1.26485926e-36]
- [1.21726808e-34 2.00290790e-32 1.06973435e-30 5.99733504e-32
 4.05648930e-30 8.61807853e-18 6.68629623e-30 2.16730318e-31
 5.48799783e-31 0.00000000e+00]
- [0.00000000e+00 2.21192221e-30 1.03483634e-09 8.53269960e-30
 1.13749361e-06 5.19733383e-19 9.12358365e-06 6.15668294e-30
 1.35942900e-06 1.36010264e-32]
- [1.27604265e-35 1.50501021e-05 6.40817311e-12 3.72909929e-06
 7.26009370e-09 2.59084890e-04 3.27777672e-08 9.61160987e-05
 4.89930531e-08 0.00000000e+00]
- [0.00000000e+00 2.14323578e-07 4.08443691e-05 2.06726004e-08
 1.74533964e-04 2.75434611e-07 1.52000567e-04 7.94152532e-08
 1.72363674e-04 0.00000000e+00]
- [0.00000000e+00 2.12138028e-04 3.13246493e-08 9.81100152e-05
 2.34648383e-07 1.37189445e-04 1.38405197e-07 1.89440594e-04
 1.05688181e-06 0.00000000e+00]
- [0.00000000e+00 1.98691330e-06 1.77613131e-04 1.35116447e-07
 9.07709614e-05 1.75062009e-07 1.63173818e-04 1.76879141e-07
 2.02575289e-04 0.00000000e+00]
- [0.00000000e+00 2.66246632e-04 2.08369861e-07 1.12253751e-04
 1.34823275e-07 7.46722895e-05 1.93646957e-07 3.05330656e-04
 2.13199646e-06 0.00000000e+00]
- [0.00000000e+00 1.69302219e-06 2.62299823e-04 2.30867771e-07
 8.04154021e-05 1.35992366e-07 1.01723752e-04 5.00260795e-07
 2.10527544e-04 0.00000000e+00]
- [0.00000000e+00 2.40589284e-04 3.23583834e-07 1.49248017e-04
 2.78485551e-07 7.42488494e-05 1.36010240e-07 3.45776880e-04
 1.56768656e-06 0.00000000e+00]
-> EL = <Lh|CC*> = 0.4062261088931708.
Orthogonality column 11:
-> EC = <ALhAL*|CC*|ARhAR*> = 4.929697581156816e-14.
=> E = 0.4062261088932201.
=> deltaE_bcc = 0.4062261088896295. 

chi_max_b = 96, combine_hs = False.
Lh leg dimensions:
- [(1, 5, 5, 25), (25, 5, 5, 96), (96, 5, 5, 96), (96, 5, 5, 96), (96, 5, 5, 96), (96, 5, 5, 96), (96, 5, 5, 96), (96, 5, 5, 96), (96, 5, 5, 96), (96, 5, 5, 25), (25, 5, 5, 1)]
- [(1, 5, 5, 25), (25, 5, 5, 96), (96, 5, 5, 96), (96, 5, 5, 96), (96, 5, 5, 96), (96, 5, 5, 96), (96, 5, 5, 96), (96, 5, 5, 96), (96, 5, 5, 96), (96, 5, 5, 25), (25, 5, 5, 1)]
- [(1, 5, 5, 25), (25, 5, 5, 96), (96, 5, 5, 96), (96, 5, 5, 96), (96, 5, 5, 96), (96, 5, 5, 96), (96, 5, 5, 96), (96, 5, 5, 96), (96, 5, 5, 96), (96, 5, 5, 25), (25, 5, 5, 1)]
- [(1, 5, 5, 25), (25, 5, 5, 96), (96, 5, 5, 96), (96, 5, 5, 96), (96, 5, 5, 96), (96, 5, 5, 96), (96, 5, 5, 96), (96, 5, 5, 96), (96, 5, 5, 96), (96, 5, 5, 25), (25, 5, 5, 1)]
- [(1, 5, 5, 25), (25, 5, 5, 96), (96, 5, 5, 96), (96, 5, 5, 96), (96, 5, 5, 96), (96, 5, 5, 96), (96, 5, 5, 96), (96, 5, 5, 96), (96, 5, 5, 96), (96, 5, 5, 25), (25, 5, 5, 1)]
- [(1, 5, 5, 25), (25, 5, 5, 96), (96, 5, 5, 96), (96, 5, 5, 96), (96, 5, 5, 96), (96, 5, 5, 96), (96, 5, 5, 96), (96, 5, 5, 96), (96, 5, 5, 96), (96, 5, 5, 25), (25, 5, 5, 1)]
- [(1, 5, 5, 25), (25, 5, 5, 96), (96, 5, 5, 96), (96, 5, 5, 96), (96, 5, 5, 96), (96, 5, 5, 96), (96, 5, 5, 96), (96, 5, 5, 96), (96, 5, 5, 96), (96, 5, 5, 25), (25, 5, 5, 1)]
- [(1, 5, 5, 25), (25, 5, 5, 96), (96, 5, 5, 96), (96, 5, 5, 96), (96, 5, 5, 96), (96, 5, 5, 96), (96, 5, 5, 96), (96, 5, 5, 96), (96, 5, 5, 96), (96, 5, 5, 25), (25, 5, 5, 1)]
- [(1, 5, 5, 25), (25, 5, 5, 96), (96, 5, 5, 51), (51, 5, 5, 96), (96, 5, 5, 51), (51, 5, 5, 96), (96, 5, 5, 51), (51, 5, 5, 96), (96, 5, 5, 50), (50, 5, 5, 25), (25, 5, 5, 1)]
- [(1, 5, 5, 25), (25, 5, 5, 50), (50, 5, 5, 51), (51, 5, 5, 50), (50, 5, 5, 51), (51, 5, 5, 50), (50, 5, 5, 51), (51, 5, 5, 50), (50, 5, 5, 50), (50, 5, 5, 25), (25, 5, 5, 1)]
Lh truncation errors:
- [0.00000000e+00 5.82849291e-03 1.82425366e-29 1.39868383e-03
 1.91898038e-29 4.81682575e-04 1.89070886e-29 4.85620107e-03
 5.33953908e-30 0.00000000e+00]
- [0.00000000e+00 4.26661691e-03 1.86284454e-29 3.17608965e-03
 1.99437318e-29 9.32000123e-04 2.08632639e-29 6.41055941e-03
 5.36849296e-30 0.00000000e+00]
- [0.00000000e+00 2.56079185e-03 2.07922625e-29 2.42235614e-03
 1.90346938e-29 1.03063158e-03 1.89022530e-29 4.74156323e-03
 5.30902331e-30 0.00000000e+00]
- [0.00000000e+00 1.68175482e-03 1.94476802e-29 1.89040972e-03
 1.93420949e-29 7.16558183e-04 1.93220630e-29 4.86076199e-03
 5.32478535e-30 0.00000000e+00]
- [0.00000000e+00 1.77763403e-03 2.00387598e-29 1.44066754e-03
 2.01269381e-29 6.54849416e-04 1.93823178e-29 3.81432946e-03
 5.57571334e-30 0.00000000e+00]
- [0.00000000e+00 1.56138443e-03 1.98802382e-29 1.32526433e-03
 1.93046718e-29 7.21192262e-04 2.04355967e-29 3.15132873e-03
 5.34454129e-30 0.00000000e+00]
- [0.00000000e+00 1.54934690e-03 2.00839753e-29 1.24218292e-03
 1.87321415e-29 7.66751219e-04 1.86174074e-29 2.92774522e-03
 5.40792364e-30 0.00000000e+00]
- [0.00000000e+00 8.76163524e-04 1.97739018e-29 8.00432692e-04
 2.07733344e-29 7.09584332e-04 1.84385734e-29 2.33173348e-03
 5.30895610e-30 0.00000000e+00]
- [0.00000000e+00 4.50071391e-04 1.88878460e-29 3.78811750e-04
 1.93478324e-29 2.95308704e-04 1.86344903e-29 9.06754548e-04
 5.80348953e-30 0.00000000e+00]
- [0.00000000e+00 4.97632021e-30 1.00382783e-29 1.78572894e-29
 9.93830456e-30 1.55699946e-29 1.00470304e-29 1.53123957e-29
 5.85315113e-30 0.00000000e+00]
-> EL = sum_n <Lh_n|CC*> = 0.07691030316777868.
Orthogonality column 11:
-> EC = <ALhAL*|CC*|ARhAR*> = 4.929697581156816e-14.
=> E = 0.07691030316782797.
=> deltaE_bc = 0.07691030316423739.
chi_max_b = 96, combine_hs = True.
Lh leg dimensions:
- [(1, 2, 2, 4), (4, 2, 2, 3), (3, 2, 2, 8), (8, 2, 2, 3), (3, 2, 2, 9), (9, 4, 4, 3), (3, 2, 2, 8), (8, 2, 2, 3), (3, 2, 2, 8), (8, 2, 2, 3), (3, 2, 2, 1)]
- [(1, 4, 4, 8), (8, 2, 2, 29), (29, 4, 4, 8), (8, 2, 2, 29), (29, 4, 4, 13), (13, 4, 4, 80), (80, 4, 4, 8), (8, 4, 4, 29), (29, 2, 2, 8), (8, 4, 4, 4), (4, 2, 2, 1)]
- [(1, 4, 4, 16), (16, 4, 4, 32), (32, 4, 4, 96), (96, 4, 4, 33), (33, 5, 5, 96), (96, 5, 5, 80), (80, 5, 5, 96), (96, 5, 5, 33), (33, 4, 4, 80), (80, 4, 4, 9), (9, 4, 4, 1)]
- [(1, 5, 5, 24), (24, 5, 5, 96), (96, 5, 5, 96), (96, 5, 5, 96), (96, 5, 5, 96), (96, 5, 5, 96), (96, 5, 5, 96), (96, 5, 5, 96), (96, 5, 5, 96), (96, 5, 5, 25), (25, 5, 5, 1)]
- [(1, 5, 5, 25), (25, 5, 5, 96), (96, 5, 5, 96), (96, 5, 5, 96), (96, 5, 5, 96), (96, 5, 5, 96), (96, 5, 5, 96), (96, 5, 5, 96), (96, 5, 5, 96), (96, 5, 5, 25), (25, 5, 5, 1)]
- [(1, 5, 5, 25), (25, 5, 5, 96), (96, 5, 5, 96), (96, 5, 5, 96), (96, 5, 5, 96), (96, 5, 5, 96), (96, 5, 5, 96), (96, 5, 5, 96), (96, 5, 5, 96), (96, 5, 5, 25), (25, 5, 5, 1)]
- [(1, 5, 5, 25), (25, 5, 5, 96), (96, 5, 5, 96), (96, 5, 5, 96), (96, 5, 5, 96), (96, 5, 5, 96), (96, 5, 5, 96), (96, 5, 5, 96), (96, 5, 5, 96), (96, 5, 5, 25), (25, 5, 5, 1)]
- [(1, 5, 5, 25), (25, 5, 5, 96), (96, 5, 5, 96), (96, 5, 5, 96), (96, 5, 5, 96), (96, 5, 5, 96), (96, 5, 5, 96), (96, 5, 5, 96), (96, 5, 5, 96), (96, 5, 5, 25), (25, 5, 5, 1)]
- [(1, 5, 5, 25), (25, 5, 5, 96), (96, 5, 5, 96), (96, 5, 5, 96), (96, 5, 5, 96), (96, 5, 5, 96), (96, 5, 5, 96), (96, 5, 5, 96), (96, 5, 5, 96), (96, 5, 5, 25), (25, 5, 5, 1)]
- [(1, 5, 5, 25), (25, 5, 5, 96), (96, 5, 5, 96), (96, 5, 5, 96), (96, 5, 5, 96), (96, 5, 5, 96), (96, 5, 5, 96), (96, 5, 5, 96), (96, 5, 5, 96), (96, 5, 5, 25), (25, 5, 5, 1)]
Lh truncation errors:
- [0.00000000e+00 8.35931902e-34 1.14837698e-35 2.89874863e-31
 7.39236638e-31 1.62092455e-31 1.05125059e-35 1.52579386e-31
 6.64134124e-36 9.91452087e-36]
- [4.92224734e-34 2.00754702e-32 1.07294387e-30 5.99389683e-32
 3.67188002e-30 6.61583054e-31 4.59144479e-30 2.16730318e-31
 5.48740781e-31 0.00000000e+00]
- [0.00000000e+00 2.41986646e-30 8.87600851e-13 1.52945937e-29
 1.38611810e-08 1.99165521e-29 3.53482371e-07 9.36821173e-30
 4.52488018e-31 2.85551191e-32]
- [1.52668837e-35 2.52006306e-06 4.31799984e-15 6.36062284e-07
 1.50508252e-10 1.00485226e-04 3.50466464e-09 3.92258475e-05
 5.46860026e-30 0.00000000e+00]
- [0.00000000e+00 4.27563014e-08 1.58191005e-05 1.48474641e-09
 8.70768445e-05 6.88487472e-08 9.20911938e-05 2.92997578e-08
 6.23364712e-05 0.00000000e+00]
- [0.00000000e+00 8.24696165e-05 1.18532589e-08 4.78619222e-05
 9.19287688e-08 7.10493003e-05 6.00365445e-08 1.26414916e-04
 1.97310233e-07 0.00000000e+00]
- [0.00000000e+00 7.31237787e-07 1.13522373e-04 4.09847727e-08
 4.90876473e-05 6.15921232e-08 1.00028424e-04 1.13706295e-07
 9.02592936e-05 0.00000000e+00]
- [0.00000000e+00 1.18782313e-04 9.47086475e-08 6.88628855e-05
 5.39345792e-08 4.01343125e-05 1.06448426e-07 2.21063514e-04
 6.98164503e-07 0.00000000e+00]
- [0.00000000e+00 9.60171425e-07 1.95881182e-04 6.30383410e-08
 4.04434836e-05 3.52951446e-08 6.71169690e-05 2.98292239e-07
 9.95250209e-05 0.00000000e+00]
- [0.00000000e+00 9.85146097e-05 2.41861645e-07 9.69624757e-05
 7.99498874e-08 4.56580964e-05 6.46525942e-08 2.29167624e-04
 6.43556652e-07 0.00000000e+00]
-> EL = <Lh|CC*> = 0.26741825625280213.
Orthogonality column 11:
-> EC = <ALhAL*|CC*|ARhAR*> = 4.929697581156816e-14.
=> E = 0.2674182562528514.
=> deltaE_bcc = 0.26741825624926086. 

chi_max_b = 150, combine_hs = False.
Lh leg dimensions:
- [(1, 5, 5, 25), (25, 5, 5, 150), (150, 5, 5, 150), (150, 5, 5, 150), (150, 5, 5, 150), (150, 5, 5, 150), (150, 5, 5, 150), (150, 5, 5, 150), (150, 5, 5, 150), (150, 5, 5, 25), (25, 5, 5, 1)]
- [(1, 5, 5, 25), (25, 5, 5, 150), (150, 5, 5, 150), (150, 5, 5, 150), (150, 5, 5, 150), (150, 5, 5, 150), (150, 5, 5, 150), (150, 5, 5, 150), (150, 5, 5, 150), (150, 5, 5, 25), (25, 5, 5, 1)]
- [(1, 5, 5, 25), (25, 5, 5, 150), (150, 5, 5, 150), (150, 5, 5, 150), (150, 5, 5, 150), (150, 5, 5, 150), (150, 5, 5, 150), (150, 5, 5, 150), (150, 5, 5, 150), (150, 5, 5, 25), (25, 5, 5, 1)]
- [(1, 5, 5, 25), (25, 5, 5, 150), (150, 5, 5, 150), (150, 5, 5, 150), (150, 5, 5, 150), (150, 5, 5, 150), (150, 5, 5, 150), (150, 5, 5, 150), (150, 5, 5, 150), (150, 5, 5, 25), (25, 5, 5, 1)]
- [(1, 5, 5, 25), (25, 5, 5, 150), (150, 5, 5, 150), (150, 5, 5, 150), (150, 5, 5, 150), (150, 5, 5, 150), (150, 5, 5, 150), (150, 5, 5, 150), (150, 5, 5, 150), (150, 5, 5, 25), (25, 5, 5, 1)]
- [(1, 5, 5, 25), (25, 5, 5, 150), (150, 5, 5, 150), (150, 5, 5, 150), (150, 5, 5, 150), (150, 5, 5, 150), (150, 5, 5, 150), (150, 5, 5, 150), (150, 5, 5, 150), (150, 5, 5, 25), (25, 5, 5, 1)]
- [(1, 5, 5, 25), (25, 5, 5, 150), (150, 5, 5, 150), (150, 5, 5, 150), (150, 5, 5, 150), (150, 5, 5, 150), (150, 5, 5, 150), (150, 5, 5, 150), (150, 5, 5, 150), (150, 5, 5, 25), (25, 5, 5, 1)]
- [(1, 5, 5, 25), (25, 5, 5, 150), (150, 5, 5, 150), (150, 5, 5, 150), (150, 5, 5, 150), (150, 5, 5, 150), (150, 5, 5, 150), (150, 5, 5, 150), (150, 5, 5, 150), (150, 5, 5, 25), (25, 5, 5, 1)]
- [(1, 5, 5, 25), (25, 5, 5, 150), (150, 5, 5, 51), (51, 5, 5, 150), (150, 5, 5, 51), (51, 5, 5, 150), (150, 5, 5, 51), (51, 5, 5, 150), (150, 5, 5, 50), (50, 5, 5, 25), (25, 5, 5, 1)]
- [(1, 5, 5, 25), (25, 5, 5, 50), (50, 5, 5, 51), (51, 5, 5, 50), (50, 5, 5, 51), (51, 5, 5, 50), (50, 5, 5, 51), (51, 5, 5, 50), (50, 5, 5, 50), (50, 5, 5, 25), (25, 5, 5, 1)]
Lh truncation errors:
- [0.00000000e+00 1.93681196e-03 2.77410832e-29 1.36154282e-03
 2.97321506e-29 3.39023951e-04 2.88866871e-29 4.00514073e-03
 4.79809796e-30 0.00000000e+00]
- [0.00000000e+00 1.40085504e-03 2.81980554e-29 2.50293755e-03
 2.81846430e-29 6.73886003e-04 3.07950615e-29 5.21230039e-03
 5.09141687e-30 0.00000000e+00]
- [0.00000000e+00 8.71445637e-04 3.14005240e-29 1.81353649e-03
 2.86510564e-29 6.52746218e-04 3.09242684e-29 3.75892681e-03
 5.25231891e-30 0.00000000e+00]
- [0.00000000e+00 5.79694263e-04 3.03173043e-29 1.36200878e-03
 2.97159476e-29 4.85352767e-04 2.95073189e-29 3.83653283e-03
 4.75906686e-30 0.00000000e+00]
- [0.00000000e+00 6.13066854e-04 2.81662285e-29 1.12078464e-03
 2.90632485e-29 4.44333222e-04 2.99664958e-29 2.99795764e-03
 5.04353254e-30 0.00000000e+00]
- [0.00000000e+00 4.52833005e-04 2.95685637e-29 1.03870589e-03
 2.88592018e-29 4.56081215e-04 2.91816709e-29 2.37640202e-03
 4.80077563e-30 0.00000000e+00]
- [0.00000000e+00 4.36744567e-04 2.86481268e-29 8.80304202e-04
 2.90662211e-29 4.67485993e-04 2.94370384e-29 1.99008279e-03
 4.79979582e-30 0.00000000e+00]
- [0.00000000e+00 2.23330519e-04 2.91290499e-29 5.22846518e-04
 3.07095331e-29 3.89395196e-04 2.82873362e-29 1.51479942e-03
 4.84441903e-30 0.00000000e+00]
- [0.00000000e+00 9.39198545e-05 2.95573572e-29 1.85256549e-04
 3.03466535e-29 1.28957583e-04 2.92448351e-29 4.62274968e-04
 5.96646969e-30 0.00000000e+00]
- [0.00000000e+00 4.97936164e-30 9.90438177e-30 1.76735042e-29
 9.88666555e-30 1.74528259e-29 1.01180652e-29 1.53043674e-29
 5.85108615e-30 0.00000000e+00]
-> EL = sum_n <Lh_n|CC*> = 0.059940482317455294.
Orthogonality column 11:
-> EC = <ALhAL*|CC*|ARhAR*> = 4.929697581156816e-14.
=> E = 0.05994048231750459.
=> deltaE_bc = 0.059940482313913995.
chi_max_b = 150, combine_hs = True.
Lh leg dimensions:
- [(1, 2, 2, 4), (4, 2, 2, 3), (3, 2, 2, 8), (8, 2, 2, 3), (3, 2, 2, 9), (9, 4, 4, 3), (3, 2, 2, 8), (8, 2, 2, 3), (3, 2, 2, 8), (8, 2, 2, 3), (3, 2, 2, 1)]
- [(1, 4, 4, 8), (8, 2, 2, 29), (29, 4, 4, 8), (8, 2, 2, 29), (29, 4, 4, 13), (13, 4, 4, 80), (80, 4, 4, 8), (8, 4, 4, 29), (29, 2, 2, 8), (8, 4, 4, 4), (4, 2, 2, 1)]
- [(1, 4, 4, 16), (16, 4, 4, 32), (32, 4, 4, 150), (150, 4, 4, 33), (33, 5, 5, 150), (150, 5, 5, 80), (80, 5, 5, 150), (150, 5, 5, 32), (32, 4, 4, 80), (80, 4, 4, 9), (9, 4, 4, 1)]
- [(1, 5, 5, 24), (24, 5, 5, 150), (150, 5, 5, 150), (150, 5, 5, 150), (150, 5, 5, 150), (150, 5, 5, 150), (150, 5, 5, 150), (150, 5, 5, 150), (150, 5, 5, 96), (96, 5, 5, 25), (25, 5, 5, 1)]
- [(1, 5, 5, 25), (25, 5, 5, 150), (150, 5, 5, 150), (150, 5, 5, 150), (150, 5, 5, 150), (150, 5, 5, 150), (150, 5, 5, 150), (150, 5, 5, 150), (150, 5, 5, 150), (150, 5, 5, 25), (25, 5, 5, 1)]
- [(1, 5, 5, 25), (25, 5, 5, 150), (150, 5, 5, 150), (150, 5, 5, 150), (150, 5, 5, 150), (150, 5, 5, 150), (150, 5, 5, 150), (150, 5, 5, 150), (150, 5, 5, 150), (150, 5, 5, 25), (25, 5, 5, 1)]
- [(1, 5, 5, 25), (25, 5, 5, 150), (150, 5, 5, 150), (150, 5, 5, 150), (150, 5, 5, 150), (150, 5, 5, 150), (150, 5, 5, 150), (150, 5, 5, 150), (150, 5, 5, 150), (150, 5, 5, 25), (25, 5, 5, 1)]
- [(1, 5, 5, 25), (25, 5, 5, 150), (150, 5, 5, 150), (150, 5, 5, 150), (150, 5, 5, 150), (150, 5, 5, 150), (150, 5, 5, 150), (150, 5, 5, 150), (150, 5, 5, 150), (150, 5, 5, 25), (25, 5, 5, 1)]
- [(1, 5, 5, 25), (25, 5, 5, 150), (150, 5, 5, 150), (150, 5, 5, 150), (150, 5, 5, 150), (150, 5, 5, 150), (150, 5, 5, 150), (150, 5, 5, 150), (150, 5, 5, 150), (150, 5, 5, 25), (25, 5, 5, 1)]
- [(1, 5, 5, 25), (25, 5, 5, 150), (150, 5, 5, 150), (150, 5, 5, 150), (150, 5, 5, 150), (150, 5, 5, 150), (150, 5, 5, 150), (150, 5, 5, 150), (150, 5, 5, 150), (150, 5, 5, 25), (25, 5, 5, 1)]
Lh truncation errors:
- [0.00000000e+00 6.33314079e-33 3.81469384e-36 2.88642836e-31
 7.42291789e-31 1.64151610e-31 1.97050284e-35 1.52769912e-31
 2.46939364e-36 1.55714730e-35]
- [9.43625712e-34 1.98869345e-32 1.06857718e-30 5.99444286e-32
 3.47364282e-30 6.61583054e-31 4.59406027e-30 2.16730318e-31
 5.51253722e-31 0.00000000e+00]
- [0.00000000e+00 2.28801170e-30 1.19268378e-17 2.39616631e-29
 6.34180164e-12 2.96213028e-29 1.52845410e-10 9.38370442e-30
 4.52734318e-31 3.51554117e-32]
- [2.11378442e-35 3.65927824e-07 1.08935789e-19 1.68875524e-07
 4.15660537e-15 4.35028220e-05 1.61853598e-13 1.67361560e-05
 5.61545792e-30 0.00000000e+00]
- [0.00000000e+00 4.62445369e-09 6.75074724e-06 3.35594539e-10
 4.37776520e-05 2.99267682e-08 5.43735965e-05 1.15780208e-08
 1.57209442e-05 0.00000000e+00]
- [0.00000000e+00 2.47865277e-05 4.42785019e-09 2.41693840e-05
 4.75481429e-08 4.06437956e-05 3.12110185e-08 8.06308772e-05
 4.48509239e-08 0.00000000e+00]
- [0.00000000e+00 2.86915941e-07 7.24431578e-05 1.57223870e-08
 2.78529700e-05 3.47271960e-08 6.15221840e-05 7.61307495e-08
 3.16956343e-05 0.00000000e+00]
- [0.00000000e+00 4.05250081e-05 5.60466576e-08 4.33612775e-05
 2.34960299e-08 2.38241478e-05 6.49182281e-08 1.53654723e-04
 2.89334789e-07 0.00000000e+00]
- [0.00000000e+00 5.18972198e-07 1.35459549e-04 2.94771316e-08
 2.15417451e-05 1.78122946e-08 4.61038722e-05 1.94677539e-07
 4.09295888e-05 0.00000000e+00]
- [0.00000000e+00 3.10653492e-05 1.55464831e-07 6.60836216e-05
 2.70222709e-08 2.91530320e-05 3.72423467e-08 1.56614551e-04
 4.26891876e-07 0.00000000e+00]
-> EL = <Lh|CC*> = 0.14311617680861297.
Orthogonality column 11:
-> EC = <ALhAL*|CC*|ARhAR*> = 4.929697581156816e-14.
=> E = 0.14311617680866226.
=> deltaE_bcc = 0.14311617680507166. 

chi_max_b = 216, combine_hs = False.
Lh leg dimensions:
- [(1, 5, 5, 25), (25, 5, 5, 216), (216, 5, 5, 216), (216, 5, 5, 216), (216, 5, 5, 216), (216, 5, 5, 216), (216, 5, 5, 216), (216, 5, 5, 216), (216, 5, 5, 216), (216, 5, 5, 25), (25, 5, 5, 1)]
- [(1, 5, 5, 25), (25, 5, 5, 216), (216, 5, 5, 216), (216, 5, 5, 216), (216, 5, 5, 216), (216, 5, 5, 216), (216, 5, 5, 216), (216, 5, 5, 216), (216, 5, 5, 216), (216, 5, 5, 25), (25, 5, 5, 1)]
- [(1, 5, 5, 25), (25, 5, 5, 216), (216, 5, 5, 216), (216, 5, 5, 216), (216, 5, 5, 216), (216, 5, 5, 216), (216, 5, 5, 216), (216, 5, 5, 216), (216, 5, 5, 216), (216, 5, 5, 25), (25, 5, 5, 1)]
- [(1, 5, 5, 25), (25, 5, 5, 216), (216, 5, 5, 216), (216, 5, 5, 216), (216, 5, 5, 216), (216, 5, 5, 216), (216, 5, 5, 216), (216, 5, 5, 216), (216, 5, 5, 216), (216, 5, 5, 25), (25, 5, 5, 1)]
- [(1, 5, 5, 25), (25, 5, 5, 216), (216, 5, 5, 216), (216, 5, 5, 216), (216, 5, 5, 216), (216, 5, 5, 216), (216, 5, 5, 216), (216, 5, 5, 216), (216, 5, 5, 216), (216, 5, 5, 25), (25, 5, 5, 1)]
- [(1, 5, 5, 25), (25, 5, 5, 216), (216, 5, 5, 216), (216, 5, 5, 216), (216, 5, 5, 216), (216, 5, 5, 216), (216, 5, 5, 216), (216, 5, 5, 216), (216, 5, 5, 216), (216, 5, 5, 25), (25, 5, 5, 1)]
- [(1, 5, 5, 25), (25, 5, 5, 216), (216, 5, 5, 216), (216, 5, 5, 216), (216, 5, 5, 216), (216, 5, 5, 216), (216, 5, 5, 216), (216, 5, 5, 216), (216, 5, 5, 216), (216, 5, 5, 25), (25, 5, 5, 1)]
- [(1, 5, 5, 25), (25, 5, 5, 216), (216, 5, 5, 216), (216, 5, 5, 216), (216, 5, 5, 216), (216, 5, 5, 216), (216, 5, 5, 216), (216, 5, 5, 216), (216, 5, 5, 216), (216, 5, 5, 25), (25, 5, 5, 1)]
- [(1, 5, 5, 25), (25, 5, 5, 216), (216, 5, 5, 51), (51, 5, 5, 216), (216, 5, 5, 51), (51, 5, 5, 216), (216, 5, 5, 51), (51, 5, 5, 216), (216, 5, 5, 50), (50, 5, 5, 25), (25, 5, 5, 1)]
- [(1, 5, 5, 25), (25, 5, 5, 50), (50, 5, 5, 51), (51, 5, 5, 50), (50, 5, 5, 51), (51, 5, 5, 50), (50, 5, 5, 50), (50, 5, 5, 50), (50, 5, 5, 50), (50, 5, 5, 25), (25, 5, 5, 1)]
Lh truncation errors:
- [0.00000000e+00 9.79058193e-05 3.97819942e-29 1.14030541e-03
 4.10227062e-29 2.46117754e-04 4.18796040e-29 3.20314418e-03
 4.17856159e-30 0.00000000e+00]
- [0.00000000e+00 7.76436491e-05 3.96766714e-29 1.85731654e-03
 4.13434429e-29 4.91368123e-04 4.11591538e-29 4.16946887e-03
 4.56635180e-30 0.00000000e+00]
- [0.00000000e+00 5.08545266e-05 4.09460550e-29 1.32841323e-03
 4.11029749e-29 4.30654200e-04 4.18654457e-29 2.96184845e-03
 4.22467906e-30 0.00000000e+00]
- [0.00000000e+00 3.34525285e-05 4.08765828e-29 9.54925280e-04
 4.04656460e-29 3.37316247e-04 4.34543603e-29 2.97863650e-03
 4.33064718e-30 0.00000000e+00]
- [0.00000000e+00 3.40853216e-05 4.05744061e-29 8.43545347e-04
 4.15438110e-29 3.12475321e-04 4.20401822e-29 2.29948300e-03
 4.13178742e-30 0.00000000e+00]
- [0.00000000e+00 2.35614984e-05 4.15891739e-29 7.52064632e-04
 4.14828423e-29 2.90359374e-04 4.32789484e-29 1.72269302e-03
 4.29684542e-30 0.00000000e+00]
- [0.00000000e+00 2.07380421e-05 4.14151179e-29 6.01778566e-04
 4.32917281e-29 2.84651558e-04 4.35316895e-29 1.30479329e-03
 4.14761841e-30 0.00000000e+00]
- [0.00000000e+00 7.42693048e-06 4.35757523e-29 3.29589929e-04
 4.15945245e-29 2.09345025e-04 4.12454594e-29 9.31753955e-04
 4.49579768e-30 0.00000000e+00]
- [0.00000000e+00 2.71746851e-06 4.27714056e-29 8.44138507e-05
 4.30022908e-29 5.17993674e-05 4.22826802e-29 2.14908820e-04
 6.26719756e-30 0.00000000e+00]
- [0.00000000e+00 4.96994692e-30 1.00387113e-29 1.94871760e-29
 1.01786339e-29 1.79383847e-29 1.06688636e-29 1.31626261e-29
 5.85108615e-30 0.00000000e+00]
-> EL = sum_n <Lh_n|CC*> = 0.05295908159072389.
Orthogonality column 11:
-> EC = <ALhAL*|CC*|ARhAR*> = 4.929697581156816e-14.
=> E = 0.052959081590773185.
=> deltaE_bc = 0.05295908158718259.
chi_max_b = 216, combine_hs = True.
Lh leg dimensions:
- [(1, 2, 2, 4), (4, 2, 2, 3), (3, 2, 2, 8), (8, 2, 2, 3), (3, 2, 2, 9), (9, 4, 4, 3), (3, 2, 2, 8), (8, 2, 2, 3), (3, 2, 2, 8), (8, 2, 2, 3), (3, 2, 2, 1)]
- [(1, 4, 4, 8), (8, 2, 2, 29), (29, 4, 4, 8), (8, 2, 2, 29), (29, 4, 4, 13), (13, 4, 4, 80), (80, 4, 4, 8), (8, 4, 4, 29), (29, 2, 2, 8), (8, 4, 4, 4), (4, 2, 2, 1)]
- [(1, 4, 4, 16), (16, 4, 4, 32), (32, 4, 4, 216), (216, 4, 4, 33), (33, 5, 5, 216), (216, 5, 5, 80), (80, 5, 5, 216), (216, 5, 5, 32), (32, 4, 4, 80), (80, 4, 4, 9), (9, 4, 4, 1)]
- [(1, 5, 5, 24), (24, 5, 5, 216), (216, 5, 5, 216), (216, 5, 5, 216), (216, 5, 5, 216), (216, 5, 5, 216), (216, 5, 5, 216), (216, 5, 5, 216), (216, 5, 5, 96), (96, 5, 5, 25), (25, 5, 5, 1)]
- [(1, 5, 5, 25), (25, 5, 5, 216), (216, 5, 5, 216), (216, 5, 5, 216), (216, 5, 5, 216), (216, 5, 5, 216), (216, 5, 5, 216), (216, 5, 5, 216), (216, 5, 5, 216), (216, 5, 5, 25), (25, 5, 5, 1)]
- [(1, 5, 5, 25), (25, 5, 5, 216), (216, 5, 5, 216), (216, 5, 5, 216), (216, 5, 5, 216), (216, 5, 5, 216), (216, 5, 5, 216), (216, 5, 5, 216), (216, 5, 5, 216), (216, 5, 5, 25), (25, 5, 5, 1)]
- [(1, 5, 5, 25), (25, 5, 5, 216), (216, 5, 5, 216), (216, 5, 5, 216), (216, 5, 5, 216), (216, 5, 5, 216), (216, 5, 5, 216), (216, 5, 5, 216), (216, 5, 5, 216), (216, 5, 5, 25), (25, 5, 5, 1)]
- [(1, 5, 5, 25), (25, 5, 5, 216), (216, 5, 5, 216), (216, 5, 5, 216), (216, 5, 5, 216), (216, 5, 5, 216), (216, 5, 5, 216), (216, 5, 5, 216), (216, 5, 5, 216), (216, 5, 5, 25), (25, 5, 5, 1)]
- [(1, 5, 5, 25), (25, 5, 5, 216), (216, 5, 5, 216), (216, 5, 5, 216), (216, 5, 5, 216), (216, 5, 5, 216), (216, 5, 5, 216), (216, 5, 5, 216), (216, 5, 5, 216), (216, 5, 5, 25), (25, 5, 5, 1)]
- [(1, 5, 5, 25), (25, 5, 5, 216), (216, 5, 5, 216), (216, 5, 5, 216), (216, 5, 5, 216), (216, 5, 5, 216), (216, 5, 5, 216), (216, 5, 5, 216), (216, 5, 5, 216), (216, 5, 5, 25), (25, 5, 5, 1)]
Lh truncation errors:
- [0.00000000e+00 3.29991202e-33 9.90039636e-36 2.92777911e-31
 7.32898416e-31 1.54625351e-31 3.31943362e-35 1.58508212e-31
 3.72434625e-36 2.08671087e-35]
- [2.22931190e-34 2.01260250e-32 1.07097706e-30 5.99814540e-32
 3.57843576e-30 6.61583054e-31 4.59041294e-30 2.16730318e-31
 5.50628130e-31 0.00000000e+00]
- [0.00000000e+00 2.23735388e-30 2.32985845e-22 3.45300228e-29
 2.63200157e-15 4.32452144e-29 5.15993463e-14 9.35919311e-30
 4.52523953e-31 1.53898651e-31]
- [3.17843080e-35 1.78966510e-08 4.48868855e-24 4.28707350e-08
 1.64812300e-18 1.79430502e-05 4.26062047e-17 6.66168592e-06
 5.45713958e-30 0.00000000e+00]
- [0.00000000e+00 2.58898683e-10 2.79646859e-06 7.88539502e-11
 2.06584970e-05 1.62214782e-08 3.09576703e-05 4.59333635e-09
 1.31057322e-06 0.00000000e+00]
- [0.00000000e+00 2.23018769e-06 1.75337718e-09 1.23448183e-05
 2.33208117e-08 2.31154962e-05 1.75170027e-08 4.89959813e-05
 4.31750276e-09 0.00000000e+00]
- [0.00000000e+00 8.23713562e-08 4.53947984e-05 7.35133342e-09
 1.61018279e-05 1.92911042e-08 3.75533963e-05 4.43272346e-08
 4.28342052e-06 0.00000000e+00]
- [0.00000000e+00 4.54860595e-06 3.36204387e-08 2.73252370e-05
 1.18010694e-08 1.46427055e-05 3.84533382e-08 1.02572911e-04
 4.89785113e-08 0.00000000e+00]
- [0.00000000e+00 1.95790716e-07 9.05169145e-05 1.62213623e-08
 1.18076734e-05 9.48460049e-09 3.21008342e-05 1.26776675e-07
 7.27218391e-06 0.00000000e+00]
- [0.00000000e+00 3.89283268e-06 9.55057460e-08 4.40923518e-05
 1.00836945e-08 1.86122112e-05 2.36373369e-08 1.06439205e-04
 2.07914505e-07 0.00000000e+00]
-> EL = <Lh|CC*> = 0.10213458186585375.
Orthogonality column 11:
-> EC = <ALhAL*|CC*|ARhAR*> = 4.929697581156816e-14.
=> E = 0.10213458186590305.
=> deltaE_bcc = 0.10213458186231246. 

for chi_max_bs = [24, 54, 96, 150, 216]:
- without combining hs: 
deltaEs = [0.54292634 0.16639114 0.0769103  0.05994048 0.05295908], 
maximal truncation errors = [0.03047977 0.01253096 0.00641056 0.0052123  0.00416947]. 
- with combining hs: 
deltaEs = [12.25878025  0.40622611  0.26741826  0.14311618  0.10213458], 
maximal truncation errors = [0.00060779 0.00034578 0.00022917 0.00015661 0.00010644].
