Lx = 6, Ly = 6, g = 3.5, D_max = 4, chi_max_c = 24, zeroE = True. 

E = sum_n <iso_peps|h_n|iso_peps> = sum_n [2.61009530e-13 3.50205975e-14 6.17783602e-13 1.65714664e-13
 1.93671468e-13 4.63497296e-13 9.06750369e-13 2.51184490e-13
 9.79001602e-13 2.57498154e-14 1.23377590e-12] 
  = 5.1331593319525515e-12. 

chi_max_b = 24, combine_hs = False.
Lh leg dimensions:
- [(1, 4, 4, 16), (16, 4, 4, 24), (24, 4, 4, 24), (24, 4, 4, 24), (24, 4, 4, 24), (24, 4, 4, 24), (24, 4, 4, 24), (24, 4, 4, 24), (24, 4, 4, 24), (24, 4, 4, 16), (16, 4, 4, 1)]
- [(1, 4, 4, 16), (16, 4, 4, 24), (24, 4, 4, 24), (24, 4, 4, 24), (24, 4, 4, 24), (24, 4, 4, 24), (24, 4, 4, 24), (24, 4, 4, 24), (24, 4, 4, 24), (24, 4, 4, 16), (16, 4, 4, 1)]
- [(1, 4, 4, 16), (16, 4, 4, 24), (24, 4, 4, 24), (24, 4, 4, 24), (24, 4, 4, 24), (24, 4, 4, 24), (24, 4, 4, 24), (24, 4, 4, 24), (24, 4, 4, 24), (24, 4, 4, 16), (16, 4, 4, 1)]
- [(1, 4, 4, 16), (16, 4, 4, 24), (24, 4, 4, 24), (24, 4, 4, 24), (24, 4, 4, 24), (24, 4, 4, 24), (24, 4, 4, 24), (24, 4, 4, 24), (24, 4, 4, 24), (24, 4, 4, 16), (16, 4, 4, 1)]
- [(1, 4, 4, 16), (16, 4, 4, 24), (24, 4, 4, 24), (24, 4, 4, 24), (24, 4, 4, 24), (24, 4, 4, 24), (24, 4, 4, 24), (24, 4, 4, 24), (24, 4, 4, 24), (24, 4, 4, 16), (16, 4, 4, 1)]
- [(1, 4, 4, 16), (16, 4, 4, 24), (24, 4, 4, 24), (24, 4, 4, 24), (24, 4, 4, 24), (24, 4, 4, 24), (24, 4, 4, 24), (24, 4, 4, 24), (24, 4, 4, 24), (24, 4, 4, 16), (16, 4, 4, 1)]
- [(1, 4, 4, 16), (16, 4, 4, 24), (24, 4, 4, 24), (24, 4, 4, 24), (24, 4, 4, 24), (24, 4, 4, 24), (24, 4, 4, 24), (24, 4, 4, 24), (24, 4, 4, 24), (24, 4, 4, 16), (16, 4, 4, 1)]
- [(1, 4, 4, 16), (16, 4, 4, 24), (24, 4, 4, 24), (24, 4, 4, 24), (24, 4, 4, 24), (24, 4, 4, 24), (24, 4, 4, 24), (24, 4, 4, 24), (24, 4, 4, 24), (24, 4, 4, 16), (16, 4, 4, 1)]
- [(1, 4, 4, 16), (16, 4, 4, 24), (24, 4, 4, 24), (24, 4, 4, 24), (24, 4, 4, 24), (24, 4, 4, 24), (24, 4, 4, 24), (24, 4, 4, 24), (24, 4, 4, 24), (24, 4, 4, 16), (16, 4, 4, 1)]
- [(1, 4, 4, 16), (16, 4, 4, 24), (24, 4, 4, 24), (24, 4, 4, 24), (24, 4, 4, 24), (24, 4, 4, 24), (24, 4, 4, 24), (24, 4, 4, 24), (24, 4, 4, 24), (24, 4, 4, 16), (16, 4, 4, 1)]
Lh truncation errors:
- [0.00000000e+00 3.09076943e-02 3.09417283e-30 1.25039452e-02
 3.48509820e-30 4.38121958e-03 2.83236340e-30 5.88175128e-03
 2.56865040e-30 0.00000000e+00]
- [0.00000000e+00 1.89970682e-02 2.71645843e-30 8.78384600e-03
 3.32815188e-30 4.56850966e-03 2.87275212e-30 1.48965296e-02
 2.65706180e-30 0.00000000e+00]
- [0.00000000e+00 9.36097253e-03 3.22172296e-30 4.98437264e-03
 3.09703862e-30 4.16022456e-03 2.79908428e-30 7.52157543e-03
 2.64261205e-30 0.00000000e+00]
- [0.00000000e+00 6.99391392e-03 2.89319165e-30 3.96554106e-03
 2.79608290e-30 2.93190170e-03 3.00356365e-30 4.88032715e-03
 2.53627110e-30 0.00000000e+00]
- [0.00000000e+00 5.03022809e-03 3.36066961e-30 2.03731614e-03
 2.76633112e-30 1.69695108e-03 2.88218758e-30 3.74694605e-03
 2.42490322e-30 0.00000000e+00]
- [0.00000000e+00 4.12239453e-03 3.00725615e-30 1.99250360e-03
 3.10311204e-30 1.70797855e-03 3.16247311e-30 3.09291974e-03
 2.44693909e-30 0.00000000e+00]
- [0.00000000e+00 4.98984693e-03 3.16781319e-30 1.65340204e-03
 3.39553124e-30 2.04274926e-03 3.28883109e-30 2.84152677e-03
 2.58615057e-30 0.00000000e+00]
- [0.00000000e+00 2.91965214e-03 3.12485073e-30 1.50353972e-03
 3.19704719e-30 1.51993927e-03 3.04908941e-30 2.25540098e-03
 2.70446734e-30 0.00000000e+00]
- [0.00000000e+00 1.43671722e-03 3.45936960e-30 6.68317149e-04
 3.07415412e-30 7.86211017e-04 4.23817467e-30 1.09054913e-03
 2.79557442e-30 0.00000000e+00]
- [0.00000000e+00 1.36613589e-04 4.67178977e-07 6.44578743e-05
 9.12383828e-07 1.24209211e-04 1.69261391e-06 1.93788529e-04
 1.40710135e-06 0.00000000e+00]
-> EL = sum_n <Lh_n|CC*> = -0.7442627349382824.
Orthogonality column 11:
-> EC = <ALhAL*|CC*|ARhAR*> = 1.2337758978693125e-12.
=> E = -0.7442627349370486.
=> deltaE_bc = -0.7442627349421818.
chi_max_b = 24, combine_hs = True.
Lh leg dimensions:
- [(1, 2, 2, 4), (4, 2, 2, 3), (3, 2, 2, 8), (8, 2, 2, 3), (3, 2, 2, 9), (9, 4, 4, 3), (3, 2, 2, 8), (8, 2, 2, 3), (3, 2, 2, 8), (8, 2, 2, 3), (3, 2, 2, 1)]
- [(1, 4, 4, 8), (8, 2, 2, 24), (24, 4, 4, 8), (8, 2, 2, 24), (24, 4, 4, 14), (14, 4, 4, 24), (24, 4, 4, 9), (9, 4, 4, 24), (24, 2, 2, 8), (8, 4, 4, 4), (4, 2, 2, 1)]
- [(1, 4, 4, 16), (16, 4, 4, 24), (24, 4, 4, 24), (24, 4, 4, 24), (24, 4, 4, 24), (24, 4, 4, 24), (24, 4, 4, 24), (24, 4, 4, 24), (24, 4, 4, 24), (24, 4, 4, 9), (9, 4, 4, 1)]
- [(1, 4, 4, 16), (16, 4, 4, 24), (24, 4, 4, 24), (24, 4, 4, 24), (24, 4, 4, 24), (24, 4, 4, 24), (24, 4, 4, 24), (24, 4, 4, 24), (24, 4, 4, 24), (24, 4, 4, 16), (16, 4, 4, 1)]
- [(1, 4, 4, 16), (16, 4, 4, 24), (24, 4, 4, 24), (24, 4, 4, 24), (24, 4, 4, 24), (24, 4, 4, 24), (24, 4, 4, 24), (24, 4, 4, 24), (24, 4, 4, 24), (24, 4, 4, 16), (16, 4, 4, 1)]
- [(1, 4, 4, 16), (16, 4, 4, 24), (24, 4, 4, 24), (24, 4, 4, 24), (24, 4, 4, 24), (24, 4, 4, 24), (24, 4, 4, 24), (24, 4, 4, 24), (24, 4, 4, 24), (24, 4, 4, 16), (16, 4, 4, 1)]
- [(1, 4, 4, 16), (16, 4, 4, 24), (24, 4, 4, 24), (24, 4, 4, 24), (24, 4, 4, 24), (24, 4, 4, 24), (24, 4, 4, 24), (24, 4, 4, 24), (24, 4, 4, 24), (24, 4, 4, 16), (16, 4, 4, 1)]
- [(1, 4, 4, 16), (16, 4, 4, 24), (24, 4, 4, 24), (24, 4, 4, 24), (24, 4, 4, 24), (24, 4, 4, 24), (24, 4, 4, 24), (24, 4, 4, 24), (24, 4, 4, 24), (24, 4, 4, 16), (16, 4, 4, 1)]
- [(1, 4, 4, 16), (16, 4, 4, 24), (24, 4, 4, 24), (24, 4, 4, 24), (24, 4, 4, 24), (24, 4, 4, 24), (24, 4, 4, 24), (24, 4, 4, 24), (24, 4, 4, 24), (24, 4, 4, 16), (16, 4, 4, 1)]
- [(1, 4, 4, 16), (16, 4, 4, 24), (24, 4, 4, 24), (24, 4, 4, 24), (24, 4, 4, 24), (24, 4, 4, 24), (24, 4, 4, 24), (24, 4, 4, 24), (24, 4, 4, 24), (24, 4, 4, 16), (16, 4, 4, 1)]
Lh truncation errors:
- [0.00000000e+00 6.53227672e-33 4.68582818e-36 2.95593788e-31
 4.50144080e-32 1.59902978e-31 3.22065792e-36 1.53397077e-31
 2.37811622e-36 4.17387296e-37]
- [1.25208603e-34 1.05973988e-12 8.73152527e-31 3.54939625e-19
 3.27316559e-30 1.33589369e-06 4.84137445e-30 6.69452017e-17
 5.49386076e-31 0.00000000e+00]
- [0.00000000e+00 1.35111043e-11 1.23597047e-05 3.26497116e-19
 1.64048590e-05 5.56482921e-07 1.70063408e-05 2.17992814e-14
 2.22160085e-05 1.74506061e-32]
- [0.00000000e+00 1.15111439e-04 5.11990507e-07 3.82244215e-05
 1.58163882e-06 1.47996920e-04 4.21230348e-07 7.36416679e-05
 3.82035294e-06 0.00000000e+00]
- [0.00000000e+00 2.83427471e-06 1.31271607e-04 7.15042782e-07
 1.17626258e-04 1.60247403e-06 7.77624857e-05 5.79872462e-07
 1.39302058e-04 0.00000000e+00]
- [0.00000000e+00 2.42751858e-04 1.81280937e-06 1.29578707e-04
 2.75536081e-06 1.00742398e-04 1.05898939e-06 1.11264378e-04
 3.57535620e-06 0.00000000e+00]
- [0.00000000e+00 7.21564012e-06 2.87469666e-04 1.81955643e-06
 1.62618240e-04 2.16977528e-06 7.37031845e-05 1.32301557e-06
 1.34299778e-04 0.00000000e+00]
- [0.00000000e+00 3.33459663e-04 3.15236831e-06 1.41149152e-04
 1.42229858e-06 9.43122725e-05 8.37817649e-07 1.48617969e-04
 8.06217140e-06 0.00000000e+00]
- [0.00000000e+00 9.02214451e-06 2.91375064e-04 1.04691508e-06
 1.11283061e-04 2.22449608e-06 1.29627135e-04 1.27391171e-06
 1.68991859e-04 0.00000000e+00]
- [0.00000000e+00 3.35726881e-04 1.66413536e-06 1.38588707e-04
 1.19794394e-06 1.17318397e-04 2.40532726e-06 2.39441856e-04
 5.64513281e-06 0.00000000e+00]
-> EL = <Lh|CC*> = -0.23824045429910704.
Orthogonality column 11:
-> EC = <ALhAL*|CC*|ARhAR*> = 1.2337758978693125e-12.
=> E = -0.23824045429787327.
=> deltaE_bcc = -0.23824045430300644. 

chi_max_b = 54, combine_hs = False.
Lh leg dimensions:
- [(1, 4, 4, 16), (16, 4, 4, 54), (54, 4, 4, 54), (54, 4, 4, 54), (54, 4, 4, 54), (54, 4, 4, 54), (54, 4, 4, 54), (54, 4, 4, 54), (54, 4, 4, 54), (54, 4, 4, 16), (16, 4, 4, 1)]
- [(1, 4, 4, 16), (16, 4, 4, 54), (54, 4, 4, 54), (54, 4, 4, 54), (54, 4, 4, 54), (54, 4, 4, 54), (54, 4, 4, 54), (54, 4, 4, 54), (54, 4, 4, 54), (54, 4, 4, 16), (16, 4, 4, 1)]
- [(1, 4, 4, 16), (16, 4, 4, 54), (54, 4, 4, 54), (54, 4, 4, 54), (54, 4, 4, 54), (54, 4, 4, 54), (54, 4, 4, 54), (54, 4, 4, 54), (54, 4, 4, 54), (54, 4, 4, 16), (16, 4, 4, 1)]
- [(1, 4, 4, 16), (16, 4, 4, 54), (54, 4, 4, 54), (54, 4, 4, 54), (54, 4, 4, 54), (54, 4, 4, 54), (54, 4, 4, 54), (54, 4, 4, 54), (54, 4, 4, 54), (54, 4, 4, 16), (16, 4, 4, 1)]
- [(1, 4, 4, 16), (16, 4, 4, 54), (54, 4, 4, 54), (54, 4, 4, 54), (54, 4, 4, 54), (54, 4, 4, 54), (54, 4, 4, 54), (54, 4, 4, 54), (54, 4, 4, 54), (54, 4, 4, 16), (16, 4, 4, 1)]
- [(1, 4, 4, 16), (16, 4, 4, 54), (54, 4, 4, 54), (54, 4, 4, 54), (54, 4, 4, 54), (54, 4, 4, 54), (54, 4, 4, 54), (54, 4, 4, 54), (54, 4, 4, 54), (54, 4, 4, 16), (16, 4, 4, 1)]
- [(1, 4, 4, 16), (16, 4, 4, 54), (54, 4, 4, 54), (54, 4, 4, 54), (54, 4, 4, 54), (54, 4, 4, 54), (54, 4, 4, 54), (54, 4, 4, 54), (54, 4, 4, 54), (54, 4, 4, 16), (16, 4, 4, 1)]
- [(1, 4, 4, 16), (16, 4, 4, 54), (54, 4, 4, 54), (54, 4, 4, 54), (54, 4, 4, 54), (54, 4, 4, 54), (54, 4, 4, 54), (54, 4, 4, 54), (54, 4, 4, 54), (54, 4, 4, 16), (16, 4, 4, 1)]
- [(1, 4, 4, 16), (16, 4, 4, 54), (54, 4, 4, 33), (33, 4, 4, 54), (54, 4, 4, 32), (32, 4, 4, 54), (54, 4, 4, 32), (32, 4, 4, 54), (54, 4, 4, 32), (32, 4, 4, 16), (16, 4, 4, 1)]
- [(1, 4, 4, 16), (16, 4, 4, 32), (32, 4, 4, 32), (32, 4, 4, 32), (32, 4, 4, 32), (32, 4, 4, 32), (32, 4, 4, 32), (32, 4, 4, 32), (32, 4, 4, 32), (32, 4, 4, 16), (16, 4, 4, 1)]
Lh truncation errors:
- [0.00000000e+00 8.77536073e-03 6.28719341e-30 7.58732751e-03
 6.31970824e-30 2.82977282e-03 6.15707232e-30 3.57909547e-03
 2.16778689e-30 0.00000000e+00]
- [0.00000000e+00 4.74487097e-03 5.91268121e-30 6.60310247e-03
 7.30606046e-30 3.49473870e-03 5.84898818e-30 6.56303382e-03
 2.08091904e-30 0.00000000e+00]
- [0.00000000e+00 2.95347150e-03 6.12407554e-30 3.18842400e-03
 6.10506885e-30 2.42821702e-03 6.08410327e-30 3.83157944e-03
 2.12289646e-30 0.00000000e+00]
- [0.00000000e+00 2.52052426e-03 6.03423291e-30 1.91779172e-03
 6.45597985e-30 1.44687312e-03 6.67537793e-30 3.25270038e-03
 2.15709257e-30 0.00000000e+00]
- [0.00000000e+00 1.92348724e-03 6.20786587e-30 1.37565835e-03
 6.77798823e-30 8.43751322e-04 7.10321952e-30 2.09288829e-03
 2.12968390e-30 0.00000000e+00]
- [0.00000000e+00 1.22089827e-03 6.51696624e-30 1.12363267e-03
 7.19240050e-30 9.77299756e-04 7.68282556e-30 1.85738011e-03
 2.14639881e-30 0.00000000e+00]
- [0.00000000e+00 1.36511452e-03 6.29818713e-30 7.94398695e-04
 6.83764770e-30 8.90129099e-04 6.25821838e-30 1.19952300e-03
 2.14900512e-30 0.00000000e+00]
- [0.00000000e+00 6.18299244e-04 6.66483782e-30 4.17759193e-04
 7.60949322e-30 6.00869783e-04 6.28172901e-30 8.20171599e-04
 2.15637239e-30 0.00000000e+00]
- [0.00000000e+00 2.53375678e-04 6.56355582e-30 1.30020523e-04
 7.01596618e-30 1.85498576e-04 6.65865489e-30 2.40800938e-04
 2.38213706e-30 0.00000000e+00]
- [0.00000000e+00 2.02233601e-30 4.39983361e-30 7.55480579e-30
 4.07980744e-30 6.44094664e-30 4.20747220e-30 5.12338630e-30
 2.41541556e-30 0.00000000e+00]
-> EL = sum_n <Lh_n|CC*> = 0.07928161274445213.
Orthogonality column 11:
-> EC = <ALhAL*|CC*|ARhAR*> = 1.2337758978693125e-12.
=> E = 0.0792816127456859.
=> deltaE_bc = 0.07928161274055275.
chi_max_b = 54, combine_hs = True.
Lh leg dimensions:
- [(1, 2, 2, 4), (4, 2, 2, 3), (3, 2, 2, 8), (8, 2, 2, 3), (3, 2, 2, 9), (9, 4, 4, 3), (3, 2, 2, 8), (8, 2, 2, 3), (3, 2, 2, 8), (8, 2, 2, 3), (3, 2, 2, 1)]
- [(1, 4, 4, 8), (8, 2, 2, 29), (29, 4, 4, 8), (8, 2, 2, 29), (29, 4, 4, 14), (14, 4, 4, 54), (54, 4, 4, 8), (8, 4, 4, 29), (29, 2, 2, 8), (8, 4, 4, 4), (4, 2, 2, 1)]
- [(1, 4, 4, 16), (16, 4, 4, 33), (33, 4, 4, 54), (54, 4, 4, 33), (33, 4, 4, 54), (54, 4, 4, 54), (54, 4, 4, 54), (54, 4, 4, 34), (34, 4, 4, 54), (54, 4, 4, 9), (9, 4, 4, 1)]
- [(1, 4, 4, 16), (16, 4, 4, 54), (54, 4, 4, 54), (54, 4, 4, 54), (54, 4, 4, 54), (54, 4, 4, 54), (54, 4, 4, 54), (54, 4, 4, 54), (54, 4, 4, 54), (54, 4, 4, 16), (16, 4, 4, 1)]
- [(1, 4, 4, 16), (16, 4, 4, 54), (54, 4, 4, 54), (54, 4, 4, 54), (54, 4, 4, 54), (54, 4, 4, 54), (54, 4, 4, 54), (54, 4, 4, 54), (54, 4, 4, 54), (54, 4, 4, 16), (16, 4, 4, 1)]
- [(1, 4, 4, 16), (16, 4, 4, 54), (54, 4, 4, 54), (54, 4, 4, 54), (54, 4, 4, 54), (54, 4, 4, 54), (54, 4, 4, 54), (54, 4, 4, 54), (54, 4, 4, 54), (54, 4, 4, 16), (16, 4, 4, 1)]
- [(1, 4, 4, 16), (16, 4, 4, 54), (54, 4, 4, 54), (54, 4, 4, 54), (54, 4, 4, 54), (54, 4, 4, 54), (54, 4, 4, 54), (54, 4, 4, 54), (54, 4, 4, 54), (54, 4, 4, 16), (16, 4, 4, 1)]
- [(1, 4, 4, 16), (16, 4, 4, 54), (54, 4, 4, 54), (54, 4, 4, 54), (54, 4, 4, 54), (54, 4, 4, 54), (54, 4, 4, 54), (54, 4, 4, 54), (54, 4, 4, 54), (54, 4, 4, 16), (16, 4, 4, 1)]
- [(1, 4, 4, 16), (16, 4, 4, 54), (54, 4, 4, 54), (54, 4, 4, 54), (54, 4, 4, 54), (54, 4, 4, 54), (54, 4, 4, 54), (54, 4, 4, 54), (54, 4, 4, 54), (54, 4, 4, 16), (16, 4, 4, 1)]
- [(1, 4, 4, 16), (16, 4, 4, 54), (54, 4, 4, 54), (54, 4, 4, 54), (54, 4, 4, 54), (54, 4, 4, 54), (54, 4, 4, 54), (54, 4, 4, 54), (54, 4, 4, 54), (54, 4, 4, 16), (16, 4, 4, 1)]
Lh truncation errors:
- [0.00000000e+00 8.07608841e-34 1.54773418e-36 2.88743013e-31
 4.47497430e-32 1.56189662e-31 2.49591139e-35 1.64296936e-31
 6.49910285e-36 3.78405508e-36]
- [2.49424714e-34 3.00123836e-32 1.06800922e-30 6.56669492e-32
 4.26510776e-30 1.15902182e-15 6.94596213e-30 2.16891853e-31
 5.55895737e-31 0.00000000e+00]
- [0.00000000e+00 2.71033426e-30 2.11034718e-09 7.03582901e-30
 2.27677731e-08 6.16668522e-18 6.90594973e-08 6.86150686e-30
 2.45568896e-07 3.05520582e-32]
- [0.00000000e+00 1.58872148e-05 9.58011574e-12 4.45870953e-06
 2.51441631e-10 2.27771656e-05 3.13389910e-10 4.52534361e-06
 5.59238829e-09 0.00000000e+00]
- [0.00000000e+00 5.94812928e-08 1.12284571e-05 5.95010628e-09
 2.66585468e-05 1.19900137e-08 1.24202256e-05 6.21136294e-09
 1.17056920e-05 0.00000000e+00]
- [0.00000000e+00 1.83941983e-05 1.23320905e-08 3.17563563e-05
 1.61245246e-07 3.21927934e-05 1.96343446e-08 2.73830404e-05
 2.02813870e-07 0.00000000e+00]
- [0.00000000e+00 7.62464885e-07 9.62878008e-05 7.22105726e-08
 4.60179641e-05 5.90443251e-08 2.52547532e-05 5.11608470e-08
 1.37418664e-05 0.00000000e+00]
- [0.00000000e+00 8.29408962e-05 9.18714102e-08 5.82042767e-05
 1.49155891e-07 4.06759079e-05 5.27905299e-08 4.51891793e-05
 6.65518425e-07 0.00000000e+00]
- [0.00000000e+00 5.58690114e-07 1.36444170e-04 1.39022934e-07
 3.95551965e-05 1.53812873e-07 4.78810933e-05 8.36513008e-08
 2.51715149e-05 0.00000000e+00]
- [0.00000000e+00 8.09615806e-05 1.49990272e-07 6.01889789e-05
 1.56346743e-07 6.29021360e-05 8.54062604e-08 8.95979369e-05
 4.57183599e-07 0.00000000e+00]
-> EL = <Lh|CC*> = 0.10020203100476517.
Orthogonality column 11:
-> EC = <ALhAL*|CC*|ARhAR*> = 1.2337758978693125e-12.
=> E = 0.10020203100599895.
=> deltaE_bcc = 0.10020203100086579. 

chi_max_b = 96, combine_hs = False.
Lh leg dimensions:
- [(1, 4, 4, 16), (16, 4, 4, 96), (96, 4, 4, 96), (96, 4, 4, 96), (96, 4, 4, 96), (96, 4, 4, 96), (96, 4, 4, 96), (96, 4, 4, 96), (96, 4, 4, 96), (96, 4, 4, 16), (16, 4, 4, 1)]
- [(1, 4, 4, 16), (16, 4, 4, 96), (96, 4, 4, 96), (96, 4, 4, 96), (96, 4, 4, 96), (96, 4, 4, 96), (96, 4, 4, 96), (96, 4, 4, 96), (96, 4, 4, 96), (96, 4, 4, 16), (16, 4, 4, 1)]
- [(1, 4, 4, 16), (16, 4, 4, 96), (96, 4, 4, 96), (96, 4, 4, 96), (96, 4, 4, 96), (96, 4, 4, 96), (96, 4, 4, 96), (96, 4, 4, 96), (96, 4, 4, 96), (96, 4, 4, 16), (16, 4, 4, 1)]
- [(1, 4, 4, 16), (16, 4, 4, 96), (96, 4, 4, 96), (96, 4, 4, 96), (96, 4, 4, 96), (96, 4, 4, 96), (96, 4, 4, 96), (96, 4, 4, 96), (96, 4, 4, 96), (96, 4, 4, 16), (16, 4, 4, 1)]
- [(1, 4, 4, 16), (16, 4, 4, 96), (96, 4, 4, 96), (96, 4, 4, 96), (96, 4, 4, 96), (96, 4, 4, 96), (96, 4, 4, 96), (96, 4, 4, 96), (96, 4, 4, 96), (96, 4, 4, 16), (16, 4, 4, 1)]
- [(1, 4, 4, 16), (16, 4, 4, 96), (96, 4, 4, 96), (96, 4, 4, 96), (96, 4, 4, 96), (96, 4, 4, 96), (96, 4, 4, 96), (96, 4, 4, 96), (96, 4, 4, 96), (96, 4, 4, 16), (16, 4, 4, 1)]
- [(1, 4, 4, 16), (16, 4, 4, 96), (96, 4, 4, 96), (96, 4, 4, 96), (96, 4, 4, 96), (96, 4, 4, 96), (96, 4, 4, 96), (96, 4, 4, 96), (96, 4, 4, 96), (96, 4, 4, 16), (16, 4, 4, 1)]
- [(1, 4, 4, 16), (16, 4, 4, 96), (96, 4, 4, 96), (96, 4, 4, 96), (96, 4, 4, 96), (96, 4, 4, 96), (96, 4, 4, 96), (96, 4, 4, 96), (96, 4, 4, 96), (96, 4, 4, 16), (16, 4, 4, 1)]
- [(1, 4, 4, 16), (16, 4, 4, 96), (96, 4, 4, 33), (33, 4, 4, 96), (96, 4, 4, 33), (33, 4, 4, 96), (96, 4, 4, 32), (32, 4, 4, 96), (96, 4, 4, 32), (32, 4, 4, 16), (16, 4, 4, 1)]
- [(1, 4, 4, 16), (16, 4, 4, 32), (32, 4, 4, 32), (32, 4, 4, 32), (32, 4, 4, 32), (32, 4, 4, 32), (32, 4, 4, 32), (32, 4, 4, 32), (32, 4, 4, 32), (32, 4, 4, 16), (16, 4, 4, 1)]
Lh truncation errors:
- [0.00000000e+00 1.77209573e-03 1.07707128e-29 5.64404846e-03
 1.12051138e-29 1.82130927e-03 1.10469955e-29 2.50736083e-03
 1.75260138e-30 0.00000000e+00]
- [0.00000000e+00 7.50604712e-04 9.70652534e-30 4.24299313e-03
 1.10792054e-29 2.14385044e-03 1.01336923e-29 3.52436728e-03
 1.68160748e-30 0.00000000e+00]
- [0.00000000e+00 7.21450243e-04 1.18259456e-29 2.14168622e-03
 1.08404667e-29 1.28363342e-03 1.08983185e-29 2.10760901e-03
 1.71327606e-30 0.00000000e+00]
- [0.00000000e+00 5.77304687e-04 1.06801892e-29 1.25701003e-03
 1.06461285e-29 7.65247408e-04 1.02680965e-29 1.81264243e-03
 1.74217956e-30 0.00000000e+00]
- [0.00000000e+00 4.34350703e-04 1.06036851e-29 9.63338916e-04
 1.14935487e-29 4.56326841e-04 1.15196171e-29 1.07819472e-03
 1.72162985e-30 0.00000000e+00]
- [0.00000000e+00 2.37374050e-04 1.05648357e-29 6.14321653e-04
 1.11660693e-29 5.03476191e-04 1.08990781e-29 9.16245450e-04
 1.77558588e-30 0.00000000e+00]
- [0.00000000e+00 2.00074954e-04 1.06750770e-29 3.84740463e-04
 1.32458165e-29 3.49394068e-04 1.14727084e-29 4.78396929e-04
 1.73783804e-30 0.00000000e+00]
- [0.00000000e+00 5.81186228e-05 1.18757815e-29 1.60992616e-04
 1.10842658e-29 1.89337473e-04 1.06900722e-29 3.22693337e-04
 1.81295831e-30 0.00000000e+00]
- [0.00000000e+00 2.34489519e-05 1.18095262e-29 2.66746276e-05
 1.18347160e-29 3.41340687e-05 1.21919598e-29 5.77434656e-05
 2.37817913e-30 0.00000000e+00]
- [0.00000000e+00 2.03410663e-30 4.24602081e-30 7.52381301e-30
 4.27329547e-30 6.45899754e-30 4.30238932e-30 5.10695795e-30
 2.24053792e-30 0.00000000e+00]
-> EL = sum_n <Lh_n|CC*> = 0.015183235939938339.
Orthogonality column 11:
-> EC = <ALhAL*|CC*|ARhAR*> = 1.2337758978693125e-12.
=> E = 0.015183235941172114.
=> deltaE_bc = 0.015183235936038954.
chi_max_b = 96, combine_hs = True.
Lh leg dimensions:
- [(1, 2, 2, 4), (4, 2, 2, 3), (3, 2, 2, 8), (8, 2, 2, 3), (3, 2, 2, 9), (9, 4, 4, 3), (3, 2, 2, 8), (8, 2, 2, 3), (3, 2, 2, 8), (8, 2, 2, 3), (3, 2, 2, 1)]
- [(1, 4, 4, 8), (8, 2, 2, 29), (29, 4, 4, 8), (8, 2, 2, 29), (29, 4, 4, 13), (13, 4, 4, 80), (80, 4, 4, 8), (8, 4, 4, 29), (29, 2, 2, 8), (8, 4, 4, 4), (4, 2, 2, 1)]
- [(1, 4, 4, 16), (16, 4, 4, 32), (32, 4, 4, 96), (96, 4, 4, 33), (33, 4, 4, 96), (96, 4, 4, 80), (80, 4, 4, 96), (96, 4, 4, 33), (33, 4, 4, 80), (80, 4, 4, 9), (9, 4, 4, 1)]
- [(1, 4, 4, 16), (16, 4, 4, 96), (96, 4, 4, 96), (96, 4, 4, 96), (96, 4, 4, 96), (96, 4, 4, 96), (96, 4, 4, 96), (96, 4, 4, 96), (96, 4, 4, 96), (96, 4, 4, 16), (16, 4, 4, 1)]
- [(1, 4, 4, 16), (16, 4, 4, 96), (96, 4, 4, 96), (96, 4, 4, 96), (96, 4, 4, 96), (96, 4, 4, 96), (96, 4, 4, 96), (96, 4, 4, 96), (96, 4, 4, 96), (96, 4, 4, 16), (16, 4, 4, 1)]
- [(1, 4, 4, 16), (16, 4, 4, 96), (96, 4, 4, 96), (96, 4, 4, 96), (96, 4, 4, 96), (96, 4, 4, 96), (96, 4, 4, 96), (96, 4, 4, 96), (96, 4, 4, 96), (96, 4, 4, 16), (16, 4, 4, 1)]
- [(1, 4, 4, 16), (16, 4, 4, 96), (96, 4, 4, 96), (96, 4, 4, 96), (96, 4, 4, 96), (96, 4, 4, 96), (96, 4, 4, 96), (96, 4, 4, 96), (96, 4, 4, 96), (96, 4, 4, 16), (16, 4, 4, 1)]
- [(1, 4, 4, 16), (16, 4, 4, 96), (96, 4, 4, 96), (96, 4, 4, 96), (96, 4, 4, 96), (96, 4, 4, 96), (96, 4, 4, 96), (96, 4, 4, 96), (96, 4, 4, 96), (96, 4, 4, 16), (16, 4, 4, 1)]
- [(1, 4, 4, 16), (16, 4, 4, 96), (96, 4, 4, 96), (96, 4, 4, 96), (96, 4, 4, 96), (96, 4, 4, 96), (96, 4, 4, 96), (96, 4, 4, 96), (96, 4, 4, 96), (96, 4, 4, 16), (16, 4, 4, 1)]
- [(1, 4, 4, 16), (16, 4, 4, 96), (96, 4, 4, 96), (96, 4, 4, 96), (96, 4, 4, 96), (96, 4, 4, 96), (96, 4, 4, 96), (96, 4, 4, 96), (96, 4, 4, 96), (96, 4, 4, 16), (16, 4, 4, 1)]
Lh truncation errors:
- [0.00000000e+00 2.98511910e-33 1.73875245e-35 2.88743013e-31
 4.41646399e-32 1.60341962e-31 3.13690701e-36 1.67814121e-31
 4.46112817e-36 2.53526643e-36]
- [1.61710459e-34 3.00250025e-32 1.06964633e-30 6.01994210e-32
 3.42467795e-30 6.61427534e-31 4.56695335e-30 2.16891853e-31
 5.48837061e-31 0.00000000e+00]
- [0.00000000e+00 2.32249687e-30 1.33701520e-12 1.12530964e-29
 3.39883280e-12 1.11782331e-29 1.78635253e-11 9.16972758e-30
 4.42851058e-31 1.13228827e-32]
- [0.00000000e+00 2.12765167e-06 5.81252341e-15 4.82561957e-07
 6.41333760e-16 4.51726617e-06 2.36542060e-15 9.57772737e-07
 1.65887967e-30 0.00000000e+00]
- [0.00000000e+00 4.75524904e-09 3.91862521e-06 5.03571393e-10
 6.97183071e-06 3.84999723e-09 2.65347572e-06 6.11405780e-10
 5.30708719e-08 0.00000000e+00]
- [0.00000000e+00 2.43635334e-08 3.03647578e-09 8.62068031e-06
 3.34009483e-08 9.82112948e-06 2.53854241e-09 9.74763781e-06
 3.39743401e-11 0.00000000e+00]
- [0.00000000e+00 6.61314740e-11 3.91473490e-05 1.36892216e-08
 1.55751658e-05 2.01414909e-08 9.03675141e-06 1.42651496e-08
 1.27050075e-07 0.00000000e+00]
- [0.00000000e+00 1.64293439e-05 4.88199245e-08 2.14432135e-05
 2.57586620e-08 1.40916944e-05 1.65265920e-08 2.05062945e-05
 2.98831035e-10 0.00000000e+00]
- [0.00000000e+00 1.22711858e-07 7.47664995e-05 2.58668829e-08
 1.62211312e-05 3.92637469e-08 1.91070490e-05 3.89613561e-08
 2.33124664e-06 0.00000000e+00]
- [0.00000000e+00 1.58084401e-05 6.85058265e-08 3.47438052e-05
 3.22681870e-08 2.52115566e-05 2.62798267e-08 4.05499186e-05
 9.01823207e-09 0.00000000e+00]
-> EL = <Lh|CC*> = 0.03449554182096676.
Orthogonality column 11:
-> EC = <ALhAL*|CC*|ARhAR*> = 1.2337758978693125e-12.
=> E = 0.034495541822200534.
=> deltaE_bcc = 0.03449554181706738. 

chi_max_b = 150, combine_hs = False.
Lh leg dimensions:
- [(1, 4, 4, 16), (16, 4, 4, 150), (150, 4, 4, 150), (150, 4, 4, 150), (150, 4, 4, 150), (150, 4, 4, 150), (150, 4, 4, 150), (150, 4, 4, 150), (150, 4, 4, 150), (150, 4, 4, 16), (16, 4, 4, 1)]
- [(1, 4, 4, 16), (16, 4, 4, 150), (150, 4, 4, 150), (150, 4, 4, 150), (150, 4, 4, 150), (150, 4, 4, 150), (150, 4, 4, 150), (150, 4, 4, 150), (150, 4, 4, 150), (150, 4, 4, 16), (16, 4, 4, 1)]
- [(1, 4, 4, 16), (16, 4, 4, 150), (150, 4, 4, 150), (150, 4, 4, 150), (150, 4, 4, 150), (150, 4, 4, 150), (150, 4, 4, 150), (150, 4, 4, 150), (150, 4, 4, 150), (150, 4, 4, 16), (16, 4, 4, 1)]
- [(1, 4, 4, 16), (16, 4, 4, 150), (150, 4, 4, 150), (150, 4, 4, 150), (150, 4, 4, 150), (150, 4, 4, 150), (150, 4, 4, 150), (150, 4, 4, 150), (150, 4, 4, 150), (150, 4, 4, 16), (16, 4, 4, 1)]
- [(1, 4, 4, 16), (16, 4, 4, 150), (150, 4, 4, 150), (150, 4, 4, 150), (150, 4, 4, 150), (150, 4, 4, 150), (150, 4, 4, 150), (150, 4, 4, 150), (150, 4, 4, 150), (150, 4, 4, 16), (16, 4, 4, 1)]
- [(1, 4, 4, 16), (16, 4, 4, 150), (150, 4, 4, 150), (150, 4, 4, 150), (150, 4, 4, 150), (150, 4, 4, 150), (150, 4, 4, 150), (150, 4, 4, 150), (150, 4, 4, 150), (150, 4, 4, 16), (16, 4, 4, 1)]
- [(1, 4, 4, 16), (16, 4, 4, 150), (150, 4, 4, 150), (150, 4, 4, 150), (150, 4, 4, 150), (150, 4, 4, 150), (150, 4, 4, 150), (150, 4, 4, 150), (150, 4, 4, 150), (150, 4, 4, 16), (16, 4, 4, 1)]
- [(1, 4, 4, 16), (16, 4, 4, 150), (150, 4, 4, 150), (150, 4, 4, 150), (150, 4, 4, 150), (150, 4, 4, 150), (150, 4, 4, 150), (150, 4, 4, 150), (150, 4, 4, 150), (150, 4, 4, 16), (16, 4, 4, 1)]
- [(1, 4, 4, 16), (16, 4, 4, 150), (150, 4, 4, 33), (33, 4, 4, 150), (150, 4, 4, 33), (33, 4, 4, 150), (150, 4, 4, 33), (33, 4, 4, 150), (150, 4, 4, 32), (32, 4, 4, 16), (16, 4, 4, 1)]
- [(1, 4, 4, 16), (16, 4, 4, 32), (32, 4, 4, 32), (32, 4, 4, 32), (32, 4, 4, 32), (32, 4, 4, 32), (32, 4, 4, 32), (32, 4, 4, 32), (32, 4, 4, 32), (32, 4, 4, 16), (16, 4, 4, 1)]
Lh truncation errors:
- [0.00000000e+00 2.95531240e-07 1.49789400e-29 3.44864382e-03
 1.66125667e-29 1.10404586e-03 1.82219545e-29 1.70703221e-03
 1.21931432e-30 0.00000000e+00]
- [0.00000000e+00 1.40365592e-07 1.51060417e-29 2.46401565e-03
 1.72485897e-29 1.15883175e-03 1.53511401e-29 1.98840285e-03
 1.30310631e-30 0.00000000e+00]
- [0.00000000e+00 1.00549064e-07 1.55645015e-29 1.35552482e-03
 1.64212814e-29 6.62602280e-04 1.56012818e-29 1.15964536e-03
 1.19571768e-30 0.00000000e+00]
- [0.00000000e+00 3.94829310e-08 1.63343644e-29 7.79811932e-04
 1.60873393e-29 4.06160552e-04 1.61386102e-29 9.61941447e-04
 1.20997441e-30 0.00000000e+00]
- [0.00000000e+00 3.97896891e-08 1.61132850e-29 6.01579162e-04
 1.62011598e-29 2.41171021e-04 1.60260259e-29 5.54508178e-04
 1.20061409e-30 0.00000000e+00]
- [0.00000000e+00 1.94224015e-08 1.66627515e-29 3.32553931e-04
 1.69297659e-29 2.42854965e-04 1.70062633e-29 4.20052348e-04
 1.21029238e-30 0.00000000e+00]
- [0.00000000e+00 1.83117843e-08 1.61720524e-29 1.86184604e-04
 1.79412861e-29 1.30873435e-04 1.66564783e-29 1.85992371e-04
 1.21391115e-30 0.00000000e+00]
- [0.00000000e+00 4.65604676e-09 1.64163064e-29 5.65480838e-05
 1.74537317e-29 5.55591159e-05 1.62845466e-29 1.14417273e-04
 1.24522875e-30 0.00000000e+00]
- [0.00000000e+00 1.72776952e-09 1.86809437e-29 3.59973821e-06
 1.81978905e-29 3.63260629e-06 1.75889973e-29 9.47707708e-06
 2.46458494e-30 0.00000000e+00]
- [0.00000000e+00 2.02412405e-30 4.53903297e-30 7.64682527e-30
 4.09784420e-30 6.42718536e-30 4.42783340e-30 5.21156835e-30
 2.40118418e-30 0.00000000e+00]
-> EL = sum_n <Lh_n|CC*> = 0.01903819773076007.
Orthogonality column 11:
-> EC = <ALhAL*|CC*|ARhAR*> = 1.2337758978693125e-12.
=> E = 0.019038197731993847.
=> deltaE_bc = 0.01903819772686069.
chi_max_b = 150, combine_hs = True.
Lh leg dimensions:
- [(1, 2, 2, 4), (4, 2, 2, 3), (3, 2, 2, 8), (8, 2, 2, 3), (3, 2, 2, 9), (9, 4, 4, 3), (3, 2, 2, 8), (8, 2, 2, 3), (3, 2, 2, 8), (8, 2, 2, 3), (3, 2, 2, 1)]
- [(1, 4, 4, 8), (8, 2, 2, 29), (29, 4, 4, 8), (8, 2, 2, 29), (29, 4, 4, 13), (13, 4, 4, 80), (80, 4, 4, 8), (8, 4, 4, 29), (29, 2, 2, 8), (8, 4, 4, 4), (4, 2, 2, 1)]
- [(1, 4, 4, 16), (16, 4, 4, 32), (32, 4, 4, 150), (150, 4, 4, 32), (32, 4, 4, 150), (150, 4, 4, 80), (80, 4, 4, 150), (150, 4, 4, 33), (33, 4, 4, 80), (80, 4, 4, 9), (9, 4, 4, 1)]
- [(1, 4, 4, 16), (16, 4, 4, 150), (150, 4, 4, 150), (150, 4, 4, 150), (150, 4, 4, 150), (150, 4, 4, 150), (150, 4, 4, 150), (150, 4, 4, 150), (150, 4, 4, 95), (95, 4, 4, 16), (16, 4, 4, 1)]
- [(1, 4, 4, 16), (16, 4, 4, 150), (150, 4, 4, 150), (150, 4, 4, 150), (150, 4, 4, 150), (150, 4, 4, 150), (150, 4, 4, 150), (150, 4, 4, 150), (150, 4, 4, 150), (150, 4, 4, 16), (16, 4, 4, 1)]
- [(1, 4, 4, 16), (16, 4, 4, 150), (150, 4, 4, 150), (150, 4, 4, 150), (150, 4, 4, 150), (150, 4, 4, 150), (150, 4, 4, 150), (150, 4, 4, 150), (150, 4, 4, 150), (150, 4, 4, 16), (16, 4, 4, 1)]
- [(1, 4, 4, 16), (16, 4, 4, 150), (150, 4, 4, 150), (150, 4, 4, 150), (150, 4, 4, 150), (150, 4, 4, 150), (150, 4, 4, 150), (150, 4, 4, 150), (150, 4, 4, 150), (150, 4, 4, 16), (16, 4, 4, 1)]
- [(1, 4, 4, 16), (16, 4, 4, 150), (150, 4, 4, 150), (150, 4, 4, 150), (150, 4, 4, 150), (150, 4, 4, 150), (150, 4, 4, 150), (150, 4, 4, 150), (150, 4, 4, 150), (150, 4, 4, 16), (16, 4, 4, 1)]
- [(1, 4, 4, 16), (16, 4, 4, 150), (150, 4, 4, 150), (150, 4, 4, 150), (150, 4, 4, 150), (150, 4, 4, 150), (150, 4, 4, 150), (150, 4, 4, 150), (150, 4, 4, 150), (150, 4, 4, 16), (16, 4, 4, 1)]
- [(1, 4, 4, 16), (16, 4, 4, 150), (150, 4, 4, 150), (150, 4, 4, 150), (150, 4, 4, 150), (150, 4, 4, 150), (150, 4, 4, 150), (150, 4, 4, 150), (150, 4, 4, 150), (150, 4, 4, 16), (16, 4, 4, 1)]
Lh truncation errors:
- [0.00000000e+00 5.62649191e-33 1.92895152e-35 2.88743013e-31
 4.41276872e-32 1.54449600e-31 1.50754504e-36 1.59098500e-31
 3.19114310e-36 6.95565141e-37]
- [1.82736565e-34 3.00144212e-32 1.07264473e-30 6.02109237e-32
 3.46966691e-30 6.61427534e-31 4.58395603e-30 2.16891853e-31
 5.49174484e-31 0.00000000e+00]
- [0.00000000e+00 2.64513740e-30 2.09443273e-18 1.84994354e-29
 2.09186981e-17 1.78272178e-29 8.00927214e-18 9.24687925e-30
 4.42866504e-31 1.44413941e-31]
- [0.00000000e+00 1.80446627e-08 4.63198708e-21 3.83508473e-08
 1.37372872e-20 6.10210557e-07 3.23473394e-21 1.44025588e-07
 1.78625674e-30 0.00000000e+00]
- [0.00000000e+00 3.91667112e-11 1.15953794e-06 2.69841472e-11
 1.49437792e-06 7.33789186e-10 4.88499501e-07 2.97357161e-11
 1.49983390e-09 0.00000000e+00]
- [0.00000000e+00 6.19284786e-10 5.59283087e-10 2.31074217e-06
 4.73918837e-09 2.82733366e-06 4.53294384e-10 2.93271632e-06
 2.83813058e-13 0.00000000e+00]
- [0.00000000e+00 6.14314153e-13 1.39037766e-05 3.09468080e-09
 5.70300199e-06 5.80232469e-09 3.17462102e-06 2.05378875e-09
 1.93544160e-09 0.00000000e+00]
- [0.00000000e+00 2.59036317e-07 1.34108256e-08 8.31578931e-06
 5.76975577e-09 5.14067495e-06 4.47479373e-09 7.97710413e-06
 1.14234221e-12 0.00000000e+00]
- [0.00000000e+00 8.76424328e-10 3.66249655e-05 8.19030097e-09
 7.17939131e-06 1.06728257e-08 7.70664344e-06 1.14065861e-08
 2.10010205e-07 0.00000000e+00]
- [0.00000000e+00 4.23279864e-07 3.11479263e-08 1.96929191e-05
 1.06536084e-08 1.06514236e-05 7.84030718e-09 1.85788014e-05
 1.24191579e-10 0.00000000e+00]
-> EL = <Lh|CC*> = 0.027405547187599598.
Orthogonality column 11:
-> EC = <ALhAL*|CC*|ARhAR*> = 1.2337758978693125e-12.
=> E = 0.027405547188833375.
=> deltaE_bcc = 0.027405547183700217. 

chi_max_b = 216, combine_hs = False.
Lh leg dimensions:
- [(1, 4, 4, 16), (16, 4, 4, 216), (216, 4, 4, 216), (216, 4, 4, 216), (216, 4, 4, 216), (216, 4, 4, 216), (216, 4, 4, 216), (216, 4, 4, 216), (216, 4, 4, 216), (216, 4, 4, 16), (16, 4, 4, 1)]
- [(1, 4, 4, 16), (16, 4, 4, 216), (216, 4, 4, 216), (216, 4, 4, 216), (216, 4, 4, 216), (216, 4, 4, 216), (216, 4, 4, 216), (216, 4, 4, 216), (216, 4, 4, 216), (216, 4, 4, 16), (16, 4, 4, 1)]
- [(1, 4, 4, 16), (16, 4, 4, 216), (216, 4, 4, 216), (216, 4, 4, 216), (216, 4, 4, 216), (216, 4, 4, 216), (216, 4, 4, 216), (216, 4, 4, 216), (216, 4, 4, 216), (216, 4, 4, 16), (16, 4, 4, 1)]
- [(1, 4, 4, 16), (16, 4, 4, 216), (216, 4, 4, 216), (216, 4, 4, 216), (216, 4, 4, 216), (216, 4, 4, 216), (216, 4, 4, 216), (216, 4, 4, 216), (216, 4, 4, 216), (216, 4, 4, 16), (16, 4, 4, 1)]
- [(1, 4, 4, 16), (16, 4, 4, 216), (216, 4, 4, 216), (216, 4, 4, 216), (216, 4, 4, 216), (216, 4, 4, 216), (216, 4, 4, 216), (216, 4, 4, 216), (216, 4, 4, 216), (216, 4, 4, 16), (16, 4, 4, 1)]
- [(1, 4, 4, 16), (16, 4, 4, 216), (216, 4, 4, 216), (216, 4, 4, 216), (216, 4, 4, 216), (216, 4, 4, 216), (216, 4, 4, 216), (216, 4, 4, 216), (216, 4, 4, 216), (216, 4, 4, 16), (16, 4, 4, 1)]
- [(1, 4, 4, 16), (16, 4, 4, 216), (216, 4, 4, 216), (216, 4, 4, 216), (216, 4, 4, 216), (216, 4, 4, 216), (216, 4, 4, 216), (216, 4, 4, 216), (216, 4, 4, 216), (216, 4, 4, 16), (16, 4, 4, 1)]
- [(1, 4, 4, 16), (16, 4, 4, 216), (216, 4, 4, 216), (216, 4, 4, 216), (216, 4, 4, 216), (216, 4, 4, 216), (216, 4, 4, 216), (216, 4, 4, 216), (216, 4, 4, 216), (216, 4, 4, 16), (16, 4, 4, 1)]
- [(1, 4, 4, 16), (16, 4, 4, 216), (216, 4, 4, 33), (33, 4, 4, 216), (216, 4, 4, 33), (33, 4, 4, 216), (216, 4, 4, 33), (33, 4, 4, 216), (216, 4, 4, 33), (33, 4, 4, 16), (16, 4, 4, 1)]
- [(1, 4, 4, 16), (16, 4, 4, 32), (32, 4, 4, 33), (33, 4, 4, 32), (32, 4, 4, 32), (32, 4, 4, 32), (32, 4, 4, 32), (32, 4, 4, 32), (32, 4, 4, 32), (32, 4, 4, 16), (16, 4, 4, 1)]
Lh truncation errors:
- [0.00000000e+00 1.36584131e-16 2.11586071e-29 2.04726563e-03
 2.30252759e-29 6.83079045e-04 2.38418037e-29 1.07991053e-03
 4.90291188e-31 0.00000000e+00]
- [0.00000000e+00 4.21799619e-17 2.13960964e-29 1.41061776e-03
 2.32942676e-29 6.19999613e-04 2.22587360e-29 1.11744315e-03
 5.53404704e-31 0.00000000e+00]
- [0.00000000e+00 2.74212240e-17 2.27440845e-29 8.10521942e-04
 2.29356667e-29 3.57428315e-04 2.33189277e-29 6.35647730e-04
 5.61996095e-31 0.00000000e+00]
- [0.00000000e+00 9.39547525e-18 2.29202315e-29 4.63351668e-04
 2.33961028e-29 2.16462354e-04 2.27600558e-29 5.06772990e-04
 4.32815174e-31 0.00000000e+00]
- [0.00000000e+00 6.33831708e-18 2.32002883e-29 3.53370865e-04
 2.64636778e-29 1.31496669e-04 2.29104021e-29 2.87045759e-04
 6.26416121e-31 0.00000000e+00]
- [0.00000000e+00 3.60488654e-18 2.37424600e-29 1.74953375e-04
 2.42318430e-29 1.18678763e-04 2.34380285e-29 1.90722602e-04
 3.92785755e-31 0.00000000e+00]
- [0.00000000e+00 2.42103480e-18 2.31611544e-29 8.67281910e-05
 2.38824518e-29 5.21715777e-05 2.39591983e-29 7.60174868e-05
 4.20470536e-31 0.00000000e+00]
- [0.00000000e+00 6.77107403e-19 2.38717673e-29 1.78836290e-05
 2.56807435e-29 1.31303790e-05 2.31632337e-29 3.74773534e-05
 5.73457766e-31 0.00000000e+00]
- [0.00000000e+00 9.80089851e-20 2.66229560e-29 1.16655852e-07
 2.68716530e-29 8.13558056e-08 2.57569310e-29 4.35294640e-07
 2.37171682e-30 0.00000000e+00]
- [0.00000000e+00 2.03028245e-30 3.86413055e-30 8.43851105e-30
 4.06786750e-30 6.41562386e-30 4.23231142e-30 5.09858633e-30
 2.38501074e-30 0.00000000e+00]
-> EL = sum_n <Lh_n|CC*> = 0.018527309332101123.
Orthogonality column 11:
-> EC = <ALhAL*|CC*|ARhAR*> = 1.2337758978693125e-12.
=> E = 0.0185273093333349.
=> deltaE_bc = 0.018527309328201742.
chi_max_b = 216, combine_hs = True.
Lh leg dimensions:
- [(1, 2, 2, 4), (4, 2, 2, 3), (3, 2, 2, 8), (8, 2, 2, 3), (3, 2, 2, 9), (9, 4, 4, 3), (3, 2, 2, 8), (8, 2, 2, 3), (3, 2, 2, 8), (8, 2, 2, 3), (3, 2, 2, 1)]
- [(1, 4, 4, 8), (8, 2, 2, 29), (29, 4, 4, 8), (8, 2, 2, 29), (29, 4, 4, 13), (13, 4, 4, 80), (80, 4, 4, 8), (8, 4, 4, 29), (29, 2, 2, 8), (8, 4, 4, 4), (4, 2, 2, 1)]
- [(1, 4, 4, 16), (16, 4, 4, 32), (32, 4, 4, 216), (216, 4, 4, 33), (33, 4, 4, 216), (216, 4, 4, 80), (80, 4, 4, 216), (216, 4, 4, 32), (32, 4, 4, 80), (80, 4, 4, 9), (9, 4, 4, 1)]
- [(1, 4, 4, 16), (16, 4, 4, 216), (216, 4, 4, 216), (216, 4, 4, 216), (216, 4, 4, 216), (216, 4, 4, 216), (216, 4, 4, 216), (216, 4, 4, 216), (216, 4, 4, 87), (87, 4, 4, 16), (16, 4, 4, 1)]
- [(1, 4, 4, 16), (16, 4, 4, 216), (216, 4, 4, 216), (216, 4, 4, 216), (216, 4, 4, 216), (216, 4, 4, 216), (216, 4, 4, 216), (216, 4, 4, 216), (216, 4, 4, 216), (216, 4, 4, 16), (16, 4, 4, 1)]
- [(1, 4, 4, 16), (16, 4, 4, 216), (216, 4, 4, 216), (216, 4, 4, 216), (216, 4, 4, 216), (216, 4, 4, 216), (216, 4, 4, 216), (216, 4, 4, 216), (216, 4, 4, 216), (216, 4, 4, 16), (16, 4, 4, 1)]
- [(1, 4, 4, 16), (16, 4, 4, 216), (216, 4, 4, 216), (216, 4, 4, 216), (216, 4, 4, 216), (216, 4, 4, 216), (216, 4, 4, 216), (216, 4, 4, 216), (216, 4, 4, 216), (216, 4, 4, 16), (16, 4, 4, 1)]
- [(1, 4, 4, 16), (16, 4, 4, 216), (216, 4, 4, 216), (216, 4, 4, 216), (216, 4, 4, 216), (216, 4, 4, 216), (216, 4, 4, 216), (216, 4, 4, 216), (216, 4, 4, 216), (216, 4, 4, 16), (16, 4, 4, 1)]
- [(1, 4, 4, 16), (16, 4, 4, 216), (216, 4, 4, 216), (216, 4, 4, 216), (216, 4, 4, 216), (216, 4, 4, 216), (216, 4, 4, 216), (216, 4, 4, 216), (216, 4, 4, 216), (216, 4, 4, 16), (16, 4, 4, 1)]
- [(1, 4, 4, 16), (16, 4, 4, 216), (216, 4, 4, 216), (216, 4, 4, 216), (216, 4, 4, 216), (216, 4, 4, 216), (216, 4, 4, 216), (216, 4, 4, 216), (216, 4, 4, 216), (216, 4, 4, 16), (16, 4, 4, 1)]
Lh truncation errors:
- [0.00000000e+00 3.03435299e-33 1.30950141e-35 2.88743013e-31
 4.43614713e-32 1.53717367e-31 8.07101064e-36 1.54144522e-31
 1.31575342e-36 4.51319665e-38]
- [1.69060712e-34 3.00110557e-32 1.06945890e-30 6.01953597e-32
 3.41942829e-30 6.61427534e-31 4.57867755e-30 2.16891853e-31
 5.51031499e-31 0.00000000e+00]
- [0.00000000e+00 2.45295549e-30 4.86282539e-24 2.56448120e-29
 8.68527755e-22 2.61179502e-29 8.62528803e-22 9.28558906e-30
 4.42851655e-31 1.34971211e-31]
- [0.00000000e+00 1.26165753e-15 2.33351390e-26 1.12257506e-09
 9.20246808e-25 2.17652967e-08 1.23662891e-24 1.14529459e-08
 4.03324285e-30 0.00000000e+00]
- [0.00000000e+00 3.48004923e-20 2.82730964e-07 5.48383912e-13
 2.32324324e-07 4.12236564e-11 8.05230858e-08 7.09941296e-13
 6.54781522e-17 0.00000000e+00]
- [0.00000000e+00 1.38933173e-15 5.38234952e-11 6.12224989e-07
 4.26559891e-10 8.29222898e-07 4.01454704e-11 7.97935394e-07
 7.26876482e-20 0.00000000e+00]
- [0.00000000e+00 4.98405342e-19 4.30826996e-06 6.50818154e-10
 2.16630690e-06 1.24750430e-09 1.11123069e-06 2.50355631e-10
 1.43354735e-13 0.00000000e+00]
- [0.00000000e+00 2.01259213e-14 3.16257827e-09 3.36158620e-06
 1.45374764e-09 2.11557120e-06 9.88810860e-10 2.91570802e-06
 6.20177430e-18 0.00000000e+00]
- [0.00000000e+00 2.29439305e-17 1.68289390e-05 2.12455135e-09
 3.42297120e-06 2.55423369e-09 3.13988935e-06 2.54365411e-09
 4.58152028e-12 0.00000000e+00]
- [0.00000000e+00 4.55554020e-16 1.18188772e-08 1.09189967e-05
 3.95482900e-09 4.93985169e-06 2.83977641e-09 8.78867023e-06
 1.57366227e-15 0.00000000e+00]
-> EL = <Lh|CC*> = 0.024346620148389054.
Orthogonality column 11:
-> EC = <ALhAL*|CC*|ARhAR*> = 1.2337758978693125e-12.
=> E = 0.02434662014962283.
=> deltaE_bcc = 0.024346620144489673. 

for chi_max_bs = [24, 54, 96, 150, 216]:
- without combining hs: 
deltaEs = [-0.74426273  0.07928161  0.01518324  0.0190382   0.01852731], 
maximal truncation errors = [0.03090769 0.00877536 0.00564405 0.00344864 0.00204727]. 
- with combining hs: 
deltaEs = [-0.23824045  0.10020203  0.03449554  0.02740555  0.02434662], 
maximal truncation errors = [3.35726881e-04 1.36444170e-04 7.47664995e-05 3.66249655e-05
 1.68289390e-05].
