Lx = 6, Ly = 6, g = 3.0, D_max = 6, chi_max_c = 36, zeroE = True. 

E = sum_n <iso_peps|h_n|iso_peps> = sum_n [1.01272145e-15 2.45193053e-13 5.46112965e-14 6.73090199e-13
 8.84047762e-13 2.54725269e-13 3.98083282e-13 3.82659182e-13
 9.90759558e-13 8.81495319e-13 1.40260026e-12] 
  = 6.168277900858797e-12. 

chi_max_b = 24, combine_hs = False.
Lh leg dimensions:
- [(1, 6, 6, 24), (24, 6, 6, 24), (24, 6, 6, 24), (24, 6, 6, 24), (24, 6, 6, 24), (24, 6, 6, 24), (24, 6, 6, 24), (24, 6, 6, 24), (24, 6, 6, 24), (24, 6, 6, 24), (24, 6, 6, 1)]
- [(1, 6, 6, 24), (24, 6, 6, 24), (24, 6, 6, 24), (24, 6, 6, 24), (24, 6, 6, 24), (24, 6, 6, 24), (24, 6, 6, 24), (24, 6, 6, 24), (24, 6, 6, 24), (24, 6, 6, 24), (24, 6, 6, 1)]
- [(1, 6, 6, 24), (24, 6, 6, 24), (24, 6, 6, 24), (24, 6, 6, 24), (24, 6, 6, 24), (24, 6, 6, 24), (24, 6, 6, 24), (24, 6, 6, 24), (24, 6, 6, 24), (24, 6, 6, 24), (24, 6, 6, 1)]
- [(1, 6, 6, 24), (24, 6, 6, 24), (24, 6, 6, 24), (24, 6, 6, 24), (24, 6, 6, 24), (24, 6, 6, 24), (24, 6, 6, 24), (24, 6, 6, 24), (24, 6, 6, 24), (24, 6, 6, 24), (24, 6, 6, 1)]
- [(1, 6, 6, 24), (24, 6, 6, 24), (24, 6, 6, 24), (24, 6, 6, 24), (24, 6, 6, 24), (24, 6, 6, 24), (24, 6, 6, 24), (24, 6, 6, 24), (24, 6, 6, 24), (24, 6, 6, 24), (24, 6, 6, 1)]
- [(1, 6, 6, 24), (24, 6, 6, 24), (24, 6, 6, 24), (24, 6, 6, 24), (24, 6, 6, 24), (24, 6, 6, 24), (24, 6, 6, 24), (24, 6, 6, 24), (24, 6, 6, 24), (24, 6, 6, 24), (24, 6, 6, 1)]
- [(1, 6, 6, 24), (24, 6, 6, 24), (24, 6, 6, 24), (24, 6, 6, 24), (24, 6, 6, 24), (24, 6, 6, 24), (24, 6, 6, 24), (24, 6, 6, 24), (24, 6, 6, 24), (24, 6, 6, 24), (24, 6, 6, 1)]
- [(1, 6, 6, 24), (24, 6, 6, 24), (24, 6, 6, 24), (24, 6, 6, 24), (24, 6, 6, 24), (24, 6, 6, 24), (24, 6, 6, 24), (24, 6, 6, 24), (24, 6, 6, 24), (24, 6, 6, 24), (24, 6, 6, 1)]
- [(1, 6, 6, 24), (24, 6, 6, 24), (24, 6, 6, 24), (24, 6, 6, 24), (24, 6, 6, 24), (24, 6, 6, 24), (24, 6, 6, 24), (24, 6, 6, 24), (24, 6, 6, 24), (24, 6, 6, 24), (24, 6, 6, 1)]
- [(1, 6, 6, 24), (24, 6, 6, 24), (24, 6, 6, 24), (24, 6, 6, 24), (24, 6, 6, 24), (24, 6, 6, 24), (24, 6, 6, 24), (24, 6, 6, 24), (24, 6, 6, 24), (24, 6, 6, 24), (24, 6, 6, 1)]
Lh truncation errors:
- [8.90450519e-32 2.78227987e-02 1.05427629e-29 1.60881134e-03
 1.07016770e-29 8.84402204e-04 8.88144783e-30 1.19065440e-02
 1.01107105e-29 2.11779179e-03]
- [1.00728508e-31 1.00436134e-02 9.63796205e-30 1.09667498e-03
 9.88980647e-30 8.63195887e-04 1.13593205e-29 3.96006900e-03
 1.17892391e-29 4.75013376e-04]
- [1.06457689e-31 7.19535014e-03 1.22613656e-29 1.27828887e-03
 1.04949436e-29 1.26933124e-03 1.33392744e-29 3.36361205e-03
 1.09774873e-29 3.63781528e-04]
- [1.03947753e-31 6.20579248e-03 1.19620490e-29 1.58660843e-03
 1.13476857e-29 1.25383306e-03 1.08087931e-29 2.97071453e-03
 1.00453403e-29 4.74576205e-04]
- [1.08020476e-31 5.94272364e-03 1.11893403e-29 1.12574066e-03
 1.28958838e-29 8.68317653e-04 9.99415521e-30 3.96525151e-03
 1.32045980e-29 9.02896928e-04]
- [1.00781997e-31 7.11509590e-03 1.03309530e-29 1.03143742e-03
 1.25355002e-29 8.24175945e-04 9.50714639e-30 3.50044993e-03
 1.40812953e-29 7.04894863e-04]
- [3.76748775e-31 7.43098620e-03 1.20894087e-29 2.03890468e-03
 9.37407461e-30 1.20349707e-03 1.00000881e-29 3.98256719e-03
 1.14356848e-29 7.24618134e-04]
- [1.03806678e-31 7.04816579e-03 1.27830883e-29 2.60339573e-03
 9.70977036e-30 2.02951600e-03 1.83826332e-29 5.22836668e-03
 1.25441446e-29 1.48219326e-03]
- [3.75304369e-31 9.66495199e-03 9.47532920e-30 3.76681808e-03
 1.51378442e-29 3.41369415e-03 1.23523097e-29 5.05387770e-03
 1.15301917e-29 1.38184487e-03]
- [1.16853553e-05 6.22749682e-03 4.61846181e-05 2.46786856e-03
 1.06509333e-04 2.53977804e-03 9.45074382e-05 3.28595698e-03
 1.94846875e-04 7.24752169e-04]
-> EL = sum_n <Lh_n|CC*> = 3.4878890425993654.
Orthogonality column 11:
-> EC = <ALhAL*|CC*|ARhAR*> = 1.4026002581601915e-12.
=> E = 3.487889042600768.
=> deltaE_bc = 3.4878890425945994.
chi_max_b = 24, combine_hs = True.
Lh leg dimensions:
- [(1, 2, 2, 4), (4, 2, 2, 3), (3, 2, 2, 8), (8, 2, 2, 3), (3, 2, 2, 9), (9, 4, 4, 3), (3, 2, 2, 8), (8, 2, 2, 3), (3, 2, 2, 8), (8, 2, 2, 3), (3, 2, 2, 1)]
- [(1, 4, 4, 8), (8, 2, 2, 24), (24, 4, 4, 8), (8, 2, 2, 24), (24, 4, 4, 14), (14, 4, 4, 24), (24, 4, 4, 8), (8, 4, 4, 24), (24, 2, 2, 8), (8, 4, 4, 4), (4, 2, 2, 1)]
- [(1, 4, 4, 16), (16, 4, 4, 24), (24, 4, 4, 24), (24, 4, 4, 24), (24, 5, 5, 24), (24, 6, 6, 24), (24, 6, 6, 24), (24, 5, 5, 24), (24, 4, 4, 24), (24, 4, 4, 9), (9, 4, 4, 1)]
- [(1, 6, 6, 24), (24, 5, 5, 24), (24, 6, 6, 24), (24, 6, 6, 24), (24, 6, 6, 24), (24, 6, 6, 24), (24, 6, 6, 24), (24, 6, 6, 24), (24, 6, 6, 24), (24, 6, 6, 24), (24, 5, 5, 1)]
- [(1, 6, 6, 24), (24, 6, 6, 24), (24, 6, 6, 24), (24, 6, 6, 24), (24, 6, 6, 24), (24, 6, 6, 24), (24, 6, 6, 24), (24, 6, 6, 24), (24, 6, 6, 24), (24, 6, 6, 24), (24, 6, 6, 1)]
- [(1, 6, 6, 24), (24, 6, 6, 24), (24, 6, 6, 24), (24, 6, 6, 24), (24, 6, 6, 24), (24, 6, 6, 24), (24, 6, 6, 24), (24, 6, 6, 24), (24, 6, 6, 24), (24, 6, 6, 24), (24, 6, 6, 1)]
- [(1, 6, 6, 24), (24, 6, 6, 24), (24, 6, 6, 24), (24, 6, 6, 24), (24, 6, 6, 24), (24, 6, 6, 24), (24, 6, 6, 24), (24, 6, 6, 24), (24, 6, 6, 24), (24, 6, 6, 24), (24, 6, 6, 1)]
- [(1, 6, 6, 24), (24, 6, 6, 24), (24, 6, 6, 24), (24, 6, 6, 24), (24, 6, 6, 24), (24, 6, 6, 24), (24, 6, 6, 24), (24, 6, 6, 24), (24, 6, 6, 24), (24, 6, 6, 24), (24, 6, 6, 1)]
- [(1, 6, 6, 24), (24, 6, 6, 24), (24, 6, 6, 24), (24, 6, 6, 24), (24, 6, 6, 24), (24, 6, 6, 24), (24, 6, 6, 24), (24, 6, 6, 24), (24, 6, 6, 24), (24, 6, 6, 24), (24, 6, 6, 1)]
- [(1, 6, 6, 24), (24, 6, 6, 24), (24, 6, 6, 24), (24, 6, 6, 24), (24, 6, 6, 24), (24, 6, 6, 24), (24, 6, 6, 24), (24, 6, 6, 24), (24, 6, 6, 24), (24, 6, 6, 24), (24, 6, 6, 1)]
Lh truncation errors:
- [0.00000000e+00 3.38365247e-34 1.97777066e-35 2.88642896e-31
 1.26232194e-31 1.61466395e-31 2.89930961e-35 1.54961194e-31
 2.55682455e-36 2.69158891e-37]
- [4.22990122e-34 3.04117372e-13 8.69731826e-31 5.02393794e-19
 3.04143938e-30 5.36829697e-07 4.56449150e-30 8.89221337e-19
 5.53573812e-31 0.00000000e+00]
- [0.00000000e+00 7.16457753e-12 1.33602713e-05 3.97694374e-17
 2.73910972e-04 3.98384626e-07 3.15576435e-04 2.88011056e-15
 4.94123664e-06 9.01897495e-33]
- [1.46911726e-06 1.37174935e-03 8.57399397e-07 7.94951661e-04
 1.55048670e-05 6.65928602e-04 3.31506887e-06 7.08106836e-04
 5.52002832e-07 3.87771684e-06]
- [2.46750247e-04 3.18180398e-05 6.10200123e-04 4.75397200e-06
 3.70973790e-04 1.64442886e-05 3.95994577e-04 5.84811936e-06
 6.45910319e-04 1.88368436e-07]
- [1.32323589e-06 7.18311658e-04 7.47635966e-06 3.74378764e-04
 1.10524830e-05 2.24232820e-04 5.51946692e-06 5.73303318e-04
 1.94934689e-05 1.27219375e-04]
- [9.51731916e-05 2.16194328e-05 6.01945415e-04 7.05931228e-06
 1.68755804e-04 6.55620888e-06 2.85634914e-04 6.13949047e-06
 5.60565002e-04 2.69677615e-07]
- [6.32656387e-07 6.31141090e-04 6.15580378e-06 2.04677500e-04
 4.45906651e-06 1.46939038e-04 4.64854305e-06 4.66278134e-04
 2.03053606e-05 9.81357378e-05]
- [6.82873182e-05 2.08493991e-05 4.50995535e-04 4.24814926e-06
 1.43405764e-04 4.56801603e-06 2.28183841e-04 4.69211230e-06
 5.28583543e-04 1.68879422e-07]
- [3.81624871e-07 5.09402608e-04 4.56895310e-06 2.17447854e-04
 5.18098337e-06 1.47661246e-04 2.41701255e-06 3.56691172e-04
 2.03709909e-05 6.63222382e-05]
-> EL = <Lh|CC*> = 27.58476787358651.
Orthogonality column 11:
-> EC = <ALhAL*|CC*|ARhAR*> = 1.4026002581601915e-12.
=> E = 27.584767873587914.
=> deltaE_bcc = 27.584767873581747. 

chi_max_b = 54, combine_hs = False.
Lh leg dimensions:
- [(1, 6, 6, 36), (36, 6, 6, 54), (54, 6, 6, 54), (54, 6, 6, 54), (54, 6, 6, 54), (54, 6, 6, 54), (54, 6, 6, 54), (54, 6, 6, 54), (54, 6, 6, 54), (54, 6, 6, 36), (36, 6, 6, 1)]
- [(1, 6, 6, 36), (36, 6, 6, 54), (54, 6, 6, 54), (54, 6, 6, 54), (54, 6, 6, 54), (54, 6, 6, 54), (54, 6, 6, 54), (54, 6, 6, 54), (54, 6, 6, 54), (54, 6, 6, 36), (36, 6, 6, 1)]
- [(1, 6, 6, 36), (36, 6, 6, 54), (54, 6, 6, 54), (54, 6, 6, 54), (54, 6, 6, 54), (54, 6, 6, 54), (54, 6, 6, 54), (54, 6, 6, 54), (54, 6, 6, 54), (54, 6, 6, 36), (36, 6, 6, 1)]
- [(1, 6, 6, 36), (36, 6, 6, 54), (54, 6, 6, 54), (54, 6, 6, 54), (54, 6, 6, 54), (54, 6, 6, 54), (54, 6, 6, 54), (54, 6, 6, 54), (54, 6, 6, 54), (54, 6, 6, 36), (36, 6, 6, 1)]
- [(1, 6, 6, 36), (36, 6, 6, 54), (54, 6, 6, 54), (54, 6, 6, 54), (54, 6, 6, 54), (54, 6, 6, 54), (54, 6, 6, 54), (54, 6, 6, 54), (54, 6, 6, 54), (54, 6, 6, 36), (36, 6, 6, 1)]
- [(1, 6, 6, 36), (36, 6, 6, 54), (54, 6, 6, 54), (54, 6, 6, 54), (54, 6, 6, 54), (54, 6, 6, 54), (54, 6, 6, 54), (54, 6, 6, 54), (54, 6, 6, 54), (54, 6, 6, 36), (36, 6, 6, 1)]
- [(1, 6, 6, 36), (36, 6, 6, 54), (54, 6, 6, 54), (54, 6, 6, 54), (54, 6, 6, 54), (54, 6, 6, 54), (54, 6, 6, 54), (54, 6, 6, 54), (54, 6, 6, 54), (54, 6, 6, 36), (36, 6, 6, 1)]
- [(1, 6, 6, 36), (36, 6, 6, 54), (54, 6, 6, 54), (54, 6, 6, 54), (54, 6, 6, 54), (54, 6, 6, 54), (54, 6, 6, 54), (54, 6, 6, 54), (54, 6, 6, 54), (54, 6, 6, 36), (36, 6, 6, 1)]
- [(1, 6, 6, 36), (36, 6, 6, 54), (54, 6, 6, 54), (54, 6, 6, 54), (54, 6, 6, 54), (54, 6, 6, 54), (54, 6, 6, 54), (54, 6, 6, 54), (54, 6, 6, 54), (54, 6, 6, 36), (36, 6, 6, 1)]
- [(1, 6, 6, 36), (36, 6, 6, 54), (54, 6, 6, 54), (54, 6, 6, 54), (54, 6, 6, 54), (54, 6, 6, 54), (54, 6, 6, 54), (54, 6, 6, 54), (54, 6, 6, 54), (54, 6, 6, 36), (36, 6, 6, 1)]
Lh truncation errors:
- [0.00000000e+00 1.68879527e-02 1.80515503e-29 7.99583336e-04
 1.78165362e-29 5.84786752e-04 1.68477188e-29 8.17708074e-03
 1.43085669e-29 0.00000000e+00]
- [0.00000000e+00 1.37485436e-02 1.65909834e-29 1.41235566e-03
 1.71057251e-29 1.35179838e-03 1.73251653e-29 6.77673810e-03
 1.51840859e-29 0.00000000e+00]
- [0.00000000e+00 9.69223513e-03 1.73447161e-29 1.61177186e-03
 1.78402534e-29 1.55229177e-03 1.87316586e-29 4.90155103e-03
 1.64395519e-29 0.00000000e+00]
- [0.00000000e+00 7.26674054e-03 1.82622749e-29 1.92329215e-03
 1.81443428e-29 1.06867020e-03 1.67187142e-29 4.50902604e-03
 1.52718057e-29 0.00000000e+00]
- [0.00000000e+00 6.38817084e-03 1.98260159e-29 1.26483824e-03
 1.90414935e-29 8.51524070e-04 1.85921414e-29 3.61058661e-03
 1.42142290e-29 0.00000000e+00]
- [0.00000000e+00 7.25999539e-03 1.68109998e-29 1.04953509e-03
 1.75199691e-29 1.13217493e-03 1.67740969e-29 4.15527923e-03
 1.38972511e-29 0.00000000e+00]
- [0.00000000e+00 7.64241257e-03 1.80590689e-29 1.91449833e-03
 1.74513815e-29 1.24319956e-03 1.86049264e-29 4.10150376e-03
 1.53162444e-29 0.00000000e+00]
- [0.00000000e+00 4.89636997e-03 1.82629605e-29 1.80064492e-03
 1.69171076e-29 1.78399275e-03 1.82927234e-29 3.70204924e-03
 1.35535354e-29 0.00000000e+00]
- [0.00000000e+00 3.64116828e-03 1.83633899e-29 1.80395738e-03
 1.81268002e-29 1.44237099e-03 1.85363324e-29 2.96276391e-03
 1.55306630e-29 0.00000000e+00]
- [0.00000000e+00 7.70885451e-04 1.05996543e-06 3.93021090e-04
 2.47202449e-06 2.86157915e-04 1.83182818e-06 4.97510507e-04
 2.32394033e-06 0.00000000e+00]
-> EL = sum_n <Lh_n|CC*> = -1.4454315013321506.
Orthogonality column 11:
-> EC = <ALhAL*|CC*|ARhAR*> = 1.4026002581601915e-12.
=> E = -1.445431501330748.
=> deltaE_bc = -1.4454315013369161.
chi_max_b = 54, combine_hs = True.
Lh leg dimensions:
- [(1, 2, 2, 4), (4, 2, 2, 3), (3, 2, 2, 8), (8, 2, 2, 3), (3, 2, 2, 9), (9, 4, 4, 3), (3, 2, 2, 8), (8, 2, 2, 3), (3, 2, 2, 8), (8, 2, 2, 3), (3, 2, 2, 1)]
- [(1, 4, 4, 8), (8, 2, 2, 29), (29, 4, 4, 8), (8, 2, 2, 29), (29, 4, 4, 13), (13, 4, 4, 54), (54, 4, 4, 8), (8, 4, 4, 29), (29, 2, 2, 8), (8, 4, 4, 4), (4, 2, 2, 1)]
- [(1, 4, 4, 16), (16, 4, 4, 34), (34, 4, 4, 54), (54, 4, 4, 34), (34, 5, 5, 54), (54, 6, 6, 54), (54, 6, 6, 54), (54, 5, 5, 34), (34, 4, 4, 54), (54, 4, 4, 9), (9, 4, 4, 1)]
- [(1, 6, 6, 29), (29, 5, 5, 54), (54, 6, 6, 54), (54, 6, 6, 54), (54, 6, 6, 54), (54, 6, 6, 54), (54, 6, 6, 54), (54, 6, 6, 54), (54, 6, 6, 54), (54, 6, 6, 25), (25, 5, 5, 1)]
- [(1, 6, 6, 36), (36, 6, 6, 54), (54, 6, 6, 54), (54, 6, 6, 54), (54, 6, 6, 54), (54, 6, 6, 54), (54, 6, 6, 54), (54, 6, 6, 54), (54, 6, 6, 54), (54, 6, 6, 35), (35, 6, 6, 1)]
- [(1, 6, 6, 36), (36, 6, 6, 54), (54, 6, 6, 54), (54, 6, 6, 54), (54, 6, 6, 54), (54, 6, 6, 54), (54, 6, 6, 54), (54, 6, 6, 54), (54, 6, 6, 54), (54, 6, 6, 36), (36, 6, 6, 1)]
- [(1, 6, 6, 36), (36, 6, 6, 54), (54, 6, 6, 54), (54, 6, 6, 54), (54, 6, 6, 54), (54, 6, 6, 54), (54, 6, 6, 54), (54, 6, 6, 54), (54, 6, 6, 54), (54, 6, 6, 36), (36, 6, 6, 1)]
- [(1, 6, 6, 36), (36, 6, 6, 54), (54, 6, 6, 54), (54, 6, 6, 54), (54, 6, 6, 54), (54, 6, 6, 54), (54, 6, 6, 54), (54, 6, 6, 54), (54, 6, 6, 54), (54, 6, 6, 36), (36, 6, 6, 1)]
- [(1, 6, 6, 36), (36, 6, 6, 54), (54, 6, 6, 54), (54, 6, 6, 54), (54, 6, 6, 54), (54, 6, 6, 54), (54, 6, 6, 54), (54, 6, 6, 54), (54, 6, 6, 54), (54, 6, 6, 36), (36, 6, 6, 1)]
- [(1, 6, 6, 36), (36, 6, 6, 54), (54, 6, 6, 54), (54, 6, 6, 54), (54, 6, 6, 54), (54, 6, 6, 54), (54, 6, 6, 54), (54, 6, 6, 54), (54, 6, 6, 54), (54, 6, 6, 36), (36, 6, 6, 1)]
Lh truncation errors:
- [0.00000000e+00 2.84344574e-33 4.61441326e-35 2.88642896e-31
 1.26914497e-31 1.61303281e-31 1.08078048e-34 1.55037054e-31
 1.76261801e-36 1.03565979e-35]
- [5.74315401e-33 1.30644339e-32 1.06732193e-30 5.98455542e-32
 4.00193015e-30 3.04705958e-16 7.04451475e-30 2.00008554e-32
 5.52468726e-31 0.00000000e+00]
- [0.00000000e+00 2.39585705e-30 7.66819441e-08 8.54201672e-30
 6.55722576e-06 1.36430614e-16 1.56468463e-05 6.54683596e-30
 5.05192398e-08 4.49161105e-31]
- [6.58828618e-32 6.25110357e-04 7.48984865e-10 2.06025974e-04
 2.65422535e-07 4.54070179e-04 2.12373976e-07 2.31271477e-04
 6.73656911e-09 0.00000000e+00]
- [0.00000000e+00 8.11175517e-06 2.93293238e-04 1.04200085e-06
 2.52658008e-04 2.77593328e-06 2.10886360e-04 1.80238870e-06
 3.70286781e-04 8.59907698e-33]
- [0.00000000e+00 6.27518182e-04 1.18413776e-06 1.61584620e-04
 1.33839828e-06 1.83623786e-04 1.16373228e-06 2.77976495e-04
 2.82823609e-06 0.00000000e+00]
- [0.00000000e+00 6.49325057e-06 3.61847178e-04 1.04597018e-06
 1.14190838e-04 1.00355299e-06 1.57904506e-04 1.04090095e-06
 4.29338717e-04 0.00000000e+00]
- [0.00000000e+00 5.82317764e-04 1.93348035e-06 1.35243500e-04
 7.37693820e-07 9.88121597e-05 6.60671186e-07 3.28845896e-04
 4.11691215e-06 0.00000000e+00]
- [0.00000000e+00 5.91562526e-06 3.46254845e-04 7.65645757e-07
 8.32824261e-05 6.39608527e-07 1.55784250e-04 1.14783897e-06
 3.82794603e-04 0.00000000e+00]
- [0.00000000e+00 5.62705546e-04 1.09782121e-06 1.72645900e-04
 8.01654902e-07 1.12686663e-04 5.95786433e-07 3.79495380e-04
 3.15187992e-06 0.00000000e+00]
-> EL = <Lh|CC*> = 0.8094218890245573.
Orthogonality column 11:
-> EC = <ALhAL*|CC*|ARhAR*> = 1.4026002581601915e-12.
=> E = 0.8094218890259599.
=> deltaE_bcc = 0.8094218890197916. 

chi_max_b = 96, combine_hs = False.
Lh leg dimensions:
- [(1, 6, 6, 36), (36, 6, 6, 96), (96, 6, 6, 96), (96, 6, 6, 96), (96, 6, 6, 96), (96, 6, 6, 96), (96, 6, 6, 96), (96, 6, 6, 96), (96, 6, 6, 96), (96, 6, 6, 36), (36, 6, 6, 1)]
- [(1, 6, 6, 36), (36, 6, 6, 96), (96, 6, 6, 96), (96, 6, 6, 96), (96, 6, 6, 96), (96, 6, 6, 96), (96, 6, 6, 96), (96, 6, 6, 96), (96, 6, 6, 96), (96, 6, 6, 36), (36, 6, 6, 1)]
- [(1, 6, 6, 36), (36, 6, 6, 96), (96, 6, 6, 96), (96, 6, 6, 96), (96, 6, 6, 96), (96, 6, 6, 96), (96, 6, 6, 96), (96, 6, 6, 96), (96, 6, 6, 96), (96, 6, 6, 36), (36, 6, 6, 1)]
- [(1, 6, 6, 36), (36, 6, 6, 96), (96, 6, 6, 96), (96, 6, 6, 96), (96, 6, 6, 96), (96, 6, 6, 96), (96, 6, 6, 96), (96, 6, 6, 96), (96, 6, 6, 96), (96, 6, 6, 36), (36, 6, 6, 1)]
- [(1, 6, 6, 36), (36, 6, 6, 96), (96, 6, 6, 96), (96, 6, 6, 96), (96, 6, 6, 96), (96, 6, 6, 96), (96, 6, 6, 96), (96, 6, 6, 96), (96, 6, 6, 96), (96, 6, 6, 36), (36, 6, 6, 1)]
- [(1, 6, 6, 36), (36, 6, 6, 96), (96, 6, 6, 96), (96, 6, 6, 96), (96, 6, 6, 96), (96, 6, 6, 96), (96, 6, 6, 96), (96, 6, 6, 96), (96, 6, 6, 96), (96, 6, 6, 36), (36, 6, 6, 1)]
- [(1, 6, 6, 36), (36, 6, 6, 96), (96, 6, 6, 96), (96, 6, 6, 96), (96, 6, 6, 96), (96, 6, 6, 96), (96, 6, 6, 96), (96, 6, 6, 96), (96, 6, 6, 96), (96, 6, 6, 36), (36, 6, 6, 1)]
- [(1, 6, 6, 36), (36, 6, 6, 96), (96, 6, 6, 96), (96, 6, 6, 96), (96, 6, 6, 96), (96, 6, 6, 96), (96, 6, 6, 96), (96, 6, 6, 96), (96, 6, 6, 96), (96, 6, 6, 36), (36, 6, 6, 1)]
- [(1, 6, 6, 36), (36, 6, 6, 96), (96, 6, 6, 73), (73, 6, 6, 96), (96, 6, 6, 73), (73, 6, 6, 96), (96, 6, 6, 73), (73, 6, 6, 96), (96, 6, 6, 72), (72, 6, 6, 36), (36, 6, 6, 1)]
- [(1, 6, 6, 36), (36, 6, 6, 72), (72, 6, 6, 73), (73, 6, 6, 73), (73, 6, 6, 72), (72, 6, 6, 73), (73, 6, 6, 73), (73, 6, 6, 75), (75, 6, 6, 72), (72, 6, 6, 36), (36, 6, 6, 1)]
Lh truncation errors:
- [0.00000000e+00 1.16012585e-02 2.81313528e-29 9.45979938e-04
 2.94232631e-29 5.95281354e-04 2.90211218e-29 7.62248057e-03
 1.15098041e-29 0.00000000e+00]
- [0.00000000e+00 9.46603346e-03 2.88372166e-29 1.57830936e-03
 2.89189658e-29 1.31941207e-03 2.96815996e-29 5.85452495e-03
 1.19783330e-29 0.00000000e+00]
- [0.00000000e+00 7.01409249e-03 2.91936038e-29 1.85091962e-03
 2.91480329e-29 1.44783113e-03 2.89207049e-29 4.83808436e-03
 1.22294188e-29 0.00000000e+00]
- [0.00000000e+00 4.54410394e-03 2.88496876e-29 1.80547589e-03
 3.02237643e-29 9.01747581e-04 2.92479818e-29 4.32451797e-03
 1.19742306e-29 0.00000000e+00]
- [0.00000000e+00 4.25405016e-03 2.90544068e-29 1.35748617e-03
 2.96497339e-29 8.41366614e-04 3.26413668e-29 3.54176346e-03
 1.19730324e-29 0.00000000e+00]
- [0.00000000e+00 4.64516405e-03 2.89735586e-29 1.16126095e-03
 3.00384386e-29 1.14308704e-03 3.00482234e-29 3.92747490e-03
 1.20477525e-29 0.00000000e+00]
- [0.00000000e+00 5.08052747e-03 2.99927573e-29 1.58827283e-03
 3.05522666e-29 1.25032334e-03 3.00808048e-29 3.79201437e-03
 1.20641678e-29 0.00000000e+00]
- [0.00000000e+00 2.94913244e-03 2.97474060e-29 1.27635474e-03
 2.86558243e-29 1.51293582e-03 2.98087088e-29 3.02698802e-03
 1.19160326e-29 0.00000000e+00]
- [0.00000000e+00 1.64685928e-03 2.82328334e-29 8.74538318e-04
 2.81377685e-29 8.37686179e-04 2.78983154e-29 1.65193803e-03
 1.27224578e-29 0.00000000e+00]
- [0.00000000e+00 1.02524598e-29 2.12530148e-29 2.77795547e-29
 2.21691227e-29 3.56530079e-29 2.15237188e-29 3.91943615e-29
 1.22456214e-29 0.00000000e+00]
-> EL = sum_n <Lh_n|CC*> = 0.4037978248612123.
Orthogonality column 11:
-> EC = <ALhAL*|CC*|ARhAR*> = 1.4026002581601915e-12.
=> E = 0.4037978248626149.
=> deltaE_bc = 0.4037978248564466.
chi_max_b = 96, combine_hs = True.
Lh leg dimensions:
- [(1, 2, 2, 4), (4, 2, 2, 3), (3, 2, 2, 8), (8, 2, 2, 3), (3, 2, 2, 9), (9, 4, 4, 3), (3, 2, 2, 8), (8, 2, 2, 3), (3, 2, 2, 8), (8, 2, 2, 3), (3, 2, 2, 1)]
- [(1, 4, 4, 8), (8, 2, 2, 29), (29, 4, 4, 8), (8, 2, 2, 29), (29, 4, 4, 13), (13, 4, 4, 80), (80, 4, 4, 8), (8, 4, 4, 29), (29, 2, 2, 8), (8, 4, 4, 4), (4, 2, 2, 1)]
- [(1, 4, 4, 16), (16, 4, 4, 32), (32, 4, 4, 96), (96, 4, 4, 33), (33, 5, 5, 96), (96, 6, 6, 80), (80, 6, 6, 96), (96, 5, 5, 33), (33, 4, 4, 80), (80, 4, 4, 9), (9, 4, 4, 1)]
- [(1, 6, 6, 29), (29, 5, 5, 96), (96, 6, 6, 96), (96, 6, 6, 96), (96, 6, 6, 96), (96, 6, 6, 96), (96, 6, 6, 96), (96, 6, 6, 96), (96, 6, 6, 96), (96, 6, 6, 25), (25, 5, 5, 1)]
- [(1, 6, 6, 36), (36, 6, 6, 96), (96, 6, 6, 96), (96, 6, 6, 96), (96, 6, 6, 96), (96, 6, 6, 96), (96, 6, 6, 96), (96, 6, 6, 96), (96, 6, 6, 96), (96, 6, 6, 35), (35, 6, 6, 1)]
- [(1, 6, 6, 36), (36, 6, 6, 96), (96, 6, 6, 96), (96, 6, 6, 96), (96, 6, 6, 96), (96, 6, 6, 96), (96, 6, 6, 96), (96, 6, 6, 96), (96, 6, 6, 96), (96, 6, 6, 36), (36, 6, 6, 1)]
- [(1, 6, 6, 36), (36, 6, 6, 96), (96, 6, 6, 96), (96, 6, 6, 96), (96, 6, 6, 96), (96, 6, 6, 96), (96, 6, 6, 96), (96, 6, 6, 96), (96, 6, 6, 96), (96, 6, 6, 36), (36, 6, 6, 1)]
- [(1, 6, 6, 36), (36, 6, 6, 96), (96, 6, 6, 96), (96, 6, 6, 96), (96, 6, 6, 96), (96, 6, 6, 96), (96, 6, 6, 96), (96, 6, 6, 96), (96, 6, 6, 96), (96, 6, 6, 36), (36, 6, 6, 1)]
- [(1, 6, 6, 36), (36, 6, 6, 96), (96, 6, 6, 96), (96, 6, 6, 96), (96, 6, 6, 96), (96, 6, 6, 96), (96, 6, 6, 96), (96, 6, 6, 96), (96, 6, 6, 96), (96, 6, 6, 36), (36, 6, 6, 1)]
- [(1, 6, 6, 36), (36, 6, 6, 96), (96, 6, 6, 96), (96, 6, 6, 96), (96, 6, 6, 96), (96, 6, 6, 96), (96, 6, 6, 96), (96, 6, 6, 96), (96, 6, 6, 96), (96, 6, 6, 36), (36, 6, 6, 1)]
Lh truncation errors:
- [0.00000000e+00 3.01586110e-33 5.98582341e-35 2.88642896e-31
 1.27372283e-31 1.56530252e-31 2.99416140e-35 1.76926556e-31
 3.66782749e-36 1.58184391e-35]
- [7.47202758e-34 1.30516501e-32 1.06940726e-30 5.98613753e-32
 3.38570107e-30 4.66897688e-31 4.70535168e-30 1.99988047e-32
 5.58609082e-31 0.00000000e+00]
- [0.00000000e+00 2.25956130e-30 3.14330974e-11 1.52400119e-29
 6.24888315e-08 2.90677842e-29 2.63965386e-07 9.58381998e-30
 4.55011216e-31 2.86109924e-32]
- [2.59951977e-31 2.54404771e-04 1.96870600e-13 3.72497139e-05
 1.47475299e-09 2.34743703e-04 3.25963608e-09 4.71034020e-05
 8.80848477e-30 0.00000000e+00]
- [0.00000000e+00 1.81389750e-06 1.83733725e-04 1.42742285e-08
 1.82957925e-04 1.05400100e-07 1.39157909e-04 7.89096240e-08
 2.07651346e-04 8.59513360e-33]
- [0.00000000e+00 4.12696086e-04 9.56401544e-08 9.60687248e-05
 1.50162948e-07 1.44990660e-04 5.66652692e-08 1.95361484e-04
 4.13834891e-07 0.00000000e+00]
- [0.00000000e+00 1.39709328e-06 2.71355911e-04 4.25888452e-08
 9.04679495e-05 1.16439151e-07 1.19151312e-04 1.10278373e-07
 2.54802808e-04 0.00000000e+00]
- [0.00000000e+00 3.92452538e-04 1.51150844e-07 1.09098933e-04
 7.48299345e-08 7.64510194e-05 4.80179464e-08 2.36507925e-04
 5.75552768e-07 0.00000000e+00]
- [0.00000000e+00 1.43693804e-06 2.63816700e-04 5.89451937e-08
 6.74010937e-05 6.68396041e-08 1.22277938e-04 1.12641819e-07
 2.21387512e-04 0.00000000e+00]
- [0.00000000e+00 3.45234539e-04 1.56543648e-07 1.21944271e-04
 7.64751578e-08 8.96197065e-05 5.08801418e-08 3.04199854e-04
 4.71317379e-07 0.00000000e+00]
-> EL = <Lh|CC*> = 1.1630166220116374.
Orthogonality column 11:
-> EC = <ALhAL*|CC*|ARhAR*> = 1.4026002581601915e-12.
=> E = 1.16301662201304.
=> deltaE_bcc = 1.1630166220068718. 

chi_max_b = 150, combine_hs = False.
Lh leg dimensions:
- [(1, 6, 6, 36), (36, 6, 6, 150), (150, 6, 6, 150), (150, 6, 6, 150), (150, 6, 6, 150), (150, 6, 6, 150), (150, 6, 6, 150), (150, 6, 6, 150), (150, 6, 6, 150), (150, 6, 6, 36), (36, 6, 6, 1)]
- [(1, 6, 6, 36), (36, 6, 6, 150), (150, 6, 6, 150), (150, 6, 6, 150), (150, 6, 6, 150), (150, 6, 6, 150), (150, 6, 6, 150), (150, 6, 6, 150), (150, 6, 6, 150), (150, 6, 6, 36), (36, 6, 6, 1)]
- [(1, 6, 6, 36), (36, 6, 6, 150), (150, 6, 6, 150), (150, 6, 6, 150), (150, 6, 6, 150), (150, 6, 6, 150), (150, 6, 6, 150), (150, 6, 6, 150), (150, 6, 6, 150), (150, 6, 6, 36), (36, 6, 6, 1)]
- [(1, 6, 6, 36), (36, 6, 6, 150), (150, 6, 6, 150), (150, 6, 6, 150), (150, 6, 6, 150), (150, 6, 6, 150), (150, 6, 6, 150), (150, 6, 6, 150), (150, 6, 6, 150), (150, 6, 6, 36), (36, 6, 6, 1)]
- [(1, 6, 6, 36), (36, 6, 6, 150), (150, 6, 6, 150), (150, 6, 6, 150), (150, 6, 6, 150), (150, 6, 6, 150), (150, 6, 6, 150), (150, 6, 6, 150), (150, 6, 6, 150), (150, 6, 6, 36), (36, 6, 6, 1)]
- [(1, 6, 6, 36), (36, 6, 6, 150), (150, 6, 6, 150), (150, 6, 6, 150), (150, 6, 6, 150), (150, 6, 6, 150), (150, 6, 6, 150), (150, 6, 6, 150), (150, 6, 6, 150), (150, 6, 6, 36), (36, 6, 6, 1)]
- [(1, 6, 6, 36), (36, 6, 6, 150), (150, 6, 6, 150), (150, 6, 6, 150), (150, 6, 6, 150), (150, 6, 6, 150), (150, 6, 6, 150), (150, 6, 6, 150), (150, 6, 6, 150), (150, 6, 6, 36), (36, 6, 6, 1)]
- [(1, 6, 6, 36), (36, 6, 6, 150), (150, 6, 6, 150), (150, 6, 6, 150), (150, 6, 6, 150), (150, 6, 6, 150), (150, 6, 6, 150), (150, 6, 6, 150), (150, 6, 6, 150), (150, 6, 6, 36), (36, 6, 6, 1)]
- [(1, 6, 6, 36), (36, 6, 6, 150), (150, 6, 6, 73), (73, 6, 6, 150), (150, 6, 6, 73), (73, 6, 6, 150), (150, 6, 6, 73), (73, 6, 6, 150), (150, 6, 6, 72), (72, 6, 6, 36), (36, 6, 6, 1)]
- [(1, 6, 6, 36), (36, 6, 6, 72), (72, 6, 6, 74), (74, 6, 6, 72), (72, 6, 6, 72), (72, 6, 6, 73), (73, 6, 6, 72), (72, 6, 6, 75), (75, 6, 6, 72), (72, 6, 6, 36), (36, 6, 6, 1)]
Lh truncation errors:
- [0.00000000e+00 7.58802575e-03 4.34531126e-29 9.89652934e-04
 4.44204895e-29 5.29025083e-04 4.64465900e-29 6.84961528e-03
 1.09797871e-29 0.00000000e+00]
- [0.00000000e+00 6.63667848e-03 4.46844039e-29 1.45993501e-03
 4.41345034e-29 1.01450227e-03 4.49355356e-29 5.14441586e-03
 1.27548555e-29 0.00000000e+00]
- [0.00000000e+00 5.03959607e-03 4.42485356e-29 1.64016733e-03
 4.47769744e-29 1.06814439e-03 4.67850338e-29 4.36403622e-03
 1.20387102e-29 0.00000000e+00]
- [0.00000000e+00 3.08680638e-03 4.44319879e-29 1.50920124e-03
 4.65677304e-29 7.35998308e-04 4.71978247e-29 3.97857812e-03
 1.14674151e-29 0.00000000e+00]
- [0.00000000e+00 2.83581913e-03 4.49429665e-29 1.19451117e-03
 4.61766843e-29 6.76148146e-04 4.51046174e-29 3.29733210e-03
 1.17941463e-29 0.00000000e+00]
- [0.00000000e+00 2.86734658e-03 4.50250938e-29 1.02041454e-03
 4.61620095e-29 8.71867693e-04 4.52621308e-29 3.57560532e-03
 1.18022546e-29 0.00000000e+00]
- [0.00000000e+00 3.07212367e-03 4.45069152e-29 1.24149112e-03
 4.65792051e-29 9.30813774e-04 4.51735354e-29 3.14408197e-03
 1.17657615e-29 0.00000000e+00]
- [0.00000000e+00 1.77009842e-03 4.46452336e-29 9.36304323e-04
 4.55933869e-29 1.04007461e-03 4.48240071e-29 2.42179694e-03
 1.15532835e-29 0.00000000e+00]
- [0.00000000e+00 9.03582211e-04 4.39602508e-29 5.48692442e-04
 4.42942157e-29 4.98497948e-04 4.40433627e-29 1.09505768e-03
 1.21444960e-29 0.00000000e+00]
- [0.00000000e+00 1.02456312e-29 2.05858747e-29 3.24915508e-29
 2.15753832e-29 3.56041219e-29 2.21732306e-29 3.50051784e-29
 1.22378159e-29 0.00000000e+00]
-> EL = sum_n <Lh_n|CC*> = 0.36881307830466353.
Orthogonality column 11:
-> EC = <ALhAL*|CC*|ARhAR*> = 1.4026002581601915e-12.
=> E = 0.36881307830606613.
=> deltaE_bc = 0.36881307829989785.
chi_max_b = 150, combine_hs = True.
Lh leg dimensions:
- [(1, 2, 2, 4), (4, 2, 2, 3), (3, 2, 2, 8), (8, 2, 2, 3), (3, 2, 2, 9), (9, 4, 4, 3), (3, 2, 2, 8), (8, 2, 2, 3), (3, 2, 2, 8), (8, 2, 2, 3), (3, 2, 2, 1)]
- [(1, 4, 4, 8), (8, 2, 2, 29), (29, 4, 4, 8), (8, 2, 2, 29), (29, 4, 4, 13), (13, 4, 4, 80), (80, 4, 4, 8), (8, 4, 4, 29), (29, 2, 2, 8), (8, 4, 4, 4), (4, 2, 2, 1)]
- [(1, 4, 4, 16), (16, 4, 4, 32), (32, 4, 4, 150), (150, 4, 4, 32), (32, 5, 5, 150), (150, 6, 6, 81), (81, 6, 6, 150), (150, 5, 5, 32), (32, 4, 4, 80), (80, 4, 4, 9), (9, 4, 4, 1)]
- [(1, 6, 6, 29), (29, 5, 5, 150), (150, 6, 6, 150), (150, 6, 6, 150), (150, 6, 6, 150), (150, 6, 6, 150), (150, 6, 6, 150), (150, 6, 6, 150), (150, 6, 6, 96), (96, 6, 6, 25), (25, 5, 5, 1)]
- [(1, 6, 6, 36), (36, 6, 6, 150), (150, 6, 6, 150), (150, 6, 6, 150), (150, 6, 6, 150), (150, 6, 6, 150), (150, 6, 6, 150), (150, 6, 6, 150), (150, 6, 6, 150), (150, 6, 6, 35), (35, 6, 6, 1)]
- [(1, 6, 6, 36), (36, 6, 6, 150), (150, 6, 6, 150), (150, 6, 6, 150), (150, 6, 6, 150), (150, 6, 6, 150), (150, 6, 6, 150), (150, 6, 6, 150), (150, 6, 6, 150), (150, 6, 6, 36), (36, 6, 6, 1)]
- [(1, 6, 6, 36), (36, 6, 6, 150), (150, 6, 6, 150), (150, 6, 6, 150), (150, 6, 6, 150), (150, 6, 6, 150), (150, 6, 6, 150), (150, 6, 6, 150), (150, 6, 6, 150), (150, 6, 6, 36), (36, 6, 6, 1)]
- [(1, 6, 6, 36), (36, 6, 6, 150), (150, 6, 6, 150), (150, 6, 6, 150), (150, 6, 6, 150), (150, 6, 6, 150), (150, 6, 6, 150), (150, 6, 6, 150), (150, 6, 6, 150), (150, 6, 6, 36), (36, 6, 6, 1)]
- [(1, 6, 6, 36), (36, 6, 6, 150), (150, 6, 6, 150), (150, 6, 6, 150), (150, 6, 6, 150), (150, 6, 6, 150), (150, 6, 6, 150), (150, 6, 6, 150), (150, 6, 6, 150), (150, 6, 6, 36), (36, 6, 6, 1)]
- [(1, 6, 6, 36), (36, 6, 6, 150), (150, 6, 6, 150), (150, 6, 6, 150), (150, 6, 6, 150), (150, 6, 6, 150), (150, 6, 6, 150), (150, 6, 6, 150), (150, 6, 6, 150), (150, 6, 6, 36), (36, 6, 6, 1)]
Lh truncation errors:
- [0.00000000e+00 4.24312371e-34 1.37806840e-35 2.88642896e-31
 1.21887886e-31 1.58124990e-31 1.64226017e-35 1.52817638e-31
 6.45841584e-36 6.17701520e-37]
- [7.16473363e-33 1.30530135e-32 1.06759948e-30 5.98455975e-32
 3.36665774e-30 6.63300710e-31 4.63750498e-30 1.99995225e-32
 5.52096751e-31 0.00000000e+00]
- [0.00000000e+00 2.41687955e-30 1.71885248e-17 2.48675435e-29
 8.99154486e-11 4.37983185e-29 5.10523826e-10 9.31678029e-30
 4.54985514e-31 1.92922549e-31]
- [2.44138741e-31 9.73731317e-05 7.88129778e-20 1.60359738e-05
 2.77044602e-13 1.32880612e-04 4.83472142e-13 1.30524504e-05
 8.24648367e-30 0.00000000e+00]
- [0.00000000e+00 7.03786922e-07 1.29052552e-04 5.89653252e-09
 1.14384729e-04 5.93315619e-08 1.05129421e-04 8.66668474e-09
 1.09438625e-04 4.68505037e-33]
- [0.00000000e+00 2.69808358e-04 5.42619656e-08 7.19759991e-05
 7.10438160e-08 1.03300183e-04 3.26041034e-08 1.56488105e-04
 1.38610574e-07 0.00000000e+00]
- [0.00000000e+00 8.54730652e-07 2.27657990e-04 2.24483743e-08
 5.96178314e-05 5.96092657e-08 9.29680291e-05 7.73567091e-08
 1.61211072e-04 0.00000000e+00]
- [0.00000000e+00 2.63950981e-04 1.12490105e-07 8.24900152e-05
 3.47795071e-08 5.40770228e-05 2.98442327e-08 1.99479962e-04
 3.55905629e-07 0.00000000e+00]
- [0.00000000e+00 8.62863397e-07 2.34409868e-04 2.80996153e-08
 4.79456774e-05 3.22878144e-08 9.56821812e-05 9.28922534e-08
 1.42032807e-04 0.00000000e+00]
- [0.00000000e+00 2.16985171e-04 1.24476231e-07 9.34497833e-05
 3.00785151e-08 6.33273278e-05 3.15262858e-08 2.51835356e-04
 3.32229149e-07 0.00000000e+00]
-> EL = <Lh|CC*> = 0.6761577713848946.
Orthogonality column 11:
-> EC = <ALhAL*|CC*|ARhAR*> = 1.4026002581601915e-12.
=> E = 0.6761577713862972.
=> deltaE_bcc = 0.6761577713801289. 

chi_max_b = 216, combine_hs = False.
Lh leg dimensions:
- [(1, 6, 6, 36), (36, 6, 6, 216), (216, 6, 6, 216), (216, 6, 6, 216), (216, 6, 6, 216), (216, 6, 6, 216), (216, 6, 6, 216), (216, 6, 6, 216), (216, 6, 6, 216), (216, 6, 6, 36), (36, 6, 6, 1)]
- [(1, 6, 6, 36), (36, 6, 6, 216), (216, 6, 6, 216), (216, 6, 6, 216), (216, 6, 6, 216), (216, 6, 6, 216), (216, 6, 6, 216), (216, 6, 6, 216), (216, 6, 6, 216), (216, 6, 6, 36), (36, 6, 6, 1)]
- [(1, 6, 6, 36), (36, 6, 6, 216), (216, 6, 6, 216), (216, 6, 6, 216), (216, 6, 6, 216), (216, 6, 6, 216), (216, 6, 6, 216), (216, 6, 6, 216), (216, 6, 6, 216), (216, 6, 6, 36), (36, 6, 6, 1)]
- [(1, 6, 6, 36), (36, 6, 6, 216), (216, 6, 6, 216), (216, 6, 6, 216), (216, 6, 6, 216), (216, 6, 6, 216), (216, 6, 6, 216), (216, 6, 6, 216), (216, 6, 6, 216), (216, 6, 6, 36), (36, 6, 6, 1)]
- [(1, 6, 6, 36), (36, 6, 6, 216), (216, 6, 6, 216), (216, 6, 6, 216), (216, 6, 6, 216), (216, 6, 6, 216), (216, 6, 6, 216), (216, 6, 6, 216), (216, 6, 6, 216), (216, 6, 6, 36), (36, 6, 6, 1)]
- [(1, 6, 6, 36), (36, 6, 6, 216), (216, 6, 6, 216), (216, 6, 6, 216), (216, 6, 6, 216), (216, 6, 6, 216), (216, 6, 6, 216), (216, 6, 6, 216), (216, 6, 6, 216), (216, 6, 6, 36), (36, 6, 6, 1)]
- [(1, 6, 6, 36), (36, 6, 6, 216), (216, 6, 6, 216), (216, 6, 6, 216), (216, 6, 6, 216), (216, 6, 6, 216), (216, 6, 6, 216), (216, 6, 6, 216), (216, 6, 6, 216), (216, 6, 6, 36), (36, 6, 6, 1)]
- [(1, 6, 6, 36), (36, 6, 6, 216), (216, 6, 6, 216), (216, 6, 6, 216), (216, 6, 6, 216), (216, 6, 6, 216), (216, 6, 6, 216), (216, 6, 6, 216), (216, 6, 6, 216), (216, 6, 6, 36), (36, 6, 6, 1)]
- [(1, 6, 6, 36), (36, 6, 6, 216), (216, 6, 6, 73), (73, 6, 6, 216), (216, 6, 6, 73), (73, 6, 6, 216), (216, 6, 6, 73), (73, 6, 6, 216), (216, 6, 6, 73), (73, 6, 6, 36), (36, 6, 6, 1)]
- [(1, 6, 6, 36), (36, 6, 6, 72), (72, 6, 6, 73), (73, 6, 6, 73), (73, 6, 6, 73), (73, 6, 6, 73), (73, 6, 6, 73), (73, 6, 6, 75), (75, 6, 6, 72), (72, 6, 6, 36), (36, 6, 6, 1)]
Lh truncation errors:
- [0.00000000e+00 4.52907183e-03 6.30036862e-29 9.88840133e-04
 6.33707605e-29 4.72033263e-04 6.26112490e-29 6.07783313e-03
 1.04472457e-29 0.00000000e+00]
- [0.00000000e+00 4.34652747e-03 6.22950042e-29 1.35118621e-03
 6.30486427e-29 8.02122376e-04 6.35917171e-29 4.51615061e-03
 1.08147611e-29 0.00000000e+00]
- [0.00000000e+00 3.29068897e-03 6.46343833e-29 1.44310562e-03
 6.33791829e-29 8.01701509e-04 6.36644940e-29 3.80450817e-03
 1.07157192e-29 0.00000000e+00]
- [0.00000000e+00 1.97176355e-03 6.35631695e-29 1.27176352e-03
 6.30181062e-29 5.98547262e-04 6.32363541e-29 3.50507832e-03
 1.07056145e-29 0.00000000e+00]
- [0.00000000e+00 1.79227067e-03 6.36270370e-29 1.05148539e-03
 6.68601039e-29 5.44579797e-04 6.34888122e-29 2.96010600e-03
 1.07983995e-29 0.00000000e+00]
- [0.00000000e+00 1.67391994e-03 6.40038225e-29 8.83023077e-04
 6.53212299e-29 6.68681951e-04 6.56675525e-29 3.15098516e-03
 1.08651413e-29 0.00000000e+00]
- [0.00000000e+00 1.72513094e-03 6.35158415e-29 9.78498873e-04
 6.86822784e-29 7.09674248e-04 6.45067417e-29 2.55428921e-03
 1.10647072e-29 0.00000000e+00]
- [0.00000000e+00 9.84276399e-04 6.48729006e-29 6.95914123e-04
 6.36845271e-29 7.23647871e-04 6.41620246e-29 1.87887912e-03
 1.13058955e-29 0.00000000e+00]
- [0.00000000e+00 4.67422058e-04 6.34842187e-29 3.45714276e-04
 6.34238564e-29 3.05838429e-04 6.35568585e-29 7.26405830e-04
 1.21311252e-29 0.00000000e+00]
- [0.00000000e+00 1.02370807e-29 2.11694973e-29 3.15890133e-29
 2.10053092e-29 3.58091373e-29 2.13366696e-29 3.89544248e-29
 1.23332123e-29 0.00000000e+00]
-> EL = sum_n <Lh_n|CC*> = 0.2323564982848203.
Orthogonality column 11:
-> EC = <ALhAL*|CC*|ARhAR*> = 1.4026002581601915e-12.
=> E = 0.2323564982862229.
=> deltaE_bc = 0.2323564982800546.
chi_max_b = 216, combine_hs = True.
Lh leg dimensions:
- [(1, 2, 2, 4), (4, 2, 2, 3), (3, 2, 2, 8), (8, 2, 2, 3), (3, 2, 2, 9), (9, 4, 4, 3), (3, 2, 2, 8), (8, 2, 2, 3), (3, 2, 2, 8), (8, 2, 2, 3), (3, 2, 2, 1)]
- [(1, 4, 4, 8), (8, 2, 2, 29), (29, 4, 4, 8), (8, 2, 2, 29), (29, 4, 4, 13), (13, 4, 4, 80), (80, 4, 4, 8), (8, 4, 4, 29), (29, 2, 2, 8), (8, 4, 4, 4), (4, 2, 2, 1)]
- [(1, 4, 4, 16), (16, 4, 4, 32), (32, 4, 4, 216), (216, 4, 4, 32), (32, 5, 5, 216), (216, 6, 6, 80), (80, 6, 6, 216), (216, 5, 5, 32), (32, 4, 4, 80), (80, 4, 4, 9), (9, 4, 4, 1)]
- [(1, 6, 6, 29), (29, 5, 5, 216), (216, 6, 6, 216), (216, 6, 6, 216), (216, 6, 6, 216), (216, 6, 6, 216), (216, 6, 6, 216), (216, 6, 6, 216), (216, 6, 6, 97), (97, 6, 6, 25), (25, 5, 5, 1)]
- [(1, 6, 6, 36), (36, 6, 6, 216), (216, 6, 6, 216), (216, 6, 6, 216), (216, 6, 6, 216), (216, 6, 6, 216), (216, 6, 6, 216), (216, 6, 6, 216), (216, 6, 6, 216), (216, 6, 6, 35), (35, 6, 6, 1)]
- [(1, 6, 6, 36), (36, 6, 6, 216), (216, 6, 6, 216), (216, 6, 6, 216), (216, 6, 6, 216), (216, 6, 6, 216), (216, 6, 6, 216), (216, 6, 6, 216), (216, 6, 6, 216), (216, 6, 6, 36), (36, 6, 6, 1)]
- [(1, 6, 6, 36), (36, 6, 6, 216), (216, 6, 6, 216), (216, 6, 6, 216), (216, 6, 6, 216), (216, 6, 6, 216), (216, 6, 6, 216), (216, 6, 6, 216), (216, 6, 6, 216), (216, 6, 6, 36), (36, 6, 6, 1)]
- [(1, 6, 6, 36), (36, 6, 6, 216), (216, 6, 6, 216), (216, 6, 6, 216), (216, 6, 6, 216), (216, 6, 6, 216), (216, 6, 6, 216), (216, 6, 6, 216), (216, 6, 6, 216), (216, 6, 6, 36), (36, 6, 6, 1)]
- [(1, 6, 6, 36), (36, 6, 6, 216), (216, 6, 6, 216), (216, 6, 6, 216), (216, 6, 6, 216), (216, 6, 6, 216), (216, 6, 6, 216), (216, 6, 6, 216), (216, 6, 6, 216), (216, 6, 6, 36), (36, 6, 6, 1)]
- [(1, 6, 6, 36), (36, 6, 6, 216), (216, 6, 6, 216), (216, 6, 6, 216), (216, 6, 6, 216), (216, 6, 6, 216), (216, 6, 6, 216), (216, 6, 6, 216), (216, 6, 6, 216), (216, 6, 6, 36), (36, 6, 6, 1)]
Lh truncation errors:
- [0.00000000e+00 1.55382711e-32 5.62600084e-36 2.88642896e-31
 1.22293747e-31 1.56878349e-31 4.74713885e-36 1.55096588e-31
 5.72275359e-36 1.50708539e-36]
- [1.37957450e-33 1.30807923e-32 1.06966986e-30 5.98433583e-32
 3.37022281e-30 4.66974383e-31 4.69480018e-30 1.99933147e-32
 5.50681163e-31 0.00000000e+00]
- [0.00000000e+00 2.44198131e-30 2.13344105e-22 3.50782899e-29
 6.07681254e-14 6.41276883e-29 9.07889454e-13 9.31251850e-30
 4.54906621e-31 1.51022657e-31]
- [2.63003302e-31 3.05559461e-05 5.92164966e-24 7.03890619e-06
 1.27810445e-17 7.27693938e-05 2.16345212e-16 5.80694085e-06
 8.18249077e-30 0.00000000e+00]
- [0.00000000e+00 2.64180549e-07 8.84490815e-05 2.54949857e-09
 7.39427981e-05 3.77284834e-08 7.75119044e-05 3.53242073e-09
 5.47097386e-05 8.56326699e-33]
- [0.00000000e+00 1.63759847e-04 3.64142288e-08 5.49398752e-05
 3.52692947e-08 7.58960114e-05 2.13888916e-08 1.21649416e-04
 5.27012019e-08 0.00000000e+00]
- [0.00000000e+00 4.91233041e-07 1.84429287e-04 1.41114913e-08
 4.16055813e-05 3.93788719e-08 7.19486729e-05 5.70155242e-08
 9.85062645e-05 0.00000000e+00]
- [0.00000000e+00 1.67062223e-04 9.03133280e-08 6.37787410e-05
 2.14678159e-08 3.93564340e-05 2.10683404e-08 1.61655717e-04
 2.05895193e-07 0.00000000e+00]
- [0.00000000e+00 5.55671029e-07 2.04201108e-04 1.67120117e-08
 3.57287634e-05 1.88570223e-08 7.57679637e-05 7.28353486e-08
 8.63777481e-05 0.00000000e+00]
- [0.00000000e+00 1.29202724e-04 1.08238101e-07 7.43256919e-05
 1.67581160e-08 4.68806794e-05 2.39452208e-08 2.05990345e-04
 2.50239458e-07 0.00000000e+00]
-> EL = <Lh|CC*> = 0.37146410608693514.
Orthogonality column 11:
-> EC = <ALhAL*|CC*|ARhAR*> = 1.4026002581601915e-12.
=> E = 0.37146410608833774.
=> deltaE_bcc = 0.37146410608216945. 

for chi_max_bs = [24, 54, 96, 150, 216]:
- without combining hs: 
deltaEs = [ 3.48788904 -1.4454315   0.40379782  0.36881308  0.2323565 ], 
maximal truncation errors = [0.0278228  0.01688795 0.01160126 0.00758803 0.00607783]. 
- with combining hs: 
deltaEs = [27.58476787  0.80942189  1.16301662  0.67615777  0.37146411], 
maximal truncation errors = [0.00137175 0.00062752 0.0004127  0.00026981 0.00020599].
