Lx = 6, Ly = 6, g = 3.5, D_max = 6, chi_max_c = 36, zeroE = True. 

E = sum_n <iso_peps|h_n|iso_peps> = sum_n [ 1.65768586e-13 -3.82713741e-14  4.98454895e-13  7.96140849e-13
  1.26972431e-12  1.01807885e-12  4.52553120e-13  4.46958442e-13
  1.48697027e-12  5.58904892e-13  2.91560597e-12] 
  = 9.570888799463085e-12. 

chi_max_b = 24, combine_hs = False.
Lh leg dimensions:
- [(1, 6, 6, 24), (24, 6, 6, 24), (24, 6, 6, 24), (24, 6, 6, 24), (24, 6, 6, 24), (24, 6, 6, 24), (24, 6, 6, 24), (24, 6, 6, 24), (24, 6, 6, 24), (24, 6, 6, 24), (24, 6, 6, 1)]
- [(1, 6, 6, 24), (24, 6, 6, 24), (24, 6, 6, 24), (24, 6, 6, 24), (24, 6, 6, 24), (24, 6, 6, 24), (24, 6, 6, 24), (24, 6, 6, 24), (24, 6, 6, 24), (24, 6, 6, 24), (24, 6, 6, 1)]
- [(1, 6, 6, 24), (24, 6, 6, 24), (24, 6, 6, 24), (24, 6, 6, 24), (24, 6, 6, 24), (24, 6, 6, 24), (24, 6, 6, 24), (24, 6, 6, 24), (24, 6, 6, 24), (24, 6, 6, 24), (24, 6, 6, 1)]
- [(1, 6, 6, 24), (24, 6, 6, 24), (24, 6, 6, 24), (24, 6, 6, 24), (24, 6, 6, 24), (24, 6, 6, 24), (24, 6, 6, 24), (24, 6, 6, 24), (24, 6, 6, 24), (24, 6, 6, 24), (24, 6, 6, 1)]
- [(1, 6, 6, 24), (24, 6, 6, 24), (24, 6, 6, 24), (24, 6, 6, 24), (24, 6, 6, 24), (24, 6, 6, 24), (24, 6, 6, 24), (24, 6, 6, 24), (24, 6, 6, 24), (24, 6, 6, 24), (24, 6, 6, 1)]
- [(1, 6, 6, 24), (24, 6, 6, 24), (24, 6, 6, 24), (24, 6, 6, 24), (24, 6, 6, 24), (24, 6, 6, 24), (24, 6, 6, 24), (24, 6, 6, 24), (24, 6, 6, 24), (24, 6, 6, 24), (24, 6, 6, 1)]
- [(1, 6, 6, 24), (24, 6, 6, 24), (24, 6, 6, 24), (24, 6, 6, 24), (24, 6, 6, 24), (24, 6, 6, 24), (24, 6, 6, 24), (24, 6, 6, 24), (24, 6, 6, 24), (24, 6, 6, 24), (24, 6, 6, 1)]
- [(1, 6, 6, 24), (24, 6, 6, 24), (24, 6, 6, 24), (24, 6, 6, 24), (24, 6, 6, 24), (24, 6, 6, 24), (24, 6, 6, 24), (24, 6, 6, 24), (24, 6, 6, 24), (24, 6, 6, 24), (24, 6, 6, 1)]
- [(1, 6, 6, 24), (24, 6, 6, 24), (24, 6, 6, 24), (24, 6, 6, 24), (24, 6, 6, 24), (24, 6, 6, 24), (24, 6, 6, 24), (24, 6, 6, 24), (24, 6, 6, 24), (24, 6, 6, 24), (24, 6, 6, 1)]
- [(1, 6, 6, 24), (24, 6, 6, 24), (24, 6, 6, 24), (24, 6, 6, 24), (24, 6, 6, 24), (24, 6, 6, 24), (24, 6, 6, 24), (24, 6, 6, 24), (24, 6, 6, 24), (24, 6, 6, 24), (24, 6, 6, 1)]
Lh truncation errors:
- [2.96212763e-31 3.40146188e-02 9.96783820e-30 3.16341422e-03
 1.34310284e-29 1.13479390e-03 1.19368319e-29 8.77737705e-03
 9.19261196e-30 1.21648023e-03]
- [3.09075055e-31 1.35062624e-02 1.15778454e-29 3.19634438e-03
 9.38786182e-30 2.02128474e-03 1.01591982e-29 5.83633492e-03
 9.10049011e-30 6.02727718e-04]
- [2.98837891e-31 4.94986032e-03 1.10791583e-29 1.63724600e-03
 1.09537760e-29 1.43828300e-03 1.39561509e-29 3.48418754e-03
 1.19524972e-29 3.29151018e-04]
- [1.14797515e-31 4.55565290e-03 9.49344565e-30 1.48713084e-03
 1.07999898e-29 1.24780732e-03 9.57770719e-30 2.95492215e-03
 1.20845294e-29 3.58872515e-04]
- [3.44312648e-31 4.27320592e-03 1.39105652e-29 1.48078800e-03
 1.28273273e-29 8.28186529e-04 1.32684560e-29 3.29089760e-03
 1.08204487e-29 7.73511931e-04]
- [9.77176838e-32 4.65385825e-03 1.07069079e-29 2.25167007e-03
 1.18005878e-29 9.47165390e-04 1.16031904e-29 2.69952391e-03
 1.53716949e-29 6.82092628e-04]
- [1.09596169e-31 6.04095820e-03 9.72894873e-30 2.58672048e-03
 1.27802061e-29 1.62077948e-03 1.09539058e-29 4.86176449e-03
 1.09345207e-29 9.75854322e-04]
- [3.65955050e-31 6.06144058e-03 1.15066106e-29 2.53385666e-03
 1.16898608e-29 2.98568682e-03 1.14485091e-29 6.88008978e-03
 8.65754481e-30 1.27825900e-03]
- [9.76890991e-32 7.48656410e-03 1.01758861e-29 2.95224016e-03
 1.06450180e-29 3.41532469e-03 1.09426131e-29 6.53218356e-03
 1.41625295e-29 1.45788482e-03]
- [1.14206914e-05 4.84461241e-03 1.94336121e-05 2.33499280e-03
 1.10429834e-04 1.99979496e-03 5.45146599e-05 4.10820112e-03
 1.28085410e-04 1.05726502e-03]
-> EL = sum_n <Lh_n|CC*> = 1.4438469653502657.
Orthogonality column 11:
-> EC = <ALhAL*|CC*|ARhAR*> = 2.915605966203013e-12.
=> E = 1.4438469653531814.
=> deltaE_bc = 1.4438469653436106.
chi_max_b = 24, combine_hs = True.
Lh leg dimensions:
- [(1, 2, 2, 4), (4, 2, 2, 3), (3, 2, 2, 8), (8, 2, 2, 3), (3, 2, 2, 9), (9, 4, 4, 3), (3, 2, 2, 8), (8, 2, 2, 3), (3, 2, 2, 8), (8, 2, 2, 3), (3, 2, 2, 1)]
- [(1, 4, 4, 8), (8, 2, 2, 24), (24, 4, 4, 8), (8, 2, 2, 24), (24, 4, 4, 13), (13, 4, 4, 24), (24, 4, 4, 9), (9, 4, 4, 24), (24, 2, 2, 8), (8, 4, 4, 4), (4, 2, 2, 1)]
- [(1, 4, 4, 16), (16, 4, 4, 24), (24, 4, 4, 24), (24, 4, 4, 24), (24, 5, 5, 24), (24, 6, 6, 24), (24, 6, 6, 24), (24, 5, 5, 24), (24, 4, 4, 24), (24, 4, 4, 9), (9, 4, 4, 1)]
- [(1, 6, 6, 24), (24, 5, 5, 24), (24, 6, 6, 24), (24, 6, 6, 24), (24, 6, 6, 24), (24, 6, 6, 24), (24, 6, 6, 24), (24, 6, 6, 24), (24, 6, 6, 24), (24, 6, 6, 24), (24, 5, 5, 1)]
- [(1, 6, 6, 24), (24, 6, 6, 24), (24, 6, 6, 24), (24, 6, 6, 24), (24, 6, 6, 24), (24, 6, 6, 24), (24, 6, 6, 24), (24, 6, 6, 24), (24, 6, 6, 24), (24, 6, 6, 24), (24, 6, 6, 1)]
- [(1, 6, 6, 24), (24, 6, 6, 24), (24, 6, 6, 24), (24, 6, 6, 24), (24, 6, 6, 24), (24, 6, 6, 24), (24, 6, 6, 24), (24, 6, 6, 24), (24, 6, 6, 24), (24, 6, 6, 24), (24, 6, 6, 1)]
- [(1, 6, 6, 24), (24, 6, 6, 24), (24, 6, 6, 24), (24, 6, 6, 24), (24, 6, 6, 24), (24, 6, 6, 24), (24, 6, 6, 24), (24, 6, 6, 24), (24, 6, 6, 24), (24, 6, 6, 24), (24, 6, 6, 1)]
- [(1, 6, 6, 24), (24, 6, 6, 24), (24, 6, 6, 24), (24, 6, 6, 24), (24, 6, 6, 24), (24, 6, 6, 24), (24, 6, 6, 24), (24, 6, 6, 24), (24, 6, 6, 24), (24, 6, 6, 24), (24, 6, 6, 1)]
- [(1, 6, 6, 24), (24, 6, 6, 24), (24, 6, 6, 24), (24, 6, 6, 24), (24, 6, 6, 24), (24, 6, 6, 24), (24, 6, 6, 24), (24, 6, 6, 24), (24, 6, 6, 24), (24, 6, 6, 24), (24, 6, 6, 1)]
- [(1, 6, 6, 24), (24, 6, 6, 24), (24, 6, 6, 24), (24, 6, 6, 24), (24, 6, 6, 24), (24, 6, 6, 24), (24, 6, 6, 24), (24, 6, 6, 24), (24, 6, 6, 24), (24, 6, 6, 24), (24, 6, 6, 1)]
Lh truncation errors:
- [0.00000000e+00 8.74278766e-33 1.85856143e-35 2.88743161e-31
 9.59507005e-32 1.54699248e-31 1.04364791e-35 1.58305736e-31
 3.80756089e-36 2.44899785e-36]
- [1.36500990e-33 9.52752156e-11 8.71593778e-31 6.92582060e-20
 3.29916999e-30 2.63284264e-07 3.82337400e-30 2.50860631e-18
 5.48654990e-31 0.00000000e+00]
- [0.00000000e+00 5.02089048e-10 1.08199573e-05 5.41635850e-19
 1.93598667e-04 4.16395553e-07 2.45304998e-04 1.91723167e-17
 1.08417557e-05 2.49894740e-32]
- [2.45446801e-07 1.42771673e-03 4.69376585e-07 6.75021976e-04
 1.05121143e-05 7.42804237e-04 5.02835580e-06 8.56645968e-04
 1.49338850e-06 5.25080565e-06]
- [2.42565505e-04 2.38539215e-05 4.82040211e-04 3.70577511e-06
 3.79157441e-04 1.25768219e-05 4.46309051e-04 4.27995486e-06
 5.74256116e-04 8.58675202e-08]
- [1.25529018e-06 6.68953955e-04 4.69133333e-06 2.98922739e-04
 1.06849614e-05 3.43140782e-04 6.14953403e-06 4.90275306e-04
 1.64186893e-05 1.04660487e-04]
- [1.07168075e-04 2.31767575e-05 5.25967856e-04 3.42359576e-06
 1.79141104e-04 6.37416466e-06 2.93308553e-04 3.97990789e-06
 4.52520225e-04 8.57279140e-08]
- [4.02718909e-07 5.17502681e-04 5.45504259e-06 2.53786991e-04
 5.67335398e-06 1.49598350e-04 3.77432548e-06 4.10647242e-04
 1.31454229e-05 7.75997777e-05]
- [5.76589416e-05 1.60811364e-05 3.97160911e-04 4.49373299e-06
 1.80889076e-04 5.56488793e-06 2.28440028e-04 3.70072055e-06
 4.49926114e-04 5.45312456e-08]
- [3.22031291e-07 4.52713843e-04 3.04719466e-06 2.40522038e-04
 5.14394991e-06 1.49734259e-04 2.08735137e-06 3.59848423e-04
 1.93809087e-05 7.09396767e-05]
-> EL = <Lh|CC*> = 29.653496231982057.
Orthogonality column 11:
-> EC = <ALhAL*|CC*|ARhAR*> = 2.915605966203013e-12.
=> E = 29.653496231984974.
=> deltaE_bcc = 29.653496231975403. 

chi_max_b = 54, combine_hs = False.
Lh leg dimensions:
- [(1, 6, 6, 36), (36, 6, 6, 54), (54, 6, 6, 54), (54, 6, 6, 54), (54, 6, 6, 54), (54, 6, 6, 54), (54, 6, 6, 54), (54, 6, 6, 54), (54, 6, 6, 54), (54, 6, 6, 36), (36, 6, 6, 1)]
- [(1, 6, 6, 36), (36, 6, 6, 54), (54, 6, 6, 54), (54, 6, 6, 54), (54, 6, 6, 54), (54, 6, 6, 54), (54, 6, 6, 54), (54, 6, 6, 54), (54, 6, 6, 54), (54, 6, 6, 36), (36, 6, 6, 1)]
- [(1, 6, 6, 36), (36, 6, 6, 54), (54, 6, 6, 54), (54, 6, 6, 54), (54, 6, 6, 54), (54, 6, 6, 54), (54, 6, 6, 54), (54, 6, 6, 54), (54, 6, 6, 54), (54, 6, 6, 36), (36, 6, 6, 1)]
- [(1, 6, 6, 36), (36, 6, 6, 54), (54, 6, 6, 54), (54, 6, 6, 54), (54, 6, 6, 54), (54, 6, 6, 54), (54, 6, 6, 54), (54, 6, 6, 54), (54, 6, 6, 54), (54, 6, 6, 36), (36, 6, 6, 1)]
- [(1, 6, 6, 36), (36, 6, 6, 54), (54, 6, 6, 54), (54, 6, 6, 54), (54, 6, 6, 54), (54, 6, 6, 54), (54, 6, 6, 54), (54, 6, 6, 54), (54, 6, 6, 54), (54, 6, 6, 36), (36, 6, 6, 1)]
- [(1, 6, 6, 36), (36, 6, 6, 54), (54, 6, 6, 54), (54, 6, 6, 54), (54, 6, 6, 54), (54, 6, 6, 54), (54, 6, 6, 54), (54, 6, 6, 54), (54, 6, 6, 54), (54, 6, 6, 36), (36, 6, 6, 1)]
- [(1, 6, 6, 36), (36, 6, 6, 54), (54, 6, 6, 54), (54, 6, 6, 54), (54, 6, 6, 54), (54, 6, 6, 54), (54, 6, 6, 54), (54, 6, 6, 54), (54, 6, 6, 54), (54, 6, 6, 36), (36, 6, 6, 1)]
- [(1, 6, 6, 36), (36, 6, 6, 54), (54, 6, 6, 54), (54, 6, 6, 54), (54, 6, 6, 54), (54, 6, 6, 54), (54, 6, 6, 54), (54, 6, 6, 54), (54, 6, 6, 54), (54, 6, 6, 36), (36, 6, 6, 1)]
- [(1, 6, 6, 36), (36, 6, 6, 54), (54, 6, 6, 54), (54, 6, 6, 54), (54, 6, 6, 54), (54, 6, 6, 54), (54, 6, 6, 54), (54, 6, 6, 54), (54, 6, 6, 54), (54, 6, 6, 36), (36, 6, 6, 1)]
- [(1, 6, 6, 36), (36, 6, 6, 54), (54, 6, 6, 54), (54, 6, 6, 54), (54, 6, 6, 54), (54, 6, 6, 54), (54, 6, 6, 54), (54, 6, 6, 54), (54, 6, 6, 54), (54, 6, 6, 36), (36, 6, 6, 1)]
Lh truncation errors:
- [0.00000000e+00 2.65767091e-02 1.61220828e-29 1.32123732e-03
 1.78329001e-29 1.25075574e-03 1.74639515e-29 4.43968860e-03
 1.29419955e-29 0.00000000e+00]
- [0.00000000e+00 1.44075578e-02 1.68671978e-29 3.52527494e-03
 1.71522587e-29 2.27917297e-03 1.69047416e-29 4.93355179e-03
 1.62949215e-29 0.00000000e+00]
- [0.00000000e+00 9.01151683e-03 1.81814766e-29 2.47821365e-03
 1.79986479e-29 2.02744570e-03 1.67851760e-29 4.50236566e-03
 1.39814266e-29 0.00000000e+00]
- [0.00000000e+00 6.17282718e-03 1.82816151e-29 1.97802605e-03
 1.71816342e-29 1.40671538e-03 1.69077422e-29 3.36274862e-03
 1.49975905e-29 0.00000000e+00]
- [0.00000000e+00 4.95955137e-03 1.94299689e-29 1.70432950e-03
 1.71492014e-29 7.47753374e-04 1.77847411e-29 3.24751151e-03
 1.66417145e-29 0.00000000e+00]
- [0.00000000e+00 5.38596862e-03 1.73152842e-29 2.55191489e-03
 1.73083892e-29 9.54141320e-04 1.69492462e-29 3.40736070e-03
 1.50876727e-29 0.00000000e+00]
- [0.00000000e+00 7.30013496e-03 1.80463512e-29 2.50145550e-03
 1.71955784e-29 1.46604642e-03 1.84919464e-29 3.42991593e-03
 1.45631559e-29 0.00000000e+00]
- [0.00000000e+00 5.12910487e-03 1.67638916e-29 2.09881926e-03
 1.77543473e-29 2.12700931e-03 1.72203005e-29 4.32983481e-03
 1.30810342e-29 0.00000000e+00]
- [0.00000000e+00 3.10104561e-03 1.81360164e-29 1.87702708e-03
 1.74153489e-29 1.59116138e-03 1.77757770e-29 3.58096431e-03
 1.34383106e-29 0.00000000e+00]
- [0.00000000e+00 5.10445100e-04 2.37470567e-07 3.97648311e-04
 1.61041476e-06 2.34501376e-04 7.79059403e-07 6.22847783e-04
 1.44422384e-06 0.00000000e+00]
-> EL = sum_n <Lh_n|CC*> = -2.011141248671615.
Orthogonality column 11:
-> EC = <ALhAL*|CC*|ARhAR*> = 2.915605966203013e-12.
=> E = -2.0111412486686997.
=> deltaE_bc = -2.0111412486782707.
chi_max_b = 54, combine_hs = True.
Lh leg dimensions:
- [(1, 2, 2, 4), (4, 2, 2, 3), (3, 2, 2, 8), (8, 2, 2, 3), (3, 2, 2, 9), (9, 4, 4, 3), (3, 2, 2, 8), (8, 2, 2, 3), (3, 2, 2, 8), (8, 2, 2, 3), (3, 2, 2, 1)]
- [(1, 4, 4, 8), (8, 2, 2, 29), (29, 4, 4, 8), (8, 2, 2, 29), (29, 4, 4, 13), (13, 4, 4, 54), (54, 4, 4, 10), (10, 4, 4, 29), (29, 2, 2, 8), (8, 4, 4, 4), (4, 2, 2, 1)]
- [(1, 4, 4, 16), (16, 4, 4, 32), (32, 4, 4, 54), (54, 4, 4, 33), (33, 5, 5, 54), (54, 6, 6, 54), (54, 6, 6, 54), (54, 5, 5, 34), (34, 4, 4, 54), (54, 4, 4, 9), (9, 4, 4, 1)]
- [(1, 6, 6, 29), (29, 5, 5, 54), (54, 6, 6, 54), (54, 6, 6, 54), (54, 6, 6, 54), (54, 6, 6, 54), (54, 6, 6, 54), (54, 6, 6, 54), (54, 6, 6, 54), (54, 6, 6, 25), (25, 5, 5, 1)]
- [(1, 6, 6, 36), (36, 6, 6, 54), (54, 6, 6, 54), (54, 6, 6, 54), (54, 6, 6, 54), (54, 6, 6, 54), (54, 6, 6, 54), (54, 6, 6, 54), (54, 6, 6, 54), (54, 6, 6, 35), (35, 6, 6, 1)]
- [(1, 6, 6, 36), (36, 6, 6, 54), (54, 6, 6, 54), (54, 6, 6, 54), (54, 6, 6, 54), (54, 6, 6, 54), (54, 6, 6, 54), (54, 6, 6, 54), (54, 6, 6, 54), (54, 6, 6, 36), (36, 6, 6, 1)]
- [(1, 6, 6, 36), (36, 6, 6, 54), (54, 6, 6, 54), (54, 6, 6, 54), (54, 6, 6, 54), (54, 6, 6, 54), (54, 6, 6, 54), (54, 6, 6, 54), (54, 6, 6, 54), (54, 6, 6, 36), (36, 6, 6, 1)]
- [(1, 6, 6, 36), (36, 6, 6, 54), (54, 6, 6, 54), (54, 6, 6, 54), (54, 6, 6, 54), (54, 6, 6, 54), (54, 6, 6, 54), (54, 6, 6, 54), (54, 6, 6, 54), (54, 6, 6, 36), (36, 6, 6, 1)]
- [(1, 6, 6, 36), (36, 6, 6, 54), (54, 6, 6, 54), (54, 6, 6, 54), (54, 6, 6, 54), (54, 6, 6, 54), (54, 6, 6, 54), (54, 6, 6, 54), (54, 6, 6, 54), (54, 6, 6, 36), (36, 6, 6, 1)]
- [(1, 6, 6, 36), (36, 6, 6, 54), (54, 6, 6, 54), (54, 6, 6, 54), (54, 6, 6, 54), (54, 6, 6, 54), (54, 6, 6, 54), (54, 6, 6, 54), (54, 6, 6, 54), (54, 6, 6, 36), (36, 6, 6, 1)]
Lh truncation errors:
- [0.00000000e+00 3.64285222e-34 3.30732030e-36 2.88743161e-31
 9.34212526e-32 1.77518295e-31 2.56794737e-35 1.53260741e-31
 1.90865415e-35 2.67067908e-36]
- [6.82270238e-33 2.38188979e-32 1.06795198e-30 6.05143207e-32
 4.66378378e-30 1.94409122e-19 5.66345758e-30 2.16959612e-31
 5.50374054e-31 0.00000000e+00]
- [0.00000000e+00 2.46393454e-30 6.29638115e-08 9.73724139e-30
 3.40139378e-06 8.34743810e-20 8.83456253e-06 6.35686117e-30
 2.02694799e-07 1.75654587e-32]
- [6.37888859e-32 7.55702861e-04 6.29084685e-10 1.71245987e-04
 3.01426018e-07 4.84212803e-04 1.53454412e-07 2.56925549e-04
 1.00320455e-08 0.00000000e+00]
- [0.00000000e+00 9.99171840e-06 3.04410543e-04 9.22601731e-07
 1.90217619e-04 1.43723456e-06 2.82722088e-04 1.35767962e-06
 3.08650854e-04 8.64243616e-33]
- [0.00000000e+00 5.67275985e-04 8.09281795e-07 1.61447611e-04
 9.39688255e-07 2.50097051e-04 1.00508114e-06 2.86850124e-04
 2.12265346e-06 0.00000000e+00]
- [0.00000000e+00 5.49457364e-06 3.52754099e-04 4.96688606e-07
 1.40823303e-04 9.69914316e-07 1.92744237e-04 1.01428955e-06
 3.11313309e-04 0.00000000e+00]
- [0.00000000e+00 5.18382551e-04 1.33299841e-06 1.54924760e-04
 7.64227981e-07 1.03276254e-04 6.88034555e-07 2.64928347e-04
 2.64805021e-06 0.00000000e+00]
- [0.00000000e+00 3.96283762e-06 3.58504709e-04 8.93556770e-07
 1.12301701e-04 4.32619995e-07 1.48722130e-04 9.66127685e-07
 3.49503334e-04 0.00000000e+00]
- [0.00000000e+00 5.26463478e-04 8.46483038e-07 2.23981747e-04
 4.92628838e-07 1.17795014e-04 6.64684607e-07 3.20649708e-04
 4.18186356e-06 0.00000000e+00]
-> EL = <Lh|CC*> = 0.3593005784339421.
Orthogonality column 11:
-> EC = <ALhAL*|CC*|ARhAR*> = 2.915605966203013e-12.
=> E = 0.3593005784368577.
=> deltaE_bcc = 0.3593005784272868. 

chi_max_b = 96, combine_hs = False.
Lh leg dimensions:
- [(1, 6, 6, 36), (36, 6, 6, 96), (96, 6, 6, 96), (96, 6, 6, 96), (96, 6, 6, 96), (96, 6, 6, 96), (96, 6, 6, 96), (96, 6, 6, 96), (96, 6, 6, 96), (96, 6, 6, 36), (36, 6, 6, 1)]
- [(1, 6, 6, 36), (36, 6, 6, 96), (96, 6, 6, 96), (96, 6, 6, 96), (96, 6, 6, 96), (96, 6, 6, 96), (96, 6, 6, 96), (96, 6, 6, 96), (96, 6, 6, 96), (96, 6, 6, 36), (36, 6, 6, 1)]
- [(1, 6, 6, 36), (36, 6, 6, 96), (96, 6, 6, 96), (96, 6, 6, 96), (96, 6, 6, 96), (96, 6, 6, 96), (96, 6, 6, 96), (96, 6, 6, 96), (96, 6, 6, 96), (96, 6, 6, 36), (36, 6, 6, 1)]
- [(1, 6, 6, 36), (36, 6, 6, 96), (96, 6, 6, 96), (96, 6, 6, 96), (96, 6, 6, 96), (96, 6, 6, 96), (96, 6, 6, 96), (96, 6, 6, 96), (96, 6, 6, 96), (96, 6, 6, 36), (36, 6, 6, 1)]
- [(1, 6, 6, 36), (36, 6, 6, 96), (96, 6, 6, 96), (96, 6, 6, 96), (96, 6, 6, 96), (96, 6, 6, 96), (96, 6, 6, 96), (96, 6, 6, 96), (96, 6, 6, 96), (96, 6, 6, 36), (36, 6, 6, 1)]
- [(1, 6, 6, 36), (36, 6, 6, 96), (96, 6, 6, 96), (96, 6, 6, 96), (96, 6, 6, 96), (96, 6, 6, 96), (96, 6, 6, 96), (96, 6, 6, 96), (96, 6, 6, 96), (96, 6, 6, 36), (36, 6, 6, 1)]
- [(1, 6, 6, 36), (36, 6, 6, 96), (96, 6, 6, 96), (96, 6, 6, 96), (96, 6, 6, 96), (96, 6, 6, 96), (96, 6, 6, 96), (96, 6, 6, 96), (96, 6, 6, 96), (96, 6, 6, 36), (36, 6, 6, 1)]
- [(1, 6, 6, 36), (36, 6, 6, 96), (96, 6, 6, 96), (96, 6, 6, 96), (96, 6, 6, 96), (96, 6, 6, 96), (96, 6, 6, 96), (96, 6, 6, 96), (96, 6, 6, 96), (96, 6, 6, 36), (36, 6, 6, 1)]
- [(1, 6, 6, 36), (36, 6, 6, 96), (96, 6, 6, 73), (73, 6, 6, 96), (96, 6, 6, 72), (72, 6, 6, 96), (96, 6, 6, 73), (73, 6, 6, 96), (96, 6, 6, 72), (72, 6, 6, 36), (36, 6, 6, 1)]
- [(1, 6, 6, 36), (36, 6, 6, 72), (72, 6, 6, 73), (73, 6, 6, 74), (74, 6, 6, 73), (73, 6, 6, 73), (73, 6, 6, 73), (73, 6, 6, 73), (73, 6, 6, 72), (72, 6, 6, 36), (36, 6, 6, 1)]
Lh truncation errors:
- [0.00000000e+00 1.79875486e-02 2.80034618e-29 1.55358716e-03
 2.87611585e-29 1.46563177e-03 2.90291454e-29 4.41811234e-03
 1.19116475e-29 0.00000000e+00]
- [0.00000000e+00 9.58242196e-03 2.92480544e-29 3.53083850e-03
 3.11345807e-29 2.26177141e-03 3.07312355e-29 4.34497798e-03
 1.19749505e-29 0.00000000e+00]
- [0.00000000e+00 6.00954458e-03 2.83089048e-29 2.76155082e-03
 2.92563103e-29 1.92355909e-03 2.90476905e-29 4.17248832e-03
 1.19549380e-29 0.00000000e+00]
- [0.00000000e+00 4.18920508e-03 2.94433182e-29 2.11098559e-03
 3.07217384e-29 1.23170183e-03 2.95593819e-29 3.22948724e-03
 1.20149228e-29 0.00000000e+00]
- [0.00000000e+00 3.64584879e-03 2.86133801e-29 1.93071080e-03
 2.93914290e-29 7.30465992e-04 2.93207997e-29 3.37003677e-03
 1.19360340e-29 0.00000000e+00]
- [0.00000000e+00 3.60137725e-03 3.02930512e-29 2.46815555e-03
 2.96878818e-29 1.03576074e-03 3.20336523e-29 3.76332167e-03
 1.21251827e-29 0.00000000e+00]
- [0.00000000e+00 5.03244948e-03 2.97018733e-29 2.16626491e-03
 2.97491619e-29 1.41121409e-03 3.00786135e-29 2.93959187e-03
 1.20158345e-29 0.00000000e+00]
- [0.00000000e+00 3.27861984e-03 2.99845365e-29 1.75497099e-03
 3.00100044e-29 1.82243000e-03 2.98525682e-29 3.06333902e-03
 1.20614772e-29 0.00000000e+00]
- [0.00000000e+00 1.42790563e-03 2.94099683e-29 1.12923799e-03
 2.87331486e-29 1.04394371e-03 2.81667703e-29 1.87624895e-03
 1.26836023e-29 0.00000000e+00]
- [0.00000000e+00 1.11783383e-29 2.12857500e-29 3.81979651e-29
 2.57094863e-29 3.36527101e-29 2.16416097e-29 3.57928651e-29
 1.29585091e-29 0.00000000e+00]
-> EL = sum_n <Lh_n|CC*> = 0.497562003645825.
Orthogonality column 11:
-> EC = <ALhAL*|CC*|ARhAR*> = 2.915605966203013e-12.
=> E = 0.4975620036487406.
=> deltaE_bc = 0.4975620036391697.
chi_max_b = 96, combine_hs = True.
Lh leg dimensions:
- [(1, 2, 2, 4), (4, 2, 2, 3), (3, 2, 2, 8), (8, 2, 2, 3), (3, 2, 2, 9), (9, 4, 4, 3), (3, 2, 2, 8), (8, 2, 2, 3), (3, 2, 2, 8), (8, 2, 2, 3), (3, 2, 2, 1)]
- [(1, 4, 4, 8), (8, 2, 2, 29), (29, 4, 4, 8), (8, 2, 2, 29), (29, 4, 4, 13), (13, 4, 4, 80), (80, 4, 4, 8), (8, 4, 4, 29), (29, 2, 2, 8), (8, 4, 4, 4), (4, 2, 2, 1)]
- [(1, 4, 4, 16), (16, 4, 4, 32), (32, 4, 4, 96), (96, 4, 4, 33), (33, 5, 5, 96), (96, 6, 6, 81), (81, 6, 6, 96), (96, 5, 5, 32), (32, 4, 4, 80), (80, 4, 4, 9), (9, 4, 4, 1)]
- [(1, 6, 6, 29), (29, 5, 5, 96), (96, 6, 6, 96), (96, 6, 6, 96), (96, 6, 6, 96), (96, 6, 6, 96), (96, 6, 6, 96), (96, 6, 6, 96), (96, 6, 6, 96), (96, 6, 6, 25), (25, 5, 5, 1)]
- [(1, 6, 6, 36), (36, 6, 6, 96), (96, 6, 6, 96), (96, 6, 6, 96), (96, 6, 6, 96), (96, 6, 6, 96), (96, 6, 6, 96), (96, 6, 6, 96), (96, 6, 6, 96), (96, 6, 6, 35), (35, 6, 6, 1)]
- [(1, 6, 6, 36), (36, 6, 6, 96), (96, 6, 6, 96), (96, 6, 6, 96), (96, 6, 6, 96), (96, 6, 6, 96), (96, 6, 6, 96), (96, 6, 6, 96), (96, 6, 6, 96), (96, 6, 6, 36), (36, 6, 6, 1)]
- [(1, 6, 6, 36), (36, 6, 6, 96), (96, 6, 6, 96), (96, 6, 6, 96), (96, 6, 6, 96), (96, 6, 6, 96), (96, 6, 6, 96), (96, 6, 6, 96), (96, 6, 6, 96), (96, 6, 6, 36), (36, 6, 6, 1)]
- [(1, 6, 6, 36), (36, 6, 6, 96), (96, 6, 6, 96), (96, 6, 6, 96), (96, 6, 6, 96), (96, 6, 6, 96), (96, 6, 6, 96), (96, 6, 6, 96), (96, 6, 6, 96), (96, 6, 6, 36), (36, 6, 6, 1)]
- [(1, 6, 6, 36), (36, 6, 6, 96), (96, 6, 6, 96), (96, 6, 6, 96), (96, 6, 6, 96), (96, 6, 6, 96), (96, 6, 6, 96), (96, 6, 6, 96), (96, 6, 6, 96), (96, 6, 6, 36), (36, 6, 6, 1)]
- [(1, 6, 6, 36), (36, 6, 6, 96), (96, 6, 6, 96), (96, 6, 6, 96), (96, 6, 6, 96), (96, 6, 6, 96), (96, 6, 6, 96), (96, 6, 6, 96), (96, 6, 6, 96), (96, 6, 6, 36), (36, 6, 6, 1)]
Lh truncation errors:
- [0.00000000e+00 5.18254370e-34 7.57680998e-36 2.88743161e-31
 9.52406708e-32 1.55307193e-31 4.20426504e-36 1.53457850e-31
 6.18468783e-36 8.40476004e-37]
- [1.99058042e-32 2.65243587e-32 1.07005460e-30 6.04957075e-32
 3.39363984e-30 6.62813702e-31 4.59501673e-30 2.01771261e-32
 5.49325767e-31 0.00000000e+00]
- [0.00000000e+00 2.41396295e-30 9.68132841e-12 1.52567671e-29
 1.66954215e-08 2.78688150e-29 1.50252063e-07 1.02578658e-29
 4.73937384e-31 3.05029116e-31]
- [2.92807675e-31 2.81038311e-04 3.47558249e-14 2.59179857e-05
 3.67264406e-10 2.47933098e-04 2.02459974e-09 4.58296726e-05
 8.50171562e-30 0.00000000e+00]
- [0.00000000e+00 2.71800230e-06 2.10891206e-04 4.28518120e-09
 1.35302500e-04 9.94287219e-08 2.04372342e-04 2.05495559e-08
 1.80844394e-04 5.27044008e-33]
- [0.00000000e+00 4.10290293e-04 8.20042267e-08 1.03660043e-04
 7.18811250e-08 1.77636383e-04 7.94303075e-08 1.85914052e-04
 3.04994903e-07 0.00000000e+00]
- [0.00000000e+00 9.55073095e-07 2.56764356e-04 3.15093539e-08
 1.21212291e-04 1.00181067e-07 1.56229781e-04 6.49135157e-08
 1.90406218e-04 0.00000000e+00]
- [0.00000000e+00 3.62552871e-04 1.05451090e-07 1.26385941e-04
 1.13859650e-07 8.83860803e-05 5.88185384e-08 1.85660185e-04
 3.67136736e-07 0.00000000e+00]
- [0.00000000e+00 8.79909884e-07 2.82005040e-04 7.85643608e-08
 8.35778700e-05 4.63461372e-08 1.02271505e-04 8.13123996e-08
 1.99782941e-04 0.00000000e+00]
- [0.00000000e+00 3.36205460e-04 1.11063053e-07 1.80697580e-04
 7.55804549e-08 1.00647652e-04 4.38526147e-08 2.45539348e-04
 4.15211162e-07 0.00000000e+00]
-> EL = <Lh|CC*> = 1.075261827693493.
Orthogonality column 11:
-> EC = <ALhAL*|CC*|ARhAR*> = 2.915605966203013e-12.
=> E = 1.0752618276964088.
=> deltaE_bcc = 1.075261827686838. 

chi_max_b = 150, combine_hs = False.
Lh leg dimensions:
- [(1, 6, 6, 36), (36, 6, 6, 150), (150, 6, 6, 150), (150, 6, 6, 150), (150, 6, 6, 150), (150, 6, 6, 150), (150, 6, 6, 150), (150, 6, 6, 150), (150, 6, 6, 150), (150, 6, 6, 36), (36, 6, 6, 1)]
- [(1, 6, 6, 36), (36, 6, 6, 150), (150, 6, 6, 150), (150, 6, 6, 150), (150, 6, 6, 150), (150, 6, 6, 150), (150, 6, 6, 150), (150, 6, 6, 150), (150, 6, 6, 150), (150, 6, 6, 36), (36, 6, 6, 1)]
- [(1, 6, 6, 36), (36, 6, 6, 150), (150, 6, 6, 150), (150, 6, 6, 150), (150, 6, 6, 150), (150, 6, 6, 150), (150, 6, 6, 150), (150, 6, 6, 150), (150, 6, 6, 150), (150, 6, 6, 36), (36, 6, 6, 1)]
- [(1, 6, 6, 36), (36, 6, 6, 150), (150, 6, 6, 150), (150, 6, 6, 150), (150, 6, 6, 150), (150, 6, 6, 150), (150, 6, 6, 150), (150, 6, 6, 150), (150, 6, 6, 150), (150, 6, 6, 36), (36, 6, 6, 1)]
- [(1, 6, 6, 36), (36, 6, 6, 150), (150, 6, 6, 150), (150, 6, 6, 150), (150, 6, 6, 150), (150, 6, 6, 150), (150, 6, 6, 150), (150, 6, 6, 150), (150, 6, 6, 150), (150, 6, 6, 36), (36, 6, 6, 1)]
- [(1, 6, 6, 36), (36, 6, 6, 150), (150, 6, 6, 150), (150, 6, 6, 150), (150, 6, 6, 150), (150, 6, 6, 150), (150, 6, 6, 150), (150, 6, 6, 150), (150, 6, 6, 150), (150, 6, 6, 36), (36, 6, 6, 1)]
- [(1, 6, 6, 36), (36, 6, 6, 150), (150, 6, 6, 150), (150, 6, 6, 150), (150, 6, 6, 150), (150, 6, 6, 150), (150, 6, 6, 150), (150, 6, 6, 150), (150, 6, 6, 150), (150, 6, 6, 36), (36, 6, 6, 1)]
- [(1, 6, 6, 36), (36, 6, 6, 150), (150, 6, 6, 150), (150, 6, 6, 150), (150, 6, 6, 150), (150, 6, 6, 150), (150, 6, 6, 150), (150, 6, 6, 150), (150, 6, 6, 150), (150, 6, 6, 36), (36, 6, 6, 1)]
- [(1, 6, 6, 36), (36, 6, 6, 150), (150, 6, 6, 73), (73, 6, 6, 150), (150, 6, 6, 73), (73, 6, 6, 150), (150, 6, 6, 73), (73, 6, 6, 150), (150, 6, 6, 72), (72, 6, 6, 36), (36, 6, 6, 1)]
- [(1, 6, 6, 36), (36, 6, 6, 72), (72, 6, 6, 73), (73, 6, 6, 74), (74, 6, 6, 73), (73, 6, 6, 73), (73, 6, 6, 73), (73, 6, 6, 73), (73, 6, 6, 72), (72, 6, 6, 36), (36, 6, 6, 1)]
Lh truncation errors:
- [0.00000000e+00 1.18907238e-02 4.44509225e-29 1.75374199e-03
 4.63519667e-29 1.14046416e-03 4.45083334e-29 4.15780639e-03
 1.13478435e-29 0.00000000e+00]
- [0.00000000e+00 6.65418137e-03 4.31051876e-29 3.15139641e-03
 4.67021194e-29 1.78552677e-03 4.65238223e-29 4.26780848e-03
 1.14242160e-29 0.00000000e+00]
- [0.00000000e+00 4.07535515e-03 4.56160180e-29 2.37210806e-03
 4.66376649e-29 1.45911517e-03 4.68307615e-29 4.02255658e-03
 1.18108164e-29 0.00000000e+00]
- [0.00000000e+00 2.95130344e-03 4.60226376e-29 1.87347332e-03
 4.57970776e-29 9.37108948e-04 4.56788747e-29 3.11854713e-03
 1.16770076e-29 0.00000000e+00]
- [0.00000000e+00 2.65627875e-03 4.55992252e-29 1.77159437e-03
 4.46899278e-29 5.94284636e-04 4.58858200e-29 3.23207767e-03
 1.16566216e-29 0.00000000e+00]
- [0.00000000e+00 2.33358852e-03 4.53868260e-29 2.01260796e-03
 4.45770172e-29 8.43235444e-04 4.53200065e-29 3.53979261e-03
 1.19893848e-29 0.00000000e+00]
- [0.00000000e+00 3.18900831e-03 4.48482430e-29 1.73101511e-03
 4.47786384e-29 1.02179573e-03 4.49103086e-29 2.62169877e-03
 1.13755817e-29 0.00000000e+00]
- [0.00000000e+00 1.99194640e-03 4.58492293e-29 1.35647761e-03
 4.43204558e-29 1.24786855e-03 4.58611697e-29 2.42937906e-03
 1.17551800e-29 0.00000000e+00]
- [0.00000000e+00 7.67391900e-04 4.56932328e-29 7.48357078e-04
 4.38310821e-29 6.38737399e-04 4.41086940e-29 1.21183055e-03
 1.22173696e-29 0.00000000e+00]
- [0.00000000e+00 1.11573851e-29 2.16729912e-29 3.79395069e-29
 2.57253862e-29 3.37040528e-29 2.15133934e-29 3.57724540e-29
 1.28090486e-29 0.00000000e+00]
-> EL = sum_n <Lh_n|CC*> = 0.3219832387955355.
Orthogonality column 11:
-> EC = <ALhAL*|CC*|ARhAR*> = 2.915605966203013e-12.
=> E = 0.3219832387984511.
=> deltaE_bc = 0.3219832387888802.
chi_max_b = 150, combine_hs = True.
Lh leg dimensions:
- [(1, 2, 2, 4), (4, 2, 2, 3), (3, 2, 2, 8), (8, 2, 2, 3), (3, 2, 2, 9), (9, 4, 4, 3), (3, 2, 2, 8), (8, 2, 2, 3), (3, 2, 2, 8), (8, 2, 2, 3), (3, 2, 2, 1)]
- [(1, 4, 4, 8), (8, 2, 2, 29), (29, 4, 4, 8), (8, 2, 2, 29), (29, 4, 4, 13), (13, 4, 4, 80), (80, 4, 4, 8), (8, 4, 4, 29), (29, 2, 2, 8), (8, 4, 4, 4), (4, 2, 2, 1)]
- [(1, 4, 4, 16), (16, 4, 4, 32), (32, 4, 4, 150), (150, 4, 4, 33), (33, 5, 5, 150), (150, 6, 6, 80), (80, 6, 6, 150), (150, 5, 5, 32), (32, 4, 4, 80), (80, 4, 4, 9), (9, 4, 4, 1)]
- [(1, 6, 6, 29), (29, 5, 5, 150), (150, 6, 6, 150), (150, 6, 6, 150), (150, 6, 6, 150), (150, 6, 6, 150), (150, 6, 6, 150), (150, 6, 6, 150), (150, 6, 6, 96), (96, 6, 6, 25), (25, 5, 5, 1)]
- [(1, 6, 6, 36), (36, 6, 6, 150), (150, 6, 6, 150), (150, 6, 6, 150), (150, 6, 6, 150), (150, 6, 6, 150), (150, 6, 6, 150), (150, 6, 6, 150), (150, 6, 6, 150), (150, 6, 6, 35), (35, 6, 6, 1)]
- [(1, 6, 6, 36), (36, 6, 6, 150), (150, 6, 6, 150), (150, 6, 6, 150), (150, 6, 6, 150), (150, 6, 6, 150), (150, 6, 6, 150), (150, 6, 6, 150), (150, 6, 6, 150), (150, 6, 6, 36), (36, 6, 6, 1)]
- [(1, 6, 6, 36), (36, 6, 6, 150), (150, 6, 6, 150), (150, 6, 6, 150), (150, 6, 6, 150), (150, 6, 6, 150), (150, 6, 6, 150), (150, 6, 6, 150), (150, 6, 6, 150), (150, 6, 6, 36), (36, 6, 6, 1)]
- [(1, 6, 6, 36), (36, 6, 6, 150), (150, 6, 6, 150), (150, 6, 6, 150), (150, 6, 6, 150), (150, 6, 6, 150), (150, 6, 6, 150), (150, 6, 6, 150), (150, 6, 6, 150), (150, 6, 6, 36), (36, 6, 6, 1)]
- [(1, 6, 6, 36), (36, 6, 6, 150), (150, 6, 6, 150), (150, 6, 6, 150), (150, 6, 6, 150), (150, 6, 6, 150), (150, 6, 6, 150), (150, 6, 6, 150), (150, 6, 6, 150), (150, 6, 6, 36), (36, 6, 6, 1)]
- [(1, 6, 6, 36), (36, 6, 6, 150), (150, 6, 6, 150), (150, 6, 6, 150), (150, 6, 6, 150), (150, 6, 6, 150), (150, 6, 6, 150), (150, 6, 6, 150), (150, 6, 6, 150), (150, 6, 6, 36), (36, 6, 6, 1)]
Lh truncation errors:
- [0.00000000e+00 3.15726526e-33 2.11641651e-35 2.88743161e-31
 9.04075047e-32 1.68678672e-31 1.29613315e-35 1.56397430e-31
 1.11912954e-35 2.36931235e-36]
- [2.72860076e-32 2.65243587e-32 1.06722807e-30 6.05552897e-32
 3.42601964e-30 6.62813702e-31 4.59640686e-30 2.01805299e-32
 5.49966266e-31 0.00000000e+00]
- [0.00000000e+00 2.61581890e-30 2.43094108e-16 2.39403632e-29
 2.09740350e-11 4.49213442e-29 1.92079896e-10 9.43759666e-30
 4.75222725e-31 1.99223723e-31]
- [2.65089680e-31 7.90725920e-05 9.81985440e-19 1.16578276e-05
 5.12855096e-14 1.36945491e-04 2.01191813e-13 2.11662901e-05
 8.19530431e-30 0.00000000e+00]
- [0.00000000e+00 8.70637739e-07 1.44384604e-04 1.46111224e-09
 9.35376347e-05 5.92967492e-08 1.50081397e-04 1.07119907e-08
 9.77430914e-05 2.80465599e-33]
- [0.00000000e+00 2.80692408e-04 4.84957788e-08 7.64056059e-05
 3.64230483e-08 1.29354954e-04 4.67016008e-08 1.47061406e-04
 1.19267356e-07 0.00000000e+00]
- [0.00000000e+00 6.38661521e-07 2.18461408e-04 1.82167573e-08
 8.57513479e-05 4.80493495e-08 1.17346736e-04 4.79303115e-08
 1.15449930e-04 0.00000000e+00]
- [0.00000000e+00 2.48952158e-04 8.48232361e-08 1.01378727e-04
 5.02783603e-08 6.66000678e-05 3.28348003e-08 1.55372071e-04
 1.69747602e-07 0.00000000e+00]
- [0.00000000e+00 6.32118198e-07 2.52298732e-04 4.05912205e-08
 5.98874591e-05 3.01617295e-08 8.05329513e-05 5.89240581e-08
 1.28724323e-04 0.00000000e+00]
- [0.00000000e+00 2.21400218e-04 7.47103747e-08 1.44425993e-04
 3.68963875e-08 7.27078185e-05 3.06455610e-08 2.08000523e-04
 2.51886743e-07 0.00000000e+00]
-> EL = <Lh|CC*> = 0.6338743454540102.
Orthogonality column 11:
-> EC = <ALhAL*|CC*|ARhAR*> = 2.915605966203013e-12.
=> E = 0.6338743454569258.
=> deltaE_bcc = 0.6338743454473549. 

chi_max_b = 216, combine_hs = False.
Lh leg dimensions:
- [(1, 6, 6, 36), (36, 6, 6, 216), (216, 6, 6, 216), (216, 6, 6, 216), (216, 6, 6, 216), (216, 6, 6, 216), (216, 6, 6, 216), (216, 6, 6, 216), (216, 6, 6, 216), (216, 6, 6, 36), (36, 6, 6, 1)]
- [(1, 6, 6, 36), (36, 6, 6, 216), (216, 6, 6, 216), (216, 6, 6, 216), (216, 6, 6, 216), (216, 6, 6, 216), (216, 6, 6, 216), (216, 6, 6, 216), (216, 6, 6, 216), (216, 6, 6, 36), (36, 6, 6, 1)]
- [(1, 6, 6, 36), (36, 6, 6, 216), (216, 6, 6, 216), (216, 6, 6, 216), (216, 6, 6, 216), (216, 6, 6, 216), (216, 6, 6, 216), (216, 6, 6, 216), (216, 6, 6, 216), (216, 6, 6, 36), (36, 6, 6, 1)]
- [(1, 6, 6, 36), (36, 6, 6, 216), (216, 6, 6, 216), (216, 6, 6, 216), (216, 6, 6, 216), (216, 6, 6, 216), (216, 6, 6, 216), (216, 6, 6, 216), (216, 6, 6, 216), (216, 6, 6, 36), (36, 6, 6, 1)]
- [(1, 6, 6, 36), (36, 6, 6, 216), (216, 6, 6, 216), (216, 6, 6, 216), (216, 6, 6, 216), (216, 6, 6, 216), (216, 6, 6, 216), (216, 6, 6, 216), (216, 6, 6, 216), (216, 6, 6, 36), (36, 6, 6, 1)]
- [(1, 6, 6, 36), (36, 6, 6, 216), (216, 6, 6, 216), (216, 6, 6, 216), (216, 6, 6, 216), (216, 6, 6, 216), (216, 6, 6, 216), (216, 6, 6, 216), (216, 6, 6, 216), (216, 6, 6, 36), (36, 6, 6, 1)]
- [(1, 6, 6, 36), (36, 6, 6, 216), (216, 6, 6, 216), (216, 6, 6, 216), (216, 6, 6, 216), (216, 6, 6, 216), (216, 6, 6, 216), (216, 6, 6, 216), (216, 6, 6, 216), (216, 6, 6, 36), (36, 6, 6, 1)]
- [(1, 6, 6, 36), (36, 6, 6, 216), (216, 6, 6, 216), (216, 6, 6, 216), (216, 6, 6, 216), (216, 6, 6, 216), (216, 6, 6, 216), (216, 6, 6, 216), (216, 6, 6, 216), (216, 6, 6, 36), (36, 6, 6, 1)]
- [(1, 6, 6, 36), (36, 6, 6, 216), (216, 6, 6, 73), (73, 6, 6, 216), (216, 6, 6, 73), (73, 6, 6, 216), (216, 6, 6, 74), (74, 6, 6, 216), (216, 6, 6, 73), (73, 6, 6, 36), (36, 6, 6, 1)]
- [(1, 6, 6, 36), (36, 6, 6, 72), (72, 6, 6, 73), (73, 6, 6, 74), (74, 6, 6, 73), (73, 6, 6, 73), (73, 6, 6, 72), (72, 6, 6, 73), (73, 6, 6, 72), (72, 6, 6, 36), (36, 6, 6, 1)]
Lh truncation errors:
- [0.00000000e+00 7.26606144e-03 6.00632001e-29 1.84676511e-03
 6.36098875e-29 9.16914823e-04 6.36372673e-29 3.85123904e-03
 1.08381650e-29 0.00000000e+00]
- [0.00000000e+00 4.26993257e-03 6.11826730e-29 2.78549609e-03
 6.31760131e-29 1.40340844e-03 6.38927625e-29 3.97295538e-03
 1.15941737e-29 0.00000000e+00]
- [0.00000000e+00 2.64828949e-03 6.27527557e-29 2.05395076e-03
 6.41767410e-29 1.11972179e-03 6.33213925e-29 3.70770710e-03
 1.12175135e-29 0.00000000e+00]
- [0.00000000e+00 1.96528967e-03 6.70261919e-29 1.66419452e-03
 6.48674636e-29 7.26467655e-04 6.59849102e-29 2.87548953e-03
 1.07976162e-29 0.00000000e+00]
- [0.00000000e+00 1.80029385e-03 6.29912156e-29 1.59862882e-03
 6.40224805e-29 4.89198239e-04 6.30438644e-29 2.94765322e-03
 1.07665673e-29 0.00000000e+00]
- [0.00000000e+00 1.43337866e-03 6.45994061e-29 1.63519645e-03
 6.40313060e-29 6.79338150e-04 6.54424523e-29 3.16427300e-03
 1.11766587e-29 0.00000000e+00]
- [0.00000000e+00 1.83278304e-03 6.34756873e-29 1.37396789e-03
 6.57411821e-29 7.54979685e-04 6.44294061e-29 2.26153321e-03
 1.12046790e-29 0.00000000e+00]
- [0.00000000e+00 1.11960181e-03 6.40904044e-29 1.03667374e-03
 6.40855602e-29 8.67140155e-04 6.61521288e-29 1.92433363e-03
 1.18950097e-29 0.00000000e+00]
- [0.00000000e+00 3.96745700e-04 6.54023716e-29 4.89313859e-04
 6.36685389e-29 4.05066022e-04 6.33792597e-29 8.09875459e-04
 1.20864399e-29 0.00000000e+00]
- [0.00000000e+00 1.11715763e-29 2.13242511e-29 3.81543314e-29
 2.55858286e-29 3.37826347e-29 2.21774823e-29 3.19321780e-29
 1.28897458e-29 0.00000000e+00]
-> EL = sum_n <Lh_n|CC*> = 0.2254808833946963.
Orthogonality column 11:
-> EC = <ALhAL*|CC*|ARhAR*> = 2.915605966203013e-12.
=> E = 0.2254808833976119.
=> deltaE_bc = 0.225480883388041.
chi_max_b = 216, combine_hs = True.
Lh leg dimensions:
- [(1, 2, 2, 4), (4, 2, 2, 3), (3, 2, 2, 8), (8, 2, 2, 3), (3, 2, 2, 9), (9, 4, 4, 3), (3, 2, 2, 8), (8, 2, 2, 3), (3, 2, 2, 8), (8, 2, 2, 3), (3, 2, 2, 1)]
- [(1, 4, 4, 8), (8, 2, 2, 29), (29, 4, 4, 8), (8, 2, 2, 29), (29, 4, 4, 13), (13, 4, 4, 80), (80, 4, 4, 8), (8, 4, 4, 29), (29, 2, 2, 8), (8, 4, 4, 4), (4, 2, 2, 1)]
- [(1, 4, 4, 16), (16, 4, 4, 32), (32, 4, 4, 216), (216, 4, 4, 32), (32, 5, 5, 216), (216, 6, 6, 81), (81, 6, 6, 216), (216, 5, 5, 32), (32, 4, 4, 80), (80, 4, 4, 9), (9, 4, 4, 1)]
- [(1, 6, 6, 29), (29, 5, 5, 216), (216, 6, 6, 216), (216, 6, 6, 216), (216, 6, 6, 216), (216, 6, 6, 216), (216, 6, 6, 216), (216, 6, 6, 216), (216, 6, 6, 96), (96, 6, 6, 25), (25, 5, 5, 1)]
- [(1, 6, 6, 36), (36, 6, 6, 216), (216, 6, 6, 216), (216, 6, 6, 216), (216, 6, 6, 216), (216, 6, 6, 216), (216, 6, 6, 216), (216, 6, 6, 216), (216, 6, 6, 216), (216, 6, 6, 35), (35, 6, 6, 1)]
- [(1, 6, 6, 36), (36, 6, 6, 216), (216, 6, 6, 216), (216, 6, 6, 216), (216, 6, 6, 216), (216, 6, 6, 216), (216, 6, 6, 216), (216, 6, 6, 216), (216, 6, 6, 216), (216, 6, 6, 36), (36, 6, 6, 1)]
- [(1, 6, 6, 36), (36, 6, 6, 216), (216, 6, 6, 216), (216, 6, 6, 216), (216, 6, 6, 216), (216, 6, 6, 216), (216, 6, 6, 216), (216, 6, 6, 216), (216, 6, 6, 216), (216, 6, 6, 36), (36, 6, 6, 1)]
- [(1, 6, 6, 36), (36, 6, 6, 216), (216, 6, 6, 216), (216, 6, 6, 216), (216, 6, 6, 216), (216, 6, 6, 216), (216, 6, 6, 216), (216, 6, 6, 216), (216, 6, 6, 216), (216, 6, 6, 36), (36, 6, 6, 1)]
- [(1, 6, 6, 36), (36, 6, 6, 216), (216, 6, 6, 216), (216, 6, 6, 216), (216, 6, 6, 216), (216, 6, 6, 216), (216, 6, 6, 216), (216, 6, 6, 216), (216, 6, 6, 216), (216, 6, 6, 36), (36, 6, 6, 1)]
- [(1, 6, 6, 36), (36, 6, 6, 216), (216, 6, 6, 216), (216, 6, 6, 216), (216, 6, 6, 216), (216, 6, 6, 216), (216, 6, 6, 216), (216, 6, 6, 216), (216, 6, 6, 216), (216, 6, 6, 36), (36, 6, 6, 1)]
Lh truncation errors:
- [0.00000000e+00 3.26269554e-33 1.85603839e-35 2.88743161e-31
 9.12557422e-32 1.66244229e-31 1.04315999e-35 1.68793228e-31
 3.94357499e-36 6.32016658e-37]
- [5.95058460e-33 2.65243587e-32 1.06739853e-30 6.05270759e-32
 3.37963889e-30 6.62813702e-31 4.57634098e-30 2.01884176e-32
 5.49090090e-31 0.00000000e+00]
- [0.00000000e+00 2.41396295e-30 5.66087861e-21 3.46904249e-29
 4.49571268e-15 6.32724424e-29 3.38272566e-13 9.36094792e-30
 4.76979452e-31 1.81620281e-31]
- [3.01292534e-31 1.52959932e-05 2.88872271e-22 5.14835554e-06
 6.01408199e-19 7.33005961e-05 1.03572867e-17 9.72152695e-06
 8.19793630e-30 0.00000000e+00]
- [0.00000000e+00 2.51675890e-07 9.76387253e-05 6.42891115e-10
 6.51447336e-05 3.84432531e-08 1.10164048e-04 5.51513184e-09
 4.97592820e-05 1.88148111e-33]
- [0.00000000e+00 1.76930367e-04 3.17538993e-08 5.84098423e-05
 2.16540617e-08 9.71067989e-05 3.45537425e-08 1.14874202e-04
 5.20128900e-08 0.00000000e+00]
- [0.00000000e+00 4.58994339e-07 1.83599854e-04 1.21446160e-08
 6.14644495e-05 3.02601982e-08 8.97708615e-05 3.81808517e-08
 6.63446716e-05 0.00000000e+00]
- [0.00000000e+00 1.59850737e-04 6.44051069e-08 8.35600921e-05
 2.56991994e-08 5.07115658e-05 2.23774142e-08 1.28374409e-04
 8.87723074e-08 0.00000000e+00]
- [0.00000000e+00 4.98101143e-07 2.24325550e-04 2.60007908e-08
 4.45345087e-05 2.18343750e-08 6.39652176e-05 4.71151372e-08
 7.94307492e-05 0.00000000e+00]
- [0.00000000e+00 1.36951710e-04 6.33902144e-08 1.16908562e-04
 2.20032537e-08 5.41252680e-05 2.20367386e-08 1.75994103e-04
 1.79081335e-07 0.00000000e+00]
-> EL = <Lh|CC*> = 0.3467162107278455.
Orthogonality column 11:
-> EC = <ALhAL*|CC*|ARhAR*> = 2.915605966203013e-12.
=> E = 0.3467162107307611.
=> deltaE_bcc = 0.3467162107211902. 

for chi_max_bs = [24, 54, 96, 150, 216]:
- without combining hs: 
deltaEs = [ 1.44384697 -2.01114125  0.497562    0.32198324  0.22548088], 
maximal truncation errors = [0.03401462 0.02657671 0.01798755 0.01189072 0.00726606]. 
- with combining hs: 
deltaEs = [29.65349623  0.35930058  1.07526183  0.63387435  0.34671621], 
maximal truncation errors = [0.00142772 0.0007557  0.00041029 0.00028069 0.00022433].
