Lx = 6, Ly = 6, g = 3.5, D_max = 3, chi_max_c = 18, zeroE = True. 

E = sum_n <iso_peps|h_n|iso_peps> = sum_n [6.71953104e-14 1.93496368e-13 4.33110212e-13 3.85033500e-13
 4.47667584e-13 1.42261859e-13 8.50871391e-14 2.42314911e-14
 4.14067911e-13 3.34794410e-13 5.80828654e-13] 
  = 3.107774438910757e-12. 

chi_max_b = 24, combine_hs = False.
Lh leg dimensions:
- [(1, 3, 3, 9), (9, 3, 3, 24), (24, 3, 3, 24), (24, 3, 3, 24), (24, 3, 3, 24), (24, 3, 3, 24), (24, 3, 3, 24), (24, 3, 3, 24), (24, 3, 3, 24), (24, 3, 3, 9), (9, 3, 3, 1)]
- [(1, 3, 3, 9), (9, 3, 3, 24), (24, 3, 3, 24), (24, 3, 3, 24), (24, 3, 3, 24), (24, 3, 3, 24), (24, 3, 3, 24), (24, 3, 3, 24), (24, 3, 3, 24), (24, 3, 3, 9), (9, 3, 3, 1)]
- [(1, 3, 3, 9), (9, 3, 3, 24), (24, 3, 3, 24), (24, 3, 3, 24), (24, 3, 3, 24), (24, 3, 3, 24), (24, 3, 3, 24), (24, 3, 3, 24), (24, 3, 3, 24), (24, 3, 3, 9), (9, 3, 3, 1)]
- [(1, 3, 3, 9), (9, 3, 3, 24), (24, 3, 3, 24), (24, 3, 3, 24), (24, 3, 3, 24), (24, 3, 3, 24), (24, 3, 3, 24), (24, 3, 3, 24), (24, 3, 3, 24), (24, 3, 3, 9), (9, 3, 3, 1)]
- [(1, 3, 3, 9), (9, 3, 3, 24), (24, 3, 3, 24), (24, 3, 3, 24), (24, 3, 3, 24), (24, 3, 3, 24), (24, 3, 3, 24), (24, 3, 3, 24), (24, 3, 3, 24), (24, 3, 3, 9), (9, 3, 3, 1)]
- [(1, 3, 3, 9), (9, 3, 3, 24), (24, 3, 3, 24), (24, 3, 3, 24), (24, 3, 3, 24), (24, 3, 3, 24), (24, 3, 3, 24), (24, 3, 3, 24), (24, 3, 3, 24), (24, 3, 3, 9), (9, 3, 3, 1)]
- [(1, 3, 3, 9), (9, 3, 3, 24), (24, 3, 3, 24), (24, 3, 3, 24), (24, 3, 3, 24), (24, 3, 3, 24), (24, 3, 3, 24), (24, 3, 3, 24), (24, 3, 3, 24), (24, 3, 3, 9), (9, 3, 3, 1)]
- [(1, 3, 3, 9), (9, 3, 3, 24), (24, 3, 3, 24), (24, 3, 3, 24), (24, 3, 3, 24), (24, 3, 3, 24), (24, 3, 3, 24), (24, 3, 3, 24), (24, 3, 3, 24), (24, 3, 3, 9), (9, 3, 3, 1)]
- [(1, 3, 3, 9), (9, 3, 3, 24), (24, 3, 3, 18), (18, 3, 3, 24), (24, 3, 3, 18), (18, 3, 3, 24), (24, 3, 3, 18), (18, 3, 3, 24), (24, 3, 3, 18), (18, 3, 3, 9), (9, 3, 3, 1)]
- [(1, 3, 3, 9), (9, 3, 3, 18), (18, 3, 3, 18), (18, 3, 3, 19), (19, 3, 3, 18), (18, 3, 3, 19), (19, 3, 3, 18), (18, 3, 3, 18), (18, 3, 3, 18), (18, 3, 3, 9), (9, 3, 3, 1)]
Lh truncation errors:
- [0.00000000e+00 1.88139601e-04 1.33980185e-30 7.18545054e-04
 1.28797584e-30 2.48785369e-02 9.80536042e-31 1.02130845e-02
 7.03694493e-31 0.00000000e+00]
- [0.00000000e+00 6.85117838e-04 1.43059664e-30 1.44929340e-03
 1.15449149e-30 1.96107873e-02 1.10275678e-30 1.35088778e-02
 5.70577715e-31 0.00000000e+00]
- [0.00000000e+00 9.74065681e-04 1.34932700e-30 6.96013737e-04
 1.49275561e-30 4.09910606e-03 1.32163352e-30 4.85489704e-03
 5.24758341e-31 0.00000000e+00]
- [0.00000000e+00 3.20204020e-04 1.41668989e-30 2.55264076e-04
 1.15220781e-30 1.70339744e-03 1.37579575e-30 3.99330163e-03
 5.44618377e-31 0.00000000e+00]
- [0.00000000e+00 5.85037538e-04 1.38931671e-30 1.97718886e-04
 1.38594336e-30 1.32574368e-03 1.35127848e-30 2.60699421e-03
 6.99679785e-31 0.00000000e+00]
- [0.00000000e+00 3.03039280e-04 1.36270018e-30 1.58551839e-04
 1.30400514e-30 1.90457408e-03 1.24573892e-30 2.41708802e-03
 5.42738960e-31 0.00000000e+00]
- [0.00000000e+00 4.28614198e-04 1.39203699e-30 1.79811040e-04
 1.29750476e-30 1.31411060e-03 1.48912869e-30 1.12882553e-03
 5.26513077e-31 0.00000000e+00]
- [0.00000000e+00 1.02130089e-04 1.45978162e-30 8.10920941e-05
 1.39580979e-30 4.32474032e-04 1.60286474e-30 2.64265154e-04
 7.47271381e-31 0.00000000e+00]
- [0.00000000e+00 1.13524592e-05 1.37241954e-30 1.33975606e-05
 1.63487249e-30 5.31052674e-05 1.50076162e-30 7.54628469e-05
 6.26923725e-31 0.00000000e+00]
- [0.00000000e+00 4.90865318e-31 1.21502606e-30 2.89125193e-30
 1.79397639e-30 4.41154979e-30 1.48306347e-30 2.00154325e-30
 7.37925569e-31 0.00000000e+00]
-> EL = sum_n <Lh_n|CC*> = 0.11474366195878062.
Orthogonality column 11:
-> EC = <ALhAL*|CC*|ARhAR*> = 5.808286540887726e-13.
=> E = 0.11474366195936145.
=> deltaE_bc = 0.11474366195625367.
chi_max_b = 24, combine_hs = True.
Lh leg dimensions:
- [(1, 2, 2, 4), (4, 2, 2, 3), (3, 2, 2, 8), (8, 2, 2, 3), (3, 2, 2, 9), (9, 3, 3, 3), (3, 2, 2, 8), (8, 2, 2, 3), (3, 2, 2, 8), (8, 2, 2, 3), (3, 2, 2, 1)]
- [(1, 3, 3, 8), (8, 2, 2, 24), (24, 3, 3, 8), (8, 2, 2, 24), (24, 3, 3, 12), (12, 3, 3, 24), (24, 3, 3, 8), (8, 3, 3, 24), (24, 2, 2, 8), (8, 3, 3, 4), (4, 2, 2, 1)]
- [(1, 3, 3, 9), (9, 3, 3, 24), (24, 3, 3, 24), (24, 3, 3, 24), (24, 3, 3, 24), (24, 3, 3, 24), (24, 3, 3, 24), (24, 3, 3, 24), (24, 3, 3, 24), (24, 3, 3, 8), (8, 3, 3, 1)]
- [(1, 3, 3, 9), (9, 3, 3, 24), (24, 3, 3, 24), (24, 3, 3, 24), (24, 3, 3, 24), (24, 3, 3, 24), (24, 3, 3, 24), (24, 3, 3, 24), (24, 3, 3, 24), (24, 3, 3, 9), (9, 3, 3, 1)]
- [(1, 3, 3, 9), (9, 3, 3, 24), (24, 3, 3, 24), (24, 3, 3, 24), (24, 3, 3, 24), (24, 3, 3, 24), (24, 3, 3, 24), (24, 3, 3, 24), (24, 3, 3, 24), (24, 3, 3, 9), (9, 3, 3, 1)]
- [(1, 3, 3, 9), (9, 3, 3, 24), (24, 3, 3, 24), (24, 3, 3, 24), (24, 3, 3, 24), (24, 3, 3, 24), (24, 3, 3, 24), (24, 3, 3, 24), (24, 3, 3, 24), (24, 3, 3, 9), (9, 3, 3, 1)]
- [(1, 3, 3, 9), (9, 3, 3, 24), (24, 3, 3, 24), (24, 3, 3, 24), (24, 3, 3, 24), (24, 3, 3, 24), (24, 3, 3, 24), (24, 3, 3, 24), (24, 3, 3, 24), (24, 3, 3, 9), (9, 3, 3, 1)]
- [(1, 3, 3, 9), (9, 3, 3, 24), (24, 3, 3, 24), (24, 3, 3, 24), (24, 3, 3, 24), (24, 3, 3, 24), (24, 3, 3, 24), (24, 3, 3, 24), (24, 3, 3, 24), (24, 3, 3, 9), (9, 3, 3, 1)]
- [(1, 3, 3, 9), (9, 3, 3, 24), (24, 3, 3, 24), (24, 3, 3, 24), (24, 3, 3, 24), (24, 3, 3, 24), (24, 3, 3, 24), (24, 3, 3, 24), (24, 3, 3, 24), (24, 3, 3, 9), (9, 3, 3, 1)]
- [(1, 3, 3, 9), (9, 3, 3, 24), (24, 3, 3, 24), (24, 3, 3, 24), (24, 3, 3, 24), (24, 3, 3, 24), (24, 3, 3, 24), (24, 3, 3, 24), (24, 3, 3, 24), (24, 3, 3, 9), (9, 3, 3, 1)]
Lh truncation errors:
- [0.00000000e+00 7.84479530e-34 1.62853541e-36 2.88749938e-31
 5.64532483e-32 2.01934882e-31 1.36963616e-34 1.80000285e-31
 3.38133084e-36 2.04760578e-36]
- [9.29950864e-36 1.28193543e-16 8.68829240e-31 3.00199153e-21
 1.41861753e-30 1.48412360e-10 1.34770991e-30 4.87737327e-28
 2.70404083e-31 0.00000000e+00]
- [0.00000000e+00 4.77258160e-15 1.50270096e-07 2.98473378e-20
 7.33847195e-07 8.05424973e-13 1.86669365e-08 7.53822549e-24
 1.63341997e-07 4.83811846e-36]
- [0.00000000e+00 4.77935604e-06 2.23803198e-09 2.80203361e-06
 3.92039055e-09 1.21646575e-05 9.74444155e-11 2.76674925e-06
 8.91415044e-09 0.00000000e+00]
- [0.00000000e+00 6.10167414e-08 3.44433543e-06 1.44013760e-08
 1.69448225e-05 7.03059687e-08 2.62989540e-05 7.75284748e-09
 9.37262314e-06 0.00000000e+00]
- [0.00000000e+00 1.84047928e-05 4.57318483e-08 1.71234231e-05
 9.50551633e-08 2.13399825e-05 1.76260785e-07 6.85116523e-05
 1.07826482e-07 0.00000000e+00]
- [0.00000000e+00 9.13992708e-07 2.80217867e-05 4.64342070e-08
 2.56792868e-05 2.75972087e-07 6.16886619e-05 4.38938272e-07
 1.59991615e-05 0.00000000e+00]
- [0.00000000e+00 2.57562701e-05 1.23141736e-07 3.02933148e-05
 4.10548321e-07 3.24251928e-05 3.79668165e-07 4.09162606e-05
 3.47246433e-07 0.00000000e+00]
- [0.00000000e+00 1.06390930e-06 8.47890036e-05 1.85414335e-07
 2.37452934e-05 2.92336659e-07 2.79443929e-05 3.99963903e-07
 1.29725700e-05 0.00000000e+00]
- [0.00000000e+00 2.81776540e-05 1.37254636e-06 1.38038552e-05
 2.38352920e-07 6.55163286e-05 2.37890806e-07 1.03336860e-04
 4.70378247e-07 0.00000000e+00]
-> EL = <Lh|CC*> = 0.13234341542440342.
Orthogonality column 11:
-> EC = <ALhAL*|CC*|ARhAR*> = 5.808286540887726e-13.
=> E = 0.13234341542498426.
=> deltaE_bcc = 0.1323434154218765. 

chi_max_b = 54, combine_hs = False.
Lh leg dimensions:
- [(1, 3, 3, 9), (9, 3, 3, 54), (54, 3, 3, 54), (54, 3, 3, 54), (54, 3, 3, 54), (54, 3, 3, 54), (54, 3, 3, 54), (54, 3, 3, 54), (54, 3, 3, 54), (54, 3, 3, 9), (9, 3, 3, 1)]
- [(1, 3, 3, 9), (9, 3, 3, 54), (54, 3, 3, 54), (54, 3, 3, 54), (54, 3, 3, 54), (54, 3, 3, 54), (54, 3, 3, 54), (54, 3, 3, 54), (54, 3, 3, 54), (54, 3, 3, 9), (9, 3, 3, 1)]
- [(1, 3, 3, 9), (9, 3, 3, 54), (54, 3, 3, 54), (54, 3, 3, 54), (54, 3, 3, 54), (54, 3, 3, 54), (54, 3, 3, 54), (54, 3, 3, 54), (54, 3, 3, 54), (54, 3, 3, 9), (9, 3, 3, 1)]
- [(1, 3, 3, 9), (9, 3, 3, 54), (54, 3, 3, 54), (54, 3, 3, 54), (54, 3, 3, 54), (54, 3, 3, 54), (54, 3, 3, 54), (54, 3, 3, 54), (54, 3, 3, 54), (54, 3, 3, 9), (9, 3, 3, 1)]
- [(1, 3, 3, 9), (9, 3, 3, 54), (54, 3, 3, 54), (54, 3, 3, 54), (54, 3, 3, 54), (54, 3, 3, 54), (54, 3, 3, 54), (54, 3, 3, 54), (54, 3, 3, 54), (54, 3, 3, 9), (9, 3, 3, 1)]
- [(1, 3, 3, 9), (9, 3, 3, 54), (54, 3, 3, 54), (54, 3, 3, 54), (54, 3, 3, 54), (54, 3, 3, 54), (54, 3, 3, 54), (54, 3, 3, 54), (54, 3, 3, 54), (54, 3, 3, 9), (9, 3, 3, 1)]
- [(1, 3, 3, 9), (9, 3, 3, 54), (54, 3, 3, 54), (54, 3, 3, 54), (54, 3, 3, 54), (54, 3, 3, 54), (54, 3, 3, 54), (54, 3, 3, 54), (54, 3, 3, 54), (54, 3, 3, 9), (9, 3, 3, 1)]
- [(1, 3, 3, 9), (9, 3, 3, 54), (54, 3, 3, 54), (54, 3, 3, 54), (54, 3, 3, 54), (54, 3, 3, 54), (54, 3, 3, 54), (54, 3, 3, 54), (54, 3, 3, 54), (54, 3, 3, 9), (9, 3, 3, 1)]
- [(1, 3, 3, 9), (9, 3, 3, 54), (54, 3, 3, 18), (18, 3, 3, 54), (54, 3, 3, 18), (18, 3, 3, 54), (54, 3, 3, 18), (18, 3, 3, 54), (54, 3, 3, 18), (18, 3, 3, 9), (9, 3, 3, 1)]
- [(1, 3, 3, 9), (9, 3, 3, 18), (18, 3, 3, 18), (18, 3, 3, 19), (19, 3, 3, 18), (18, 3, 3, 19), (19, 3, 3, 18), (18, 3, 3, 18), (18, 3, 3, 18), (18, 3, 3, 9), (9, 3, 3, 1)]
Lh truncation errors:
- [0.00000000e+00 1.21095904e-11 2.92295471e-30 1.53482202e-04
 2.28845835e-30 6.57304138e-03 1.93237692e-30 3.69349803e-03
 2.51995758e-31 0.00000000e+00]
- [0.00000000e+00 4.30204869e-12 2.81902616e-30 2.09939647e-04
 2.48385007e-30 4.35630882e-03 2.16959399e-30 4.27532316e-03
 4.11343399e-31 0.00000000e+00]
- [0.00000000e+00 1.94158025e-12 2.98624915e-30 1.56177281e-04
 2.32310707e-30 9.98869185e-04 2.70512162e-30 9.29243453e-04
 4.12791200e-31 0.00000000e+00]
- [0.00000000e+00 5.47980554e-13 2.76086042e-30 6.39754338e-05
 2.31594370e-30 4.54664556e-04 2.85137768e-30 5.84666694e-04
 2.43212420e-31 0.00000000e+00]
- [0.00000000e+00 3.46573035e-13 2.83642722e-30 4.19961309e-05
 2.71676629e-30 3.94545270e-04 3.37263153e-30 4.16440380e-04
 2.58525830e-31 0.00000000e+00]
- [0.00000000e+00 5.18303784e-13 2.84698626e-30 2.63269258e-05
 2.63430356e-30 3.06635049e-04 3.01214306e-30 2.93926289e-04
 4.28496503e-31 0.00000000e+00]
- [0.00000000e+00 1.12991990e-13 2.83139823e-30 1.29017309e-05
 2.51144980e-30 1.31817187e-04 3.10911701e-30 6.58666844e-05
 4.23698567e-31 0.00000000e+00]
- [0.00000000e+00 2.70851548e-14 2.86200534e-30 2.18370748e-06
 2.90213413e-30 2.01735862e-05 2.97995816e-30 9.89876501e-06
 2.97812021e-31 0.00000000e+00]
- [0.00000000e+00 1.05150273e-15 3.70376255e-30 5.44008002e-08
 3.58012546e-30 4.43786396e-07 3.27524535e-30 2.84418014e-07
 8.20584956e-31 0.00000000e+00]
- [0.00000000e+00 4.91821456e-31 1.15410488e-30 2.88821060e-30
 1.68060800e-30 4.42853331e-30 1.66368659e-30 2.40045389e-30
 7.41164244e-31 0.00000000e+00]
-> EL = sum_n <Lh_n|CC*> = 0.04150231088763697.
Orthogonality column 11:
-> EC = <ALhAL*|CC*|ARhAR*> = 5.808286540887726e-13.
=> E = 0.0415023108882178.
=> deltaE_bc = 0.04150231088511003.
chi_max_b = 54, combine_hs = True.
Lh leg dimensions:
- [(1, 2, 2, 4), (4, 2, 2, 3), (3, 2, 2, 8), (8, 2, 2, 3), (3, 2, 2, 9), (9, 3, 3, 3), (3, 2, 2, 8), (8, 2, 2, 3), (3, 2, 2, 8), (8, 2, 2, 3), (3, 2, 2, 1)]
- [(1, 3, 3, 8), (8, 2, 2, 25), (25, 3, 3, 8), (8, 2, 2, 25), (25, 3, 3, 12), (12, 3, 3, 45), (45, 3, 3, 8), (8, 3, 3, 25), (25, 2, 2, 8), (8, 3, 3, 4), (4, 2, 2, 1)]
- [(1, 3, 3, 9), (9, 3, 3, 25), (25, 3, 3, 54), (54, 3, 3, 25), (25, 3, 3, 54), (54, 3, 3, 45), (45, 3, 3, 54), (54, 3, 3, 25), (25, 3, 3, 45), (45, 3, 3, 8), (8, 3, 3, 1)]
- [(1, 3, 3, 9), (9, 3, 3, 54), (54, 3, 3, 54), (54, 3, 3, 54), (54, 3, 3, 54), (54, 3, 3, 54), (54, 3, 3, 54), (54, 3, 3, 54), (54, 3, 3, 54), (54, 3, 3, 9), (9, 3, 3, 1)]
- [(1, 3, 3, 9), (9, 3, 3, 54), (54, 3, 3, 54), (54, 3, 3, 54), (54, 3, 3, 54), (54, 3, 3, 54), (54, 3, 3, 54), (54, 3, 3, 54), (54, 3, 3, 54), (54, 3, 3, 9), (9, 3, 3, 1)]
- [(1, 3, 3, 9), (9, 3, 3, 54), (54, 3, 3, 54), (54, 3, 3, 54), (54, 3, 3, 54), (54, 3, 3, 54), (54, 3, 3, 54), (54, 3, 3, 54), (54, 3, 3, 54), (54, 3, 3, 9), (9, 3, 3, 1)]
- [(1, 3, 3, 9), (9, 3, 3, 54), (54, 3, 3, 54), (54, 3, 3, 54), (54, 3, 3, 54), (54, 3, 3, 54), (54, 3, 3, 54), (54, 3, 3, 54), (54, 3, 3, 54), (54, 3, 3, 9), (9, 3, 3, 1)]
- [(1, 3, 3, 9), (9, 3, 3, 54), (54, 3, 3, 54), (54, 3, 3, 54), (54, 3, 3, 54), (54, 3, 3, 54), (54, 3, 3, 54), (54, 3, 3, 54), (54, 3, 3, 54), (54, 3, 3, 9), (9, 3, 3, 1)]
- [(1, 3, 3, 9), (9, 3, 3, 54), (54, 3, 3, 54), (54, 3, 3, 54), (54, 3, 3, 54), (54, 3, 3, 54), (54, 3, 3, 54), (54, 3, 3, 54), (54, 3, 3, 54), (54, 3, 3, 9), (9, 3, 3, 1)]
- [(1, 3, 3, 9), (9, 3, 3, 54), (54, 3, 3, 54), (54, 3, 3, 54), (54, 3, 3, 54), (54, 3, 3, 54), (54, 3, 3, 54), (54, 3, 3, 54), (54, 3, 3, 54), (54, 3, 3, 9), (9, 3, 3, 1)]
Lh truncation errors:
- [0.00000000e+00 4.09771498e-33 5.44320919e-36 2.88749938e-31
 5.40287841e-32 1.61253414e-31 1.39215230e-34 1.64631769e-31
 1.11817287e-35 2.32396979e-36]
- [7.74067691e-37 3.62619020e-32 9.11176893e-31 7.29672611e-32
 1.43695042e-30 4.54196066e-31 2.33481213e-30 5.98836782e-32
 2.72140143e-31 0.00000000e+00]
- [0.00000000e+00 6.39293424e-31 2.01838346e-11 2.93107545e-30
 8.73738391e-13 2.83413490e-30 2.79529239e-14 2.85395420e-30
 2.23583686e-31 8.02893247e-35]
- [0.00000000e+00 1.06708252e-11 1.14876316e-13 1.60914862e-08
 2.45531133e-15 9.92852242e-08 7.61183407e-18 6.58837437e-08
 2.66838776e-31 0.00000000e+00]
- [0.00000000e+00 1.23832236e-14 1.63712347e-07 3.38120792e-11
 5.83439033e-07 9.25833418e-10 7.11414454e-07 5.50893510e-11
 1.44190701e-10 0.00000000e+00]
- [0.00000000e+00 2.05202987e-10 3.18479325e-10 4.40929100e-07
 1.01022595e-09 1.47343615e-06 1.41667509e-09 4.43125364e-06
 2.37359800e-13 0.00000000e+00]
- [0.00000000e+00 2.24298267e-13 3.38584665e-06 9.69228202e-10
 2.45434251e-06 4.30391246e-09 6.14807676e-06 1.34980034e-08
 3.19035668e-09 0.00000000e+00]
- [0.00000000e+00 1.00153501e-09 5.05279049e-09 5.05317408e-06
 1.59945808e-08 2.18457882e-06 1.67050972e-08 5.28925268e-06
 2.72753289e-12 0.00000000e+00]
- [0.00000000e+00 2.01582545e-12 5.67634361e-06 1.33588608e-08
 3.37380278e-06 8.67796712e-09 5.50487338e-06 8.87276074e-09
 9.29427909e-10 0.00000000e+00]
- [0.00000000e+00 6.25098064e-11 1.95812160e-08 1.56711639e-06
 8.18579008e-09 1.11622998e-05 2.21641645e-08 9.77717183e-06
 2.06555708e-12 0.00000000e+00]
-> EL = <Lh|CC*> = 0.04124566141434817.
Orthogonality column 11:
-> EC = <ALhAL*|CC*|ARhAR*> = 5.808286540887726e-13.
=> E = 0.041245661414929.
=> deltaE_bcc = 0.041245661411821226. 

chi_max_b = 96, combine_hs = False.
Lh leg dimensions:
- [(1, 3, 3, 9), (9, 3, 3, 81), (81, 3, 3, 96), (96, 3, 3, 96), (96, 3, 3, 96), (96, 3, 3, 96), (96, 3, 3, 96), (96, 3, 3, 96), (96, 3, 3, 81), (81, 3, 3, 9), (9, 3, 3, 1)]
- [(1, 3, 3, 9), (9, 3, 3, 81), (81, 3, 3, 96), (96, 3, 3, 96), (96, 3, 3, 96), (96, 3, 3, 96), (96, 3, 3, 96), (96, 3, 3, 96), (96, 3, 3, 81), (81, 3, 3, 9), (9, 3, 3, 1)]
- [(1, 3, 3, 9), (9, 3, 3, 81), (81, 3, 3, 96), (96, 3, 3, 96), (96, 3, 3, 96), (96, 3, 3, 96), (96, 3, 3, 96), (96, 3, 3, 96), (96, 3, 3, 81), (81, 3, 3, 9), (9, 3, 3, 1)]
- [(1, 3, 3, 9), (9, 3, 3, 81), (81, 3, 3, 96), (96, 3, 3, 96), (96, 3, 3, 96), (96, 3, 3, 96), (96, 3, 3, 96), (96, 3, 3, 96), (96, 3, 3, 81), (81, 3, 3, 9), (9, 3, 3, 1)]
- [(1, 3, 3, 9), (9, 3, 3, 81), (81, 3, 3, 96), (96, 3, 3, 96), (96, 3, 3, 96), (96, 3, 3, 96), (96, 3, 3, 96), (96, 3, 3, 96), (96, 3, 3, 81), (81, 3, 3, 9), (9, 3, 3, 1)]
- [(1, 3, 3, 9), (9, 3, 3, 81), (81, 3, 3, 96), (96, 3, 3, 96), (96, 3, 3, 96), (96, 3, 3, 96), (96, 3, 3, 96), (96, 3, 3, 96), (96, 3, 3, 81), (81, 3, 3, 9), (9, 3, 3, 1)]
- [(1, 3, 3, 9), (9, 3, 3, 81), (81, 3, 3, 96), (96, 3, 3, 96), (96, 3, 3, 96), (96, 3, 3, 96), (96, 3, 3, 96), (96, 3, 3, 96), (96, 3, 3, 81), (81, 3, 3, 9), (9, 3, 3, 1)]
- [(1, 3, 3, 9), (9, 3, 3, 81), (81, 3, 3, 90), (90, 3, 3, 96), (96, 3, 3, 91), (91, 3, 3, 96), (96, 3, 3, 90), (90, 3, 3, 96), (96, 3, 3, 81), (81, 3, 3, 9), (9, 3, 3, 1)]
- [(1, 3, 3, 9), (9, 3, 3, 81), (81, 3, 3, 18), (18, 3, 3, 90), (90, 3, 3, 18), (18, 3, 3, 90), (90, 3, 3, 18), (18, 3, 3, 90), (90, 3, 3, 18), (18, 3, 3, 9), (9, 3, 3, 1)]
- [(1, 3, 3, 9), (9, 3, 3, 18), (18, 3, 3, 18), (18, 3, 3, 19), (19, 3, 3, 18), (18, 3, 3, 19), (19, 3, 3, 18), (18, 3, 3, 18), (18, 3, 3, 18), (18, 3, 3, 9), (9, 3, 3, 1)]
Lh truncation errors:
- [0.00000000e+00 0.00000000e+00 4.03148503e-30 3.86647968e-05
 3.96885782e-30 1.59956726e-03 3.29031800e-30 8.84718182e-04
 0.00000000e+00 0.00000000e+00]
- [0.00000000e+00 0.00000000e+00 3.93815657e-30 5.77464806e-05
 3.79729298e-30 1.12619822e-03 3.75940277e-30 9.96458471e-04
 0.00000000e+00 0.00000000e+00]
- [0.00000000e+00 0.00000000e+00 4.07514927e-30 3.98281883e-05
 3.81605816e-30 2.78332490e-04 4.68153738e-30 1.91426041e-04
 0.00000000e+00 0.00000000e+00]
- [0.00000000e+00 0.00000000e+00 4.08999821e-30 1.70667408e-05
 4.04444899e-30 1.24197958e-04 4.93601296e-30 1.09992585e-04
 0.00000000e+00 0.00000000e+00]
- [0.00000000e+00 0.00000000e+00 3.88860858e-30 9.95786923e-06
 4.65495105e-30 8.25259773e-05 5.77668931e-30 6.43077594e-05
 0.00000000e+00 0.00000000e+00]
- [0.00000000e+00 0.00000000e+00 3.78760773e-30 4.07278256e-06
 4.57318747e-30 5.49294380e-05 4.97032146e-30 3.85179268e-05
 0.00000000e+00 0.00000000e+00]
- [0.00000000e+00 0.00000000e+00 3.92864539e-30 1.32708267e-06
 4.64363129e-30 1.46797853e-05 5.63375616e-30 5.76436178e-06
 0.00000000e+00 0.00000000e+00]
- [0.00000000e+00 0.00000000e+00 3.97141288e-30 5.27379535e-08
 4.96513339e-30 4.67075882e-07 5.17629999e-30 2.37852399e-07
 0.00000000e+00 0.00000000e+00]
- [0.00000000e+00 0.00000000e+00 5.11175123e-30 4.58148016e-31
 6.39250525e-30 4.73291409e-31 5.39306818e-30 5.35359426e-31
 6.65088701e-31 0.00000000e+00]
- [0.00000000e+00 4.91433203e-31 1.14044907e-30 2.88212309e-30
 1.60866238e-30 4.41568971e-30 1.50356103e-30 1.96658429e-30
 7.70065569e-31 0.00000000e+00]
-> EL = sum_n <Lh_n|CC*> = 0.02882586879247731.
Orthogonality column 11:
-> EC = <ALhAL*|CC*|ARhAR*> = 5.808286540887726e-13.
=> E = 0.028825868793058138.
=> deltaE_bc = 0.028825868789950363.
chi_max_b = 96, combine_hs = True.
Lh leg dimensions:
- [(1, 2, 2, 4), (4, 2, 2, 3), (3, 2, 2, 8), (8, 2, 2, 3), (3, 2, 2, 9), (9, 3, 3, 3), (3, 2, 2, 8), (8, 2, 2, 3), (3, 2, 2, 8), (8, 2, 2, 3), (3, 2, 2, 1)]
- [(1, 3, 3, 8), (8, 2, 2, 25), (25, 3, 3, 8), (8, 2, 2, 25), (25, 3, 3, 12), (12, 3, 3, 45), (45, 3, 3, 8), (8, 3, 3, 25), (25, 2, 2, 8), (8, 3, 3, 4), (4, 2, 2, 1)]
- [(1, 3, 3, 9), (9, 3, 3, 25), (25, 3, 3, 96), (96, 3, 3, 25), (25, 3, 3, 96), (96, 3, 3, 45), (45, 3, 3, 96), (96, 3, 3, 25), (25, 3, 3, 45), (45, 3, 3, 8), (8, 3, 3, 1)]
- [(1, 3, 3, 9), (9, 3, 3, 81), (81, 3, 3, 96), (96, 3, 3, 96), (96, 3, 3, 96), (96, 3, 3, 96), (96, 3, 3, 96), (96, 3, 3, 96), (96, 3, 3, 49), (49, 3, 3, 9), (9, 3, 3, 1)]
- [(1, 3, 3, 9), (9, 3, 3, 81), (81, 3, 3, 96), (96, 3, 3, 96), (96, 3, 3, 96), (96, 3, 3, 96), (96, 3, 3, 96), (96, 3, 3, 96), (96, 3, 3, 81), (81, 3, 3, 9), (9, 3, 3, 1)]
- [(1, 3, 3, 9), (9, 3, 3, 81), (81, 3, 3, 96), (96, 3, 3, 96), (96, 3, 3, 96), (96, 3, 3, 96), (96, 3, 3, 96), (96, 3, 3, 96), (96, 3, 3, 81), (81, 3, 3, 9), (9, 3, 3, 1)]
- [(1, 3, 3, 9), (9, 3, 3, 81), (81, 3, 3, 96), (96, 3, 3, 96), (96, 3, 3, 96), (96, 3, 3, 96), (96, 3, 3, 96), (96, 3, 3, 96), (96, 3, 3, 81), (81, 3, 3, 9), (9, 3, 3, 1)]
- [(1, 3, 3, 9), (9, 3, 3, 81), (81, 3, 3, 96), (96, 3, 3, 96), (96, 3, 3, 96), (96, 3, 3, 96), (96, 3, 3, 96), (96, 3, 3, 96), (96, 3, 3, 81), (81, 3, 3, 9), (9, 3, 3, 1)]
- [(1, 3, 3, 9), (9, 3, 3, 81), (81, 3, 3, 96), (96, 3, 3, 96), (96, 3, 3, 96), (96, 3, 3, 96), (96, 3, 3, 96), (96, 3, 3, 96), (96, 3, 3, 81), (81, 3, 3, 9), (9, 3, 3, 1)]
- [(1, 3, 3, 9), (9, 3, 3, 81), (81, 3, 3, 96), (96, 3, 3, 96), (96, 3, 3, 96), (96, 3, 3, 96), (96, 3, 3, 96), (96, 3, 3, 96), (96, 3, 3, 81), (81, 3, 3, 9), (9, 3, 3, 1)]
Lh truncation errors:
- [0.00000000e+00 2.43218710e-33 1.53375182e-36 2.88749938e-31
 5.47291852e-32 1.88708966e-31 2.96558127e-35 1.62137122e-31
 1.94377323e-36 8.12975218e-37]
- [4.53336161e-36 3.62647757e-32 9.08138101e-31 7.29673766e-32
 1.44145530e-30 4.54196066e-31 2.28834106e-30 5.98844500e-32
 2.75058431e-31 0.00000000e+00]
- [0.00000000e+00 7.44532207e-31 2.32977956e-18 5.36249276e-30
 5.57616812e-22 5.27354040e-30 2.49559759e-25 2.38980614e-30
 2.23562197e-31 1.32512302e-35]
- [0.00000000e+00 0.00000000e+00 9.14408144e-22 1.07886723e-10
 9.66488188e-25 1.81544178e-11 2.54057876e-27 4.45273437e-11
 1.19738097e-30 0.00000000e+00]
- [0.00000000e+00 0.00000000e+00 1.12896768e-08 9.03412913e-14
 8.04028761e-09 1.82056061e-14 4.75033522e-09 1.30596345e-14
 0.00000000e+00 0.00000000e+00]
- [0.00000000e+00 0.00000000e+00 6.04362755e-12 1.54579649e-08
 6.93845957e-12 1.26219305e-07 7.83368198e-12 1.40415049e-07
 0.00000000e+00 0.00000000e+00]
- [0.00000000e+00 0.00000000e+00 3.45287881e-07 1.75819653e-11
 2.52161901e-07 2.91892396e-10 5.77396886e-07 1.98209795e-10
 0.00000000e+00 0.00000000e+00]
- [0.00000000e+00 0.00000000e+00 1.71091904e-10 9.59681947e-07
 5.56522575e-10 3.11990424e-07 1.03500228e-09 5.92815148e-07
 0.00000000e+00 0.00000000e+00]
- [0.00000000e+00 0.00000000e+00 6.89184710e-07 1.45650348e-09
 7.42737826e-07 6.15332077e-10 1.12863978e-06 3.43555630e-10
 0.00000000e+00 0.00000000e+00]
- [0.00000000e+00 0.00000000e+00 4.41208801e-10 3.40472464e-07
 1.20528099e-09 2.59750392e-06 3.61518483e-09 1.65644271e-06
 0.00000000e+00 0.00000000e+00]
-> EL = <Lh|CC*> = 0.025574772422311234.
Orthogonality column 11:
-> EC = <ALhAL*|CC*|ARhAR*> = 5.808286540887726e-13.
=> E = 0.02557477242289206.
=> deltaE_bcc = 0.025574772419784286. 

chi_max_b = 150, combine_hs = False.
Lh leg dimensions:
- [(1, 3, 3, 9), (9, 3, 3, 81), (81, 3, 3, 150), (150, 3, 3, 150), (150, 3, 3, 150), (150, 3, 3, 150), (150, 3, 3, 150), (150, 3, 3, 150), (150, 3, 3, 81), (81, 3, 3, 9), (9, 3, 3, 1)]
- [(1, 3, 3, 9), (9, 3, 3, 81), (81, 3, 3, 150), (150, 3, 3, 150), (150, 3, 3, 150), (150, 3, 3, 150), (150, 3, 3, 150), (150, 3, 3, 150), (150, 3, 3, 81), (81, 3, 3, 9), (9, 3, 3, 1)]
- [(1, 3, 3, 9), (9, 3, 3, 81), (81, 3, 3, 150), (150, 3, 3, 150), (150, 3, 3, 150), (150, 3, 3, 150), (150, 3, 3, 150), (150, 3, 3, 150), (150, 3, 3, 81), (81, 3, 3, 9), (9, 3, 3, 1)]
- [(1, 3, 3, 9), (9, 3, 3, 81), (81, 3, 3, 150), (150, 3, 3, 150), (150, 3, 3, 150), (150, 3, 3, 150), (150, 3, 3, 150), (150, 3, 3, 150), (150, 3, 3, 81), (81, 3, 3, 9), (9, 3, 3, 1)]
- [(1, 3, 3, 9), (9, 3, 3, 81), (81, 3, 3, 150), (150, 3, 3, 150), (150, 3, 3, 150), (150, 3, 3, 150), (150, 3, 3, 150), (150, 3, 3, 150), (150, 3, 3, 81), (81, 3, 3, 9), (9, 3, 3, 1)]
- [(1, 3, 3, 9), (9, 3, 3, 81), (81, 3, 3, 150), (150, 3, 3, 150), (150, 3, 3, 150), (150, 3, 3, 150), (150, 3, 3, 150), (150, 3, 3, 150), (150, 3, 3, 81), (81, 3, 3, 9), (9, 3, 3, 1)]
- [(1, 3, 3, 9), (9, 3, 3, 81), (81, 3, 3, 150), (150, 3, 3, 150), (150, 3, 3, 150), (150, 3, 3, 150), (150, 3, 3, 150), (150, 3, 3, 150), (150, 3, 3, 81), (81, 3, 3, 9), (9, 3, 3, 1)]
- [(1, 3, 3, 9), (9, 3, 3, 81), (81, 3, 3, 90), (90, 3, 3, 150), (150, 3, 3, 90), (90, 3, 3, 150), (150, 3, 3, 90), (90, 3, 3, 150), (150, 3, 3, 81), (81, 3, 3, 9), (9, 3, 3, 1)]
- [(1, 3, 3, 9), (9, 3, 3, 81), (81, 3, 3, 18), (18, 3, 3, 90), (90, 3, 3, 18), (18, 3, 3, 90), (90, 3, 3, 18), (18, 3, 3, 90), (90, 3, 3, 18), (18, 3, 3, 9), (9, 3, 3, 1)]
- [(1, 3, 3, 9), (9, 3, 3, 18), (18, 3, 3, 18), (18, 3, 3, 19), (19, 3, 3, 18), (18, 3, 3, 19), (19, 3, 3, 18), (18, 3, 3, 18), (18, 3, 3, 18), (18, 3, 3, 9), (9, 3, 3, 1)]
Lh truncation errors:
- [0.00000000e+00 0.00000000e+00 3.55180452e-30 1.07085868e-05
 6.16001771e-30 3.73749641e-04 5.12290846e-30 1.92874180e-04
 0.00000000e+00 0.00000000e+00]
- [0.00000000e+00 0.00000000e+00 3.51293444e-30 1.74555125e-05
 5.79722981e-30 2.82834775e-04 6.03235975e-30 2.04751402e-04
 0.00000000e+00 0.00000000e+00]
- [0.00000000e+00 0.00000000e+00 3.52844475e-30 1.05414794e-05
 5.94100611e-30 7.28413228e-05 7.64048118e-30 4.21350942e-05
 0.00000000e+00 0.00000000e+00]
- [0.00000000e+00 0.00000000e+00 3.72674152e-30 4.47999074e-06
 7.00829254e-30 3.42148641e-05 8.16912925e-30 2.18015740e-05
 0.00000000e+00 0.00000000e+00]
- [0.00000000e+00 0.00000000e+00 3.45558222e-30 2.55298349e-06
 7.14840685e-30 1.77901736e-05 7.85757712e-30 9.92639266e-06
 0.00000000e+00 0.00000000e+00]
- [0.00000000e+00 0.00000000e+00 3.49155916e-30 7.38161009e-07
 7.29987217e-30 9.98219849e-06 7.80670107e-30 5.51185674e-06
 0.00000000e+00 0.00000000e+00]
- [0.00000000e+00 0.00000000e+00 3.51470427e-30 1.30626784e-07
 7.02720660e-30 1.67132073e-06 8.31183181e-30 6.95104105e-07
 0.00000000e+00 0.00000000e+00]
- [0.00000000e+00 0.00000000e+00 3.96407639e-30 2.82022581e-10
 8.48104456e-30 2.02487684e-09 8.16249585e-30 1.20805299e-09
 0.00000000e+00 0.00000000e+00]
- [0.00000000e+00 0.00000000e+00 5.13245491e-30 4.58149513e-31
 6.75138245e-30 4.69510920e-31 5.36871506e-30 5.37025354e-31
 6.67043694e-31 0.00000000e+00]
- [0.00000000e+00 4.91750855e-31 1.17114630e-30 2.88646555e-30
 1.76211643e-30 4.39111913e-30 1.48862308e-30 2.00364054e-30
 7.38794750e-31 0.00000000e+00]
-> EL = sum_n <Lh_n|CC*> = 0.02449497146417055.
Orthogonality column 11:
-> EC = <ALhAL*|CC*|ARhAR*> = 5.808286540887726e-13.
=> E = 0.024494971464751377.
=> deltaE_bc = 0.024494971461643603.
chi_max_b = 150, combine_hs = True.
Lh leg dimensions:
- [(1, 2, 2, 4), (4, 2, 2, 3), (3, 2, 2, 8), (8, 2, 2, 3), (3, 2, 2, 9), (9, 3, 3, 3), (3, 2, 2, 8), (8, 2, 2, 3), (3, 2, 2, 8), (8, 2, 2, 3), (3, 2, 2, 1)]
- [(1, 3, 3, 8), (8, 2, 2, 25), (25, 3, 3, 8), (8, 2, 2, 25), (25, 3, 3, 12), (12, 3, 3, 45), (45, 3, 3, 8), (8, 3, 3, 25), (25, 2, 2, 8), (8, 3, 3, 4), (4, 2, 2, 1)]
- [(1, 3, 3, 9), (9, 3, 3, 25), (25, 3, 3, 117), (117, 3, 3, 25), (25, 3, 3, 117), (117, 3, 3, 45), (45, 3, 3, 110), (110, 3, 3, 25), (25, 3, 3, 45), (45, 3, 3, 8), (8, 3, 3, 1)]
- [(1, 3, 3, 9), (9, 3, 3, 81), (81, 3, 3, 117), (117, 3, 3, 150), (150, 3, 3, 117), (117, 3, 3, 150), (150, 3, 3, 107), (107, 3, 3, 150), (150, 3, 3, 45), (45, 3, 3, 9), (9, 3, 3, 1)]
- [(1, 3, 3, 9), (9, 3, 3, 81), (81, 3, 3, 150), (150, 3, 3, 150), (150, 3, 3, 150), (150, 3, 3, 150), (150, 3, 3, 150), (150, 3, 3, 150), (150, 3, 3, 81), (81, 3, 3, 9), (9, 3, 3, 1)]
- [(1, 3, 3, 9), (9, 3, 3, 81), (81, 3, 3, 150), (150, 3, 3, 150), (150, 3, 3, 150), (150, 3, 3, 150), (150, 3, 3, 150), (150, 3, 3, 150), (150, 3, 3, 81), (81, 3, 3, 9), (9, 3, 3, 1)]
- [(1, 3, 3, 9), (9, 3, 3, 81), (81, 3, 3, 150), (150, 3, 3, 150), (150, 3, 3, 150), (150, 3, 3, 150), (150, 3, 3, 150), (150, 3, 3, 150), (150, 3, 3, 81), (81, 3, 3, 9), (9, 3, 3, 1)]
- [(1, 3, 3, 9), (9, 3, 3, 81), (81, 3, 3, 150), (150, 3, 3, 150), (150, 3, 3, 150), (150, 3, 3, 150), (150, 3, 3, 150), (150, 3, 3, 150), (150, 3, 3, 81), (81, 3, 3, 9), (9, 3, 3, 1)]
- [(1, 3, 3, 9), (9, 3, 3, 81), (81, 3, 3, 150), (150, 3, 3, 150), (150, 3, 3, 150), (150, 3, 3, 150), (150, 3, 3, 150), (150, 3, 3, 150), (150, 3, 3, 81), (81, 3, 3, 9), (9, 3, 3, 1)]
- [(1, 3, 3, 9), (9, 3, 3, 81), (81, 3, 3, 150), (150, 3, 3, 150), (150, 3, 3, 150), (150, 3, 3, 150), (150, 3, 3, 150), (150, 3, 3, 150), (150, 3, 3, 81), (81, 3, 3, 9), (9, 3, 3, 1)]
Lh truncation errors:
- [0.00000000e+00 4.94222507e-34 1.34034830e-36 2.92504696e-31
 5.25247048e-32 1.85339172e-31 1.62134320e-34 1.75577014e-31
 5.44983028e-36 1.44841770e-35]
- [1.54026097e-36 3.62646129e-32 9.14423017e-31 7.29672185e-32
 1.46450981e-30 4.54196066e-31 2.38115861e-30 2.56794186e-31
 2.69689177e-31 0.00000000e+00]
- [0.00000000e+00 5.74853114e-31 6.94719326e-31 6.56576096e-30
 1.26121383e-30 6.09624494e-30 2.37780103e-30 2.63441903e-30
 2.23537248e-31 2.57066017e-35]
- [0.00000000e+00 0.00000000e+00 3.92123843e-30 3.73456539e-13
 8.12573718e-30 7.13779178e-15 8.92972876e-30 6.22633759e-14
 5.45885300e-31 0.00000000e+00]
- [0.00000000e+00 0.00000000e+00 4.80847345e-10 2.26132262e-16
 1.83905801e-10 2.71121828e-18 4.58649051e-11 3.44263626e-18
 0.00000000e+00 0.00000000e+00]
- [0.00000000e+00 0.00000000e+00 4.48643931e-14 7.87120134e-10
 9.39708819e-14 1.06978562e-08 3.53430658e-14 2.08779072e-09
 0.00000000e+00 0.00000000e+00]
- [0.00000000e+00 0.00000000e+00 2.52485988e-08 3.67865556e-13
 2.84256663e-08 1.83802882e-11 6.36086878e-08 6.69704282e-13
 0.00000000e+00 0.00000000e+00]
- [0.00000000e+00 0.00000000e+00 6.82492685e-13 1.67188171e-07
 4.89208434e-11 5.46293185e-08 8.32677346e-11 5.50762006e-08
 0.00000000e+00 0.00000000e+00]
- [0.00000000e+00 0.00000000e+00 1.29353096e-07 1.44648116e-10
 1.69299106e-07 6.15055399e-11 2.37783769e-07 7.29823412e-12
 0.00000000e+00 0.00000000e+00]
- [0.00000000e+00 0.00000000e+00 4.25202335e-12 8.44797268e-08
 1.35103639e-10 6.52358271e-07 3.92935818e-10 3.16902035e-07
 0.00000000e+00 0.00000000e+00]
-> EL = <Lh|CC*> = 0.023839345182051087.
Orthogonality column 11:
-> EC = <ALhAL*|CC*|ARhAR*> = 5.808286540887726e-13.
=> E = 0.023839345182631914.
=> deltaE_bcc = 0.02383934517952414. 

chi_max_b = 216, combine_hs = False.
Lh leg dimensions:
- [(1, 3, 3, 9), (9, 3, 3, 81), (81, 3, 3, 216), (216, 3, 3, 216), (216, 3, 3, 216), (216, 3, 3, 216), (216, 3, 3, 216), (216, 3, 3, 216), (216, 3, 3, 81), (81, 3, 3, 9), (9, 3, 3, 1)]
- [(1, 3, 3, 9), (9, 3, 3, 81), (81, 3, 3, 216), (216, 3, 3, 216), (216, 3, 3, 216), (216, 3, 3, 216), (216, 3, 3, 216), (216, 3, 3, 216), (216, 3, 3, 81), (81, 3, 3, 9), (9, 3, 3, 1)]
- [(1, 3, 3, 9), (9, 3, 3, 81), (81, 3, 3, 216), (216, 3, 3, 216), (216, 3, 3, 216), (216, 3, 3, 216), (216, 3, 3, 216), (216, 3, 3, 216), (216, 3, 3, 81), (81, 3, 3, 9), (9, 3, 3, 1)]
- [(1, 3, 3, 9), (9, 3, 3, 81), (81, 3, 3, 216), (216, 3, 3, 216), (216, 3, 3, 216), (216, 3, 3, 216), (216, 3, 3, 216), (216, 3, 3, 216), (216, 3, 3, 81), (81, 3, 3, 9), (9, 3, 3, 1)]
- [(1, 3, 3, 9), (9, 3, 3, 81), (81, 3, 3, 216), (216, 3, 3, 216), (216, 3, 3, 216), (216, 3, 3, 216), (216, 3, 3, 216), (216, 3, 3, 216), (216, 3, 3, 81), (81, 3, 3, 9), (9, 3, 3, 1)]
- [(1, 3, 3, 9), (9, 3, 3, 81), (81, 3, 3, 216), (216, 3, 3, 216), (216, 3, 3, 216), (216, 3, 3, 216), (216, 3, 3, 216), (216, 3, 3, 216), (216, 3, 3, 81), (81, 3, 3, 9), (9, 3, 3, 1)]
- [(1, 3, 3, 9), (9, 3, 3, 81), (81, 3, 3, 162), (162, 3, 3, 216), (216, 3, 3, 162), (162, 3, 3, 216), (216, 3, 3, 162), (162, 3, 3, 216), (216, 3, 3, 81), (81, 3, 3, 9), (9, 3, 3, 1)]
- [(1, 3, 3, 9), (9, 3, 3, 81), (81, 3, 3, 90), (90, 3, 3, 162), (162, 3, 3, 91), (91, 3, 3, 162), (162, 3, 3, 91), (91, 3, 3, 162), (162, 3, 3, 81), (81, 3, 3, 9), (9, 3, 3, 1)]
- [(1, 3, 3, 9), (9, 3, 3, 81), (81, 3, 3, 18), (18, 3, 3, 90), (90, 3, 3, 18), (18, 3, 3, 90), (90, 3, 3, 18), (18, 3, 3, 90), (90, 3, 3, 18), (18, 3, 3, 9), (9, 3, 3, 1)]
- [(1, 3, 3, 9), (9, 3, 3, 18), (18, 3, 3, 18), (18, 3, 3, 19), (19, 3, 3, 18), (18, 3, 3, 19), (19, 3, 3, 18), (18, 3, 3, 18), (18, 3, 3, 18), (18, 3, 3, 9), (9, 3, 3, 1)]
Lh truncation errors:
- [0.00000000e+00 0.00000000e+00 3.16730265e-30 2.96967600e-06
 8.89729702e-30 9.59544715e-05 7.03470492e-30 3.07738257e-05
 0.00000000e+00 0.00000000e+00]
- [0.00000000e+00 0.00000000e+00 3.09805748e-30 4.85847269e-06
 8.18862135e-30 7.96794337e-05 8.59754477e-30 3.05108513e-05
 0.00000000e+00 0.00000000e+00]
- [0.00000000e+00 0.00000000e+00 3.12904146e-30 2.66640461e-06
 8.42495020e-30 2.10347682e-05 1.10615058e-29 6.62452878e-06
 0.00000000e+00 0.00000000e+00]
- [0.00000000e+00 0.00000000e+00 3.35989976e-30 1.13590045e-06
 9.66258992e-30 9.96820333e-06 1.15583337e-29 3.18565383e-06
 0.00000000e+00 0.00000000e+00]
- [0.00000000e+00 0.00000000e+00 3.13378118e-30 5.89111225e-07
 1.04859578e-29 3.95650687e-06 1.10181406e-29 1.24886077e-06
 0.00000000e+00 0.00000000e+00]
- [0.00000000e+00 0.00000000e+00 3.14252770e-30 1.45215564e-07
 9.99745109e-30 1.85126221e-06 1.08344658e-29 6.12473133e-07
 0.00000000e+00 0.00000000e+00]
- [0.00000000e+00 0.00000000e+00 3.43088777e-30 1.17716915e-08
 9.89969747e-30 1.62063059e-07 1.20390262e-29 5.27891924e-08
 0.00000000e+00 0.00000000e+00]
- [0.00000000e+00 0.00000000e+00 3.95743911e-30 4.12909259e-30
 8.65822724e-30 4.42791366e-30 8.81525917e-30 5.58103261e-30
 0.00000000e+00 0.00000000e+00]
- [0.00000000e+00 0.00000000e+00 5.29853933e-30 4.58104893e-31
 6.33685785e-30 6.60756805e-31 5.06758024e-30 5.36823314e-31
 6.55456371e-31 0.00000000e+00]
- [0.00000000e+00 4.92896071e-31 1.17263453e-30 3.03739107e-30
 1.60621787e-30 4.39416353e-30 1.47742448e-30 1.99412910e-30
 7.14029348e-31 0.00000000e+00]
-> EL = sum_n <Lh_n|CC*> = 0.023818333669303377.
Orthogonality column 11:
-> EC = <ALhAL*|CC*|ARhAR*> = 5.808286540887726e-13.
=> E = 0.023818333669884204.
=> deltaE_bc = 0.02381833366677643.
chi_max_b = 216, combine_hs = True.
Lh leg dimensions:
- [(1, 2, 2, 4), (4, 2, 2, 3), (3, 2, 2, 8), (8, 2, 2, 3), (3, 2, 2, 9), (9, 3, 3, 3), (3, 2, 2, 8), (8, 2, 2, 3), (3, 2, 2, 8), (8, 2, 2, 3), (3, 2, 2, 1)]
- [(1, 3, 3, 8), (8, 2, 2, 25), (25, 3, 3, 8), (8, 2, 2, 25), (25, 3, 3, 12), (12, 3, 3, 45), (45, 3, 3, 9), (9, 3, 3, 25), (25, 2, 2, 8), (8, 3, 3, 4), (4, 2, 2, 1)]
- [(1, 3, 3, 9), (9, 3, 3, 25), (25, 3, 3, 117), (117, 3, 3, 25), (25, 3, 3, 117), (117, 3, 3, 45), (45, 3, 3, 111), (111, 3, 3, 25), (25, 3, 3, 45), (45, 3, 3, 8), (8, 3, 3, 1)]
- [(1, 3, 3, 9), (9, 3, 3, 81), (81, 3, 3, 117), (117, 3, 3, 216), (216, 3, 3, 117), (117, 3, 3, 216), (216, 3, 3, 105), (105, 3, 3, 216), (216, 3, 3, 45), (45, 3, 3, 9), (9, 3, 3, 1)]
- [(1, 3, 3, 9), (9, 3, 3, 81), (81, 3, 3, 216), (216, 3, 3, 216), (216, 3, 3, 216), (216, 3, 3, 216), (216, 3, 3, 216), (216, 3, 3, 216), (216, 3, 3, 81), (81, 3, 3, 9), (9, 3, 3, 1)]
- [(1, 3, 3, 9), (9, 3, 3, 81), (81, 3, 3, 216), (216, 3, 3, 216), (216, 3, 3, 216), (216, 3, 3, 216), (216, 3, 3, 216), (216, 3, 3, 216), (216, 3, 3, 81), (81, 3, 3, 9), (9, 3, 3, 1)]
- [(1, 3, 3, 9), (9, 3, 3, 81), (81, 3, 3, 216), (216, 3, 3, 216), (216, 3, 3, 216), (216, 3, 3, 216), (216, 3, 3, 216), (216, 3, 3, 216), (216, 3, 3, 81), (81, 3, 3, 9), (9, 3, 3, 1)]
- [(1, 3, 3, 9), (9, 3, 3, 81), (81, 3, 3, 216), (216, 3, 3, 216), (216, 3, 3, 216), (216, 3, 3, 216), (216, 3, 3, 216), (216, 3, 3, 216), (216, 3, 3, 81), (81, 3, 3, 9), (9, 3, 3, 1)]
- [(1, 3, 3, 9), (9, 3, 3, 81), (81, 3, 3, 216), (216, 3, 3, 216), (216, 3, 3, 216), (216, 3, 3, 216), (216, 3, 3, 216), (216, 3, 3, 216), (216, 3, 3, 81), (81, 3, 3, 9), (9, 3, 3, 1)]
- [(1, 3, 3, 9), (9, 3, 3, 81), (81, 3, 3, 216), (216, 3, 3, 216), (216, 3, 3, 216), (216, 3, 3, 216), (216, 3, 3, 216), (216, 3, 3, 216), (216, 3, 3, 81), (81, 3, 3, 9), (9, 3, 3, 1)]
Lh truncation errors:
- [0.00000000e+00 2.15246768e-33 1.46561275e-35 2.90258702e-31
 5.55773077e-32 1.86355899e-31 1.19807509e-34 1.54103016e-31
 4.41424268e-36 1.50849362e-35]
- [2.59236159e-36 3.62661827e-32 9.17401244e-31 7.29673206e-32
 1.37662005e-30 4.54196066e-31 2.16467533e-30 5.98716253e-32
 2.77590891e-31 0.00000000e+00]
- [0.00000000e+00 7.44532207e-31 6.94891885e-31 6.56672860e-30
 1.26121383e-30 6.16999618e-30 2.03686349e-30 2.60001788e-30
 2.23524281e-31 1.59946442e-35]
- [0.00000000e+00 0.00000000e+00 3.92029033e-30 1.77365991e-16
 1.21533062e-29 1.31668528e-17 1.41114420e-29 2.11830767e-16
 5.71139385e-31 0.00000000e+00]
- [0.00000000e+00 0.00000000e+00 7.54968320e-12 4.87190803e-20
 5.82161484e-12 2.77309587e-21 6.35281733e-13 1.08434179e-21
 0.00000000e+00 0.00000000e+00]
- [0.00000000e+00 0.00000000e+00 2.55139008e-17 6.89001465e-11
 2.49463833e-15 1.03380408e-09 2.56110940e-16 3.48102803e-11
 0.00000000e+00 0.00000000e+00]
- [0.00000000e+00 0.00000000e+00 1.60444269e-09 2.72615337e-14
 3.62347534e-09 9.75995985e-13 7.40842175e-09 6.74961605e-16
 0.00000000e+00 0.00000000e+00]
- [0.00000000e+00 0.00000000e+00 1.77998860e-15 2.88259166e-08
 2.55609770e-12 1.09857591e-08 7.28439756e-12 3.30506721e-09
 0.00000000e+00 0.00000000e+00]
- [0.00000000e+00 0.00000000e+00 1.94009374e-08 1.60327999e-11
 3.91073448e-08 7.10605727e-12 4.71883855e-08 1.24465138e-14
 0.00000000e+00 0.00000000e+00]
- [0.00000000e+00 0.00000000e+00 1.36727795e-14 2.06719842e-08
 1.89665565e-11 1.67760031e-07 5.05219404e-11 5.30115813e-08
 0.00000000e+00 0.00000000e+00]
-> EL = <Lh|CC*> = 0.023507205404479394.
Orthogonality column 11:
-> EC = <ALhAL*|CC*|ARhAR*> = 5.808286540887726e-13.
=> E = 0.02350720540506022.
=> deltaE_bcc = 0.023507205401952447. 

for chi_max_bs = [24, 54, 96, 150, 216]:
- without combining hs: 
deltaEs = [0.11474366 0.04150231 0.02882587 0.02449497 0.02381833], 
maximal truncation errors = [2.48785369e-02 6.57304138e-03 1.59956726e-03 3.73749641e-04
 9.59544715e-05]. 
- with combining hs: 
deltaEs = [0.13234342 0.04124566 0.02557477 0.02383935 0.02350721], 
maximal truncation errors = [1.03336860e-04 1.11622998e-05 2.59750392e-06 6.52358271e-07
 1.67760031e-07].
