Lx = 6, Ly = 6, g = 3.0, D_max = 4, chi_max_c = 24, zeroE = True. 

E = sum_n <iso_peps|h_n|iso_peps> = sum_n [ 6.37264221e-14  4.77985707e-14  7.13838710e-14  3.97550048e-13
 -4.61679306e-14  2.44727849e-13  4.03354433e-13  4.27199942e-13
  2.31446806e-14  3.89441729e-13  7.37019636e-13] 
  = 2.7591792522090904e-12. 

chi_max_b = 24, combine_hs = False.
Lh leg dimensions:
- [(1, 4, 4, 16), (16, 4, 4, 24), (24, 4, 4, 24), (24, 4, 4, 24), (24, 4, 4, 24), (24, 4, 4, 24), (24, 4, 4, 24), (24, 4, 4, 24), (24, 4, 4, 24), (24, 4, 4, 16), (16, 4, 4, 1)]
- [(1, 4, 4, 16), (16, 4, 4, 24), (24, 4, 4, 24), (24, 4, 4, 24), (24, 4, 4, 24), (24, 4, 4, 24), (24, 4, 4, 24), (24, 4, 4, 24), (24, 4, 4, 24), (24, 4, 4, 16), (16, 4, 4, 1)]
- [(1, 4, 4, 16), (16, 4, 4, 24), (24, 4, 4, 24), (24, 4, 4, 24), (24, 4, 4, 24), (24, 4, 4, 24), (24, 4, 4, 24), (24, 4, 4, 24), (24, 4, 4, 24), (24, 4, 4, 16), (16, 4, 4, 1)]
- [(1, 4, 4, 16), (16, 4, 4, 24), (24, 4, 4, 24), (24, 4, 4, 24), (24, 4, 4, 24), (24, 4, 4, 24), (24, 4, 4, 24), (24, 4, 4, 24), (24, 4, 4, 24), (24, 4, 4, 16), (16, 4, 4, 1)]
- [(1, 4, 4, 16), (16, 4, 4, 24), (24, 4, 4, 24), (24, 4, 4, 24), (24, 4, 4, 24), (24, 4, 4, 24), (24, 4, 4, 24), (24, 4, 4, 24), (24, 4, 4, 24), (24, 4, 4, 16), (16, 4, 4, 1)]
- [(1, 4, 4, 16), (16, 4, 4, 24), (24, 4, 4, 24), (24, 4, 4, 24), (24, 4, 4, 24), (24, 4, 4, 24), (24, 4, 4, 24), (24, 4, 4, 24), (24, 4, 4, 24), (24, 4, 4, 16), (16, 4, 4, 1)]
- [(1, 4, 4, 16), (16, 4, 4, 24), (24, 4, 4, 24), (24, 4, 4, 24), (24, 4, 4, 24), (24, 4, 4, 24), (24, 4, 4, 24), (24, 4, 4, 24), (24, 4, 4, 24), (24, 4, 4, 16), (16, 4, 4, 1)]
- [(1, 4, 4, 16), (16, 4, 4, 24), (24, 4, 4, 24), (24, 4, 4, 24), (24, 4, 4, 24), (24, 4, 4, 24), (24, 4, 4, 24), (24, 4, 4, 24), (24, 4, 4, 24), (24, 4, 4, 16), (16, 4, 4, 1)]
- [(1, 4, 4, 16), (16, 4, 4, 24), (24, 4, 4, 24), (24, 4, 4, 24), (24, 4, 4, 24), (24, 4, 4, 24), (24, 4, 4, 24), (24, 4, 4, 24), (24, 4, 4, 24), (24, 4, 4, 16), (16, 4, 4, 1)]
- [(1, 4, 4, 16), (16, 4, 4, 24), (24, 4, 4, 24), (24, 4, 4, 24), (24, 4, 4, 24), (24, 4, 4, 24), (24, 4, 4, 24), (24, 4, 4, 24), (24, 4, 4, 24), (24, 4, 4, 16), (16, 4, 4, 1)]
Lh truncation errors:
- [0.00000000e+00 3.06222941e-02 2.81403155e-30 6.83113407e-03
 3.47224007e-30 1.54932835e-03 2.79588575e-30 9.01280387e-03
 2.63711685e-30 0.00000000e+00]
- [0.00000000e+00 1.26830558e-02 2.71953464e-30 6.49442414e-03
 3.60610591e-30 1.54523990e-03 2.95127312e-30 1.25804228e-02
 2.73874600e-30 0.00000000e+00]
- [0.00000000e+00 8.92398017e-03 2.94697756e-30 6.89699999e-03
 2.85473693e-30 1.47408811e-03 3.09085519e-30 1.06936323e-02
 2.57227467e-30 0.00000000e+00]
- [0.00000000e+00 9.98124404e-03 3.64271560e-30 4.30224853e-03
 3.25411124e-30 6.84487544e-04 2.99816828e-30 7.39191665e-03
 2.70260756e-30 0.00000000e+00]
- [0.00000000e+00 6.88740816e-03 3.42582854e-30 1.75439492e-03
 2.95077198e-30 4.15621607e-04 2.97897747e-30 4.39339764e-03
 2.51630095e-30 0.00000000e+00]
- [0.00000000e+00 5.00225568e-03 3.22910412e-30 2.00198086e-03
 2.96125709e-30 4.81666081e-04 2.91198625e-30 4.99404543e-03
 2.51633701e-30 0.00000000e+00]
- [0.00000000e+00 4.93005004e-03 3.36741178e-30 2.36717988e-03
 3.29132909e-30 7.45017639e-04 3.25368367e-30 5.18701373e-03
 2.82128949e-30 0.00000000e+00]
- [0.00000000e+00 3.58587555e-03 2.90616786e-30 2.28579502e-03
 3.03539144e-30 4.84202845e-04 3.24209830e-30 3.24086941e-03
 2.83678596e-30 0.00000000e+00]
- [0.00000000e+00 2.09951928e-03 3.43809051e-30 1.03340545e-03
 3.00849352e-30 3.44514269e-04 3.12915725e-30 2.16843094e-03
 2.56160452e-30 0.00000000e+00]
- [0.00000000e+00 3.78296096e-04 6.28601795e-06 2.26716242e-04
 1.82346064e-06 8.44994918e-05 2.94979230e-06 5.77922010e-04
 6.92368020e-06 0.00000000e+00]
-> EL = sum_n <Lh_n|CC*> = -0.6407436909907414.
Orthogonality column 11:
-> EC = <ALhAL*|CC*|ARhAR*> = 7.37019636317229e-13.
=> E = -0.6407436909900044.
=> deltaE_bc = -0.6407436909927635.
chi_max_b = 24, combine_hs = True.
Lh leg dimensions:
- [(1, 2, 2, 4), (4, 2, 2, 3), (3, 2, 2, 8), (8, 2, 2, 3), (3, 2, 2, 9), (9, 4, 4, 3), (3, 2, 2, 8), (8, 2, 2, 3), (3, 2, 2, 8), (8, 2, 2, 3), (3, 2, 2, 1)]
- [(1, 4, 4, 8), (8, 2, 2, 24), (24, 4, 4, 8), (8, 2, 2, 24), (24, 4, 4, 13), (13, 4, 4, 24), (24, 4, 4, 8), (8, 4, 4, 24), (24, 2, 2, 8), (8, 4, 4, 4), (4, 2, 2, 1)]
- [(1, 4, 4, 16), (16, 4, 4, 24), (24, 4, 4, 24), (24, 4, 4, 24), (24, 4, 4, 24), (24, 4, 4, 24), (24, 4, 4, 24), (24, 4, 4, 24), (24, 4, 4, 24), (24, 4, 4, 9), (9, 4, 4, 1)]
- [(1, 4, 4, 16), (16, 4, 4, 24), (24, 4, 4, 24), (24, 4, 4, 24), (24, 4, 4, 24), (24, 4, 4, 24), (24, 4, 4, 24), (24, 4, 4, 24), (24, 4, 4, 24), (24, 4, 4, 16), (16, 4, 4, 1)]
- [(1, 4, 4, 16), (16, 4, 4, 24), (24, 4, 4, 24), (24, 4, 4, 24), (24, 4, 4, 24), (24, 4, 4, 24), (24, 4, 4, 24), (24, 4, 4, 24), (24, 4, 4, 24), (24, 4, 4, 16), (16, 4, 4, 1)]
- [(1, 4, 4, 16), (16, 4, 4, 24), (24, 4, 4, 24), (24, 4, 4, 24), (24, 4, 4, 24), (24, 4, 4, 24), (24, 4, 4, 24), (24, 4, 4, 24), (24, 4, 4, 24), (24, 4, 4, 16), (16, 4, 4, 1)]
- [(1, 4, 4, 16), (16, 4, 4, 24), (24, 4, 4, 24), (24, 4, 4, 24), (24, 4, 4, 24), (24, 4, 4, 24), (24, 4, 4, 24), (24, 4, 4, 24), (24, 4, 4, 24), (24, 4, 4, 16), (16, 4, 4, 1)]
- [(1, 4, 4, 16), (16, 4, 4, 24), (24, 4, 4, 24), (24, 4, 4, 24), (24, 4, 4, 24), (24, 4, 4, 24), (24, 4, 4, 24), (24, 4, 4, 24), (24, 4, 4, 24), (24, 4, 4, 16), (16, 4, 4, 1)]
- [(1, 4, 4, 16), (16, 4, 4, 24), (24, 4, 4, 24), (24, 4, 4, 24), (24, 4, 4, 24), (24, 4, 4, 24), (24, 4, 4, 24), (24, 4, 4, 24), (24, 4, 4, 24), (24, 4, 4, 16), (16, 4, 4, 1)]
- [(1, 4, 4, 16), (16, 4, 4, 24), (24, 4, 4, 24), (24, 4, 4, 24), (24, 4, 4, 24), (24, 4, 4, 24), (24, 4, 4, 24), (24, 4, 4, 24), (24, 4, 4, 24), (24, 4, 4, 16), (16, 4, 4, 1)]
Lh truncation errors:
- [0.00000000e+00 6.07330986e-33 2.57167219e-35 2.91416066e-31
 1.31288807e-31 1.60874517e-31 1.79387201e-35 1.52719220e-31
 8.41958098e-36 3.04676111e-35]
- [5.19621546e-33 1.71270479e-13 8.68487014e-31 1.03613314e-18
 3.07498625e-30 2.26037840e-06 3.76465190e-30 1.56358244e-16
 5.69294257e-31 0.00000000e+00]
- [0.00000000e+00 7.68369460e-11 2.00566770e-05 6.85482515e-18
 1.29263184e-05 1.29291925e-06 4.22902349e-05 7.69034337e-14
 4.96020495e-05 1.24169359e-32]
- [0.00000000e+00 2.36478433e-04 6.66927410e-07 5.06486081e-05
 1.11566960e-06 1.97003075e-04 1.22022881e-06 1.79057711e-04
 3.80823215e-06 0.00000000e+00]
- [0.00000000e+00 7.62176621e-06 2.20733763e-04 1.13236378e-06
 1.34328406e-04 2.40868716e-06 1.10122352e-04 2.11432367e-06
 1.94850322e-04 0.00000000e+00]
- [0.00000000e+00 3.31795069e-04 1.73942709e-06 1.39708062e-04
 2.61948595e-06 8.39086033e-05 1.58968253e-06 1.85915927e-04
 4.59721212e-06 0.00000000e+00]
- [0.00000000e+00 1.56142357e-05 3.09867601e-04 2.21045071e-06
 7.67044681e-05 1.76827084e-06 1.08480373e-04 4.27849418e-06
 2.31920479e-04 0.00000000e+00]
- [0.00000000e+00 3.83689881e-04 3.70029226e-06 1.50564752e-04
 1.22251096e-06 5.06540462e-05 2.04160349e-06 2.80700306e-04
 7.73023706e-06 0.00000000e+00]
- [0.00000000e+00 7.19654982e-06 3.63410525e-04 3.04604111e-06
 5.48430153e-05 7.98863238e-07 1.02279734e-04 3.37668682e-06
 2.60903687e-04 0.00000000e+00]
- [0.00000000e+00 3.30043767e-04 5.02619062e-06 1.70522678e-04
 1.44856023e-06 4.39074835e-05 1.97954975e-06 3.41556845e-04
 1.02877238e-05 0.00000000e+00]
-> EL = <Lh|CC*> = -0.19994135537776825.
Orthogonality column 11:
-> EC = <ALhAL*|CC*|ARhAR*> = 7.37019636317229e-13.
=> E = -0.19994135537703123.
=> deltaE_bcc = -0.1999413553797904. 

chi_max_b = 54, combine_hs = False.
Lh leg dimensions:
- [(1, 4, 4, 16), (16, 4, 4, 54), (54, 4, 4, 54), (54, 4, 4, 54), (54, 4, 4, 54), (54, 4, 4, 54), (54, 4, 4, 54), (54, 4, 4, 54), (54, 4, 4, 54), (54, 4, 4, 16), (16, 4, 4, 1)]
- [(1, 4, 4, 16), (16, 4, 4, 54), (54, 4, 4, 54), (54, 4, 4, 54), (54, 4, 4, 54), (54, 4, 4, 54), (54, 4, 4, 54), (54, 4, 4, 54), (54, 4, 4, 54), (54, 4, 4, 16), (16, 4, 4, 1)]
- [(1, 4, 4, 16), (16, 4, 4, 54), (54, 4, 4, 54), (54, 4, 4, 54), (54, 4, 4, 54), (54, 4, 4, 54), (54, 4, 4, 54), (54, 4, 4, 54), (54, 4, 4, 54), (54, 4, 4, 16), (16, 4, 4, 1)]
- [(1, 4, 4, 16), (16, 4, 4, 54), (54, 4, 4, 54), (54, 4, 4, 54), (54, 4, 4, 54), (54, 4, 4, 54), (54, 4, 4, 54), (54, 4, 4, 54), (54, 4, 4, 54), (54, 4, 4, 16), (16, 4, 4, 1)]
- [(1, 4, 4, 16), (16, 4, 4, 54), (54, 4, 4, 54), (54, 4, 4, 54), (54, 4, 4, 54), (54, 4, 4, 54), (54, 4, 4, 54), (54, 4, 4, 54), (54, 4, 4, 54), (54, 4, 4, 16), (16, 4, 4, 1)]
- [(1, 4, 4, 16), (16, 4, 4, 54), (54, 4, 4, 54), (54, 4, 4, 54), (54, 4, 4, 54), (54, 4, 4, 54), (54, 4, 4, 54), (54, 4, 4, 54), (54, 4, 4, 54), (54, 4, 4, 16), (16, 4, 4, 1)]
- [(1, 4, 4, 16), (16, 4, 4, 54), (54, 4, 4, 54), (54, 4, 4, 54), (54, 4, 4, 54), (54, 4, 4, 54), (54, 4, 4, 54), (54, 4, 4, 54), (54, 4, 4, 54), (54, 4, 4, 16), (16, 4, 4, 1)]
- [(1, 4, 4, 16), (16, 4, 4, 54), (54, 4, 4, 54), (54, 4, 4, 54), (54, 4, 4, 54), (54, 4, 4, 54), (54, 4, 4, 54), (54, 4, 4, 54), (54, 4, 4, 54), (54, 4, 4, 16), (16, 4, 4, 1)]
- [(1, 4, 4, 16), (16, 4, 4, 54), (54, 4, 4, 33), (33, 4, 4, 54), (54, 4, 4, 32), (32, 4, 4, 54), (54, 4, 4, 33), (33, 4, 4, 54), (54, 4, 4, 32), (32, 4, 4, 16), (16, 4, 4, 1)]
- [(1, 4, 4, 16), (16, 4, 4, 32), (32, 4, 4, 33), (33, 4, 4, 32), (32, 4, 4, 32), (32, 4, 4, 32), (32, 4, 4, 32), (32, 4, 4, 32), (32, 4, 4, 32), (32, 4, 4, 16), (16, 4, 4, 1)]
Lh truncation errors:
- [0.00000000e+00 1.19664949e-02 6.42695954e-30 4.01998952e-03
 7.29562138e-30 8.51596816e-04 6.96020654e-30 4.71616852e-03
 2.16660267e-30 0.00000000e+00]
- [0.00000000e+00 5.21160929e-03 6.41225214e-30 3.60219127e-03
 8.20565212e-30 8.95663361e-04 8.01257559e-30 6.72097163e-03
 2.10469861e-30 0.00000000e+00]
- [0.00000000e+00 4.11740309e-03 5.81644799e-30 2.76104414e-03
 6.16198015e-30 6.40484777e-04 6.16231871e-30 5.05579630e-03
 2.11839749e-30 0.00000000e+00]
- [0.00000000e+00 4.10971916e-03 6.40752529e-30 1.99532122e-03
 7.88017596e-30 3.02155173e-04 7.67079001e-30 3.66417455e-03
 2.14136103e-30 0.00000000e+00]
- [0.00000000e+00 2.78304121e-03 6.53533756e-30 1.02216834e-03
 7.41208526e-30 2.04925178e-04 7.27865554e-30 2.53296677e-03
 2.12253845e-30 0.00000000e+00]
- [0.00000000e+00 2.05647931e-03 6.12416375e-30 1.04873436e-03
 7.93903634e-30 2.14057528e-04 6.77166550e-30 2.89723321e-03
 2.13314589e-30 0.00000000e+00]
- [0.00000000e+00 1.86409029e-03 6.14441536e-30 8.98511908e-04
 7.36712994e-30 2.40875909e-04 7.01931211e-30 2.42090823e-03
 2.14786573e-30 0.00000000e+00]
- [0.00000000e+00 9.87908076e-04 6.25968383e-30 6.24772097e-04
 7.54472728e-30 1.66933006e-04 6.41225941e-30 1.44206281e-03
 2.13950631e-30 0.00000000e+00]
- [0.00000000e+00 3.96724300e-04 6.63781573e-30 1.82537746e-04
 7.47734013e-30 6.88478049e-05 6.31530471e-30 4.73325208e-04
 2.36586253e-30 0.00000000e+00]
- [0.00000000e+00 2.19498099e-30 3.79836933e-30 8.42966086e-30
 4.07821493e-30 4.55603604e-30 4.12512653e-30 4.97279751e-30
 2.37481501e-30 0.00000000e+00]
-> EL = sum_n <Lh_n|CC*> = 0.1721978911624497.
Orthogonality column 11:
-> EC = <ALhAL*|CC*|ARhAR*> = 7.37019636317229e-13.
=> E = 0.17219789116318673.
=> deltaE_bc = 0.17219789116042755.
chi_max_b = 54, combine_hs = True.
Lh leg dimensions:
- [(1, 2, 2, 4), (4, 2, 2, 3), (3, 2, 2, 8), (8, 2, 2, 3), (3, 2, 2, 9), (9, 4, 4, 3), (3, 2, 2, 8), (8, 2, 2, 3), (3, 2, 2, 8), (8, 2, 2, 3), (3, 2, 2, 1)]
- [(1, 4, 4, 8), (8, 2, 2, 29), (29, 4, 4, 8), (8, 2, 2, 29), (29, 4, 4, 13), (13, 4, 4, 54), (54, 4, 4, 9), (9, 4, 4, 29), (29, 2, 2, 8), (8, 4, 4, 4), (4, 2, 2, 1)]
- [(1, 4, 4, 16), (16, 4, 4, 33), (33, 4, 4, 54), (54, 4, 4, 33), (33, 4, 4, 54), (54, 4, 4, 54), (54, 4, 4, 54), (54, 4, 4, 33), (33, 4, 4, 54), (54, 4, 4, 9), (9, 4, 4, 1)]
- [(1, 4, 4, 16), (16, 4, 4, 54), (54, 4, 4, 54), (54, 4, 4, 54), (54, 4, 4, 54), (54, 4, 4, 54), (54, 4, 4, 54), (54, 4, 4, 54), (54, 4, 4, 54), (54, 4, 4, 16), (16, 4, 4, 1)]
- [(1, 4, 4, 16), (16, 4, 4, 54), (54, 4, 4, 54), (54, 4, 4, 54), (54, 4, 4, 54), (54, 4, 4, 54), (54, 4, 4, 54), (54, 4, 4, 54), (54, 4, 4, 54), (54, 4, 4, 16), (16, 4, 4, 1)]
- [(1, 4, 4, 16), (16, 4, 4, 54), (54, 4, 4, 54), (54, 4, 4, 54), (54, 4, 4, 54), (54, 4, 4, 54), (54, 4, 4, 54), (54, 4, 4, 54), (54, 4, 4, 54), (54, 4, 4, 16), (16, 4, 4, 1)]
- [(1, 4, 4, 16), (16, 4, 4, 54), (54, 4, 4, 54), (54, 4, 4, 54), (54, 4, 4, 54), (54, 4, 4, 54), (54, 4, 4, 54), (54, 4, 4, 54), (54, 4, 4, 54), (54, 4, 4, 16), (16, 4, 4, 1)]
- [(1, 4, 4, 16), (16, 4, 4, 54), (54, 4, 4, 54), (54, 4, 4, 54), (54, 4, 4, 54), (54, 4, 4, 54), (54, 4, 4, 54), (54, 4, 4, 54), (54, 4, 4, 54), (54, 4, 4, 16), (16, 4, 4, 1)]
- [(1, 4, 4, 16), (16, 4, 4, 54), (54, 4, 4, 54), (54, 4, 4, 54), (54, 4, 4, 54), (54, 4, 4, 54), (54, 4, 4, 54), (54, 4, 4, 54), (54, 4, 4, 54), (54, 4, 4, 16), (16, 4, 4, 1)]
- [(1, 4, 4, 16), (16, 4, 4, 54), (54, 4, 4, 54), (54, 4, 4, 54), (54, 4, 4, 54), (54, 4, 4, 54), (54, 4, 4, 54), (54, 4, 4, 54), (54, 4, 4, 54), (54, 4, 4, 16), (16, 4, 4, 1)]
Lh truncation errors:
- [0.00000000e+00 2.62573190e-33 3.47924771e-35 2.88642920e-31
 1.37950521e-31 1.59344957e-31 1.36634781e-35 1.52900197e-31
 4.35106617e-36 1.49288532e-36]
- [2.57390927e-33 2.02406537e-31 1.06713040e-30 6.01407504e-32
 3.99859975e-30 5.92893537e-17 5.63643460e-30 2.16537373e-31
 5.55975297e-31 0.00000000e+00]
- [0.00000000e+00 2.40754867e-30 5.27464250e-08 6.64850104e-30
 6.19329369e-08 6.42974238e-19 2.41158088e-07 7.11149412e-30
 1.44462468e-06 1.30635944e-32]
- [0.00000000e+00 3.83236408e-05 3.06309162e-10 2.43120732e-06
 4.37818607e-10 3.69795155e-05 1.10104085e-09 1.35596444e-05
 3.39475001e-08 0.00000000e+00]
- [0.00000000e+00 3.42097086e-07 3.66279445e-05 5.87190530e-09
 3.12472846e-05 3.94459784e-08 3.25463991e-05 1.56450101e-08
 1.88792795e-05 0.00000000e+00]
- [0.00000000e+00 8.17480967e-05 4.42755754e-08 3.46697571e-05
 1.02915008e-07 2.24488505e-05 7.18931568e-08 4.44905395e-05
 2.35317263e-07 0.00000000e+00]
- [0.00000000e+00 7.82536402e-07 1.11209879e-04 6.03230387e-08
 2.45727883e-05 5.93481017e-08 3.98134232e-05 1.42774396e-07
 2.98472163e-05 0.00000000e+00]
- [0.00000000e+00 1.24332589e-04 2.21336070e-07 5.40281731e-05
 8.07234314e-08 1.84331073e-05 9.35496531e-08 1.26790191e-04
 9.26721012e-07 0.00000000e+00]
- [0.00000000e+00 1.35584357e-06 1.84223248e-04 1.89924683e-07
 1.98303464e-05 7.23089899e-08 3.96506157e-05 3.54459563e-07
 3.78447512e-05 0.00000000e+00]
- [0.00000000e+00 1.17568738e-04 6.59191733e-07 6.86113438e-05
 1.02047503e-07 1.54404433e-05 1.40995393e-07 1.56447359e-04
 1.48316678e-06 0.00000000e+00]
-> EL = <Lh|CC*> = 0.3000008622406242.
Orthogonality column 11:
-> EC = <ALhAL*|CC*|ARhAR*> = 7.37019636317229e-13.
=> E = 0.30000086224136124.
=> deltaE_bcc = 0.30000086223860206. 

chi_max_b = 96, combine_hs = False.
Lh leg dimensions:
- [(1, 4, 4, 16), (16, 4, 4, 96), (96, 4, 4, 96), (96, 4, 4, 96), (96, 4, 4, 96), (96, 4, 4, 96), (96, 4, 4, 96), (96, 4, 4, 96), (96, 4, 4, 96), (96, 4, 4, 16), (16, 4, 4, 1)]
- [(1, 4, 4, 16), (16, 4, 4, 96), (96, 4, 4, 96), (96, 4, 4, 96), (96, 4, 4, 96), (96, 4, 4, 96), (96, 4, 4, 96), (96, 4, 4, 96), (96, 4, 4, 96), (96, 4, 4, 16), (16, 4, 4, 1)]
- [(1, 4, 4, 16), (16, 4, 4, 96), (96, 4, 4, 96), (96, 4, 4, 96), (96, 4, 4, 96), (96, 4, 4, 96), (96, 4, 4, 96), (96, 4, 4, 96), (96, 4, 4, 96), (96, 4, 4, 16), (16, 4, 4, 1)]
- [(1, 4, 4, 16), (16, 4, 4, 96), (96, 4, 4, 96), (96, 4, 4, 96), (96, 4, 4, 96), (96, 4, 4, 96), (96, 4, 4, 96), (96, 4, 4, 96), (96, 4, 4, 96), (96, 4, 4, 16), (16, 4, 4, 1)]
- [(1, 4, 4, 16), (16, 4, 4, 96), (96, 4, 4, 96), (96, 4, 4, 96), (96, 4, 4, 96), (96, 4, 4, 96), (96, 4, 4, 96), (96, 4, 4, 96), (96, 4, 4, 96), (96, 4, 4, 16), (16, 4, 4, 1)]
- [(1, 4, 4, 16), (16, 4, 4, 96), (96, 4, 4, 96), (96, 4, 4, 96), (96, 4, 4, 96), (96, 4, 4, 96), (96, 4, 4, 96), (96, 4, 4, 96), (96, 4, 4, 96), (96, 4, 4, 16), (16, 4, 4, 1)]
- [(1, 4, 4, 16), (16, 4, 4, 96), (96, 4, 4, 96), (96, 4, 4, 96), (96, 4, 4, 96), (96, 4, 4, 96), (96, 4, 4, 96), (96, 4, 4, 96), (96, 4, 4, 96), (96, 4, 4, 16), (16, 4, 4, 1)]
- [(1, 4, 4, 16), (16, 4, 4, 96), (96, 4, 4, 96), (96, 4, 4, 96), (96, 4, 4, 96), (96, 4, 4, 96), (96, 4, 4, 96), (96, 4, 4, 96), (96, 4, 4, 96), (96, 4, 4, 16), (16, 4, 4, 1)]
- [(1, 4, 4, 16), (16, 4, 4, 96), (96, 4, 4, 33), (33, 4, 4, 96), (96, 4, 4, 33), (33, 4, 4, 96), (96, 4, 4, 33), (33, 4, 4, 96), (96, 4, 4, 32), (32, 4, 4, 16), (16, 4, 4, 1)]
- [(1, 4, 4, 16), (16, 4, 4, 32), (32, 4, 4, 32), (32, 4, 4, 32), (32, 4, 4, 32), (32, 4, 4, 32), (32, 4, 4, 32), (32, 4, 4, 32), (32, 4, 4, 32), (32, 4, 4, 16), (16, 4, 4, 1)]
Lh truncation errors:
- [0.00000000e+00 3.46095382e-03 9.63326716e-30 2.71614082e-03
 1.11210798e-29 4.89450371e-04 1.13366829e-29 2.72331397e-03
 1.74009416e-30 0.00000000e+00]
- [0.00000000e+00 1.63952227e-03 9.89395330e-30 1.99627808e-03
 1.16556592e-29 5.20939082e-04 1.07572396e-29 3.60462207e-03
 1.69511616e-30 0.00000000e+00]
- [0.00000000e+00 1.19770874e-03 9.94987846e-30 1.41665949e-03
 1.06895489e-29 3.02457266e-04 1.09574855e-29 2.47908833e-03
 1.70978770e-30 0.00000000e+00]
- [0.00000000e+00 1.14261935e-03 1.04756265e-29 9.89536197e-04
 1.07994744e-29 1.66986834e-04 1.07853173e-29 1.87146230e-03
 1.77885252e-30 0.00000000e+00]
- [0.00000000e+00 8.20267022e-04 1.11313641e-29 6.09813086e-04
 1.14002582e-29 1.11713801e-04 1.11221049e-29 1.36625682e-03
 1.71561518e-30 0.00000000e+00]
- [0.00000000e+00 5.75448851e-04 1.12314013e-29 5.30362294e-04
 1.24173233e-29 1.00592522e-04 1.10773993e-29 1.40578949e-03
 1.72483558e-30 0.00000000e+00]
- [0.00000000e+00 3.84488107e-04 1.07375572e-29 4.07748507e-04
 1.09151608e-29 8.69372582e-05 1.19330610e-29 1.00043268e-03
 1.73623019e-30 0.00000000e+00]
- [0.00000000e+00 1.48784692e-04 1.07856189e-29 2.23895078e-04
 1.21921956e-29 4.54013339e-05 1.09554630e-29 5.85524888e-04
 1.73078906e-30 0.00000000e+00]
- [0.00000000e+00 3.80256114e-05 1.20747003e-29 3.58937467e-05
 1.16976824e-29 1.07239004e-05 1.13074420e-29 1.29709551e-04
 2.36194258e-30 0.00000000e+00]
- [0.00000000e+00 2.19533075e-30 4.06818443e-30 8.09426245e-30
 3.95058202e-30 4.57556512e-30 4.23357931e-30 5.53618342e-30
 2.37839120e-30 0.00000000e+00]
-> EL = sum_n <Lh_n|CC*> = 0.04765291331180591.
Orthogonality column 11:
-> EC = <ALhAL*|CC*|ARhAR*> = 7.37019636317229e-13.
=> E = 0.047652913312542934.
=> deltaE_bc = 0.04765291330978375.
chi_max_b = 96, combine_hs = True.
Lh leg dimensions:
- [(1, 2, 2, 4), (4, 2, 2, 3), (3, 2, 2, 8), (8, 2, 2, 3), (3, 2, 2, 9), (9, 4, 4, 3), (3, 2, 2, 8), (8, 2, 2, 3), (3, 2, 2, 8), (8, 2, 2, 3), (3, 2, 2, 1)]
- [(1, 4, 4, 8), (8, 2, 2, 29), (29, 4, 4, 8), (8, 2, 2, 29), (29, 4, 4, 13), (13, 4, 4, 80), (80, 4, 4, 8), (8, 4, 4, 29), (29, 2, 2, 8), (8, 4, 4, 4), (4, 2, 2, 1)]
- [(1, 4, 4, 16), (16, 4, 4, 32), (32, 4, 4, 96), (96, 4, 4, 33), (33, 4, 4, 96), (96, 4, 4, 80), (80, 4, 4, 96), (96, 4, 4, 32), (32, 4, 4, 80), (80, 4, 4, 9), (9, 4, 4, 1)]
- [(1, 4, 4, 16), (16, 4, 4, 96), (96, 4, 4, 96), (96, 4, 4, 96), (96, 4, 4, 96), (96, 4, 4, 96), (96, 4, 4, 96), (96, 4, 4, 96), (96, 4, 4, 96), (96, 4, 4, 16), (16, 4, 4, 1)]
- [(1, 4, 4, 16), (16, 4, 4, 96), (96, 4, 4, 96), (96, 4, 4, 96), (96, 4, 4, 96), (96, 4, 4, 96), (96, 4, 4, 96), (96, 4, 4, 96), (96, 4, 4, 96), (96, 4, 4, 16), (16, 4, 4, 1)]
- [(1, 4, 4, 16), (16, 4, 4, 96), (96, 4, 4, 96), (96, 4, 4, 96), (96, 4, 4, 96), (96, 4, 4, 96), (96, 4, 4, 96), (96, 4, 4, 96), (96, 4, 4, 96), (96, 4, 4, 16), (16, 4, 4, 1)]
- [(1, 4, 4, 16), (16, 4, 4, 96), (96, 4, 4, 96), (96, 4, 4, 96), (96, 4, 4, 96), (96, 4, 4, 96), (96, 4, 4, 96), (96, 4, 4, 96), (96, 4, 4, 96), (96, 4, 4, 16), (16, 4, 4, 1)]
- [(1, 4, 4, 16), (16, 4, 4, 96), (96, 4, 4, 96), (96, 4, 4, 96), (96, 4, 4, 96), (96, 4, 4, 96), (96, 4, 4, 96), (96, 4, 4, 96), (96, 4, 4, 96), (96, 4, 4, 16), (16, 4, 4, 1)]
- [(1, 4, 4, 16), (16, 4, 4, 96), (96, 4, 4, 96), (96, 4, 4, 96), (96, 4, 4, 96), (96, 4, 4, 96), (96, 4, 4, 96), (96, 4, 4, 96), (96, 4, 4, 96), (96, 4, 4, 16), (16, 4, 4, 1)]
- [(1, 4, 4, 16), (16, 4, 4, 96), (96, 4, 4, 96), (96, 4, 4, 96), (96, 4, 4, 96), (96, 4, 4, 96), (96, 4, 4, 96), (96, 4, 4, 96), (96, 4, 4, 96), (96, 4, 4, 16), (16, 4, 4, 1)]
Lh truncation errors:
- [0.00000000e+00 3.79826281e-34 1.01269636e-34 2.88642920e-31
 1.31848224e-31 1.58853139e-31 1.00161177e-35 1.59301996e-31
 9.20169721e-36 7.59748857e-38]
- [3.06736974e-33 2.02405186e-31 1.06963758e-30 6.00974088e-32
 3.38991403e-30 6.61257954e-31 4.53684133e-30 2.16537373e-31
 5.70434778e-31 0.00000000e+00]
- [0.00000000e+00 2.28671378e-30 8.55495514e-11 1.15380136e-29
 1.52627157e-11 1.10578673e-29 4.04987488e-11 1.01051993e-29
 4.48539133e-31 3.28359522e-32]
- [0.00000000e+00 4.46669948e-06 1.75897511e-13 3.96740852e-07
 9.85616128e-15 9.46716806e-06 1.30273323e-14 3.31706995e-06
 1.77998168e-30 0.00000000e+00]
- [0.00000000e+00 2.07378998e-08 1.17423629e-05 1.04394130e-09
 6.76337582e-06 1.18967148e-08 7.31013940e-06 3.07420257e-09
 4.56032801e-08 0.00000000e+00]
- [0.00000000e+00 1.52365056e-05 1.32664274e-08 1.11233740e-05
 1.77335707e-08 6.35110338e-06 8.63479198e-09 1.61463661e-05
 1.67560062e-11 0.00000000e+00]
- [0.00000000e+00 1.51517534e-07 4.57258645e-05 1.64751345e-08
 7.53868834e-06 1.06388527e-08 1.51546014e-05 3.70298535e-08
 3.67531313e-07 0.00000000e+00]
- [0.00000000e+00 3.02327762e-05 9.60987656e-08 2.06479035e-05
 2.14587131e-08 6.51215451e-06 2.51421000e-08 5.95346837e-05
 5.88548856e-10 0.00000000e+00]
- [0.00000000e+00 2.97927807e-07 9.40340520e-05 4.90839739e-08
 7.63252877e-06 1.55869841e-08 1.60066500e-05 9.65896268e-08
 2.56295287e-06 0.00000000e+00]
- [0.00000000e+00 3.53014389e-05 2.50862155e-07 3.13591026e-05
 2.11833826e-08 5.79461296e-06 4.29727348e-08 7.12804862e-05
 2.99287426e-08 0.00000000e+00]
-> EL = <Lh|CC*> = 0.0983183786235584.
Orthogonality column 11:
-> EC = <ALhAL*|CC*|ARhAR*> = 7.37019636317229e-13.
=> E = 0.09831837862429542.
=> deltaE_bcc = 0.09831837862153624. 

chi_max_b = 150, combine_hs = False.
Lh leg dimensions:
- [(1, 4, 4, 16), (16, 4, 4, 150), (150, 4, 4, 150), (150, 4, 4, 150), (150, 4, 4, 150), (150, 4, 4, 150), (150, 4, 4, 150), (150, 4, 4, 150), (150, 4, 4, 150), (150, 4, 4, 16), (16, 4, 4, 1)]
- [(1, 4, 4, 16), (16, 4, 4, 150), (150, 4, 4, 150), (150, 4, 4, 150), (150, 4, 4, 150), (150, 4, 4, 150), (150, 4, 4, 150), (150, 4, 4, 150), (150, 4, 4, 150), (150, 4, 4, 16), (16, 4, 4, 1)]
- [(1, 4, 4, 16), (16, 4, 4, 150), (150, 4, 4, 150), (150, 4, 4, 150), (150, 4, 4, 150), (150, 4, 4, 150), (150, 4, 4, 150), (150, 4, 4, 150), (150, 4, 4, 150), (150, 4, 4, 16), (16, 4, 4, 1)]
- [(1, 4, 4, 16), (16, 4, 4, 150), (150, 4, 4, 150), (150, 4, 4, 150), (150, 4, 4, 150), (150, 4, 4, 150), (150, 4, 4, 150), (150, 4, 4, 150), (150, 4, 4, 150), (150, 4, 4, 16), (16, 4, 4, 1)]
- [(1, 4, 4, 16), (16, 4, 4, 150), (150, 4, 4, 150), (150, 4, 4, 150), (150, 4, 4, 150), (150, 4, 4, 150), (150, 4, 4, 150), (150, 4, 4, 150), (150, 4, 4, 150), (150, 4, 4, 16), (16, 4, 4, 1)]
- [(1, 4, 4, 16), (16, 4, 4, 150), (150, 4, 4, 150), (150, 4, 4, 150), (150, 4, 4, 150), (150, 4, 4, 150), (150, 4, 4, 150), (150, 4, 4, 150), (150, 4, 4, 150), (150, 4, 4, 16), (16, 4, 4, 1)]
- [(1, 4, 4, 16), (16, 4, 4, 150), (150, 4, 4, 150), (150, 4, 4, 150), (150, 4, 4, 150), (150, 4, 4, 150), (150, 4, 4, 150), (150, 4, 4, 150), (150, 4, 4, 150), (150, 4, 4, 16), (16, 4, 4, 1)]
- [(1, 4, 4, 16), (16, 4, 4, 150), (150, 4, 4, 150), (150, 4, 4, 150), (150, 4, 4, 150), (150, 4, 4, 150), (150, 4, 4, 150), (150, 4, 4, 150), (150, 4, 4, 150), (150, 4, 4, 16), (16, 4, 4, 1)]
- [(1, 4, 4, 16), (16, 4, 4, 150), (150, 4, 4, 32), (32, 4, 4, 150), (150, 4, 4, 33), (33, 4, 4, 150), (150, 4, 4, 34), (34, 4, 4, 150), (150, 4, 4, 32), (32, 4, 4, 16), (16, 4, 4, 1)]
- [(1, 4, 4, 16), (16, 4, 4, 32), (32, 4, 4, 32), (32, 4, 4, 32), (32, 4, 4, 32), (32, 4, 4, 32), (32, 4, 4, 32), (32, 4, 4, 32), (32, 4, 4, 32), (32, 4, 4, 16), (16, 4, 4, 1)]
Lh truncation errors:
- [0.00000000e+00 6.32488085e-08 1.50662619e-29 1.67715123e-03
 1.65577319e-29 3.13364029e-04 1.62701313e-29 1.50812180e-03
 1.20553168e-30 0.00000000e+00]
- [0.00000000e+00 3.28796248e-08 1.53263209e-29 1.06072565e-03
 1.60446986e-29 3.02498619e-04 1.60405219e-29 1.84324614e-03
 1.18062199e-30 0.00000000e+00]
- [0.00000000e+00 1.89141988e-08 1.50991356e-29 6.96381012e-04
 1.77232655e-29 1.68897988e-04 1.73750560e-29 1.20263354e-03
 1.19172140e-30 0.00000000e+00]
- [0.00000000e+00 1.45654753e-08 1.58889423e-29 4.79407606e-04
 1.69175933e-29 1.02037585e-04 1.67224385e-29 8.89571985e-04
 1.20293142e-30 0.00000000e+00]
- [0.00000000e+00 1.06967007e-08 1.60195184e-29 3.34690245e-04
 1.70994042e-29 6.78487188e-05 1.69977338e-29 6.77835471e-04
 1.19641550e-30 0.00000000e+00]
- [0.00000000e+00 6.86966126e-09 1.72032089e-29 2.50472176e-04
 1.72272938e-29 5.14918141e-05 1.66912057e-29 6.15462950e-04
 1.20290876e-30 0.00000000e+00]
- [0.00000000e+00 5.64967069e-09 1.70957611e-29 1.73520305e-04
 1.69459542e-29 3.43418289e-05 1.68684451e-29 3.60506784e-04
 1.21015495e-30 0.00000000e+00]
- [0.00000000e+00 1.33879425e-09 1.72590131e-29 7.09245351e-05
 1.69298333e-29 1.22081528e-05 1.67147626e-29 2.04442913e-04
 1.25433269e-30 0.00000000e+00]
- [0.00000000e+00 2.88973671e-10 1.90307397e-29 4.79991996e-06
 1.82039332e-29 1.19256659e-06 1.76019196e-29 2.30734311e-05
 2.36097237e-30 0.00000000e+00]
- [0.00000000e+00 2.19116354e-30 4.06130768e-30 7.94087823e-30
 3.96816442e-30 4.54929272e-30 3.97862110e-30 4.95989676e-30
 2.46287653e-30 0.00000000e+00]
-> EL = sum_n <Lh_n|CC*> = 0.050599952860730546.
Orthogonality column 11:
-> EC = <ALhAL*|CC*|ARhAR*> = 7.37019636317229e-13.
=> E = 0.05059995286146757.
=> deltaE_bc = 0.050599952858708386.
chi_max_b = 150, combine_hs = True.
Lh leg dimensions:
- [(1, 2, 2, 4), (4, 2, 2, 3), (3, 2, 2, 8), (8, 2, 2, 3), (3, 2, 2, 9), (9, 4, 4, 3), (3, 2, 2, 8), (8, 2, 2, 3), (3, 2, 2, 8), (8, 2, 2, 3), (3, 2, 2, 1)]
- [(1, 4, 4, 8), (8, 2, 2, 29), (29, 4, 4, 8), (8, 2, 2, 29), (29, 4, 4, 13), (13, 4, 4, 80), (80, 4, 4, 8), (8, 4, 4, 29), (29, 2, 2, 8), (8, 4, 4, 4), (4, 2, 2, 1)]
- [(1, 4, 4, 16), (16, 4, 4, 32), (32, 4, 4, 150), (150, 4, 4, 32), (32, 4, 4, 150), (150, 4, 4, 80), (80, 4, 4, 150), (150, 4, 4, 32), (32, 4, 4, 80), (80, 4, 4, 9), (9, 4, 4, 1)]
- [(1, 4, 4, 16), (16, 4, 4, 150), (150, 4, 4, 150), (150, 4, 4, 150), (150, 4, 4, 150), (150, 4, 4, 150), (150, 4, 4, 150), (150, 4, 4, 150), (150, 4, 4, 96), (96, 4, 4, 16), (16, 4, 4, 1)]
- [(1, 4, 4, 16), (16, 4, 4, 150), (150, 4, 4, 150), (150, 4, 4, 150), (150, 4, 4, 150), (150, 4, 4, 150), (150, 4, 4, 150), (150, 4, 4, 150), (150, 4, 4, 150), (150, 4, 4, 16), (16, 4, 4, 1)]
- [(1, 4, 4, 16), (16, 4, 4, 150), (150, 4, 4, 150), (150, 4, 4, 150), (150, 4, 4, 150), (150, 4, 4, 150), (150, 4, 4, 150), (150, 4, 4, 150), (150, 4, 4, 150), (150, 4, 4, 16), (16, 4, 4, 1)]
- [(1, 4, 4, 16), (16, 4, 4, 150), (150, 4, 4, 150), (150, 4, 4, 150), (150, 4, 4, 150), (150, 4, 4, 150), (150, 4, 4, 150), (150, 4, 4, 150), (150, 4, 4, 150), (150, 4, 4, 16), (16, 4, 4, 1)]
- [(1, 4, 4, 16), (16, 4, 4, 150), (150, 4, 4, 150), (150, 4, 4, 150), (150, 4, 4, 150), (150, 4, 4, 150), (150, 4, 4, 150), (150, 4, 4, 150), (150, 4, 4, 150), (150, 4, 4, 16), (16, 4, 4, 1)]
- [(1, 4, 4, 16), (16, 4, 4, 150), (150, 4, 4, 150), (150, 4, 4, 150), (150, 4, 4, 150), (150, 4, 4, 150), (150, 4, 4, 150), (150, 4, 4, 150), (150, 4, 4, 150), (150, 4, 4, 16), (16, 4, 4, 1)]
- [(1, 4, 4, 16), (16, 4, 4, 150), (150, 4, 4, 150), (150, 4, 4, 150), (150, 4, 4, 150), (150, 4, 4, 150), (150, 4, 4, 150), (150, 4, 4, 150), (150, 4, 4, 150), (150, 4, 4, 16), (16, 4, 4, 1)]
Lh truncation errors:
- [0.00000000e+00 2.43624916e-33 4.77519464e-35 2.88642920e-31
 1.33193566e-31 1.54171107e-31 1.14756919e-35 1.54335118e-31
 7.83570028e-36 1.58238558e-36]
- [1.25194275e-33 2.02405023e-31 1.06735540e-30 6.00833157e-32
 3.34862792e-30 6.61257954e-31 4.54994400e-30 2.16537373e-31
 5.51929902e-31 0.00000000e+00]
- [0.00000000e+00 2.59810824e-30 8.93667118e-16 1.83288225e-29
 4.02871751e-17 1.79865877e-29 7.58587441e-17 1.01390262e-29
 4.48556365e-31 1.59379999e-31]
- [0.00000000e+00 3.19014939e-08 1.68735544e-18 4.07604288e-08
 1.78907321e-20 1.59401447e-06 6.71674976e-20 6.13956062e-07
 1.77616073e-30 0.00000000e+00]
- [0.00000000e+00 1.05178101e-10 3.12447804e-06 1.00801859e-10
 1.29142993e-06 2.20254140e-09 1.45981677e-06 2.78682207e-10
 3.13655238e-10 0.00000000e+00]
- [0.00000000e+00 3.19224413e-07 3.42756861e-09 3.28911810e-06
 1.90309838e-09 1.92875798e-06 1.65367775e-09 5.09110085e-06
 9.01194977e-14 0.00000000e+00]
- [0.00000000e+00 5.55563036e-10 1.58347012e-05 4.42138216e-09
 2.49408267e-06 3.00731602e-09 5.35437012e-06 7.11211149e-09
 2.64949894e-08 0.00000000e+00]
- [0.00000000e+00 9.09836790e-07 3.10809416e-08 7.59224795e-06
 4.32443670e-09 2.36681293e-06 7.35966434e-09 2.40433524e-05
 7.54666717e-12 0.00000000e+00]
- [0.00000000e+00 9.56187719e-09 4.43781420e-05 1.30120075e-08
 3.15545937e-06 3.82401543e-09 6.37579478e-06 3.12226159e-08
 1.09724791e-07 0.00000000e+00]
- [0.00000000e+00 1.35289906e-06 1.26576763e-07 1.39331393e-05
 5.52203968e-09 2.73196552e-06 1.20408315e-08 2.96860468e-05
 3.16470618e-10 0.00000000e+00]
-> EL = <Lh|CC*> = 0.01995356721895903.
Orthogonality column 11:
-> EC = <ALhAL*|CC*|ARhAR*> = 7.37019636317229e-13.
=> E = 0.019953567219696048.
=> deltaE_bcc = 0.01995356721693687. 

chi_max_b = 216, combine_hs = False.
Lh leg dimensions:
- [(1, 4, 4, 16), (16, 4, 4, 216), (216, 4, 4, 216), (216, 4, 4, 216), (216, 4, 4, 216), (216, 4, 4, 216), (216, 4, 4, 216), (216, 4, 4, 216), (216, 4, 4, 216), (216, 4, 4, 16), (16, 4, 4, 1)]
- [(1, 4, 4, 16), (16, 4, 4, 216), (216, 4, 4, 216), (216, 4, 4, 216), (216, 4, 4, 216), (216, 4, 4, 216), (216, 4, 4, 216), (216, 4, 4, 216), (216, 4, 4, 216), (216, 4, 4, 16), (16, 4, 4, 1)]
- [(1, 4, 4, 16), (16, 4, 4, 216), (216, 4, 4, 216), (216, 4, 4, 216), (216, 4, 4, 216), (216, 4, 4, 216), (216, 4, 4, 216), (216, 4, 4, 216), (216, 4, 4, 216), (216, 4, 4, 16), (16, 4, 4, 1)]
- [(1, 4, 4, 16), (16, 4, 4, 216), (216, 4, 4, 216), (216, 4, 4, 216), (216, 4, 4, 216), (216, 4, 4, 216), (216, 4, 4, 216), (216, 4, 4, 216), (216, 4, 4, 216), (216, 4, 4, 16), (16, 4, 4, 1)]
- [(1, 4, 4, 16), (16, 4, 4, 216), (216, 4, 4, 216), (216, 4, 4, 216), (216, 4, 4, 216), (216, 4, 4, 216), (216, 4, 4, 216), (216, 4, 4, 216), (216, 4, 4, 216), (216, 4, 4, 16), (16, 4, 4, 1)]
- [(1, 4, 4, 16), (16, 4, 4, 216), (216, 4, 4, 216), (216, 4, 4, 216), (216, 4, 4, 216), (216, 4, 4, 216), (216, 4, 4, 216), (216, 4, 4, 216), (216, 4, 4, 216), (216, 4, 4, 16), (16, 4, 4, 1)]
- [(1, 4, 4, 16), (16, 4, 4, 216), (216, 4, 4, 216), (216, 4, 4, 216), (216, 4, 4, 216), (216, 4, 4, 216), (216, 4, 4, 216), (216, 4, 4, 216), (216, 4, 4, 216), (216, 4, 4, 16), (16, 4, 4, 1)]
- [(1, 4, 4, 16), (16, 4, 4, 216), (216, 4, 4, 216), (216, 4, 4, 216), (216, 4, 4, 216), (216, 4, 4, 216), (216, 4, 4, 216), (216, 4, 4, 216), (216, 4, 4, 216), (216, 4, 4, 16), (16, 4, 4, 1)]
- [(1, 4, 4, 16), (16, 4, 4, 216), (216, 4, 4, 33), (33, 4, 4, 216), (216, 4, 4, 33), (33, 4, 4, 216), (216, 4, 4, 33), (33, 4, 4, 216), (216, 4, 4, 32), (32, 4, 4, 16), (16, 4, 4, 1)]
- [(1, 4, 4, 16), (16, 4, 4, 32), (32, 4, 4, 32), (32, 4, 4, 32), (32, 4, 4, 32), (32, 4, 4, 32), (32, 4, 4, 32), (32, 4, 4, 32), (32, 4, 4, 32), (32, 4, 4, 16), (16, 4, 4, 1)]
Lh truncation errors:
- [0.00000000e+00 1.48529555e-12 2.06629331e-29 9.80874292e-04
 2.36780440e-29 2.12376759e-04 2.35117856e-29 8.29275249e-04
 5.74905345e-31 0.00000000e+00]
- [0.00000000e+00 6.93289564e-13 2.09371463e-29 5.71675191e-04
 2.39066607e-29 1.89831056e-04 2.26833040e-29 9.49832162e-04
 3.99631299e-31 0.00000000e+00]
- [0.00000000e+00 3.96134510e-13 2.16321558e-29 3.50888045e-04
 2.33464398e-29 1.00854090e-04 2.29014591e-29 5.82301022e-04
 5.61154033e-31 0.00000000e+00]
- [0.00000000e+00 2.93106284e-13 2.22051532e-29 2.32898064e-04
 2.36760123e-29 6.35106422e-05 2.41954914e-29 4.10344351e-04
 5.66420451e-31 0.00000000e+00]
- [0.00000000e+00 1.83167721e-13 2.30478208e-29 1.75296057e-04
 2.38801429e-29 4.27384605e-05 2.35868997e-29 3.19330183e-04
 3.90092632e-31 0.00000000e+00]
- [0.00000000e+00 1.39721402e-13 2.33795083e-29 1.12212595e-04
 2.62704999e-29 2.83385067e-05 2.38192889e-29 2.52908203e-04
 5.66456889e-31 0.00000000e+00]
- [0.00000000e+00 1.01314659e-13 2.31339932e-29 6.90016406e-05
 2.36822447e-29 1.58272084e-05 2.51761968e-29 1.14331488e-04
 5.70287576e-31 0.00000000e+00]
- [0.00000000e+00 2.98420046e-14 2.43317150e-29 1.95589129e-05
 2.43221808e-29 3.22683558e-06 2.38232112e-29 5.70077116e-05
 3.87026219e-31 0.00000000e+00]
- [0.00000000e+00 2.16688005e-15 2.60345668e-29 1.58996422e-07
 2.61428150e-29 3.48629666e-08 2.60700693e-29 1.14438476e-06
 2.80827319e-30 0.00000000e+00]
- [0.00000000e+00 2.18972037e-30 4.33829602e-30 8.14715276e-30
 3.89528854e-30 4.57474682e-30 4.39810280e-30 4.97528392e-30
 2.37470766e-30 0.00000000e+00]
-> EL = sum_n <Lh_n|CC*> = 0.03742558538085004.
Orthogonality column 11:
-> EC = <ALhAL*|CC*|ARhAR*> = 7.37019636317229e-13.
=> E = 0.037425585381587065.
=> deltaE_bc = 0.03742558537882788.
chi_max_b = 216, combine_hs = True.
Lh leg dimensions:
- [(1, 2, 2, 4), (4, 2, 2, 3), (3, 2, 2, 8), (8, 2, 2, 3), (3, 2, 2, 9), (9, 4, 4, 3), (3, 2, 2, 8), (8, 2, 2, 3), (3, 2, 2, 8), (8, 2, 2, 3), (3, 2, 2, 1)]
- [(1, 4, 4, 8), (8, 2, 2, 29), (29, 4, 4, 8), (8, 2, 2, 29), (29, 4, 4, 13), (13, 4, 4, 80), (80, 4, 4, 8), (8, 4, 4, 29), (29, 2, 2, 8), (8, 4, 4, 4), (4, 2, 2, 1)]
- [(1, 4, 4, 16), (16, 4, 4, 32), (32, 4, 4, 216), (216, 4, 4, 32), (32, 4, 4, 216), (216, 4, 4, 80), (80, 4, 4, 216), (216, 4, 4, 32), (32, 4, 4, 80), (80, 4, 4, 9), (9, 4, 4, 1)]
- [(1, 4, 4, 16), (16, 4, 4, 216), (216, 4, 4, 216), (216, 4, 4, 216), (216, 4, 4, 216), (216, 4, 4, 216), (216, 4, 4, 216), (216, 4, 4, 216), (216, 4, 4, 95), (95, 4, 4, 16), (16, 4, 4, 1)]
- [(1, 4, 4, 16), (16, 4, 4, 216), (216, 4, 4, 216), (216, 4, 4, 216), (216, 4, 4, 216), (216, 4, 4, 216), (216, 4, 4, 216), (216, 4, 4, 216), (216, 4, 4, 216), (216, 4, 4, 16), (16, 4, 4, 1)]
- [(1, 4, 4, 16), (16, 4, 4, 216), (216, 4, 4, 216), (216, 4, 4, 216), (216, 4, 4, 216), (216, 4, 4, 216), (216, 4, 4, 216), (216, 4, 4, 216), (216, 4, 4, 216), (216, 4, 4, 16), (16, 4, 4, 1)]
- [(1, 4, 4, 16), (16, 4, 4, 216), (216, 4, 4, 216), (216, 4, 4, 216), (216, 4, 4, 216), (216, 4, 4, 216), (216, 4, 4, 216), (216, 4, 4, 216), (216, 4, 4, 216), (216, 4, 4, 16), (16, 4, 4, 1)]
- [(1, 4, 4, 16), (16, 4, 4, 216), (216, 4, 4, 216), (216, 4, 4, 216), (216, 4, 4, 216), (216, 4, 4, 216), (216, 4, 4, 216), (216, 4, 4, 216), (216, 4, 4, 216), (216, 4, 4, 16), (16, 4, 4, 1)]
- [(1, 4, 4, 16), (16, 4, 4, 216), (216, 4, 4, 216), (216, 4, 4, 216), (216, 4, 4, 216), (216, 4, 4, 216), (216, 4, 4, 216), (216, 4, 4, 216), (216, 4, 4, 216), (216, 4, 4, 16), (16, 4, 4, 1)]
- [(1, 4, 4, 16), (16, 4, 4, 216), (216, 4, 4, 216), (216, 4, 4, 216), (216, 4, 4, 216), (216, 4, 4, 216), (216, 4, 4, 216), (216, 4, 4, 216), (216, 4, 4, 216), (216, 4, 4, 16), (16, 4, 4, 1)]
Lh truncation errors:
- [0.00000000e+00 6.36475029e-33 4.16622969e-36 2.88642920e-31
 1.32520355e-31 1.60738402e-31 2.78103972e-35 1.55411537e-31
 9.31472185e-36 1.66237093e-35]
- [3.35928018e-33 2.02410415e-31 1.06851312e-30 6.01632859e-32
 3.37954570e-30 6.61257954e-31 4.55874914e-30 2.16537373e-31
 5.64289058e-31 0.00000000e+00]
- [0.00000000e+00 2.55797017e-30 1.05929546e-23 2.57265638e-29
 5.05829428e-21 2.56751802e-29 1.86173153e-20 9.35868159e-30
 4.48555597e-31 1.56336246e-31]
- [0.00000000e+00 3.32806742e-15 7.92467881e-26 3.12817702e-09
 6.55316342e-24 7.44943266e-08 2.24506859e-23 6.51216601e-08
 2.09109450e-30 0.00000000e+00]
- [0.00000000e+00 4.38640300e-19 5.91971588e-07 5.42395553e-12
 1.88506348e-07 1.16605099e-10 2.32392613e-07 1.17501729e-11
 1.91028629e-14 0.00000000e+00]
- [0.00000000e+00 8.27936529e-14 5.16679384e-10 8.95664133e-07
 1.53081380e-10 6.06089699e-07 2.05837448e-10 1.44062876e-06
 7.39197759e-18 0.00000000e+00]
- [0.00000000e+00 2.81491922e-17 5.11131383e-06 1.03284797e-09
 9.38679875e-07 7.98832087e-10 1.86170771e-06 8.17060920e-10
 1.35258964e-12 0.00000000e+00]
- [0.00000000e+00 2.78106341e-12 7.39332652e-09 2.75628523e-06
 9.05174427e-10 9.57640169e-07 1.63558517e-09 8.73396630e-06
 2.50071071e-16 0.00000000e+00]
- [0.00000000e+00 1.13619423e-15 1.94629897e-05 3.39055552e-09
 1.43931434e-06 8.89248550e-10 2.36839322e-06 8.49206420e-09
 5.87084098e-13 0.00000000e+00]
- [0.00000000e+00 1.17599787e-13 4.46054144e-08 6.15544228e-06
 1.84188715e-09 1.46655711e-06 3.76484828e-09 1.14804267e-05
 1.81944874e-16 0.00000000e+00]
-> EL = <Lh|CC*> = 0.02058765467807147.
Orthogonality column 11:
-> EC = <ALhAL*|CC*|ARhAR*> = 7.37019636317229e-13.
=> E = 0.02058765467880849.
=> deltaE_bcc = 0.02058765467604931. 

for chi_max_bs = [24, 54, 96, 150, 216]:
- without combining hs: 
deltaEs = [-0.64074369  0.17219789  0.04765291  0.05059995  0.03742559], 
maximal truncation errors = [0.03062229 0.01196649 0.00360462 0.00184325 0.00098087]. 
- with combining hs: 
deltaEs = [-0.19994136  0.30000086  0.09831838  0.01995357  0.02058765], 
maximal truncation errors = [3.83689881e-04 1.84223248e-04 9.40340520e-05 4.43781420e-05
 1.94629897e-05].
